[2026-06-04T06:55:04.895+0000] {local_task_job_runner.py:120} INFO - ::group::Pre task execution logs
[2026-06-04T06:55:05.057+0000] {taskinstance.py:2076} INFO - Dependencies all met for dep_context=non-requeueable deps ti=<TaskInstance: postgres_to_local_pipeline.run_pipeline_2 scheduled__2026-06-04T06:50:00+00:00 [queued]>
[2026-06-04T06:55:05.103+0000] {taskinstance.py:2076} INFO - Dependencies all met for dep_context=requeueable deps ti=<TaskInstance: postgres_to_local_pipeline.run_pipeline_2 scheduled__2026-06-04T06:50:00+00:00 [queued]>
[2026-06-04T06:55:05.107+0000] {taskinstance.py:2306} INFO - Starting attempt 1 of 2
[2026-06-04T06:55:05.184+0000] {taskinstance.py:2330} INFO - Executing <Task(BashOperator): run_pipeline_2> on 2026-06-04 06:50:00+00:00
[2026-06-04T06:55:05.259+0000] {standard_task_runner.py:90} INFO - Running: ['***', 'tasks', 'run', 'postgres_to_local_pipeline', 'run_pipeline_2', 'scheduled__2026-06-04T06:50:00+00:00', '--job-id', '266', '--raw', '--subdir', 'DAGS_FOLDER/dynamic_pipeline_generator.py', '--cfg-path', '/tmp/tmpy2pgt1c3']
[2026-06-04T06:55:05.279+0000] {standard_task_runner.py:91} INFO - Job 266: Subtask run_pipeline_2
[2026-06-04T06:55:05.340+0000] {logging_mixin.py:188} WARNING - /home/***/.local/lib/python3.12/site-packages/***/task/task_runner/standard_task_runner.py:61 DeprecationWarning: This process (pid=4605) is multi-threaded, use of fork() may lead to deadlocks in the child.
[2026-06-04T06:55:05.347+0000] {standard_task_runner.py:63} INFO - Started process 4613 to run task
[2026-06-04T06:55:05.491+0000] {task_command.py:426} INFO - Running <TaskInstance: postgres_to_local_pipeline.run_pipeline_2 scheduled__2026-06-04T06:50:00+00:00 [running]> on host b044b6a9b6bd
[2026-06-04T06:55:05.877+0000] {taskinstance.py:2648} INFO - Exporting env vars: AIRFLOW_CTX_DAG_OWNER='subashri' AIRFLOW_CTX_DAG_ID='postgres_to_local_pipeline' AIRFLOW_CTX_TASK_ID='run_pipeline_2' AIRFLOW_CTX_EXECUTION_DATE='2026-06-04T06:50:00+00:00' AIRFLOW_CTX_TRY_NUMBER='1' AIRFLOW_CTX_DAG_RUN_ID='scheduled__2026-06-04T06:50:00+00:00'
[2026-06-04T06:55:05.880+0000] {taskinstance.py:430} INFO - ::endgroup::
[2026-06-04T06:55:06.112+0000] {subprocess.py:63} INFO - Tmp dir root location: /tmp
[2026-06-04T06:55:06.121+0000] {subprocess.py:75} INFO - Running command: ['/usr/bin/bash', '-c', 'cd /opt/***/src && python main.py 2']
[2026-06-04T06:55:06.369+0000] {subprocess.py:86} INFO - Output:
[2026-06-04T06:55:23.138+0000] {subprocess.py:93} INFO - 
[2026-06-04T06:55:23.140+0000] {subprocess.py:93} INFO - ===================================
[2026-06-04T06:55:23.142+0000] {subprocess.py:93} INFO - DATABASE CONNECTION CONFIG
[2026-06-04T06:55:23.146+0000] {subprocess.py:93} INFO - ===================================
[2026-06-04T06:55:23.150+0000] {subprocess.py:93} INFO - DB TYPE   : postgres
[2026-06-04T06:55:23.156+0000] {subprocess.py:93} INFO - HOST      : 3.107.8.33
[2026-06-04T06:55:23.159+0000] {subprocess.py:93} INFO - PORT      : 5432
[2026-06-04T06:55:23.162+0000] {subprocess.py:93} INFO - DATABASE  : metadata_db
[2026-06-04T06:55:23.165+0000] {subprocess.py:93} INFO - USERNAME  : teamuser
[2026-06-04T06:55:23.167+0000] {subprocess.py:93} INFO - ===================================
[2026-06-04T06:55:23.170+0000] {subprocess.py:93} INFO - 
[2026-06-04T06:55:23.171+0000] {subprocess.py:93} INFO - Connected to POSTGRES successfully.
[2026-06-04T06:55:23.173+0000] {subprocess.py:93} INFO - 
[2026-06-04T06:55:23.175+0000] {subprocess.py:93} INFO - Running pipeline: postgres_to_local_pipeline (db_to_storage)
[2026-06-04T06:55:23.177+0000] {subprocess.py:93} INFO - 
[2026-06-04T06:55:23.179+0000] {subprocess.py:93} INFO - ===================================
[2026-06-04T06:55:23.182+0000] {subprocess.py:93} INFO - DATABASE CONNECTION CONFIG
[2026-06-04T06:55:23.185+0000] {subprocess.py:93} INFO - ===================================
[2026-06-04T06:55:23.190+0000] {subprocess.py:93} INFO - DB TYPE   : postgres
[2026-06-04T06:55:23.192+0000] {subprocess.py:93} INFO - HOST      : 3.107.8.33
[2026-06-04T06:55:23.193+0000] {subprocess.py:93} INFO - PORT      : 5432
[2026-06-04T06:55:23.195+0000] {subprocess.py:93} INFO - DATABASE  : udifdb
[2026-06-04T06:55:23.196+0000] {subprocess.py:93} INFO - USERNAME  : teamuser
[2026-06-04T06:55:23.197+0000] {subprocess.py:93} INFO - ===================================
[2026-06-04T06:55:23.199+0000] {subprocess.py:93} INFO - 
[2026-06-04T06:55:23.202+0000] {subprocess.py:93} INFO - Connected to POSTGRES successfully.
[2026-06-04T06:55:23.203+0000] {subprocess.py:93} INFO - Completed: 4653 rows processed
[2026-06-04T06:55:23.540+0000] {subprocess.py:97} INFO - Command exited with return code 0
[2026-06-04T06:55:23.543+0000] {taskinstance.py:441} INFO - ::group::Post task execution logs
[2026-06-04T06:55:23.608+0000] {taskinstance.py:1206} INFO - Marking task as SUCCESS. dag_id=postgres_to_local_pipeline, task_id=run_pipeline_2, run_id=scheduled__2026-06-04T06:50:00+00:00, execution_date=20260604T065000, start_date=20260604T065505, end_date=20260604T065523
[2026-06-04T06:55:23.655+0000] {local_task_job_runner.py:240} INFO - Task exited with return code 0
[2026-06-04T06:55:23.696+0000] {taskinstance.py:3498} INFO - 0 downstream tasks scheduled from follow-on schedule check
[2026-06-04T06:55:23.701+0000] {local_task_job_runner.py:222} INFO - ::endgroup::
