[2026-05-28T15:44:45.134+0000] {local_task_job_runner.py:120} INFO - ::group::Pre task execution logs
[2026-05-28T15:44:45.176+0000] {taskinstance.py:2076} INFO - Dependencies all met for dep_context=non-requeueable deps ti=<TaskInstance: dynamic_metadata_pipeline.run_pipeline_3 manual__2026-05-28T15:44:44.214657+00:00 [queued]>
[2026-05-28T15:44:45.185+0000] {taskinstance.py:2076} INFO - Dependencies all met for dep_context=requeueable deps ti=<TaskInstance: dynamic_metadata_pipeline.run_pipeline_3 manual__2026-05-28T15:44:44.214657+00:00 [queued]>
[2026-05-28T15:44:45.186+0000] {taskinstance.py:2306} INFO - Starting attempt 1 of 2
[2026-05-28T15:44:45.202+0000] {taskinstance.py:2330} INFO - Executing <Task(BashOperator): run_pipeline_3> on 2026-05-28 15:44:44.214657+00:00
[2026-05-28T15:44:45.211+0000] {standard_task_runner.py:90} INFO - Running: ['***', 'tasks', 'run', 'dynamic_metadata_pipeline', 'run_pipeline_3', 'manual__2026-05-28T15:44:44.214657+00:00', '--job-id', '46', '--raw', '--subdir', 'DAGS_FOLDER/dynamic_pipeline_dag.py', '--cfg-path', '/tmp/tmpz4arn9e3']
[2026-05-28T15:44:45.215+0000] {standard_task_runner.py:91} INFO - Job 46: Subtask run_pipeline_3
[2026-05-28T15:44:45.216+0000] {logging_mixin.py:188} WARNING - /home/***/.local/lib/python3.12/site-packages/***/task/task_runner/standard_task_runner.py:61 DeprecationWarning: This process (pid=698) is multi-threaded, use of fork() may lead to deadlocks in the child.
[2026-05-28T15:44:45.217+0000] {standard_task_runner.py:63} INFO - Started process 699 to run task
[2026-05-28T15:44:45.278+0000] {task_command.py:426} INFO - Running <TaskInstance: dynamic_metadata_pipeline.run_pipeline_3 manual__2026-05-28T15:44:44.214657+00:00 [running]> on host 6c7adbbe76d2
[2026-05-28T15:44:45.390+0000] {taskinstance.py:2648} INFO - Exporting env vars: AIRFLOW_CTX_DAG_OWNER='subashri' AIRFLOW_CTX_DAG_ID='dynamic_metadata_pipeline' AIRFLOW_CTX_TASK_ID='run_pipeline_3' AIRFLOW_CTX_EXECUTION_DATE='2026-05-28T15:44:44.214657+00:00' AIRFLOW_CTX_TRY_NUMBER='1' AIRFLOW_CTX_DAG_RUN_ID='manual__2026-05-28T15:44:44.214657+00:00'
[2026-05-28T15:44:45.391+0000] {taskinstance.py:430} INFO - ::endgroup::
[2026-05-28T15:44:45.415+0000] {subprocess.py:63} INFO - Tmp dir root location: /tmp
[2026-05-28T15:44:45.417+0000] {subprocess.py:75} INFO - Running command: ['/usr/bin/bash', '-c', 'cd /opt/***/src && python main.py 3']
[2026-05-28T15:44:45.430+0000] {subprocess.py:86} INFO - Output:
[2026-05-28T15:44:51.218+0000] {subprocess.py:93} INFO - Using CPU. Note: This module is much faster with a GPU.
[2026-05-28T15:45:11.650+0000] {subprocess.py:93} INFO - 
[2026-05-28T15:45:11.652+0000] {subprocess.py:93} INFO - ===================================
[2026-05-28T15:45:11.653+0000] {subprocess.py:93} INFO - DATABASE CONNECTION CONFIG
[2026-05-28T15:45:11.654+0000] {subprocess.py:93} INFO - ===================================
[2026-05-28T15:45:11.655+0000] {subprocess.py:93} INFO - DB TYPE   : postgres
[2026-05-28T15:45:11.656+0000] {subprocess.py:93} INFO - HOST      : 15.135.192.199
[2026-05-28T15:45:11.657+0000] {subprocess.py:93} INFO - PORT      : 5432
[2026-05-28T15:45:11.658+0000] {subprocess.py:93} INFO - DATABASE  : metadata_db
[2026-05-28T15:45:11.659+0000] {subprocess.py:93} INFO - USERNAME  : teamuser
[2026-05-28T15:45:11.659+0000] {subprocess.py:93} INFO - ===================================
[2026-05-28T15:45:11.661+0000] {subprocess.py:93} INFO - 
[2026-05-28T15:45:11.661+0000] {subprocess.py:93} INFO - Connected to POSTGRES successfully.
[2026-05-28T15:45:11.662+0000] {subprocess.py:93} INFO - 
[2026-05-28T15:45:11.663+0000] {subprocess.py:93} INFO - Running pipeline: postgres_to_postgres_pipeline (db_to_db)
[2026-05-28T15:45:11.664+0000] {subprocess.py:93} INFO - 
[2026-05-28T15:45:11.665+0000] {subprocess.py:93} INFO - ===================================
[2026-05-28T15:45:11.665+0000] {subprocess.py:93} INFO - DATABASE CONNECTION CONFIG
[2026-05-28T15:45:11.666+0000] {subprocess.py:93} INFO - ===================================
[2026-05-28T15:45:11.667+0000] {subprocess.py:93} INFO - DB TYPE   : postgres
[2026-05-28T15:45:11.667+0000] {subprocess.py:93} INFO - HOST      : 15.135.192.199
[2026-05-28T15:45:11.668+0000] {subprocess.py:93} INFO - PORT      : 5432
[2026-05-28T15:45:11.669+0000] {subprocess.py:93} INFO - DATABASE  : udifdb
[2026-05-28T15:45:11.669+0000] {subprocess.py:93} INFO - USERNAME  : teamuser
[2026-05-28T15:45:11.670+0000] {subprocess.py:93} INFO - ===================================
[2026-05-28T15:45:11.671+0000] {subprocess.py:93} INFO - 
[2026-05-28T15:45:11.671+0000] {subprocess.py:93} INFO - Connected to POSTGRES successfully.
[2026-05-28T15:45:11.672+0000] {subprocess.py:93} INFO - Completed: 4653 rows processed
[2026-05-28T15:45:12.496+0000] {subprocess.py:97} INFO - Command exited with return code 0
[2026-05-28T15:45:12.498+0000] {taskinstance.py:441} INFO - ::group::Post task execution logs
[2026-05-28T15:45:12.540+0000] {taskinstance.py:1206} INFO - Marking task as SUCCESS. dag_id=dynamic_metadata_pipeline, task_id=run_pipeline_3, run_id=manual__2026-05-28T15:44:44.214657+00:00, execution_date=20260528T154444, start_date=20260528T154445, end_date=20260528T154512
[2026-05-28T15:45:12.593+0000] {local_task_job_runner.py:240} INFO - Task exited with return code 0
[2026-05-28T15:45:12.621+0000] {taskinstance.py:3498} INFO - 0 downstream tasks scheduled from follow-on schedule check
[2026-05-28T15:45:12.626+0000] {local_task_job_runner.py:222} INFO - ::endgroup::
