[2026-06-03T16:40:02.908+0000] {local_task_job_runner.py:120} INFO - ::group::Pre task execution logs
[2026-06-03T16:40:02.959+0000] {taskinstance.py:2076} INFO - Dependencies all met for dep_context=non-requeueable deps ti=<TaskInstance: postgres_to_postgres_pipeline.run_pipeline_3 scheduled__2026-06-03T16:35:00+00:00 [queued]>
[2026-06-03T16:40:02.974+0000] {taskinstance.py:2076} INFO - Dependencies all met for dep_context=requeueable deps ti=<TaskInstance: postgres_to_postgres_pipeline.run_pipeline_3 scheduled__2026-06-03T16:35:00+00:00 [queued]>
[2026-06-03T16:40:02.975+0000] {taskinstance.py:2306} INFO - Starting attempt 1 of 2
[2026-06-03T16:40:02.996+0000] {taskinstance.py:2330} INFO - Executing <Task(BashOperator): run_pipeline_3> on 2026-06-03 16:35:00+00:00
[2026-06-03T16:40:03.007+0000] {standard_task_runner.py:90} INFO - Running: ['***', 'tasks', 'run', 'postgres_to_postgres_pipeline', 'run_pipeline_3', 'scheduled__2026-06-03T16:35:00+00:00', '--job-id', '184', '--raw', '--subdir', 'DAGS_FOLDER/dynamic_pipeline_generator.py', '--cfg-path', '/tmp/tmp9n0neq0t']
[2026-06-03T16:40:03.012+0000] {standard_task_runner.py:91} INFO - Job 184: Subtask run_pipeline_3
[2026-06-03T16:40:03.013+0000] {logging_mixin.py:188} WARNING - /home/***/.local/lib/python3.12/site-packages/***/task/task_runner/standard_task_runner.py:61 DeprecationWarning: This process (pid=1217) is multi-threaded, use of fork() may lead to deadlocks in the child.
[2026-06-03T16:40:03.014+0000] {standard_task_runner.py:63} INFO - Started process 1222 to run task
[2026-06-03T16:40:03.080+0000] {task_command.py:426} INFO - Running <TaskInstance: postgres_to_postgres_pipeline.run_pipeline_3 scheduled__2026-06-03T16:35:00+00:00 [running]> on host 6efe7055fb80
[2026-06-03T16:40:03.196+0000] {taskinstance.py:2648} INFO - Exporting env vars: AIRFLOW_CTX_DAG_OWNER='subashri' AIRFLOW_CTX_DAG_ID='postgres_to_postgres_pipeline' AIRFLOW_CTX_TASK_ID='run_pipeline_3' AIRFLOW_CTX_EXECUTION_DATE='2026-06-03T16:35:00+00:00' AIRFLOW_CTX_TRY_NUMBER='1' AIRFLOW_CTX_DAG_RUN_ID='scheduled__2026-06-03T16:35:00+00:00'
[2026-06-03T16:40:03.197+0000] {taskinstance.py:430} INFO - ::endgroup::
[2026-06-03T16:40:03.224+0000] {subprocess.py:63} INFO - Tmp dir root location: /tmp
[2026-06-03T16:40:03.228+0000] {subprocess.py:75} INFO - Running command: ['/usr/bin/bash', '-c', 'cd /opt/***/src && python main.py 3']
[2026-06-03T16:40:03.240+0000] {subprocess.py:86} INFO - Output:
[2026-06-03T16:40:20.081+0000] {subprocess.py:93} INFO - 
[2026-06-03T16:40:20.083+0000] {subprocess.py:93} INFO - ===================================
[2026-06-03T16:40:20.083+0000] {subprocess.py:93} INFO - DATABASE CONNECTION CONFIG
[2026-06-03T16:40:20.084+0000] {subprocess.py:93} INFO - ===================================
[2026-06-03T16:40:20.085+0000] {subprocess.py:93} INFO - DB TYPE   : postgres
[2026-06-03T16:40:20.085+0000] {subprocess.py:93} INFO - HOST      : 3.107.8.33
[2026-06-03T16:40:20.085+0000] {subprocess.py:93} INFO - PORT      : 5432
[2026-06-03T16:40:20.086+0000] {subprocess.py:93} INFO - DATABASE  : metadata_db
[2026-06-03T16:40:20.086+0000] {subprocess.py:93} INFO - USERNAME  : teamuser
[2026-06-03T16:40:20.087+0000] {subprocess.py:93} INFO - ===================================
[2026-06-03T16:40:20.087+0000] {subprocess.py:93} INFO - 
[2026-06-03T16:40:20.088+0000] {subprocess.py:93} INFO - Connected to POSTGRES successfully.
[2026-06-03T16:40:20.088+0000] {subprocess.py:93} INFO - 
[2026-06-03T16:40:20.089+0000] {subprocess.py:93} INFO - Running pipeline: postgres_to_postgres_pipeline (db_to_db)
[2026-06-03T16:40:20.089+0000] {subprocess.py:93} INFO - 
[2026-06-03T16:40:20.090+0000] {subprocess.py:93} INFO - ===================================
[2026-06-03T16:40:20.090+0000] {subprocess.py:93} INFO - DATABASE CONNECTION CONFIG
[2026-06-03T16:40:20.091+0000] {subprocess.py:93} INFO - ===================================
[2026-06-03T16:40:20.091+0000] {subprocess.py:93} INFO - DB TYPE   : postgres
[2026-06-03T16:40:20.092+0000] {subprocess.py:93} INFO - HOST      : 3.107.8.33
[2026-06-03T16:40:20.092+0000] {subprocess.py:93} INFO - PORT      : 5432
[2026-06-03T16:40:20.093+0000] {subprocess.py:93} INFO - DATABASE  : udifdb
[2026-06-03T16:40:20.093+0000] {subprocess.py:93} INFO - USERNAME  : teamuser
[2026-06-03T16:40:20.094+0000] {subprocess.py:93} INFO - ===================================
[2026-06-03T16:40:20.094+0000] {subprocess.py:93} INFO - 
[2026-06-03T16:40:20.095+0000] {subprocess.py:93} INFO - Connected to POSTGRES successfully.
[2026-06-03T16:40:20.095+0000] {subprocess.py:93} INFO - Completed: 4653 rows processed
[2026-06-03T16:40:20.288+0000] {subprocess.py:97} INFO - Command exited with return code 0
[2026-06-03T16:40:20.290+0000] {taskinstance.py:441} INFO - ::group::Post task execution logs
[2026-06-03T16:40:20.334+0000] {taskinstance.py:1206} INFO - Marking task as SUCCESS. dag_id=postgres_to_postgres_pipeline, task_id=run_pipeline_3, run_id=scheduled__2026-06-03T16:35:00+00:00, execution_date=20260603T163500, start_date=20260603T164002, end_date=20260603T164020
[2026-06-03T16:40:20.384+0000] {local_task_job_runner.py:240} INFO - Task exited with return code 0
[2026-06-03T16:40:20.408+0000] {taskinstance.py:3498} INFO - 0 downstream tasks scheduled from follow-on schedule check
[2026-06-03T16:40:20.411+0000] {local_task_job_runner.py:222} INFO - ::endgroup::
