[2026-06-04T06:50:05.868+0000] {local_task_job_runner.py:120} INFO - ::group::Pre task execution logs
[2026-06-04T06:50:06.045+0000] {taskinstance.py:2076} INFO - Dependencies all met for dep_context=non-requeueable deps ti=<TaskInstance: local_to_postgres_pipeline.run_pipeline_4 scheduled__2026-06-04T06:45:00+00:00 [queued]>
[2026-06-04T06:50:06.088+0000] {taskinstance.py:2076} INFO - Dependencies all met for dep_context=requeueable deps ti=<TaskInstance: local_to_postgres_pipeline.run_pipeline_4 scheduled__2026-06-04T06:45:00+00:00 [queued]>
[2026-06-04T06:50:06.097+0000] {taskinstance.py:2306} INFO - Starting attempt 1 of 2
[2026-06-04T06:50:06.170+0000] {taskinstance.py:2330} INFO - Executing <Task(BashOperator): run_pipeline_4> on 2026-06-04 06:45:00+00:00
[2026-06-04T06:50:06.215+0000] {standard_task_runner.py:90} INFO - Running: ['***', 'tasks', 'run', 'local_to_postgres_pipeline', 'run_pipeline_4', 'scheduled__2026-06-04T06:45:00+00:00', '--job-id', '261', '--raw', '--subdir', 'DAGS_FOLDER/dynamic_pipeline_generator.py', '--cfg-path', '/tmp/tmpmb83ttye']
[2026-06-04T06:50:06.230+0000] {standard_task_runner.py:91} INFO - Job 261: Subtask run_pipeline_4
[2026-06-04T06:50:06.272+0000] {logging_mixin.py:188} WARNING - /home/***/.local/lib/python3.12/site-packages/***/task/task_runner/standard_task_runner.py:61 DeprecationWarning: This process (pid=4402) is multi-threaded, use of fork() may lead to deadlocks in the child.
[2026-06-04T06:50:06.280+0000] {standard_task_runner.py:63} INFO - Started process 4412 to run task
[2026-06-04T06:50:06.605+0000] {task_command.py:426} INFO - Running <TaskInstance: local_to_postgres_pipeline.run_pipeline_4 scheduled__2026-06-04T06:45:00+00:00 [running]> on host b044b6a9b6bd
[2026-06-04T06:50:07.224+0000] {taskinstance.py:2648} INFO - Exporting env vars: AIRFLOW_CTX_DAG_OWNER='subashri' AIRFLOW_CTX_DAG_ID='local_to_postgres_pipeline' AIRFLOW_CTX_TASK_ID='run_pipeline_4' AIRFLOW_CTX_EXECUTION_DATE='2026-06-04T06:45:00+00:00' AIRFLOW_CTX_TRY_NUMBER='1' AIRFLOW_CTX_DAG_RUN_ID='scheduled__2026-06-04T06:45:00+00:00'
[2026-06-04T06:50:07.228+0000] {taskinstance.py:430} INFO - ::endgroup::
[2026-06-04T06:50:07.309+0000] {subprocess.py:63} INFO - Tmp dir root location: /tmp
[2026-06-04T06:50:07.319+0000] {subprocess.py:75} INFO - Running command: ['/usr/bin/bash', '-c', 'cd /opt/***/src && python main.py 4']
[2026-06-04T06:50:07.355+0000] {subprocess.py:86} INFO - Output:
[2026-06-04T06:50:31.187+0000] {subprocess.py:93} INFO - Using CPU. Note: This module is much faster with a GPU.
[2026-06-04T06:52:42.186+0000] {subprocess.py:93} INFO - /home/***/.local/lib/python3.12/site-packages/torch/utils/data/dataloader.py:752: UserWarning: 'pin_memory' argument is set as true but no accelerator is found, then device pinned memory won't be used.
[2026-06-04T06:52:42.193+0000] {subprocess.py:93} INFO -   super().__init__(loader)
[2026-06-04T06:53:51.139+0000] {subprocess.py:93} INFO - 
[2026-06-04T06:53:51.145+0000] {subprocess.py:93} INFO - ===================================
[2026-06-04T06:53:51.147+0000] {subprocess.py:93} INFO - DATABASE CONNECTION CONFIG
[2026-06-04T06:53:51.153+0000] {subprocess.py:93} INFO - ===================================
[2026-06-04T06:53:51.154+0000] {subprocess.py:93} INFO - DB TYPE   : postgres
[2026-06-04T06:53:51.155+0000] {subprocess.py:93} INFO - HOST      : 3.107.8.33
[2026-06-04T06:53:51.158+0000] {subprocess.py:93} INFO - PORT      : 5432
[2026-06-04T06:53:51.163+0000] {subprocess.py:93} INFO - DATABASE  : metadata_db
[2026-06-04T06:53:51.165+0000] {subprocess.py:93} INFO - USERNAME  : teamuser
[2026-06-04T06:53:51.168+0000] {subprocess.py:93} INFO - ===================================
[2026-06-04T06:53:51.169+0000] {subprocess.py:93} INFO - 
[2026-06-04T06:53:51.171+0000] {subprocess.py:93} INFO - Connected to POSTGRES successfully.
[2026-06-04T06:53:51.172+0000] {subprocess.py:93} INFO - 
[2026-06-04T06:53:51.174+0000] {subprocess.py:93} INFO - Running pipeline: local_to_postgres_pipeline (storage_to_db)
[2026-06-04T06:53:51.175+0000] {subprocess.py:93} INFO - Loading table: customer (2 rows)
[2026-06-04T06:53:51.176+0000] {subprocess.py:93} INFO - Loading table: data pic1 (91 rows)
[2026-06-04T06:53:51.178+0000] {subprocess.py:93} INFO - Loading table: employee (20 rows)
[2026-06-04T06:53:51.179+0000] {subprocess.py:93} INFO - Loading table: employee_data (100 rows)
[2026-06-04T06:53:51.180+0000] {subprocess.py:93} INFO - Loading table: sample (2 rows)
[2026-06-04T06:53:51.181+0000] {subprocess.py:93} INFO - Loading table: word (12 rows)
[2026-06-04T06:53:51.185+0000] {subprocess.py:93} INFO - Processed total rows: 227
[2026-06-04T06:53:51.187+0000] {subprocess.py:93} INFO - Completed: 227 rows processed
[2026-06-04T06:53:53.060+0000] {subprocess.py:97} INFO - Command exited with return code 0
[2026-06-04T06:53:53.064+0000] {taskinstance.py:441} INFO - ::group::Post task execution logs
[2026-06-04T06:53:53.151+0000] {taskinstance.py:1206} INFO - Marking task as SUCCESS. dag_id=local_to_postgres_pipeline, task_id=run_pipeline_4, run_id=scheduled__2026-06-04T06:45:00+00:00, execution_date=20260604T064500, start_date=20260604T065006, end_date=20260604T065353
[2026-06-04T06:53:53.222+0000] {local_task_job_runner.py:240} INFO - Task exited with return code 0
[2026-06-04T06:53:53.271+0000] {taskinstance.py:3498} INFO - 0 downstream tasks scheduled from follow-on schedule check
[2026-06-04T06:53:53.276+0000] {local_task_job_runner.py:222} INFO - ::endgroup::
