[2026-06-04T07:10:03.911+0000] {local_task_job_runner.py:120} INFO - ::group::Pre task execution logs
[2026-06-04T07:10:04.160+0000] {taskinstance.py:2076} INFO - Dependencies all met for dep_context=non-requeueable deps ti=<TaskInstance: postgres_to_postgres_pipeline.run_pipeline_3 scheduled__2026-06-04T07:05:00+00:00 [queued]>
[2026-06-04T07:10:04.198+0000] {taskinstance.py:2076} INFO - Dependencies all met for dep_context=requeueable deps ti=<TaskInstance: postgres_to_postgres_pipeline.run_pipeline_3 scheduled__2026-06-04T07:05:00+00:00 [queued]>
[2026-06-04T07:10:04.200+0000] {taskinstance.py:2306} INFO - Starting attempt 1 of 2
[2026-06-04T07:10:04.265+0000] {taskinstance.py:2330} INFO - Executing <Task(BashOperator): run_pipeline_3> on 2026-06-04 07:05:00+00:00
[2026-06-04T07:10:04.350+0000] {standard_task_runner.py:90} INFO - Running: ['***', 'tasks', 'run', 'postgres_to_postgres_pipeline', 'run_pipeline_3', 'scheduled__2026-06-04T07:05:00+00:00', '--job-id', '285', '--raw', '--subdir', 'DAGS_FOLDER/dynamic_pipeline_generator.py', '--cfg-path', '/tmp/tmpztmyc7ka']
[2026-06-04T07:10:04.371+0000] {standard_task_runner.py:91} INFO - Job 285: Subtask run_pipeline_3
[2026-06-04T07:10:04.424+0000] {logging_mixin.py:188} WARNING - /home/***/.local/lib/python3.12/site-packages/***/task/task_runner/standard_task_runner.py:61 DeprecationWarning: This process (pid=5218) is multi-threaded, use of fork() may lead to deadlocks in the child.
[2026-06-04T07:10:04.438+0000] {standard_task_runner.py:63} INFO - Started process 5227 to run task
[2026-06-04T07:10:04.612+0000] {task_command.py:426} INFO - Running <TaskInstance: postgres_to_postgres_pipeline.run_pipeline_3 scheduled__2026-06-04T07:05:00+00:00 [running]> on host b044b6a9b6bd
[2026-06-04T07:10:05.129+0000] {taskinstance.py:2648} INFO - Exporting env vars: AIRFLOW_CTX_DAG_OWNER='subashri' AIRFLOW_CTX_DAG_ID='postgres_to_postgres_pipeline' AIRFLOW_CTX_TASK_ID='run_pipeline_3' AIRFLOW_CTX_EXECUTION_DATE='2026-06-04T07:05:00+00:00' AIRFLOW_CTX_TRY_NUMBER='1' AIRFLOW_CTX_DAG_RUN_ID='scheduled__2026-06-04T07:05:00+00:00'
[2026-06-04T07:10:05.148+0000] {taskinstance.py:430} INFO - ::endgroup::
[2026-06-04T07:10:05.335+0000] {subprocess.py:63} INFO - Tmp dir root location: /tmp
[2026-06-04T07:10:05.348+0000] {subprocess.py:75} INFO - Running command: ['/usr/bin/bash', '-c', 'cd /opt/***/src && python main.py 3']
[2026-06-04T07:10:05.478+0000] {subprocess.py:86} INFO - Output:
[2026-06-04T07:10:26.759+0000] {subprocess.py:93} INFO - 
[2026-06-04T07:10:26.761+0000] {subprocess.py:93} INFO - ===================================
[2026-06-04T07:10:26.762+0000] {subprocess.py:93} INFO - DATABASE CONNECTION CONFIG
[2026-06-04T07:10:26.763+0000] {subprocess.py:93} INFO - ===================================
[2026-06-04T07:10:26.764+0000] {subprocess.py:93} INFO - DB TYPE   : postgres
[2026-06-04T07:10:26.765+0000] {subprocess.py:93} INFO - HOST      : 3.107.8.33
[2026-06-04T07:10:26.766+0000] {subprocess.py:93} INFO - PORT      : 5432
[2026-06-04T07:10:26.767+0000] {subprocess.py:93} INFO - DATABASE  : metadata_db
[2026-06-04T07:10:26.768+0000] {subprocess.py:93} INFO - USERNAME  : teamuser
[2026-06-04T07:10:26.769+0000] {subprocess.py:93} INFO - ===================================
[2026-06-04T07:10:26.770+0000] {subprocess.py:93} INFO - 
[2026-06-04T07:10:26.771+0000] {subprocess.py:93} INFO - Connected to POSTGRES successfully.
[2026-06-04T07:10:26.772+0000] {subprocess.py:93} INFO - 
[2026-06-04T07:10:26.773+0000] {subprocess.py:93} INFO - Running pipeline: postgres_to_postgres_pipeline (db_to_db)
[2026-06-04T07:10:26.774+0000] {subprocess.py:93} INFO - 
[2026-06-04T07:10:26.775+0000] {subprocess.py:93} INFO - ===================================
[2026-06-04T07:10:26.776+0000] {subprocess.py:93} INFO - DATABASE CONNECTION CONFIG
[2026-06-04T07:10:26.777+0000] {subprocess.py:93} INFO - ===================================
[2026-06-04T07:10:26.778+0000] {subprocess.py:93} INFO - DB TYPE   : postgres
[2026-06-04T07:10:26.779+0000] {subprocess.py:93} INFO - HOST      : 3.107.8.33
[2026-06-04T07:10:26.780+0000] {subprocess.py:93} INFO - PORT      : 5432
[2026-06-04T07:10:26.781+0000] {subprocess.py:93} INFO - DATABASE  : udifdb
[2026-06-04T07:10:26.782+0000] {subprocess.py:93} INFO - USERNAME  : teamuser
[2026-06-04T07:10:26.783+0000] {subprocess.py:93} INFO - ===================================
[2026-06-04T07:10:26.785+0000] {subprocess.py:93} INFO - 
[2026-06-04T07:10:26.786+0000] {subprocess.py:93} INFO - Connected to POSTGRES successfully.
[2026-06-04T07:10:26.787+0000] {subprocess.py:93} INFO - Completed: 4653 rows processed
[2026-06-04T07:10:27.017+0000] {subprocess.py:97} INFO - Command exited with return code 0
[2026-06-04T07:10:27.029+0000] {taskinstance.py:441} INFO - ::group::Post task execution logs
[2026-06-04T07:10:27.072+0000] {taskinstance.py:1206} INFO - Marking task as SUCCESS. dag_id=postgres_to_postgres_pipeline, task_id=run_pipeline_3, run_id=scheduled__2026-06-04T07:05:00+00:00, execution_date=20260604T070500, start_date=20260604T071004, end_date=20260604T071027
[2026-06-04T07:10:27.129+0000] {local_task_job_runner.py:240} INFO - Task exited with return code 0
[2026-06-04T07:10:27.159+0000] {taskinstance.py:3498} INFO - 0 downstream tasks scheduled from follow-on schedule check
[2026-06-04T07:10:27.163+0000] {local_task_job_runner.py:222} INFO - ::endgroup::
