[2026-06-01T07:26:42.172+0000] {local_task_job_runner.py:120} INFO - ::group::Pre task execution logs
[2026-06-01T07:26:42.266+0000] {taskinstance.py:2076} INFO - Dependencies all met for dep_context=non-requeueable deps ti=<TaskInstance: dynamic_metadata_pipeline.run_pipeline_4 manual__2026-06-01T07:26:39.122944+00:00 [queued]>
[2026-06-01T07:26:42.279+0000] {taskinstance.py:2076} INFO - Dependencies all met for dep_context=requeueable deps ti=<TaskInstance: dynamic_metadata_pipeline.run_pipeline_4 manual__2026-06-01T07:26:39.122944+00:00 [queued]>
[2026-06-01T07:26:42.279+0000] {taskinstance.py:2306} INFO - Starting attempt 1 of 2
[2026-06-01T07:26:42.309+0000] {taskinstance.py:2330} INFO - Executing <Task(BashOperator): run_pipeline_4> on 2026-06-01 07:26:39.122944+00:00
[2026-06-01T07:26:42.332+0000] {standard_task_runner.py:90} INFO - Running: ['***', 'tasks', 'run', 'dynamic_metadata_pipeline', 'run_pipeline_4', 'manual__2026-06-01T07:26:39.122944+00:00', '--job-id', '82', '--raw', '--subdir', 'DAGS_FOLDER/dynamic_pipeline_dag.py', '--cfg-path', '/tmp/tmp340icpqu']
[2026-06-01T07:26:42.336+0000] {logging_mixin.py:188} WARNING - /home/***/.local/lib/python3.12/site-packages/***/task/task_runner/standard_task_runner.py:61 DeprecationWarning: This process (pid=718) is multi-threaded, use of fork() may lead to deadlocks in the child.
[2026-06-01T07:26:42.337+0000] {standard_task_runner.py:91} INFO - Job 82: Subtask run_pipeline_4
[2026-06-01T07:26:42.338+0000] {standard_task_runner.py:63} INFO - Started process 724 to run task
[2026-06-01T07:26:42.397+0000] {task_command.py:426} INFO - Running <TaskInstance: dynamic_metadata_pipeline.run_pipeline_4 manual__2026-06-01T07:26:39.122944+00:00 [running]> on host 1103cbeaed03
[2026-06-01T07:26:42.524+0000] {taskinstance.py:2648} INFO - Exporting env vars: AIRFLOW_CTX_DAG_OWNER='subashri' AIRFLOW_CTX_DAG_ID='dynamic_metadata_pipeline' AIRFLOW_CTX_TASK_ID='run_pipeline_4' AIRFLOW_CTX_EXECUTION_DATE='2026-06-01T07:26:39.122944+00:00' AIRFLOW_CTX_TRY_NUMBER='1' AIRFLOW_CTX_DAG_RUN_ID='manual__2026-06-01T07:26:39.122944+00:00'
[2026-06-01T07:26:42.526+0000] {taskinstance.py:430} INFO - ::endgroup::
[2026-06-01T07:26:42.566+0000] {subprocess.py:63} INFO - Tmp dir root location: /tmp
[2026-06-01T07:26:42.573+0000] {subprocess.py:75} INFO - Running command: ['/usr/bin/bash', '-c', 'cd /opt/***/src && python main.py 4']
[2026-06-01T07:26:42.604+0000] {subprocess.py:86} INFO - Output:
[2026-06-01T07:26:51.817+0000] {subprocess.py:93} INFO - Using CPU. Note: This module is much faster with a GPU.
[2026-06-01T07:27:07.847+0000] {subprocess.py:93} INFO - /home/***/.local/lib/python3.12/site-packages/torch/utils/data/dataloader.py:752: UserWarning: 'pin_memory' argument is set as true but no accelerator is found, then device pinned memory won't be used.
[2026-06-01T07:27:07.848+0000] {subprocess.py:93} INFO -   super().__init__(loader)
[2026-06-01T07:27:47.298+0000] {subprocess.py:93} INFO - 
[2026-06-01T07:27:47.301+0000] {subprocess.py:93} INFO - ===================================
[2026-06-01T07:27:47.304+0000] {subprocess.py:93} INFO - DATABASE CONNECTION CONFIG
[2026-06-01T07:27:47.307+0000] {subprocess.py:93} INFO - ===================================
[2026-06-01T07:27:47.310+0000] {subprocess.py:93} INFO - DB TYPE   : postgres
[2026-06-01T07:27:47.312+0000] {subprocess.py:93} INFO - HOST      : 3.107.8.33
[2026-06-01T07:27:47.313+0000] {subprocess.py:93} INFO - PORT      : 5432
[2026-06-01T07:27:47.315+0000] {subprocess.py:93} INFO - DATABASE  : metadata_db
[2026-06-01T07:27:47.317+0000] {subprocess.py:93} INFO - USERNAME  : teamuser
[2026-06-01T07:27:47.318+0000] {subprocess.py:93} INFO - ===================================
[2026-06-01T07:27:47.319+0000] {subprocess.py:93} INFO - 
[2026-06-01T07:27:47.320+0000] {subprocess.py:93} INFO - Connected to POSTGRES successfully.
[2026-06-01T07:27:47.321+0000] {subprocess.py:93} INFO - 
[2026-06-01T07:27:47.322+0000] {subprocess.py:93} INFO - Running pipeline: local_to_postgres_pipeline (storage_to_db)
[2026-06-01T07:27:47.323+0000] {subprocess.py:93} INFO - Loading table: customer (2 rows)
[2026-06-01T07:27:47.324+0000] {subprocess.py:93} INFO - Loading table: data pic1 (91 rows)
[2026-06-01T07:27:47.325+0000] {subprocess.py:93} INFO - Loading table: employee (20 rows)
[2026-06-01T07:27:47.326+0000] {subprocess.py:93} INFO - Loading table: employee_data (100 rows)
[2026-06-01T07:27:47.327+0000] {subprocess.py:93} INFO - Loading table: sample (2 rows)
[2026-06-01T07:27:47.328+0000] {subprocess.py:93} INFO - Loading table: word (12 rows)
[2026-06-01T07:27:47.329+0000] {subprocess.py:93} INFO - Processed total rows: 227
[2026-06-01T07:27:47.329+0000] {subprocess.py:93} INFO - Completed: 227 rows processed
[2026-06-01T07:27:48.194+0000] {subprocess.py:97} INFO - Command exited with return code 0
[2026-06-01T07:27:48.199+0000] {taskinstance.py:441} INFO - ::group::Post task execution logs
[2026-06-01T07:27:48.223+0000] {taskinstance.py:1206} INFO - Marking task as SUCCESS. dag_id=dynamic_metadata_pipeline, task_id=run_pipeline_4, run_id=manual__2026-06-01T07:26:39.122944+00:00, execution_date=20260601T072639, start_date=20260601T072642, end_date=20260601T072748
[2026-06-01T07:27:48.258+0000] {local_task_job_runner.py:240} INFO - Task exited with return code 0
[2026-06-01T07:27:48.273+0000] {taskinstance.py:3498} INFO - 0 downstream tasks scheduled from follow-on schedule check
[2026-06-01T07:27:48.276+0000] {local_task_job_runner.py:222} INFO - ::endgroup::
