[2026-06-03T16:36:01.185+0000] {local_task_job_runner.py:120} INFO - ::group::Pre task execution logs
[2026-06-03T16:36:01.220+0000] {taskinstance.py:2076} INFO - Dependencies all met for dep_context=non-requeueable deps ti=<TaskInstance: postgres_to_postgres_pipeline.run_pipeline_3 scheduled__2026-06-03T16:30:00+00:00 [queued]>
[2026-06-03T16:36:01.231+0000] {taskinstance.py:2076} INFO - Dependencies all met for dep_context=requeueable deps ti=<TaskInstance: postgres_to_postgres_pipeline.run_pipeline_3 scheduled__2026-06-03T16:30:00+00:00 [queued]>
[2026-06-03T16:36:01.233+0000] {taskinstance.py:2306} INFO - Starting attempt 1 of 2
[2026-06-03T16:36:01.249+0000] {taskinstance.py:2330} INFO - Executing <Task(BashOperator): run_pipeline_3> on 2026-06-03 16:30:00+00:00
[2026-06-03T16:36:01.257+0000] {standard_task_runner.py:90} INFO - Running: ['***', 'tasks', 'run', 'postgres_to_postgres_pipeline', 'run_pipeline_3', 'scheduled__2026-06-03T16:30:00+00:00', '--job-id', '181', '--raw', '--subdir', 'DAGS_FOLDER/dynamic_pipeline_generator.py', '--cfg-path', '/tmp/tmpf87ebdk0']
[2026-06-03T16:36:01.261+0000] {logging_mixin.py:188} WARNING - /home/***/.local/lib/python3.12/site-packages/***/task/task_runner/standard_task_runner.py:61 DeprecationWarning: This process (pid=1097) is multi-threaded, use of fork() may lead to deadlocks in the child.
[2026-06-03T16:36:01.262+0000] {standard_task_runner.py:91} INFO - Job 181: Subtask run_pipeline_3
[2026-06-03T16:36:01.262+0000] {standard_task_runner.py:63} INFO - Started process 1118 to run task
[2026-06-03T16:36:01.327+0000] {task_command.py:426} INFO - Running <TaskInstance: postgres_to_postgres_pipeline.run_pipeline_3 scheduled__2026-06-03T16:30:00+00:00 [running]> on host 6efe7055fb80
[2026-06-03T16:36:01.444+0000] {taskinstance.py:2648} INFO - Exporting env vars: AIRFLOW_CTX_DAG_OWNER='subashri' AIRFLOW_CTX_DAG_ID='postgres_to_postgres_pipeline' AIRFLOW_CTX_TASK_ID='run_pipeline_3' AIRFLOW_CTX_EXECUTION_DATE='2026-06-03T16:30:00+00:00' AIRFLOW_CTX_TRY_NUMBER='1' AIRFLOW_CTX_DAG_RUN_ID='scheduled__2026-06-03T16:30:00+00:00'
[2026-06-03T16:36:01.445+0000] {taskinstance.py:430} INFO - ::endgroup::
[2026-06-03T16:36:01.466+0000] {subprocess.py:63} INFO - Tmp dir root location: /tmp
[2026-06-03T16:36:01.468+0000] {subprocess.py:75} INFO - Running command: ['/usr/bin/bash', '-c', 'cd /opt/***/src && python main.py 3']
[2026-06-03T16:36:01.476+0000] {subprocess.py:86} INFO - Output:
[2026-06-03T16:36:19.028+0000] {subprocess.py:93} INFO - 
[2026-06-03T16:36:19.031+0000] {subprocess.py:93} INFO - ===================================
[2026-06-03T16:36:19.033+0000] {subprocess.py:93} INFO - DATABASE CONNECTION CONFIG
[2026-06-03T16:36:19.036+0000] {subprocess.py:93} INFO - ===================================
[2026-06-03T16:36:19.038+0000] {subprocess.py:93} INFO - DB TYPE   : postgres
[2026-06-03T16:36:19.041+0000] {subprocess.py:93} INFO - HOST      : 3.107.8.33
[2026-06-03T16:36:19.043+0000] {subprocess.py:93} INFO - PORT      : 5432
[2026-06-03T16:36:19.045+0000] {subprocess.py:93} INFO - DATABASE  : metadata_db
[2026-06-03T16:36:19.049+0000] {subprocess.py:93} INFO - USERNAME  : teamuser
[2026-06-03T16:36:19.054+0000] {subprocess.py:93} INFO - ===================================
[2026-06-03T16:36:19.059+0000] {subprocess.py:93} INFO - 
[2026-06-03T16:36:19.061+0000] {subprocess.py:93} INFO - Connected to POSTGRES successfully.
[2026-06-03T16:36:19.063+0000] {subprocess.py:93} INFO - 
[2026-06-03T16:36:19.065+0000] {subprocess.py:93} INFO - Running pipeline: postgres_to_postgres_pipeline (db_to_db)
[2026-06-03T16:36:19.067+0000] {subprocess.py:93} INFO - 
[2026-06-03T16:36:19.069+0000] {subprocess.py:93} INFO - ===================================
[2026-06-03T16:36:19.070+0000] {subprocess.py:93} INFO - DATABASE CONNECTION CONFIG
[2026-06-03T16:36:19.072+0000] {subprocess.py:93} INFO - ===================================
[2026-06-03T16:36:19.073+0000] {subprocess.py:93} INFO - DB TYPE   : postgres
[2026-06-03T16:36:19.074+0000] {subprocess.py:93} INFO - HOST      : 3.107.8.33
[2026-06-03T16:36:19.075+0000] {subprocess.py:93} INFO - PORT      : 5432
[2026-06-03T16:36:19.077+0000] {subprocess.py:93} INFO - DATABASE  : udifdb
[2026-06-03T16:36:19.078+0000] {subprocess.py:93} INFO - USERNAME  : teamuser
[2026-06-03T16:36:19.080+0000] {subprocess.py:93} INFO - ===================================
[2026-06-03T16:36:19.081+0000] {subprocess.py:93} INFO - 
[2026-06-03T16:36:19.082+0000] {subprocess.py:93} INFO - Connected to POSTGRES successfully.
[2026-06-03T16:36:19.083+0000] {subprocess.py:93} INFO - Completed: 4653 rows processed
[2026-06-03T16:36:19.343+0000] {subprocess.py:97} INFO - Command exited with return code 0
[2026-06-03T16:36:19.353+0000] {taskinstance.py:441} INFO - ::group::Post task execution logs
[2026-06-03T16:36:19.396+0000] {taskinstance.py:1206} INFO - Marking task as SUCCESS. dag_id=postgres_to_postgres_pipeline, task_id=run_pipeline_3, run_id=scheduled__2026-06-03T16:30:00+00:00, execution_date=20260603T163000, start_date=20260603T163601, end_date=20260603T163619
[2026-06-03T16:36:19.440+0000] {local_task_job_runner.py:240} INFO - Task exited with return code 0
[2026-06-03T16:36:19.457+0000] {taskinstance.py:3498} INFO - 0 downstream tasks scheduled from follow-on schedule check
[2026-06-03T16:36:19.460+0000] {local_task_job_runner.py:222} INFO - ::endgroup::
