[2026-06-01T07:17:00.738+0000] {local_task_job_runner.py:120} INFO - ::group::Pre task execution logs
[2026-06-01T07:17:00.770+0000] {taskinstance.py:2076} INFO - Dependencies all met for dep_context=non-requeueable deps ti=<TaskInstance: dynamic_metadata_pipeline.run_pipeline_5 manual__2026-06-01T07:11:14.315494+00:00 [queued]>
[2026-06-01T07:17:00.781+0000] {taskinstance.py:2076} INFO - Dependencies all met for dep_context=requeueable deps ti=<TaskInstance: dynamic_metadata_pipeline.run_pipeline_5 manual__2026-06-01T07:11:14.315494+00:00 [queued]>
[2026-06-01T07:17:00.782+0000] {taskinstance.py:2306} INFO - Starting attempt 2 of 2
[2026-06-01T07:17:00.795+0000] {taskinstance.py:2330} INFO - Executing <Task(BashOperator): run_pipeline_5> on 2026-06-01 07:11:14.315494+00:00
[2026-06-01T07:17:00.805+0000] {logging_mixin.py:188} WARNING - /home/***/.local/lib/python3.12/site-packages/***/task/task_runner/standard_task_runner.py:61 DeprecationWarning: This process (pid=530) is multi-threaded, use of fork() may lead to deadlocks in the child.
[2026-06-01T07:17:00.802+0000] {standard_task_runner.py:90} INFO - Running: ['***', 'tasks', 'run', 'dynamic_metadata_pipeline', 'run_pipeline_5', 'manual__2026-06-01T07:11:14.315494+00:00', '--job-id', '77', '--raw', '--subdir', 'DAGS_FOLDER/dynamic_pipeline_dag.py', '--cfg-path', '/tmp/tmprugvdlku']
[2026-06-01T07:17:00.806+0000] {standard_task_runner.py:63} INFO - Started process 552 to run task
[2026-06-01T07:17:00.807+0000] {standard_task_runner.py:91} INFO - Job 77: Subtask run_pipeline_5
[2026-06-01T07:17:00.856+0000] {task_command.py:426} INFO - Running <TaskInstance: dynamic_metadata_pipeline.run_pipeline_5 manual__2026-06-01T07:11:14.315494+00:00 [running]> on host 1103cbeaed03
[2026-06-01T07:17:00.944+0000] {taskinstance.py:2648} INFO - Exporting env vars: AIRFLOW_CTX_DAG_OWNER='subashri' AIRFLOW_CTX_DAG_ID='dynamic_metadata_pipeline' AIRFLOW_CTX_TASK_ID='run_pipeline_5' AIRFLOW_CTX_EXECUTION_DATE='2026-06-01T07:11:14.315494+00:00' AIRFLOW_CTX_TRY_NUMBER='2' AIRFLOW_CTX_DAG_RUN_ID='manual__2026-06-01T07:11:14.315494+00:00'
[2026-06-01T07:17:00.948+0000] {taskinstance.py:430} INFO - ::endgroup::
[2026-06-01T07:17:00.970+0000] {subprocess.py:63} INFO - Tmp dir root location: /tmp
[2026-06-01T07:17:00.971+0000] {subprocess.py:75} INFO - Running command: ['/usr/bin/bash', '-c', 'cd /opt/***/src && python main.py 5']
[2026-06-01T07:17:00.981+0000] {subprocess.py:86} INFO - Output:
[2026-06-01T07:17:06.690+0000] {subprocess.py:93} INFO - Using CPU. Note: This module is much faster with a GPU.
[2026-06-01T07:17:12.366+0000] {subprocess.py:93} INFO - 
[2026-06-01T07:17:12.373+0000] {subprocess.py:93} INFO - ===================================
[2026-06-01T07:17:12.374+0000] {subprocess.py:93} INFO - DATABASE CONNECTION CONFIG
[2026-06-01T07:17:12.374+0000] {subprocess.py:93} INFO - ===================================
[2026-06-01T07:17:12.375+0000] {subprocess.py:93} INFO - DB TYPE   : postgres
[2026-06-01T07:17:12.376+0000] {subprocess.py:93} INFO - HOST      : 3.107.8.33
[2026-06-01T07:17:12.376+0000] {subprocess.py:93} INFO - PORT      : 5432
[2026-06-01T07:17:12.376+0000] {subprocess.py:93} INFO - DATABASE  : metadata_db
[2026-06-01T07:17:12.377+0000] {subprocess.py:93} INFO - USERNAME  : teamuser
[2026-06-01T07:17:12.377+0000] {subprocess.py:93} INFO - ===================================
[2026-06-01T07:17:12.378+0000] {subprocess.py:93} INFO - 
[2026-06-01T07:17:12.378+0000] {subprocess.py:93} INFO - Connected to POSTGRES successfully.
[2026-06-01T07:17:12.379+0000] {subprocess.py:93} INFO - 
[2026-06-01T07:17:12.380+0000] {subprocess.py:93} INFO - Running pipeline: s3_to_postgres_pipeline (storage_to_db)
[2026-06-01T07:17:12.380+0000] {subprocess.py:93} INFO - ❌ Failed: Unsupported input source 'file'. Use 'local', 's3', or 'azure'.
[2026-06-01T07:17:14.483+0000] {subprocess.py:97} INFO - Command exited with return code 0
[2026-06-01T07:17:14.489+0000] {taskinstance.py:441} INFO - ::group::Post task execution logs
[2026-06-01T07:17:14.571+0000] {taskinstance.py:1206} INFO - Marking task as SUCCESS. dag_id=dynamic_metadata_pipeline, task_id=run_pipeline_5, run_id=manual__2026-06-01T07:11:14.315494+00:00, execution_date=20260601T071114, start_date=20260601T071700, end_date=20260601T071714
[2026-06-01T07:17:14.641+0000] {local_task_job_runner.py:240} INFO - Task exited with return code 0
[2026-06-01T07:17:14.670+0000] {taskinstance.py:3498} INFO - 0 downstream tasks scheduled from follow-on schedule check
[2026-06-01T07:17:14.674+0000] {local_task_job_runner.py:222} INFO - ::endgroup::
