[2026-06-04T06:40:04.381+0000] {local_task_job_runner.py:120} INFO - ::group::Pre task execution logs
[2026-06-04T06:40:04.527+0000] {taskinstance.py:2076} INFO - Dependencies all met for dep_context=non-requeueable deps ti=<TaskInstance: s3_to_postgres_pipeline.run_pipeline_5 scheduled__2026-06-04T06:35:00+00:00 [queued]>
[2026-06-04T06:40:04.560+0000] {taskinstance.py:2076} INFO - Dependencies all met for dep_context=requeueable deps ti=<TaskInstance: s3_to_postgres_pipeline.run_pipeline_5 scheduled__2026-06-04T06:35:00+00:00 [queued]>
[2026-06-04T06:40:04.565+0000] {taskinstance.py:2306} INFO - Starting attempt 1 of 2
[2026-06-04T06:40:04.622+0000] {taskinstance.py:2330} INFO - Executing <Task(BashOperator): run_pipeline_5> on 2026-06-04 06:35:00+00:00
[2026-06-04T06:40:04.683+0000] {standard_task_runner.py:90} INFO - Running: ['***', 'tasks', 'run', 's3_to_postgres_pipeline', 'run_pipeline_5', 'scheduled__2026-06-04T06:35:00+00:00', '--job-id', '246', '--raw', '--subdir', 'DAGS_FOLDER/dynamic_pipeline_generator.py', '--cfg-path', '/tmp/tmpllrtis25']
[2026-06-04T06:40:04.699+0000] {standard_task_runner.py:91} INFO - Job 246: Subtask run_pipeline_5
[2026-06-04T06:40:04.743+0000] {logging_mixin.py:188} WARNING - /home/***/.local/lib/python3.12/site-packages/***/task/task_runner/standard_task_runner.py:61 DeprecationWarning: This process (pid=3965) is multi-threaded, use of fork() may lead to deadlocks in the child.
[2026-06-04T06:40:04.748+0000] {standard_task_runner.py:63} INFO - Started process 3969 to run task
[2026-06-04T06:40:04.917+0000] {task_command.py:426} INFO - Running <TaskInstance: s3_to_postgres_pipeline.run_pipeline_5 scheduled__2026-06-04T06:35:00+00:00 [running]> on host b044b6a9b6bd
[2026-06-04T06:40:05.310+0000] {taskinstance.py:2648} INFO - Exporting env vars: AIRFLOW_CTX_DAG_OWNER='subashri' AIRFLOW_CTX_DAG_ID='s3_to_postgres_pipeline' AIRFLOW_CTX_TASK_ID='run_pipeline_5' AIRFLOW_CTX_EXECUTION_DATE='2026-06-04T06:35:00+00:00' AIRFLOW_CTX_TRY_NUMBER='1' AIRFLOW_CTX_DAG_RUN_ID='scheduled__2026-06-04T06:35:00+00:00'
[2026-06-04T06:40:05.313+0000] {taskinstance.py:430} INFO - ::endgroup::
[2026-06-04T06:40:05.392+0000] {subprocess.py:63} INFO - Tmp dir root location: /tmp
[2026-06-04T06:40:05.397+0000] {subprocess.py:75} INFO - Running command: ['/usr/bin/bash', '-c', 'cd /opt/***/src && python main.py 5']
[2026-06-04T06:40:05.439+0000] {subprocess.py:86} INFO - Output:
[2026-06-04T06:40:31.453+0000] {subprocess.py:93} INFO - 
[2026-06-04T06:40:31.466+0000] {subprocess.py:93} INFO - ===================================
[2026-06-04T06:40:31.468+0000] {subprocess.py:93} INFO - DATABASE CONNECTION CONFIG
[2026-06-04T06:40:31.470+0000] {subprocess.py:93} INFO - ===================================
[2026-06-04T06:40:31.477+0000] {subprocess.py:93} INFO - DB TYPE   : postgres
[2026-06-04T06:40:31.479+0000] {subprocess.py:93} INFO - HOST      : 3.107.8.33
[2026-06-04T06:40:31.482+0000] {subprocess.py:93} INFO - PORT      : 5432
[2026-06-04T06:40:31.489+0000] {subprocess.py:93} INFO - DATABASE  : metadata_db
[2026-06-04T06:40:31.491+0000] {subprocess.py:93} INFO - USERNAME  : teamuser
[2026-06-04T06:40:31.497+0000] {subprocess.py:93} INFO - ===================================
[2026-06-04T06:40:31.510+0000] {subprocess.py:93} INFO - 
[2026-06-04T06:40:31.515+0000] {subprocess.py:93} INFO - Connected to POSTGRES successfully.
[2026-06-04T06:40:31.523+0000] {subprocess.py:93} INFO - 
[2026-06-04T06:40:31.532+0000] {subprocess.py:93} INFO - Running pipeline: s3_to_postgres_pipeline (storage_to_db)
[2026-06-04T06:40:31.535+0000] {subprocess.py:93} INFO - Loading table: customer_feb (120 rows)
[2026-06-04T06:40:31.537+0000] {subprocess.py:93} INFO - Loading table: customer_jan (100 rows)
[2026-06-04T06:40:31.541+0000] {subprocess.py:93} INFO - Loading table: customer_march (150 rows)
[2026-06-04T06:40:31.545+0000] {subprocess.py:93} INFO - Processed total rows: 370
[2026-06-04T06:40:31.551+0000] {subprocess.py:93} INFO - Completed: 370 rows processed
[2026-06-04T06:40:32.781+0000] {subprocess.py:97} INFO - Command exited with return code 0
[2026-06-04T06:40:32.803+0000] {taskinstance.py:441} INFO - ::group::Post task execution logs
[2026-06-04T06:40:33.443+0000] {taskinstance.py:1206} INFO - Marking task as SUCCESS. dag_id=s3_to_postgres_pipeline, task_id=run_pipeline_5, run_id=scheduled__2026-06-04T06:35:00+00:00, execution_date=20260604T063500, start_date=20260604T064004, end_date=20260604T064033
[2026-06-04T06:40:33.732+0000] {local_task_job_runner.py:240} INFO - Task exited with return code 0
[2026-06-04T06:40:33.947+0000] {taskinstance.py:3498} INFO - 0 downstream tasks scheduled from follow-on schedule check
[2026-06-04T06:40:33.964+0000] {local_task_job_runner.py:222} INFO - ::endgroup::
