[2026-06-08T06:00:02.195+0000] {local_task_job_runner.py:120} INFO - ::group::Pre task execution logs
[2026-06-08T06:00:02.237+0000] {taskinstance.py:2076} INFO - Dependencies all met for dep_context=non-requeueable deps ti=<TaskInstance: local_to_postgres_pipeline.run_pipeline_4 scheduled__2026-06-08T05:55:00+00:00 [queued]>
[2026-06-08T06:00:02.253+0000] {taskinstance.py:2076} INFO - Dependencies all met for dep_context=requeueable deps ti=<TaskInstance: local_to_postgres_pipeline.run_pipeline_4 scheduled__2026-06-08T05:55:00+00:00 [queued]>
[2026-06-08T06:00:02.254+0000] {taskinstance.py:2306} INFO - Starting attempt 1 of 2
[2026-06-08T06:00:02.273+0000] {taskinstance.py:2330} INFO - Executing <Task(BashOperator): run_pipeline_4> on 2026-06-08 05:55:00+00:00
[2026-06-08T06:00:02.283+0000] {standard_task_runner.py:90} INFO - Running: ['***', 'tasks', 'run', 'local_to_postgres_pipeline', 'run_pipeline_4', 'scheduled__2026-06-08T05:55:00+00:00', '--job-id', '324', '--raw', '--subdir', 'DAGS_FOLDER/dynamic_pipeline_generator.py', '--cfg-path', '/tmp/tmp8zddud1t']
[2026-06-08T06:00:02.287+0000] {standard_task_runner.py:91} INFO - Job 324: Subtask run_pipeline_4
[2026-06-08T06:00:02.287+0000] {logging_mixin.py:188} WARNING - /home/***/.local/lib/python3.12/site-packages/***/task/task_runner/standard_task_runner.py:61 DeprecationWarning: This process (pid=362) is multi-threaded, use of fork() may lead to deadlocks in the child.
[2026-06-08T06:00:02.288+0000] {standard_task_runner.py:63} INFO - Started process 373 to run task
[2026-06-08T06:00:02.346+0000] {task_command.py:426} INFO - Running <TaskInstance: local_to_postgres_pipeline.run_pipeline_4 scheduled__2026-06-08T05:55:00+00:00 [running]> on host 450cdec9e3e5
[2026-06-08T06:00:02.462+0000] {taskinstance.py:2648} INFO - Exporting env vars: AIRFLOW_CTX_DAG_OWNER='subashri' AIRFLOW_CTX_DAG_ID='local_to_postgres_pipeline' AIRFLOW_CTX_TASK_ID='run_pipeline_4' AIRFLOW_CTX_EXECUTION_DATE='2026-06-08T05:55:00+00:00' AIRFLOW_CTX_TRY_NUMBER='1' AIRFLOW_CTX_DAG_RUN_ID='scheduled__2026-06-08T05:55:00+00:00'
[2026-06-08T06:00:02.463+0000] {taskinstance.py:430} INFO - ::endgroup::
[2026-06-08T06:00:02.487+0000] {subprocess.py:63} INFO - Tmp dir root location: /tmp
[2026-06-08T06:00:02.488+0000] {subprocess.py:75} INFO - Running command: ['/usr/bin/bash', '-c', 'cd /opt/***/src && python main.py 4']
[2026-06-08T06:00:02.498+0000] {subprocess.py:86} INFO - Output:
[2026-06-08T06:00:10.774+0000] {subprocess.py:93} INFO - Using CPU. Note: This module is much faster with a GPU.
[2026-06-08T06:00:57.315+0000] {subprocess.py:93} INFO - /home/***/.local/lib/python3.12/site-packages/torch/utils/data/dataloader.py:752: UserWarning: 'pin_memory' argument is set as true but no accelerator is found, then device pinned memory won't be used.
[2026-06-08T06:00:57.436+0000] {subprocess.py:93} INFO -   super().__init__(loader)
[2026-06-08T06:01:38.963+0000] {subprocess.py:93} INFO - 
[2026-06-08T06:01:38.965+0000] {subprocess.py:93} INFO - ===================================
[2026-06-08T06:01:38.967+0000] {subprocess.py:93} INFO - DATABASE CONNECTION CONFIG
[2026-06-08T06:01:38.968+0000] {subprocess.py:93} INFO - ===================================
[2026-06-08T06:01:38.969+0000] {subprocess.py:93} INFO - DB TYPE   : postgres
[2026-06-08T06:01:38.970+0000] {subprocess.py:93} INFO - HOST      : 3.107.8.33
[2026-06-08T06:01:38.971+0000] {subprocess.py:93} INFO - PORT      : 5432
[2026-06-08T06:01:38.972+0000] {subprocess.py:93} INFO - DATABASE  : metadata_db
[2026-06-08T06:01:38.974+0000] {subprocess.py:93} INFO - USERNAME  : teamuser
[2026-06-08T06:01:38.975+0000] {subprocess.py:93} INFO - ===================================
[2026-06-08T06:01:38.976+0000] {subprocess.py:93} INFO - 
[2026-06-08T06:01:38.977+0000] {subprocess.py:93} INFO - Connected to POSTGRES successfully.
[2026-06-08T06:01:38.979+0000] {subprocess.py:93} INFO - 
[2026-06-08T06:01:38.981+0000] {subprocess.py:93} INFO - Running pipeline: local_to_postgres_pipeline (storage_to_db)
[2026-06-08T06:01:38.982+0000] {subprocess.py:93} INFO - Loading table: customer (2 rows)
[2026-06-08T06:01:38.983+0000] {subprocess.py:93} INFO - Loading table: data pic1 (91 rows)
[2026-06-08T06:01:38.984+0000] {subprocess.py:93} INFO - Loading table: employee (20 rows)
[2026-06-08T06:01:38.985+0000] {subprocess.py:93} INFO - Loading table: employee_data (100 rows)
[2026-06-08T06:01:38.985+0000] {subprocess.py:93} INFO - Loading table: sample (2 rows)
[2026-06-08T06:01:38.986+0000] {subprocess.py:93} INFO - Loading table: word (12 rows)
[2026-06-08T06:01:38.988+0000] {subprocess.py:93} INFO - Processed total rows: 227
[2026-06-08T06:01:38.990+0000] {subprocess.py:93} INFO - Completed: 227 rows processed
[2026-06-08T06:01:43.057+0000] {subprocess.py:97} INFO - Command exited with return code 0
[2026-06-08T06:01:43.081+0000] {taskinstance.py:441} INFO - ::group::Post task execution logs
[2026-06-08T06:01:43.455+0000] {taskinstance.py:1206} INFO - Marking task as SUCCESS. dag_id=local_to_postgres_pipeline, task_id=run_pipeline_4, run_id=scheduled__2026-06-08T05:55:00+00:00, execution_date=20260608T055500, start_date=20260608T060002, end_date=20260608T060143
[2026-06-08T06:01:43.553+0000] {local_task_job_runner.py:240} INFO - Task exited with return code 0
[2026-06-08T06:01:43.684+0000] {taskinstance.py:3498} INFO - 0 downstream tasks scheduled from follow-on schedule check
[2026-06-08T06:01:43.688+0000] {local_task_job_runner.py:222} INFO - ::endgroup::
