[2026-06-08T06:05:02.676+0000] {local_task_job_runner.py:120} INFO - ::group::Pre task execution logs
[2026-06-08T06:05:02.724+0000] {taskinstance.py:2076} INFO - Dependencies all met for dep_context=non-requeueable deps ti=<TaskInstance: local_to_s3_pipeline.run_pipeline_6 scheduled__2026-06-08T06:00:00+00:00 [queued]>
[2026-06-08T06:05:02.738+0000] {taskinstance.py:2076} INFO - Dependencies all met for dep_context=requeueable deps ti=<TaskInstance: local_to_s3_pipeline.run_pipeline_6 scheduled__2026-06-08T06:00:00+00:00 [queued]>
[2026-06-08T06:05:02.739+0000] {taskinstance.py:2306} INFO - Starting attempt 1 of 2
[2026-06-08T06:05:02.759+0000] {taskinstance.py:2330} INFO - Executing <Task(BashOperator): run_pipeline_6> on 2026-06-08 06:00:00+00:00
[2026-06-08T06:05:02.768+0000] {standard_task_runner.py:90} INFO - Running: ['***', 'tasks', 'run', 'local_to_s3_pipeline', 'run_pipeline_6', 'scheduled__2026-06-08T06:00:00+00:00', '--job-id', '328', '--raw', '--subdir', 'DAGS_FOLDER/dynamic_pipeline_generator.py', '--cfg-path', '/tmp/tmpw3nqkce5']
[2026-06-08T06:05:02.773+0000] {standard_task_runner.py:91} INFO - Job 328: Subtask run_pipeline_6
[2026-06-08T06:05:02.775+0000] {logging_mixin.py:188} WARNING - /home/***/.local/lib/python3.12/site-packages/***/task/task_runner/standard_task_runner.py:61 DeprecationWarning: This process (pid=596) is multi-threaded, use of fork() may lead to deadlocks in the child.
[2026-06-08T06:05:02.776+0000] {standard_task_runner.py:63} INFO - Started process 604 to run task
[2026-06-08T06:05:02.850+0000] {task_command.py:426} INFO - Running <TaskInstance: local_to_s3_pipeline.run_pipeline_6 scheduled__2026-06-08T06:00:00+00:00 [running]> on host 450cdec9e3e5
[2026-06-08T06:05:02.971+0000] {taskinstance.py:2648} INFO - Exporting env vars: AIRFLOW_CTX_DAG_OWNER='subashri' AIRFLOW_CTX_DAG_ID='local_to_s3_pipeline' AIRFLOW_CTX_TASK_ID='run_pipeline_6' AIRFLOW_CTX_EXECUTION_DATE='2026-06-08T06:00:00+00:00' AIRFLOW_CTX_TRY_NUMBER='1' AIRFLOW_CTX_DAG_RUN_ID='scheduled__2026-06-08T06:00:00+00:00'
[2026-06-08T06:05:02.972+0000] {taskinstance.py:430} INFO - ::endgroup::
[2026-06-08T06:05:02.998+0000] {subprocess.py:63} INFO - Tmp dir root location: /tmp
[2026-06-08T06:05:03.000+0000] {subprocess.py:75} INFO - Running command: ['/usr/bin/bash', '-c', 'cd /opt/***/src && python main.py 6']
[2026-06-08T06:05:03.009+0000] {subprocess.py:86} INFO - Output:
[2026-06-08T06:05:16.576+0000] {subprocess.py:93} INFO - Using CPU. Note: This module is much faster with a GPU.
[2026-06-08T06:06:19.662+0000] {subprocess.py:93} INFO - /home/***/.local/lib/python3.12/site-packages/torch/utils/data/dataloader.py:752: UserWarning: 'pin_memory' argument is set as true but no accelerator is found, then device pinned memory won't be used.
[2026-06-08T06:06:19.917+0000] {subprocess.py:93} INFO -   super().__init__(loader)
[2026-06-08T06:06:43.360+0000] {subprocess.py:93} INFO - 
[2026-06-08T06:06:43.362+0000] {subprocess.py:93} INFO - ===================================
[2026-06-08T06:06:43.363+0000] {subprocess.py:93} INFO - DATABASE CONNECTION CONFIG
[2026-06-08T06:06:43.366+0000] {subprocess.py:93} INFO - ===================================
[2026-06-08T06:06:43.367+0000] {subprocess.py:93} INFO - DB TYPE   : postgres
[2026-06-08T06:06:43.369+0000] {subprocess.py:93} INFO - HOST      : 3.107.8.33
[2026-06-08T06:06:43.370+0000] {subprocess.py:93} INFO - PORT      : 5432
[2026-06-08T06:06:43.371+0000] {subprocess.py:93} INFO - DATABASE  : metadata_db
[2026-06-08T06:06:43.372+0000] {subprocess.py:93} INFO - USERNAME  : teamuser
[2026-06-08T06:06:43.375+0000] {subprocess.py:93} INFO - ===================================
[2026-06-08T06:06:43.376+0000] {subprocess.py:93} INFO - 
[2026-06-08T06:06:43.376+0000] {subprocess.py:93} INFO - Connected to POSTGRES successfully.
[2026-06-08T06:06:43.378+0000] {subprocess.py:93} INFO - 
[2026-06-08T06:06:43.379+0000] {subprocess.py:93} INFO - Running pipeline: local_to_s3_pipeline (storage_to_storage)
[2026-06-08T06:06:43.380+0000] {subprocess.py:93} INFO - Processing file: customer (2 rows)
[2026-06-08T06:06:43.381+0000] {subprocess.py:93} INFO - Processing file: data pic1 (91 rows)
[2026-06-08T06:06:43.381+0000] {subprocess.py:93} INFO - Processing file: employee (20 rows)
[2026-06-08T06:06:43.382+0000] {subprocess.py:93} INFO - Processing file: employee_data (100 rows)
[2026-06-08T06:06:43.383+0000] {subprocess.py:93} INFO - Processing file: sample (2 rows)
[2026-06-08T06:06:43.384+0000] {subprocess.py:93} INFO - Processing file: word (12 rows)
[2026-06-08T06:06:43.385+0000] {subprocess.py:93} INFO - Processed total rows: 227
[2026-06-08T06:06:43.386+0000] {subprocess.py:93} INFO - Completed: 227 rows processed
[2026-06-08T06:06:47.303+0000] {subprocess.py:97} INFO - Command exited with return code 0
[2026-06-08T06:06:47.330+0000] {taskinstance.py:441} INFO - ::group::Post task execution logs
[2026-06-08T06:06:47.799+0000] {taskinstance.py:1206} INFO - Marking task as SUCCESS. dag_id=local_to_s3_pipeline, task_id=run_pipeline_6, run_id=scheduled__2026-06-08T06:00:00+00:00, execution_date=20260608T060000, start_date=20260608T060502, end_date=20260608T060647
[2026-06-08T06:06:47.952+0000] {local_task_job_runner.py:240} INFO - Task exited with return code 0
[2026-06-08T06:06:48.127+0000] {taskinstance.py:3498} INFO - 0 downstream tasks scheduled from follow-on schedule check
[2026-06-08T06:06:48.131+0000] {local_task_job_runner.py:222} INFO - ::endgroup::
