[2026-06-01T07:26:42.164+0000] {local_task_job_runner.py:120} INFO - ::group::Pre task execution logs
[2026-06-01T07:26:42.261+0000] {taskinstance.py:2076} INFO - Dependencies all met for dep_context=non-requeueable deps ti=<TaskInstance: dynamic_metadata_pipeline.run_pipeline_2 manual__2026-06-01T07:26:39.122944+00:00 [queued]>
[2026-06-01T07:26:42.285+0000] {taskinstance.py:2076} INFO - Dependencies all met for dep_context=requeueable deps ti=<TaskInstance: dynamic_metadata_pipeline.run_pipeline_2 manual__2026-06-01T07:26:39.122944+00:00 [queued]>
[2026-06-01T07:26:42.286+0000] {taskinstance.py:2306} INFO - Starting attempt 1 of 2
[2026-06-01T07:26:42.305+0000] {taskinstance.py:2330} INFO - Executing <Task(BashOperator): run_pipeline_2> on 2026-06-01 07:26:39.122944+00:00
[2026-06-01T07:26:42.316+0000] {standard_task_runner.py:90} INFO - Running: ['***', 'tasks', 'run', 'dynamic_metadata_pipeline', 'run_pipeline_2', 'manual__2026-06-01T07:26:39.122944+00:00', '--job-id', '80', '--raw', '--subdir', 'DAGS_FOLDER/dynamic_pipeline_dag.py', '--cfg-path', '/tmp/tmppt6k_01f']
[2026-06-01T07:26:42.320+0000] {standard_task_runner.py:91} INFO - Job 80: Subtask run_pipeline_2
[2026-06-01T07:26:42.322+0000] {logging_mixin.py:188} WARNING - /home/***/.local/lib/python3.12/site-packages/***/task/task_runner/standard_task_runner.py:61 DeprecationWarning: This process (pid=721) is multi-threaded, use of fork() may lead to deadlocks in the child.
[2026-06-01T07:26:42.325+0000] {standard_task_runner.py:63} INFO - Started process 722 to run task
[2026-06-01T07:26:42.386+0000] {task_command.py:426} INFO - Running <TaskInstance: dynamic_metadata_pipeline.run_pipeline_2 manual__2026-06-01T07:26:39.122944+00:00 [running]> on host 1103cbeaed03
[2026-06-01T07:26:42.520+0000] {taskinstance.py:2648} INFO - Exporting env vars: AIRFLOW_CTX_DAG_OWNER='subashri' AIRFLOW_CTX_DAG_ID='dynamic_metadata_pipeline' AIRFLOW_CTX_TASK_ID='run_pipeline_2' AIRFLOW_CTX_EXECUTION_DATE='2026-06-01T07:26:39.122944+00:00' AIRFLOW_CTX_TRY_NUMBER='1' AIRFLOW_CTX_DAG_RUN_ID='manual__2026-06-01T07:26:39.122944+00:00'
[2026-06-01T07:26:42.522+0000] {taskinstance.py:430} INFO - ::endgroup::
[2026-06-01T07:26:42.566+0000] {subprocess.py:63} INFO - Tmp dir root location: /tmp
[2026-06-01T07:26:42.572+0000] {subprocess.py:75} INFO - Running command: ['/usr/bin/bash', '-c', 'cd /opt/***/src && python main.py 2']
[2026-06-01T07:26:42.603+0000] {subprocess.py:86} INFO - Output:
[2026-06-01T07:26:50.492+0000] {subprocess.py:93} INFO - 
[2026-06-01T07:26:50.493+0000] {subprocess.py:93} INFO - ===================================
[2026-06-01T07:26:50.493+0000] {subprocess.py:93} INFO - DATABASE CONNECTION CONFIG
[2026-06-01T07:26:50.494+0000] {subprocess.py:93} INFO - ===================================
[2026-06-01T07:26:50.494+0000] {subprocess.py:93} INFO - DB TYPE   : postgres
[2026-06-01T07:26:50.494+0000] {subprocess.py:93} INFO - HOST      : 3.107.8.33
[2026-06-01T07:26:50.495+0000] {subprocess.py:93} INFO - PORT      : 5432
[2026-06-01T07:26:50.495+0000] {subprocess.py:93} INFO - DATABASE  : metadata_db
[2026-06-01T07:26:50.496+0000] {subprocess.py:93} INFO - USERNAME  : teamuser
[2026-06-01T07:26:50.496+0000] {subprocess.py:93} INFO - ===================================
[2026-06-01T07:26:50.497+0000] {subprocess.py:93} INFO - 
[2026-06-01T07:26:50.497+0000] {subprocess.py:93} INFO - Connected to POSTGRES successfully.
[2026-06-01T07:26:50.497+0000] {subprocess.py:93} INFO - 
[2026-06-01T07:26:50.498+0000] {subprocess.py:93} INFO - Running pipeline: postgres_to_local_pipeline (db_to_storage)
[2026-06-01T07:26:50.498+0000] {subprocess.py:93} INFO - 
[2026-06-01T07:26:50.499+0000] {subprocess.py:93} INFO - ===================================
[2026-06-01T07:26:50.499+0000] {subprocess.py:93} INFO - DATABASE CONNECTION CONFIG
[2026-06-01T07:26:50.500+0000] {subprocess.py:93} INFO - ===================================
[2026-06-01T07:26:50.501+0000] {subprocess.py:93} INFO - DB TYPE   : postgres
[2026-06-01T07:26:50.501+0000] {subprocess.py:93} INFO - HOST      : 3.107.8.33
[2026-06-01T07:26:50.502+0000] {subprocess.py:93} INFO - PORT      : 5432
[2026-06-01T07:26:50.502+0000] {subprocess.py:93} INFO - DATABASE  : udifdb
[2026-06-01T07:26:50.503+0000] {subprocess.py:93} INFO - USERNAME  : teamuser
[2026-06-01T07:26:50.503+0000] {subprocess.py:93} INFO - ===================================
[2026-06-01T07:26:50.504+0000] {subprocess.py:93} INFO - 
[2026-06-01T07:26:50.504+0000] {subprocess.py:93} INFO - Connected to POSTGRES successfully.
[2026-06-01T07:26:50.505+0000] {subprocess.py:93} INFO - Completed: 4653 rows processed
[2026-06-01T07:26:50.662+0000] {subprocess.py:97} INFO - Command exited with return code 0
[2026-06-01T07:26:50.663+0000] {taskinstance.py:441} INFO - ::group::Post task execution logs
[2026-06-01T07:26:50.684+0000] {taskinstance.py:1206} INFO - Marking task as SUCCESS. dag_id=dynamic_metadata_pipeline, task_id=run_pipeline_2, run_id=manual__2026-06-01T07:26:39.122944+00:00, execution_date=20260601T072639, start_date=20260601T072642, end_date=20260601T072650
[2026-06-01T07:26:50.719+0000] {local_task_job_runner.py:240} INFO - Task exited with return code 0
[2026-06-01T07:26:50.763+0000] {taskinstance.py:3498} INFO - 0 downstream tasks scheduled from follow-on schedule check
[2026-06-01T07:26:50.766+0000] {local_task_job_runner.py:222} INFO - ::endgroup::
