[2026-06-04T04:50:03.196+0000] {local_task_job_runner.py:120} INFO - ::group::Pre task execution logs
[2026-06-04T04:50:03.225+0000] {taskinstance.py:2076} INFO - Dependencies all met for dep_context=non-requeueable deps ti=<TaskInstance: postgres_to_local_pipeline.run_pipeline_2 scheduled__2026-06-04T04:45:00+00:00 [queued]>
[2026-06-04T04:50:03.235+0000] {taskinstance.py:2076} INFO - Dependencies all met for dep_context=requeueable deps ti=<TaskInstance: postgres_to_local_pipeline.run_pipeline_2 scheduled__2026-06-04T04:45:00+00:00 [queued]>
[2026-06-04T04:50:03.236+0000] {taskinstance.py:2306} INFO - Starting attempt 1 of 2
[2026-06-04T04:50:03.250+0000] {taskinstance.py:2330} INFO - Executing <Task(BashOperator): run_pipeline_2> on 2026-06-04 04:45:00+00:00
[2026-06-04T04:50:03.256+0000] {standard_task_runner.py:90} INFO - Running: ['***', 'tasks', 'run', 'postgres_to_local_pipeline', 'run_pipeline_2', 'scheduled__2026-06-04T04:45:00+00:00', '--job-id', '202', '--raw', '--subdir', 'DAGS_FOLDER/dynamic_pipeline_generator.py', '--cfg-path', '/tmp/tmp2snv9a_n']
[2026-06-04T04:50:03.260+0000] {standard_task_runner.py:91} INFO - Job 202: Subtask run_pipeline_2
[2026-06-04T04:50:03.260+0000] {logging_mixin.py:188} WARNING - /home/***/.local/lib/python3.12/site-packages/***/task/task_runner/standard_task_runner.py:61 DeprecationWarning: This process (pid=1272) is multi-threaded, use of fork() may lead to deadlocks in the child.
[2026-06-04T04:50:03.261+0000] {standard_task_runner.py:63} INFO - Started process 1273 to run task
[2026-06-04T04:50:03.307+0000] {task_command.py:426} INFO - Running <TaskInstance: postgres_to_local_pipeline.run_pipeline_2 scheduled__2026-06-04T04:45:00+00:00 [running]> on host b044b6a9b6bd
[2026-06-04T04:50:03.390+0000] {taskinstance.py:2648} INFO - Exporting env vars: AIRFLOW_CTX_DAG_OWNER='subashri' AIRFLOW_CTX_DAG_ID='postgres_to_local_pipeline' AIRFLOW_CTX_TASK_ID='run_pipeline_2' AIRFLOW_CTX_EXECUTION_DATE='2026-06-04T04:45:00+00:00' AIRFLOW_CTX_TRY_NUMBER='1' AIRFLOW_CTX_DAG_RUN_ID='scheduled__2026-06-04T04:45:00+00:00'
[2026-06-04T04:50:03.391+0000] {taskinstance.py:430} INFO - ::endgroup::
[2026-06-04T04:50:03.407+0000] {subprocess.py:63} INFO - Tmp dir root location: /tmp
[2026-06-04T04:50:03.409+0000] {subprocess.py:75} INFO - Running command: ['/usr/bin/bash', '-c', 'cd /opt/***/src && python main.py 2']
[2026-06-04T04:50:03.416+0000] {subprocess.py:86} INFO - Output:
[2026-06-04T04:50:14.291+0000] {subprocess.py:93} INFO - 
[2026-06-04T04:50:14.294+0000] {subprocess.py:93} INFO - ===================================
[2026-06-04T04:50:14.300+0000] {subprocess.py:93} INFO - DATABASE CONNECTION CONFIG
[2026-06-04T04:50:14.302+0000] {subprocess.py:93} INFO - ===================================
[2026-06-04T04:50:14.303+0000] {subprocess.py:93} INFO - DB TYPE   : postgres
[2026-06-04T04:50:14.304+0000] {subprocess.py:93} INFO - HOST      : 3.107.8.33
[2026-06-04T04:50:14.305+0000] {subprocess.py:93} INFO - PORT      : 5432
[2026-06-04T04:50:14.307+0000] {subprocess.py:93} INFO - DATABASE  : metadata_db
[2026-06-04T04:50:14.308+0000] {subprocess.py:93} INFO - USERNAME  : teamuser
[2026-06-04T04:50:14.309+0000] {subprocess.py:93} INFO - ===================================
[2026-06-04T04:50:14.310+0000] {subprocess.py:93} INFO - 
[2026-06-04T04:50:14.311+0000] {subprocess.py:93} INFO - Connected to POSTGRES successfully.
[2026-06-04T04:50:14.312+0000] {subprocess.py:93} INFO - 
[2026-06-04T04:50:14.313+0000] {subprocess.py:93} INFO - Running pipeline: postgres_to_local_pipeline (db_to_storage)
[2026-06-04T04:50:14.314+0000] {subprocess.py:93} INFO - 
[2026-06-04T04:50:14.315+0000] {subprocess.py:93} INFO - ===================================
[2026-06-04T04:50:14.315+0000] {subprocess.py:93} INFO - DATABASE CONNECTION CONFIG
[2026-06-04T04:50:14.317+0000] {subprocess.py:93} INFO - ===================================
[2026-06-04T04:50:14.317+0000] {subprocess.py:93} INFO - DB TYPE   : postgres
[2026-06-04T04:50:14.318+0000] {subprocess.py:93} INFO - HOST      : 3.107.8.33
[2026-06-04T04:50:14.319+0000] {subprocess.py:93} INFO - PORT      : 5432
[2026-06-04T04:50:14.320+0000] {subprocess.py:93} INFO - DATABASE  : udifdb
[2026-06-04T04:50:14.321+0000] {subprocess.py:93} INFO - USERNAME  : teamuser
[2026-06-04T04:50:14.321+0000] {subprocess.py:93} INFO - ===================================
[2026-06-04T04:50:14.322+0000] {subprocess.py:93} INFO - 
[2026-06-04T04:50:14.323+0000] {subprocess.py:93} INFO - Connected to POSTGRES successfully.
[2026-06-04T04:50:14.324+0000] {subprocess.py:93} INFO - Completed: 4653 rows processed
[2026-06-04T04:50:14.469+0000] {subprocess.py:97} INFO - Command exited with return code 0
[2026-06-04T04:50:14.470+0000] {taskinstance.py:441} INFO - ::group::Post task execution logs
[2026-06-04T04:50:14.493+0000] {taskinstance.py:1206} INFO - Marking task as SUCCESS. dag_id=postgres_to_local_pipeline, task_id=run_pipeline_2, run_id=scheduled__2026-06-04T04:45:00+00:00, execution_date=20260604T044500, start_date=20260604T045003, end_date=20260604T045014
[2026-06-04T04:50:14.537+0000] {local_task_job_runner.py:240} INFO - Task exited with return code 0
[2026-06-04T04:50:14.555+0000] {taskinstance.py:3498} INFO - 0 downstream tasks scheduled from follow-on schedule check
[2026-06-04T04:50:14.559+0000] {local_task_job_runner.py:222} INFO - ::endgroup::
