[2026-06-04T06:50:05.223+0000] {local_task_job_runner.py:120} INFO - ::group::Pre task execution logs
[2026-06-04T06:50:05.306+0000] {taskinstance.py:2076} INFO - Dependencies all met for dep_context=non-requeueable deps ti=<TaskInstance: postgres_to_s3_pipeline.run_pipeline_1 scheduled__2026-06-04T06:45:00+00:00 [queued]>
[2026-06-04T06:50:05.338+0000] {taskinstance.py:2076} INFO - Dependencies all met for dep_context=requeueable deps ti=<TaskInstance: postgres_to_s3_pipeline.run_pipeline_1 scheduled__2026-06-04T06:45:00+00:00 [queued]>
[2026-06-04T06:50:05.340+0000] {taskinstance.py:2306} INFO - Starting attempt 1 of 2
[2026-06-04T06:50:05.385+0000] {taskinstance.py:2330} INFO - Executing <Task(BashOperator): run_pipeline_1> on 2026-06-04 06:45:00+00:00
[2026-06-04T06:50:05.418+0000] {standard_task_runner.py:90} INFO - Running: ['***', 'tasks', 'run', 'postgres_to_s3_pipeline', 'run_pipeline_1', 'scheduled__2026-06-04T06:45:00+00:00', '--job-id', '257', '--raw', '--subdir', 'DAGS_FOLDER/dynamic_pipeline_generator.py', '--cfg-path', '/tmp/tmpnfrf7o9l']
[2026-06-04T06:50:05.432+0000] {standard_task_runner.py:91} INFO - Job 257: Subtask run_pipeline_1
[2026-06-04T06:50:05.481+0000] {logging_mixin.py:188} WARNING - /home/***/.local/lib/python3.12/site-packages/***/task/task_runner/standard_task_runner.py:61 DeprecationWarning: This process (pid=4405) is multi-threaded, use of fork() may lead to deadlocks in the child.
[2026-06-04T06:50:05.485+0000] {standard_task_runner.py:63} INFO - Started process 4409 to run task
[2026-06-04T06:50:05.641+0000] {task_command.py:426} INFO - Running <TaskInstance: postgres_to_s3_pipeline.run_pipeline_1 scheduled__2026-06-04T06:45:00+00:00 [running]> on host b044b6a9b6bd
[2026-06-04T06:50:06.088+0000] {taskinstance.py:2648} INFO - Exporting env vars: AIRFLOW_CTX_DAG_OWNER='subashri' AIRFLOW_CTX_DAG_ID='postgres_to_s3_pipeline' AIRFLOW_CTX_TASK_ID='run_pipeline_1' AIRFLOW_CTX_EXECUTION_DATE='2026-06-04T06:45:00+00:00' AIRFLOW_CTX_TRY_NUMBER='1' AIRFLOW_CTX_DAG_RUN_ID='scheduled__2026-06-04T06:45:00+00:00'
[2026-06-04T06:50:06.096+0000] {taskinstance.py:430} INFO - ::endgroup::
[2026-06-04T06:50:06.172+0000] {subprocess.py:63} INFO - Tmp dir root location: /tmp
[2026-06-04T06:50:06.180+0000] {subprocess.py:75} INFO - Running command: ['/usr/bin/bash', '-c', 'cd /opt/***/src && python main.py 1']
[2026-06-04T06:50:06.258+0000] {subprocess.py:86} INFO - Output:
[2026-06-04T06:50:24.415+0000] {subprocess.py:93} INFO - 
[2026-06-04T06:50:24.418+0000] {subprocess.py:93} INFO - ===================================
[2026-06-04T06:50:24.422+0000] {subprocess.py:93} INFO - DATABASE CONNECTION CONFIG
[2026-06-04T06:50:24.424+0000] {subprocess.py:93} INFO - ===================================
[2026-06-04T06:50:24.425+0000] {subprocess.py:93} INFO - DB TYPE   : postgres
[2026-06-04T06:50:24.426+0000] {subprocess.py:93} INFO - HOST      : 3.107.8.33
[2026-06-04T06:50:24.427+0000] {subprocess.py:93} INFO - PORT      : 5432
[2026-06-04T06:50:24.428+0000] {subprocess.py:93} INFO - DATABASE  : metadata_db
[2026-06-04T06:50:24.429+0000] {subprocess.py:93} INFO - USERNAME  : teamuser
[2026-06-04T06:50:24.430+0000] {subprocess.py:93} INFO - ===================================
[2026-06-04T06:50:24.431+0000] {subprocess.py:93} INFO - 
[2026-06-04T06:50:24.432+0000] {subprocess.py:93} INFO - Connected to POSTGRES successfully.
[2026-06-04T06:50:24.433+0000] {subprocess.py:93} INFO - 
[2026-06-04T06:50:24.434+0000] {subprocess.py:93} INFO - Running pipeline: postgres_to_s3_pipeline (db_to_storage)
[2026-06-04T06:50:24.435+0000] {subprocess.py:93} INFO - 
[2026-06-04T06:50:24.436+0000] {subprocess.py:93} INFO - ===================================
[2026-06-04T06:50:24.437+0000] {subprocess.py:93} INFO - DATABASE CONNECTION CONFIG
[2026-06-04T06:50:24.438+0000] {subprocess.py:93} INFO - ===================================
[2026-06-04T06:50:24.439+0000] {subprocess.py:93} INFO - DB TYPE   : postgres
[2026-06-04T06:50:24.440+0000] {subprocess.py:93} INFO - HOST      : 3.107.8.33
[2026-06-04T06:50:24.442+0000] {subprocess.py:93} INFO - PORT      : 5432
[2026-06-04T06:50:24.443+0000] {subprocess.py:93} INFO - DATABASE  : udifdb
[2026-06-04T06:50:24.444+0000] {subprocess.py:93} INFO - USERNAME  : teamuser
[2026-06-04T06:50:24.446+0000] {subprocess.py:93} INFO - ===================================
[2026-06-04T06:50:24.449+0000] {subprocess.py:93} INFO - 
[2026-06-04T06:50:24.450+0000] {subprocess.py:93} INFO - Connected to POSTGRES successfully.
[2026-06-04T06:50:24.452+0000] {subprocess.py:93} INFO - Completed: 4653 rows processed
[2026-06-04T06:50:24.848+0000] {subprocess.py:97} INFO - Command exited with return code 0
[2026-06-04T06:50:24.852+0000] {taskinstance.py:441} INFO - ::group::Post task execution logs
[2026-06-04T06:50:24.910+0000] {taskinstance.py:1206} INFO - Marking task as SUCCESS. dag_id=postgres_to_s3_pipeline, task_id=run_pipeline_1, run_id=scheduled__2026-06-04T06:45:00+00:00, execution_date=20260604T064500, start_date=20260604T065005, end_date=20260604T065024
[2026-06-04T06:50:24.970+0000] {local_task_job_runner.py:240} INFO - Task exited with return code 0
[2026-06-04T06:50:25.009+0000] {taskinstance.py:3498} INFO - 0 downstream tasks scheduled from follow-on schedule check
[2026-06-04T06:50:25.013+0000] {local_task_job_runner.py:222} INFO - ::endgroup::
