[2026-06-04T04:40:02.680+0000] {local_task_job_runner.py:120} INFO - ::group::Pre task execution logs
[2026-06-04T04:40:02.706+0000] {taskinstance.py:2076} INFO - Dependencies all met for dep_context=non-requeueable deps ti=<TaskInstance: postgres_to_local_pipeline.run_pipeline_2 scheduled__2026-06-04T04:35:00+00:00 [queued]>
[2026-06-04T04:40:02.716+0000] {taskinstance.py:2076} INFO - Dependencies all met for dep_context=requeueable deps ti=<TaskInstance: postgres_to_local_pipeline.run_pipeline_2 scheduled__2026-06-04T04:35:00+00:00 [queued]>
[2026-06-04T04:40:02.717+0000] {taskinstance.py:2306} INFO - Starting attempt 1 of 2
[2026-06-04T04:40:02.729+0000] {taskinstance.py:2330} INFO - Executing <Task(BashOperator): run_pipeline_2> on 2026-06-04 04:35:00+00:00
[2026-06-04T04:40:02.736+0000] {standard_task_runner.py:90} INFO - Running: ['***', 'tasks', 'run', 'postgres_to_local_pipeline', 'run_pipeline_2', 'scheduled__2026-06-04T04:35:00+00:00', '--job-id', '200', '--raw', '--subdir', 'DAGS_FOLDER/dynamic_pipeline_generator.py', '--cfg-path', '/tmp/tmp87q98k13']
[2026-06-04T04:40:02.738+0000] {logging_mixin.py:188} WARNING - /home/***/.local/lib/python3.12/site-packages/***/task/task_runner/standard_task_runner.py:61 DeprecationWarning: This process (pid=1070) is multi-threaded, use of fork() may lead to deadlocks in the child.
[2026-06-04T04:40:02.739+0000] {standard_task_runner.py:91} INFO - Job 200: Subtask run_pipeline_2
[2026-06-04T04:40:02.740+0000] {standard_task_runner.py:63} INFO - Started process 1071 to run task
[2026-06-04T04:40:02.790+0000] {task_command.py:426} INFO - Running <TaskInstance: postgres_to_local_pipeline.run_pipeline_2 scheduled__2026-06-04T04:35:00+00:00 [running]> on host b044b6a9b6bd
[2026-06-04T04:40:02.880+0000] {taskinstance.py:2648} INFO - Exporting env vars: AIRFLOW_CTX_DAG_OWNER='subashri' AIRFLOW_CTX_DAG_ID='postgres_to_local_pipeline' AIRFLOW_CTX_TASK_ID='run_pipeline_2' AIRFLOW_CTX_EXECUTION_DATE='2026-06-04T04:35:00+00:00' AIRFLOW_CTX_TRY_NUMBER='1' AIRFLOW_CTX_DAG_RUN_ID='scheduled__2026-06-04T04:35:00+00:00'
[2026-06-04T04:40:02.881+0000] {taskinstance.py:430} INFO - ::endgroup::
[2026-06-04T04:40:02.899+0000] {subprocess.py:63} INFO - Tmp dir root location: /tmp
[2026-06-04T04:40:02.900+0000] {subprocess.py:75} INFO - Running command: ['/usr/bin/bash', '-c', 'cd /opt/***/src && python main.py 2']
[2026-06-04T04:40:02.909+0000] {subprocess.py:86} INFO - Output:
[2026-06-04T04:40:34.418+0000] {subprocess.py:93} INFO - 
[2026-06-04T04:40:34.420+0000] {subprocess.py:93} INFO - ===================================
[2026-06-04T04:40:34.422+0000] {subprocess.py:93} INFO - DATABASE CONNECTION CONFIG
[2026-06-04T04:40:34.423+0000] {subprocess.py:93} INFO - ===================================
[2026-06-04T04:40:34.424+0000] {subprocess.py:93} INFO - DB TYPE   : postgres
[2026-06-04T04:40:34.426+0000] {subprocess.py:93} INFO - HOST      : 3.107.8.33
[2026-06-04T04:40:34.427+0000] {subprocess.py:93} INFO - PORT      : 5432
[2026-06-04T04:40:34.428+0000] {subprocess.py:93} INFO - DATABASE  : metadata_db
[2026-06-04T04:40:34.429+0000] {subprocess.py:93} INFO - USERNAME  : teamuser
[2026-06-04T04:40:34.430+0000] {subprocess.py:93} INFO - ===================================
[2026-06-04T04:40:34.431+0000] {subprocess.py:93} INFO - 
[2026-06-04T04:40:34.433+0000] {subprocess.py:93} INFO - Connected to POSTGRES successfully.
[2026-06-04T04:40:34.434+0000] {subprocess.py:93} INFO - 
[2026-06-04T04:40:34.435+0000] {subprocess.py:93} INFO - Running pipeline: postgres_to_local_pipeline (db_to_storage)
[2026-06-04T04:40:34.436+0000] {subprocess.py:93} INFO - 
[2026-06-04T04:40:34.437+0000] {subprocess.py:93} INFO - ===================================
[2026-06-04T04:40:34.437+0000] {subprocess.py:93} INFO - DATABASE CONNECTION CONFIG
[2026-06-04T04:40:34.438+0000] {subprocess.py:93} INFO - ===================================
[2026-06-04T04:40:34.439+0000] {subprocess.py:93} INFO - DB TYPE   : postgres
[2026-06-04T04:40:34.440+0000] {subprocess.py:93} INFO - HOST      : 3.107.8.33
[2026-06-04T04:40:34.441+0000] {subprocess.py:93} INFO - PORT      : 5432
[2026-06-04T04:40:34.442+0000] {subprocess.py:93} INFO - DATABASE  : udifdb
[2026-06-04T04:40:34.443+0000] {subprocess.py:93} INFO - USERNAME  : teamuser
[2026-06-04T04:40:34.444+0000] {subprocess.py:93} INFO - ===================================
[2026-06-04T04:40:34.445+0000] {subprocess.py:93} INFO - 
[2026-06-04T04:40:34.446+0000] {subprocess.py:93} INFO - Connected to POSTGRES successfully.
[2026-06-04T04:40:34.447+0000] {subprocess.py:93} INFO - Completed: 4653 rows processed
[2026-06-04T04:40:34.591+0000] {subprocess.py:97} INFO - Command exited with return code 0
[2026-06-04T04:40:34.592+0000] {taskinstance.py:441} INFO - ::group::Post task execution logs
[2026-06-04T04:40:34.628+0000] {taskinstance.py:1206} INFO - Marking task as SUCCESS. dag_id=postgres_to_local_pipeline, task_id=run_pipeline_2, run_id=scheduled__2026-06-04T04:35:00+00:00, execution_date=20260604T043500, start_date=20260604T044002, end_date=20260604T044034
[2026-06-04T04:40:34.687+0000] {local_task_job_runner.py:240} INFO - Task exited with return code 0
[2026-06-04T04:40:34.700+0000] {taskinstance.py:3498} INFO - 0 downstream tasks scheduled from follow-on schedule check
[2026-06-04T04:40:34.704+0000] {local_task_job_runner.py:222} INFO - ::endgroup::
