[2026-06-04T07:15:03.596+0000] {local_task_job_runner.py:120} INFO - ::group::Pre task execution logs
[2026-06-04T07:15:03.752+0000] {taskinstance.py:2076} INFO - Dependencies all met for dep_context=non-requeueable deps ti=<TaskInstance: postgres_to_postgres_pipeline.run_pipeline_3 scheduled__2026-06-04T07:10:00+00:00 [queued]>
[2026-06-04T07:15:03.779+0000] {taskinstance.py:2076} INFO - Dependencies all met for dep_context=requeueable deps ti=<TaskInstance: postgres_to_postgres_pipeline.run_pipeline_3 scheduled__2026-06-04T07:10:00+00:00 [queued]>
[2026-06-04T07:15:03.781+0000] {taskinstance.py:2306} INFO - Starting attempt 1 of 2
[2026-06-04T07:15:03.855+0000] {taskinstance.py:2330} INFO - Executing <Task(BashOperator): run_pipeline_3> on 2026-06-04 07:10:00+00:00
[2026-06-04T07:15:03.905+0000] {standard_task_runner.py:90} INFO - Running: ['***', 'tasks', 'run', 'postgres_to_postgres_pipeline', 'run_pipeline_3', 'scheduled__2026-06-04T07:10:00+00:00', '--job-id', '293', '--raw', '--subdir', 'DAGS_FOLDER/dynamic_pipeline_generator.py', '--cfg-path', '/tmp/tmpczloel90']
[2026-06-04T07:15:03.919+0000] {standard_task_runner.py:91} INFO - Job 293: Subtask run_pipeline_3
[2026-06-04T07:15:03.960+0000] {logging_mixin.py:188} WARNING - /home/***/.local/lib/python3.12/site-packages/***/task/task_runner/standard_task_runner.py:61 DeprecationWarning: This process (pid=5421) is multi-threaded, use of fork() may lead to deadlocks in the child.
[2026-06-04T07:15:03.976+0000] {standard_task_runner.py:63} INFO - Started process 5428 to run task
[2026-06-04T07:15:04.192+0000] {task_command.py:426} INFO - Running <TaskInstance: postgres_to_postgres_pipeline.run_pipeline_3 scheduled__2026-06-04T07:10:00+00:00 [running]> on host b044b6a9b6bd
[2026-06-04T07:15:04.695+0000] {taskinstance.py:2648} INFO - Exporting env vars: AIRFLOW_CTX_DAG_OWNER='subashri' AIRFLOW_CTX_DAG_ID='postgres_to_postgres_pipeline' AIRFLOW_CTX_TASK_ID='run_pipeline_3' AIRFLOW_CTX_EXECUTION_DATE='2026-06-04T07:10:00+00:00' AIRFLOW_CTX_TRY_NUMBER='1' AIRFLOW_CTX_DAG_RUN_ID='scheduled__2026-06-04T07:10:00+00:00'
[2026-06-04T07:15:04.699+0000] {taskinstance.py:430} INFO - ::endgroup::
[2026-06-04T07:15:04.899+0000] {subprocess.py:63} INFO - Tmp dir root location: /tmp
[2026-06-04T07:15:04.921+0000] {subprocess.py:75} INFO - Running command: ['/usr/bin/bash', '-c', 'cd /opt/***/src && python main.py 3']
[2026-06-04T07:15:05.074+0000] {subprocess.py:86} INFO - Output:
[2026-06-04T07:15:26.770+0000] {subprocess.py:93} INFO - 
[2026-06-04T07:15:26.780+0000] {subprocess.py:93} INFO - ===================================
[2026-06-04T07:15:26.782+0000] {subprocess.py:93} INFO - DATABASE CONNECTION CONFIG
[2026-06-04T07:15:26.786+0000] {subprocess.py:93} INFO - ===================================
[2026-06-04T07:15:26.788+0000] {subprocess.py:93} INFO - DB TYPE   : postgres
[2026-06-04T07:15:26.789+0000] {subprocess.py:93} INFO - HOST      : 3.107.8.33
[2026-06-04T07:15:26.790+0000] {subprocess.py:93} INFO - PORT      : 5432
[2026-06-04T07:15:26.792+0000] {subprocess.py:93} INFO - DATABASE  : metadata_db
[2026-06-04T07:15:26.793+0000] {subprocess.py:93} INFO - USERNAME  : teamuser
[2026-06-04T07:15:26.794+0000] {subprocess.py:93} INFO - ===================================
[2026-06-04T07:15:26.796+0000] {subprocess.py:93} INFO - 
[2026-06-04T07:15:26.797+0000] {subprocess.py:93} INFO - Connected to POSTGRES successfully.
[2026-06-04T07:15:26.798+0000] {subprocess.py:93} INFO - 
[2026-06-04T07:15:26.800+0000] {subprocess.py:93} INFO - Running pipeline: postgres_to_postgres_pipeline (db_to_db)
[2026-06-04T07:15:26.802+0000] {subprocess.py:93} INFO - 
[2026-06-04T07:15:26.804+0000] {subprocess.py:93} INFO - ===================================
[2026-06-04T07:15:26.805+0000] {subprocess.py:93} INFO - DATABASE CONNECTION CONFIG
[2026-06-04T07:15:26.806+0000] {subprocess.py:93} INFO - ===================================
[2026-06-04T07:15:26.808+0000] {subprocess.py:93} INFO - DB TYPE   : postgres
[2026-06-04T07:15:26.810+0000] {subprocess.py:93} INFO - HOST      : 3.107.8.33
[2026-06-04T07:15:26.811+0000] {subprocess.py:93} INFO - PORT      : 5432
[2026-06-04T07:15:26.812+0000] {subprocess.py:93} INFO - DATABASE  : udifdb
[2026-06-04T07:15:26.814+0000] {subprocess.py:93} INFO - USERNAME  : teamuser
[2026-06-04T07:15:26.816+0000] {subprocess.py:93} INFO - ===================================
[2026-06-04T07:15:26.817+0000] {subprocess.py:93} INFO - 
[2026-06-04T07:15:26.819+0000] {subprocess.py:93} INFO - Connected to POSTGRES successfully.
[2026-06-04T07:15:26.820+0000] {subprocess.py:93} INFO - Completed: 4653 rows processed
[2026-06-04T07:15:27.125+0000] {subprocess.py:97} INFO - Command exited with return code 0
[2026-06-04T07:15:27.128+0000] {taskinstance.py:441} INFO - ::group::Post task execution logs
[2026-06-04T07:15:27.199+0000] {taskinstance.py:1206} INFO - Marking task as SUCCESS. dag_id=postgres_to_postgres_pipeline, task_id=run_pipeline_3, run_id=scheduled__2026-06-04T07:10:00+00:00, execution_date=20260604T071000, start_date=20260604T071503, end_date=20260604T071527
[2026-06-04T07:15:27.282+0000] {local_task_job_runner.py:240} INFO - Task exited with return code 0
[2026-06-04T07:15:27.322+0000] {taskinstance.py:3498} INFO - 0 downstream tasks scheduled from follow-on schedule check
[2026-06-04T07:15:27.326+0000] {local_task_job_runner.py:222} INFO - ::endgroup::
