[2026-06-04T05:10:03.397+0000] {local_task_job_runner.py:120} INFO - ::group::Pre task execution logs
[2026-06-04T05:10:03.428+0000] {taskinstance.py:2076} INFO - Dependencies all met for dep_context=non-requeueable deps ti=<TaskInstance: local_to_s3_pipeline.run_pipeline_6 scheduled__2026-06-04T05:05:00+00:00 [queued]>
[2026-06-04T05:10:03.439+0000] {taskinstance.py:2076} INFO - Dependencies all met for dep_context=requeueable deps ti=<TaskInstance: local_to_s3_pipeline.run_pipeline_6 scheduled__2026-06-04T05:05:00+00:00 [queued]>
[2026-06-04T05:10:03.440+0000] {taskinstance.py:2306} INFO - Starting attempt 1 of 2
[2026-06-04T05:10:03.455+0000] {taskinstance.py:2330} INFO - Executing <Task(BashOperator): run_pipeline_6> on 2026-06-04 05:05:00+00:00
[2026-06-04T05:10:03.463+0000] {standard_task_runner.py:90} INFO - Running: ['***', 'tasks', 'run', 'local_to_s3_pipeline', 'run_pipeline_6', 'scheduled__2026-06-04T05:05:00+00:00', '--job-id', '207', '--raw', '--subdir', 'DAGS_FOLDER/dynamic_pipeline_generator.py', '--cfg-path', '/tmp/tmpq3har7ee']
[2026-06-04T05:10:03.466+0000] {standard_task_runner.py:91} INFO - Job 207: Subtask run_pipeline_6
[2026-06-04T05:10:03.467+0000] {logging_mixin.py:188} WARNING - /home/***/.local/lib/python3.12/site-packages/***/task/task_runner/standard_task_runner.py:61 DeprecationWarning: This process (pid=1697) is multi-threaded, use of fork() may lead to deadlocks in the child.
[2026-06-04T05:10:03.468+0000] {standard_task_runner.py:63} INFO - Started process 1698 to run task
[2026-06-04T05:10:03.513+0000] {task_command.py:426} INFO - Running <TaskInstance: local_to_s3_pipeline.run_pipeline_6 scheduled__2026-06-04T05:05:00+00:00 [running]> on host b044b6a9b6bd
[2026-06-04T05:10:03.596+0000] {taskinstance.py:2648} INFO - Exporting env vars: AIRFLOW_CTX_DAG_OWNER='subashri' AIRFLOW_CTX_DAG_ID='local_to_s3_pipeline' AIRFLOW_CTX_TASK_ID='run_pipeline_6' AIRFLOW_CTX_EXECUTION_DATE='2026-06-04T05:05:00+00:00' AIRFLOW_CTX_TRY_NUMBER='1' AIRFLOW_CTX_DAG_RUN_ID='scheduled__2026-06-04T05:05:00+00:00'
[2026-06-04T05:10:03.597+0000] {taskinstance.py:430} INFO - ::endgroup::
[2026-06-04T05:10:03.613+0000] {subprocess.py:63} INFO - Tmp dir root location: /tmp
[2026-06-04T05:10:03.615+0000] {subprocess.py:75} INFO - Running command: ['/usr/bin/bash', '-c', 'cd /opt/***/src && python main.py 6']
[2026-06-04T05:10:03.624+0000] {subprocess.py:86} INFO - Output:
[2026-06-04T05:10:09.666+0000] {subprocess.py:93} INFO - 
[2026-06-04T05:10:09.667+0000] {subprocess.py:93} INFO - ===================================
[2026-06-04T05:10:09.667+0000] {subprocess.py:93} INFO - DATABASE CONNECTION CONFIG
[2026-06-04T05:10:09.668+0000] {subprocess.py:93} INFO - ===================================
[2026-06-04T05:10:09.669+0000] {subprocess.py:93} INFO - DB TYPE   : postgres
[2026-06-04T05:10:09.669+0000] {subprocess.py:93} INFO - HOST      : 3.107.8.33
[2026-06-04T05:10:09.670+0000] {subprocess.py:93} INFO - PORT      : 5432
[2026-06-04T05:10:09.670+0000] {subprocess.py:93} INFO - DATABASE  : metadata_db
[2026-06-04T05:10:09.670+0000] {subprocess.py:93} INFO - USERNAME  : teamuser
[2026-06-04T05:10:09.671+0000] {subprocess.py:93} INFO - ===================================
[2026-06-04T05:10:09.671+0000] {subprocess.py:93} INFO - 
[2026-06-04T05:10:09.672+0000] {subprocess.py:93} INFO - Connected to POSTGRES successfully.
[2026-06-04T05:10:09.672+0000] {subprocess.py:93} INFO - 
[2026-06-04T05:10:09.673+0000] {subprocess.py:93} INFO - Running pipeline: local_to_s3_pipeline (storage_to_storage)
[2026-06-04T05:10:09.673+0000] {subprocess.py:93} INFO - ❌ Failed: Unsupported pipeline mode: storage_to_storage
[2026-06-04T05:10:09.825+0000] {subprocess.py:97} INFO - Command exited with return code 0
[2026-06-04T05:10:09.826+0000] {taskinstance.py:441} INFO - ::group::Post task execution logs
[2026-06-04T05:10:09.850+0000] {taskinstance.py:1206} INFO - Marking task as SUCCESS. dag_id=local_to_s3_pipeline, task_id=run_pipeline_6, run_id=scheduled__2026-06-04T05:05:00+00:00, execution_date=20260604T050500, start_date=20260604T051003, end_date=20260604T051009
[2026-06-04T05:10:09.907+0000] {local_task_job_runner.py:240} INFO - Task exited with return code 0
[2026-06-04T05:10:09.932+0000] {taskinstance.py:3498} INFO - 0 downstream tasks scheduled from follow-on schedule check
[2026-06-04T05:10:09.937+0000] {local_task_job_runner.py:222} INFO - ::endgroup::
