[2026-06-01T07:16:59.643+0000] {local_task_job_runner.py:120} INFO - ::group::Pre task execution logs
[2026-06-01T07:16:59.673+0000] {taskinstance.py:2076} INFO - Dependencies all met for dep_context=non-requeueable deps ti=<TaskInstance: dynamic_metadata_pipeline.run_pipeline_2 manual__2026-06-01T07:11:14.315494+00:00 [queued]>
[2026-06-01T07:16:59.684+0000] {taskinstance.py:2076} INFO - Dependencies all met for dep_context=requeueable deps ti=<TaskInstance: dynamic_metadata_pipeline.run_pipeline_2 manual__2026-06-01T07:11:14.315494+00:00 [queued]>
[2026-06-01T07:16:59.687+0000] {taskinstance.py:2306} INFO - Starting attempt 2 of 2
[2026-06-01T07:16:59.702+0000] {taskinstance.py:2330} INFO - Executing <Task(BashOperator): run_pipeline_2> on 2026-06-01 07:11:14.315494+00:00
[2026-06-01T07:16:59.709+0000] {standard_task_runner.py:90} INFO - Running: ['***', 'tasks', 'run', 'dynamic_metadata_pipeline', 'run_pipeline_2', 'manual__2026-06-01T07:11:14.315494+00:00', '--job-id', '75', '--raw', '--subdir', 'DAGS_FOLDER/dynamic_pipeline_dag.py', '--cfg-path', '/tmp/tmpumpcv3wf']
[2026-06-01T07:16:59.713+0000] {logging_mixin.py:188} WARNING - /home/***/.local/lib/python3.12/site-packages/***/task/task_runner/standard_task_runner.py:61 DeprecationWarning: This process (pid=529) is multi-threaded, use of fork() may lead to deadlocks in the child.
[2026-06-01T07:16:59.713+0000] {standard_task_runner.py:91} INFO - Job 75: Subtask run_pipeline_2
[2026-06-01T07:16:59.714+0000] {standard_task_runner.py:63} INFO - Started process 533 to run task
[2026-06-01T07:16:59.760+0000] {task_command.py:426} INFO - Running <TaskInstance: dynamic_metadata_pipeline.run_pipeline_2 manual__2026-06-01T07:11:14.315494+00:00 [running]> on host 1103cbeaed03
[2026-06-01T07:16:59.842+0000] {taskinstance.py:2648} INFO - Exporting env vars: AIRFLOW_CTX_DAG_OWNER='subashri' AIRFLOW_CTX_DAG_ID='dynamic_metadata_pipeline' AIRFLOW_CTX_TASK_ID='run_pipeline_2' AIRFLOW_CTX_EXECUTION_DATE='2026-06-01T07:11:14.315494+00:00' AIRFLOW_CTX_TRY_NUMBER='2' AIRFLOW_CTX_DAG_RUN_ID='manual__2026-06-01T07:11:14.315494+00:00'
[2026-06-01T07:16:59.843+0000] {taskinstance.py:430} INFO - ::endgroup::
[2026-06-01T07:16:59.868+0000] {subprocess.py:63} INFO - Tmp dir root location: /tmp
[2026-06-01T07:16:59.870+0000] {subprocess.py:75} INFO - Running command: ['/usr/bin/bash', '-c', 'cd /opt/***/src && python main.py 2']
[2026-06-01T07:16:59.880+0000] {subprocess.py:86} INFO - Output:
[2026-06-01T07:17:05.416+0000] {subprocess.py:93} INFO - Using CPU. Note: This module is much faster with a GPU.
[2026-06-01T07:17:15.065+0000] {subprocess.py:93} INFO - 
[2026-06-01T07:17:15.070+0000] {subprocess.py:93} INFO - ===================================
[2026-06-01T07:17:15.071+0000] {subprocess.py:93} INFO - DATABASE CONNECTION CONFIG
[2026-06-01T07:17:15.071+0000] {subprocess.py:93} INFO - ===================================
[2026-06-01T07:17:15.072+0000] {subprocess.py:93} INFO - DB TYPE   : postgres
[2026-06-01T07:17:15.073+0000] {subprocess.py:93} INFO - HOST      : 3.107.8.33
[2026-06-01T07:17:15.074+0000] {subprocess.py:93} INFO - PORT      : 5432
[2026-06-01T07:17:15.075+0000] {subprocess.py:93} INFO - DATABASE  : metadata_db
[2026-06-01T07:17:15.075+0000] {subprocess.py:93} INFO - USERNAME  : teamuser
[2026-06-01T07:17:15.076+0000] {subprocess.py:93} INFO - ===================================
[2026-06-01T07:17:15.077+0000] {subprocess.py:93} INFO - 
[2026-06-01T07:17:15.077+0000] {subprocess.py:93} INFO - Connected to POSTGRES successfully.
[2026-06-01T07:17:15.077+0000] {subprocess.py:93} INFO - 
[2026-06-01T07:17:15.078+0000] {subprocess.py:93} INFO - Running pipeline: postgres_to_local_pipeline (db_to_storage)
[2026-06-01T07:17:15.078+0000] {subprocess.py:93} INFO - 
[2026-06-01T07:17:15.079+0000] {subprocess.py:93} INFO - ===================================
[2026-06-01T07:17:15.079+0000] {subprocess.py:93} INFO - DATABASE CONNECTION CONFIG
[2026-06-01T07:17:15.080+0000] {subprocess.py:93} INFO - ===================================
[2026-06-01T07:17:15.081+0000] {subprocess.py:93} INFO - DB TYPE   : postgres
[2026-06-01T07:17:15.081+0000] {subprocess.py:93} INFO - HOST      : 3.107.8.33
[2026-06-01T07:17:15.082+0000] {subprocess.py:93} INFO - PORT      : 5432
[2026-06-01T07:17:15.082+0000] {subprocess.py:93} INFO - DATABASE  : udifdb
[2026-06-01T07:17:15.083+0000] {subprocess.py:93} INFO - USERNAME  : teamuser
[2026-06-01T07:17:15.084+0000] {subprocess.py:93} INFO - ===================================
[2026-06-01T07:17:15.084+0000] {subprocess.py:93} INFO - 
[2026-06-01T07:17:15.085+0000] {subprocess.py:93} INFO - Connected to POSTGRES successfully.
[2026-06-01T07:17:15.085+0000] {subprocess.py:93} INFO - Completed: 4653 rows processed
[2026-06-01T07:17:16.148+0000] {subprocess.py:97} INFO - Command exited with return code 0
[2026-06-01T07:17:16.151+0000] {taskinstance.py:441} INFO - ::group::Post task execution logs
[2026-06-01T07:17:16.187+0000] {taskinstance.py:1206} INFO - Marking task as SUCCESS. dag_id=dynamic_metadata_pipeline, task_id=run_pipeline_2, run_id=manual__2026-06-01T07:11:14.315494+00:00, execution_date=20260601T071114, start_date=20260601T071659, end_date=20260601T071716
[2026-06-01T07:17:16.243+0000] {local_task_job_runner.py:240} INFO - Task exited with return code 0
[2026-06-01T07:17:16.270+0000] {taskinstance.py:3498} INFO - 0 downstream tasks scheduled from follow-on schedule check
[2026-06-01T07:17:16.274+0000] {local_task_job_runner.py:222} INFO - ::endgroup::
