[2026-06-04T06:45:03.133+0000] {local_task_job_runner.py:120} INFO - ::group::Pre task execution logs
[2026-06-04T06:45:03.232+0000] {taskinstance.py:2076} INFO - Dependencies all met for dep_context=non-requeueable deps ti=<TaskInstance: local_to_postgres_pipeline.run_pipeline_4 scheduled__2026-06-04T06:40:00+00:00 [queued]>
[2026-06-04T06:45:03.264+0000] {taskinstance.py:2076} INFO - Dependencies all met for dep_context=requeueable deps ti=<TaskInstance: local_to_postgres_pipeline.run_pipeline_4 scheduled__2026-06-04T06:40:00+00:00 [queued]>
[2026-06-04T06:45:03.266+0000] {taskinstance.py:2306} INFO - Starting attempt 1 of 2
[2026-06-04T06:45:03.308+0000] {taskinstance.py:2330} INFO - Executing <Task(BashOperator): run_pipeline_4> on 2026-06-04 06:40:00+00:00
[2026-06-04T06:45:03.330+0000] {standard_task_runner.py:90} INFO - Running: ['***', 'tasks', 'run', 'local_to_postgres_pipeline', 'run_pipeline_4', 'scheduled__2026-06-04T06:40:00+00:00', '--job-id', '254', '--raw', '--subdir', 'DAGS_FOLDER/dynamic_pipeline_generator.py', '--cfg-path', '/tmp/tmplpx1pk49']
[2026-06-04T06:45:03.343+0000] {standard_task_runner.py:91} INFO - Job 254: Subtask run_pipeline_4
[2026-06-04T06:45:03.348+0000] {logging_mixin.py:188} WARNING - /home/***/.local/lib/python3.12/site-packages/***/task/task_runner/standard_task_runner.py:61 DeprecationWarning: This process (pid=4198) is multi-threaded, use of fork() may lead to deadlocks in the child.
[2026-06-04T06:45:03.351+0000] {standard_task_runner.py:63} INFO - Started process 4207 to run task
[2026-06-04T06:45:03.481+0000] {task_command.py:426} INFO - Running <TaskInstance: local_to_postgres_pipeline.run_pipeline_4 scheduled__2026-06-04T06:40:00+00:00 [running]> on host b044b6a9b6bd
[2026-06-04T06:45:03.753+0000] {taskinstance.py:2648} INFO - Exporting env vars: AIRFLOW_CTX_DAG_OWNER='subashri' AIRFLOW_CTX_DAG_ID='local_to_postgres_pipeline' AIRFLOW_CTX_TASK_ID='run_pipeline_4' AIRFLOW_CTX_EXECUTION_DATE='2026-06-04T06:40:00+00:00' AIRFLOW_CTX_TRY_NUMBER='1' AIRFLOW_CTX_DAG_RUN_ID='scheduled__2026-06-04T06:40:00+00:00'
[2026-06-04T06:45:03.756+0000] {taskinstance.py:430} INFO - ::endgroup::
[2026-06-04T06:45:03.816+0000] {subprocess.py:63} INFO - Tmp dir root location: /tmp
[2026-06-04T06:45:03.821+0000] {subprocess.py:75} INFO - Running command: ['/usr/bin/bash', '-c', 'cd /opt/***/src && python main.py 4']
[2026-06-04T06:45:03.844+0000] {subprocess.py:86} INFO - Output:
[2026-06-04T06:45:18.021+0000] {subprocess.py:93} INFO - Using CPU. Note: This module is much faster with a GPU.
[2026-06-04T06:47:14.452+0000] {subprocess.py:93} INFO - /home/***/.local/lib/python3.12/site-packages/torch/utils/data/dataloader.py:752: UserWarning: 'pin_memory' argument is set as true but no accelerator is found, then device pinned memory won't be used.
[2026-06-04T06:47:14.545+0000] {subprocess.py:93} INFO -   super().__init__(loader)
[2026-06-04T06:48:26.934+0000] {subprocess.py:93} INFO - 
[2026-06-04T06:48:26.936+0000] {subprocess.py:93} INFO - ===================================
[2026-06-04T06:48:26.936+0000] {subprocess.py:93} INFO - DATABASE CONNECTION CONFIG
[2026-06-04T06:48:26.937+0000] {subprocess.py:93} INFO - ===================================
[2026-06-04T06:48:26.938+0000] {subprocess.py:93} INFO - DB TYPE   : postgres
[2026-06-04T06:48:26.939+0000] {subprocess.py:93} INFO - HOST      : 3.107.8.33
[2026-06-04T06:48:26.940+0000] {subprocess.py:93} INFO - PORT      : 5432
[2026-06-04T06:48:26.940+0000] {subprocess.py:93} INFO - DATABASE  : metadata_db
[2026-06-04T06:48:26.941+0000] {subprocess.py:93} INFO - USERNAME  : teamuser
[2026-06-04T06:48:26.942+0000] {subprocess.py:93} INFO - ===================================
[2026-06-04T06:48:26.943+0000] {subprocess.py:93} INFO - 
[2026-06-04T06:48:26.944+0000] {subprocess.py:93} INFO - Connected to POSTGRES successfully.
[2026-06-04T06:48:26.945+0000] {subprocess.py:93} INFO - 
[2026-06-04T06:48:26.945+0000] {subprocess.py:93} INFO - Running pipeline: local_to_postgres_pipeline (storage_to_db)
[2026-06-04T06:48:26.946+0000] {subprocess.py:93} INFO - Loading table: customer (2 rows)
[2026-06-04T06:48:26.946+0000] {subprocess.py:93} INFO - Loading table: data pic1 (91 rows)
[2026-06-04T06:48:26.947+0000] {subprocess.py:93} INFO - Loading table: employee (20 rows)
[2026-06-04T06:48:26.948+0000] {subprocess.py:93} INFO - Loading table: employee_data (100 rows)
[2026-06-04T06:48:26.949+0000] {subprocess.py:93} INFO - Loading table: sample (2 rows)
[2026-06-04T06:48:26.950+0000] {subprocess.py:93} INFO - Loading table: word (12 rows)
[2026-06-04T06:48:26.950+0000] {subprocess.py:93} INFO - Processed total rows: 227
[2026-06-04T06:48:26.951+0000] {subprocess.py:93} INFO - Completed: 227 rows processed
[2026-06-04T06:48:27.938+0000] {subprocess.py:97} INFO - Command exited with return code 0
[2026-06-04T06:48:27.954+0000] {taskinstance.py:441} INFO - ::group::Post task execution logs
[2026-06-04T06:48:28.029+0000] {taskinstance.py:1206} INFO - Marking task as SUCCESS. dag_id=local_to_postgres_pipeline, task_id=run_pipeline_4, run_id=scheduled__2026-06-04T06:40:00+00:00, execution_date=20260604T064000, start_date=20260604T064503, end_date=20260604T064828
[2026-06-04T06:48:28.110+0000] {local_task_job_runner.py:240} INFO - Task exited with return code 0
[2026-06-04T06:48:28.222+0000] {taskinstance.py:3498} INFO - 0 downstream tasks scheduled from follow-on schedule check
[2026-06-04T06:48:28.229+0000] {local_task_job_runner.py:222} INFO - ::endgroup::
