[2026-06-03T16:50:02.935+0000] {local_task_job_runner.py:120} INFO - ::group::Pre task execution logs
[2026-06-03T16:50:02.969+0000] {taskinstance.py:2076} INFO - Dependencies all met for dep_context=non-requeueable deps ti=<TaskInstance: postgres_to_s3_pipeline.run_pipeline_1 scheduled__2026-06-03T16:45:00+00:00 [queued]>
[2026-06-03T16:50:02.980+0000] {taskinstance.py:2076} INFO - Dependencies all met for dep_context=requeueable deps ti=<TaskInstance: postgres_to_s3_pipeline.run_pipeline_1 scheduled__2026-06-03T16:45:00+00:00 [queued]>
[2026-06-03T16:50:02.982+0000] {taskinstance.py:2306} INFO - Starting attempt 1 of 2
[2026-06-03T16:50:03.007+0000] {taskinstance.py:2330} INFO - Executing <Task(BashOperator): run_pipeline_1> on 2026-06-03 16:45:00+00:00
[2026-06-03T16:50:03.015+0000] {standard_task_runner.py:90} INFO - Running: ['***', 'tasks', 'run', 'postgres_to_s3_pipeline', 'run_pipeline_1', 'scheduled__2026-06-03T16:45:00+00:00', '--job-id', '190', '--raw', '--subdir', 'DAGS_FOLDER/dynamic_pipeline_generator.py', '--cfg-path', '/tmp/tmpj8zvtyzz']
[2026-06-03T16:50:03.018+0000] {logging_mixin.py:188} WARNING - /home/***/.local/lib/python3.12/site-packages/***/task/task_runner/standard_task_runner.py:61 DeprecationWarning: This process (pid=1523) is multi-threaded, use of fork() may lead to deadlocks in the child.
[2026-06-03T16:50:03.018+0000] {standard_task_runner.py:91} INFO - Job 190: Subtask run_pipeline_1
[2026-06-03T16:50:03.019+0000] {standard_task_runner.py:63} INFO - Started process 1536 to run task
[2026-06-03T16:50:03.070+0000] {task_command.py:426} INFO - Running <TaskInstance: postgres_to_s3_pipeline.run_pipeline_1 scheduled__2026-06-03T16:45:00+00:00 [running]> on host 6efe7055fb80
[2026-06-03T16:50:03.173+0000] {taskinstance.py:2648} INFO - Exporting env vars: AIRFLOW_CTX_DAG_OWNER='subashri' AIRFLOW_CTX_DAG_ID='postgres_to_s3_pipeline' AIRFLOW_CTX_TASK_ID='run_pipeline_1' AIRFLOW_CTX_EXECUTION_DATE='2026-06-03T16:45:00+00:00' AIRFLOW_CTX_TRY_NUMBER='1' AIRFLOW_CTX_DAG_RUN_ID='scheduled__2026-06-03T16:45:00+00:00'
[2026-06-03T16:50:03.174+0000] {taskinstance.py:430} INFO - ::endgroup::
[2026-06-03T16:50:03.193+0000] {subprocess.py:63} INFO - Tmp dir root location: /tmp
[2026-06-03T16:50:03.195+0000] {subprocess.py:75} INFO - Running command: ['/usr/bin/bash', '-c', 'cd /opt/***/src && python main.py 1']
[2026-06-03T16:50:03.206+0000] {subprocess.py:86} INFO - Output:
[2026-06-03T16:50:15.082+0000] {subprocess.py:93} INFO - 
[2026-06-03T16:50:15.086+0000] {subprocess.py:93} INFO - ===================================
[2026-06-03T16:50:15.090+0000] {subprocess.py:93} INFO - DATABASE CONNECTION CONFIG
[2026-06-03T16:50:15.093+0000] {subprocess.py:93} INFO - ===================================
[2026-06-03T16:50:15.097+0000] {subprocess.py:93} INFO - DB TYPE   : postgres
[2026-06-03T16:50:15.099+0000] {subprocess.py:93} INFO - HOST      : 3.107.8.33
[2026-06-03T16:50:15.103+0000] {subprocess.py:93} INFO - PORT      : 5432
[2026-06-03T16:50:15.106+0000] {subprocess.py:93} INFO - DATABASE  : metadata_db
[2026-06-03T16:50:15.111+0000] {subprocess.py:93} INFO - USERNAME  : teamuser
[2026-06-03T16:50:15.114+0000] {subprocess.py:93} INFO - ===================================
[2026-06-03T16:50:15.117+0000] {subprocess.py:93} INFO - 
[2026-06-03T16:50:15.120+0000] {subprocess.py:93} INFO - Connected to POSTGRES successfully.
[2026-06-03T16:50:15.125+0000] {subprocess.py:93} INFO - 
[2026-06-03T16:50:15.129+0000] {subprocess.py:93} INFO - Running pipeline: postgres_to_s3_pipeline (db_to_storage)
[2026-06-03T16:50:15.132+0000] {subprocess.py:93} INFO - 
[2026-06-03T16:50:15.135+0000] {subprocess.py:93} INFO - ===================================
[2026-06-03T16:50:15.139+0000] {subprocess.py:93} INFO - DATABASE CONNECTION CONFIG
[2026-06-03T16:50:15.143+0000] {subprocess.py:93} INFO - ===================================
[2026-06-03T16:50:15.146+0000] {subprocess.py:93} INFO - DB TYPE   : postgres
[2026-06-03T16:50:15.149+0000] {subprocess.py:93} INFO - HOST      : 3.107.8.33
[2026-06-03T16:50:15.152+0000] {subprocess.py:93} INFO - PORT      : 5432
[2026-06-03T16:50:15.155+0000] {subprocess.py:93} INFO - DATABASE  : udifdb
[2026-06-03T16:50:15.159+0000] {subprocess.py:93} INFO - USERNAME  : teamuser
[2026-06-03T16:50:15.162+0000] {subprocess.py:93} INFO - ===================================
[2026-06-03T16:50:15.166+0000] {subprocess.py:93} INFO - 
[2026-06-03T16:50:15.170+0000] {subprocess.py:93} INFO - Connected to POSTGRES successfully.
[2026-06-03T16:50:15.176+0000] {subprocess.py:93} INFO - Completed: 4653 rows processed
[2026-06-03T16:50:15.416+0000] {subprocess.py:97} INFO - Command exited with return code 0
[2026-06-03T16:50:15.418+0000] {taskinstance.py:441} INFO - ::group::Post task execution logs
[2026-06-03T16:50:15.465+0000] {taskinstance.py:1206} INFO - Marking task as SUCCESS. dag_id=postgres_to_s3_pipeline, task_id=run_pipeline_1, run_id=scheduled__2026-06-03T16:45:00+00:00, execution_date=20260603T164500, start_date=20260603T165002, end_date=20260603T165015
[2026-06-03T16:50:15.508+0000] {local_task_job_runner.py:240} INFO - Task exited with return code 0
[2026-06-03T16:50:15.541+0000] {taskinstance.py:3498} INFO - 0 downstream tasks scheduled from follow-on schedule check
[2026-06-03T16:50:15.547+0000] {local_task_job_runner.py:222} INFO - ::endgroup::
