[2026-06-01T07:17:00.878+0000] {local_task_job_runner.py:120} INFO - ::group::Pre task execution logs
[2026-06-01T07:17:00.911+0000] {taskinstance.py:2076} INFO - Dependencies all met for dep_context=non-requeueable deps ti=<TaskInstance: dynamic_metadata_pipeline.run_pipeline_3 manual__2026-06-01T07:11:14.315494+00:00 [queued]>
[2026-06-01T07:17:00.920+0000] {taskinstance.py:2076} INFO - Dependencies all met for dep_context=requeueable deps ti=<TaskInstance: dynamic_metadata_pipeline.run_pipeline_3 manual__2026-06-01T07:11:14.315494+00:00 [queued]>
[2026-06-01T07:17:00.921+0000] {taskinstance.py:2306} INFO - Starting attempt 2 of 2
[2026-06-01T07:17:00.936+0000] {taskinstance.py:2330} INFO - Executing <Task(BashOperator): run_pipeline_3> on 2026-06-01 07:11:14.315494+00:00
[2026-06-01T07:17:00.947+0000] {logging_mixin.py:188} WARNING - /home/***/.local/lib/python3.12/site-packages/***/task/task_runner/standard_task_runner.py:61 DeprecationWarning: This process (pid=531) is multi-threaded, use of fork() may lead to deadlocks in the child.
[2026-06-01T07:17:00.945+0000] {standard_task_runner.py:90} INFO - Running: ['***', 'tasks', 'run', 'dynamic_metadata_pipeline', 'run_pipeline_3', 'manual__2026-06-01T07:11:14.315494+00:00', '--job-id', '78', '--raw', '--subdir', 'DAGS_FOLDER/dynamic_pipeline_dag.py', '--cfg-path', '/tmp/tmpci5lfk07']
[2026-06-01T07:17:00.949+0000] {standard_task_runner.py:63} INFO - Started process 553 to run task
[2026-06-01T07:17:00.949+0000] {standard_task_runner.py:91} INFO - Job 78: Subtask run_pipeline_3
[2026-06-01T07:17:00.999+0000] {task_command.py:426} INFO - Running <TaskInstance: dynamic_metadata_pipeline.run_pipeline_3 manual__2026-06-01T07:11:14.315494+00:00 [running]> on host 1103cbeaed03
[2026-06-01T07:17:01.101+0000] {taskinstance.py:2648} INFO - Exporting env vars: AIRFLOW_CTX_DAG_OWNER='subashri' AIRFLOW_CTX_DAG_ID='dynamic_metadata_pipeline' AIRFLOW_CTX_TASK_ID='run_pipeline_3' AIRFLOW_CTX_EXECUTION_DATE='2026-06-01T07:11:14.315494+00:00' AIRFLOW_CTX_TRY_NUMBER='2' AIRFLOW_CTX_DAG_RUN_ID='manual__2026-06-01T07:11:14.315494+00:00'
[2026-06-01T07:17:01.102+0000] {taskinstance.py:430} INFO - ::endgroup::
[2026-06-01T07:17:01.149+0000] {subprocess.py:63} INFO - Tmp dir root location: /tmp
[2026-06-01T07:17:01.150+0000] {subprocess.py:75} INFO - Running command: ['/usr/bin/bash', '-c', 'cd /opt/***/src && python main.py 3']
[2026-06-01T07:17:01.172+0000] {subprocess.py:86} INFO - Output:
[2026-06-01T07:17:06.801+0000] {subprocess.py:93} INFO - Using CPU. Note: This module is much faster with a GPU.
[2026-06-01T07:17:21.459+0000] {subprocess.py:93} INFO - 
[2026-06-01T07:17:21.465+0000] {subprocess.py:93} INFO - ===================================
[2026-06-01T07:17:21.466+0000] {subprocess.py:93} INFO - DATABASE CONNECTION CONFIG
[2026-06-01T07:17:21.466+0000] {subprocess.py:93} INFO - ===================================
[2026-06-01T07:17:21.467+0000] {subprocess.py:93} INFO - DB TYPE   : postgres
[2026-06-01T07:17:21.468+0000] {subprocess.py:93} INFO - HOST      : 3.107.8.33
[2026-06-01T07:17:21.468+0000] {subprocess.py:93} INFO - PORT      : 5432
[2026-06-01T07:17:21.469+0000] {subprocess.py:93} INFO - DATABASE  : metadata_db
[2026-06-01T07:17:21.470+0000] {subprocess.py:93} INFO - USERNAME  : teamuser
[2026-06-01T07:17:21.470+0000] {subprocess.py:93} INFO - ===================================
[2026-06-01T07:17:21.471+0000] {subprocess.py:93} INFO - 
[2026-06-01T07:17:21.472+0000] {subprocess.py:93} INFO - Connected to POSTGRES successfully.
[2026-06-01T07:17:21.472+0000] {subprocess.py:93} INFO - 
[2026-06-01T07:17:21.473+0000] {subprocess.py:93} INFO - Running pipeline: postgres_to_postgres_pipeline (db_to_db)
[2026-06-01T07:17:21.473+0000] {subprocess.py:93} INFO - 
[2026-06-01T07:17:21.474+0000] {subprocess.py:93} INFO - ===================================
[2026-06-01T07:17:21.474+0000] {subprocess.py:93} INFO - DATABASE CONNECTION CONFIG
[2026-06-01T07:17:21.475+0000] {subprocess.py:93} INFO - ===================================
[2026-06-01T07:17:21.476+0000] {subprocess.py:93} INFO - DB TYPE   : postgres
[2026-06-01T07:17:21.476+0000] {subprocess.py:93} INFO - HOST      : 3.107.8.33
[2026-06-01T07:17:21.477+0000] {subprocess.py:93} INFO - PORT      : 5432
[2026-06-01T07:17:21.477+0000] {subprocess.py:93} INFO - DATABASE  : udifdb
[2026-06-01T07:17:21.478+0000] {subprocess.py:93} INFO - USERNAME  : teamuser
[2026-06-01T07:17:21.478+0000] {subprocess.py:93} INFO - ===================================
[2026-06-01T07:17:21.479+0000] {subprocess.py:93} INFO - 
[2026-06-01T07:17:21.479+0000] {subprocess.py:93} INFO - Connected to POSTGRES successfully.
[2026-06-01T07:17:21.480+0000] {subprocess.py:93} INFO - Completed: 4653 rows processed
[2026-06-01T07:17:22.490+0000] {subprocess.py:97} INFO - Command exited with return code 0
[2026-06-01T07:17:22.493+0000] {taskinstance.py:441} INFO - ::group::Post task execution logs
[2026-06-01T07:17:22.525+0000] {taskinstance.py:1206} INFO - Marking task as SUCCESS. dag_id=dynamic_metadata_pipeline, task_id=run_pipeline_3, run_id=manual__2026-06-01T07:11:14.315494+00:00, execution_date=20260601T071114, start_date=20260601T071700, end_date=20260601T071722
[2026-06-01T07:17:22.570+0000] {local_task_job_runner.py:240} INFO - Task exited with return code 0
[2026-06-01T07:17:22.590+0000] {taskinstance.py:3498} INFO - 0 downstream tasks scheduled from follow-on schedule check
[2026-06-01T07:17:22.595+0000] {local_task_job_runner.py:222} INFO - ::endgroup::
