[2026-05-30T14:31:26.277+0000] {local_task_job_runner.py:120} INFO - ::group::Pre task execution logs
[2026-05-30T14:31:26.314+0000] {taskinstance.py:2076} INFO - Dependencies all met for dep_context=non-requeueable deps ti=<TaskInstance: dynamic_metadata_pipeline.run_pipeline_4 manual__2026-05-30T14:31:25.847486+00:00 [queued]>
[2026-05-30T14:31:26.323+0000] {taskinstance.py:2076} INFO - Dependencies all met for dep_context=requeueable deps ti=<TaskInstance: dynamic_metadata_pipeline.run_pipeline_4 manual__2026-05-30T14:31:25.847486+00:00 [queued]>
[2026-05-30T14:31:26.324+0000] {taskinstance.py:2306} INFO - Starting attempt 1 of 2
[2026-05-30T14:31:26.339+0000] {taskinstance.py:2330} INFO - Executing <Task(BashOperator): run_pipeline_4> on 2026-05-30 14:31:25.847486+00:00
[2026-05-30T14:31:26.348+0000] {standard_task_runner.py:90} INFO - Running: ['***', 'tasks', 'run', 'dynamic_metadata_pipeline', 'run_pipeline_4', 'manual__2026-05-30T14:31:25.847486+00:00', '--job-id', '55', '--raw', '--subdir', 'DAGS_FOLDER/dynamic_pipeline_dag.py', '--cfg-path', '/tmp/tmp4klwf1_8']
[2026-05-30T14:31:26.352+0000] {standard_task_runner.py:91} INFO - Job 55: Subtask run_pipeline_4
[2026-05-30T14:31:26.352+0000] {logging_mixin.py:188} WARNING - /home/***/.local/lib/python3.12/site-packages/***/task/task_runner/standard_task_runner.py:61 DeprecationWarning: This process (pid=488) is multi-threaded, use of fork() may lead to deadlocks in the child.
[2026-05-30T14:31:26.353+0000] {standard_task_runner.py:63} INFO - Started process 489 to run task
[2026-05-30T14:31:26.409+0000] {task_command.py:426} INFO - Running <TaskInstance: dynamic_metadata_pipeline.run_pipeline_4 manual__2026-05-30T14:31:25.847486+00:00 [running]> on host ca256611781a
[2026-05-30T14:31:26.572+0000] {taskinstance.py:2648} INFO - Exporting env vars: AIRFLOW_CTX_DAG_OWNER='subashri' AIRFLOW_CTX_DAG_ID='dynamic_metadata_pipeline' AIRFLOW_CTX_TASK_ID='run_pipeline_4' AIRFLOW_CTX_EXECUTION_DATE='2026-05-30T14:31:25.847486+00:00' AIRFLOW_CTX_TRY_NUMBER='1' AIRFLOW_CTX_DAG_RUN_ID='manual__2026-05-30T14:31:25.847486+00:00'
[2026-05-30T14:31:26.574+0000] {taskinstance.py:430} INFO - ::endgroup::
[2026-05-30T14:31:26.616+0000] {subprocess.py:63} INFO - Tmp dir root location: /tmp
[2026-05-30T14:31:26.618+0000] {subprocess.py:75} INFO - Running command: ['/usr/bin/bash', '-c', 'cd /opt/***/src && python main.py 4']
[2026-05-30T14:31:26.630+0000] {subprocess.py:86} INFO - Output:
[2026-05-30T14:31:31.268+0000] {subprocess.py:93} INFO - Using CPU. Note: This module is much faster with a GPU.
[2026-05-30T14:31:36.355+0000] {subprocess.py:93} INFO - 
[2026-05-30T14:31:36.357+0000] {subprocess.py:93} INFO - ===================================
[2026-05-30T14:31:36.358+0000] {subprocess.py:93} INFO - DATABASE CONNECTION CONFIG
[2026-05-30T14:31:36.358+0000] {subprocess.py:93} INFO - ===================================
[2026-05-30T14:31:36.359+0000] {subprocess.py:93} INFO - DB TYPE   : postgres
[2026-05-30T14:31:36.360+0000] {subprocess.py:93} INFO - HOST      : 3.25.121.38
[2026-05-30T14:31:36.360+0000] {subprocess.py:93} INFO - PORT      : 5432
[2026-05-30T14:31:36.361+0000] {subprocess.py:93} INFO - DATABASE  : metadata_db
[2026-05-30T14:31:36.361+0000] {subprocess.py:93} INFO - USERNAME  : teamuser
[2026-05-30T14:31:36.362+0000] {subprocess.py:93} INFO - ===================================
[2026-05-30T14:31:36.362+0000] {subprocess.py:93} INFO - 
[2026-05-30T14:31:36.363+0000] {subprocess.py:93} INFO - Connected to POSTGRES successfully.
[2026-05-30T14:31:36.363+0000] {subprocess.py:93} INFO - 
[2026-05-30T14:31:36.363+0000] {subprocess.py:93} INFO - Running pipeline: local_to_postgres_pipeline (storage_to_db)
[2026-05-30T14:31:36.364+0000] {subprocess.py:93} INFO - ❌ Failed: Input path not found: C:\Users\sv117437\Desktop\udif-input
[2026-05-30T14:31:37.419+0000] {subprocess.py:97} INFO - Command exited with return code 0
[2026-05-30T14:31:37.421+0000] {taskinstance.py:441} INFO - ::group::Post task execution logs
[2026-05-30T14:31:37.464+0000] {taskinstance.py:1206} INFO - Marking task as SUCCESS. dag_id=dynamic_metadata_pipeline, task_id=run_pipeline_4, run_id=manual__2026-05-30T14:31:25.847486+00:00, execution_date=20260530T143125, start_date=20260530T143126, end_date=20260530T143137
[2026-05-30T14:31:37.503+0000] {local_task_job_runner.py:240} INFO - Task exited with return code 0
[2026-05-30T14:31:37.532+0000] {taskinstance.py:3498} INFO - 0 downstream tasks scheduled from follow-on schedule check
[2026-05-30T14:31:37.536+0000] {local_task_job_runner.py:222} INFO - ::endgroup::
