[2026-06-03T16:55:03.146+0000] {local_task_job_runner.py:120} INFO - ::group::Pre task execution logs
[2026-06-03T16:55:03.183+0000] {taskinstance.py:2076} INFO - Dependencies all met for dep_context=non-requeueable deps ti=<TaskInstance: s3_to_postgres_pipeline.run_pipeline_5 scheduled__2026-06-03T16:50:00+00:00 [queued]>
[2026-06-03T16:55:03.195+0000] {taskinstance.py:2076} INFO - Dependencies all met for dep_context=requeueable deps ti=<TaskInstance: s3_to_postgres_pipeline.run_pipeline_5 scheduled__2026-06-03T16:50:00+00:00 [queued]>
[2026-06-03T16:55:03.197+0000] {taskinstance.py:2306} INFO - Starting attempt 1 of 2
[2026-06-03T16:55:03.214+0000] {taskinstance.py:2330} INFO - Executing <Task(BashOperator): run_pipeline_5> on 2026-06-03 16:50:00+00:00
[2026-06-03T16:55:03.223+0000] {standard_task_runner.py:90} INFO - Running: ['***', 'tasks', 'run', 's3_to_postgres_pipeline', 'run_pipeline_5', 'scheduled__2026-06-03T16:50:00+00:00', '--job-id', '192', '--raw', '--subdir', 'DAGS_FOLDER/dynamic_pipeline_generator.py', '--cfg-path', '/tmp/tmp16ciyyyd']
[2026-06-03T16:55:03.228+0000] {standard_task_runner.py:91} INFO - Job 192: Subtask run_pipeline_5
[2026-06-03T16:55:03.228+0000] {logging_mixin.py:188} WARNING - /home/***/.local/lib/python3.12/site-packages/***/task/task_runner/standard_task_runner.py:61 DeprecationWarning: This process (pid=1645) is multi-threaded, use of fork() may lead to deadlocks in the child.
[2026-06-03T16:55:03.229+0000] {standard_task_runner.py:63} INFO - Started process 1647 to run task
[2026-06-03T16:55:03.294+0000] {task_command.py:426} INFO - Running <TaskInstance: s3_to_postgres_pipeline.run_pipeline_5 scheduled__2026-06-03T16:50:00+00:00 [running]> on host 6efe7055fb80
[2026-06-03T16:55:03.406+0000] {taskinstance.py:2648} INFO - Exporting env vars: AIRFLOW_CTX_DAG_OWNER='subashri' AIRFLOW_CTX_DAG_ID='s3_to_postgres_pipeline' AIRFLOW_CTX_TASK_ID='run_pipeline_5' AIRFLOW_CTX_EXECUTION_DATE='2026-06-03T16:50:00+00:00' AIRFLOW_CTX_TRY_NUMBER='1' AIRFLOW_CTX_DAG_RUN_ID='scheduled__2026-06-03T16:50:00+00:00'
[2026-06-03T16:55:03.407+0000] {taskinstance.py:430} INFO - ::endgroup::
[2026-06-03T16:55:03.433+0000] {subprocess.py:63} INFO - Tmp dir root location: /tmp
[2026-06-03T16:55:03.435+0000] {subprocess.py:75} INFO - Running command: ['/usr/bin/bash', '-c', 'cd /opt/***/src && python main.py 5']
[2026-06-03T16:55:03.444+0000] {subprocess.py:86} INFO - Output:
[2026-06-03T16:55:31.442+0000] {subprocess.py:93} INFO - 
[2026-06-03T16:55:31.446+0000] {subprocess.py:93} INFO - ===================================
[2026-06-03T16:55:31.448+0000] {subprocess.py:93} INFO - DATABASE CONNECTION CONFIG
[2026-06-03T16:55:31.451+0000] {subprocess.py:93} INFO - ===================================
[2026-06-03T16:55:31.454+0000] {subprocess.py:93} INFO - DB TYPE   : postgres
[2026-06-03T16:55:31.457+0000] {subprocess.py:93} INFO - HOST      : 3.107.8.33
[2026-06-03T16:55:31.461+0000] {subprocess.py:93} INFO - PORT      : 5432
[2026-06-03T16:55:31.464+0000] {subprocess.py:93} INFO - DATABASE  : metadata_db
[2026-06-03T16:55:31.467+0000] {subprocess.py:93} INFO - USERNAME  : teamuser
[2026-06-03T16:55:31.470+0000] {subprocess.py:93} INFO - ===================================
[2026-06-03T16:55:31.473+0000] {subprocess.py:93} INFO - 
[2026-06-03T16:55:31.476+0000] {subprocess.py:93} INFO - Connected to POSTGRES successfully.
[2026-06-03T16:55:31.479+0000] {subprocess.py:93} INFO - 
[2026-06-03T16:55:31.481+0000] {subprocess.py:93} INFO - Running pipeline: s3_to_postgres_pipeline (storage_to_db)
[2026-06-03T16:55:31.482+0000] {subprocess.py:93} INFO - Loading table: customer_feb (120 rows)
[2026-06-03T16:55:31.484+0000] {subprocess.py:93} INFO - Loading table: customer_jan (100 rows)
[2026-06-03T16:55:31.485+0000] {subprocess.py:93} INFO - Loading table: customer_march (150 rows)
[2026-06-03T16:55:31.486+0000] {subprocess.py:93} INFO - Processed total rows: 370
[2026-06-03T16:55:31.488+0000] {subprocess.py:93} INFO - Completed: 370 rows processed
[2026-06-03T16:55:31.722+0000] {subprocess.py:97} INFO - Command exited with return code 0
[2026-06-03T16:55:31.723+0000] {taskinstance.py:441} INFO - ::group::Post task execution logs
[2026-06-03T16:55:31.752+0000] {taskinstance.py:1206} INFO - Marking task as SUCCESS. dag_id=s3_to_postgres_pipeline, task_id=run_pipeline_5, run_id=scheduled__2026-06-03T16:50:00+00:00, execution_date=20260603T165000, start_date=20260603T165503, end_date=20260603T165531
[2026-06-03T16:55:31.781+0000] {local_task_job_runner.py:240} INFO - Task exited with return code 0
[2026-06-03T16:55:31.796+0000] {taskinstance.py:3498} INFO - 0 downstream tasks scheduled from follow-on schedule check
[2026-06-03T16:55:31.800+0000] {local_task_job_runner.py:222} INFO - ::endgroup::
