[2026-06-22T07:10:02.456+0000] {local_task_job_runner.py:120} INFO - ::group::Pre task execution logs
[2026-06-22T07:10:02.495+0000] {taskinstance.py:2076} INFO - Dependencies all met for dep_context=non-requeueable deps ti=<TaskInstance: sales_db_to_postgres.run_pipeline_8 scheduled__2026-06-22T07:05:00+00:00 [queued]>
[2026-06-22T07:10:02.504+0000] {taskinstance.py:2076} INFO - Dependencies all met for dep_context=requeueable deps ti=<TaskInstance: sales_db_to_postgres.run_pipeline_8 scheduled__2026-06-22T07:05:00+00:00 [queued]>
[2026-06-22T07:10:02.508+0000] {taskinstance.py:2306} INFO - Starting attempt 1 of 2
[2026-06-22T07:10:02.525+0000] {taskinstance.py:2330} INFO - Executing <Task(BashOperator): run_pipeline_8> on 2026-06-22 07:05:00+00:00
[2026-06-22T07:10:02.533+0000] {standard_task_runner.py:90} INFO - Running: ['***', 'tasks', 'run', 'sales_db_to_postgres', 'run_pipeline_8', 'scheduled__2026-06-22T07:05:00+00:00', '--job-id', '358', '--raw', '--subdir', 'DAGS_FOLDER/dynamic_pipeline_generator.py', '--cfg-path', '/tmp/tmp14a0xb6x']
[2026-06-22T07:10:02.536+0000] {logging_mixin.py:188} WARNING - /home/***/.local/lib/python3.12/site-packages/***/task/task_runner/standard_task_runner.py:61 DeprecationWarning: This process (pid=2290) is multi-threaded, use of fork() may lead to deadlocks in the child.
[2026-06-22T07:10:02.538+0000] {standard_task_runner.py:91} INFO - Job 358: Subtask run_pipeline_8
[2026-06-22T07:10:02.538+0000] {standard_task_runner.py:63} INFO - Started process 2293 to run task
[2026-06-22T07:10:02.591+0000] {task_command.py:426} INFO - Running <TaskInstance: sales_db_to_postgres.run_pipeline_8 scheduled__2026-06-22T07:05:00+00:00 [running]> on host c0efc7bf2406
[2026-06-22T07:10:02.721+0000] {taskinstance.py:2648} INFO - Exporting env vars: AIRFLOW_CTX_DAG_OWNER='subashri' AIRFLOW_CTX_DAG_ID='sales_db_to_postgres' AIRFLOW_CTX_TASK_ID='run_pipeline_8' AIRFLOW_CTX_EXECUTION_DATE='2026-06-22T07:05:00+00:00' AIRFLOW_CTX_TRY_NUMBER='1' AIRFLOW_CTX_DAG_RUN_ID='scheduled__2026-06-22T07:05:00+00:00'
[2026-06-22T07:10:02.722+0000] {taskinstance.py:430} INFO - ::endgroup::
[2026-06-22T07:10:02.742+0000] {subprocess.py:63} INFO - Tmp dir root location: /tmp
[2026-06-22T07:10:02.744+0000] {subprocess.py:75} INFO - Running command: ['/usr/bin/bash', '-c', 'cd /opt/***/src && python main.py 8']
[2026-06-22T07:10:02.753+0000] {subprocess.py:86} INFO - Output:
[2026-06-22T07:10:08.609+0000] {subprocess.py:93} INFO - 
[2026-06-22T07:10:08.612+0000] {subprocess.py:93} INFO - ===================================
[2026-06-22T07:10:08.614+0000] {subprocess.py:93} INFO - DATABASE CONNECTION CONFIG
[2026-06-22T07:10:08.615+0000] {subprocess.py:93} INFO - ===================================
[2026-06-22T07:10:08.617+0000] {subprocess.py:93} INFO - DB TYPE   : postgres
[2026-06-22T07:10:08.618+0000] {subprocess.py:93} INFO - HOST      : 3.107.8.33
[2026-06-22T07:10:08.620+0000] {subprocess.py:93} INFO - PORT      : 5432
[2026-06-22T07:10:08.622+0000] {subprocess.py:93} INFO - DATABASE  : metadata_db
[2026-06-22T07:10:08.623+0000] {subprocess.py:93} INFO - USERNAME  : teamuser
[2026-06-22T07:10:08.624+0000] {subprocess.py:93} INFO - ===================================
[2026-06-22T07:10:08.626+0000] {subprocess.py:93} INFO - 
[2026-06-22T07:10:08.627+0000] {subprocess.py:93} INFO - Connected to POSTGRES successfully.
[2026-06-22T07:10:08.628+0000] {subprocess.py:93} INFO - 
[2026-06-22T07:10:08.630+0000] {subprocess.py:93} INFO - Running pipeline: sales_db_to_postgres (db_to_db)
[2026-06-22T07:10:08.631+0000] {subprocess.py:93} INFO - 
[2026-06-22T07:10:08.632+0000] {subprocess.py:93} INFO - ===================================
[2026-06-22T07:10:08.633+0000] {subprocess.py:93} INFO - DATABASE CONNECTION CONFIG
[2026-06-22T07:10:08.634+0000] {subprocess.py:93} INFO - ===================================
[2026-06-22T07:10:08.636+0000] {subprocess.py:93} INFO - DB TYPE   : mysql
[2026-06-22T07:10:08.637+0000] {subprocess.py:93} INFO - HOST      : localhost
[2026-06-22T07:10:08.638+0000] {subprocess.py:93} INFO - PORT      : 3306
[2026-06-22T07:10:08.639+0000] {subprocess.py:93} INFO - DATABASE  : sales_db
[2026-06-22T07:10:08.640+0000] {subprocess.py:93} INFO - USERNAME  :
[2026-06-22T07:10:08.641+0000] {subprocess.py:93} INFO - ===================================
[2026-06-22T07:10:08.641+0000] {subprocess.py:93} INFO - 
[2026-06-22T07:10:08.642+0000] {subprocess.py:93} INFO - ❌ Failed: Could not connect to MYSQL: (pymysql.err.OperationalError) (2003, "Can't connect to MySQL server on 'localhost' ([Errno 111] Connection refused)")
[2026-06-22T07:10:08.644+0000] {subprocess.py:93} INFO - (Background on this error at: https://sqlalche.me/e/14/e3q8)
[2026-06-22T07:10:08.645+0000] {subprocess.py:93} INFO - Traceback (most recent call last):
[2026-06-22T07:10:08.645+0000] {subprocess.py:93} INFO -   File "/home/***/.local/lib/python3.12/site-packages/pymysql/connections.py", line 682, in connect
[2026-06-22T07:10:08.646+0000] {subprocess.py:93} INFO -     sock = socket.create_connection(
[2026-06-22T07:10:08.647+0000] {subprocess.py:93} INFO -            ^^^^^^^^^^^^^^^^^^^^^^^^^
[2026-06-22T07:10:08.648+0000] {subprocess.py:93} INFO -   File "/usr/local/lib/python3.12/socket.py", line 852, in create_connection
[2026-06-22T07:10:08.649+0000] {subprocess.py:93} INFO -     raise exceptions[0]
[2026-06-22T07:10:08.650+0000] {subprocess.py:93} INFO -   File "/usr/local/lib/python3.12/socket.py", line 837, in create_connection
[2026-06-22T07:10:08.651+0000] {subprocess.py:93} INFO -     sock.connect(sa)
[2026-06-22T07:10:08.652+0000] {subprocess.py:93} INFO - ConnectionRefusedError: [Errno 111] Connection refused
[2026-06-22T07:10:08.652+0000] {subprocess.py:93} INFO - 
[2026-06-22T07:10:08.653+0000] {subprocess.py:93} INFO - During handling of the above exception, another exception occurred:
[2026-06-22T07:10:08.654+0000] {subprocess.py:93} INFO - 
[2026-06-22T07:10:08.654+0000] {subprocess.py:93} INFO - Traceback (most recent call last):
[2026-06-22T07:10:08.655+0000] {subprocess.py:93} INFO -   File "/home/***/.local/lib/python3.12/site-packages/sqlalchemy/engine/base.py", line 3371, in _wrap_pool_connect
[2026-06-22T07:10:08.655+0000] {subprocess.py:93} INFO -     return fn()
[2026-06-22T07:10:08.656+0000] {subprocess.py:93} INFO -            ^^^^
[2026-06-22T07:10:08.657+0000] {subprocess.py:93} INFO -   File "/home/***/.local/lib/python3.12/site-packages/sqlalchemy/pool/base.py", line 327, in connect
[2026-06-22T07:10:08.657+0000] {subprocess.py:93} INFO -     return _ConnectionFairy._checkout(self)
[2026-06-22T07:10:08.658+0000] {subprocess.py:93} INFO -            ^^^^^^^^^^^^^^^^^^^^^^^^^^^^^^^^
[2026-06-22T07:10:08.658+0000] {subprocess.py:93} INFO -   File "/home/***/.local/lib/python3.12/site-packages/sqlalchemy/pool/base.py", line 894, in _checkout
[2026-06-22T07:10:08.659+0000] {subprocess.py:93} INFO -     fairy = _ConnectionRecord.checkout(pool)
[2026-06-22T07:10:08.659+0000] {subprocess.py:93} INFO -             ^^^^^^^^^^^^^^^^^^^^^^^^^^^^^^^^
[2026-06-22T07:10:08.660+0000] {subprocess.py:93} INFO -   File "/home/***/.local/lib/python3.12/site-packages/sqlalchemy/pool/base.py", line 493, in checkout
[2026-06-22T07:10:08.661+0000] {subprocess.py:93} INFO -     rec = pool._do_get()
[2026-06-22T07:10:08.661+0000] {subprocess.py:93} INFO -           ^^^^^^^^^^^^^^
[2026-06-22T07:10:08.662+0000] {subprocess.py:93} INFO -   File "/home/***/.local/lib/python3.12/site-packages/sqlalchemy/pool/impl.py", line 145, in _do_get
[2026-06-22T07:10:08.662+0000] {subprocess.py:93} INFO -     with util.safe_reraise():
[2026-06-22T07:10:08.663+0000] {subprocess.py:93} INFO -   File "/home/***/.local/lib/python3.12/site-packages/sqlalchemy/util/langhelpers.py", line 70, in __exit__
[2026-06-22T07:10:08.663+0000] {subprocess.py:93} INFO -     compat.raise_(
[2026-06-22T07:10:08.664+0000] {subprocess.py:93} INFO -   File "/home/***/.local/lib/python3.12/site-packages/sqlalchemy/util/compat.py", line 211, in raise_
[2026-06-22T07:10:08.664+0000] {subprocess.py:93} INFO -     raise exception
[2026-06-22T07:10:08.665+0000] {subprocess.py:93} INFO -   File "/home/***/.local/lib/python3.12/site-packages/sqlalchemy/pool/impl.py", line 143, in _do_get
[2026-06-22T07:10:08.665+0000] {subprocess.py:93} INFO -     return self._create_connection()
[2026-06-22T07:10:08.666+0000] {subprocess.py:93} INFO -            ^^^^^^^^^^^^^^^^^^^^^^^^^
[2026-06-22T07:10:08.666+0000] {subprocess.py:93} INFO -   File "/home/***/.local/lib/python3.12/site-packages/sqlalchemy/pool/base.py", line 273, in _create_connection
[2026-06-22T07:10:08.667+0000] {subprocess.py:93} INFO -     return _ConnectionRecord(self)
[2026-06-22T07:10:08.667+0000] {subprocess.py:93} INFO -            ^^^^^^^^^^^^^^^^^^^^^^^
[2026-06-22T07:10:08.668+0000] {subprocess.py:93} INFO -   File "/home/***/.local/lib/python3.12/site-packages/sqlalchemy/pool/base.py", line 388, in __init__
[2026-06-22T07:10:08.668+0000] {subprocess.py:93} INFO -     self.__connect()
[2026-06-22T07:10:08.669+0000] {subprocess.py:93} INFO -   File "/home/***/.local/lib/python3.12/site-packages/sqlalchemy/pool/base.py", line 690, in __connect
[2026-06-22T07:10:08.670+0000] {subprocess.py:93} INFO -     with util.safe_reraise():
[2026-06-22T07:10:08.670+0000] {subprocess.py:93} INFO -   File "/home/***/.local/lib/python3.12/site-packages/sqlalchemy/util/langhelpers.py", line 70, in __exit__
[2026-06-22T07:10:08.671+0000] {subprocess.py:93} INFO -     compat.raise_(
[2026-06-22T07:10:08.671+0000] {subprocess.py:93} INFO -   File "/home/***/.local/lib/python3.12/site-packages/sqlalchemy/util/compat.py", line 211, in raise_
[2026-06-22T07:10:08.672+0000] {subprocess.py:93} INFO -     raise exception
[2026-06-22T07:10:08.672+0000] {subprocess.py:93} INFO -   File "/home/***/.local/lib/python3.12/site-packages/sqlalchemy/pool/base.py", line 686, in __connect
[2026-06-22T07:10:08.673+0000] {subprocess.py:93} INFO -     self.dbapi_connection = connection = pool._invoke_creator(self)
[2026-06-22T07:10:08.673+0000] {subprocess.py:93} INFO -                                          ^^^^^^^^^^^^^^^^^^^^^^^^^^
[2026-06-22T07:10:08.674+0000] {subprocess.py:93} INFO -   File "/home/***/.local/lib/python3.12/site-packages/sqlalchemy/engine/create.py", line 574, in connect
[2026-06-22T07:10:08.674+0000] {subprocess.py:93} INFO -     return dialect.connect(*cargs, **cparams)
[2026-06-22T07:10:08.675+0000] {subprocess.py:93} INFO -            ^^^^^^^^^^^^^^^^^^^^^^^^^^^^^^^^^^
[2026-06-22T07:10:08.675+0000] {subprocess.py:93} INFO -   File "/home/***/.local/lib/python3.12/site-packages/sqlalchemy/engine/default.py", line 598, in connect
[2026-06-22T07:10:08.676+0000] {subprocess.py:93} INFO -     return self.dbapi.connect(*cargs, **cparams)
[2026-06-22T07:10:08.677+0000] {subprocess.py:93} INFO -            ^^^^^^^^^^^^^^^^^^^^^^^^^^^^^^^^^^^^^
[2026-06-22T07:10:08.677+0000] {subprocess.py:93} INFO -   File "/home/***/.local/lib/python3.12/site-packages/pymysql/connections.py", line 372, in __init__
[2026-06-22T07:10:08.678+0000] {subprocess.py:93} INFO -     self.connect()
[2026-06-22T07:10:08.678+0000] {subprocess.py:93} INFO -   File "/home/***/.local/lib/python3.12/site-packages/pymysql/connections.py", line 744, in connect
[2026-06-22T07:10:08.679+0000] {subprocess.py:93} INFO -     raise exc
[2026-06-22T07:10:08.679+0000] {subprocess.py:93} INFO - pymysql.err.OperationalError: (2003, "Can't connect to MySQL server on 'localhost' ([Errno 111] Connection refused)")
[2026-06-22T07:10:08.680+0000] {subprocess.py:93} INFO - 
[2026-06-22T07:10:08.681+0000] {subprocess.py:93} INFO - The above exception was the direct cause of the following exception:
[2026-06-22T07:10:08.681+0000] {subprocess.py:93} INFO - 
[2026-06-22T07:10:08.682+0000] {subprocess.py:93} INFO - Traceback (most recent call last):
[2026-06-22T07:10:08.682+0000] {subprocess.py:93} INFO -   File "/opt/***/src/extractor.py", line 172, in connect_db
[2026-06-22T07:10:08.683+0000] {subprocess.py:93} INFO -     with engine.connect() as conn:
[2026-06-22T07:10:08.684+0000] {subprocess.py:93} INFO -          ^^^^^^^^^^^^^^^^
[2026-06-22T07:10:08.684+0000] {subprocess.py:93} INFO -   File "/home/***/.local/lib/python3.12/site-packages/sqlalchemy/engine/base.py", line 3325, in connect
[2026-06-22T07:10:08.685+0000] {subprocess.py:93} INFO -     return self._connection_cls(self, close_with_result=close_with_result)
[2026-06-22T07:10:08.685+0000] {subprocess.py:93} INFO -            ^^^^^^^^^^^^^^^^^^^^^^^^^^^^^^^^^^^^^^^^^^^^^^^^^^^^^^^^^^^^^^^
[2026-06-22T07:10:08.686+0000] {subprocess.py:93} INFO -   File "/home/***/.local/lib/python3.12/site-packages/sqlalchemy/engine/base.py", line 96, in __init__
[2026-06-22T07:10:08.687+0000] {subprocess.py:93} INFO -     else engine.raw_connection()
[2026-06-22T07:10:08.687+0000] {subprocess.py:93} INFO -          ^^^^^^^^^^^^^^^^^^^^^^^
[2026-06-22T07:10:08.688+0000] {subprocess.py:93} INFO -   File "/home/***/.local/lib/python3.12/site-packages/sqlalchemy/engine/base.py", line 3404, in raw_connection
[2026-06-22T07:10:08.688+0000] {subprocess.py:93} INFO -     return self._wrap_pool_connect(self.pool.connect, _connection)
[2026-06-22T07:10:08.689+0000] {subprocess.py:93} INFO -            ^^^^^^^^^^^^^^^^^^^^^^^^^^^^^^^^^^^^^^^^^^^^^^^^^^^^^^^
[2026-06-22T07:10:08.689+0000] {subprocess.py:93} INFO -   File "/home/***/.local/lib/python3.12/site-packages/sqlalchemy/engine/base.py", line 3374, in _wrap_pool_connect
[2026-06-22T07:10:08.690+0000] {subprocess.py:93} INFO -     Connection._handle_dbapi_exception_noconnection(
[2026-06-22T07:10:08.690+0000] {subprocess.py:93} INFO -   File "/home/***/.local/lib/python3.12/site-packages/sqlalchemy/engine/base.py", line 2208, in _handle_dbapi_exception_noconnection
[2026-06-22T07:10:08.691+0000] {subprocess.py:93} INFO -     util.raise_(
[2026-06-22T07:10:08.691+0000] {subprocess.py:93} INFO -   File "/home/***/.local/lib/python3.12/site-packages/sqlalchemy/util/compat.py", line 211, in raise_
[2026-06-22T07:10:08.692+0000] {subprocess.py:93} INFO -     raise exception
[2026-06-22T07:10:08.692+0000] {subprocess.py:93} INFO -   File "/home/***/.local/lib/python3.12/site-packages/sqlalchemy/engine/base.py", line 3371, in _wrap_pool_connect
[2026-06-22T07:10:08.693+0000] {subprocess.py:93} INFO -     return fn()
[2026-06-22T07:10:08.693+0000] {subprocess.py:93} INFO -            ^^^^
[2026-06-22T07:10:08.694+0000] {subprocess.py:93} INFO -   File "/home/***/.local/lib/python3.12/site-packages/sqlalchemy/pool/base.py", line 327, in connect
[2026-06-22T07:10:08.694+0000] {subprocess.py:93} INFO -     return _ConnectionFairy._checkout(self)
[2026-06-22T07:10:08.695+0000] {subprocess.py:93} INFO -            ^^^^^^^^^^^^^^^^^^^^^^^^^^^^^^^^
[2026-06-22T07:10:08.695+0000] {subprocess.py:93} INFO -   File "/home/***/.local/lib/python3.12/site-packages/sqlalchemy/pool/base.py", line 894, in _checkout
[2026-06-22T07:10:08.696+0000] {subprocess.py:93} INFO -     fairy = _ConnectionRecord.checkout(pool)
[2026-06-22T07:10:08.696+0000] {subprocess.py:93} INFO -             ^^^^^^^^^^^^^^^^^^^^^^^^^^^^^^^^
[2026-06-22T07:10:08.697+0000] {subprocess.py:93} INFO -   File "/home/***/.local/lib/python3.12/site-packages/sqlalchemy/pool/base.py", line 493, in checkout
[2026-06-22T07:10:08.697+0000] {subprocess.py:93} INFO -     rec = pool._do_get()
[2026-06-22T07:10:08.698+0000] {subprocess.py:93} INFO -           ^^^^^^^^^^^^^^
[2026-06-22T07:10:08.698+0000] {subprocess.py:93} INFO -   File "/home/***/.local/lib/python3.12/site-packages/sqlalchemy/pool/impl.py", line 145, in _do_get
[2026-06-22T07:10:08.699+0000] {subprocess.py:93} INFO -     with util.safe_reraise():
[2026-06-22T07:10:08.699+0000] {subprocess.py:93} INFO -   File "/home/***/.local/lib/python3.12/site-packages/sqlalchemy/util/langhelpers.py", line 70, in __exit__
[2026-06-22T07:10:08.700+0000] {subprocess.py:93} INFO -     compat.raise_(
[2026-06-22T07:10:08.700+0000] {subprocess.py:93} INFO -   File "/home/***/.local/lib/python3.12/site-packages/sqlalchemy/util/compat.py", line 211, in raise_
[2026-06-22T07:10:08.701+0000] {subprocess.py:93} INFO -     raise exception
[2026-06-22T07:10:08.701+0000] {subprocess.py:93} INFO -   File "/home/***/.local/lib/python3.12/site-packages/sqlalchemy/pool/impl.py", line 143, in _do_get
[2026-06-22T07:10:08.702+0000] {subprocess.py:93} INFO -     return self._create_connection()
[2026-06-22T07:10:08.703+0000] {subprocess.py:93} INFO -            ^^^^^^^^^^^^^^^^^^^^^^^^^
[2026-06-22T07:10:08.703+0000] {subprocess.py:93} INFO -   File "/home/***/.local/lib/python3.12/site-packages/sqlalchemy/pool/base.py", line 273, in _create_connection
[2026-06-22T07:10:08.704+0000] {subprocess.py:93} INFO -     return _ConnectionRecord(self)
[2026-06-22T07:10:08.704+0000] {subprocess.py:93} INFO -            ^^^^^^^^^^^^^^^^^^^^^^^
[2026-06-22T07:10:08.705+0000] {subprocess.py:93} INFO -   File "/home/***/.local/lib/python3.12/site-packages/sqlalchemy/pool/base.py", line 388, in __init__
[2026-06-22T07:10:08.705+0000] {subprocess.py:93} INFO -     self.__connect()
[2026-06-22T07:10:08.706+0000] {subprocess.py:93} INFO -   File "/home/***/.local/lib/python3.12/site-packages/sqlalchemy/pool/base.py", line 690, in __connect
[2026-06-22T07:10:08.706+0000] {subprocess.py:93} INFO -     with util.safe_reraise():
[2026-06-22T07:10:08.707+0000] {subprocess.py:93} INFO -   File "/home/***/.local/lib/python3.12/site-packages/sqlalchemy/util/langhelpers.py", line 70, in __exit__
[2026-06-22T07:10:08.708+0000] {subprocess.py:93} INFO -     compat.raise_(
[2026-06-22T07:10:08.708+0000] {subprocess.py:93} INFO -   File "/home/***/.local/lib/python3.12/site-packages/sqlalchemy/util/compat.py", line 211, in raise_
[2026-06-22T07:10:08.709+0000] {subprocess.py:93} INFO -     raise exception
[2026-06-22T07:10:08.709+0000] {subprocess.py:93} INFO -   File "/home/***/.local/lib/python3.12/site-packages/sqlalchemy/pool/base.py", line 686, in __connect
[2026-06-22T07:10:08.710+0000] {subprocess.py:93} INFO -     self.dbapi_connection = connection = pool._invoke_creator(self)
[2026-06-22T07:10:08.711+0000] {subprocess.py:93} INFO -                                          ^^^^^^^^^^^^^^^^^^^^^^^^^^
[2026-06-22T07:10:08.711+0000] {subprocess.py:93} INFO -   File "/home/***/.local/lib/python3.12/site-packages/sqlalchemy/engine/create.py", line 574, in connect
[2026-06-22T07:10:08.712+0000] {subprocess.py:93} INFO -     return dialect.connect(*cargs, **cparams)
[2026-06-22T07:10:08.713+0000] {subprocess.py:93} INFO -            ^^^^^^^^^^^^^^^^^^^^^^^^^^^^^^^^^^
[2026-06-22T07:10:08.713+0000] {subprocess.py:93} INFO -   File "/home/***/.local/lib/python3.12/site-packages/sqlalchemy/engine/default.py", line 598, in connect
[2026-06-22T07:10:08.714+0000] {subprocess.py:93} INFO -     return self.dbapi.connect(*cargs, **cparams)
[2026-06-22T07:10:08.714+0000] {subprocess.py:93} INFO -            ^^^^^^^^^^^^^^^^^^^^^^^^^^^^^^^^^^^^^
[2026-06-22T07:10:08.715+0000] {subprocess.py:93} INFO -   File "/home/***/.local/lib/python3.12/site-packages/pymysql/connections.py", line 372, in __init__
[2026-06-22T07:10:08.715+0000] {subprocess.py:93} INFO -     self.connect()
[2026-06-22T07:10:08.716+0000] {subprocess.py:93} INFO -   File "/home/***/.local/lib/python3.12/site-packages/pymysql/connections.py", line 744, in connect
[2026-06-22T07:10:08.716+0000] {subprocess.py:93} INFO -     raise exc
[2026-06-22T07:10:08.717+0000] {subprocess.py:93} INFO - sqlalchemy.exc.OperationalError: (pymysql.err.OperationalError) (2003, "Can't connect to MySQL server on 'localhost' ([Errno 111] Connection refused)")
[2026-06-22T07:10:08.718+0000] {subprocess.py:93} INFO - (Background on this error at: https://sqlalche.me/e/14/e3q8)
[2026-06-22T07:10:08.718+0000] {subprocess.py:93} INFO - 
[2026-06-22T07:10:08.719+0000] {subprocess.py:93} INFO - During handling of the above exception, another exception occurred:
[2026-06-22T07:10:08.720+0000] {subprocess.py:93} INFO - 
[2026-06-22T07:10:08.720+0000] {subprocess.py:93} INFO - Traceback (most recent call last):
[2026-06-22T07:10:08.721+0000] {subprocess.py:93} INFO -   File "/opt/***/src/main.py", line 95, in <module>
[2026-06-22T07:10:08.722+0000] {subprocess.py:93} INFO -     main()
[2026-06-22T07:10:08.722+0000] {subprocess.py:93} INFO -   File "/opt/***/src/main.py", line 40, in main
[2026-06-22T07:10:08.723+0000] {subprocess.py:93} INFO -     result = run_pipeline(row)
[2026-06-22T07:10:08.723+0000] {subprocess.py:93} INFO -              ^^^^^^^^^^^^^^^^^
[2026-06-22T07:10:08.724+0000] {subprocess.py:93} INFO -   File "/opt/***/src/pipeline_executor.py", line 506, in run_pipeline
[2026-06-22T07:10:08.724+0000] {subprocess.py:93} INFO -     df = extract_data(
[2026-06-22T07:10:08.725+0000] {subprocess.py:93} INFO -          ^^^^^^^^^^^^^
[2026-06-22T07:10:08.725+0000] {subprocess.py:93} INFO -   File "/opt/***/src/extractor.py", line 203, in extract_data
[2026-06-22T07:10:08.726+0000] {subprocess.py:93} INFO -     engine = connect_db(config)
[2026-06-22T07:10:08.727+0000] {subprocess.py:93} INFO -              ^^^^^^^^^^^^^^^^^^
[2026-06-22T07:10:08.727+0000] {subprocess.py:93} INFO -   File "/opt/***/src/extractor.py", line 186, in connect_db
[2026-06-22T07:10:08.728+0000] {subprocess.py:93} INFO -     raise ConnectionError(
[2026-06-22T07:10:08.728+0000] {subprocess.py:93} INFO - ConnectionError: Could not connect to MYSQL: (pymysql.err.OperationalError) (2003, "Can't connect to MySQL server on 'localhost' ([Errno 111] Connection refused)")
[2026-06-22T07:10:08.729+0000] {subprocess.py:93} INFO - (Background on this error at: https://sqlalche.me/e/14/e3q8)
[2026-06-22T07:10:08.849+0000] {subprocess.py:97} INFO - Command exited with return code 1
[2026-06-22T07:10:08.851+0000] {taskinstance.py:441} INFO - ::group::Post task execution logs
[2026-06-22T07:10:08.863+0000] {taskinstance.py:2905} ERROR - Task failed with exception
Traceback (most recent call last):
  File "/home/airflow/.local/lib/python3.12/site-packages/airflow/models/taskinstance.py", line 465, in _execute_task
    result = _execute_callable(context=context, **execute_callable_kwargs)
             ^^^^^^^^^^^^^^^^^^^^^^^^^^^^^^^^^^^^^^^^^^^^^^^^^^^^^^^^^^^^^
  File "/home/airflow/.local/lib/python3.12/site-packages/airflow/models/taskinstance.py", line 432, in _execute_callable
    return execute_callable(context=context, **execute_callable_kwargs)
           ^^^^^^^^^^^^^^^^^^^^^^^^^^^^^^^^^^^^^^^^^^^^^^^^^^^^^^^^^^^^
  File "/home/airflow/.local/lib/python3.12/site-packages/airflow/models/baseoperator.py", line 400, in wrapper
    return func(self, *args, **kwargs)
           ^^^^^^^^^^^^^^^^^^^^^^^^^^^
  File "/home/airflow/.local/lib/python3.12/site-packages/airflow/operators/bash.py", line 243, in execute
    raise AirflowException(
airflow.exceptions.AirflowException: Bash command failed. The command returned a non-zero exit code 1.
[2026-06-22T07:10:08.869+0000] {taskinstance.py:1206} INFO - Marking task as UP_FOR_RETRY. dag_id=sales_db_to_postgres, task_id=run_pipeline_8, run_id=scheduled__2026-06-22T07:05:00+00:00, execution_date=20260622T070500, start_date=20260622T071002, end_date=20260622T071008
[2026-06-22T07:10:08.888+0000] {standard_task_runner.py:110} ERROR - Failed to execute job 358 for task run_pipeline_8 (Bash command failed. The command returned a non-zero exit code 1.; 2293)
[2026-06-22T07:10:08.910+0000] {local_task_job_runner.py:240} INFO - Task exited with return code 1
[2026-06-22T07:10:08.926+0000] {taskinstance.py:3498} INFO - 0 downstream tasks scheduled from follow-on schedule check
[2026-06-22T07:10:08.929+0000] {local_task_job_runner.py:222} INFO - ::endgroup::
