[2026-06-03T11:19:16.252+0000] {local_task_job_runner.py:120} INFO - ::group::Pre task execution logs
[2026-06-03T11:19:16.289+0000] {taskinstance.py:2076} INFO - Dependencies all met for dep_context=non-requeueable deps ti=<TaskInstance: dynamic_metadata_pipeline.run_pipeline_4 manual__2026-06-03T11:19:13.567782+00:00 [queued]>
[2026-06-03T11:19:16.301+0000] {taskinstance.py:2076} INFO - Dependencies all met for dep_context=requeueable deps ti=<TaskInstance: dynamic_metadata_pipeline.run_pipeline_4 manual__2026-06-03T11:19:13.567782+00:00 [queued]>
[2026-06-03T11:19:16.302+0000] {taskinstance.py:2306} INFO - Starting attempt 1 of 2
[2026-06-03T11:19:16.319+0000] {taskinstance.py:2330} INFO - Executing <Task(BashOperator): run_pipeline_4> on 2026-06-03 11:19:13.567782+00:00
[2026-06-03T11:19:16.330+0000] {standard_task_runner.py:90} INFO - Running: ['***', 'tasks', 'run', 'dynamic_metadata_pipeline', 'run_pipeline_4', 'manual__2026-06-03T11:19:13.567782+00:00', '--job-id', '128', '--raw', '--subdir', 'DAGS_FOLDER/dynamic_pipeline_dag.py', '--cfg-path', '/tmp/tmpxdijfck6']
[2026-06-03T11:19:16.333+0000] {logging_mixin.py:188} WARNING - /home/***/.local/lib/python3.12/site-packages/***/task/task_runner/standard_task_runner.py:61 DeprecationWarning: This process (pid=1074) is multi-threaded, use of fork() may lead to deadlocks in the child.
[2026-06-03T11:19:16.336+0000] {standard_task_runner.py:63} INFO - Started process 1082 to run task
[2026-06-03T11:19:16.336+0000] {standard_task_runner.py:91} INFO - Job 128: Subtask run_pipeline_4
[2026-06-03T11:19:16.394+0000] {task_command.py:426} INFO - Running <TaskInstance: dynamic_metadata_pipeline.run_pipeline_4 manual__2026-06-03T11:19:13.567782+00:00 [running]> on host c3bf940c8326
[2026-06-03T11:19:16.486+0000] {taskinstance.py:2648} INFO - Exporting env vars: AIRFLOW_CTX_DAG_OWNER='subashri' AIRFLOW_CTX_DAG_ID='dynamic_metadata_pipeline' AIRFLOW_CTX_TASK_ID='run_pipeline_4' AIRFLOW_CTX_EXECUTION_DATE='2026-06-03T11:19:13.567782+00:00' AIRFLOW_CTX_TRY_NUMBER='1' AIRFLOW_CTX_DAG_RUN_ID='manual__2026-06-03T11:19:13.567782+00:00'
[2026-06-03T11:19:16.487+0000] {taskinstance.py:430} INFO - ::endgroup::
[2026-06-03T11:19:16.510+0000] {subprocess.py:63} INFO - Tmp dir root location: /tmp
[2026-06-03T11:19:16.512+0000] {subprocess.py:75} INFO - Running command: ['/usr/bin/bash', '-c', 'cd /opt/***/src && python main.py 4']
[2026-06-03T11:19:16.523+0000] {subprocess.py:86} INFO - Output:
[2026-06-03T11:19:24.458+0000] {subprocess.py:93} INFO - Using CPU. Note: This module is much faster with a GPU.
[2026-06-03T11:19:45.199+0000] {subprocess.py:93} INFO - /home/***/.local/lib/python3.12/site-packages/torch/utils/data/dataloader.py:752: UserWarning: 'pin_memory' argument is set as true but no accelerator is found, then device pinned memory won't be used.
[2026-06-03T11:19:45.200+0000] {subprocess.py:93} INFO -   super().__init__(loader)
[2026-06-03T11:20:30.948+0000] {subprocess.py:93} INFO - 
[2026-06-03T11:20:30.949+0000] {subprocess.py:93} INFO - ===================================
[2026-06-03T11:20:30.950+0000] {subprocess.py:93} INFO - DATABASE CONNECTION CONFIG
[2026-06-03T11:20:30.950+0000] {subprocess.py:93} INFO - ===================================
[2026-06-03T11:20:30.951+0000] {subprocess.py:93} INFO - DB TYPE   : postgres
[2026-06-03T11:20:30.951+0000] {subprocess.py:93} INFO - HOST      : 3.107.8.33
[2026-06-03T11:20:30.951+0000] {subprocess.py:93} INFO - PORT      : 5432
[2026-06-03T11:20:30.952+0000] {subprocess.py:93} INFO - DATABASE  : metadata_db
[2026-06-03T11:20:30.952+0000] {subprocess.py:93} INFO - USERNAME  : teamuser
[2026-06-03T11:20:30.953+0000] {subprocess.py:93} INFO - ===================================
[2026-06-03T11:20:30.953+0000] {subprocess.py:93} INFO - 
[2026-06-03T11:20:30.954+0000] {subprocess.py:93} INFO - Connected to POSTGRES successfully.
[2026-06-03T11:20:30.954+0000] {subprocess.py:93} INFO - 
[2026-06-03T11:20:30.955+0000] {subprocess.py:93} INFO - Running pipeline: local_to_postgres_pipeline (storage_to_db)
[2026-06-03T11:20:30.955+0000] {subprocess.py:93} INFO - Loading table: customer (2 rows)
[2026-06-03T11:20:30.956+0000] {subprocess.py:93} INFO - Loading table: data pic1 (91 rows)
[2026-06-03T11:20:30.956+0000] {subprocess.py:93} INFO - Loading table: employee (20 rows)
[2026-06-03T11:20:30.956+0000] {subprocess.py:93} INFO - Loading table: employee_data (100 rows)
[2026-06-03T11:20:30.957+0000] {subprocess.py:93} INFO - Loading table: sample (2 rows)
[2026-06-03T11:20:30.957+0000] {subprocess.py:93} INFO - Loading table: word (12 rows)
[2026-06-03T11:20:30.958+0000] {subprocess.py:93} INFO - Processed total rows: 227
[2026-06-03T11:20:30.958+0000] {subprocess.py:93} INFO - Completed: 227 rows processed
[2026-06-03T11:20:31.952+0000] {subprocess.py:97} INFO - Command exited with return code 0
[2026-06-03T11:20:31.953+0000] {taskinstance.py:441} INFO - ::group::Post task execution logs
[2026-06-03T11:20:31.979+0000] {taskinstance.py:1206} INFO - Marking task as SUCCESS. dag_id=dynamic_metadata_pipeline, task_id=run_pipeline_4, run_id=manual__2026-06-03T11:19:13.567782+00:00, execution_date=20260603T111913, start_date=20260603T111916, end_date=20260603T112031
[2026-06-03T11:20:32.000+0000] {local_task_job_runner.py:240} INFO - Task exited with return code 0
[2026-06-03T11:20:32.017+0000] {taskinstance.py:3498} INFO - 0 downstream tasks scheduled from follow-on schedule check
[2026-06-03T11:20:32.021+0000] {local_task_job_runner.py:222} INFO - ::endgroup::
