[2026-06-04T07:15:03.597+0000] {local_task_job_runner.py:120} INFO - ::group::Pre task execution logs
[2026-06-04T07:15:03.740+0000] {taskinstance.py:2076} INFO - Dependencies all met for dep_context=non-requeueable deps ti=<TaskInstance: postgres_to_s3_pipeline.run_pipeline_1 scheduled__2026-06-04T07:10:00+00:00 [queued]>
[2026-06-04T07:15:03.780+0000] {taskinstance.py:2076} INFO - Dependencies all met for dep_context=requeueable deps ti=<TaskInstance: postgres_to_s3_pipeline.run_pipeline_1 scheduled__2026-06-04T07:10:00+00:00 [queued]>
[2026-06-04T07:15:03.782+0000] {taskinstance.py:2306} INFO - Starting attempt 1 of 2
[2026-06-04T07:15:03.861+0000] {taskinstance.py:2330} INFO - Executing <Task(BashOperator): run_pipeline_1> on 2026-06-04 07:10:00+00:00
[2026-06-04T07:15:03.936+0000] {standard_task_runner.py:90} INFO - Running: ['***', 'tasks', 'run', 'postgres_to_s3_pipeline', 'run_pipeline_1', 'scheduled__2026-06-04T07:10:00+00:00', '--job-id', '296', '--raw', '--subdir', 'DAGS_FOLDER/dynamic_pipeline_generator.py', '--cfg-path', '/tmp/tmp1gd90_35']
[2026-06-04T07:15:03.951+0000] {standard_task_runner.py:91} INFO - Job 296: Subtask run_pipeline_1
[2026-06-04T07:15:04.013+0000] {logging_mixin.py:188} WARNING - /home/***/.local/lib/python3.12/site-packages/***/task/task_runner/standard_task_runner.py:61 DeprecationWarning: This process (pid=5425) is multi-threaded, use of fork() may lead to deadlocks in the child.
[2026-06-04T07:15:04.017+0000] {standard_task_runner.py:63} INFO - Started process 5434 to run task
[2026-06-04T07:15:04.207+0000] {task_command.py:426} INFO - Running <TaskInstance: postgres_to_s3_pipeline.run_pipeline_1 scheduled__2026-06-04T07:10:00+00:00 [running]> on host b044b6a9b6bd
[2026-06-04T07:15:04.689+0000] {taskinstance.py:2648} INFO - Exporting env vars: AIRFLOW_CTX_DAG_OWNER='subashri' AIRFLOW_CTX_DAG_ID='postgres_to_s3_pipeline' AIRFLOW_CTX_TASK_ID='run_pipeline_1' AIRFLOW_CTX_EXECUTION_DATE='2026-06-04T07:10:00+00:00' AIRFLOW_CTX_TRY_NUMBER='1' AIRFLOW_CTX_DAG_RUN_ID='scheduled__2026-06-04T07:10:00+00:00'
[2026-06-04T07:15:04.699+0000] {taskinstance.py:430} INFO - ::endgroup::
[2026-06-04T07:15:04.898+0000] {subprocess.py:63} INFO - Tmp dir root location: /tmp
[2026-06-04T07:15:04.918+0000] {subprocess.py:75} INFO - Running command: ['/usr/bin/bash', '-c', 'cd /opt/***/src && python main.py 1']
[2026-06-04T07:15:05.072+0000] {subprocess.py:86} INFO - Output:
[2026-06-04T07:15:22.462+0000] {subprocess.py:93} INFO - 
[2026-06-04T07:15:22.465+0000] {subprocess.py:93} INFO - ===================================
[2026-06-04T07:15:22.467+0000] {subprocess.py:93} INFO - DATABASE CONNECTION CONFIG
[2026-06-04T07:15:22.469+0000] {subprocess.py:93} INFO - ===================================
[2026-06-04T07:15:22.471+0000] {subprocess.py:93} INFO - DB TYPE   : postgres
[2026-06-04T07:15:22.472+0000] {subprocess.py:93} INFO - HOST      : 3.107.8.33
[2026-06-04T07:15:22.474+0000] {subprocess.py:93} INFO - PORT      : 5432
[2026-06-04T07:15:22.476+0000] {subprocess.py:93} INFO - DATABASE  : metadata_db
[2026-06-04T07:15:22.478+0000] {subprocess.py:93} INFO - USERNAME  : teamuser
[2026-06-04T07:15:22.480+0000] {subprocess.py:93} INFO - ===================================
[2026-06-04T07:15:22.482+0000] {subprocess.py:93} INFO - 
[2026-06-04T07:15:22.484+0000] {subprocess.py:93} INFO - Connected to POSTGRES successfully.
[2026-06-04T07:15:22.485+0000] {subprocess.py:93} INFO - 
[2026-06-04T07:15:22.487+0000] {subprocess.py:93} INFO - Running pipeline: postgres_to_s3_pipeline (db_to_storage)
[2026-06-04T07:15:22.490+0000] {subprocess.py:93} INFO - 
[2026-06-04T07:15:22.492+0000] {subprocess.py:93} INFO - ===================================
[2026-06-04T07:15:22.494+0000] {subprocess.py:93} INFO - DATABASE CONNECTION CONFIG
[2026-06-04T07:15:22.496+0000] {subprocess.py:93} INFO - ===================================
[2026-06-04T07:15:22.497+0000] {subprocess.py:93} INFO - DB TYPE   : postgres
[2026-06-04T07:15:22.499+0000] {subprocess.py:93} INFO - HOST      : 3.107.8.33
[2026-06-04T07:15:22.501+0000] {subprocess.py:93} INFO - PORT      : 5432
[2026-06-04T07:15:22.507+0000] {subprocess.py:93} INFO - DATABASE  : udifdb
[2026-06-04T07:15:22.508+0000] {subprocess.py:93} INFO - USERNAME  : teamuser
[2026-06-04T07:15:22.511+0000] {subprocess.py:93} INFO - ===================================
[2026-06-04T07:15:22.512+0000] {subprocess.py:93} INFO - 
[2026-06-04T07:15:22.514+0000] {subprocess.py:93} INFO - Connected to POSTGRES successfully.
[2026-06-04T07:15:22.516+0000] {subprocess.py:93} INFO - Completed: 4653 rows processed
[2026-06-04T07:15:23.010+0000] {subprocess.py:97} INFO - Command exited with return code 0
[2026-06-04T07:15:23.015+0000] {taskinstance.py:441} INFO - ::group::Post task execution logs
[2026-06-04T07:15:23.087+0000] {taskinstance.py:1206} INFO - Marking task as SUCCESS. dag_id=postgres_to_s3_pipeline, task_id=run_pipeline_1, run_id=scheduled__2026-06-04T07:10:00+00:00, execution_date=20260604T071000, start_date=20260604T071503, end_date=20260604T071523
[2026-06-04T07:15:23.146+0000] {local_task_job_runner.py:240} INFO - Task exited with return code 0
[2026-06-04T07:15:23.201+0000] {taskinstance.py:3498} INFO - 0 downstream tasks scheduled from follow-on schedule check
[2026-06-04T07:15:23.207+0000] {local_task_job_runner.py:222} INFO - ::endgroup::
