[2026-06-03T13:50:02.248+0000] {local_task_job_runner.py:120} INFO - ::group::Pre task execution logs
[2026-06-03T13:50:02.277+0000] {taskinstance.py:2076} INFO - Dependencies all met for dep_context=non-requeueable deps ti=<TaskInstance: postgres_to_s3_pipeline.run_pipeline_1 scheduled__2026-06-03T13:45:00+00:00 [queued]>
[2026-06-03T13:50:02.286+0000] {taskinstance.py:2076} INFO - Dependencies all met for dep_context=requeueable deps ti=<TaskInstance: postgres_to_s3_pipeline.run_pipeline_1 scheduled__2026-06-03T13:45:00+00:00 [queued]>
[2026-06-03T13:50:02.288+0000] {taskinstance.py:2306} INFO - Starting attempt 1 of 2
[2026-06-03T13:50:02.303+0000] {taskinstance.py:2330} INFO - Executing <Task(BashOperator): run_pipeline_1> on 2026-06-03 13:45:00+00:00
[2026-06-03T13:50:02.310+0000] {standard_task_runner.py:90} INFO - Running: ['***', 'tasks', 'run', 'postgres_to_s3_pipeline', 'run_pipeline_1', 'scheduled__2026-06-03T13:45:00+00:00', '--job-id', '169', '--raw', '--subdir', 'DAGS_FOLDER/dynamic_pipeline_generator.py', '--cfg-path', '/tmp/tmpapqqhsfa']
[2026-06-03T13:50:02.314+0000] {standard_task_runner.py:91} INFO - Job 169: Subtask run_pipeline_1
[2026-06-03T13:50:02.314+0000] {logging_mixin.py:188} WARNING - /home/***/.local/lib/python3.12/site-packages/***/task/task_runner/standard_task_runner.py:61 DeprecationWarning: This process (pid=387) is multi-threaded, use of fork() may lead to deadlocks in the child.
[2026-06-03T13:50:02.315+0000] {standard_task_runner.py:63} INFO - Started process 388 to run task
[2026-06-03T13:50:02.362+0000] {task_command.py:426} INFO - Running <TaskInstance: postgres_to_s3_pipeline.run_pipeline_1 scheduled__2026-06-03T13:45:00+00:00 [running]> on host c3bf940c8326
[2026-06-03T13:50:02.450+0000] {taskinstance.py:2648} INFO - Exporting env vars: AIRFLOW_CTX_DAG_OWNER='subashri' AIRFLOW_CTX_DAG_ID='postgres_to_s3_pipeline' AIRFLOW_CTX_TASK_ID='run_pipeline_1' AIRFLOW_CTX_EXECUTION_DATE='2026-06-03T13:45:00+00:00' AIRFLOW_CTX_TRY_NUMBER='1' AIRFLOW_CTX_DAG_RUN_ID='scheduled__2026-06-03T13:45:00+00:00'
[2026-06-03T13:50:02.451+0000] {taskinstance.py:430} INFO - ::endgroup::
[2026-06-03T13:50:02.468+0000] {subprocess.py:63} INFO - Tmp dir root location: /tmp
[2026-06-03T13:50:02.470+0000] {subprocess.py:75} INFO - Running command: ['/usr/bin/bash', '-c', 'cd /opt/***/src && python main.py 1']
[2026-06-03T13:50:02.479+0000] {subprocess.py:86} INFO - Output:
[2026-06-03T13:50:12.833+0000] {subprocess.py:93} INFO - 
[2026-06-03T13:50:12.837+0000] {subprocess.py:93} INFO - ===================================
[2026-06-03T13:50:12.840+0000] {subprocess.py:93} INFO - DATABASE CONNECTION CONFIG
[2026-06-03T13:50:12.841+0000] {subprocess.py:93} INFO - ===================================
[2026-06-03T13:50:12.843+0000] {subprocess.py:93} INFO - DB TYPE   : postgres
[2026-06-03T13:50:12.844+0000] {subprocess.py:93} INFO - HOST      : 3.107.8.33
[2026-06-03T13:50:12.845+0000] {subprocess.py:93} INFO - PORT      : 5432
[2026-06-03T13:50:12.846+0000] {subprocess.py:93} INFO - DATABASE  : metadata_db
[2026-06-03T13:50:12.848+0000] {subprocess.py:93} INFO - USERNAME  : teamuser
[2026-06-03T13:50:12.849+0000] {subprocess.py:93} INFO - ===================================
[2026-06-03T13:50:12.850+0000] {subprocess.py:93} INFO - 
[2026-06-03T13:50:12.851+0000] {subprocess.py:93} INFO - Connected to POSTGRES successfully.
[2026-06-03T13:50:12.852+0000] {subprocess.py:93} INFO - 
[2026-06-03T13:50:12.853+0000] {subprocess.py:93} INFO - Running pipeline: postgres_to_s3_pipeline (db_to_storage)
[2026-06-03T13:50:12.854+0000] {subprocess.py:93} INFO - 
[2026-06-03T13:50:12.855+0000] {subprocess.py:93} INFO - ===================================
[2026-06-03T13:50:12.856+0000] {subprocess.py:93} INFO - DATABASE CONNECTION CONFIG
[2026-06-03T13:50:12.857+0000] {subprocess.py:93} INFO - ===================================
[2026-06-03T13:50:12.857+0000] {subprocess.py:93} INFO - DB TYPE   : postgres
[2026-06-03T13:50:12.858+0000] {subprocess.py:93} INFO - HOST      : 3.107.8.33
[2026-06-03T13:50:12.859+0000] {subprocess.py:93} INFO - PORT      : 5432
[2026-06-03T13:50:12.860+0000] {subprocess.py:93} INFO - DATABASE  : udifdb
[2026-06-03T13:50:12.860+0000] {subprocess.py:93} INFO - USERNAME  : teamuser
[2026-06-03T13:50:12.861+0000] {subprocess.py:93} INFO - ===================================
[2026-06-03T13:50:12.862+0000] {subprocess.py:93} INFO - 
[2026-06-03T13:50:12.863+0000] {subprocess.py:93} INFO - Connected to POSTGRES successfully.
[2026-06-03T13:50:12.863+0000] {subprocess.py:93} INFO - Completed: 4653 rows processed
[2026-06-03T13:50:13.067+0000] {subprocess.py:97} INFO - Command exited with return code 0
[2026-06-03T13:50:13.068+0000] {taskinstance.py:441} INFO - ::group::Post task execution logs
[2026-06-03T13:50:13.098+0000] {taskinstance.py:1206} INFO - Marking task as SUCCESS. dag_id=postgres_to_s3_pipeline, task_id=run_pipeline_1, run_id=scheduled__2026-06-03T13:45:00+00:00, execution_date=20260603T134500, start_date=20260603T135002, end_date=20260603T135013
[2026-06-03T13:50:13.141+0000] {local_task_job_runner.py:240} INFO - Task exited with return code 0
[2026-06-03T13:50:13.156+0000] {taskinstance.py:3498} INFO - 0 downstream tasks scheduled from follow-on schedule check
[2026-06-03T13:50:13.160+0000] {local_task_job_runner.py:222} INFO - ::endgroup::
