[2026-06-08T06:25:02.590+0000] {local_task_job_runner.py:120} INFO - ::group::Pre task execution logs
[2026-06-08T06:25:02.623+0000] {taskinstance.py:2076} INFO - Dependencies all met for dep_context=non-requeueable deps ti=<TaskInstance: local_to_postgres_pipeline.run_pipeline_4 scheduled__2026-06-08T06:20:00+00:00 [queued]>
[2026-06-08T06:25:02.632+0000] {taskinstance.py:2076} INFO - Dependencies all met for dep_context=requeueable deps ti=<TaskInstance: local_to_postgres_pipeline.run_pipeline_4 scheduled__2026-06-08T06:20:00+00:00 [queued]>
[2026-06-08T06:25:02.633+0000] {taskinstance.py:2306} INFO - Starting attempt 1 of 2
[2026-06-08T06:25:02.647+0000] {taskinstance.py:2330} INFO - Executing <Task(BashOperator): run_pipeline_4> on 2026-06-08 06:20:00+00:00
[2026-06-08T06:25:02.653+0000] {standard_task_runner.py:90} INFO - Running: ['***', 'tasks', 'run', 'local_to_postgres_pipeline', 'run_pipeline_4', 'scheduled__2026-06-08T06:20:00+00:00', '--job-id', '337', '--raw', '--subdir', 'DAGS_FOLDER/dynamic_pipeline_generator.py', '--cfg-path', '/tmp/tmpfa0itm3m']
[2026-06-08T06:25:02.656+0000] {standard_task_runner.py:91} INFO - Job 337: Subtask run_pipeline_4
[2026-06-08T06:25:02.656+0000] {logging_mixin.py:188} WARNING - /home/***/.local/lib/python3.12/site-packages/***/task/task_runner/standard_task_runner.py:61 DeprecationWarning: This process (pid=1200) is multi-threaded, use of fork() may lead to deadlocks in the child.
[2026-06-08T06:25:02.658+0000] {standard_task_runner.py:63} INFO - Started process 1201 to run task
[2026-06-08T06:25:02.700+0000] {task_command.py:426} INFO - Running <TaskInstance: local_to_postgres_pipeline.run_pipeline_4 scheduled__2026-06-08T06:20:00+00:00 [running]> on host 450cdec9e3e5
[2026-06-08T06:25:02.795+0000] {taskinstance.py:2648} INFO - Exporting env vars: AIRFLOW_CTX_DAG_OWNER='subashri' AIRFLOW_CTX_DAG_ID='local_to_postgres_pipeline' AIRFLOW_CTX_TASK_ID='run_pipeline_4' AIRFLOW_CTX_EXECUTION_DATE='2026-06-08T06:20:00+00:00' AIRFLOW_CTX_TRY_NUMBER='1' AIRFLOW_CTX_DAG_RUN_ID='scheduled__2026-06-08T06:20:00+00:00'
[2026-06-08T06:25:02.796+0000] {taskinstance.py:430} INFO - ::endgroup::
[2026-06-08T06:25:02.814+0000] {subprocess.py:63} INFO - Tmp dir root location: /tmp
[2026-06-08T06:25:02.816+0000] {subprocess.py:75} INFO - Running command: ['/usr/bin/bash', '-c', 'cd /opt/***/src && python main.py 4']
[2026-06-08T06:25:02.824+0000] {subprocess.py:86} INFO - Output:
[2026-06-08T06:25:10.076+0000] {subprocess.py:93} INFO - Using CPU. Note: This module is much faster with a GPU.
[2026-06-08T06:25:25.703+0000] {subprocess.py:93} INFO - /home/***/.local/lib/python3.12/site-packages/torch/utils/data/dataloader.py:752: UserWarning: 'pin_memory' argument is set as true but no accelerator is found, then device pinned memory won't be used.
[2026-06-08T06:25:25.704+0000] {subprocess.py:93} INFO -   super().__init__(loader)
[2026-06-08T06:26:00.847+0000] {subprocess.py:93} INFO - 
[2026-06-08T06:26:00.848+0000] {subprocess.py:93} INFO - ===================================
[2026-06-08T06:26:00.849+0000] {subprocess.py:93} INFO - DATABASE CONNECTION CONFIG
[2026-06-08T06:26:00.850+0000] {subprocess.py:93} INFO - ===================================
[2026-06-08T06:26:00.850+0000] {subprocess.py:93} INFO - DB TYPE   : postgres
[2026-06-08T06:26:00.851+0000] {subprocess.py:93} INFO - HOST      : 3.107.8.33
[2026-06-08T06:26:00.852+0000] {subprocess.py:93} INFO - PORT      : 5432
[2026-06-08T06:26:00.852+0000] {subprocess.py:93} INFO - DATABASE  : metadata_db
[2026-06-08T06:26:00.853+0000] {subprocess.py:93} INFO - USERNAME  : teamuser
[2026-06-08T06:26:00.854+0000] {subprocess.py:93} INFO - ===================================
[2026-06-08T06:26:00.854+0000] {subprocess.py:93} INFO - 
[2026-06-08T06:26:00.855+0000] {subprocess.py:93} INFO - Connected to POSTGRES successfully.
[2026-06-08T06:26:00.856+0000] {subprocess.py:93} INFO - 
[2026-06-08T06:26:00.856+0000] {subprocess.py:93} INFO - Running pipeline: local_to_postgres_pipeline (storage_to_db)
[2026-06-08T06:26:00.857+0000] {subprocess.py:93} INFO - Loading table: customer (2 rows)
[2026-06-08T06:26:00.858+0000] {subprocess.py:93} INFO - Loading table: data pic1 (91 rows)
[2026-06-08T06:26:00.858+0000] {subprocess.py:93} INFO - Loading table: employee (20 rows)
[2026-06-08T06:26:00.859+0000] {subprocess.py:93} INFO - Loading table: employee_data (100 rows)
[2026-06-08T06:26:00.860+0000] {subprocess.py:93} INFO - Loading table: sample (2 rows)
[2026-06-08T06:26:00.860+0000] {subprocess.py:93} INFO - Loading table: word (12 rows)
[2026-06-08T06:26:00.861+0000] {subprocess.py:93} INFO - Processed total rows: 227
[2026-06-08T06:26:00.861+0000] {subprocess.py:93} INFO - Completed: 227 rows processed
[2026-06-08T06:26:01.746+0000] {subprocess.py:97} INFO - Command exited with return code 0
[2026-06-08T06:26:01.750+0000] {taskinstance.py:441} INFO - ::group::Post task execution logs
[2026-06-08T06:26:01.775+0000] {taskinstance.py:1206} INFO - Marking task as SUCCESS. dag_id=local_to_postgres_pipeline, task_id=run_pipeline_4, run_id=scheduled__2026-06-08T06:20:00+00:00, execution_date=20260608T062000, start_date=20260608T062502, end_date=20260608T062601
[2026-06-08T06:26:01.793+0000] {local_task_job_runner.py:240} INFO - Task exited with return code 0
[2026-06-08T06:26:01.806+0000] {taskinstance.py:3498} INFO - 0 downstream tasks scheduled from follow-on schedule check
[2026-06-08T06:26:01.808+0000] {local_task_job_runner.py:222} INFO - ::endgroup::
