[2026-06-01T09:32:04.325+0000] {local_task_job_runner.py:120} INFO - ::group::Pre task execution logs
[2026-06-01T09:32:04.374+0000] {taskinstance.py:2076} INFO - Dependencies all met for dep_context=non-requeueable deps ti=<TaskInstance: dynamic_metadata_pipeline.run_pipeline_3 scheduled__2026-05-31T02:00:00+00:00 [queued]>
[2026-06-01T09:32:04.385+0000] {taskinstance.py:2076} INFO - Dependencies all met for dep_context=requeueable deps ti=<TaskInstance: dynamic_metadata_pipeline.run_pipeline_3 scheduled__2026-05-31T02:00:00+00:00 [queued]>
[2026-06-01T09:32:04.386+0000] {taskinstance.py:2306} INFO - Starting attempt 1 of 2
[2026-06-01T09:32:04.401+0000] {taskinstance.py:2330} INFO - Executing <Task(BashOperator): run_pipeline_3> on 2026-05-31 02:00:00+00:00
[2026-06-01T09:32:04.418+0000] {standard_task_runner.py:90} INFO - Running: ['***', 'tasks', 'run', 'dynamic_metadata_pipeline', 'run_pipeline_3', 'scheduled__2026-05-31T02:00:00+00:00', '--job-id', '86', '--raw', '--subdir', 'DAGS_FOLDER/dynamic_pipeline_dag.py', '--cfg-path', '/tmp/tmpxp_uamkw']
[2026-06-01T09:32:04.422+0000] {standard_task_runner.py:91} INFO - Job 86: Subtask run_pipeline_3
[2026-06-01T09:32:04.423+0000] {logging_mixin.py:188} WARNING - /home/***/.local/lib/python3.12/site-packages/***/task/task_runner/standard_task_runner.py:61 DeprecationWarning: This process (pid=1669) is multi-threaded, use of fork() may lead to deadlocks in the child.
[2026-06-01T09:32:04.424+0000] {standard_task_runner.py:63} INFO - Started process 1671 to run task
[2026-06-01T09:32:04.483+0000] {task_command.py:426} INFO - Running <TaskInstance: dynamic_metadata_pipeline.run_pipeline_3 scheduled__2026-05-31T02:00:00+00:00 [running]> on host 1103cbeaed03
[2026-06-01T09:32:04.589+0000] {taskinstance.py:2648} INFO - Exporting env vars: AIRFLOW_CTX_DAG_OWNER='subashri' AIRFLOW_CTX_DAG_ID='dynamic_metadata_pipeline' AIRFLOW_CTX_TASK_ID='run_pipeline_3' AIRFLOW_CTX_EXECUTION_DATE='2026-05-31T02:00:00+00:00' AIRFLOW_CTX_TRY_NUMBER='1' AIRFLOW_CTX_DAG_RUN_ID='scheduled__2026-05-31T02:00:00+00:00'
[2026-06-01T09:32:04.590+0000] {taskinstance.py:430} INFO - ::endgroup::
[2026-06-01T09:32:04.617+0000] {subprocess.py:63} INFO - Tmp dir root location: /tmp
[2026-06-01T09:32:04.619+0000] {subprocess.py:75} INFO - Running command: ['/usr/bin/bash', '-c', 'cd /opt/***/src && python main.py 3']
[2026-06-01T09:32:04.640+0000] {subprocess.py:86} INFO - Output:
[2026-06-01T09:32:17.708+0000] {subprocess.py:93} INFO - 
[2026-06-01T09:32:17.708+0000] {subprocess.py:93} INFO - ===================================
[2026-06-01T09:32:17.709+0000] {subprocess.py:93} INFO - DATABASE CONNECTION CONFIG
[2026-06-01T09:32:17.710+0000] {subprocess.py:93} INFO - ===================================
[2026-06-01T09:32:17.710+0000] {subprocess.py:93} INFO - DB TYPE   : postgres
[2026-06-01T09:32:17.711+0000] {subprocess.py:93} INFO - HOST      : 3.107.8.33
[2026-06-01T09:32:17.712+0000] {subprocess.py:93} INFO - PORT      : 5432
[2026-06-01T09:32:17.712+0000] {subprocess.py:93} INFO - DATABASE  : metadata_db
[2026-06-01T09:32:17.713+0000] {subprocess.py:93} INFO - USERNAME  : teamuser
[2026-06-01T09:32:17.714+0000] {subprocess.py:93} INFO - ===================================
[2026-06-01T09:32:17.714+0000] {subprocess.py:93} INFO - 
[2026-06-01T09:32:17.715+0000] {subprocess.py:93} INFO - Connected to POSTGRES successfully.
[2026-06-01T09:32:17.716+0000] {subprocess.py:93} INFO - 
[2026-06-01T09:32:17.716+0000] {subprocess.py:93} INFO - Running pipeline: postgres_to_postgres_pipeline (db_to_db)
[2026-06-01T09:32:17.717+0000] {subprocess.py:93} INFO - 
[2026-06-01T09:32:17.718+0000] {subprocess.py:93} INFO - ===================================
[2026-06-01T09:32:17.718+0000] {subprocess.py:93} INFO - DATABASE CONNECTION CONFIG
[2026-06-01T09:32:17.719+0000] {subprocess.py:93} INFO - ===================================
[2026-06-01T09:32:17.720+0000] {subprocess.py:93} INFO - DB TYPE   : postgres
[2026-06-01T09:32:17.720+0000] {subprocess.py:93} INFO - HOST      : 3.107.8.33
[2026-06-01T09:32:17.721+0000] {subprocess.py:93} INFO - PORT      : 5432
[2026-06-01T09:32:17.722+0000] {subprocess.py:93} INFO - DATABASE  : udifdb
[2026-06-01T09:32:17.722+0000] {subprocess.py:93} INFO - USERNAME  : teamuser
[2026-06-01T09:32:17.723+0000] {subprocess.py:93} INFO - ===================================
[2026-06-01T09:32:17.723+0000] {subprocess.py:93} INFO - 
[2026-06-01T09:32:17.724+0000] {subprocess.py:93} INFO - Connected to POSTGRES successfully.
[2026-06-01T09:32:17.725+0000] {subprocess.py:93} INFO - Completed: 4653 rows processed
[2026-06-01T09:32:17.899+0000] {subprocess.py:97} INFO - Command exited with return code 0
[2026-06-01T09:32:17.900+0000] {taskinstance.py:441} INFO - ::group::Post task execution logs
[2026-06-01T09:32:17.931+0000] {taskinstance.py:1206} INFO - Marking task as SUCCESS. dag_id=dynamic_metadata_pipeline, task_id=run_pipeline_3, run_id=scheduled__2026-05-31T02:00:00+00:00, execution_date=20260531T020000, start_date=20260601T093204, end_date=20260601T093217
[2026-06-01T09:32:17.972+0000] {local_task_job_runner.py:240} INFO - Task exited with return code 0
[2026-06-01T09:32:17.990+0000] {taskinstance.py:3498} INFO - 0 downstream tasks scheduled from follow-on schedule check
[2026-06-01T09:32:17.993+0000] {local_task_job_runner.py:222} INFO - ::endgroup::
