[2026-06-08T06:00:02.073+0000] {local_task_job_runner.py:120} INFO - ::group::Pre task execution logs
[2026-06-08T06:00:02.113+0000] {taskinstance.py:2076} INFO - Dependencies all met for dep_context=non-requeueable deps ti=<TaskInstance: s3_to_postgres_pipeline.run_pipeline_5 scheduled__2026-06-08T05:55:00+00:00 [queued]>
[2026-06-08T06:00:02.127+0000] {taskinstance.py:2076} INFO - Dependencies all met for dep_context=requeueable deps ti=<TaskInstance: s3_to_postgres_pipeline.run_pipeline_5 scheduled__2026-06-08T05:55:00+00:00 [queued]>
[2026-06-08T06:00:02.128+0000] {taskinstance.py:2306} INFO - Starting attempt 1 of 2
[2026-06-08T06:00:02.143+0000] {taskinstance.py:2330} INFO - Executing <Task(BashOperator): run_pipeline_5> on 2026-06-08 05:55:00+00:00
[2026-06-08T06:00:02.152+0000] {standard_task_runner.py:90} INFO - Running: ['***', 'tasks', 'run', 's3_to_postgres_pipeline', 'run_pipeline_5', 'scheduled__2026-06-08T05:55:00+00:00', '--job-id', '322', '--raw', '--subdir', 'DAGS_FOLDER/dynamic_pipeline_generator.py', '--cfg-path', '/tmp/tmp2szgh8un']
[2026-06-08T06:00:02.159+0000] {standard_task_runner.py:91} INFO - Job 322: Subtask run_pipeline_5
[2026-06-08T06:00:02.158+0000] {logging_mixin.py:188} WARNING - /home/***/.local/lib/python3.12/site-packages/***/task/task_runner/standard_task_runner.py:61 DeprecationWarning: This process (pid=359) is multi-threaded, use of fork() may lead to deadlocks in the child.
[2026-06-08T06:00:02.160+0000] {standard_task_runner.py:63} INFO - Started process 367 to run task
[2026-06-08T06:00:02.225+0000] {task_command.py:426} INFO - Running <TaskInstance: s3_to_postgres_pipeline.run_pipeline_5 scheduled__2026-06-08T05:55:00+00:00 [running]> on host 450cdec9e3e5
[2026-06-08T06:00:02.344+0000] {taskinstance.py:2648} INFO - Exporting env vars: AIRFLOW_CTX_DAG_OWNER='subashri' AIRFLOW_CTX_DAG_ID='s3_to_postgres_pipeline' AIRFLOW_CTX_TASK_ID='run_pipeline_5' AIRFLOW_CTX_EXECUTION_DATE='2026-06-08T05:55:00+00:00' AIRFLOW_CTX_TRY_NUMBER='1' AIRFLOW_CTX_DAG_RUN_ID='scheduled__2026-06-08T05:55:00+00:00'
[2026-06-08T06:00:02.346+0000] {taskinstance.py:430} INFO - ::endgroup::
[2026-06-08T06:00:02.367+0000] {subprocess.py:63} INFO - Tmp dir root location: /tmp
[2026-06-08T06:00:02.369+0000] {subprocess.py:75} INFO - Running command: ['/usr/bin/bash', '-c', 'cd /opt/***/src && python main.py 5']
[2026-06-08T06:00:02.381+0000] {subprocess.py:86} INFO - Output:
[2026-06-08T06:00:25.138+0000] {subprocess.py:93} INFO - 
[2026-06-08T06:00:25.432+0000] {subprocess.py:93} INFO - ===================================
[2026-06-08T06:00:25.437+0000] {subprocess.py:93} INFO - DATABASE CONNECTION CONFIG
[2026-06-08T06:00:25.445+0000] {subprocess.py:93} INFO - ===================================
[2026-06-08T06:00:25.455+0000] {subprocess.py:93} INFO - DB TYPE   : postgres
[2026-06-08T06:00:25.460+0000] {subprocess.py:93} INFO - HOST      : 3.107.8.33
[2026-06-08T06:00:25.469+0000] {subprocess.py:93} INFO - PORT      : 5432
[2026-06-08T06:00:25.473+0000] {subprocess.py:93} INFO - DATABASE  : metadata_db
[2026-06-08T06:00:25.480+0000] {subprocess.py:93} INFO - USERNAME  : teamuser
[2026-06-08T06:00:25.493+0000] {subprocess.py:93} INFO - ===================================
[2026-06-08T06:00:25.495+0000] {subprocess.py:93} INFO - 
[2026-06-08T06:00:25.502+0000] {subprocess.py:93} INFO - Connected to POSTGRES successfully.
[2026-06-08T06:00:25.510+0000] {subprocess.py:93} INFO - 
[2026-06-08T06:00:25.514+0000] {subprocess.py:93} INFO - Running pipeline: s3_to_postgres_pipeline (storage_to_db)
[2026-06-08T06:00:25.519+0000] {subprocess.py:93} INFO - Loading table: customer_feb (120 rows)
[2026-06-08T06:00:25.523+0000] {subprocess.py:93} INFO - Loading table: customer_jan (100 rows)
[2026-06-08T06:00:25.528+0000] {subprocess.py:93} INFO - Loading table: customer_march (150 rows)
[2026-06-08T06:00:25.535+0000] {subprocess.py:93} INFO - Processed total rows: 370
[2026-06-08T06:00:25.545+0000] {subprocess.py:93} INFO - Completed: 370 rows processed
[2026-06-08T06:00:34.359+0000] {subprocess.py:97} INFO - Command exited with return code 0
[2026-06-08T06:00:34.428+0000] {taskinstance.py:441} INFO - ::group::Post task execution logs
[2026-06-08T06:00:36.649+0000] {taskinstance.py:1206} INFO - Marking task as SUCCESS. dag_id=s3_to_postgres_pipeline, task_id=run_pipeline_5, run_id=scheduled__2026-06-08T05:55:00+00:00, execution_date=20260608T055500, start_date=20260608T060002, end_date=20260608T060036
[2026-06-08T06:00:36.865+0000] {local_task_job_runner.py:240} INFO - Task exited with return code 0
[2026-06-08T06:00:37.305+0000] {taskinstance.py:3498} INFO - 0 downstream tasks scheduled from follow-on schedule check
[2026-06-08T06:00:37.316+0000] {local_task_job_runner.py:222} INFO - ::endgroup::
