[2026-06-03T11:15:28.835+0000] {local_task_job_runner.py:120} INFO - ::group::Pre task execution logs
[2026-06-03T11:15:28.879+0000] {taskinstance.py:2076} INFO - Dependencies all met for dep_context=non-requeueable deps ti=<TaskInstance: dynamic_metadata_pipeline.run_pipeline_3 manual__2026-06-03T11:15:26.888720+00:00 [queued]>
[2026-06-03T11:15:28.889+0000] {taskinstance.py:2076} INFO - Dependencies all met for dep_context=requeueable deps ti=<TaskInstance: dynamic_metadata_pipeline.run_pipeline_3 manual__2026-06-03T11:15:26.888720+00:00 [queued]>
[2026-06-03T11:15:28.890+0000] {taskinstance.py:2306} INFO - Starting attempt 1 of 2
[2026-06-03T11:15:28.906+0000] {taskinstance.py:2330} INFO - Executing <Task(BashOperator): run_pipeline_3> on 2026-06-03 11:15:26.888720+00:00
[2026-06-03T11:15:28.919+0000] {standard_task_runner.py:90} INFO - Running: ['***', 'tasks', 'run', 'dynamic_metadata_pipeline', 'run_pipeline_3', 'manual__2026-06-03T11:15:26.888720+00:00', '--job-id', '124', '--raw', '--subdir', 'DAGS_FOLDER/dynamic_pipeline_dag.py', '--cfg-path', '/tmp/tmpxuqw17bo']
[2026-06-03T11:15:28.923+0000] {standard_task_runner.py:91} INFO - Job 124: Subtask run_pipeline_3
[2026-06-03T11:15:28.923+0000] {logging_mixin.py:188} WARNING - /home/***/.local/lib/python3.12/site-packages/***/task/task_runner/standard_task_runner.py:61 DeprecationWarning: This process (pid=966) is multi-threaded, use of fork() may lead to deadlocks in the child.
[2026-06-03T11:15:28.924+0000] {standard_task_runner.py:63} INFO - Started process 971 to run task
[2026-06-03T11:15:28.984+0000] {task_command.py:426} INFO - Running <TaskInstance: dynamic_metadata_pipeline.run_pipeline_3 manual__2026-06-03T11:15:26.888720+00:00 [running]> on host c3bf940c8326
[2026-06-03T11:15:29.092+0000] {taskinstance.py:2648} INFO - Exporting env vars: AIRFLOW_CTX_DAG_OWNER='subashri' AIRFLOW_CTX_DAG_ID='dynamic_metadata_pipeline' AIRFLOW_CTX_TASK_ID='run_pipeline_3' AIRFLOW_CTX_EXECUTION_DATE='2026-06-03T11:15:26.888720+00:00' AIRFLOW_CTX_TRY_NUMBER='1' AIRFLOW_CTX_DAG_RUN_ID='manual__2026-06-03T11:15:26.888720+00:00'
[2026-06-03T11:15:29.093+0000] {taskinstance.py:430} INFO - ::endgroup::
[2026-06-03T11:15:29.113+0000] {subprocess.py:63} INFO - Tmp dir root location: /tmp
[2026-06-03T11:15:29.114+0000] {subprocess.py:75} INFO - Running command: ['/usr/bin/bash', '-c', 'cd /opt/***/src && python main.py 3']
[2026-06-03T11:15:29.124+0000] {subprocess.py:86} INFO - Output:
[2026-06-03T11:15:41.145+0000] {subprocess.py:93} INFO - 
[2026-06-03T11:15:41.147+0000] {subprocess.py:93} INFO - ===================================
[2026-06-03T11:15:41.148+0000] {subprocess.py:93} INFO - DATABASE CONNECTION CONFIG
[2026-06-03T11:15:41.149+0000] {subprocess.py:93} INFO - ===================================
[2026-06-03T11:15:41.150+0000] {subprocess.py:93} INFO - DB TYPE   : postgres
[2026-06-03T11:15:41.150+0000] {subprocess.py:93} INFO - HOST      : 3.107.8.33
[2026-06-03T11:15:41.151+0000] {subprocess.py:93} INFO - PORT      : 5432
[2026-06-03T11:15:41.152+0000] {subprocess.py:93} INFO - DATABASE  : metadata_db
[2026-06-03T11:15:41.152+0000] {subprocess.py:93} INFO - USERNAME  : teamuser
[2026-06-03T11:15:41.153+0000] {subprocess.py:93} INFO - ===================================
[2026-06-03T11:15:41.154+0000] {subprocess.py:93} INFO - 
[2026-06-03T11:15:41.155+0000] {subprocess.py:93} INFO - Connected to POSTGRES successfully.
[2026-06-03T11:15:41.156+0000] {subprocess.py:93} INFO - 
[2026-06-03T11:15:41.156+0000] {subprocess.py:93} INFO - Running pipeline: postgres_to_postgres_pipeline (db_to_db)
[2026-06-03T11:15:41.157+0000] {subprocess.py:93} INFO - 
[2026-06-03T11:15:41.158+0000] {subprocess.py:93} INFO - ===================================
[2026-06-03T11:15:41.159+0000] {subprocess.py:93} INFO - DATABASE CONNECTION CONFIG
[2026-06-03T11:15:41.159+0000] {subprocess.py:93} INFO - ===================================
[2026-06-03T11:15:41.161+0000] {subprocess.py:93} INFO - DB TYPE   : postgres
[2026-06-03T11:15:41.161+0000] {subprocess.py:93} INFO - HOST      : 3.107.8.33
[2026-06-03T11:15:41.162+0000] {subprocess.py:93} INFO - PORT      : 5432
[2026-06-03T11:15:41.167+0000] {subprocess.py:93} INFO - DATABASE  : udifdb
[2026-06-03T11:15:41.167+0000] {subprocess.py:93} INFO - USERNAME  : teamuser
[2026-06-03T11:15:41.168+0000] {subprocess.py:93} INFO - ===================================
[2026-06-03T11:15:41.169+0000] {subprocess.py:93} INFO - 
[2026-06-03T11:15:41.170+0000] {subprocess.py:93} INFO - Connected to POSTGRES successfully.
[2026-06-03T11:15:41.170+0000] {subprocess.py:93} INFO - Completed: 4653 rows processed
[2026-06-03T11:15:41.378+0000] {subprocess.py:97} INFO - Command exited with return code 0
[2026-06-03T11:15:41.381+0000] {taskinstance.py:441} INFO - ::group::Post task execution logs
[2026-06-03T11:15:41.440+0000] {taskinstance.py:1206} INFO - Marking task as SUCCESS. dag_id=dynamic_metadata_pipeline, task_id=run_pipeline_3, run_id=manual__2026-06-03T11:15:26.888720+00:00, execution_date=20260603T111526, start_date=20260603T111528, end_date=20260603T111541
[2026-06-03T11:15:41.479+0000] {local_task_job_runner.py:240} INFO - Task exited with return code 0
[2026-06-03T11:15:41.508+0000] {taskinstance.py:3498} INFO - 0 downstream tasks scheduled from follow-on schedule check
[2026-06-03T11:15:41.511+0000] {local_task_job_runner.py:222} INFO - ::endgroup::
