[2026-06-04T07:20:02.681+0000] {local_task_job_runner.py:120} INFO - ::group::Pre task execution logs
[2026-06-04T07:20:02.825+0000] {taskinstance.py:2076} INFO - Dependencies all met for dep_context=non-requeueable deps ti=<TaskInstance: postgres_to_local_pipeline.run_pipeline_2 scheduled__2026-06-04T07:15:00+00:00 [queued]>
[2026-06-04T07:20:02.856+0000] {taskinstance.py:2076} INFO - Dependencies all met for dep_context=requeueable deps ti=<TaskInstance: postgres_to_local_pipeline.run_pipeline_2 scheduled__2026-06-04T07:15:00+00:00 [queued]>
[2026-06-04T07:20:02.857+0000] {taskinstance.py:2306} INFO - Starting attempt 1 of 2
[2026-06-04T07:20:02.915+0000] {taskinstance.py:2330} INFO - Executing <Task(BashOperator): run_pipeline_2> on 2026-06-04 07:15:00+00:00
[2026-06-04T07:20:02.977+0000] {standard_task_runner.py:90} INFO - Running: ['***', 'tasks', 'run', 'postgres_to_local_pipeline', 'run_pipeline_2', 'scheduled__2026-06-04T07:15:00+00:00', '--job-id', '299', '--raw', '--subdir', 'DAGS_FOLDER/dynamic_pipeline_generator.py', '--cfg-path', '/tmp/tmppm1ga1x8']
[2026-06-04T07:20:03.005+0000] {standard_task_runner.py:91} INFO - Job 299: Subtask run_pipeline_2
[2026-06-04T07:20:03.173+0000] {logging_mixin.py:188} WARNING - /home/***/.local/lib/python3.12/site-packages/***/task/task_runner/standard_task_runner.py:61 DeprecationWarning: This process (pid=5629) is multi-threaded, use of fork() may lead to deadlocks in the child.
[2026-06-04T07:20:03.191+0000] {standard_task_runner.py:63} INFO - Started process 5638 to run task
[2026-06-04T07:20:03.329+0000] {task_command.py:426} INFO - Running <TaskInstance: postgres_to_local_pipeline.run_pipeline_2 scheduled__2026-06-04T07:15:00+00:00 [running]> on host b044b6a9b6bd
[2026-06-04T07:20:03.840+0000] {taskinstance.py:2648} INFO - Exporting env vars: AIRFLOW_CTX_DAG_OWNER='subashri' AIRFLOW_CTX_DAG_ID='postgres_to_local_pipeline' AIRFLOW_CTX_TASK_ID='run_pipeline_2' AIRFLOW_CTX_EXECUTION_DATE='2026-06-04T07:15:00+00:00' AIRFLOW_CTX_TRY_NUMBER='1' AIRFLOW_CTX_DAG_RUN_ID='scheduled__2026-06-04T07:15:00+00:00'
[2026-06-04T07:20:03.847+0000] {taskinstance.py:430} INFO - ::endgroup::
[2026-06-04T07:20:03.947+0000] {subprocess.py:63} INFO - Tmp dir root location: /tmp
[2026-06-04T07:20:03.958+0000] {subprocess.py:75} INFO - Running command: ['/usr/bin/bash', '-c', 'cd /opt/***/src && python main.py 2']
[2026-06-04T07:20:04.066+0000] {subprocess.py:86} INFO - Output:
[2026-06-04T07:20:18.378+0000] {subprocess.py:93} INFO - 
[2026-06-04T07:20:18.380+0000] {subprocess.py:93} INFO - ===================================
[2026-06-04T07:20:18.381+0000] {subprocess.py:93} INFO - DATABASE CONNECTION CONFIG
[2026-06-04T07:20:18.382+0000] {subprocess.py:93} INFO - ===================================
[2026-06-04T07:20:18.383+0000] {subprocess.py:93} INFO - DB TYPE   : postgres
[2026-06-04T07:20:18.384+0000] {subprocess.py:93} INFO - HOST      : 3.107.8.33
[2026-06-04T07:20:18.386+0000] {subprocess.py:93} INFO - PORT      : 5432
[2026-06-04T07:20:18.387+0000] {subprocess.py:93} INFO - DATABASE  : metadata_db
[2026-06-04T07:20:18.388+0000] {subprocess.py:93} INFO - USERNAME  : teamuser
[2026-06-04T07:20:18.389+0000] {subprocess.py:93} INFO - ===================================
[2026-06-04T07:20:18.391+0000] {subprocess.py:93} INFO - 
[2026-06-04T07:20:18.392+0000] {subprocess.py:93} INFO - Connected to POSTGRES successfully.
[2026-06-04T07:20:18.393+0000] {subprocess.py:93} INFO - 
[2026-06-04T07:20:18.395+0000] {subprocess.py:93} INFO - Running pipeline: postgres_to_local_pipeline (db_to_storage)
[2026-06-04T07:20:18.396+0000] {subprocess.py:93} INFO - 
[2026-06-04T07:20:18.398+0000] {subprocess.py:93} INFO - ===================================
[2026-06-04T07:20:18.399+0000] {subprocess.py:93} INFO - DATABASE CONNECTION CONFIG
[2026-06-04T07:20:18.400+0000] {subprocess.py:93} INFO - ===================================
[2026-06-04T07:20:18.402+0000] {subprocess.py:93} INFO - DB TYPE   : postgres
[2026-06-04T07:20:18.403+0000] {subprocess.py:93} INFO - HOST      : 3.107.8.33
[2026-06-04T07:20:18.404+0000] {subprocess.py:93} INFO - PORT      : 5432
[2026-06-04T07:20:18.405+0000] {subprocess.py:93} INFO - DATABASE  : udifdb
[2026-06-04T07:20:18.407+0000] {subprocess.py:93} INFO - USERNAME  : teamuser
[2026-06-04T07:20:18.407+0000] {subprocess.py:93} INFO - ===================================
[2026-06-04T07:20:18.409+0000] {subprocess.py:93} INFO - 
[2026-06-04T07:20:18.410+0000] {subprocess.py:93} INFO - Connected to POSTGRES successfully.
[2026-06-04T07:20:18.411+0000] {subprocess.py:93} INFO - Completed: 4653 rows processed
[2026-06-04T07:20:18.724+0000] {subprocess.py:97} INFO - Command exited with return code 0
[2026-06-04T07:20:18.726+0000] {taskinstance.py:441} INFO - ::group::Post task execution logs
[2026-06-04T07:20:18.777+0000] {taskinstance.py:1206} INFO - Marking task as SUCCESS. dag_id=postgres_to_local_pipeline, task_id=run_pipeline_2, run_id=scheduled__2026-06-04T07:15:00+00:00, execution_date=20260604T071500, start_date=20260604T072002, end_date=20260604T072018
[2026-06-04T07:20:18.820+0000] {local_task_job_runner.py:240} INFO - Task exited with return code 0
[2026-06-04T07:20:18.855+0000] {taskinstance.py:3498} INFO - 0 downstream tasks scheduled from follow-on schedule check
[2026-06-04T07:20:18.858+0000] {local_task_job_runner.py:222} INFO - ::endgroup::
