[2026-06-04T04:59:20.215+0000] {local_task_job_runner.py:120} INFO - ::group::Pre task execution logs
[2026-06-04T04:59:20.246+0000] {taskinstance.py:2076} INFO - Dependencies all met for dep_context=non-requeueable deps ti=<TaskInstance: local_to_s3_pipeline.run_pipeline_6 scheduled__2026-06-04T04:50:00+00:00 [queued]>
[2026-06-04T04:59:20.253+0000] {taskinstance.py:2076} INFO - Dependencies all met for dep_context=requeueable deps ti=<TaskInstance: local_to_s3_pipeline.run_pipeline_6 scheduled__2026-06-04T04:50:00+00:00 [queued]>
[2026-06-04T04:59:20.255+0000] {taskinstance.py:2306} INFO - Starting attempt 1 of 2
[2026-06-04T04:59:20.270+0000] {taskinstance.py:2330} INFO - Executing <Task(BashOperator): run_pipeline_6> on 2026-06-04 04:50:00+00:00
[2026-06-04T04:59:20.277+0000] {standard_task_runner.py:90} INFO - Running: ['***', 'tasks', 'run', 'local_to_s3_pipeline', 'run_pipeline_6', 'scheduled__2026-06-04T04:50:00+00:00', '--job-id', '204', '--raw', '--subdir', 'DAGS_FOLDER/dynamic_pipeline_generator.py', '--cfg-path', '/tmp/tmpub1fkj9d']
[2026-06-04T04:59:20.280+0000] {standard_task_runner.py:91} INFO - Job 204: Subtask run_pipeline_6
[2026-06-04T04:59:20.280+0000] {logging_mixin.py:188} WARNING - /home/***/.local/lib/python3.12/site-packages/***/task/task_runner/standard_task_runner.py:61 DeprecationWarning: This process (pid=1464) is multi-threaded, use of fork() may lead to deadlocks in the child.
[2026-06-04T04:59:20.281+0000] {standard_task_runner.py:63} INFO - Started process 1465 to run task
[2026-06-04T04:59:20.328+0000] {task_command.py:426} INFO - Running <TaskInstance: local_to_s3_pipeline.run_pipeline_6 scheduled__2026-06-04T04:50:00+00:00 [running]> on host b044b6a9b6bd
[2026-06-04T04:59:20.403+0000] {taskinstance.py:2648} INFO - Exporting env vars: AIRFLOW_CTX_DAG_OWNER='subashri' AIRFLOW_CTX_DAG_ID='local_to_s3_pipeline' AIRFLOW_CTX_TASK_ID='run_pipeline_6' AIRFLOW_CTX_EXECUTION_DATE='2026-06-04T04:50:00+00:00' AIRFLOW_CTX_TRY_NUMBER='1' AIRFLOW_CTX_DAG_RUN_ID='scheduled__2026-06-04T04:50:00+00:00'
[2026-06-04T04:59:20.404+0000] {taskinstance.py:430} INFO - ::endgroup::
[2026-06-04T04:59:20.419+0000] {subprocess.py:63} INFO - Tmp dir root location: /tmp
[2026-06-04T04:59:20.420+0000] {subprocess.py:75} INFO - Running command: ['/usr/bin/bash', '-c', 'cd /opt/***/src && python main.py 6']
[2026-06-04T04:59:20.428+0000] {subprocess.py:86} INFO - Output:
[2026-06-04T04:59:25.488+0000] {subprocess.py:93} INFO - 
[2026-06-04T04:59:25.489+0000] {subprocess.py:93} INFO - ===================================
[2026-06-04T04:59:25.490+0000] {subprocess.py:93} INFO - DATABASE CONNECTION CONFIG
[2026-06-04T04:59:25.491+0000] {subprocess.py:93} INFO - ===================================
[2026-06-04T04:59:25.492+0000] {subprocess.py:93} INFO - DB TYPE   : postgres
[2026-06-04T04:59:25.493+0000] {subprocess.py:93} INFO - HOST      : 3.107.8.33
[2026-06-04T04:59:25.494+0000] {subprocess.py:93} INFO - PORT      : 5432
[2026-06-04T04:59:25.495+0000] {subprocess.py:93} INFO - DATABASE  : metadata_db
[2026-06-04T04:59:25.496+0000] {subprocess.py:93} INFO - USERNAME  : teamuser
[2026-06-04T04:59:25.497+0000] {subprocess.py:93} INFO - ===================================
[2026-06-04T04:59:25.497+0000] {subprocess.py:93} INFO - 
[2026-06-04T04:59:25.498+0000] {subprocess.py:93} INFO - Connected to POSTGRES successfully.
[2026-06-04T04:59:25.498+0000] {subprocess.py:93} INFO - 
[2026-06-04T04:59:25.499+0000] {subprocess.py:93} INFO - Running pipeline: local_to_s3_pipeline (storage_to_storage)
[2026-06-04T04:59:25.499+0000] {subprocess.py:93} INFO - ❌ Failed: Unsupported pipeline mode: storage_to_storage
[2026-06-04T04:59:25.642+0000] {subprocess.py:97} INFO - Command exited with return code 0
[2026-06-04T04:59:25.643+0000] {taskinstance.py:441} INFO - ::group::Post task execution logs
[2026-06-04T04:59:25.667+0000] {taskinstance.py:1206} INFO - Marking task as SUCCESS. dag_id=local_to_s3_pipeline, task_id=run_pipeline_6, run_id=scheduled__2026-06-04T04:50:00+00:00, execution_date=20260604T045000, start_date=20260604T045920, end_date=20260604T045925
[2026-06-04T04:59:25.704+0000] {local_task_job_runner.py:240} INFO - Task exited with return code 0
[2026-06-04T04:59:25.718+0000] {taskinstance.py:3498} INFO - 0 downstream tasks scheduled from follow-on schedule check
[2026-06-04T04:59:25.721+0000] {local_task_job_runner.py:222} INFO - ::endgroup::
