[2026-06-04T06:30:04.257+0000] {local_task_job_runner.py:120} INFO - ::group::Pre task execution logs
[2026-06-04T06:30:04.364+0000] {taskinstance.py:2076} INFO - Dependencies all met for dep_context=non-requeueable deps ti=<TaskInstance: postgres_to_postgres_pipeline.run_pipeline_3 scheduled__2026-06-04T06:25:00+00:00 [queued]>
[2026-06-04T06:30:04.418+0000] {taskinstance.py:2076} INFO - Dependencies all met for dep_context=requeueable deps ti=<TaskInstance: postgres_to_postgres_pipeline.run_pipeline_3 scheduled__2026-06-04T06:25:00+00:00 [queued]>
[2026-06-04T06:30:04.420+0000] {taskinstance.py:2306} INFO - Starting attempt 1 of 2
[2026-06-04T06:30:04.493+0000] {taskinstance.py:2330} INFO - Executing <Task(BashOperator): run_pipeline_3> on 2026-06-04 06:25:00+00:00
[2026-06-04T06:30:04.525+0000] {standard_task_runner.py:90} INFO - Running: ['***', 'tasks', 'run', 'postgres_to_postgres_pipeline', 'run_pipeline_3', 'scheduled__2026-06-04T06:25:00+00:00', '--job-id', '231', '--raw', '--subdir', 'DAGS_FOLDER/dynamic_pipeline_generator.py', '--cfg-path', '/tmp/tmpakxyi9es']
[2026-06-04T06:30:04.538+0000] {standard_task_runner.py:91} INFO - Job 231: Subtask run_pipeline_3
[2026-06-04T06:30:04.569+0000] {logging_mixin.py:188} WARNING - /home/***/.local/lib/python3.12/site-packages/***/task/task_runner/standard_task_runner.py:61 DeprecationWarning: This process (pid=3481) is multi-threaded, use of fork() may lead to deadlocks in the child.
[2026-06-04T06:30:04.578+0000] {standard_task_runner.py:63} INFO - Started process 3502 to run task
[2026-06-04T06:30:04.684+0000] {task_command.py:426} INFO - Running <TaskInstance: postgres_to_postgres_pipeline.run_pipeline_3 scheduled__2026-06-04T06:25:00+00:00 [running]> on host b044b6a9b6bd
[2026-06-04T06:30:04.962+0000] {taskinstance.py:2648} INFO - Exporting env vars: AIRFLOW_CTX_DAG_OWNER='subashri' AIRFLOW_CTX_DAG_ID='postgres_to_postgres_pipeline' AIRFLOW_CTX_TASK_ID='run_pipeline_3' AIRFLOW_CTX_EXECUTION_DATE='2026-06-04T06:25:00+00:00' AIRFLOW_CTX_TRY_NUMBER='1' AIRFLOW_CTX_DAG_RUN_ID='scheduled__2026-06-04T06:25:00+00:00'
[2026-06-04T06:30:04.965+0000] {taskinstance.py:430} INFO - ::endgroup::
[2026-06-04T06:30:05.019+0000] {subprocess.py:63} INFO - Tmp dir root location: /tmp
[2026-06-04T06:30:05.027+0000] {subprocess.py:75} INFO - Running command: ['/usr/bin/bash', '-c', 'cd /opt/***/src && python main.py 3']
[2026-06-04T06:30:05.055+0000] {subprocess.py:86} INFO - Output:
[2026-06-04T06:30:24.599+0000] {subprocess.py:93} INFO - 
[2026-06-04T06:30:24.601+0000] {subprocess.py:93} INFO - ===================================
[2026-06-04T06:30:24.602+0000] {subprocess.py:93} INFO - DATABASE CONNECTION CONFIG
[2026-06-04T06:30:24.608+0000] {subprocess.py:93} INFO - ===================================
[2026-06-04T06:30:24.609+0000] {subprocess.py:93} INFO - DB TYPE   : postgres
[2026-06-04T06:30:24.610+0000] {subprocess.py:93} INFO - HOST      : 3.107.8.33
[2026-06-04T06:30:24.611+0000] {subprocess.py:93} INFO - PORT      : 5432
[2026-06-04T06:30:24.612+0000] {subprocess.py:93} INFO - DATABASE  : metadata_db
[2026-06-04T06:30:24.613+0000] {subprocess.py:93} INFO - USERNAME  : teamuser
[2026-06-04T06:30:24.613+0000] {subprocess.py:93} INFO - ===================================
[2026-06-04T06:30:24.614+0000] {subprocess.py:93} INFO - 
[2026-06-04T06:30:24.616+0000] {subprocess.py:93} INFO - Connected to POSTGRES successfully.
[2026-06-04T06:30:24.617+0000] {subprocess.py:93} INFO - 
[2026-06-04T06:30:24.618+0000] {subprocess.py:93} INFO - Running pipeline: postgres_to_postgres_pipeline (db_to_db)
[2026-06-04T06:30:24.619+0000] {subprocess.py:93} INFO - 
[2026-06-04T06:30:24.620+0000] {subprocess.py:93} INFO - ===================================
[2026-06-04T06:30:24.621+0000] {subprocess.py:93} INFO - DATABASE CONNECTION CONFIG
[2026-06-04T06:30:24.623+0000] {subprocess.py:93} INFO - ===================================
[2026-06-04T06:30:24.642+0000] {subprocess.py:93} INFO - DB TYPE   : postgres
[2026-06-04T06:30:24.648+0000] {subprocess.py:93} INFO - HOST      : 3.107.8.33
[2026-06-04T06:30:24.662+0000] {subprocess.py:93} INFO - PORT      : 5432
[2026-06-04T06:30:24.704+0000] {subprocess.py:93} INFO - DATABASE  : udifdb
[2026-06-04T06:30:24.707+0000] {subprocess.py:93} INFO - USERNAME  : teamuser
[2026-06-04T06:30:24.743+0000] {subprocess.py:93} INFO - ===================================
[2026-06-04T06:30:24.744+0000] {subprocess.py:93} INFO - 
[2026-06-04T06:30:24.745+0000] {subprocess.py:93} INFO - Connected to POSTGRES successfully.
[2026-06-04T06:30:24.746+0000] {subprocess.py:93} INFO - Completed: 4653 rows processed
[2026-06-04T06:30:25.134+0000] {subprocess.py:97} INFO - Command exited with return code 0
[2026-06-04T06:30:25.135+0000] {taskinstance.py:441} INFO - ::group::Post task execution logs
[2026-06-04T06:30:25.179+0000] {taskinstance.py:1206} INFO - Marking task as SUCCESS. dag_id=postgres_to_postgres_pipeline, task_id=run_pipeline_3, run_id=scheduled__2026-06-04T06:25:00+00:00, execution_date=20260604T062500, start_date=20260604T063004, end_date=20260604T063025
[2026-06-04T06:30:25.251+0000] {local_task_job_runner.py:240} INFO - Task exited with return code 0
[2026-06-04T06:30:25.280+0000] {local_task_job_runner.py:222} INFO - ::endgroup::
