[2026-06-04T07:05:04.748+0000] {local_task_job_runner.py:120} INFO - ::group::Pre task execution logs
[2026-06-04T07:05:05.022+0000] {taskinstance.py:2076} INFO - Dependencies all met for dep_context=non-requeueable deps ti=<TaskInstance: postgres_to_postgres_pipeline.run_pipeline_3 scheduled__2026-06-04T07:00:00+00:00 [queued]>
[2026-06-04T07:05:05.057+0000] {taskinstance.py:2076} INFO - Dependencies all met for dep_context=requeueable deps ti=<TaskInstance: postgres_to_postgres_pipeline.run_pipeline_3 scheduled__2026-06-04T07:00:00+00:00 [queued]>
[2026-06-04T07:05:05.059+0000] {taskinstance.py:2306} INFO - Starting attempt 1 of 2
[2026-06-04T07:05:05.138+0000] {taskinstance.py:2330} INFO - Executing <Task(BashOperator): run_pipeline_3> on 2026-06-04 07:00:00+00:00
[2026-06-04T07:05:05.246+0000] {standard_task_runner.py:90} INFO - Running: ['***', 'tasks', 'run', 'postgres_to_postgres_pipeline', 'run_pipeline_3', 'scheduled__2026-06-04T07:00:00+00:00', '--job-id', '281', '--raw', '--subdir', 'DAGS_FOLDER/dynamic_pipeline_generator.py', '--cfg-path', '/tmp/tmpculisj2j']
[2026-06-04T07:05:05.276+0000] {standard_task_runner.py:91} INFO - Job 281: Subtask run_pipeline_3
[2026-06-04T07:05:05.387+0000] {logging_mixin.py:188} WARNING - /home/***/.local/lib/python3.12/site-packages/***/task/task_runner/standard_task_runner.py:61 DeprecationWarning: This process (pid=5014) is multi-threaded, use of fork() may lead to deadlocks in the child.
[2026-06-04T07:05:05.396+0000] {standard_task_runner.py:63} INFO - Started process 5023 to run task
[2026-06-04T07:05:05.633+0000] {task_command.py:426} INFO - Running <TaskInstance: postgres_to_postgres_pipeline.run_pipeline_3 scheduled__2026-06-04T07:00:00+00:00 [running]> on host b044b6a9b6bd
[2026-06-04T07:05:06.256+0000] {taskinstance.py:2648} INFO - Exporting env vars: AIRFLOW_CTX_DAG_OWNER='subashri' AIRFLOW_CTX_DAG_ID='postgres_to_postgres_pipeline' AIRFLOW_CTX_TASK_ID='run_pipeline_3' AIRFLOW_CTX_EXECUTION_DATE='2026-06-04T07:00:00+00:00' AIRFLOW_CTX_TRY_NUMBER='1' AIRFLOW_CTX_DAG_RUN_ID='scheduled__2026-06-04T07:00:00+00:00'
[2026-06-04T07:05:06.261+0000] {taskinstance.py:430} INFO - ::endgroup::
[2026-06-04T07:05:06.351+0000] {subprocess.py:63} INFO - Tmp dir root location: /tmp
[2026-06-04T07:05:06.356+0000] {subprocess.py:75} INFO - Running command: ['/usr/bin/bash', '-c', 'cd /opt/***/src && python main.py 3']
[2026-06-04T07:05:06.459+0000] {subprocess.py:86} INFO - Output:
[2026-06-04T07:05:29.271+0000] {subprocess.py:93} INFO - 
[2026-06-04T07:05:29.272+0000] {subprocess.py:93} INFO - ===================================
[2026-06-04T07:05:29.274+0000] {subprocess.py:93} INFO - DATABASE CONNECTION CONFIG
[2026-06-04T07:05:29.275+0000] {subprocess.py:93} INFO - ===================================
[2026-06-04T07:05:29.276+0000] {subprocess.py:93} INFO - DB TYPE   : postgres
[2026-06-04T07:05:29.277+0000] {subprocess.py:93} INFO - HOST      : 3.107.8.33
[2026-06-04T07:05:29.287+0000] {subprocess.py:93} INFO - PORT      : 5432
[2026-06-04T07:05:29.290+0000] {subprocess.py:93} INFO - DATABASE  : metadata_db
[2026-06-04T07:05:29.291+0000] {subprocess.py:93} INFO - USERNAME  : teamuser
[2026-06-04T07:05:29.292+0000] {subprocess.py:93} INFO - ===================================
[2026-06-04T07:05:29.299+0000] {subprocess.py:93} INFO - 
[2026-06-04T07:05:29.303+0000] {subprocess.py:93} INFO - Connected to POSTGRES successfully.
[2026-06-04T07:05:29.308+0000] {subprocess.py:93} INFO - 
[2026-06-04T07:05:29.309+0000] {subprocess.py:93} INFO - Running pipeline: postgres_to_postgres_pipeline (db_to_db)
[2026-06-04T07:05:29.310+0000] {subprocess.py:93} INFO - 
[2026-06-04T07:05:29.311+0000] {subprocess.py:93} INFO - ===================================
[2026-06-04T07:05:29.319+0000] {subprocess.py:93} INFO - DATABASE CONNECTION CONFIG
[2026-06-04T07:05:29.324+0000] {subprocess.py:93} INFO - ===================================
[2026-06-04T07:05:29.325+0000] {subprocess.py:93} INFO - DB TYPE   : postgres
[2026-06-04T07:05:29.326+0000] {subprocess.py:93} INFO - HOST      : 3.107.8.33
[2026-06-04T07:05:29.328+0000] {subprocess.py:93} INFO - PORT      : 5432
[2026-06-04T07:05:29.329+0000] {subprocess.py:93} INFO - DATABASE  : udifdb
[2026-06-04T07:05:29.330+0000] {subprocess.py:93} INFO - USERNAME  : teamuser
[2026-06-04T07:05:29.339+0000] {subprocess.py:93} INFO - ===================================
[2026-06-04T07:05:29.340+0000] {subprocess.py:93} INFO - 
[2026-06-04T07:05:29.341+0000] {subprocess.py:93} INFO - Connected to POSTGRES successfully.
[2026-06-04T07:05:29.342+0000] {subprocess.py:93} INFO - Completed: 4653 rows processed
[2026-06-04T07:05:29.648+0000] {subprocess.py:97} INFO - Command exited with return code 0
[2026-06-04T07:05:29.651+0000] {taskinstance.py:441} INFO - ::group::Post task execution logs
[2026-06-04T07:05:29.706+0000] {taskinstance.py:1206} INFO - Marking task as SUCCESS. dag_id=postgres_to_postgres_pipeline, task_id=run_pipeline_3, run_id=scheduled__2026-06-04T07:00:00+00:00, execution_date=20260604T070000, start_date=20260604T070505, end_date=20260604T070529
[2026-06-04T07:05:29.771+0000] {local_task_job_runner.py:240} INFO - Task exited with return code 0
[2026-06-04T07:05:29.808+0000] {taskinstance.py:3498} INFO - 0 downstream tasks scheduled from follow-on schedule check
[2026-06-04T07:05:29.812+0000] {local_task_job_runner.py:222} INFO - ::endgroup::
