[2026-05-28T15:36:13.486+0000] {local_task_job_runner.py:120} INFO - ::group::Pre task execution logs
[2026-05-28T15:36:13.544+0000] {taskinstance.py:2076} INFO - Dependencies all met for dep_context=non-requeueable deps ti=<TaskInstance: dynamic_metadata_pipeline.run_pipeline_2 manual__2026-05-28T15:36:11.909077+00:00 [queued]>
[2026-05-28T15:36:13.558+0000] {taskinstance.py:2076} INFO - Dependencies all met for dep_context=requeueable deps ti=<TaskInstance: dynamic_metadata_pipeline.run_pipeline_2 manual__2026-05-28T15:36:11.909077+00:00 [queued]>
[2026-05-28T15:36:13.560+0000] {taskinstance.py:2306} INFO - Starting attempt 1 of 2
[2026-05-28T15:36:13.584+0000] {taskinstance.py:2330} INFO - Executing <Task(BashOperator): run_pipeline_2> on 2026-05-28 15:36:11.909077+00:00
[2026-05-28T15:36:13.597+0000] {standard_task_runner.py:90} INFO - Running: ['***', 'tasks', 'run', 'dynamic_metadata_pipeline', 'run_pipeline_2', 'manual__2026-05-28T15:36:11.909077+00:00', '--job-id', '42', '--raw', '--subdir', 'DAGS_FOLDER/dynamic_pipeline_dag.py', '--cfg-path', '/tmp/tmp9r63ucyn']
[2026-05-28T15:36:13.603+0000] {standard_task_runner.py:91} INFO - Job 42: Subtask run_pipeline_2
[2026-05-28T15:36:13.603+0000] {logging_mixin.py:188} WARNING - /home/***/.local/lib/python3.12/site-packages/***/task/task_runner/standard_task_runner.py:61 DeprecationWarning: This process (pid=516) is multi-threaded, use of fork() may lead to deadlocks in the child.
[2026-05-28T15:36:13.605+0000] {standard_task_runner.py:63} INFO - Started process 517 to run task
[2026-05-28T15:36:13.694+0000] {task_command.py:426} INFO - Running <TaskInstance: dynamic_metadata_pipeline.run_pipeline_2 manual__2026-05-28T15:36:11.909077+00:00 [running]> on host 6c7adbbe76d2
[2026-05-28T15:36:13.834+0000] {taskinstance.py:2648} INFO - Exporting env vars: AIRFLOW_CTX_DAG_OWNER='subashri' AIRFLOW_CTX_DAG_ID='dynamic_metadata_pipeline' AIRFLOW_CTX_TASK_ID='run_pipeline_2' AIRFLOW_CTX_EXECUTION_DATE='2026-05-28T15:36:11.909077+00:00' AIRFLOW_CTX_TRY_NUMBER='1' AIRFLOW_CTX_DAG_RUN_ID='manual__2026-05-28T15:36:11.909077+00:00'
[2026-05-28T15:36:13.835+0000] {taskinstance.py:430} INFO - ::endgroup::
[2026-05-28T15:36:13.855+0000] {subprocess.py:63} INFO - Tmp dir root location: /tmp
[2026-05-28T15:36:13.857+0000] {subprocess.py:75} INFO - Running command: ['/usr/bin/bash', '-c', 'cd /opt/***/src && python main.py 2']
[2026-05-28T15:36:13.869+0000] {subprocess.py:86} INFO - Output:
[2026-05-28T15:36:19.529+0000] {subprocess.py:93} INFO - Using CPU. Note: This module is much faster with a GPU.
[2026-05-28T15:36:29.689+0000] {subprocess.py:93} INFO - 
[2026-05-28T15:36:29.691+0000] {subprocess.py:93} INFO - ===================================
[2026-05-28T15:36:29.692+0000] {subprocess.py:93} INFO - DATABASE CONNECTION CONFIG
[2026-05-28T15:36:29.693+0000] {subprocess.py:93} INFO - ===================================
[2026-05-28T15:36:29.695+0000] {subprocess.py:93} INFO - DB TYPE   : postgres
[2026-05-28T15:36:29.696+0000] {subprocess.py:93} INFO - HOST      : 15.135.192.199
[2026-05-28T15:36:29.697+0000] {subprocess.py:93} INFO - PORT      : 5432
[2026-05-28T15:36:29.699+0000] {subprocess.py:93} INFO - DATABASE  : metadata_db
[2026-05-28T15:36:29.701+0000] {subprocess.py:93} INFO - USERNAME  : teamuser
[2026-05-28T15:36:29.702+0000] {subprocess.py:93} INFO - ===================================
[2026-05-28T15:36:29.704+0000] {subprocess.py:93} INFO - 
[2026-05-28T15:36:29.705+0000] {subprocess.py:93} INFO - Connected to POSTGRES successfully.
[2026-05-28T15:36:29.707+0000] {subprocess.py:93} INFO - 
[2026-05-28T15:36:29.708+0000] {subprocess.py:93} INFO - Running pipeline: postgres_to_local_pipeline (db_to_storage)
[2026-05-28T15:36:29.710+0000] {subprocess.py:93} INFO - 
[2026-05-28T15:36:29.711+0000] {subprocess.py:93} INFO - ===================================
[2026-05-28T15:36:29.712+0000] {subprocess.py:93} INFO - DATABASE CONNECTION CONFIG
[2026-05-28T15:36:29.713+0000] {subprocess.py:93} INFO - ===================================
[2026-05-28T15:36:29.715+0000] {subprocess.py:93} INFO - DB TYPE   : postgres
[2026-05-28T15:36:29.716+0000] {subprocess.py:93} INFO - HOST      : 15.135.192.199
[2026-05-28T15:36:29.717+0000] {subprocess.py:93} INFO - PORT      : 5432
[2026-05-28T15:36:29.718+0000] {subprocess.py:93} INFO - DATABASE  : udifdb
[2026-05-28T15:36:29.719+0000] {subprocess.py:93} INFO - USERNAME  : teamuser
[2026-05-28T15:36:29.720+0000] {subprocess.py:93} INFO - ===================================
[2026-05-28T15:36:29.721+0000] {subprocess.py:93} INFO - 
[2026-05-28T15:36:29.722+0000] {subprocess.py:93} INFO - Connected to POSTGRES successfully.
[2026-05-28T15:36:29.723+0000] {subprocess.py:93} INFO - Completed: 4653 rows processed
[2026-05-28T15:36:30.659+0000] {subprocess.py:97} INFO - Command exited with return code 0
[2026-05-28T15:36:30.661+0000] {taskinstance.py:441} INFO - ::group::Post task execution logs
[2026-05-28T15:36:30.696+0000] {taskinstance.py:1206} INFO - Marking task as SUCCESS. dag_id=dynamic_metadata_pipeline, task_id=run_pipeline_2, run_id=manual__2026-05-28T15:36:11.909077+00:00, execution_date=20260528T153611, start_date=20260528T153613, end_date=20260528T153630
[2026-05-28T15:36:30.756+0000] {local_task_job_runner.py:240} INFO - Task exited with return code 0
[2026-05-28T15:36:30.804+0000] {taskinstance.py:3498} INFO - 0 downstream tasks scheduled from follow-on schedule check
[2026-05-28T15:36:30.812+0000] {local_task_job_runner.py:222} INFO - ::endgroup::
