[2026-06-02T06:01:12.529+0000] {local_task_job_runner.py:120} INFO - ::group::Pre task execution logs
[2026-06-02T06:01:12.577+0000] {taskinstance.py:2076} INFO - Dependencies all met for dep_context=non-requeueable deps ti=<TaskInstance: dynamic_metadata_pipeline.run_pipeline_3 manual__2026-06-02T06:01:08.904578+00:00 [queued]>
[2026-06-02T06:01:12.592+0000] {taskinstance.py:2076} INFO - Dependencies all met for dep_context=requeueable deps ti=<TaskInstance: dynamic_metadata_pipeline.run_pipeline_3 manual__2026-06-02T06:01:08.904578+00:00 [queued]>
[2026-06-02T06:01:12.593+0000] {taskinstance.py:2306} INFO - Starting attempt 1 of 2
[2026-06-02T06:01:12.612+0000] {taskinstance.py:2330} INFO - Executing <Task(BashOperator): run_pipeline_3> on 2026-06-02 06:01:08.904578+00:00
[2026-06-02T06:01:12.622+0000] {standard_task_runner.py:90} INFO - Running: ['***', 'tasks', 'run', 'dynamic_metadata_pipeline', 'run_pipeline_3', 'manual__2026-06-02T06:01:08.904578+00:00', '--job-id', '109', '--raw', '--subdir', 'DAGS_FOLDER/dynamic_pipeline_dag.py', '--cfg-path', '/tmp/tmp2z43o6h_']
[2026-06-02T06:01:12.626+0000] {logging_mixin.py:188} WARNING - /home/***/.local/lib/python3.12/site-packages/***/task/task_runner/standard_task_runner.py:61 DeprecationWarning: This process (pid=542) is multi-threaded, use of fork() may lead to deadlocks in the child.
[2026-06-02T06:01:12.628+0000] {standard_task_runner.py:91} INFO - Job 109: Subtask run_pipeline_3
[2026-06-02T06:01:12.628+0000] {standard_task_runner.py:63} INFO - Started process 559 to run task
[2026-06-02T06:01:12.697+0000] {task_command.py:426} INFO - Running <TaskInstance: dynamic_metadata_pipeline.run_pipeline_3 manual__2026-06-02T06:01:08.904578+00:00 [running]> on host ed8eb290981b
[2026-06-02T06:01:12.832+0000] {taskinstance.py:2648} INFO - Exporting env vars: AIRFLOW_CTX_DAG_OWNER='subashri' AIRFLOW_CTX_DAG_ID='dynamic_metadata_pipeline' AIRFLOW_CTX_TASK_ID='run_pipeline_3' AIRFLOW_CTX_EXECUTION_DATE='2026-06-02T06:01:08.904578+00:00' AIRFLOW_CTX_TRY_NUMBER='1' AIRFLOW_CTX_DAG_RUN_ID='manual__2026-06-02T06:01:08.904578+00:00'
[2026-06-02T06:01:12.833+0000] {taskinstance.py:430} INFO - ::endgroup::
[2026-06-02T06:01:12.861+0000] {subprocess.py:63} INFO - Tmp dir root location: /tmp
[2026-06-02T06:01:12.864+0000] {subprocess.py:75} INFO - Running command: ['/usr/bin/bash', '-c', 'cd /opt/***/src && python main.py 3']
[2026-06-02T06:01:12.886+0000] {subprocess.py:86} INFO - Output:
[2026-06-02T06:01:27.559+0000] {subprocess.py:93} INFO - 
[2026-06-02T06:01:27.561+0000] {subprocess.py:93} INFO - ===================================
[2026-06-02T06:01:27.562+0000] {subprocess.py:93} INFO - DATABASE CONNECTION CONFIG
[2026-06-02T06:01:27.563+0000] {subprocess.py:93} INFO - ===================================
[2026-06-02T06:01:27.565+0000] {subprocess.py:93} INFO - DB TYPE   : postgres
[2026-06-02T06:01:27.566+0000] {subprocess.py:93} INFO - HOST      : 3.107.8.33
[2026-06-02T06:01:27.567+0000] {subprocess.py:93} INFO - PORT      : 5432
[2026-06-02T06:01:27.569+0000] {subprocess.py:93} INFO - DATABASE  : metadata_db
[2026-06-02T06:01:27.570+0000] {subprocess.py:93} INFO - USERNAME  : teamuser
[2026-06-02T06:01:27.572+0000] {subprocess.py:93} INFO - ===================================
[2026-06-02T06:01:27.573+0000] {subprocess.py:93} INFO - 
[2026-06-02T06:01:27.574+0000] {subprocess.py:93} INFO - Connected to POSTGRES successfully.
[2026-06-02T06:01:27.575+0000] {subprocess.py:93} INFO - 
[2026-06-02T06:01:27.577+0000] {subprocess.py:93} INFO - Running pipeline: postgres_to_postgres_pipeline (db_to_db)
[2026-06-02T06:01:27.578+0000] {subprocess.py:93} INFO - 
[2026-06-02T06:01:27.579+0000] {subprocess.py:93} INFO - ===================================
[2026-06-02T06:01:27.580+0000] {subprocess.py:93} INFO - DATABASE CONNECTION CONFIG
[2026-06-02T06:01:27.581+0000] {subprocess.py:93} INFO - ===================================
[2026-06-02T06:01:27.582+0000] {subprocess.py:93} INFO - DB TYPE   : postgres
[2026-06-02T06:01:27.583+0000] {subprocess.py:93} INFO - HOST      : 3.107.8.33
[2026-06-02T06:01:27.584+0000] {subprocess.py:93} INFO - PORT      : 5432
[2026-06-02T06:01:27.585+0000] {subprocess.py:93} INFO - DATABASE  : udifdb
[2026-06-02T06:01:27.586+0000] {subprocess.py:93} INFO - USERNAME  : teamuser
[2026-06-02T06:01:27.587+0000] {subprocess.py:93} INFO - ===================================
[2026-06-02T06:01:27.587+0000] {subprocess.py:93} INFO - 
[2026-06-02T06:01:27.588+0000] {subprocess.py:93} INFO - Connected to POSTGRES successfully.
[2026-06-02T06:01:27.589+0000] {subprocess.py:93} INFO - Completed: 4653 rows processed
[2026-06-02T06:01:27.744+0000] {subprocess.py:97} INFO - Command exited with return code 0
[2026-06-02T06:01:27.751+0000] {taskinstance.py:441} INFO - ::group::Post task execution logs
[2026-06-02T06:01:27.805+0000] {taskinstance.py:1206} INFO - Marking task as SUCCESS. dag_id=dynamic_metadata_pipeline, task_id=run_pipeline_3, run_id=manual__2026-06-02T06:01:08.904578+00:00, execution_date=20260602T060108, start_date=20260602T060112, end_date=20260602T060127
[2026-06-02T06:01:27.848+0000] {local_task_job_runner.py:240} INFO - Task exited with return code 0
[2026-06-02T06:01:27.861+0000] {taskinstance.py:3498} INFO - 0 downstream tasks scheduled from follow-on schedule check
[2026-06-02T06:01:27.863+0000] {local_task_job_runner.py:222} INFO - ::endgroup::
