[2026-06-01T07:26:42.166+0000] {local_task_job_runner.py:120} INFO - ::group::Pre task execution logs
[2026-06-01T07:26:42.261+0000] {taskinstance.py:2076} INFO - Dependencies all met for dep_context=non-requeueable deps ti=<TaskInstance: dynamic_metadata_pipeline.run_pipeline_1 manual__2026-06-01T07:26:39.122944+00:00 [queued]>
[2026-06-01T07:26:42.279+0000] {taskinstance.py:2076} INFO - Dependencies all met for dep_context=requeueable deps ti=<TaskInstance: dynamic_metadata_pipeline.run_pipeline_1 manual__2026-06-01T07:26:39.122944+00:00 [queued]>
[2026-06-01T07:26:42.279+0000] {taskinstance.py:2306} INFO - Starting attempt 1 of 2
[2026-06-01T07:26:42.307+0000] {taskinstance.py:2330} INFO - Executing <Task(BashOperator): run_pipeline_1> on 2026-06-01 07:26:39.122944+00:00
[2026-06-01T07:26:42.325+0000] {standard_task_runner.py:90} INFO - Running: ['***', 'tasks', 'run', 'dynamic_metadata_pipeline', 'run_pipeline_1', 'manual__2026-06-01T07:26:39.122944+00:00', '--job-id', '83', '--raw', '--subdir', 'DAGS_FOLDER/dynamic_pipeline_dag.py', '--cfg-path', '/tmp/tmpxnfzilp8']
[2026-06-01T07:26:42.330+0000] {logging_mixin.py:188} WARNING - /home/***/.local/lib/python3.12/site-packages/***/task/task_runner/standard_task_runner.py:61 DeprecationWarning: This process (pid=717) is multi-threaded, use of fork() may lead to deadlocks in the child.
[2026-06-01T07:26:42.331+0000] {standard_task_runner.py:91} INFO - Job 83: Subtask run_pipeline_1
[2026-06-01T07:26:42.332+0000] {standard_task_runner.py:63} INFO - Started process 725 to run task
[2026-06-01T07:26:42.392+0000] {task_command.py:426} INFO - Running <TaskInstance: dynamic_metadata_pipeline.run_pipeline_1 manual__2026-06-01T07:26:39.122944+00:00 [running]> on host 1103cbeaed03
[2026-06-01T07:26:42.520+0000] {taskinstance.py:2648} INFO - Exporting env vars: AIRFLOW_CTX_DAG_OWNER='subashri' AIRFLOW_CTX_DAG_ID='dynamic_metadata_pipeline' AIRFLOW_CTX_TASK_ID='run_pipeline_1' AIRFLOW_CTX_EXECUTION_DATE='2026-06-01T07:26:39.122944+00:00' AIRFLOW_CTX_TRY_NUMBER='1' AIRFLOW_CTX_DAG_RUN_ID='manual__2026-06-01T07:26:39.122944+00:00'
[2026-06-01T07:26:42.521+0000] {taskinstance.py:430} INFO - ::endgroup::
[2026-06-01T07:26:42.566+0000] {subprocess.py:63} INFO - Tmp dir root location: /tmp
[2026-06-01T07:26:42.573+0000] {subprocess.py:75} INFO - Running command: ['/usr/bin/bash', '-c', 'cd /opt/***/src && python main.py 1']
[2026-06-01T07:26:42.603+0000] {subprocess.py:86} INFO - Output:
[2026-06-01T07:26:52.474+0000] {subprocess.py:93} INFO - 
[2026-06-01T07:26:52.474+0000] {subprocess.py:93} INFO - ===================================
[2026-06-01T07:26:52.475+0000] {subprocess.py:93} INFO - DATABASE CONNECTION CONFIG
[2026-06-01T07:26:52.475+0000] {subprocess.py:93} INFO - ===================================
[2026-06-01T07:26:52.476+0000] {subprocess.py:93} INFO - DB TYPE   : postgres
[2026-06-01T07:26:52.476+0000] {subprocess.py:93} INFO - HOST      : 3.107.8.33
[2026-06-01T07:26:52.476+0000] {subprocess.py:93} INFO - PORT      : 5432
[2026-06-01T07:26:52.477+0000] {subprocess.py:93} INFO - DATABASE  : metadata_db
[2026-06-01T07:26:52.477+0000] {subprocess.py:93} INFO - USERNAME  : teamuser
[2026-06-01T07:26:52.477+0000] {subprocess.py:93} INFO - ===================================
[2026-06-01T07:26:52.477+0000] {subprocess.py:93} INFO - 
[2026-06-01T07:26:52.478+0000] {subprocess.py:93} INFO - Connected to POSTGRES successfully.
[2026-06-01T07:26:52.478+0000] {subprocess.py:93} INFO - 
[2026-06-01T07:26:52.479+0000] {subprocess.py:93} INFO - Running pipeline: postgres_to_s3_pipeline (db_to_storage)
[2026-06-01T07:26:52.479+0000] {subprocess.py:93} INFO - 
[2026-06-01T07:26:52.479+0000] {subprocess.py:93} INFO - ===================================
[2026-06-01T07:26:52.480+0000] {subprocess.py:93} INFO - DATABASE CONNECTION CONFIG
[2026-06-01T07:26:52.480+0000] {subprocess.py:93} INFO - ===================================
[2026-06-01T07:26:52.480+0000] {subprocess.py:93} INFO - DB TYPE   : postgres
[2026-06-01T07:26:52.481+0000] {subprocess.py:93} INFO - HOST      : 3.107.8.33
[2026-06-01T07:26:52.481+0000] {subprocess.py:93} INFO - PORT      : 5432
[2026-06-01T07:26:52.481+0000] {subprocess.py:93} INFO - DATABASE  : udifdb
[2026-06-01T07:26:52.481+0000] {subprocess.py:93} INFO - USERNAME  : teamuser
[2026-06-01T07:26:52.482+0000] {subprocess.py:93} INFO - ===================================
[2026-06-01T07:26:52.482+0000] {subprocess.py:93} INFO - 
[2026-06-01T07:26:52.482+0000] {subprocess.py:93} INFO - Connected to POSTGRES successfully.
[2026-06-01T07:26:52.483+0000] {subprocess.py:93} INFO - Completed: 4653 rows processed
[2026-06-01T07:26:52.661+0000] {subprocess.py:97} INFO - Command exited with return code 0
[2026-06-01T07:26:52.662+0000] {taskinstance.py:441} INFO - ::group::Post task execution logs
[2026-06-01T07:26:52.685+0000] {taskinstance.py:1206} INFO - Marking task as SUCCESS. dag_id=dynamic_metadata_pipeline, task_id=run_pipeline_1, run_id=manual__2026-06-01T07:26:39.122944+00:00, execution_date=20260601T072639, start_date=20260601T072642, end_date=20260601T072652
[2026-06-01T07:26:52.727+0000] {local_task_job_runner.py:240} INFO - Task exited with return code 0
[2026-06-01T07:26:52.739+0000] {taskinstance.py:3498} INFO - 0 downstream tasks scheduled from follow-on schedule check
[2026-06-01T07:26:52.742+0000] {local_task_job_runner.py:222} INFO - ::endgroup::
