[2026-06-01T09:35:02.599+0000] {local_task_job_runner.py:120} INFO - ::group::Pre task execution logs
[2026-06-01T09:35:02.636+0000] {taskinstance.py:2076} INFO - Dependencies all met for dep_context=non-requeueable deps ti=<TaskInstance: dynamic_metadata_pipeline.run_pipeline_2 scheduled__2026-06-01T09:30:00+00:00 [queued]>
[2026-06-01T09:35:02.648+0000] {taskinstance.py:2076} INFO - Dependencies all met for dep_context=requeueable deps ti=<TaskInstance: dynamic_metadata_pipeline.run_pipeline_2 scheduled__2026-06-01T09:30:00+00:00 [queued]>
[2026-06-01T09:35:02.650+0000] {taskinstance.py:2306} INFO - Starting attempt 1 of 2
[2026-06-01T09:35:02.667+0000] {taskinstance.py:2330} INFO - Executing <Task(BashOperator): run_pipeline_2> on 2026-06-01 09:30:00+00:00
[2026-06-01T09:35:02.677+0000] {standard_task_runner.py:90} INFO - Running: ['***', 'tasks', 'run', 'dynamic_metadata_pipeline', 'run_pipeline_2', 'scheduled__2026-06-01T09:30:00+00:00', '--job-id', '97', '--raw', '--subdir', 'DAGS_FOLDER/dynamic_pipeline_dag.py', '--cfg-path', '/tmp/tmpxzflsb5j']
[2026-06-01T09:35:02.682+0000] {standard_task_runner.py:91} INFO - Job 97: Subtask run_pipeline_2
[2026-06-01T09:35:02.682+0000] {logging_mixin.py:188} WARNING - /home/***/.local/lib/python3.12/site-packages/***/task/task_runner/standard_task_runner.py:61 DeprecationWarning: This process (pid=1848) is multi-threaded, use of fork() may lead to deadlocks in the child.
[2026-06-01T09:35:02.684+0000] {standard_task_runner.py:63} INFO - Started process 1852 to run task
[2026-06-01T09:35:02.746+0000] {task_command.py:426} INFO - Running <TaskInstance: dynamic_metadata_pipeline.run_pipeline_2 scheduled__2026-06-01T09:30:00+00:00 [running]> on host 1103cbeaed03
[2026-06-01T09:35:02.860+0000] {taskinstance.py:2648} INFO - Exporting env vars: AIRFLOW_CTX_DAG_OWNER='subashri' AIRFLOW_CTX_DAG_ID='dynamic_metadata_pipeline' AIRFLOW_CTX_TASK_ID='run_pipeline_2' AIRFLOW_CTX_EXECUTION_DATE='2026-06-01T09:30:00+00:00' AIRFLOW_CTX_TRY_NUMBER='1' AIRFLOW_CTX_DAG_RUN_ID='scheduled__2026-06-01T09:30:00+00:00'
[2026-06-01T09:35:02.861+0000] {taskinstance.py:430} INFO - ::endgroup::
[2026-06-01T09:35:02.888+0000] {subprocess.py:63} INFO - Tmp dir root location: /tmp
[2026-06-01T09:35:02.889+0000] {subprocess.py:75} INFO - Running command: ['/usr/bin/bash', '-c', 'cd /opt/***/src && python main.py 2']
[2026-06-01T09:35:02.901+0000] {subprocess.py:86} INFO - Output:
[2026-06-01T09:35:10.858+0000] {subprocess.py:93} INFO - 
[2026-06-01T09:35:10.859+0000] {subprocess.py:93} INFO - ===================================
[2026-06-01T09:35:10.860+0000] {subprocess.py:93} INFO - DATABASE CONNECTION CONFIG
[2026-06-01T09:35:10.860+0000] {subprocess.py:93} INFO - ===================================
[2026-06-01T09:35:10.861+0000] {subprocess.py:93} INFO - DB TYPE   : postgres
[2026-06-01T09:35:10.862+0000] {subprocess.py:93} INFO - HOST      : 3.107.8.33
[2026-06-01T09:35:10.862+0000] {subprocess.py:93} INFO - PORT      : 5432
[2026-06-01T09:35:10.863+0000] {subprocess.py:93} INFO - DATABASE  : metadata_db
[2026-06-01T09:35:10.863+0000] {subprocess.py:93} INFO - USERNAME  : teamuser
[2026-06-01T09:35:10.864+0000] {subprocess.py:93} INFO - ===================================
[2026-06-01T09:35:10.864+0000] {subprocess.py:93} INFO - 
[2026-06-01T09:35:10.865+0000] {subprocess.py:93} INFO - Connected to POSTGRES successfully.
[2026-06-01T09:35:10.865+0000] {subprocess.py:93} INFO - 
[2026-06-01T09:35:10.866+0000] {subprocess.py:93} INFO - Running pipeline: postgres_to_local_pipeline (db_to_storage)
[2026-06-01T09:35:10.867+0000] {subprocess.py:93} INFO - 
[2026-06-01T09:35:10.867+0000] {subprocess.py:93} INFO - ===================================
[2026-06-01T09:35:10.868+0000] {subprocess.py:93} INFO - DATABASE CONNECTION CONFIG
[2026-06-01T09:35:10.868+0000] {subprocess.py:93} INFO - ===================================
[2026-06-01T09:35:10.869+0000] {subprocess.py:93} INFO - DB TYPE   : postgres
[2026-06-01T09:35:10.870+0000] {subprocess.py:93} INFO - HOST      : 3.107.8.33
[2026-06-01T09:35:10.870+0000] {subprocess.py:93} INFO - PORT      : 5432
[2026-06-01T09:35:10.871+0000] {subprocess.py:93} INFO - DATABASE  : udifdb
[2026-06-01T09:35:10.871+0000] {subprocess.py:93} INFO - USERNAME  : teamuser
[2026-06-01T09:35:10.872+0000] {subprocess.py:93} INFO - ===================================
[2026-06-01T09:35:10.872+0000] {subprocess.py:93} INFO - 
[2026-06-01T09:35:10.873+0000] {subprocess.py:93} INFO - Connected to POSTGRES successfully.
[2026-06-01T09:35:10.874+0000] {subprocess.py:93} INFO - Completed: 4653 rows processed
[2026-06-01T09:35:11.039+0000] {subprocess.py:97} INFO - Command exited with return code 0
[2026-06-01T09:35:11.040+0000] {taskinstance.py:441} INFO - ::group::Post task execution logs
[2026-06-01T09:35:11.072+0000] {taskinstance.py:1206} INFO - Marking task as SUCCESS. dag_id=dynamic_metadata_pipeline, task_id=run_pipeline_2, run_id=scheduled__2026-06-01T09:30:00+00:00, execution_date=20260601T093000, start_date=20260601T093502, end_date=20260601T093511
[2026-06-01T09:35:11.106+0000] {local_task_job_runner.py:240} INFO - Task exited with return code 0
[2026-06-01T09:35:11.127+0000] {taskinstance.py:3498} INFO - 0 downstream tasks scheduled from follow-on schedule check
[2026-06-01T09:35:11.130+0000] {local_task_job_runner.py:222} INFO - ::endgroup::
