[2026-06-04T06:45:27.141+0000] {local_task_job_runner.py:120} INFO - ::group::Pre task execution logs
[2026-06-04T06:45:27.561+0000] {taskinstance.py:2076} INFO - Dependencies all met for dep_context=non-requeueable deps ti=<TaskInstance: postgres_to_local_pipeline.run_pipeline_2 scheduled__2026-06-04T06:40:00+00:00 [queued]>
[2026-06-04T06:45:27.773+0000] {taskinstance.py:2076} INFO - Dependencies all met for dep_context=requeueable deps ti=<TaskInstance: postgres_to_local_pipeline.run_pipeline_2 scheduled__2026-06-04T06:40:00+00:00 [queued]>
[2026-06-04T06:45:27.777+0000] {taskinstance.py:2306} INFO - Starting attempt 1 of 2
[2026-06-04T06:45:28.464+0000] {taskinstance.py:2330} INFO - Executing <Task(BashOperator): run_pipeline_2> on 2026-06-04 06:40:00+00:00
[2026-06-04T06:45:28.639+0000] {standard_task_runner.py:90} INFO - Running: ['***', 'tasks', 'run', 'postgres_to_local_pipeline', 'run_pipeline_2', 'scheduled__2026-06-04T06:40:00+00:00', '--job-id', '255', '--raw', '--subdir', 'DAGS_FOLDER/dynamic_pipeline_generator.py', '--cfg-path', '/tmp/tmpyvgqtn4q']
[2026-06-04T06:45:28.709+0000] {standard_task_runner.py:91} INFO - Job 255: Subtask run_pipeline_2
[2026-06-04T06:45:28.986+0000] {logging_mixin.py:188} WARNING - /home/***/.local/lib/python3.12/site-packages/***/task/task_runner/standard_task_runner.py:61 DeprecationWarning: This process (pid=4197) is multi-threaded, use of fork() may lead to deadlocks in the child.
[2026-06-04T06:45:28.990+0000] {standard_task_runner.py:63} INFO - Started process 4287 to run task
[2026-06-04T06:45:29.868+0000] {task_command.py:426} INFO - Running <TaskInstance: postgres_to_local_pipeline.run_pipeline_2 scheduled__2026-06-04T06:40:00+00:00 [running]> on host b044b6a9b6bd
[2026-06-04T06:45:32.154+0000] {taskinstance.py:2648} INFO - Exporting env vars: AIRFLOW_CTX_DAG_OWNER='subashri' AIRFLOW_CTX_DAG_ID='postgres_to_local_pipeline' AIRFLOW_CTX_TASK_ID='run_pipeline_2' AIRFLOW_CTX_EXECUTION_DATE='2026-06-04T06:40:00+00:00' AIRFLOW_CTX_TRY_NUMBER='1' AIRFLOW_CTX_DAG_RUN_ID='scheduled__2026-06-04T06:40:00+00:00'
[2026-06-04T06:45:32.194+0000] {taskinstance.py:430} INFO - ::endgroup::
[2026-06-04T06:45:32.718+0000] {subprocess.py:63} INFO - Tmp dir root location: /tmp
[2026-06-04T06:45:32.756+0000] {subprocess.py:75} INFO - Running command: ['/usr/bin/bash', '-c', 'cd /opt/***/src && python main.py 2']
[2026-06-04T06:45:32.936+0000] {subprocess.py:86} INFO - Output:
[2026-06-04T06:46:06.702+0000] {subprocess.py:93} INFO - 
[2026-06-04T06:46:06.717+0000] {subprocess.py:93} INFO - ===================================
[2026-06-04T06:46:06.732+0000] {subprocess.py:93} INFO - DATABASE CONNECTION CONFIG
[2026-06-04T06:46:06.743+0000] {subprocess.py:93} INFO - ===================================
[2026-06-04T06:46:06.780+0000] {subprocess.py:93} INFO - DB TYPE   : postgres
[2026-06-04T06:46:06.796+0000] {subprocess.py:93} INFO - HOST      : 3.107.8.33
[2026-06-04T06:46:06.812+0000] {subprocess.py:93} INFO - PORT      : 5432
[2026-06-04T06:46:06.830+0000] {subprocess.py:93} INFO - DATABASE  : metadata_db
[2026-06-04T06:46:06.860+0000] {subprocess.py:93} INFO - USERNAME  : teamuser
[2026-06-04T06:46:06.876+0000] {subprocess.py:93} INFO - ===================================
[2026-06-04T06:46:06.885+0000] {subprocess.py:93} INFO - 
[2026-06-04T06:46:06.892+0000] {subprocess.py:93} INFO - Connected to POSTGRES successfully.
[2026-06-04T06:46:06.895+0000] {subprocess.py:93} INFO - 
[2026-06-04T06:46:06.908+0000] {subprocess.py:93} INFO - Running pipeline: postgres_to_local_pipeline (db_to_storage)
[2026-06-04T06:46:06.948+0000] {subprocess.py:93} INFO - 
[2026-06-04T06:46:06.953+0000] {subprocess.py:93} INFO - ===================================
[2026-06-04T06:46:06.975+0000] {subprocess.py:93} INFO - DATABASE CONNECTION CONFIG
[2026-06-04T06:46:06.990+0000] {subprocess.py:93} INFO - ===================================
[2026-06-04T06:46:07.006+0000] {subprocess.py:93} INFO - DB TYPE   : postgres
[2026-06-04T06:46:07.012+0000] {subprocess.py:93} INFO - HOST      : 3.107.8.33
[2026-06-04T06:46:07.021+0000] {subprocess.py:93} INFO - PORT      : 5432
[2026-06-04T06:46:07.042+0000] {subprocess.py:93} INFO - DATABASE  : udifdb
[2026-06-04T06:46:07.063+0000] {subprocess.py:93} INFO - USERNAME  : teamuser
[2026-06-04T06:46:07.066+0000] {subprocess.py:93} INFO - ===================================
[2026-06-04T06:46:07.073+0000] {subprocess.py:93} INFO - 
[2026-06-04T06:46:07.093+0000] {subprocess.py:93} INFO - Connected to POSTGRES successfully.
[2026-06-04T06:46:07.100+0000] {subprocess.py:93} INFO - Completed: 4653 rows processed
[2026-06-04T06:46:07.762+0000] {subprocess.py:97} INFO - Command exited with return code 0
[2026-06-04T06:46:07.798+0000] {taskinstance.py:441} INFO - ::group::Post task execution logs
[2026-06-04T06:46:08.222+0000] {taskinstance.py:1206} INFO - Marking task as SUCCESS. dag_id=postgres_to_local_pipeline, task_id=run_pipeline_2, run_id=scheduled__2026-06-04T06:40:00+00:00, execution_date=20260604T064000, start_date=20260604T064527, end_date=20260604T064608
[2026-06-04T06:46:09.130+0000] {local_task_job_runner.py:240} INFO - Task exited with return code 0
[2026-06-04T06:46:10.016+0000] {taskinstance.py:3498} INFO - 0 downstream tasks scheduled from follow-on schedule check
[2026-06-04T06:46:10.108+0000] {local_task_job_runner.py:222} INFO - ::endgroup::
