[2026-06-03T16:55:03.146+0000] {local_task_job_runner.py:120} INFO - ::group::Pre task execution logs
[2026-06-03T16:55:03.183+0000] {taskinstance.py:2076} INFO - Dependencies all met for dep_context=non-requeueable deps ti=<TaskInstance: postgres_to_s3_pipeline.run_pipeline_1 scheduled__2026-06-03T16:50:00+00:00 [queued]>
[2026-06-03T16:55:03.195+0000] {taskinstance.py:2076} INFO - Dependencies all met for dep_context=requeueable deps ti=<TaskInstance: postgres_to_s3_pipeline.run_pipeline_1 scheduled__2026-06-03T16:50:00+00:00 [queued]>
[2026-06-03T16:55:03.197+0000] {taskinstance.py:2306} INFO - Starting attempt 1 of 2
[2026-06-03T16:55:03.216+0000] {taskinstance.py:2330} INFO - Executing <Task(BashOperator): run_pipeline_1> on 2026-06-03 16:50:00+00:00
[2026-06-03T16:55:03.225+0000] {standard_task_runner.py:90} INFO - Running: ['***', 'tasks', 'run', 'postgres_to_s3_pipeline', 'run_pipeline_1', 'scheduled__2026-06-03T16:50:00+00:00', '--job-id', '193', '--raw', '--subdir', 'DAGS_FOLDER/dynamic_pipeline_generator.py', '--cfg-path', '/tmp/tmpf2n9g0af']
[2026-06-03T16:55:03.231+0000] {standard_task_runner.py:91} INFO - Job 193: Subtask run_pipeline_1
[2026-06-03T16:55:03.231+0000] {logging_mixin.py:188} WARNING - /home/***/.local/lib/python3.12/site-packages/***/task/task_runner/standard_task_runner.py:61 DeprecationWarning: This process (pid=1646) is multi-threaded, use of fork() may lead to deadlocks in the child.
[2026-06-03T16:55:03.233+0000] {standard_task_runner.py:63} INFO - Started process 1648 to run task
[2026-06-03T16:55:03.294+0000] {task_command.py:426} INFO - Running <TaskInstance: postgres_to_s3_pipeline.run_pipeline_1 scheduled__2026-06-03T16:50:00+00:00 [running]> on host 6efe7055fb80
[2026-06-03T16:55:03.406+0000] {taskinstance.py:2648} INFO - Exporting env vars: AIRFLOW_CTX_DAG_OWNER='subashri' AIRFLOW_CTX_DAG_ID='postgres_to_s3_pipeline' AIRFLOW_CTX_TASK_ID='run_pipeline_1' AIRFLOW_CTX_EXECUTION_DATE='2026-06-03T16:50:00+00:00' AIRFLOW_CTX_TRY_NUMBER='1' AIRFLOW_CTX_DAG_RUN_ID='scheduled__2026-06-03T16:50:00+00:00'
[2026-06-03T16:55:03.407+0000] {taskinstance.py:430} INFO - ::endgroup::
[2026-06-03T16:55:03.427+0000] {subprocess.py:63} INFO - Tmp dir root location: /tmp
[2026-06-03T16:55:03.429+0000] {subprocess.py:75} INFO - Running command: ['/usr/bin/bash', '-c', 'cd /opt/***/src && python main.py 1']
[2026-06-03T16:55:03.439+0000] {subprocess.py:86} INFO - Output:
[2026-06-03T16:55:16.354+0000] {subprocess.py:93} INFO - 
[2026-06-03T16:55:16.356+0000] {subprocess.py:93} INFO - ===================================
[2026-06-03T16:55:16.358+0000] {subprocess.py:93} INFO - DATABASE CONNECTION CONFIG
[2026-06-03T16:55:16.359+0000] {subprocess.py:93} INFO - ===================================
[2026-06-03T16:55:16.361+0000] {subprocess.py:93} INFO - DB TYPE   : postgres
[2026-06-03T16:55:16.363+0000] {subprocess.py:93} INFO - HOST      : 3.107.8.33
[2026-06-03T16:55:16.365+0000] {subprocess.py:93} INFO - PORT      : 5432
[2026-06-03T16:55:16.367+0000] {subprocess.py:93} INFO - DATABASE  : metadata_db
[2026-06-03T16:55:16.369+0000] {subprocess.py:93} INFO - USERNAME  : teamuser
[2026-06-03T16:55:16.371+0000] {subprocess.py:93} INFO - ===================================
[2026-06-03T16:55:16.372+0000] {subprocess.py:93} INFO - 
[2026-06-03T16:55:16.374+0000] {subprocess.py:93} INFO - Connected to POSTGRES successfully.
[2026-06-03T16:55:16.376+0000] {subprocess.py:93} INFO - 
[2026-06-03T16:55:16.378+0000] {subprocess.py:93} INFO - Running pipeline: postgres_to_s3_pipeline (db_to_storage)
[2026-06-03T16:55:16.380+0000] {subprocess.py:93} INFO - 
[2026-06-03T16:55:16.382+0000] {subprocess.py:93} INFO - ===================================
[2026-06-03T16:55:16.384+0000] {subprocess.py:93} INFO - DATABASE CONNECTION CONFIG
[2026-06-03T16:55:16.385+0000] {subprocess.py:93} INFO - ===================================
[2026-06-03T16:55:16.386+0000] {subprocess.py:93} INFO - DB TYPE   : postgres
[2026-06-03T16:55:16.388+0000] {subprocess.py:93} INFO - HOST      : 3.107.8.33
[2026-06-03T16:55:16.389+0000] {subprocess.py:93} INFO - PORT      : 5432
[2026-06-03T16:55:16.390+0000] {subprocess.py:93} INFO - DATABASE  : udifdb
[2026-06-03T16:55:16.391+0000] {subprocess.py:93} INFO - USERNAME  : teamuser
[2026-06-03T16:55:16.392+0000] {subprocess.py:93} INFO - ===================================
[2026-06-03T16:55:16.393+0000] {subprocess.py:93} INFO - 
[2026-06-03T16:55:16.394+0000] {subprocess.py:93} INFO - Connected to POSTGRES successfully.
[2026-06-03T16:55:16.395+0000] {subprocess.py:93} INFO - Completed: 4653 rows processed
[2026-06-03T16:55:16.617+0000] {subprocess.py:97} INFO - Command exited with return code 0
[2026-06-03T16:55:16.618+0000] {taskinstance.py:441} INFO - ::group::Post task execution logs
[2026-06-03T16:55:16.671+0000] {taskinstance.py:1206} INFO - Marking task as SUCCESS. dag_id=postgres_to_s3_pipeline, task_id=run_pipeline_1, run_id=scheduled__2026-06-03T16:50:00+00:00, execution_date=20260603T165000, start_date=20260603T165503, end_date=20260603T165516
[2026-06-03T16:55:16.740+0000] {local_task_job_runner.py:240} INFO - Task exited with return code 0
[2026-06-03T16:55:16.763+0000] {taskinstance.py:3498} INFO - 0 downstream tasks scheduled from follow-on schedule check
[2026-06-03T16:55:16.767+0000] {local_task_job_runner.py:222} INFO - ::endgroup::
