[2026-05-28T08:11:40.349+0000] {local_task_job_runner.py:120} INFO - ::group::Pre task execution logs
[2026-05-28T08:11:40.403+0000] {taskinstance.py:2076} INFO - Dependencies all met for dep_context=non-requeueable deps ti=<TaskInstance: dynamic_metadata_pipeline.run_pipeline_1 manual__2026-05-28T08:11:39.011823+00:00 [queued]>
[2026-05-28T08:11:40.414+0000] {taskinstance.py:2076} INFO - Dependencies all met for dep_context=requeueable deps ti=<TaskInstance: dynamic_metadata_pipeline.run_pipeline_1 manual__2026-05-28T08:11:39.011823+00:00 [queued]>
[2026-05-28T08:11:40.427+0000] {taskinstance.py:2306} INFO - Starting attempt 1 of 2
[2026-05-28T08:11:40.461+0000] {taskinstance.py:2330} INFO - Executing <Task(BashOperator): run_pipeline_1> on 2026-05-28 08:11:39.011823+00:00
[2026-05-28T08:11:40.474+0000] {standard_task_runner.py:90} INFO - Running: ['***', 'tasks', 'run', 'dynamic_metadata_pipeline', 'run_pipeline_1', 'manual__2026-05-28T08:11:39.011823+00:00', '--job-id', '4', '--raw', '--subdir', 'DAGS_FOLDER/dynamic_pipeline_dag.py', '--cfg-path', '/tmp/tmp696iqw2z']
[2026-05-28T08:11:40.480+0000] {logging_mixin.py:188} WARNING - /home/***/.local/lib/python3.12/site-packages/***/task/task_runner/standard_task_runner.py:61 DeprecationWarning: This process (pid=215) is multi-threaded, use of fork() may lead to deadlocks in the child.
[2026-05-28T08:11:40.480+0000] {standard_task_runner.py:91} INFO - Job 4: Subtask run_pipeline_1
[2026-05-28T08:11:40.481+0000] {standard_task_runner.py:63} INFO - Started process 216 to run task
[2026-05-28T08:11:40.570+0000] {task_command.py:426} INFO - Running <TaskInstance: dynamic_metadata_pipeline.run_pipeline_1 manual__2026-05-28T08:11:39.011823+00:00 [running]> on host cdd7d00ae0ba
[2026-05-28T08:11:40.707+0000] {taskinstance.py:2648} INFO - Exporting env vars: AIRFLOW_CTX_DAG_OWNER='subashri' AIRFLOW_CTX_DAG_ID='dynamic_metadata_pipeline' AIRFLOW_CTX_TASK_ID='run_pipeline_1' AIRFLOW_CTX_EXECUTION_DATE='2026-05-28T08:11:39.011823+00:00' AIRFLOW_CTX_TRY_NUMBER='1' AIRFLOW_CTX_DAG_RUN_ID='manual__2026-05-28T08:11:39.011823+00:00'
[2026-05-28T08:11:40.709+0000] {taskinstance.py:430} INFO - ::endgroup::
[2026-05-28T08:11:40.748+0000] {subprocess.py:63} INFO - Tmp dir root location: /tmp
[2026-05-28T08:11:40.750+0000] {subprocess.py:75} INFO - Running command: ['/usr/bin/bash', '-c', 'cd /opt/***/src && python main.py 1']
[2026-05-28T08:11:40.760+0000] {subprocess.py:86} INFO - Output:
[2026-05-28T08:11:42.868+0000] {subprocess.py:93} INFO - Traceback (most recent call last):
[2026-05-28T08:11:42.868+0000] {subprocess.py:93} INFO -   File "/opt/***/src/main.py", line 4, in <module>
[2026-05-28T08:11:42.870+0000] {subprocess.py:93} INFO -     from pipeline_executor import run_pipeline
[2026-05-28T08:11:42.871+0000] {subprocess.py:93} INFO -   File "/opt/***/src/pipeline_executor.py", line 6, in <module>
[2026-05-28T08:11:42.872+0000] {subprocess.py:93} INFO -     from reader import read_input
[2026-05-28T08:11:42.873+0000] {subprocess.py:93} INFO -   File "/opt/***/src/reader.py", line 12, in <module>
[2026-05-28T08:11:42.874+0000] {subprocess.py:93} INFO -     from parser_adapter import (
[2026-05-28T08:11:42.875+0000] {subprocess.py:93} INFO -   File "/opt/***/src/parser_adapter.py", line 4, in <module>
[2026-05-28T08:11:42.877+0000] {subprocess.py:93} INFO -     from parsers.parser_factory import get_parser
[2026-05-28T08:11:42.877+0000] {subprocess.py:93} INFO -   File "/opt/***/src/parsers/parser_factory.py", line 4, in <module>
[2026-05-28T08:11:42.880+0000] {subprocess.py:93} INFO -     from parsers.pdf_parser import parse_pdf
[2026-05-28T08:11:42.880+0000] {subprocess.py:93} INFO -   File "/opt/***/src/parsers/pdf_parser.py", line 1, in <module>
[2026-05-28T08:11:42.883+0000] {subprocess.py:93} INFO -     import PyPDF2
[2026-05-28T08:11:42.883+0000] {subprocess.py:93} INFO - ModuleNotFoundError: No module named 'PyPDF2'
[2026-05-28T08:11:43.058+0000] {subprocess.py:97} INFO - Command exited with return code 1
[2026-05-28T08:11:43.060+0000] {taskinstance.py:441} INFO - ::group::Post task execution logs
[2026-05-28T08:11:43.082+0000] {taskinstance.py:2905} ERROR - Task failed with exception
Traceback (most recent call last):
  File "/home/airflow/.local/lib/python3.12/site-packages/airflow/models/taskinstance.py", line 465, in _execute_task
    result = _execute_callable(context=context, **execute_callable_kwargs)
             ^^^^^^^^^^^^^^^^^^^^^^^^^^^^^^^^^^^^^^^^^^^^^^^^^^^^^^^^^^^^^
  File "/home/airflow/.local/lib/python3.12/site-packages/airflow/models/taskinstance.py", line 432, in _execute_callable
    return execute_callable(context=context, **execute_callable_kwargs)
           ^^^^^^^^^^^^^^^^^^^^^^^^^^^^^^^^^^^^^^^^^^^^^^^^^^^^^^^^^^^^
  File "/home/airflow/.local/lib/python3.12/site-packages/airflow/models/baseoperator.py", line 400, in wrapper
    return func(self, *args, **kwargs)
           ^^^^^^^^^^^^^^^^^^^^^^^^^^^
  File "/home/airflow/.local/lib/python3.12/site-packages/airflow/operators/bash.py", line 243, in execute
    raise AirflowException(
airflow.exceptions.AirflowException: Bash command failed. The command returned a non-zero exit code 1.
[2026-05-28T08:11:43.090+0000] {taskinstance.py:1206} INFO - Marking task as UP_FOR_RETRY. dag_id=dynamic_metadata_pipeline, task_id=run_pipeline_1, run_id=manual__2026-05-28T08:11:39.011823+00:00, execution_date=20260528T081139, start_date=20260528T081140, end_date=20260528T081143
[2026-05-28T08:11:43.125+0000] {standard_task_runner.py:110} ERROR - Failed to execute job 4 for task run_pipeline_1 (Bash command failed. The command returned a non-zero exit code 1.; 216)
[2026-05-28T08:11:43.150+0000] {local_task_job_runner.py:240} INFO - Task exited with return code 1
[2026-05-28T08:11:43.199+0000] {taskinstance.py:3498} INFO - 0 downstream tasks scheduled from follow-on schedule check
[2026-05-28T08:11:43.208+0000] {local_task_job_runner.py:222} INFO - ::endgroup::
