[2026-06-04T04:30:03.169+0000] {local_task_job_runner.py:120} INFO - ::group::Pre task execution logs
[2026-06-04T04:30:03.200+0000] {taskinstance.py:2076} INFO - Dependencies all met for dep_context=non-requeueable deps ti=<TaskInstance: postgres_to_local_pipeline.run_pipeline_2 scheduled__2026-06-04T04:25:00+00:00 [queued]>
[2026-06-04T04:30:03.209+0000] {taskinstance.py:2076} INFO - Dependencies all met for dep_context=requeueable deps ti=<TaskInstance: postgres_to_local_pipeline.run_pipeline_2 scheduled__2026-06-04T04:25:00+00:00 [queued]>
[2026-06-04T04:30:03.210+0000] {taskinstance.py:2306} INFO - Starting attempt 1 of 2
[2026-06-04T04:30:03.224+0000] {taskinstance.py:2330} INFO - Executing <Task(BashOperator): run_pipeline_2> on 2026-06-04 04:25:00+00:00
[2026-06-04T04:30:03.231+0000] {standard_task_runner.py:90} INFO - Running: ['***', 'tasks', 'run', 'postgres_to_local_pipeline', 'run_pipeline_2', 'scheduled__2026-06-04T04:25:00+00:00', '--job-id', '198', '--raw', '--subdir', 'DAGS_FOLDER/dynamic_pipeline_generator.py', '--cfg-path', '/tmp/tmp2eve7z8b']
[2026-06-04T04:30:03.235+0000] {standard_task_runner.py:91} INFO - Job 198: Subtask run_pipeline_2
[2026-06-04T04:30:03.235+0000] {logging_mixin.py:188} WARNING - /home/***/.local/lib/python3.12/site-packages/***/task/task_runner/standard_task_runner.py:61 DeprecationWarning: This process (pid=866) is multi-threaded, use of fork() may lead to deadlocks in the child.
[2026-06-04T04:30:03.236+0000] {standard_task_runner.py:63} INFO - Started process 869 to run task
[2026-06-04T04:30:03.283+0000] {task_command.py:426} INFO - Running <TaskInstance: postgres_to_local_pipeline.run_pipeline_2 scheduled__2026-06-04T04:25:00+00:00 [running]> on host b044b6a9b6bd
[2026-06-04T04:30:03.409+0000] {taskinstance.py:2648} INFO - Exporting env vars: AIRFLOW_CTX_DAG_OWNER='subashri' AIRFLOW_CTX_DAG_ID='postgres_to_local_pipeline' AIRFLOW_CTX_TASK_ID='run_pipeline_2' AIRFLOW_CTX_EXECUTION_DATE='2026-06-04T04:25:00+00:00' AIRFLOW_CTX_TRY_NUMBER='1' AIRFLOW_CTX_DAG_RUN_ID='scheduled__2026-06-04T04:25:00+00:00'
[2026-06-04T04:30:03.410+0000] {taskinstance.py:430} INFO - ::endgroup::
[2026-06-04T04:30:03.426+0000] {subprocess.py:63} INFO - Tmp dir root location: /tmp
[2026-06-04T04:30:03.428+0000] {subprocess.py:75} INFO - Running command: ['/usr/bin/bash', '-c', 'cd /opt/***/src && python main.py 2']
[2026-06-04T04:30:03.436+0000] {subprocess.py:86} INFO - Output:
[2026-06-04T04:30:15.417+0000] {subprocess.py:93} INFO - 
[2026-06-04T04:30:15.418+0000] {subprocess.py:93} INFO - ===================================
[2026-06-04T04:30:15.419+0000] {subprocess.py:93} INFO - DATABASE CONNECTION CONFIG
[2026-06-04T04:30:15.420+0000] {subprocess.py:93} INFO - ===================================
[2026-06-04T04:30:15.421+0000] {subprocess.py:93} INFO - DB TYPE   : postgres
[2026-06-04T04:30:15.422+0000] {subprocess.py:93} INFO - HOST      : 3.107.8.33
[2026-06-04T04:30:15.422+0000] {subprocess.py:93} INFO - PORT      : 5432
[2026-06-04T04:30:15.423+0000] {subprocess.py:93} INFO - DATABASE  : metadata_db
[2026-06-04T04:30:15.424+0000] {subprocess.py:93} INFO - USERNAME  : teamuser
[2026-06-04T04:30:15.424+0000] {subprocess.py:93} INFO - ===================================
[2026-06-04T04:30:15.425+0000] {subprocess.py:93} INFO - 
[2026-06-04T04:30:15.426+0000] {subprocess.py:93} INFO - Connected to POSTGRES successfully.
[2026-06-04T04:30:15.426+0000] {subprocess.py:93} INFO - 
[2026-06-04T04:30:15.427+0000] {subprocess.py:93} INFO - Running pipeline: postgres_to_local_pipeline (db_to_storage)
[2026-06-04T04:30:15.428+0000] {subprocess.py:93} INFO - 
[2026-06-04T04:30:15.428+0000] {subprocess.py:93} INFO - ===================================
[2026-06-04T04:30:15.429+0000] {subprocess.py:93} INFO - DATABASE CONNECTION CONFIG
[2026-06-04T04:30:15.429+0000] {subprocess.py:93} INFO - ===================================
[2026-06-04T04:30:15.430+0000] {subprocess.py:93} INFO - DB TYPE   : postgres
[2026-06-04T04:30:15.430+0000] {subprocess.py:93} INFO - HOST      : 3.107.8.33
[2026-06-04T04:30:15.431+0000] {subprocess.py:93} INFO - PORT      : 5432
[2026-06-04T04:30:15.431+0000] {subprocess.py:93} INFO - DATABASE  : udifdb
[2026-06-04T04:30:15.432+0000] {subprocess.py:93} INFO - USERNAME  : teamuser
[2026-06-04T04:30:15.432+0000] {subprocess.py:93} INFO - ===================================
[2026-06-04T04:30:15.433+0000] {subprocess.py:93} INFO - 
[2026-06-04T04:30:15.433+0000] {subprocess.py:93} INFO - Connected to POSTGRES successfully.
[2026-06-04T04:30:15.433+0000] {subprocess.py:93} INFO - Completed: 4653 rows processed
[2026-06-04T04:30:15.595+0000] {subprocess.py:97} INFO - Command exited with return code 0
[2026-06-04T04:30:15.596+0000] {taskinstance.py:441} INFO - ::group::Post task execution logs
[2026-06-04T04:30:15.630+0000] {taskinstance.py:1206} INFO - Marking task as SUCCESS. dag_id=postgres_to_local_pipeline, task_id=run_pipeline_2, run_id=scheduled__2026-06-04T04:25:00+00:00, execution_date=20260604T042500, start_date=20260604T043003, end_date=20260604T043015
[2026-06-04T04:30:15.681+0000] {local_task_job_runner.py:240} INFO - Task exited with return code 0
[2026-06-04T04:30:15.714+0000] {taskinstance.py:3498} INFO - 0 downstream tasks scheduled from follow-on schedule check
[2026-06-04T04:30:15.718+0000] {local_task_job_runner.py:222} INFO - ::endgroup::
