[2026-06-04T07:15:03.634+0000] {local_task_job_runner.py:120} INFO - ::group::Pre task execution logs
[2026-06-04T07:15:03.750+0000] {taskinstance.py:2076} INFO - Dependencies all met for dep_context=non-requeueable deps ti=<TaskInstance: postgres_to_local_pipeline.run_pipeline_2 scheduled__2026-06-04T07:10:00+00:00 [queued]>
[2026-06-04T07:15:03.786+0000] {taskinstance.py:2076} INFO - Dependencies all met for dep_context=requeueable deps ti=<TaskInstance: postgres_to_local_pipeline.run_pipeline_2 scheduled__2026-06-04T07:10:00+00:00 [queued]>
[2026-06-04T07:15:03.788+0000] {taskinstance.py:2306} INFO - Starting attempt 1 of 2
[2026-06-04T07:15:03.861+0000] {taskinstance.py:2330} INFO - Executing <Task(BashOperator): run_pipeline_2> on 2026-06-04 07:10:00+00:00
[2026-06-04T07:15:03.933+0000] {standard_task_runner.py:90} INFO - Running: ['***', 'tasks', 'run', 'postgres_to_local_pipeline', 'run_pipeline_2', 'scheduled__2026-06-04T07:10:00+00:00', '--job-id', '297', '--raw', '--subdir', 'DAGS_FOLDER/dynamic_pipeline_generator.py', '--cfg-path', '/tmp/tmpu0rhvxk7']
[2026-06-04T07:15:03.952+0000] {standard_task_runner.py:91} INFO - Job 297: Subtask run_pipeline_2
[2026-06-04T07:15:04.009+0000] {logging_mixin.py:188} WARNING - /home/***/.local/lib/python3.12/site-packages/***/task/task_runner/standard_task_runner.py:61 DeprecationWarning: This process (pid=5422) is multi-threaded, use of fork() may lead to deadlocks in the child.
[2026-06-04T07:15:04.012+0000] {standard_task_runner.py:63} INFO - Started process 5432 to run task
[2026-06-04T07:15:04.181+0000] {task_command.py:426} INFO - Running <TaskInstance: postgres_to_local_pipeline.run_pipeline_2 scheduled__2026-06-04T07:10:00+00:00 [running]> on host b044b6a9b6bd
[2026-06-04T07:15:04.694+0000] {taskinstance.py:2648} INFO - Exporting env vars: AIRFLOW_CTX_DAG_OWNER='subashri' AIRFLOW_CTX_DAG_ID='postgres_to_local_pipeline' AIRFLOW_CTX_TASK_ID='run_pipeline_2' AIRFLOW_CTX_EXECUTION_DATE='2026-06-04T07:10:00+00:00' AIRFLOW_CTX_TRY_NUMBER='1' AIRFLOW_CTX_DAG_RUN_ID='scheduled__2026-06-04T07:10:00+00:00'
[2026-06-04T07:15:04.699+0000] {taskinstance.py:430} INFO - ::endgroup::
[2026-06-04T07:15:04.900+0000] {subprocess.py:63} INFO - Tmp dir root location: /tmp
[2026-06-04T07:15:04.910+0000] {subprocess.py:75} INFO - Running command: ['/usr/bin/bash', '-c', 'cd /opt/***/src && python main.py 2']
[2026-06-04T07:15:05.063+0000] {subprocess.py:86} INFO - Output:
[2026-06-04T07:15:20.191+0000] {subprocess.py:93} INFO - 
[2026-06-04T07:15:20.195+0000] {subprocess.py:93} INFO - ===================================
[2026-06-04T07:15:20.196+0000] {subprocess.py:93} INFO - DATABASE CONNECTION CONFIG
[2026-06-04T07:15:20.198+0000] {subprocess.py:93} INFO - ===================================
[2026-06-04T07:15:20.199+0000] {subprocess.py:93} INFO - DB TYPE   : postgres
[2026-06-04T07:15:20.200+0000] {subprocess.py:93} INFO - HOST      : 3.107.8.33
[2026-06-04T07:15:20.201+0000] {subprocess.py:93} INFO - PORT      : 5432
[2026-06-04T07:15:20.202+0000] {subprocess.py:93} INFO - DATABASE  : metadata_db
[2026-06-04T07:15:20.204+0000] {subprocess.py:93} INFO - USERNAME  : teamuser
[2026-06-04T07:15:20.205+0000] {subprocess.py:93} INFO - ===================================
[2026-06-04T07:15:20.207+0000] {subprocess.py:93} INFO - 
[2026-06-04T07:15:20.209+0000] {subprocess.py:93} INFO - Connected to POSTGRES successfully.
[2026-06-04T07:15:20.210+0000] {subprocess.py:93} INFO - 
[2026-06-04T07:15:20.212+0000] {subprocess.py:93} INFO - Running pipeline: postgres_to_local_pipeline (db_to_storage)
[2026-06-04T07:15:20.214+0000] {subprocess.py:93} INFO - 
[2026-06-04T07:15:20.215+0000] {subprocess.py:93} INFO - ===================================
[2026-06-04T07:15:20.216+0000] {subprocess.py:93} INFO - DATABASE CONNECTION CONFIG
[2026-06-04T07:15:20.218+0000] {subprocess.py:93} INFO - ===================================
[2026-06-04T07:15:20.220+0000] {subprocess.py:93} INFO - DB TYPE   : postgres
[2026-06-04T07:15:20.222+0000] {subprocess.py:93} INFO - HOST      : 3.107.8.33
[2026-06-04T07:15:20.225+0000] {subprocess.py:93} INFO - PORT      : 5432
[2026-06-04T07:15:20.227+0000] {subprocess.py:93} INFO - DATABASE  : udifdb
[2026-06-04T07:15:20.229+0000] {subprocess.py:93} INFO - USERNAME  : teamuser
[2026-06-04T07:15:20.231+0000] {subprocess.py:93} INFO - ===================================
[2026-06-04T07:15:20.232+0000] {subprocess.py:93} INFO - 
[2026-06-04T07:15:20.234+0000] {subprocess.py:93} INFO - Connected to POSTGRES successfully.
[2026-06-04T07:15:20.235+0000] {subprocess.py:93} INFO - Completed: 4653 rows processed
[2026-06-04T07:15:20.688+0000] {subprocess.py:97} INFO - Command exited with return code 0
[2026-06-04T07:15:20.701+0000] {taskinstance.py:441} INFO - ::group::Post task execution logs
[2026-06-04T07:15:20.759+0000] {taskinstance.py:1206} INFO - Marking task as SUCCESS. dag_id=postgres_to_local_pipeline, task_id=run_pipeline_2, run_id=scheduled__2026-06-04T07:10:00+00:00, execution_date=20260604T071000, start_date=20260604T071503, end_date=20260604T071520
[2026-06-04T07:15:20.827+0000] {local_task_job_runner.py:240} INFO - Task exited with return code 0
[2026-06-04T07:15:20.860+0000] {taskinstance.py:3498} INFO - 0 downstream tasks scheduled from follow-on schedule check
[2026-06-04T07:15:20.865+0000] {local_task_job_runner.py:222} INFO - ::endgroup::
