[2026-06-04T06:40:04.383+0000] {local_task_job_runner.py:120} INFO - ::group::Pre task execution logs
[2026-06-04T06:40:04.536+0000] {taskinstance.py:2076} INFO - Dependencies all met for dep_context=non-requeueable deps ti=<TaskInstance: local_to_s3_pipeline.run_pipeline_6 scheduled__2026-06-04T06:35:00+00:00 [queued]>
[2026-06-04T06:40:04.570+0000] {taskinstance.py:2076} INFO - Dependencies all met for dep_context=requeueable deps ti=<TaskInstance: local_to_s3_pipeline.run_pipeline_6 scheduled__2026-06-04T06:35:00+00:00 [queued]>
[2026-06-04T06:40:04.572+0000] {taskinstance.py:2306} INFO - Starting attempt 1 of 2
[2026-06-04T06:40:04.634+0000] {taskinstance.py:2330} INFO - Executing <Task(BashOperator): run_pipeline_6> on 2026-06-04 06:35:00+00:00
[2026-06-04T06:40:04.726+0000] {standard_task_runner.py:90} INFO - Running: ['***', 'tasks', 'run', 'local_to_s3_pipeline', 'run_pipeline_6', 'scheduled__2026-06-04T06:35:00+00:00', '--job-id', '243', '--raw', '--subdir', 'DAGS_FOLDER/dynamic_pipeline_generator.py', '--cfg-path', '/tmp/tmpcezdr50g']
[2026-06-04T06:40:04.753+0000] {standard_task_runner.py:91} INFO - Job 243: Subtask run_pipeline_6
[2026-06-04T06:40:04.801+0000] {logging_mixin.py:188} WARNING - /home/***/.local/lib/python3.12/site-packages/***/task/task_runner/standard_task_runner.py:61 DeprecationWarning: This process (pid=3961) is multi-threaded, use of fork() may lead to deadlocks in the child.
[2026-06-04T06:40:04.806+0000] {standard_task_runner.py:63} INFO - Started process 3974 to run task
[2026-06-04T06:40:04.952+0000] {task_command.py:426} INFO - Running <TaskInstance: local_to_s3_pipeline.run_pipeline_6 scheduled__2026-06-04T06:35:00+00:00 [running]> on host b044b6a9b6bd
[2026-06-04T06:40:05.359+0000] {taskinstance.py:2648} INFO - Exporting env vars: AIRFLOW_CTX_DAG_OWNER='subashri' AIRFLOW_CTX_DAG_ID='local_to_s3_pipeline' AIRFLOW_CTX_TASK_ID='run_pipeline_6' AIRFLOW_CTX_EXECUTION_DATE='2026-06-04T06:35:00+00:00' AIRFLOW_CTX_TRY_NUMBER='1' AIRFLOW_CTX_DAG_RUN_ID='scheduled__2026-06-04T06:35:00+00:00'
[2026-06-04T06:40:05.361+0000] {taskinstance.py:430} INFO - ::endgroup::
[2026-06-04T06:40:05.462+0000] {subprocess.py:63} INFO - Tmp dir root location: /tmp
[2026-06-04T06:40:05.487+0000] {subprocess.py:75} INFO - Running command: ['/usr/bin/bash', '-c', 'cd /opt/***/src && python main.py 6']
[2026-06-04T06:40:05.594+0000] {subprocess.py:86} INFO - Output:
[2026-06-04T06:40:21.719+0000] {subprocess.py:93} INFO - Using CPU. Note: This module is much faster with a GPU.
[2026-06-04T06:41:35.652+0000] {subprocess.py:93} INFO - /home/***/.local/lib/python3.12/site-packages/torch/utils/data/dataloader.py:752: UserWarning: 'pin_memory' argument is set as true but no accelerator is found, then device pinned memory won't be used.
[2026-06-04T06:41:35.661+0000] {subprocess.py:93} INFO -   super().__init__(loader)
[2026-06-04T06:42:08.122+0000] {subprocess.py:93} INFO - 
[2026-06-04T06:42:08.127+0000] {subprocess.py:93} INFO - ===================================
[2026-06-04T06:42:08.129+0000] {subprocess.py:93} INFO - DATABASE CONNECTION CONFIG
[2026-06-04T06:42:08.130+0000] {subprocess.py:93} INFO - ===================================
[2026-06-04T06:42:08.134+0000] {subprocess.py:93} INFO - DB TYPE   : postgres
[2026-06-04T06:42:08.135+0000] {subprocess.py:93} INFO - HOST      : 3.107.8.33
[2026-06-04T06:42:08.137+0000] {subprocess.py:93} INFO - PORT      : 5432
[2026-06-04T06:42:08.139+0000] {subprocess.py:93} INFO - DATABASE  : metadata_db
[2026-06-04T06:42:08.141+0000] {subprocess.py:93} INFO - USERNAME  : teamuser
[2026-06-04T06:42:08.143+0000] {subprocess.py:93} INFO - ===================================
[2026-06-04T06:42:08.144+0000] {subprocess.py:93} INFO - 
[2026-06-04T06:42:08.146+0000] {subprocess.py:93} INFO - Connected to POSTGRES successfully.
[2026-06-04T06:42:08.147+0000] {subprocess.py:93} INFO - 
[2026-06-04T06:42:08.149+0000] {subprocess.py:93} INFO - Running pipeline: local_to_s3_pipeline (storage_to_storage)
[2026-06-04T06:42:08.151+0000] {subprocess.py:93} INFO - Processing file: customer (2 rows)
[2026-06-04T06:42:08.152+0000] {subprocess.py:93} INFO - Processing file: data pic1 (91 rows)
[2026-06-04T06:42:08.153+0000] {subprocess.py:93} INFO - Processing file: employee (20 rows)
[2026-06-04T06:42:08.154+0000] {subprocess.py:93} INFO - Processing file: employee_data (100 rows)
[2026-06-04T06:42:08.155+0000] {subprocess.py:93} INFO - Processing file: sample (2 rows)
[2026-06-04T06:42:08.157+0000] {subprocess.py:93} INFO - Processing file: word (12 rows)
[2026-06-04T06:42:08.158+0000] {subprocess.py:93} INFO - Processed total rows: 227
[2026-06-04T06:42:08.160+0000] {subprocess.py:93} INFO - Completed: 227 rows processed
[2026-06-04T06:42:12.062+0000] {subprocess.py:97} INFO - Command exited with return code 0
[2026-06-04T06:42:12.067+0000] {taskinstance.py:441} INFO - ::group::Post task execution logs
[2026-06-04T06:42:12.160+0000] {taskinstance.py:1206} INFO - Marking task as SUCCESS. dag_id=local_to_s3_pipeline, task_id=run_pipeline_6, run_id=scheduled__2026-06-04T06:35:00+00:00, execution_date=20260604T063500, start_date=20260604T064004, end_date=20260604T064212
[2026-06-04T06:42:12.243+0000] {local_task_job_runner.py:240} INFO - Task exited with return code 0
[2026-06-04T06:42:12.309+0000] {local_task_job_runner.py:222} INFO - ::endgroup::
