[2026-06-04T06:35:03.531+0000] {local_task_job_runner.py:120} INFO - ::group::Pre task execution logs
[2026-06-04T06:35:03.636+0000] {taskinstance.py:2076} INFO - Dependencies all met for dep_context=non-requeueable deps ti=<TaskInstance: postgres_to_local_pipeline.run_pipeline_2 scheduled__2026-06-04T06:30:00+00:00 [queued]>
[2026-06-04T06:35:03.667+0000] {taskinstance.py:2076} INFO - Dependencies all met for dep_context=requeueable deps ti=<TaskInstance: postgres_to_local_pipeline.run_pipeline_2 scheduled__2026-06-04T06:30:00+00:00 [queued]>
[2026-06-04T06:35:03.670+0000] {taskinstance.py:2306} INFO - Starting attempt 1 of 2
[2026-06-04T06:35:03.723+0000] {taskinstance.py:2330} INFO - Executing <Task(BashOperator): run_pipeline_2> on 2026-06-04 06:30:00+00:00
[2026-06-04T06:35:03.750+0000] {standard_task_runner.py:90} INFO - Running: ['***', 'tasks', 'run', 'postgres_to_local_pipeline', 'run_pipeline_2', 'scheduled__2026-06-04T06:30:00+00:00', '--job-id', '236', '--raw', '--subdir', 'DAGS_FOLDER/dynamic_pipeline_generator.py', '--cfg-path', '/tmp/tmpj472twcv']
[2026-06-04T06:35:03.769+0000] {standard_task_runner.py:91} INFO - Job 236: Subtask run_pipeline_2
[2026-06-04T06:35:03.771+0000] {logging_mixin.py:188} WARNING - /home/***/.local/lib/python3.12/site-packages/***/task/task_runner/standard_task_runner.py:61 DeprecationWarning: This process (pid=3718) is multi-threaded, use of fork() may lead to deadlocks in the child.
[2026-06-04T06:35:03.777+0000] {standard_task_runner.py:63} INFO - Started process 3722 to run task
[2026-06-04T06:35:03.967+0000] {task_command.py:426} INFO - Running <TaskInstance: postgres_to_local_pipeline.run_pipeline_2 scheduled__2026-06-04T06:30:00+00:00 [running]> on host b044b6a9b6bd
[2026-06-04T06:35:04.340+0000] {taskinstance.py:2648} INFO - Exporting env vars: AIRFLOW_CTX_DAG_OWNER='subashri' AIRFLOW_CTX_DAG_ID='postgres_to_local_pipeline' AIRFLOW_CTX_TASK_ID='run_pipeline_2' AIRFLOW_CTX_EXECUTION_DATE='2026-06-04T06:30:00+00:00' AIRFLOW_CTX_TRY_NUMBER='1' AIRFLOW_CTX_DAG_RUN_ID='scheduled__2026-06-04T06:30:00+00:00'
[2026-06-04T06:35:04.343+0000] {taskinstance.py:430} INFO - ::endgroup::
[2026-06-04T06:35:04.421+0000] {subprocess.py:63} INFO - Tmp dir root location: /tmp
[2026-06-04T06:35:04.426+0000] {subprocess.py:75} INFO - Running command: ['/usr/bin/bash', '-c', 'cd /opt/***/src && python main.py 2']
[2026-06-04T06:35:04.455+0000] {subprocess.py:86} INFO - Output:
[2026-06-04T06:35:17.767+0000] {subprocess.py:93} INFO - 
[2026-06-04T06:35:17.769+0000] {subprocess.py:93} INFO - ===================================
[2026-06-04T06:35:17.770+0000] {subprocess.py:93} INFO - DATABASE CONNECTION CONFIG
[2026-06-04T06:35:17.772+0000] {subprocess.py:93} INFO - ===================================
[2026-06-04T06:35:17.774+0000] {subprocess.py:93} INFO - DB TYPE   : postgres
[2026-06-04T06:35:17.776+0000] {subprocess.py:93} INFO - HOST      : 3.107.8.33
[2026-06-04T06:35:17.778+0000] {subprocess.py:93} INFO - PORT      : 5432
[2026-06-04T06:35:17.779+0000] {subprocess.py:93} INFO - DATABASE  : metadata_db
[2026-06-04T06:35:17.782+0000] {subprocess.py:93} INFO - USERNAME  : teamuser
[2026-06-04T06:35:17.784+0000] {subprocess.py:93} INFO - ===================================
[2026-06-04T06:35:17.785+0000] {subprocess.py:93} INFO - 
[2026-06-04T06:35:17.786+0000] {subprocess.py:93} INFO - Connected to POSTGRES successfully.
[2026-06-04T06:35:17.787+0000] {subprocess.py:93} INFO - 
[2026-06-04T06:35:17.788+0000] {subprocess.py:93} INFO - Running pipeline: postgres_to_local_pipeline (db_to_storage)
[2026-06-04T06:35:17.789+0000] {subprocess.py:93} INFO - 
[2026-06-04T06:35:17.791+0000] {subprocess.py:93} INFO - ===================================
[2026-06-04T06:35:17.793+0000] {subprocess.py:93} INFO - DATABASE CONNECTION CONFIG
[2026-06-04T06:35:17.797+0000] {subprocess.py:93} INFO - ===================================
[2026-06-04T06:35:17.800+0000] {subprocess.py:93} INFO - DB TYPE   : postgres
[2026-06-04T06:35:17.801+0000] {subprocess.py:93} INFO - HOST      : 3.107.8.33
[2026-06-04T06:35:17.802+0000] {subprocess.py:93} INFO - PORT      : 5432
[2026-06-04T06:35:17.803+0000] {subprocess.py:93} INFO - DATABASE  : udifdb
[2026-06-04T06:35:17.804+0000] {subprocess.py:93} INFO - USERNAME  : teamuser
[2026-06-04T06:35:17.805+0000] {subprocess.py:93} INFO - ===================================
[2026-06-04T06:35:17.806+0000] {subprocess.py:93} INFO - 
[2026-06-04T06:35:17.808+0000] {subprocess.py:93} INFO - Connected to POSTGRES successfully.
[2026-06-04T06:35:17.809+0000] {subprocess.py:93} INFO - Completed: 4653 rows processed
[2026-06-04T06:35:18.169+0000] {subprocess.py:97} INFO - Command exited with return code 0
[2026-06-04T06:35:18.173+0000] {taskinstance.py:441} INFO - ::group::Post task execution logs
[2026-06-04T06:35:18.250+0000] {taskinstance.py:1206} INFO - Marking task as SUCCESS. dag_id=postgres_to_local_pipeline, task_id=run_pipeline_2, run_id=scheduled__2026-06-04T06:30:00+00:00, execution_date=20260604T063000, start_date=20260604T063503, end_date=20260604T063518
[2026-06-04T06:35:18.337+0000] {local_task_job_runner.py:240} INFO - Task exited with return code 0
[2026-06-04T06:35:18.392+0000] {taskinstance.py:3498} INFO - 0 downstream tasks scheduled from follow-on schedule check
[2026-06-04T06:35:18.401+0000] {local_task_job_runner.py:222} INFO - ::endgroup::
