[2026-06-04T06:29:25.433+0000] {local_task_job_runner.py:120} INFO - ::group::Pre task execution logs
[2026-06-04T06:29:25.515+0000] {taskinstance.py:2076} INFO - Dependencies all met for dep_context=non-requeueable deps ti=<TaskInstance: local_to_s3_pipeline.run_pipeline_6 scheduled__2026-06-04T05:45:00+00:00 [queued]>
[2026-06-04T06:29:25.541+0000] {taskinstance.py:2076} INFO - Dependencies all met for dep_context=requeueable deps ti=<TaskInstance: local_to_s3_pipeline.run_pipeline_6 scheduled__2026-06-04T05:45:00+00:00 [queued]>
[2026-06-04T06:29:25.543+0000] {taskinstance.py:2306} INFO - Starting attempt 2 of 2
[2026-06-04T06:29:25.575+0000] {taskinstance.py:2330} INFO - Executing <Task(BashOperator): run_pipeline_6> on 2026-06-04 05:45:00+00:00
[2026-06-04T06:29:25.590+0000] {standard_task_runner.py:90} INFO - Running: ['***', 'tasks', 'run', 'local_to_s3_pipeline', 'run_pipeline_6', 'scheduled__2026-06-04T05:45:00+00:00', '--job-id', '219', '--raw', '--subdir', 'DAGS_FOLDER/dynamic_pipeline_generator.py', '--cfg-path', '/tmp/tmpbnwglpqv']
[2026-06-04T06:29:25.595+0000] {standard_task_runner.py:91} INFO - Job 219: Subtask run_pipeline_6
[2026-06-04T06:29:25.604+0000] {logging_mixin.py:188} WARNING - /home/***/.local/lib/python3.12/site-packages/***/task/task_runner/standard_task_runner.py:61 DeprecationWarning: This process (pid=3370) is multi-threaded, use of fork() may lead to deadlocks in the child.
[2026-06-04T06:29:25.607+0000] {standard_task_runner.py:63} INFO - Started process 3372 to run task
[2026-06-04T06:29:25.702+0000] {task_command.py:426} INFO - Running <TaskInstance: local_to_s3_pipeline.run_pipeline_6 scheduled__2026-06-04T05:45:00+00:00 [running]> on host b044b6a9b6bd
[2026-06-04T06:29:25.843+0000] {taskinstance.py:2648} INFO - Exporting env vars: AIRFLOW_CTX_DAG_OWNER='subashri' AIRFLOW_CTX_DAG_ID='local_to_s3_pipeline' AIRFLOW_CTX_TASK_ID='run_pipeline_6' AIRFLOW_CTX_EXECUTION_DATE='2026-06-04T05:45:00+00:00' AIRFLOW_CTX_TRY_NUMBER='2' AIRFLOW_CTX_DAG_RUN_ID='scheduled__2026-06-04T05:45:00+00:00'
[2026-06-04T06:29:25.844+0000] {taskinstance.py:430} INFO - ::endgroup::
[2026-06-04T06:29:25.870+0000] {subprocess.py:63} INFO - Tmp dir root location: /tmp
[2026-06-04T06:29:25.873+0000] {subprocess.py:75} INFO - Running command: ['/usr/bin/bash', '-c', 'cd /opt/***/src && python main.py 6']
[2026-06-04T06:29:25.886+0000] {subprocess.py:86} INFO - Output:
[2026-06-04T06:29:37.374+0000] {subprocess.py:93} INFO - Using CPU. Note: This module is much faster with a GPU.
[2026-06-04T06:30:12.381+0000] {subprocess.py:93} INFO - /home/***/.local/lib/python3.12/site-packages/torch/utils/data/dataloader.py:752: UserWarning: 'pin_memory' argument is set as true but no accelerator is found, then device pinned memory won't be used.
[2026-06-04T06:30:12.525+0000] {subprocess.py:93} INFO -   super().__init__(loader)
[2026-06-04T06:30:32.447+0000] {subprocess.py:93} INFO - 
[2026-06-04T06:30:32.471+0000] {subprocess.py:93} INFO - ===================================
[2026-06-04T06:30:32.549+0000] {subprocess.py:93} INFO - DATABASE CONNECTION CONFIG
[2026-06-04T06:30:32.601+0000] {subprocess.py:93} INFO - ===================================
[2026-06-04T06:30:32.610+0000] {subprocess.py:93} INFO - DB TYPE   : postgres
[2026-06-04T06:30:32.616+0000] {subprocess.py:93} INFO - HOST      : 3.107.8.33
[2026-06-04T06:30:32.620+0000] {subprocess.py:93} INFO - PORT      : 5432
[2026-06-04T06:30:32.637+0000] {subprocess.py:93} INFO - DATABASE  : metadata_db
[2026-06-04T06:30:32.665+0000] {subprocess.py:93} INFO - USERNAME  : teamuser
[2026-06-04T06:30:32.674+0000] {subprocess.py:93} INFO - ===================================
[2026-06-04T06:30:32.689+0000] {subprocess.py:93} INFO - 
[2026-06-04T06:30:32.694+0000] {subprocess.py:93} INFO - Connected to POSTGRES successfully.
[2026-06-04T06:30:32.704+0000] {subprocess.py:93} INFO - 
[2026-06-04T06:30:32.710+0000] {subprocess.py:93} INFO - Running pipeline: local_to_s3_pipeline (storage_to_storage)
[2026-06-04T06:30:32.730+0000] {subprocess.py:93} INFO - Processing file: customer (2 rows)
[2026-06-04T06:30:32.737+0000] {subprocess.py:93} INFO - Processing file: data pic1 (91 rows)
[2026-06-04T06:30:32.744+0000] {subprocess.py:93} INFO - Processing file: employee (20 rows)
[2026-06-04T06:30:32.766+0000] {subprocess.py:93} INFO - Processing file: employee_data (100 rows)
[2026-06-04T06:30:32.782+0000] {subprocess.py:93} INFO - Processing file: sample (2 rows)
[2026-06-04T06:30:32.783+0000] {subprocess.py:93} INFO - Processing file: word (12 rows)
[2026-06-04T06:30:32.791+0000] {subprocess.py:93} INFO - Processed total rows: 227
[2026-06-04T06:30:32.792+0000] {subprocess.py:93} INFO - Completed: 227 rows processed
[2026-06-04T06:30:42.322+0000] {subprocess.py:97} INFO - Command exited with return code 0
[2026-06-04T06:30:42.367+0000] {taskinstance.py:441} INFO - ::group::Post task execution logs
[2026-06-04T06:30:42.931+0000] {taskinstance.py:1206} INFO - Marking task as SUCCESS. dag_id=local_to_s3_pipeline, task_id=run_pipeline_6, run_id=scheduled__2026-06-04T05:45:00+00:00, execution_date=20260604T054500, start_date=20260604T062925, end_date=20260604T063042
[2026-06-04T06:30:43.138+0000] {local_task_job_runner.py:240} INFO - Task exited with return code 0
[2026-06-04T06:30:43.403+0000] {taskinstance.py:3498} INFO - 0 downstream tasks scheduled from follow-on schedule check
[2026-06-04T06:30:43.417+0000] {local_task_job_runner.py:222} INFO - ::endgroup::
