[2026-06-04T07:20:02.688+0000] {local_task_job_runner.py:120} INFO - ::group::Pre task execution logs
[2026-06-04T07:20:02.817+0000] {taskinstance.py:2076} INFO - Dependencies all met for dep_context=non-requeueable deps ti=<TaskInstance: postgres_to_postgres_pipeline.run_pipeline_3 scheduled__2026-06-04T07:15:00+00:00 [queued]>
[2026-06-04T07:20:02.849+0000] {taskinstance.py:2076} INFO - Dependencies all met for dep_context=requeueable deps ti=<TaskInstance: postgres_to_postgres_pipeline.run_pipeline_3 scheduled__2026-06-04T07:15:00+00:00 [queued]>
[2026-06-04T07:20:02.851+0000] {taskinstance.py:2306} INFO - Starting attempt 1 of 2
[2026-06-04T07:20:02.899+0000] {taskinstance.py:2330} INFO - Executing <Task(BashOperator): run_pipeline_3> on 2026-06-04 07:15:00+00:00
[2026-06-04T07:20:02.951+0000] {standard_task_runner.py:90} INFO - Running: ['***', 'tasks', 'run', 'postgres_to_postgres_pipeline', 'run_pipeline_3', 'scheduled__2026-06-04T07:15:00+00:00', '--job-id', '300', '--raw', '--subdir', 'DAGS_FOLDER/dynamic_pipeline_generator.py', '--cfg-path', '/tmp/tmp1uwbkhja']
[2026-06-04T07:20:02.973+0000] {standard_task_runner.py:91} INFO - Job 300: Subtask run_pipeline_3
[2026-06-04T07:20:03.133+0000] {logging_mixin.py:188} WARNING - /home/***/.local/lib/python3.12/site-packages/***/task/task_runner/standard_task_runner.py:61 DeprecationWarning: This process (pid=5627) is multi-threaded, use of fork() may lead to deadlocks in the child.
[2026-06-04T07:20:03.151+0000] {standard_task_runner.py:63} INFO - Started process 5633 to run task
[2026-06-04T07:20:03.278+0000] {task_command.py:426} INFO - Running <TaskInstance: postgres_to_postgres_pipeline.run_pipeline_3 scheduled__2026-06-04T07:15:00+00:00 [running]> on host b044b6a9b6bd
[2026-06-04T07:20:03.850+0000] {taskinstance.py:2648} INFO - Exporting env vars: AIRFLOW_CTX_DAG_OWNER='subashri' AIRFLOW_CTX_DAG_ID='postgres_to_postgres_pipeline' AIRFLOW_CTX_TASK_ID='run_pipeline_3' AIRFLOW_CTX_EXECUTION_DATE='2026-06-04T07:15:00+00:00' AIRFLOW_CTX_TRY_NUMBER='1' AIRFLOW_CTX_DAG_RUN_ID='scheduled__2026-06-04T07:15:00+00:00'
[2026-06-04T07:20:03.856+0000] {taskinstance.py:430} INFO - ::endgroup::
[2026-06-04T07:20:03.947+0000] {subprocess.py:63} INFO - Tmp dir root location: /tmp
[2026-06-04T07:20:03.959+0000] {subprocess.py:75} INFO - Running command: ['/usr/bin/bash', '-c', 'cd /opt/***/src && python main.py 3']
[2026-06-04T07:20:04.076+0000] {subprocess.py:86} INFO - Output:
[2026-06-04T07:20:24.199+0000] {subprocess.py:93} INFO - 
[2026-06-04T07:20:24.200+0000] {subprocess.py:93} INFO - ===================================
[2026-06-04T07:20:24.201+0000] {subprocess.py:93} INFO - DATABASE CONNECTION CONFIG
[2026-06-04T07:20:24.202+0000] {subprocess.py:93} INFO - ===================================
[2026-06-04T07:20:24.203+0000] {subprocess.py:93} INFO - DB TYPE   : postgres
[2026-06-04T07:20:24.204+0000] {subprocess.py:93} INFO - HOST      : 3.107.8.33
[2026-06-04T07:20:24.205+0000] {subprocess.py:93} INFO - PORT      : 5432
[2026-06-04T07:20:24.207+0000] {subprocess.py:93} INFO - DATABASE  : metadata_db
[2026-06-04T07:20:24.208+0000] {subprocess.py:93} INFO - USERNAME  : teamuser
[2026-06-04T07:20:24.209+0000] {subprocess.py:93} INFO - ===================================
[2026-06-04T07:20:24.210+0000] {subprocess.py:93} INFO - 
[2026-06-04T07:20:24.211+0000] {subprocess.py:93} INFO - Connected to POSTGRES successfully.
[2026-06-04T07:20:24.212+0000] {subprocess.py:93} INFO - 
[2026-06-04T07:20:24.213+0000] {subprocess.py:93} INFO - Running pipeline: postgres_to_postgres_pipeline (db_to_db)
[2026-06-04T07:20:24.214+0000] {subprocess.py:93} INFO - 
[2026-06-04T07:20:24.215+0000] {subprocess.py:93} INFO - ===================================
[2026-06-04T07:20:24.216+0000] {subprocess.py:93} INFO - DATABASE CONNECTION CONFIG
[2026-06-04T07:20:24.217+0000] {subprocess.py:93} INFO - ===================================
[2026-06-04T07:20:24.218+0000] {subprocess.py:93} INFO - DB TYPE   : postgres
[2026-06-04T07:20:24.219+0000] {subprocess.py:93} INFO - HOST      : 3.107.8.33
[2026-06-04T07:20:24.220+0000] {subprocess.py:93} INFO - PORT      : 5432
[2026-06-04T07:20:24.222+0000] {subprocess.py:93} INFO - DATABASE  : udifdb
[2026-06-04T07:20:24.223+0000] {subprocess.py:93} INFO - USERNAME  : teamuser
[2026-06-04T07:20:24.224+0000] {subprocess.py:93} INFO - ===================================
[2026-06-04T07:20:24.225+0000] {subprocess.py:93} INFO - 
[2026-06-04T07:20:24.226+0000] {subprocess.py:93} INFO - Connected to POSTGRES successfully.
[2026-06-04T07:20:24.227+0000] {subprocess.py:93} INFO - Completed: 4653 rows processed
[2026-06-04T07:20:24.475+0000] {subprocess.py:97} INFO - Command exited with return code 0
[2026-06-04T07:20:24.477+0000] {taskinstance.py:441} INFO - ::group::Post task execution logs
[2026-06-04T07:20:24.523+0000] {taskinstance.py:1206} INFO - Marking task as SUCCESS. dag_id=postgres_to_postgres_pipeline, task_id=run_pipeline_3, run_id=scheduled__2026-06-04T07:15:00+00:00, execution_date=20260604T071500, start_date=20260604T072002, end_date=20260604T072024
[2026-06-04T07:20:24.569+0000] {local_task_job_runner.py:240} INFO - Task exited with return code 0
[2026-06-04T07:20:24.596+0000] {taskinstance.py:3498} INFO - 0 downstream tasks scheduled from follow-on schedule check
[2026-06-04T07:20:24.601+0000] {local_task_job_runner.py:222} INFO - ::endgroup::
