[2026-06-04T06:35:03.491+0000] {local_task_job_runner.py:120} INFO - ::group::Pre task execution logs
[2026-06-04T06:35:03.638+0000] {taskinstance.py:2076} INFO - Dependencies all met for dep_context=non-requeueable deps ti=<TaskInstance: postgres_to_postgres_pipeline.run_pipeline_3 scheduled__2026-06-04T06:30:00+00:00 [queued]>
[2026-06-04T06:35:03.671+0000] {taskinstance.py:2076} INFO - Dependencies all met for dep_context=requeueable deps ti=<TaskInstance: postgres_to_postgres_pipeline.run_pipeline_3 scheduled__2026-06-04T06:30:00+00:00 [queued]>
[2026-06-04T06:35:03.675+0000] {taskinstance.py:2306} INFO - Starting attempt 1 of 2
[2026-06-04T06:35:03.729+0000] {taskinstance.py:2330} INFO - Executing <Task(BashOperator): run_pipeline_3> on 2026-06-04 06:30:00+00:00
[2026-06-04T06:35:03.753+0000] {standard_task_runner.py:90} INFO - Running: ['***', 'tasks', 'run', 'postgres_to_postgres_pipeline', 'run_pipeline_3', 'scheduled__2026-06-04T06:30:00+00:00', '--job-id', '234', '--raw', '--subdir', 'DAGS_FOLDER/dynamic_pipeline_generator.py', '--cfg-path', '/tmp/tmpzjo1vkrm']
[2026-06-04T06:35:03.769+0000] {standard_task_runner.py:91} INFO - Job 234: Subtask run_pipeline_3
[2026-06-04T06:35:03.789+0000] {logging_mixin.py:188} WARNING - /home/***/.local/lib/python3.12/site-packages/***/task/task_runner/standard_task_runner.py:61 DeprecationWarning: This process (pid=3719) is multi-threaded, use of fork() may lead to deadlocks in the child.
[2026-06-04T06:35:03.793+0000] {standard_task_runner.py:63} INFO - Started process 3723 to run task
[2026-06-04T06:35:03.962+0000] {task_command.py:426} INFO - Running <TaskInstance: postgres_to_postgres_pipeline.run_pipeline_3 scheduled__2026-06-04T06:30:00+00:00 [running]> on host b044b6a9b6bd
[2026-06-04T06:35:04.351+0000] {taskinstance.py:2648} INFO - Exporting env vars: AIRFLOW_CTX_DAG_OWNER='subashri' AIRFLOW_CTX_DAG_ID='postgres_to_postgres_pipeline' AIRFLOW_CTX_TASK_ID='run_pipeline_3' AIRFLOW_CTX_EXECUTION_DATE='2026-06-04T06:30:00+00:00' AIRFLOW_CTX_TRY_NUMBER='1' AIRFLOW_CTX_DAG_RUN_ID='scheduled__2026-06-04T06:30:00+00:00'
[2026-06-04T06:35:04.356+0000] {taskinstance.py:430} INFO - ::endgroup::
[2026-06-04T06:35:04.430+0000] {subprocess.py:63} INFO - Tmp dir root location: /tmp
[2026-06-04T06:35:04.438+0000] {subprocess.py:75} INFO - Running command: ['/usr/bin/bash', '-c', 'cd /opt/***/src && python main.py 3']
[2026-06-04T06:35:04.469+0000] {subprocess.py:86} INFO - Output:
[2026-06-04T06:35:25.487+0000] {subprocess.py:93} INFO - 
[2026-06-04T06:35:25.500+0000] {subprocess.py:93} INFO - ===================================
[2026-06-04T06:35:25.514+0000] {subprocess.py:93} INFO - DATABASE CONNECTION CONFIG
[2026-06-04T06:35:25.525+0000] {subprocess.py:93} INFO - ===================================
[2026-06-04T06:35:25.533+0000] {subprocess.py:93} INFO - DB TYPE   : postgres
[2026-06-04T06:35:25.545+0000] {subprocess.py:93} INFO - HOST      : 3.107.8.33
[2026-06-04T06:35:25.562+0000] {subprocess.py:93} INFO - PORT      : 5432
[2026-06-04T06:35:25.564+0000] {subprocess.py:93} INFO - DATABASE  : metadata_db
[2026-06-04T06:35:25.576+0000] {subprocess.py:93} INFO - USERNAME  : teamuser
[2026-06-04T06:35:25.578+0000] {subprocess.py:93} INFO - ===================================
[2026-06-04T06:35:25.579+0000] {subprocess.py:93} INFO - 
[2026-06-04T06:35:25.581+0000] {subprocess.py:93} INFO - Connected to POSTGRES successfully.
[2026-06-04T06:35:25.584+0000] {subprocess.py:93} INFO - 
[2026-06-04T06:35:25.588+0000] {subprocess.py:93} INFO - Running pipeline: postgres_to_postgres_pipeline (db_to_db)
[2026-06-04T06:35:25.590+0000] {subprocess.py:93} INFO - 
[2026-06-04T06:35:25.599+0000] {subprocess.py:93} INFO - ===================================
[2026-06-04T06:35:25.607+0000] {subprocess.py:93} INFO - DATABASE CONNECTION CONFIG
[2026-06-04T06:35:25.608+0000] {subprocess.py:93} INFO - ===================================
[2026-06-04T06:35:25.609+0000] {subprocess.py:93} INFO - DB TYPE   : postgres
[2026-06-04T06:35:25.620+0000] {subprocess.py:93} INFO - HOST      : 3.107.8.33
[2026-06-04T06:35:25.625+0000] {subprocess.py:93} INFO - PORT      : 5432
[2026-06-04T06:35:25.627+0000] {subprocess.py:93} INFO - DATABASE  : udifdb
[2026-06-04T06:35:25.635+0000] {subprocess.py:93} INFO - USERNAME  : teamuser
[2026-06-04T06:35:25.639+0000] {subprocess.py:93} INFO - ===================================
[2026-06-04T06:35:25.644+0000] {subprocess.py:93} INFO - 
[2026-06-04T06:35:25.655+0000] {subprocess.py:93} INFO - Connected to POSTGRES successfully.
[2026-06-04T06:35:25.659+0000] {subprocess.py:93} INFO - Completed: 4653 rows processed
[2026-06-04T06:35:26.250+0000] {subprocess.py:97} INFO - Command exited with return code 0
[2026-06-04T06:35:26.253+0000] {taskinstance.py:441} INFO - ::group::Post task execution logs
[2026-06-04T06:35:26.335+0000] {taskinstance.py:1206} INFO - Marking task as SUCCESS. dag_id=postgres_to_postgres_pipeline, task_id=run_pipeline_3, run_id=scheduled__2026-06-04T06:30:00+00:00, execution_date=20260604T063000, start_date=20260604T063503, end_date=20260604T063526
[2026-06-04T06:35:26.473+0000] {local_task_job_runner.py:240} INFO - Task exited with return code 0
[2026-06-04T06:35:26.693+0000] {taskinstance.py:3498} INFO - 0 downstream tasks scheduled from follow-on schedule check
[2026-06-04T06:35:26.721+0000] {local_task_job_runner.py:222} INFO - ::endgroup::
