[2026-06-03T11:19:16.249+0000] {local_task_job_runner.py:120} INFO - ::group::Pre task execution logs
[2026-06-03T11:19:16.286+0000] {taskinstance.py:2076} INFO - Dependencies all met for dep_context=non-requeueable deps ti=<TaskInstance: dynamic_metadata_pipeline.run_pipeline_5 manual__2026-06-03T11:19:13.567782+00:00 [queued]>
[2026-06-03T11:19:16.299+0000] {taskinstance.py:2076} INFO - Dependencies all met for dep_context=requeueable deps ti=<TaskInstance: dynamic_metadata_pipeline.run_pipeline_5 manual__2026-06-03T11:19:13.567782+00:00 [queued]>
[2026-06-03T11:19:16.300+0000] {taskinstance.py:2306} INFO - Starting attempt 1 of 2
[2026-06-03T11:19:16.317+0000] {taskinstance.py:2330} INFO - Executing <Task(BashOperator): run_pipeline_5> on 2026-06-03 11:19:13.567782+00:00
[2026-06-03T11:19:16.326+0000] {standard_task_runner.py:90} INFO - Running: ['***', 'tasks', 'run', 'dynamic_metadata_pipeline', 'run_pipeline_5', 'manual__2026-06-03T11:19:13.567782+00:00', '--job-id', '126', '--raw', '--subdir', 'DAGS_FOLDER/dynamic_pipeline_dag.py', '--cfg-path', '/tmp/tmpvb24z_xt']
[2026-06-03T11:19:16.332+0000] {logging_mixin.py:188} WARNING - /home/***/.local/lib/python3.12/site-packages/***/task/task_runner/standard_task_runner.py:61 DeprecationWarning: This process (pid=1075) is multi-threaded, use of fork() may lead to deadlocks in the child.
[2026-06-03T11:19:16.332+0000] {standard_task_runner.py:91} INFO - Job 126: Subtask run_pipeline_5
[2026-06-03T11:19:16.333+0000] {standard_task_runner.py:63} INFO - Started process 1081 to run task
[2026-06-03T11:19:16.386+0000] {task_command.py:426} INFO - Running <TaskInstance: dynamic_metadata_pipeline.run_pipeline_5 manual__2026-06-03T11:19:13.567782+00:00 [running]> on host c3bf940c8326
[2026-06-03T11:19:16.485+0000] {taskinstance.py:2648} INFO - Exporting env vars: AIRFLOW_CTX_DAG_OWNER='subashri' AIRFLOW_CTX_DAG_ID='dynamic_metadata_pipeline' AIRFLOW_CTX_TASK_ID='run_pipeline_5' AIRFLOW_CTX_EXECUTION_DATE='2026-06-03T11:19:13.567782+00:00' AIRFLOW_CTX_TRY_NUMBER='1' AIRFLOW_CTX_DAG_RUN_ID='manual__2026-06-03T11:19:13.567782+00:00'
[2026-06-03T11:19:16.486+0000] {taskinstance.py:430} INFO - ::endgroup::
[2026-06-03T11:19:16.508+0000] {subprocess.py:63} INFO - Tmp dir root location: /tmp
[2026-06-03T11:19:16.509+0000] {subprocess.py:75} INFO - Running command: ['/usr/bin/bash', '-c', 'cd /opt/***/src && python main.py 5']
[2026-06-03T11:19:16.519+0000] {subprocess.py:86} INFO - Output:
[2026-06-03T11:19:38.800+0000] {subprocess.py:93} INFO - 
[2026-06-03T11:19:38.802+0000] {subprocess.py:93} INFO - ===================================
[2026-06-03T11:19:38.803+0000] {subprocess.py:93} INFO - DATABASE CONNECTION CONFIG
[2026-06-03T11:19:38.804+0000] {subprocess.py:93} INFO - ===================================
[2026-06-03T11:19:38.805+0000] {subprocess.py:93} INFO - DB TYPE   : postgres
[2026-06-03T11:19:38.806+0000] {subprocess.py:93} INFO - HOST      : 3.107.8.33
[2026-06-03T11:19:38.807+0000] {subprocess.py:93} INFO - PORT      : 5432
[2026-06-03T11:19:38.807+0000] {subprocess.py:93} INFO - DATABASE  : metadata_db
[2026-06-03T11:19:38.808+0000] {subprocess.py:93} INFO - USERNAME  : teamuser
[2026-06-03T11:19:38.809+0000] {subprocess.py:93} INFO - ===================================
[2026-06-03T11:19:38.810+0000] {subprocess.py:93} INFO - 
[2026-06-03T11:19:38.811+0000] {subprocess.py:93} INFO - Connected to POSTGRES successfully.
[2026-06-03T11:19:38.812+0000] {subprocess.py:93} INFO - 
[2026-06-03T11:19:38.812+0000] {subprocess.py:93} INFO - Running pipeline: s3_to_postgres_pipeline (storage_to_db)
[2026-06-03T11:19:38.813+0000] {subprocess.py:93} INFO - Loading table: customer_feb (120 rows)
[2026-06-03T11:19:38.814+0000] {subprocess.py:93} INFO - Loading table: customer_jan (100 rows)
[2026-06-03T11:19:38.815+0000] {subprocess.py:93} INFO - Loading table: customer_march (150 rows)
[2026-06-03T11:19:38.816+0000] {subprocess.py:93} INFO - Processed total rows: 370
[2026-06-03T11:19:38.817+0000] {subprocess.py:93} INFO - Completed: 370 rows processed
[2026-06-03T11:19:39.094+0000] {subprocess.py:97} INFO - Command exited with return code 0
[2026-06-03T11:19:39.096+0000] {taskinstance.py:441} INFO - ::group::Post task execution logs
[2026-06-03T11:19:39.143+0000] {taskinstance.py:1206} INFO - Marking task as SUCCESS. dag_id=dynamic_metadata_pipeline, task_id=run_pipeline_5, run_id=manual__2026-06-03T11:19:13.567782+00:00, execution_date=20260603T111913, start_date=20260603T111916, end_date=20260603T111939
[2026-06-03T11:19:39.191+0000] {local_task_job_runner.py:240} INFO - Task exited with return code 0
[2026-06-03T11:19:39.219+0000] {taskinstance.py:3498} INFO - 0 downstream tasks scheduled from follow-on schedule check
[2026-06-03T11:19:39.223+0000] {local_task_job_runner.py:222} INFO - ::endgroup::
