[2026-05-28T15:45:56.156+0000] {local_task_job_runner.py:120} INFO - ::group::Pre task execution logs
[2026-05-28T15:45:56.253+0000] {taskinstance.py:2076} INFO - Dependencies all met for dep_context=non-requeueable deps ti=<TaskInstance: dynamic_metadata_pipeline.run_pipeline_3 manual__2026-05-28T15:45:54.510038+00:00 [queued]>
[2026-05-28T15:45:56.280+0000] {taskinstance.py:2076} INFO - Dependencies all met for dep_context=requeueable deps ti=<TaskInstance: dynamic_metadata_pipeline.run_pipeline_3 manual__2026-05-28T15:45:54.510038+00:00 [queued]>
[2026-05-28T15:45:56.292+0000] {taskinstance.py:2306} INFO - Starting attempt 1 of 2
[2026-05-28T15:45:56.333+0000] {taskinstance.py:2330} INFO - Executing <Task(BashOperator): run_pipeline_3> on 2026-05-28 15:45:54.510038+00:00
[2026-05-28T15:45:56.346+0000] {standard_task_runner.py:90} INFO - Running: ['***', 'tasks', 'run', 'dynamic_metadata_pipeline', 'run_pipeline_3', 'manual__2026-05-28T15:45:54.510038+00:00', '--job-id', '47', '--raw', '--subdir', 'DAGS_FOLDER/dynamic_pipeline_dag.py', '--cfg-path', '/tmp/tmpd7dhnr34']
[2026-05-28T15:45:56.353+0000] {standard_task_runner.py:91} INFO - Job 47: Subtask run_pipeline_3
[2026-05-28T15:45:56.354+0000] {logging_mixin.py:188} WARNING - /home/***/.local/lib/python3.12/site-packages/***/task/task_runner/standard_task_runner.py:61 DeprecationWarning: This process (pid=731) is multi-threaded, use of fork() may lead to deadlocks in the child.
[2026-05-28T15:45:56.356+0000] {standard_task_runner.py:63} INFO - Started process 732 to run task
[2026-05-28T15:45:56.412+0000] {task_command.py:426} INFO - Running <TaskInstance: dynamic_metadata_pipeline.run_pipeline_3 manual__2026-05-28T15:45:54.510038+00:00 [running]> on host 6c7adbbe76d2
[2026-05-28T15:45:56.522+0000] {taskinstance.py:2648} INFO - Exporting env vars: AIRFLOW_CTX_DAG_OWNER='subashri' AIRFLOW_CTX_DAG_ID='dynamic_metadata_pipeline' AIRFLOW_CTX_TASK_ID='run_pipeline_3' AIRFLOW_CTX_EXECUTION_DATE='2026-05-28T15:45:54.510038+00:00' AIRFLOW_CTX_TRY_NUMBER='1' AIRFLOW_CTX_DAG_RUN_ID='manual__2026-05-28T15:45:54.510038+00:00'
[2026-05-28T15:45:56.523+0000] {taskinstance.py:430} INFO - ::endgroup::
[2026-05-28T15:45:56.541+0000] {subprocess.py:63} INFO - Tmp dir root location: /tmp
[2026-05-28T15:45:56.543+0000] {subprocess.py:75} INFO - Running command: ['/usr/bin/bash', '-c', 'cd /opt/***/src && python main.py 3']
[2026-05-28T15:45:56.553+0000] {subprocess.py:86} INFO - Output:
[2026-05-28T15:46:02.495+0000] {subprocess.py:93} INFO - Using CPU. Note: This module is much faster with a GPU.
[2026-05-28T15:46:20.523+0000] {subprocess.py:93} INFO - 
[2026-05-28T15:46:20.525+0000] {subprocess.py:93} INFO - ===================================
[2026-05-28T15:46:20.526+0000] {subprocess.py:93} INFO - DATABASE CONNECTION CONFIG
[2026-05-28T15:46:20.527+0000] {subprocess.py:93} INFO - ===================================
[2026-05-28T15:46:20.528+0000] {subprocess.py:93} INFO - DB TYPE   : postgres
[2026-05-28T15:46:20.529+0000] {subprocess.py:93} INFO - HOST      : 15.135.192.199
[2026-05-28T15:46:20.530+0000] {subprocess.py:93} INFO - PORT      : 5432
[2026-05-28T15:46:20.530+0000] {subprocess.py:93} INFO - DATABASE  : metadata_db
[2026-05-28T15:46:20.531+0000] {subprocess.py:93} INFO - USERNAME  : teamuser
[2026-05-28T15:46:20.532+0000] {subprocess.py:93} INFO - ===================================
[2026-05-28T15:46:20.533+0000] {subprocess.py:93} INFO - 
[2026-05-28T15:46:20.534+0000] {subprocess.py:93} INFO - Connected to POSTGRES successfully.
[2026-05-28T15:46:20.534+0000] {subprocess.py:93} INFO - 
[2026-05-28T15:46:20.535+0000] {subprocess.py:93} INFO - Running pipeline: postgres_to_postgres_pipeline (db_to_db)
[2026-05-28T15:46:20.536+0000] {subprocess.py:93} INFO - 
[2026-05-28T15:46:20.537+0000] {subprocess.py:93} INFO - ===================================
[2026-05-28T15:46:20.537+0000] {subprocess.py:93} INFO - DATABASE CONNECTION CONFIG
[2026-05-28T15:46:20.538+0000] {subprocess.py:93} INFO - ===================================
[2026-05-28T15:46:20.539+0000] {subprocess.py:93} INFO - DB TYPE   : postgres
[2026-05-28T15:46:20.540+0000] {subprocess.py:93} INFO - HOST      : 15.135.192.199
[2026-05-28T15:46:20.540+0000] {subprocess.py:93} INFO - PORT      : 5432
[2026-05-28T15:46:20.541+0000] {subprocess.py:93} INFO - DATABASE  : udifdb
[2026-05-28T15:46:20.541+0000] {subprocess.py:93} INFO - USERNAME  : teamuser
[2026-05-28T15:46:20.542+0000] {subprocess.py:93} INFO - ===================================
[2026-05-28T15:46:20.542+0000] {subprocess.py:93} INFO - 
[2026-05-28T15:46:20.543+0000] {subprocess.py:93} INFO - Connected to POSTGRES successfully.
[2026-05-28T15:46:20.544+0000] {subprocess.py:93} INFO - Completed: 4653 rows processed
[2026-05-28T15:46:21.290+0000] {subprocess.py:97} INFO - Command exited with return code 0
[2026-05-28T15:46:21.291+0000] {taskinstance.py:441} INFO - ::group::Post task execution logs
[2026-05-28T15:46:21.327+0000] {taskinstance.py:1206} INFO - Marking task as SUCCESS. dag_id=dynamic_metadata_pipeline, task_id=run_pipeline_3, run_id=manual__2026-05-28T15:45:54.510038+00:00, execution_date=20260528T154554, start_date=20260528T154556, end_date=20260528T154621
[2026-05-28T15:46:21.412+0000] {local_task_job_runner.py:240} INFO - Task exited with return code 0
[2026-05-28T15:46:21.439+0000] {taskinstance.py:3498} INFO - 0 downstream tasks scheduled from follow-on schedule check
[2026-05-28T15:46:21.442+0000] {local_task_job_runner.py:222} INFO - ::endgroup::
