[2026-06-04T06:30:03.641+0000] {local_task_job_runner.py:120} INFO - ::group::Pre task execution logs
[2026-06-04T06:30:03.833+0000] {taskinstance.py:2076} INFO - Dependencies all met for dep_context=non-requeueable deps ti=<TaskInstance: postgres_to_s3_pipeline.run_pipeline_1 scheduled__2026-06-04T06:25:00+00:00 [queued]>
[2026-06-04T06:30:03.864+0000] {taskinstance.py:2076} INFO - Dependencies all met for dep_context=requeueable deps ti=<TaskInstance: postgres_to_s3_pipeline.run_pipeline_1 scheduled__2026-06-04T06:25:00+00:00 [queued]>
[2026-06-04T06:30:03.865+0000] {taskinstance.py:2306} INFO - Starting attempt 1 of 2
[2026-06-04T06:30:03.920+0000] {taskinstance.py:2330} INFO - Executing <Task(BashOperator): run_pipeline_1> on 2026-06-04 06:25:00+00:00
[2026-06-04T06:30:03.957+0000] {standard_task_runner.py:90} INFO - Running: ['***', 'tasks', 'run', 'postgres_to_s3_pipeline', 'run_pipeline_1', 'scheduled__2026-06-04T06:25:00+00:00', '--job-id', '226', '--raw', '--subdir', 'DAGS_FOLDER/dynamic_pipeline_generator.py', '--cfg-path', '/tmp/tmpnbx2xmcr']
[2026-06-04T06:30:03.962+0000] {logging_mixin.py:188} WARNING - /home/***/.local/lib/python3.12/site-packages/***/task/task_runner/standard_task_runner.py:61 DeprecationWarning: This process (pid=3479) is multi-threaded, use of fork() may lead to deadlocks in the child.
[2026-06-04T06:30:03.963+0000] {standard_task_runner.py:63} INFO - Started process 3501 to run task
[2026-06-04T06:30:03.962+0000] {standard_task_runner.py:91} INFO - Job 226: Subtask run_pipeline_1
[2026-06-04T06:30:04.171+0000] {task_command.py:426} INFO - Running <TaskInstance: postgres_to_s3_pipeline.run_pipeline_1 scheduled__2026-06-04T06:25:00+00:00 [running]> on host b044b6a9b6bd
[2026-06-04T06:30:04.535+0000] {taskinstance.py:2648} INFO - Exporting env vars: AIRFLOW_CTX_DAG_OWNER='subashri' AIRFLOW_CTX_DAG_ID='postgres_to_s3_pipeline' AIRFLOW_CTX_TASK_ID='run_pipeline_1' AIRFLOW_CTX_EXECUTION_DATE='2026-06-04T06:25:00+00:00' AIRFLOW_CTX_TRY_NUMBER='1' AIRFLOW_CTX_DAG_RUN_ID='scheduled__2026-06-04T06:25:00+00:00'
[2026-06-04T06:30:04.542+0000] {taskinstance.py:430} INFO - ::endgroup::
[2026-06-04T06:30:04.588+0000] {subprocess.py:63} INFO - Tmp dir root location: /tmp
[2026-06-04T06:30:04.591+0000] {subprocess.py:75} INFO - Running command: ['/usr/bin/bash', '-c', 'cd /opt/***/src && python main.py 1']
[2026-06-04T06:30:04.642+0000] {subprocess.py:86} INFO - Output:
[2026-06-04T06:30:23.409+0000] {subprocess.py:93} INFO - 
[2026-06-04T06:30:23.410+0000] {subprocess.py:93} INFO - ===================================
[2026-06-04T06:30:23.410+0000] {subprocess.py:93} INFO - DATABASE CONNECTION CONFIG
[2026-06-04T06:30:23.411+0000] {subprocess.py:93} INFO - ===================================
[2026-06-04T06:30:23.411+0000] {subprocess.py:93} INFO - DB TYPE   : postgres
[2026-06-04T06:30:23.412+0000] {subprocess.py:93} INFO - HOST      : 3.107.8.33
[2026-06-04T06:30:23.413+0000] {subprocess.py:93} INFO - PORT      : 5432
[2026-06-04T06:30:23.413+0000] {subprocess.py:93} INFO - DATABASE  : metadata_db
[2026-06-04T06:30:23.414+0000] {subprocess.py:93} INFO - USERNAME  : teamuser
[2026-06-04T06:30:23.414+0000] {subprocess.py:93} INFO - ===================================
[2026-06-04T06:30:23.415+0000] {subprocess.py:93} INFO - 
[2026-06-04T06:30:23.415+0000] {subprocess.py:93} INFO - Connected to POSTGRES successfully.
[2026-06-04T06:30:23.416+0000] {subprocess.py:93} INFO - 
[2026-06-04T06:30:23.417+0000] {subprocess.py:93} INFO - Running pipeline: postgres_to_s3_pipeline (db_to_storage)
[2026-06-04T06:30:23.417+0000] {subprocess.py:93} INFO - 
[2026-06-04T06:30:23.418+0000] {subprocess.py:93} INFO - ===================================
[2026-06-04T06:30:23.419+0000] {subprocess.py:93} INFO - DATABASE CONNECTION CONFIG
[2026-06-04T06:30:23.419+0000] {subprocess.py:93} INFO - ===================================
[2026-06-04T06:30:23.420+0000] {subprocess.py:93} INFO - DB TYPE   : postgres
[2026-06-04T06:30:23.421+0000] {subprocess.py:93} INFO - HOST      : 3.107.8.33
[2026-06-04T06:30:23.421+0000] {subprocess.py:93} INFO - PORT      : 5432
[2026-06-04T06:30:23.422+0000] {subprocess.py:93} INFO - DATABASE  : udifdb
[2026-06-04T06:30:23.422+0000] {subprocess.py:93} INFO - USERNAME  : teamuser
[2026-06-04T06:30:23.423+0000] {subprocess.py:93} INFO - ===================================
[2026-06-04T06:30:23.423+0000] {subprocess.py:93} INFO - 
[2026-06-04T06:30:23.424+0000] {subprocess.py:93} INFO - Connected to POSTGRES successfully.
[2026-06-04T06:30:23.424+0000] {subprocess.py:93} INFO - Completed: 4653 rows processed
[2026-06-04T06:30:23.706+0000] {subprocess.py:97} INFO - Command exited with return code 0
[2026-06-04T06:30:23.708+0000] {taskinstance.py:441} INFO - ::group::Post task execution logs
[2026-06-04T06:30:23.745+0000] {taskinstance.py:1206} INFO - Marking task as SUCCESS. dag_id=postgres_to_s3_pipeline, task_id=run_pipeline_1, run_id=scheduled__2026-06-04T06:25:00+00:00, execution_date=20260604T062500, start_date=20260604T063003, end_date=20260604T063023
[2026-06-04T06:30:23.789+0000] {local_task_job_runner.py:240} INFO - Task exited with return code 0
[2026-06-04T06:30:23.810+0000] {taskinstance.py:3498} INFO - 0 downstream tasks scheduled from follow-on schedule check
[2026-06-04T06:30:23.818+0000] {local_task_job_runner.py:222} INFO - ::endgroup::
