[2026-06-04T06:30:04.272+0000] {local_task_job_runner.py:120} INFO - ::group::Pre task execution logs
[2026-06-04T06:30:04.425+0000] {taskinstance.py:2076} INFO - Dependencies all met for dep_context=non-requeueable deps ti=<TaskInstance: local_to_s3_pipeline.run_pipeline_6 scheduled__2026-06-04T06:25:00+00:00 [queued]>
[2026-06-04T06:30:04.483+0000] {taskinstance.py:2076} INFO - Dependencies all met for dep_context=requeueable deps ti=<TaskInstance: local_to_s3_pipeline.run_pipeline_6 scheduled__2026-06-04T06:25:00+00:00 [queued]>
[2026-06-04T06:30:04.485+0000] {taskinstance.py:2306} INFO - Starting attempt 1 of 2
[2026-06-04T06:30:04.537+0000] {taskinstance.py:2330} INFO - Executing <Task(BashOperator): run_pipeline_6> on 2026-06-04 06:25:00+00:00
[2026-06-04T06:30:04.566+0000] {standard_task_runner.py:90} INFO - Running: ['***', 'tasks', 'run', 'local_to_s3_pipeline', 'run_pipeline_6', 'scheduled__2026-06-04T06:25:00+00:00', '--job-id', '230', '--raw', '--subdir', 'DAGS_FOLDER/dynamic_pipeline_generator.py', '--cfg-path', '/tmp/tmpgi9qryef']
[2026-06-04T06:30:04.575+0000] {standard_task_runner.py:91} INFO - Job 230: Subtask run_pipeline_6
[2026-06-04T06:30:04.600+0000] {logging_mixin.py:188} WARNING - /home/***/.local/lib/python3.12/site-packages/***/task/task_runner/standard_task_runner.py:61 DeprecationWarning: This process (pid=3484) is multi-threaded, use of fork() may lead to deadlocks in the child.
[2026-06-04T06:30:04.603+0000] {standard_task_runner.py:63} INFO - Started process 3503 to run task
[2026-06-04T06:30:04.737+0000] {task_command.py:426} INFO - Running <TaskInstance: local_to_s3_pipeline.run_pipeline_6 scheduled__2026-06-04T06:25:00+00:00 [running]> on host b044b6a9b6bd
[2026-06-04T06:30:05.048+0000] {taskinstance.py:2648} INFO - Exporting env vars: AIRFLOW_CTX_DAG_OWNER='subashri' AIRFLOW_CTX_DAG_ID='local_to_s3_pipeline' AIRFLOW_CTX_TASK_ID='run_pipeline_6' AIRFLOW_CTX_EXECUTION_DATE='2026-06-04T06:25:00+00:00' AIRFLOW_CTX_TRY_NUMBER='1' AIRFLOW_CTX_DAG_RUN_ID='scheduled__2026-06-04T06:25:00+00:00'
[2026-06-04T06:30:05.050+0000] {taskinstance.py:430} INFO - ::endgroup::
[2026-06-04T06:30:05.197+0000] {subprocess.py:63} INFO - Tmp dir root location: /tmp
[2026-06-04T06:30:05.205+0000] {subprocess.py:75} INFO - Running command: ['/usr/bin/bash', '-c', 'cd /opt/***/src && python main.py 6']
[2026-06-04T06:30:05.246+0000] {subprocess.py:86} INFO - Output:
[2026-06-04T06:30:25.087+0000] {subprocess.py:93} INFO - Using CPU. Note: This module is much faster with a GPU.
[2026-06-04T06:30:34.451+0000] {subprocess.py:97} INFO - Command exited with return code -9
[2026-06-04T06:30:34.630+0000] {taskinstance.py:441} INFO - ::group::Post task execution logs
[2026-06-04T06:30:35.237+0000] {taskinstance.py:2905} ERROR - Task failed with exception
Traceback (most recent call last):
  File "/home/airflow/.local/lib/python3.12/site-packages/airflow/models/taskinstance.py", line 465, in _execute_task
    result = _execute_callable(context=context, **execute_callable_kwargs)
             ^^^^^^^^^^^^^^^^^^^^^^^^^^^^^^^^^^^^^^^^^^^^^^^^^^^^^^^^^^^^^
  File "/home/airflow/.local/lib/python3.12/site-packages/airflow/models/taskinstance.py", line 432, in _execute_callable
    return execute_callable(context=context, **execute_callable_kwargs)
           ^^^^^^^^^^^^^^^^^^^^^^^^^^^^^^^^^^^^^^^^^^^^^^^^^^^^^^^^^^^^
  File "/home/airflow/.local/lib/python3.12/site-packages/airflow/models/baseoperator.py", line 400, in wrapper
    return func(self, *args, **kwargs)
           ^^^^^^^^^^^^^^^^^^^^^^^^^^^
  File "/home/airflow/.local/lib/python3.12/site-packages/airflow/operators/bash.py", line 243, in execute
    raise AirflowException(
airflow.exceptions.AirflowException: Bash command failed. The command returned a non-zero exit code -9.
[2026-06-04T06:30:35.341+0000] {taskinstance.py:1206} INFO - Marking task as UP_FOR_RETRY. dag_id=local_to_s3_pipeline, task_id=run_pipeline_6, run_id=scheduled__2026-06-04T06:25:00+00:00, execution_date=20260604T062500, start_date=20260604T063004, end_date=20260604T063035
[2026-06-04T06:30:35.654+0000] {standard_task_runner.py:110} ERROR - Failed to execute job 230 for task run_pipeline_6 (Bash command failed. The command returned a non-zero exit code -9.; 3503)
[2026-06-04T06:30:35.713+0000] {local_task_job_runner.py:240} INFO - Task exited with return code 1
[2026-06-04T06:30:36.003+0000] {taskinstance.py:3498} INFO - 0 downstream tasks scheduled from follow-on schedule check
[2026-06-04T06:30:36.010+0000] {local_task_job_runner.py:222} INFO - ::endgroup::
