[2026-06-04T07:10:03.911+0000] {local_task_job_runner.py:120} INFO - ::group::Pre task execution logs
[2026-06-04T07:10:04.159+0000] {taskinstance.py:2076} INFO - Dependencies all met for dep_context=non-requeueable deps ti=<TaskInstance: postgres_to_s3_pipeline.run_pipeline_1 scheduled__2026-06-04T07:05:00+00:00 [queued]>
[2026-06-04T07:10:04.199+0000] {taskinstance.py:2076} INFO - Dependencies all met for dep_context=requeueable deps ti=<TaskInstance: postgres_to_s3_pipeline.run_pipeline_1 scheduled__2026-06-04T07:05:00+00:00 [queued]>
[2026-06-04T07:10:04.202+0000] {taskinstance.py:2306} INFO - Starting attempt 1 of 2
[2026-06-04T07:10:04.263+0000] {taskinstance.py:2330} INFO - Executing <Task(BashOperator): run_pipeline_1> on 2026-06-04 07:05:00+00:00
[2026-06-04T07:10:04.316+0000] {standard_task_runner.py:90} INFO - Running: ['***', 'tasks', 'run', 'postgres_to_s3_pipeline', 'run_pipeline_1', 'scheduled__2026-06-04T07:05:00+00:00', '--job-id', '289', '--raw', '--subdir', 'DAGS_FOLDER/dynamic_pipeline_generator.py', '--cfg-path', '/tmp/tmpo3i7_v3v']
[2026-06-04T07:10:04.340+0000] {standard_task_runner.py:91} INFO - Job 289: Subtask run_pipeline_1
[2026-06-04T07:10:04.380+0000] {logging_mixin.py:188} WARNING - /home/***/.local/lib/python3.12/site-packages/***/task/task_runner/standard_task_runner.py:61 DeprecationWarning: This process (pid=5222) is multi-threaded, use of fork() may lead to deadlocks in the child.
[2026-06-04T07:10:04.386+0000] {standard_task_runner.py:63} INFO - Started process 5224 to run task
[2026-06-04T07:10:04.598+0000] {task_command.py:426} INFO - Running <TaskInstance: postgres_to_s3_pipeline.run_pipeline_1 scheduled__2026-06-04T07:05:00+00:00 [running]> on host b044b6a9b6bd
[2026-06-04T07:10:05.142+0000] {taskinstance.py:2648} INFO - Exporting env vars: AIRFLOW_CTX_DAG_OWNER='subashri' AIRFLOW_CTX_DAG_ID='postgres_to_s3_pipeline' AIRFLOW_CTX_TASK_ID='run_pipeline_1' AIRFLOW_CTX_EXECUTION_DATE='2026-06-04T07:05:00+00:00' AIRFLOW_CTX_TRY_NUMBER='1' AIRFLOW_CTX_DAG_RUN_ID='scheduled__2026-06-04T07:05:00+00:00'
[2026-06-04T07:10:05.152+0000] {taskinstance.py:430} INFO - ::endgroup::
[2026-06-04T07:10:05.335+0000] {subprocess.py:63} INFO - Tmp dir root location: /tmp
[2026-06-04T07:10:05.354+0000] {subprocess.py:75} INFO - Running command: ['/usr/bin/bash', '-c', 'cd /opt/***/src && python main.py 1']
[2026-06-04T07:10:05.484+0000] {subprocess.py:86} INFO - Output:
[2026-06-04T07:10:21.987+0000] {subprocess.py:93} INFO - 
[2026-06-04T07:10:21.988+0000] {subprocess.py:93} INFO - ===================================
[2026-06-04T07:10:21.989+0000] {subprocess.py:93} INFO - DATABASE CONNECTION CONFIG
[2026-06-04T07:10:21.990+0000] {subprocess.py:93} INFO - ===================================
[2026-06-04T07:10:21.992+0000] {subprocess.py:93} INFO - DB TYPE   : postgres
[2026-06-04T07:10:21.993+0000] {subprocess.py:93} INFO - HOST      : 3.107.8.33
[2026-06-04T07:10:21.994+0000] {subprocess.py:93} INFO - PORT      : 5432
[2026-06-04T07:10:21.995+0000] {subprocess.py:93} INFO - DATABASE  : metadata_db
[2026-06-04T07:10:21.996+0000] {subprocess.py:93} INFO - USERNAME  : teamuser
[2026-06-04T07:10:21.997+0000] {subprocess.py:93} INFO - ===================================
[2026-06-04T07:10:21.998+0000] {subprocess.py:93} INFO - 
[2026-06-04T07:10:21.999+0000] {subprocess.py:93} INFO - Connected to POSTGRES successfully.
[2026-06-04T07:10:22.001+0000] {subprocess.py:93} INFO - 
[2026-06-04T07:10:22.001+0000] {subprocess.py:93} INFO - Running pipeline: postgres_to_s3_pipeline (db_to_storage)
[2026-06-04T07:10:22.002+0000] {subprocess.py:93} INFO - 
[2026-06-04T07:10:22.003+0000] {subprocess.py:93} INFO - ===================================
[2026-06-04T07:10:22.005+0000] {subprocess.py:93} INFO - DATABASE CONNECTION CONFIG
[2026-06-04T07:10:22.006+0000] {subprocess.py:93} INFO - ===================================
[2026-06-04T07:10:22.007+0000] {subprocess.py:93} INFO - DB TYPE   : postgres
[2026-06-04T07:10:22.008+0000] {subprocess.py:93} INFO - HOST      : 3.107.8.33
[2026-06-04T07:10:22.009+0000] {subprocess.py:93} INFO - PORT      : 5432
[2026-06-04T07:10:22.010+0000] {subprocess.py:93} INFO - DATABASE  : udifdb
[2026-06-04T07:10:22.011+0000] {subprocess.py:93} INFO - USERNAME  : teamuser
[2026-06-04T07:10:22.012+0000] {subprocess.py:93} INFO - ===================================
[2026-06-04T07:10:22.013+0000] {subprocess.py:93} INFO - 
[2026-06-04T07:10:22.014+0000] {subprocess.py:93} INFO - Connected to POSTGRES successfully.
[2026-06-04T07:10:22.015+0000] {subprocess.py:93} INFO - Completed: 4653 rows processed
[2026-06-04T07:10:22.313+0000] {subprocess.py:97} INFO - Command exited with return code 0
[2026-06-04T07:10:22.315+0000] {taskinstance.py:441} INFO - ::group::Post task execution logs
[2026-06-04T07:10:22.362+0000] {taskinstance.py:1206} INFO - Marking task as SUCCESS. dag_id=postgres_to_s3_pipeline, task_id=run_pipeline_1, run_id=scheduled__2026-06-04T07:05:00+00:00, execution_date=20260604T070500, start_date=20260604T071004, end_date=20260604T071022
[2026-06-04T07:10:22.418+0000] {local_task_job_runner.py:240} INFO - Task exited with return code 0
[2026-06-04T07:10:22.446+0000] {taskinstance.py:3498} INFO - 0 downstream tasks scheduled from follow-on schedule check
[2026-06-04T07:10:22.451+0000] {local_task_job_runner.py:222} INFO - ::endgroup::
