[2026-06-01T09:35:02.582+0000] {local_task_job_runner.py:120} INFO - ::group::Pre task execution logs
[2026-06-01T09:35:02.620+0000] {taskinstance.py:2076} INFO - Dependencies all met for dep_context=non-requeueable deps ti=<TaskInstance: dynamic_metadata_pipeline.run_pipeline_1 scheduled__2026-06-01T09:30:00+00:00 [queued]>
[2026-06-01T09:35:02.632+0000] {taskinstance.py:2076} INFO - Dependencies all met for dep_context=requeueable deps ti=<TaskInstance: dynamic_metadata_pipeline.run_pipeline_1 scheduled__2026-06-01T09:30:00+00:00 [queued]>
[2026-06-01T09:35:02.633+0000] {taskinstance.py:2306} INFO - Starting attempt 1 of 2
[2026-06-01T09:35:02.650+0000] {taskinstance.py:2330} INFO - Executing <Task(BashOperator): run_pipeline_1> on 2026-06-01 09:30:00+00:00
[2026-06-01T09:35:02.658+0000] {standard_task_runner.py:90} INFO - Running: ['***', 'tasks', 'run', 'dynamic_metadata_pipeline', 'run_pipeline_1', 'scheduled__2026-06-01T09:30:00+00:00', '--job-id', '94', '--raw', '--subdir', 'DAGS_FOLDER/dynamic_pipeline_dag.py', '--cfg-path', '/tmp/tmp0wlzvzik']
[2026-06-01T09:35:02.663+0000] {standard_task_runner.py:91} INFO - Job 94: Subtask run_pipeline_1
[2026-06-01T09:35:02.663+0000] {logging_mixin.py:188} WARNING - /home/***/.local/lib/python3.12/site-packages/***/task/task_runner/standard_task_runner.py:61 DeprecationWarning: This process (pid=1844) is multi-threaded, use of fork() may lead to deadlocks in the child.
[2026-06-01T09:35:02.665+0000] {standard_task_runner.py:63} INFO - Started process 1849 to run task
[2026-06-01T09:35:02.731+0000] {task_command.py:426} INFO - Running <TaskInstance: dynamic_metadata_pipeline.run_pipeline_1 scheduled__2026-06-01T09:30:00+00:00 [running]> on host 1103cbeaed03
[2026-06-01T09:35:02.845+0000] {taskinstance.py:2648} INFO - Exporting env vars: AIRFLOW_CTX_DAG_OWNER='subashri' AIRFLOW_CTX_DAG_ID='dynamic_metadata_pipeline' AIRFLOW_CTX_TASK_ID='run_pipeline_1' AIRFLOW_CTX_EXECUTION_DATE='2026-06-01T09:30:00+00:00' AIRFLOW_CTX_TRY_NUMBER='1' AIRFLOW_CTX_DAG_RUN_ID='scheduled__2026-06-01T09:30:00+00:00'
[2026-06-01T09:35:02.848+0000] {taskinstance.py:430} INFO - ::endgroup::
[2026-06-01T09:35:02.874+0000] {subprocess.py:63} INFO - Tmp dir root location: /tmp
[2026-06-01T09:35:02.876+0000] {subprocess.py:75} INFO - Running command: ['/usr/bin/bash', '-c', 'cd /opt/***/src && python main.py 1']
[2026-06-01T09:35:02.887+0000] {subprocess.py:86} INFO - Output:
[2026-06-01T09:35:12.217+0000] {subprocess.py:93} INFO - 
[2026-06-01T09:35:12.218+0000] {subprocess.py:93} INFO - ===================================
[2026-06-01T09:35:12.219+0000] {subprocess.py:93} INFO - DATABASE CONNECTION CONFIG
[2026-06-01T09:35:12.219+0000] {subprocess.py:93} INFO - ===================================
[2026-06-01T09:35:12.220+0000] {subprocess.py:93} INFO - DB TYPE   : postgres
[2026-06-01T09:35:12.220+0000] {subprocess.py:93} INFO - HOST      : 3.107.8.33
[2026-06-01T09:35:12.221+0000] {subprocess.py:93} INFO - PORT      : 5432
[2026-06-01T09:35:12.221+0000] {subprocess.py:93} INFO - DATABASE  : metadata_db
[2026-06-01T09:35:12.222+0000] {subprocess.py:93} INFO - USERNAME  : teamuser
[2026-06-01T09:35:12.223+0000] {subprocess.py:93} INFO - ===================================
[2026-06-01T09:35:12.224+0000] {subprocess.py:93} INFO - 
[2026-06-01T09:35:12.224+0000] {subprocess.py:93} INFO - Connected to POSTGRES successfully.
[2026-06-01T09:35:12.225+0000] {subprocess.py:93} INFO - 
[2026-06-01T09:35:12.226+0000] {subprocess.py:93} INFO - Running pipeline: postgres_to_s3_pipeline (db_to_storage)
[2026-06-01T09:35:12.226+0000] {subprocess.py:93} INFO - 
[2026-06-01T09:35:12.227+0000] {subprocess.py:93} INFO - ===================================
[2026-06-01T09:35:12.228+0000] {subprocess.py:93} INFO - DATABASE CONNECTION CONFIG
[2026-06-01T09:35:12.228+0000] {subprocess.py:93} INFO - ===================================
[2026-06-01T09:35:12.229+0000] {subprocess.py:93} INFO - DB TYPE   : postgres
[2026-06-01T09:35:12.229+0000] {subprocess.py:93} INFO - HOST      : 3.107.8.33
[2026-06-01T09:35:12.230+0000] {subprocess.py:93} INFO - PORT      : 5432
[2026-06-01T09:35:12.231+0000] {subprocess.py:93} INFO - DATABASE  : udifdb
[2026-06-01T09:35:12.231+0000] {subprocess.py:93} INFO - USERNAME  : teamuser
[2026-06-01T09:35:12.232+0000] {subprocess.py:93} INFO - ===================================
[2026-06-01T09:35:12.232+0000] {subprocess.py:93} INFO - 
[2026-06-01T09:35:12.233+0000] {subprocess.py:93} INFO - Connected to POSTGRES successfully.
[2026-06-01T09:35:12.233+0000] {subprocess.py:93} INFO - Completed: 4653 rows processed
[2026-06-01T09:35:12.456+0000] {subprocess.py:97} INFO - Command exited with return code 0
[2026-06-01T09:35:12.457+0000] {taskinstance.py:441} INFO - ::group::Post task execution logs
[2026-06-01T09:35:12.486+0000] {taskinstance.py:1206} INFO - Marking task as SUCCESS. dag_id=dynamic_metadata_pipeline, task_id=run_pipeline_1, run_id=scheduled__2026-06-01T09:30:00+00:00, execution_date=20260601T093000, start_date=20260601T093502, end_date=20260601T093512
[2026-06-01T09:35:12.531+0000] {local_task_job_runner.py:240} INFO - Task exited with return code 0
[2026-06-01T09:35:12.550+0000] {taskinstance.py:3498} INFO - 0 downstream tasks scheduled from follow-on schedule check
[2026-06-01T09:35:12.553+0000] {local_task_job_runner.py:222} INFO - ::endgroup::
