[2026-06-04T07:00:04.732+0000] {local_task_job_runner.py:120} INFO - ::group::Pre task execution logs
[2026-06-04T07:00:04.953+0000] {taskinstance.py:2076} INFO - Dependencies all met for dep_context=non-requeueable deps ti=<TaskInstance: postgres_to_s3_pipeline.run_pipeline_1 scheduled__2026-06-04T06:55:00+00:00 [queued]>
[2026-06-04T07:00:05.014+0000] {taskinstance.py:2076} INFO - Dependencies all met for dep_context=requeueable deps ti=<TaskInstance: postgres_to_s3_pipeline.run_pipeline_1 scheduled__2026-06-04T06:55:00+00:00 [queued]>
[2026-06-04T07:00:05.016+0000] {taskinstance.py:2306} INFO - Starting attempt 1 of 2
[2026-06-04T07:00:05.095+0000] {taskinstance.py:2330} INFO - Executing <Task(BashOperator): run_pipeline_1> on 2026-06-04 06:55:00+00:00
[2026-06-04T07:00:05.168+0000] {standard_task_runner.py:90} INFO - Running: ['***', 'tasks', 'run', 'postgres_to_s3_pipeline', 'run_pipeline_1', 'scheduled__2026-06-04T06:55:00+00:00', '--job-id', '271', '--raw', '--subdir', 'DAGS_FOLDER/dynamic_pipeline_generator.py', '--cfg-path', '/tmp/tmpuwyrl00s']
[2026-06-04T07:00:05.198+0000] {standard_task_runner.py:91} INFO - Job 271: Subtask run_pipeline_1
[2026-06-04T07:00:05.378+0000] {logging_mixin.py:188} WARNING - /home/***/.local/lib/python3.12/site-packages/***/task/task_runner/standard_task_runner.py:61 DeprecationWarning: This process (pid=4810) is multi-threaded, use of fork() may lead to deadlocks in the child.
[2026-06-04T07:00:05.395+0000] {standard_task_runner.py:63} INFO - Started process 4814 to run task
[2026-06-04T07:00:05.619+0000] {task_command.py:426} INFO - Running <TaskInstance: postgres_to_s3_pipeline.run_pipeline_1 scheduled__2026-06-04T06:55:00+00:00 [running]> on host b044b6a9b6bd
[2026-06-04T07:00:06.212+0000] {taskinstance.py:2648} INFO - Exporting env vars: AIRFLOW_CTX_DAG_OWNER='subashri' AIRFLOW_CTX_DAG_ID='postgres_to_s3_pipeline' AIRFLOW_CTX_TASK_ID='run_pipeline_1' AIRFLOW_CTX_EXECUTION_DATE='2026-06-04T06:55:00+00:00' AIRFLOW_CTX_TRY_NUMBER='1' AIRFLOW_CTX_DAG_RUN_ID='scheduled__2026-06-04T06:55:00+00:00'
[2026-06-04T07:00:06.216+0000] {taskinstance.py:430} INFO - ::endgroup::
[2026-06-04T07:00:06.352+0000] {subprocess.py:63} INFO - Tmp dir root location: /tmp
[2026-06-04T07:00:06.361+0000] {subprocess.py:75} INFO - Running command: ['/usr/bin/bash', '-c', 'cd /opt/***/src && python main.py 1']
[2026-06-04T07:00:06.480+0000] {subprocess.py:86} INFO - Output:
[2026-06-04T07:00:24.887+0000] {subprocess.py:93} INFO - 
[2026-06-04T07:00:24.889+0000] {subprocess.py:93} INFO - ===================================
[2026-06-04T07:00:24.890+0000] {subprocess.py:93} INFO - DATABASE CONNECTION CONFIG
[2026-06-04T07:00:24.891+0000] {subprocess.py:93} INFO - ===================================
[2026-06-04T07:00:24.893+0000] {subprocess.py:93} INFO - DB TYPE   : postgres
[2026-06-04T07:00:24.894+0000] {subprocess.py:93} INFO - HOST      : 3.107.8.33
[2026-06-04T07:00:24.896+0000] {subprocess.py:93} INFO - PORT      : 5432
[2026-06-04T07:00:24.897+0000] {subprocess.py:93} INFO - DATABASE  : metadata_db
[2026-06-04T07:00:24.899+0000] {subprocess.py:93} INFO - USERNAME  : teamuser
[2026-06-04T07:00:24.900+0000] {subprocess.py:93} INFO - ===================================
[2026-06-04T07:00:24.901+0000] {subprocess.py:93} INFO - 
[2026-06-04T07:00:24.902+0000] {subprocess.py:93} INFO - Connected to POSTGRES successfully.
[2026-06-04T07:00:24.904+0000] {subprocess.py:93} INFO - 
[2026-06-04T07:00:24.905+0000] {subprocess.py:93} INFO - Running pipeline: postgres_to_s3_pipeline (db_to_storage)
[2026-06-04T07:00:24.906+0000] {subprocess.py:93} INFO - 
[2026-06-04T07:00:24.908+0000] {subprocess.py:93} INFO - ===================================
[2026-06-04T07:00:24.909+0000] {subprocess.py:93} INFO - DATABASE CONNECTION CONFIG
[2026-06-04T07:00:24.911+0000] {subprocess.py:93} INFO - ===================================
[2026-06-04T07:00:24.912+0000] {subprocess.py:93} INFO - DB TYPE   : postgres
[2026-06-04T07:00:24.913+0000] {subprocess.py:93} INFO - HOST      : 3.107.8.33
[2026-06-04T07:00:24.914+0000] {subprocess.py:93} INFO - PORT      : 5432
[2026-06-04T07:00:24.916+0000] {subprocess.py:93} INFO - DATABASE  : udifdb
[2026-06-04T07:00:24.917+0000] {subprocess.py:93} INFO - USERNAME  : teamuser
[2026-06-04T07:00:24.919+0000] {subprocess.py:93} INFO - ===================================
[2026-06-04T07:00:24.920+0000] {subprocess.py:93} INFO - 
[2026-06-04T07:00:24.922+0000] {subprocess.py:93} INFO - Connected to POSTGRES successfully.
[2026-06-04T07:00:24.923+0000] {subprocess.py:93} INFO - Completed: 4653 rows processed
[2026-06-04T07:00:25.279+0000] {subprocess.py:97} INFO - Command exited with return code 0
[2026-06-04T07:00:25.291+0000] {taskinstance.py:441} INFO - ::group::Post task execution logs
[2026-06-04T07:00:25.350+0000] {taskinstance.py:1206} INFO - Marking task as SUCCESS. dag_id=postgres_to_s3_pipeline, task_id=run_pipeline_1, run_id=scheduled__2026-06-04T06:55:00+00:00, execution_date=20260604T065500, start_date=20260604T070004, end_date=20260604T070025
[2026-06-04T07:00:25.403+0000] {local_task_job_runner.py:240} INFO - Task exited with return code 0
[2026-06-04T07:00:25.436+0000] {taskinstance.py:3498} INFO - 0 downstream tasks scheduled from follow-on schedule check
[2026-06-04T07:00:25.440+0000] {local_task_job_runner.py:222} INFO - ::endgroup::
