[2026-06-04T06:30:04.308+0000] {local_task_job_runner.py:120} INFO - ::group::Pre task execution logs
[2026-06-04T06:30:04.478+0000] {taskinstance.py:2076} INFO - Dependencies all met for dep_context=non-requeueable deps ti=<TaskInstance: postgres_to_local_pipeline.run_pipeline_2 scheduled__2026-06-04T06:25:00+00:00 [queued]>
[2026-06-04T06:30:04.514+0000] {taskinstance.py:2076} INFO - Dependencies all met for dep_context=requeueable deps ti=<TaskInstance: postgres_to_local_pipeline.run_pipeline_2 scheduled__2026-06-04T06:25:00+00:00 [queued]>
[2026-06-04T06:30:04.518+0000] {taskinstance.py:2306} INFO - Starting attempt 1 of 2
[2026-06-04T06:30:04.589+0000] {taskinstance.py:2330} INFO - Executing <Task(BashOperator): run_pipeline_2> on 2026-06-04 06:25:00+00:00
[2026-06-04T06:30:04.644+0000] {standard_task_runner.py:90} INFO - Running: ['***', 'tasks', 'run', 'postgres_to_local_pipeline', 'run_pipeline_2', 'scheduled__2026-06-04T06:25:00+00:00', '--job-id', '229', '--raw', '--subdir', 'DAGS_FOLDER/dynamic_pipeline_generator.py', '--cfg-path', '/tmp/tmpu04wlxsw']
[2026-06-04T06:30:04.651+0000] {standard_task_runner.py:91} INFO - Job 229: Subtask run_pipeline_2
[2026-06-04T06:30:04.663+0000] {logging_mixin.py:188} WARNING - /home/***/.local/lib/python3.12/site-packages/***/task/task_runner/standard_task_runner.py:61 DeprecationWarning: This process (pid=3482) is multi-threaded, use of fork() may lead to deadlocks in the child.
[2026-06-04T06:30:04.666+0000] {standard_task_runner.py:63} INFO - Started process 3508 to run task
[2026-06-04T06:30:04.812+0000] {task_command.py:426} INFO - Running <TaskInstance: postgres_to_local_pipeline.run_pipeline_2 scheduled__2026-06-04T06:25:00+00:00 [running]> on host b044b6a9b6bd
[2026-06-04T06:30:05.082+0000] {taskinstance.py:2648} INFO - Exporting env vars: AIRFLOW_CTX_DAG_OWNER='subashri' AIRFLOW_CTX_DAG_ID='postgres_to_local_pipeline' AIRFLOW_CTX_TASK_ID='run_pipeline_2' AIRFLOW_CTX_EXECUTION_DATE='2026-06-04T06:25:00+00:00' AIRFLOW_CTX_TRY_NUMBER='1' AIRFLOW_CTX_DAG_RUN_ID='scheduled__2026-06-04T06:25:00+00:00'
[2026-06-04T06:30:05.087+0000] {taskinstance.py:430} INFO - ::endgroup::
[2026-06-04T06:30:05.199+0000] {subprocess.py:63} INFO - Tmp dir root location: /tmp
[2026-06-04T06:30:05.207+0000] {subprocess.py:75} INFO - Running command: ['/usr/bin/bash', '-c', 'cd /opt/***/src && python main.py 2']
[2026-06-04T06:30:05.254+0000] {subprocess.py:86} INFO - Output:
[2026-06-04T06:30:18.154+0000] {subprocess.py:93} INFO - 
[2026-06-04T06:30:18.160+0000] {subprocess.py:93} INFO - ===================================
[2026-06-04T06:30:18.163+0000] {subprocess.py:93} INFO - DATABASE CONNECTION CONFIG
[2026-06-04T06:30:18.170+0000] {subprocess.py:93} INFO - ===================================
[2026-06-04T06:30:18.172+0000] {subprocess.py:93} INFO - DB TYPE   : postgres
[2026-06-04T06:30:18.179+0000] {subprocess.py:93} INFO - HOST      : 3.107.8.33
[2026-06-04T06:30:18.180+0000] {subprocess.py:93} INFO - PORT      : 5432
[2026-06-04T06:30:18.193+0000] {subprocess.py:93} INFO - DATABASE  : metadata_db
[2026-06-04T06:30:18.199+0000] {subprocess.py:93} INFO - USERNAME  : teamuser
[2026-06-04T06:30:18.200+0000] {subprocess.py:93} INFO - ===================================
[2026-06-04T06:30:18.201+0000] {subprocess.py:93} INFO - 
[2026-06-04T06:30:18.202+0000] {subprocess.py:93} INFO - Connected to POSTGRES successfully.
[2026-06-04T06:30:18.202+0000] {subprocess.py:93} INFO - 
[2026-06-04T06:30:18.203+0000] {subprocess.py:93} INFO - Running pipeline: postgres_to_local_pipeline (db_to_storage)
[2026-06-04T06:30:18.204+0000] {subprocess.py:93} INFO - 
[2026-06-04T06:30:18.204+0000] {subprocess.py:93} INFO - ===================================
[2026-06-04T06:30:18.205+0000] {subprocess.py:93} INFO - DATABASE CONNECTION CONFIG
[2026-06-04T06:30:18.213+0000] {subprocess.py:93} INFO - ===================================
[2026-06-04T06:30:18.223+0000] {subprocess.py:93} INFO - DB TYPE   : postgres
[2026-06-04T06:30:18.228+0000] {subprocess.py:93} INFO - HOST      : 3.107.8.33
[2026-06-04T06:30:18.237+0000] {subprocess.py:93} INFO - PORT      : 5432
[2026-06-04T06:30:18.242+0000] {subprocess.py:93} INFO - DATABASE  : udifdb
[2026-06-04T06:30:18.244+0000] {subprocess.py:93} INFO - USERNAME  : teamuser
[2026-06-04T06:30:18.247+0000] {subprocess.py:93} INFO - ===================================
[2026-06-04T06:30:18.250+0000] {subprocess.py:93} INFO - 
[2026-06-04T06:30:18.252+0000] {subprocess.py:93} INFO - Connected to POSTGRES successfully.
[2026-06-04T06:30:18.253+0000] {subprocess.py:93} INFO - Completed: 4653 rows processed
[2026-06-04T06:30:18.564+0000] {subprocess.py:97} INFO - Command exited with return code 0
[2026-06-04T06:30:18.569+0000] {taskinstance.py:441} INFO - ::group::Post task execution logs
[2026-06-04T06:30:18.676+0000] {taskinstance.py:1206} INFO - Marking task as SUCCESS. dag_id=postgres_to_local_pipeline, task_id=run_pipeline_2, run_id=scheduled__2026-06-04T06:25:00+00:00, execution_date=20260604T062500, start_date=20260604T063004, end_date=20260604T063018
[2026-06-04T06:30:19.071+0000] {local_task_job_runner.py:240} INFO - Task exited with return code 0
[2026-06-04T06:30:19.129+0000] {taskinstance.py:3498} INFO - 0 downstream tasks scheduled from follow-on schedule check
[2026-06-04T06:30:19.142+0000] {local_task_job_runner.py:222} INFO - ::endgroup::
