[2026-06-04T06:50:05.226+0000] {local_task_job_runner.py:120} INFO - ::group::Pre task execution logs
[2026-06-04T06:50:05.309+0000] {taskinstance.py:2076} INFO - Dependencies all met for dep_context=non-requeueable deps ti=<TaskInstance: local_to_s3_pipeline.run_pipeline_6 scheduled__2026-06-04T06:45:00+00:00 [queued]>
[2026-06-04T06:50:05.335+0000] {taskinstance.py:2076} INFO - Dependencies all met for dep_context=requeueable deps ti=<TaskInstance: local_to_s3_pipeline.run_pipeline_6 scheduled__2026-06-04T06:45:00+00:00 [queued]>
[2026-06-04T06:50:05.337+0000] {taskinstance.py:2306} INFO - Starting attempt 1 of 2
[2026-06-04T06:50:05.382+0000] {taskinstance.py:2330} INFO - Executing <Task(BashOperator): run_pipeline_6> on 2026-06-04 06:45:00+00:00
[2026-06-04T06:50:05.412+0000] {standard_task_runner.py:90} INFO - Running: ['***', 'tasks', 'run', 'local_to_s3_pipeline', 'run_pipeline_6', 'scheduled__2026-06-04T06:45:00+00:00', '--job-id', '258', '--raw', '--subdir', 'DAGS_FOLDER/dynamic_pipeline_generator.py', '--cfg-path', '/tmp/tmph_eoqueg']
[2026-06-04T06:50:05.427+0000] {standard_task_runner.py:91} INFO - Job 258: Subtask run_pipeline_6
[2026-06-04T06:50:05.460+0000] {logging_mixin.py:188} WARNING - /home/***/.local/lib/python3.12/site-packages/***/task/task_runner/standard_task_runner.py:61 DeprecationWarning: This process (pid=4401) is multi-threaded, use of fork() may lead to deadlocks in the child.
[2026-06-04T06:50:05.465+0000] {standard_task_runner.py:63} INFO - Started process 4408 to run task
[2026-06-04T06:50:05.627+0000] {task_command.py:426} INFO - Running <TaskInstance: local_to_s3_pipeline.run_pipeline_6 scheduled__2026-06-04T06:45:00+00:00 [running]> on host b044b6a9b6bd
[2026-06-04T06:50:06.075+0000] {taskinstance.py:2648} INFO - Exporting env vars: AIRFLOW_CTX_DAG_OWNER='subashri' AIRFLOW_CTX_DAG_ID='local_to_s3_pipeline' AIRFLOW_CTX_TASK_ID='run_pipeline_6' AIRFLOW_CTX_EXECUTION_DATE='2026-06-04T06:45:00+00:00' AIRFLOW_CTX_TRY_NUMBER='1' AIRFLOW_CTX_DAG_RUN_ID='scheduled__2026-06-04T06:45:00+00:00'
[2026-06-04T06:50:06.084+0000] {taskinstance.py:430} INFO - ::endgroup::
[2026-06-04T06:50:06.167+0000] {subprocess.py:63} INFO - Tmp dir root location: /tmp
[2026-06-04T06:50:06.175+0000] {subprocess.py:75} INFO - Running command: ['/usr/bin/bash', '-c', 'cd /opt/***/src && python main.py 6']
[2026-06-04T06:50:06.242+0000] {subprocess.py:86} INFO - Output:
[2026-06-04T06:50:31.187+0000] {subprocess.py:93} INFO - Using CPU. Note: This module is much faster with a GPU.
[2026-06-04T06:52:43.271+0000] {subprocess.py:93} INFO - /home/***/.local/lib/python3.12/site-packages/torch/utils/data/dataloader.py:752: UserWarning: 'pin_memory' argument is set as true but no accelerator is found, then device pinned memory won't be used.
[2026-06-04T06:52:43.277+0000] {subprocess.py:93} INFO -   super().__init__(loader)
[2026-06-04T06:53:29.022+0000] {subprocess.py:93} INFO - 
[2026-06-04T06:53:29.023+0000] {subprocess.py:93} INFO - ===================================
[2026-06-04T06:53:29.024+0000] {subprocess.py:93} INFO - DATABASE CONNECTION CONFIG
[2026-06-04T06:53:29.025+0000] {subprocess.py:93} INFO - ===================================
[2026-06-04T06:53:29.025+0000] {subprocess.py:93} INFO - DB TYPE   : postgres
[2026-06-04T06:53:29.026+0000] {subprocess.py:93} INFO - HOST      : 3.107.8.33
[2026-06-04T06:53:29.027+0000] {subprocess.py:93} INFO - PORT      : 5432
[2026-06-04T06:53:29.027+0000] {subprocess.py:93} INFO - DATABASE  : metadata_db
[2026-06-04T06:53:29.029+0000] {subprocess.py:93} INFO - USERNAME  : teamuser
[2026-06-04T06:53:29.030+0000] {subprocess.py:93} INFO - ===================================
[2026-06-04T06:53:29.030+0000] {subprocess.py:93} INFO - 
[2026-06-04T06:53:29.031+0000] {subprocess.py:93} INFO - Connected to POSTGRES successfully.
[2026-06-04T06:53:29.032+0000] {subprocess.py:93} INFO - 
[2026-06-04T06:53:29.033+0000] {subprocess.py:93} INFO - Running pipeline: local_to_s3_pipeline (storage_to_storage)
[2026-06-04T06:53:29.034+0000] {subprocess.py:93} INFO - Processing file: customer (2 rows)
[2026-06-04T06:53:29.035+0000] {subprocess.py:93} INFO - Processing file: data pic1 (91 rows)
[2026-06-04T06:53:29.036+0000] {subprocess.py:93} INFO - Processing file: employee (20 rows)
[2026-06-04T06:53:29.037+0000] {subprocess.py:93} INFO - Processing file: employee_data (100 rows)
[2026-06-04T06:53:29.037+0000] {subprocess.py:93} INFO - Processing file: sample (2 rows)
[2026-06-04T06:53:29.038+0000] {subprocess.py:93} INFO - Processing file: word (12 rows)
[2026-06-04T06:53:29.039+0000] {subprocess.py:93} INFO - Processed total rows: 227
[2026-06-04T06:53:29.040+0000] {subprocess.py:93} INFO - Completed: 227 rows processed
[2026-06-04T06:53:31.585+0000] {subprocess.py:97} INFO - Command exited with return code 0
[2026-06-04T06:53:31.592+0000] {taskinstance.py:441} INFO - ::group::Post task execution logs
[2026-06-04T06:53:31.650+0000] {taskinstance.py:1206} INFO - Marking task as SUCCESS. dag_id=local_to_s3_pipeline, task_id=run_pipeline_6, run_id=scheduled__2026-06-04T06:45:00+00:00, execution_date=20260604T064500, start_date=20260604T065005, end_date=20260604T065331
[2026-06-04T06:53:31.730+0000] {local_task_job_runner.py:240} INFO - Task exited with return code 0
[2026-06-04T06:53:31.758+0000] {taskinstance.py:3498} INFO - 0 downstream tasks scheduled from follow-on schedule check
[2026-06-04T06:53:31.763+0000] {local_task_job_runner.py:222} INFO - ::endgroup::
