[2026-06-03T13:12:15.731+0000] {local_task_job_runner.py:120} INFO - ::group::Pre task execution logs
[2026-06-03T13:12:15.772+0000] {taskinstance.py:2076} INFO - Dependencies all met for dep_context=non-requeueable deps ti=<TaskInstance: dynamic_metadata_pipeline.run_pipeline_5 manual__2026-06-03T13:06:46.724541+00:00 [queued]>
[2026-06-03T13:12:15.788+0000] {taskinstance.py:2076} INFO - Dependencies all met for dep_context=requeueable deps ti=<TaskInstance: dynamic_metadata_pipeline.run_pipeline_5 manual__2026-06-03T13:06:46.724541+00:00 [queued]>
[2026-06-03T13:12:15.793+0000] {taskinstance.py:2306} INFO - Starting attempt 2 of 2
[2026-06-03T13:12:15.834+0000] {taskinstance.py:2330} INFO - Executing <Task(BashOperator): run_pipeline_5> on 2026-06-03 13:06:46.724541+00:00
[2026-06-03T13:12:15.866+0000] {logging_mixin.py:188} WARNING - /home/***/.local/lib/python3.12/site-packages/***/task/task_runner/standard_task_runner.py:61 DeprecationWarning: This process (pid=2595) is multi-threaded, use of fork() may lead to deadlocks in the child.
[2026-06-03T13:12:15.854+0000] {standard_task_runner.py:90} INFO - Running: ['***', 'tasks', 'run', 'dynamic_metadata_pipeline', 'run_pipeline_5', 'manual__2026-06-03T13:06:46.724541+00:00', '--job-id', '159', '--raw', '--subdir', 'DAGS_FOLDER/dynamic_pipeline_dag.py', '--cfg-path', '/tmp/tmp8irtxvyg']
[2026-06-03T13:12:15.871+0000] {standard_task_runner.py:63} INFO - Started process 2601 to run task
[2026-06-03T13:12:15.874+0000] {standard_task_runner.py:91} INFO - Job 159: Subtask run_pipeline_5
[2026-06-03T13:12:15.955+0000] {task_command.py:426} INFO - Running <TaskInstance: dynamic_metadata_pipeline.run_pipeline_5 manual__2026-06-03T13:06:46.724541+00:00 [running]> on host c3bf940c8326
[2026-06-03T13:12:16.179+0000] {taskinstance.py:2648} INFO - Exporting env vars: AIRFLOW_CTX_DAG_OWNER='subashri' AIRFLOW_CTX_DAG_ID='dynamic_metadata_pipeline' AIRFLOW_CTX_TASK_ID='run_pipeline_5' AIRFLOW_CTX_EXECUTION_DATE='2026-06-03T13:06:46.724541+00:00' AIRFLOW_CTX_TRY_NUMBER='2' AIRFLOW_CTX_DAG_RUN_ID='manual__2026-06-03T13:06:46.724541+00:00'
[2026-06-03T13:12:16.181+0000] {taskinstance.py:430} INFO - ::endgroup::
[2026-06-03T13:12:16.211+0000] {subprocess.py:63} INFO - Tmp dir root location: /tmp
[2026-06-03T13:12:16.219+0000] {subprocess.py:75} INFO - Running command: ['/usr/bin/bash', '-c', 'cd /opt/***/src && python main.py 5']
[2026-06-03T13:12:16.237+0000] {subprocess.py:86} INFO - Output:
[2026-06-03T13:12:39.054+0000] {subprocess.py:93} INFO - 
[2026-06-03T13:12:39.056+0000] {subprocess.py:93} INFO - ===================================
[2026-06-03T13:12:39.057+0000] {subprocess.py:93} INFO - DATABASE CONNECTION CONFIG
[2026-06-03T13:12:39.058+0000] {subprocess.py:93} INFO - ===================================
[2026-06-03T13:12:39.060+0000] {subprocess.py:93} INFO - DB TYPE   : postgres
[2026-06-03T13:12:39.061+0000] {subprocess.py:93} INFO - HOST      : 3.107.8.33
[2026-06-03T13:12:39.062+0000] {subprocess.py:93} INFO - PORT      : 5432
[2026-06-03T13:12:39.063+0000] {subprocess.py:93} INFO - DATABASE  : metadata_db
[2026-06-03T13:12:39.064+0000] {subprocess.py:93} INFO - USERNAME  : teamuser
[2026-06-03T13:12:39.065+0000] {subprocess.py:93} INFO - ===================================
[2026-06-03T13:12:39.065+0000] {subprocess.py:93} INFO - 
[2026-06-03T13:12:39.066+0000] {subprocess.py:93} INFO - Connected to POSTGRES successfully.
[2026-06-03T13:12:39.066+0000] {subprocess.py:93} INFO - 
[2026-06-03T13:12:39.067+0000] {subprocess.py:93} INFO - Running pipeline: s3_to_postgres_pipeline (storage_to_db)
[2026-06-03T13:12:39.068+0000] {subprocess.py:93} INFO - Loading table: customer_feb (120 rows)
[2026-06-03T13:12:39.068+0000] {subprocess.py:93} INFO - Loading table: customer_jan (100 rows)
[2026-06-03T13:12:39.069+0000] {subprocess.py:93} INFO - Loading table: customer_march (150 rows)
[2026-06-03T13:12:39.070+0000] {subprocess.py:93} INFO - Processed total rows: 370
[2026-06-03T13:12:39.070+0000] {subprocess.py:93} INFO - Completed: 370 rows processed
[2026-06-03T13:12:39.277+0000] {subprocess.py:97} INFO - Command exited with return code 0
[2026-06-03T13:12:39.279+0000] {taskinstance.py:441} INFO - ::group::Post task execution logs
[2026-06-03T13:12:39.314+0000] {taskinstance.py:1206} INFO - Marking task as SUCCESS. dag_id=dynamic_metadata_pipeline, task_id=run_pipeline_5, run_id=manual__2026-06-03T13:06:46.724541+00:00, execution_date=20260603T130646, start_date=20260603T131215, end_date=20260603T131239
[2026-06-03T13:12:39.372+0000] {local_task_job_runner.py:240} INFO - Task exited with return code 0
[2026-06-03T13:12:39.400+0000] {taskinstance.py:3498} INFO - 0 downstream tasks scheduled from follow-on schedule check
[2026-06-03T13:12:39.405+0000] {local_task_job_runner.py:222} INFO - ::endgroup::
