[2026-06-04T04:35:02.383+0000] {local_task_job_runner.py:120} INFO - ::group::Pre task execution logs
[2026-06-04T04:35:02.411+0000] {taskinstance.py:2076} INFO - Dependencies all met for dep_context=non-requeueable deps ti=<TaskInstance: postgres_to_local_pipeline.run_pipeline_2 scheduled__2026-06-04T04:30:00+00:00 [queued]>
[2026-06-04T04:35:02.420+0000] {taskinstance.py:2076} INFO - Dependencies all met for dep_context=requeueable deps ti=<TaskInstance: postgres_to_local_pipeline.run_pipeline_2 scheduled__2026-06-04T04:30:00+00:00 [queued]>
[2026-06-04T04:35:02.421+0000] {taskinstance.py:2306} INFO - Starting attempt 1 of 2
[2026-06-04T04:35:02.435+0000] {taskinstance.py:2330} INFO - Executing <Task(BashOperator): run_pipeline_2> on 2026-06-04 04:30:00+00:00
[2026-06-04T04:35:02.441+0000] {standard_task_runner.py:90} INFO - Running: ['***', 'tasks', 'run', 'postgres_to_local_pipeline', 'run_pipeline_2', 'scheduled__2026-06-04T04:30:00+00:00', '--job-id', '199', '--raw', '--subdir', 'DAGS_FOLDER/dynamic_pipeline_generator.py', '--cfg-path', '/tmp/tmpp6tvx5uw']
[2026-06-04T04:35:02.445+0000] {standard_task_runner.py:91} INFO - Job 199: Subtask run_pipeline_2
[2026-06-04T04:35:02.445+0000] {logging_mixin.py:188} WARNING - /home/***/.local/lib/python3.12/site-packages/***/task/task_runner/standard_task_runner.py:61 DeprecationWarning: This process (pid=969) is multi-threaded, use of fork() may lead to deadlocks in the child.
[2026-06-04T04:35:02.445+0000] {standard_task_runner.py:63} INFO - Started process 970 to run task
[2026-06-04T04:35:02.494+0000] {task_command.py:426} INFO - Running <TaskInstance: postgres_to_local_pipeline.run_pipeline_2 scheduled__2026-06-04T04:30:00+00:00 [running]> on host b044b6a9b6bd
[2026-06-04T04:35:02.582+0000] {taskinstance.py:2648} INFO - Exporting env vars: AIRFLOW_CTX_DAG_OWNER='subashri' AIRFLOW_CTX_DAG_ID='postgres_to_local_pipeline' AIRFLOW_CTX_TASK_ID='run_pipeline_2' AIRFLOW_CTX_EXECUTION_DATE='2026-06-04T04:30:00+00:00' AIRFLOW_CTX_TRY_NUMBER='1' AIRFLOW_CTX_DAG_RUN_ID='scheduled__2026-06-04T04:30:00+00:00'
[2026-06-04T04:35:02.583+0000] {taskinstance.py:430} INFO - ::endgroup::
[2026-06-04T04:35:02.600+0000] {subprocess.py:63} INFO - Tmp dir root location: /tmp
[2026-06-04T04:35:02.602+0000] {subprocess.py:75} INFO - Running command: ['/usr/bin/bash', '-c', 'cd /opt/***/src && python main.py 2']
[2026-06-04T04:35:02.609+0000] {subprocess.py:86} INFO - Output:
[2026-06-04T04:35:15.646+0000] {subprocess.py:93} INFO - 
[2026-06-04T04:35:15.648+0000] {subprocess.py:93} INFO - ===================================
[2026-06-04T04:35:15.650+0000] {subprocess.py:93} INFO - DATABASE CONNECTION CONFIG
[2026-06-04T04:35:15.651+0000] {subprocess.py:93} INFO - ===================================
[2026-06-04T04:35:15.652+0000] {subprocess.py:93} INFO - DB TYPE   : postgres
[2026-06-04T04:35:15.653+0000] {subprocess.py:93} INFO - HOST      : 3.107.8.33
[2026-06-04T04:35:15.653+0000] {subprocess.py:93} INFO - PORT      : 5432
[2026-06-04T04:35:15.655+0000] {subprocess.py:93} INFO - DATABASE  : metadata_db
[2026-06-04T04:35:15.656+0000] {subprocess.py:93} INFO - USERNAME  : teamuser
[2026-06-04T04:35:15.656+0000] {subprocess.py:93} INFO - ===================================
[2026-06-04T04:35:15.657+0000] {subprocess.py:93} INFO - 
[2026-06-04T04:35:15.658+0000] {subprocess.py:93} INFO - Connected to POSTGRES successfully.
[2026-06-04T04:35:15.659+0000] {subprocess.py:93} INFO - 
[2026-06-04T04:35:15.660+0000] {subprocess.py:93} INFO - Running pipeline: postgres_to_local_pipeline (db_to_storage)
[2026-06-04T04:35:15.660+0000] {subprocess.py:93} INFO - 
[2026-06-04T04:35:15.661+0000] {subprocess.py:93} INFO - ===================================
[2026-06-04T04:35:15.662+0000] {subprocess.py:93} INFO - DATABASE CONNECTION CONFIG
[2026-06-04T04:35:15.663+0000] {subprocess.py:93} INFO - ===================================
[2026-06-04T04:35:15.664+0000] {subprocess.py:93} INFO - DB TYPE   : postgres
[2026-06-04T04:35:15.664+0000] {subprocess.py:93} INFO - HOST      : 3.107.8.33
[2026-06-04T04:35:15.665+0000] {subprocess.py:93} INFO - PORT      : 5432
[2026-06-04T04:35:15.666+0000] {subprocess.py:93} INFO - DATABASE  : udifdb
[2026-06-04T04:35:15.666+0000] {subprocess.py:93} INFO - USERNAME  : teamuser
[2026-06-04T04:35:15.667+0000] {subprocess.py:93} INFO - ===================================
[2026-06-04T04:35:15.667+0000] {subprocess.py:93} INFO - 
[2026-06-04T04:35:15.668+0000] {subprocess.py:93} INFO - Connected to POSTGRES successfully.
[2026-06-04T04:35:15.668+0000] {subprocess.py:93} INFO - Completed: 4653 rows processed
[2026-06-04T04:35:15.811+0000] {subprocess.py:97} INFO - Command exited with return code 0
[2026-06-04T04:35:15.813+0000] {taskinstance.py:441} INFO - ::group::Post task execution logs
[2026-06-04T04:35:15.848+0000] {taskinstance.py:1206} INFO - Marking task as SUCCESS. dag_id=postgres_to_local_pipeline, task_id=run_pipeline_2, run_id=scheduled__2026-06-04T04:30:00+00:00, execution_date=20260604T043000, start_date=20260604T043502, end_date=20260604T043515
[2026-06-04T04:35:15.870+0000] {local_task_job_runner.py:240} INFO - Task exited with return code 0
[2026-06-04T04:35:15.885+0000] {taskinstance.py:3498} INFO - 0 downstream tasks scheduled from follow-on schedule check
[2026-06-04T04:35:15.889+0000] {local_task_job_runner.py:222} INFO - ::endgroup::
