[2026-06-04T04:20:02.752+0000] {local_task_job_runner.py:120} INFO - ::group::Pre task execution logs
[2026-06-04T04:20:02.784+0000] {taskinstance.py:2076} INFO - Dependencies all met for dep_context=non-requeueable deps ti=<TaskInstance: postgres_to_local_pipeline.run_pipeline_2 scheduled__2026-06-04T04:15:00+00:00 [queued]>
[2026-06-04T04:20:02.794+0000] {taskinstance.py:2076} INFO - Dependencies all met for dep_context=requeueable deps ti=<TaskInstance: postgres_to_local_pipeline.run_pipeline_2 scheduled__2026-06-04T04:15:00+00:00 [queued]>
[2026-06-04T04:20:02.795+0000] {taskinstance.py:2306} INFO - Starting attempt 1 of 2
[2026-06-04T04:20:02.810+0000] {taskinstance.py:2330} INFO - Executing <Task(BashOperator): run_pipeline_2> on 2026-06-04 04:15:00+00:00
[2026-06-04T04:20:02.817+0000] {standard_task_runner.py:90} INFO - Running: ['***', 'tasks', 'run', 'postgres_to_local_pipeline', 'run_pipeline_2', 'scheduled__2026-06-04T04:15:00+00:00', '--job-id', '196', '--raw', '--subdir', 'DAGS_FOLDER/dynamic_pipeline_generator.py', '--cfg-path', '/tmp/tmphm9mck_i']
[2026-06-04T04:20:02.820+0000] {standard_task_runner.py:91} INFO - Job 196: Subtask run_pipeline_2
[2026-06-04T04:20:02.820+0000] {logging_mixin.py:188} WARNING - /home/***/.local/lib/python3.12/site-packages/***/task/task_runner/standard_task_runner.py:61 DeprecationWarning: This process (pid=656) is multi-threaded, use of fork() may lead to deadlocks in the child.
[2026-06-04T04:20:02.821+0000] {standard_task_runner.py:63} INFO - Started process 657 to run task
[2026-06-04T04:20:02.869+0000] {task_command.py:426} INFO - Running <TaskInstance: postgres_to_local_pipeline.run_pipeline_2 scheduled__2026-06-04T04:15:00+00:00 [running]> on host b044b6a9b6bd
[2026-06-04T04:20:02.953+0000] {taskinstance.py:2648} INFO - Exporting env vars: AIRFLOW_CTX_DAG_OWNER='subashri' AIRFLOW_CTX_DAG_ID='postgres_to_local_pipeline' AIRFLOW_CTX_TASK_ID='run_pipeline_2' AIRFLOW_CTX_EXECUTION_DATE='2026-06-04T04:15:00+00:00' AIRFLOW_CTX_TRY_NUMBER='1' AIRFLOW_CTX_DAG_RUN_ID='scheduled__2026-06-04T04:15:00+00:00'
[2026-06-04T04:20:02.954+0000] {taskinstance.py:430} INFO - ::endgroup::
[2026-06-04T04:20:02.971+0000] {subprocess.py:63} INFO - Tmp dir root location: /tmp
[2026-06-04T04:20:02.973+0000] {subprocess.py:75} INFO - Running command: ['/usr/bin/bash', '-c', 'cd /opt/***/src && python main.py 2']
[2026-06-04T04:20:02.982+0000] {subprocess.py:86} INFO - Output:
[2026-06-04T04:20:13.466+0000] {subprocess.py:93} INFO - 
[2026-06-04T04:20:13.468+0000] {subprocess.py:93} INFO - ===================================
[2026-06-04T04:20:13.470+0000] {subprocess.py:93} INFO - DATABASE CONNECTION CONFIG
[2026-06-04T04:20:13.471+0000] {subprocess.py:93} INFO - ===================================
[2026-06-04T04:20:13.472+0000] {subprocess.py:93} INFO - DB TYPE   : postgres
[2026-06-04T04:20:13.474+0000] {subprocess.py:93} INFO - HOST      : 3.107.8.33
[2026-06-04T04:20:13.476+0000] {subprocess.py:93} INFO - PORT      : 5432
[2026-06-04T04:20:13.477+0000] {subprocess.py:93} INFO - DATABASE  : metadata_db
[2026-06-04T04:20:13.478+0000] {subprocess.py:93} INFO - USERNAME  : teamuser
[2026-06-04T04:20:13.479+0000] {subprocess.py:93} INFO - ===================================
[2026-06-04T04:20:13.481+0000] {subprocess.py:93} INFO - 
[2026-06-04T04:20:13.481+0000] {subprocess.py:93} INFO - Connected to POSTGRES successfully.
[2026-06-04T04:20:13.482+0000] {subprocess.py:93} INFO - 
[2026-06-04T04:20:13.483+0000] {subprocess.py:93} INFO - Running pipeline: postgres_to_local_pipeline (db_to_storage)
[2026-06-04T04:20:13.484+0000] {subprocess.py:93} INFO - 
[2026-06-04T04:20:13.485+0000] {subprocess.py:93} INFO - ===================================
[2026-06-04T04:20:13.486+0000] {subprocess.py:93} INFO - DATABASE CONNECTION CONFIG
[2026-06-04T04:20:13.487+0000] {subprocess.py:93} INFO - ===================================
[2026-06-04T04:20:13.488+0000] {subprocess.py:93} INFO - DB TYPE   : postgres
[2026-06-04T04:20:13.488+0000] {subprocess.py:93} INFO - HOST      : 3.107.8.33
[2026-06-04T04:20:13.489+0000] {subprocess.py:93} INFO - PORT      : 5432
[2026-06-04T04:20:13.490+0000] {subprocess.py:93} INFO - DATABASE  : udifdb
[2026-06-04T04:20:13.491+0000] {subprocess.py:93} INFO - USERNAME  : teamuser
[2026-06-04T04:20:13.491+0000] {subprocess.py:93} INFO - ===================================
[2026-06-04T04:20:13.492+0000] {subprocess.py:93} INFO - 
[2026-06-04T04:20:13.493+0000] {subprocess.py:93} INFO - Connected to POSTGRES successfully.
[2026-06-04T04:20:13.493+0000] {subprocess.py:93} INFO - Completed: 4653 rows processed
[2026-06-04T04:20:13.640+0000] {subprocess.py:97} INFO - Command exited with return code 0
[2026-06-04T04:20:13.641+0000] {taskinstance.py:441} INFO - ::group::Post task execution logs
[2026-06-04T04:20:13.666+0000] {taskinstance.py:1206} INFO - Marking task as SUCCESS. dag_id=postgres_to_local_pipeline, task_id=run_pipeline_2, run_id=scheduled__2026-06-04T04:15:00+00:00, execution_date=20260604T041500, start_date=20260604T042002, end_date=20260604T042013
[2026-06-04T04:20:13.704+0000] {local_task_job_runner.py:240} INFO - Task exited with return code 0
[2026-06-04T04:20:13.719+0000] {taskinstance.py:3498} INFO - 0 downstream tasks scheduled from follow-on schedule check
[2026-06-04T04:20:13.722+0000] {local_task_job_runner.py:222} INFO - ::endgroup::
