[2026-05-30T14:18:19.519+0000] {local_task_job_runner.py:120} INFO - ::group::Pre task execution logs
[2026-05-30T14:18:19.598+0000] {taskinstance.py:2076} INFO - Dependencies all met for dep_context=non-requeueable deps ti=<TaskInstance: dynamic_metadata_pipeline.run_pipeline_3 manual__2026-05-30T14:18:18.493867+00:00 [queued]>
[2026-05-30T14:18:19.620+0000] {taskinstance.py:2076} INFO - Dependencies all met for dep_context=requeueable deps ti=<TaskInstance: dynamic_metadata_pipeline.run_pipeline_3 manual__2026-05-30T14:18:18.493867+00:00 [queued]>
[2026-05-30T14:18:19.621+0000] {taskinstance.py:2306} INFO - Starting attempt 1 of 2
[2026-05-30T14:18:19.646+0000] {taskinstance.py:2330} INFO - Executing <Task(BashOperator): run_pipeline_3> on 2026-05-30 14:18:18.493867+00:00
[2026-05-30T14:18:19.659+0000] {standard_task_runner.py:90} INFO - Running: ['***', 'tasks', 'run', 'dynamic_metadata_pipeline', 'run_pipeline_3', 'manual__2026-05-30T14:18:18.493867+00:00', '--job-id', '51', '--raw', '--subdir', 'DAGS_FOLDER/dynamic_pipeline_dag.py', '--cfg-path', '/tmp/tmp7g5d8031']
[2026-05-30T14:18:19.664+0000] {standard_task_runner.py:91} INFO - Job 51: Subtask run_pipeline_3
[2026-05-30T14:18:19.670+0000] {logging_mixin.py:188} WARNING - /home/***/.local/lib/python3.12/site-packages/***/task/task_runner/standard_task_runner.py:61 DeprecationWarning: This process (pid=266) is multi-threaded, use of fork() may lead to deadlocks in the child.
[2026-05-30T14:18:19.672+0000] {standard_task_runner.py:63} INFO - Started process 267 to run task
[2026-05-30T14:18:19.762+0000] {task_command.py:426} INFO - Running <TaskInstance: dynamic_metadata_pipeline.run_pipeline_3 manual__2026-05-30T14:18:18.493867+00:00 [running]> on host ca256611781a
[2026-05-30T14:18:20.004+0000] {taskinstance.py:2648} INFO - Exporting env vars: AIRFLOW_CTX_DAG_OWNER='subashri' AIRFLOW_CTX_DAG_ID='dynamic_metadata_pipeline' AIRFLOW_CTX_TASK_ID='run_pipeline_3' AIRFLOW_CTX_EXECUTION_DATE='2026-05-30T14:18:18.493867+00:00' AIRFLOW_CTX_TRY_NUMBER='1' AIRFLOW_CTX_DAG_RUN_ID='manual__2026-05-30T14:18:18.493867+00:00'
[2026-05-30T14:18:20.007+0000] {taskinstance.py:430} INFO - ::endgroup::
[2026-05-30T14:18:20.060+0000] {subprocess.py:63} INFO - Tmp dir root location: /tmp
[2026-05-30T14:18:20.063+0000] {subprocess.py:75} INFO - Running command: ['/usr/bin/bash', '-c', 'cd /opt/***/src && python main.py 3']
[2026-05-30T14:18:20.081+0000] {subprocess.py:86} INFO - Output:
[2026-05-30T14:18:31.780+0000] {subprocess.py:93} INFO - Using CPU. Note: This module is much faster with a GPU.
[2026-05-30T14:18:50.810+0000] {subprocess.py:93} INFO - 
[2026-05-30T14:18:50.813+0000] {subprocess.py:93} INFO - ===================================
[2026-05-30T14:18:50.816+0000] {subprocess.py:93} INFO - DATABASE CONNECTION CONFIG
[2026-05-30T14:18:50.819+0000] {subprocess.py:93} INFO - ===================================
[2026-05-30T14:18:50.822+0000] {subprocess.py:93} INFO - DB TYPE   : postgres
[2026-05-30T14:18:50.824+0000] {subprocess.py:93} INFO - HOST      : 3.25.121.38
[2026-05-30T14:18:50.827+0000] {subprocess.py:93} INFO - PORT      : 5432
[2026-05-30T14:18:50.829+0000] {subprocess.py:93} INFO - DATABASE  : metadata_db
[2026-05-30T14:18:50.832+0000] {subprocess.py:93} INFO - USERNAME  : teamuser
[2026-05-30T14:18:50.834+0000] {subprocess.py:93} INFO - ===================================
[2026-05-30T14:18:50.837+0000] {subprocess.py:93} INFO - 
[2026-05-30T14:18:50.839+0000] {subprocess.py:93} INFO - Connected to POSTGRES successfully.
[2026-05-30T14:18:50.842+0000] {subprocess.py:93} INFO - 
[2026-05-30T14:18:50.845+0000] {subprocess.py:93} INFO - Running pipeline: postgres_to_postgres_pipeline (db_to_db)
[2026-05-30T14:18:50.847+0000] {subprocess.py:93} INFO - 
[2026-05-30T14:18:50.849+0000] {subprocess.py:93} INFO - ===================================
[2026-05-30T14:18:50.852+0000] {subprocess.py:93} INFO - DATABASE CONNECTION CONFIG
[2026-05-30T14:18:50.855+0000] {subprocess.py:93} INFO - ===================================
[2026-05-30T14:18:50.858+0000] {subprocess.py:93} INFO - DB TYPE   : postgres
[2026-05-30T14:18:50.860+0000] {subprocess.py:93} INFO - HOST      : 3.25.121.38
[2026-05-30T14:18:50.863+0000] {subprocess.py:93} INFO - PORT      : 5432
[2026-05-30T14:18:50.865+0000] {subprocess.py:93} INFO - DATABASE  : udifdb
[2026-05-30T14:18:50.868+0000] {subprocess.py:93} INFO - USERNAME  : teamuser
[2026-05-30T14:18:50.870+0000] {subprocess.py:93} INFO - ===================================
[2026-05-30T14:18:50.873+0000] {subprocess.py:93} INFO - 
[2026-05-30T14:18:50.875+0000] {subprocess.py:93} INFO - Connected to POSTGRES successfully.
[2026-05-30T14:18:50.878+0000] {subprocess.py:93} INFO - Completed: 4653 rows processed
[2026-05-30T14:18:52.251+0000] {subprocess.py:97} INFO - Command exited with return code 0
[2026-05-30T14:18:52.253+0000] {taskinstance.py:441} INFO - ::group::Post task execution logs
[2026-05-30T14:18:52.306+0000] {taskinstance.py:1206} INFO - Marking task as SUCCESS. dag_id=dynamic_metadata_pipeline, task_id=run_pipeline_3, run_id=manual__2026-05-30T14:18:18.493867+00:00, execution_date=20260530T141818, start_date=20260530T141819, end_date=20260530T141852
[2026-05-30T14:18:52.381+0000] {local_task_job_runner.py:240} INFO - Task exited with return code 0
[2026-05-30T14:18:52.418+0000] {taskinstance.py:3498} INFO - 0 downstream tasks scheduled from follow-on schedule check
[2026-05-30T14:18:52.423+0000] {local_task_job_runner.py:222} INFO - ::endgroup::
