[2026-06-03T16:40:02.906+0000] {local_task_job_runner.py:120} INFO - ::group::Pre task execution logs
[2026-06-03T16:40:02.957+0000] {taskinstance.py:2076} INFO - Dependencies all met for dep_context=non-requeueable deps ti=<TaskInstance: postgres_to_local_pipeline.run_pipeline_2 scheduled__2026-06-03T16:35:00+00:00 [queued]>
[2026-06-03T16:40:02.970+0000] {taskinstance.py:2076} INFO - Dependencies all met for dep_context=requeueable deps ti=<TaskInstance: postgres_to_local_pipeline.run_pipeline_2 scheduled__2026-06-03T16:35:00+00:00 [queued]>
[2026-06-03T16:40:02.972+0000] {taskinstance.py:2306} INFO - Starting attempt 1 of 2
[2026-06-03T16:40:02.994+0000] {taskinstance.py:2330} INFO - Executing <Task(BashOperator): run_pipeline_2> on 2026-06-03 16:35:00+00:00
[2026-06-03T16:40:03.006+0000] {standard_task_runner.py:90} INFO - Running: ['***', 'tasks', 'run', 'postgres_to_local_pipeline', 'run_pipeline_2', 'scheduled__2026-06-03T16:35:00+00:00', '--job-id', '182', '--raw', '--subdir', 'DAGS_FOLDER/dynamic_pipeline_generator.py', '--cfg-path', '/tmp/tmp8uq6euee']
[2026-06-03T16:40:03.011+0000] {standard_task_runner.py:91} INFO - Job 182: Subtask run_pipeline_2
[2026-06-03T16:40:03.011+0000] {logging_mixin.py:188} WARNING - /home/***/.local/lib/python3.12/site-packages/***/task/task_runner/standard_task_runner.py:61 DeprecationWarning: This process (pid=1218) is multi-threaded, use of fork() may lead to deadlocks in the child.
[2026-06-03T16:40:03.013+0000] {standard_task_runner.py:63} INFO - Started process 1221 to run task
[2026-06-03T16:40:03.079+0000] {task_command.py:426} INFO - Running <TaskInstance: postgres_to_local_pipeline.run_pipeline_2 scheduled__2026-06-03T16:35:00+00:00 [running]> on host 6efe7055fb80
[2026-06-03T16:40:03.192+0000] {taskinstance.py:2648} INFO - Exporting env vars: AIRFLOW_CTX_DAG_OWNER='subashri' AIRFLOW_CTX_DAG_ID='postgres_to_local_pipeline' AIRFLOW_CTX_TASK_ID='run_pipeline_2' AIRFLOW_CTX_EXECUTION_DATE='2026-06-03T16:35:00+00:00' AIRFLOW_CTX_TRY_NUMBER='1' AIRFLOW_CTX_DAG_RUN_ID='scheduled__2026-06-03T16:35:00+00:00'
[2026-06-03T16:40:03.193+0000] {taskinstance.py:430} INFO - ::endgroup::
[2026-06-03T16:40:03.224+0000] {subprocess.py:63} INFO - Tmp dir root location: /tmp
[2026-06-03T16:40:03.229+0000] {subprocess.py:75} INFO - Running command: ['/usr/bin/bash', '-c', 'cd /opt/***/src && python main.py 2']
[2026-06-03T16:40:03.240+0000] {subprocess.py:86} INFO - Output:
[2026-06-03T16:40:12.636+0000] {subprocess.py:93} INFO - 
[2026-06-03T16:40:12.637+0000] {subprocess.py:93} INFO - ===================================
[2026-06-03T16:40:12.638+0000] {subprocess.py:93} INFO - DATABASE CONNECTION CONFIG
[2026-06-03T16:40:12.639+0000] {subprocess.py:93} INFO - ===================================
[2026-06-03T16:40:12.639+0000] {subprocess.py:93} INFO - DB TYPE   : postgres
[2026-06-03T16:40:12.640+0000] {subprocess.py:93} INFO - HOST      : 3.107.8.33
[2026-06-03T16:40:12.641+0000] {subprocess.py:93} INFO - PORT      : 5432
[2026-06-03T16:40:12.641+0000] {subprocess.py:93} INFO - DATABASE  : metadata_db
[2026-06-03T16:40:12.642+0000] {subprocess.py:93} INFO - USERNAME  : teamuser
[2026-06-03T16:40:12.642+0000] {subprocess.py:93} INFO - ===================================
[2026-06-03T16:40:12.643+0000] {subprocess.py:93} INFO - 
[2026-06-03T16:40:12.644+0000] {subprocess.py:93} INFO - Connected to POSTGRES successfully.
[2026-06-03T16:40:12.645+0000] {subprocess.py:93} INFO - 
[2026-06-03T16:40:12.645+0000] {subprocess.py:93} INFO - Running pipeline: postgres_to_local_pipeline (db_to_storage)
[2026-06-03T16:40:12.646+0000] {subprocess.py:93} INFO - 
[2026-06-03T16:40:12.647+0000] {subprocess.py:93} INFO - ===================================
[2026-06-03T16:40:12.647+0000] {subprocess.py:93} INFO - DATABASE CONNECTION CONFIG
[2026-06-03T16:40:12.648+0000] {subprocess.py:93} INFO - ===================================
[2026-06-03T16:40:12.648+0000] {subprocess.py:93} INFO - DB TYPE   : postgres
[2026-06-03T16:40:12.649+0000] {subprocess.py:93} INFO - HOST      : 3.107.8.33
[2026-06-03T16:40:12.649+0000] {subprocess.py:93} INFO - PORT      : 5432
[2026-06-03T16:40:12.650+0000] {subprocess.py:93} INFO - DATABASE  : udifdb
[2026-06-03T16:40:12.651+0000] {subprocess.py:93} INFO - USERNAME  : teamuser
[2026-06-03T16:40:12.651+0000] {subprocess.py:93} INFO - ===================================
[2026-06-03T16:40:12.652+0000] {subprocess.py:93} INFO - 
[2026-06-03T16:40:12.652+0000] {subprocess.py:93} INFO - Connected to POSTGRES successfully.
[2026-06-03T16:40:12.653+0000] {subprocess.py:93} INFO - Completed: 4653 rows processed
[2026-06-03T16:40:12.812+0000] {subprocess.py:97} INFO - Command exited with return code 0
[2026-06-03T16:40:12.813+0000] {taskinstance.py:441} INFO - ::group::Post task execution logs
[2026-06-03T16:40:12.849+0000] {taskinstance.py:1206} INFO - Marking task as SUCCESS. dag_id=postgres_to_local_pipeline, task_id=run_pipeline_2, run_id=scheduled__2026-06-03T16:35:00+00:00, execution_date=20260603T163500, start_date=20260603T164002, end_date=20260603T164012
[2026-06-03T16:40:12.895+0000] {local_task_job_runner.py:240} INFO - Task exited with return code 0
[2026-06-03T16:40:12.910+0000] {taskinstance.py:3498} INFO - 0 downstream tasks scheduled from follow-on schedule check
[2026-06-03T16:40:12.913+0000] {local_task_job_runner.py:222} INFO - ::endgroup::
