[2026-05-30T14:36:20.692+0000] {local_task_job_runner.py:120} INFO - ::group::Pre task execution logs
[2026-05-30T14:36:20.733+0000] {taskinstance.py:2076} INFO - Dependencies all met for dep_context=non-requeueable deps ti=<TaskInstance: dynamic_metadata_pipeline.run_pipeline_4 manual__2026-05-30T14:36:20.205741+00:00 [queued]>
[2026-05-30T14:36:20.747+0000] {taskinstance.py:2076} INFO - Dependencies all met for dep_context=requeueable deps ti=<TaskInstance: dynamic_metadata_pipeline.run_pipeline_4 manual__2026-05-30T14:36:20.205741+00:00 [queued]>
[2026-05-30T14:36:20.748+0000] {taskinstance.py:2306} INFO - Starting attempt 1 of 2
[2026-05-30T14:36:20.766+0000] {taskinstance.py:2330} INFO - Executing <Task(BashOperator): run_pipeline_4> on 2026-05-30 14:36:20.205741+00:00
[2026-05-30T14:36:20.777+0000] {standard_task_runner.py:90} INFO - Running: ['***', 'tasks', 'run', 'dynamic_metadata_pipeline', 'run_pipeline_4', 'manual__2026-05-30T14:36:20.205741+00:00', '--job-id', '56', '--raw', '--subdir', 'DAGS_FOLDER/dynamic_pipeline_dag.py', '--cfg-path', '/tmp/tmplxikag7k']
[2026-05-30T14:36:20.781+0000] {standard_task_runner.py:91} INFO - Job 56: Subtask run_pipeline_4
[2026-05-30T14:36:20.784+0000] {logging_mixin.py:188} WARNING - /home/***/.local/lib/python3.12/site-packages/***/task/task_runner/standard_task_runner.py:61 DeprecationWarning: This process (pid=561) is multi-threaded, use of fork() may lead to deadlocks in the child.
[2026-05-30T14:36:20.785+0000] {standard_task_runner.py:63} INFO - Started process 562 to run task
[2026-05-30T14:36:20.832+0000] {task_command.py:426} INFO - Running <TaskInstance: dynamic_metadata_pipeline.run_pipeline_4 manual__2026-05-30T14:36:20.205741+00:00 [running]> on host ca256611781a
[2026-05-30T14:36:20.927+0000] {taskinstance.py:2648} INFO - Exporting env vars: AIRFLOW_CTX_DAG_OWNER='subashri' AIRFLOW_CTX_DAG_ID='dynamic_metadata_pipeline' AIRFLOW_CTX_TASK_ID='run_pipeline_4' AIRFLOW_CTX_EXECUTION_DATE='2026-05-30T14:36:20.205741+00:00' AIRFLOW_CTX_TRY_NUMBER='1' AIRFLOW_CTX_DAG_RUN_ID='manual__2026-05-30T14:36:20.205741+00:00'
[2026-05-30T14:36:20.928+0000] {taskinstance.py:430} INFO - ::endgroup::
[2026-05-30T14:36:20.945+0000] {subprocess.py:63} INFO - Tmp dir root location: /tmp
[2026-05-30T14:36:20.946+0000] {subprocess.py:75} INFO - Running command: ['/usr/bin/bash', '-c', 'cd /opt/***/src && python main.py 4']
[2026-05-30T14:36:20.954+0000] {subprocess.py:86} INFO - Output:
[2026-05-30T14:36:25.673+0000] {subprocess.py:93} INFO - Using CPU. Note: This module is much faster with a GPU.
[2026-05-30T14:36:32.916+0000] {subprocess.py:93} INFO - 
[2026-05-30T14:36:32.919+0000] {subprocess.py:93} INFO - ===================================
[2026-05-30T14:36:32.921+0000] {subprocess.py:93} INFO - DATABASE CONNECTION CONFIG
[2026-05-30T14:36:32.923+0000] {subprocess.py:93} INFO - ===================================
[2026-05-30T14:36:32.925+0000] {subprocess.py:93} INFO - DB TYPE   : postgres
[2026-05-30T14:36:32.927+0000] {subprocess.py:93} INFO - HOST      : 3.25.121.38
[2026-05-30T14:36:32.929+0000] {subprocess.py:93} INFO - PORT      : 5432
[2026-05-30T14:36:32.930+0000] {subprocess.py:93} INFO - DATABASE  : metadata_db
[2026-05-30T14:36:32.932+0000] {subprocess.py:93} INFO - USERNAME  : teamuser
[2026-05-30T14:36:32.933+0000] {subprocess.py:93} INFO - ===================================
[2026-05-30T14:36:32.934+0000] {subprocess.py:93} INFO - 
[2026-05-30T14:36:32.935+0000] {subprocess.py:93} INFO - Connected to POSTGRES successfully.
[2026-05-30T14:36:32.936+0000] {subprocess.py:93} INFO - 
[2026-05-30T14:36:32.938+0000] {subprocess.py:93} INFO - Running pipeline: local_to_postgres_pipeline (storage_to_db)
[2026-05-30T14:36:32.938+0000] {subprocess.py:93} INFO - ❌ Failed: Input path not found: C:/Users/sv117437/Desktop/udif-input
[2026-05-30T14:36:33.812+0000] {subprocess.py:97} INFO - Command exited with return code 0
[2026-05-30T14:36:33.813+0000] {taskinstance.py:441} INFO - ::group::Post task execution logs
[2026-05-30T14:36:33.836+0000] {taskinstance.py:1206} INFO - Marking task as SUCCESS. dag_id=dynamic_metadata_pipeline, task_id=run_pipeline_4, run_id=manual__2026-05-30T14:36:20.205741+00:00, execution_date=20260530T143620, start_date=20260530T143620, end_date=20260530T143633
[2026-05-30T14:36:33.875+0000] {local_task_job_runner.py:240} INFO - Task exited with return code 0
[2026-05-30T14:36:33.895+0000] {taskinstance.py:3498} INFO - 0 downstream tasks scheduled from follow-on schedule check
[2026-05-30T14:36:33.899+0000] {local_task_job_runner.py:222} INFO - ::endgroup::
