[2026-05-28T11:19:25.460+0000] {local_task_job_runner.py:120} INFO - ::group::Pre task execution logs
[2026-05-28T11:19:25.506+0000] {taskinstance.py:2076} INFO - Dependencies all met for dep_context=non-requeueable deps ti=<TaskInstance: dynamic_metadata_pipeline.run_pipeline_1 manual__2026-05-28T11:11:54.232149+00:00 [queued]>
[2026-05-28T11:19:25.519+0000] {taskinstance.py:2076} INFO - Dependencies all met for dep_context=requeueable deps ti=<TaskInstance: dynamic_metadata_pipeline.run_pipeline_1 manual__2026-05-28T11:11:54.232149+00:00 [queued]>
[2026-05-28T11:19:25.521+0000] {taskinstance.py:2306} INFO - Starting attempt 4 of 4
[2026-05-28T11:19:25.545+0000] {taskinstance.py:2330} INFO - Executing <Task(BashOperator): run_pipeline_1> on 2026-05-28 11:11:54.232149+00:00
[2026-05-28T11:19:25.558+0000] {standard_task_runner.py:90} INFO - Running: ['***', 'tasks', 'run', 'dynamic_metadata_pipeline', 'run_pipeline_1', 'manual__2026-05-28T11:11:54.232149+00:00', '--job-id', '26', '--raw', '--subdir', 'DAGS_FOLDER/dynamic_pipeline_dag.py', '--cfg-path', '/tmp/tmp6u1zv_3l']
[2026-05-28T11:19:25.563+0000] {standard_task_runner.py:91} INFO - Job 26: Subtask run_pipeline_1
[2026-05-28T11:19:25.564+0000] {logging_mixin.py:188} WARNING - /home/***/.local/lib/python3.12/site-packages/***/task/task_runner/standard_task_runner.py:61 DeprecationWarning: This process (pid=230) is multi-threaded, use of fork() may lead to deadlocks in the child.
[2026-05-28T11:19:25.565+0000] {standard_task_runner.py:63} INFO - Started process 231 to run task
[2026-05-28T11:19:25.630+0000] {task_command.py:426} INFO - Running <TaskInstance: dynamic_metadata_pipeline.run_pipeline_1 manual__2026-05-28T11:11:54.232149+00:00 [running]> on host 8a92437a7f72
[2026-05-28T11:19:25.735+0000] {taskinstance.py:2648} INFO - Exporting env vars: AIRFLOW_CTX_DAG_OWNER='subashri' AIRFLOW_CTX_DAG_ID='dynamic_metadata_pipeline' AIRFLOW_CTX_TASK_ID='run_pipeline_1' AIRFLOW_CTX_EXECUTION_DATE='2026-05-28T11:11:54.232149+00:00' AIRFLOW_CTX_TRY_NUMBER='4' AIRFLOW_CTX_DAG_RUN_ID='manual__2026-05-28T11:11:54.232149+00:00'
[2026-05-28T11:19:25.736+0000] {taskinstance.py:430} INFO - ::endgroup::
[2026-05-28T11:19:25.755+0000] {subprocess.py:63} INFO - Tmp dir root location: /tmp
[2026-05-28T11:19:25.757+0000] {subprocess.py:75} INFO - Running command: ['/usr/bin/bash', '-c', 'cd /opt/***/src && python main.py 1']
[2026-05-28T11:19:25.767+0000] {subprocess.py:86} INFO - Output:
[2026-05-28T11:19:30.855+0000] {subprocess.py:93} INFO - Using CPU. Note: This module is much faster with a GPU.
[2026-05-28T11:19:53.962+0000] {subprocess.py:93} INFO - 
[2026-05-28T11:19:53.964+0000] {subprocess.py:93} INFO - ===================================
[2026-05-28T11:19:53.965+0000] {subprocess.py:93} INFO - DATABASE CONNECTION CONFIG
[2026-05-28T11:19:53.966+0000] {subprocess.py:93} INFO - ===================================
[2026-05-28T11:19:53.967+0000] {subprocess.py:93} INFO - DB TYPE   : postgres
[2026-05-28T11:19:53.968+0000] {subprocess.py:93} INFO - HOST      : 13.211.150.140
[2026-05-28T11:19:53.969+0000] {subprocess.py:93} INFO - PORT      : 5432
[2026-05-28T11:19:53.970+0000] {subprocess.py:93} INFO - DATABASE  : metadata_db
[2026-05-28T11:19:53.970+0000] {subprocess.py:93} INFO - USERNAME  : teamuser
[2026-05-28T11:19:53.971+0000] {subprocess.py:93} INFO - ===================================
[2026-05-28T11:19:53.972+0000] {subprocess.py:93} INFO - 
[2026-05-28T11:19:53.973+0000] {subprocess.py:93} INFO - Traceback (most recent call last):
[2026-05-28T11:19:53.974+0000] {subprocess.py:93} INFO -   File "/home/***/.local/lib/python3.12/site-packages/sqlalchemy/engine/base.py", line 3371, in _wrap_pool_connect
[2026-05-28T11:19:53.974+0000] {subprocess.py:93} INFO -     return fn()
[2026-05-28T11:19:53.975+0000] {subprocess.py:93} INFO -            ^^^^
[2026-05-28T11:19:53.976+0000] {subprocess.py:93} INFO -   File "/home/***/.local/lib/python3.12/site-packages/sqlalchemy/pool/base.py", line 327, in connect
[2026-05-28T11:19:53.977+0000] {subprocess.py:93} INFO -     return _ConnectionFairy._checkout(self)
[2026-05-28T11:19:53.977+0000] {subprocess.py:93} INFO -            ^^^^^^^^^^^^^^^^^^^^^^^^^^^^^^^^
[2026-05-28T11:19:53.978+0000] {subprocess.py:93} INFO -   File "/home/***/.local/lib/python3.12/site-packages/sqlalchemy/pool/base.py", line 894, in _checkout
[2026-05-28T11:19:53.978+0000] {subprocess.py:93} INFO -     fairy = _ConnectionRecord.checkout(pool)
[2026-05-28T11:19:53.979+0000] {subprocess.py:93} INFO -             ^^^^^^^^^^^^^^^^^^^^^^^^^^^^^^^^
[2026-05-28T11:19:53.980+0000] {subprocess.py:93} INFO -   File "/home/***/.local/lib/python3.12/site-packages/sqlalchemy/pool/base.py", line 493, in checkout
[2026-05-28T11:19:53.981+0000] {subprocess.py:93} INFO -     rec = pool._do_get()
[2026-05-28T11:19:53.981+0000] {subprocess.py:93} INFO -           ^^^^^^^^^^^^^^
[2026-05-28T11:19:53.982+0000] {subprocess.py:93} INFO -   File "/home/***/.local/lib/python3.12/site-packages/sqlalchemy/pool/impl.py", line 145, in _do_get
[2026-05-28T11:19:53.984+0000] {subprocess.py:93} INFO -     with util.safe_reraise():
[2026-05-28T11:19:53.985+0000] {subprocess.py:93} INFO -   File "/home/***/.local/lib/python3.12/site-packages/sqlalchemy/util/langhelpers.py", line 70, in __exit__
[2026-05-28T11:19:53.987+0000] {subprocess.py:93} INFO -     compat.raise_(
[2026-05-28T11:19:53.988+0000] {subprocess.py:93} INFO -   File "/home/***/.local/lib/python3.12/site-packages/sqlalchemy/util/compat.py", line 211, in raise_
[2026-05-28T11:19:53.988+0000] {subprocess.py:93} INFO -     raise exception
[2026-05-28T11:19:53.989+0000] {subprocess.py:93} INFO -   File "/home/***/.local/lib/python3.12/site-packages/sqlalchemy/pool/impl.py", line 143, in _do_get
[2026-05-28T11:19:53.990+0000] {subprocess.py:93} INFO -     return self._create_connection()
[2026-05-28T11:19:53.990+0000] {subprocess.py:93} INFO -            ^^^^^^^^^^^^^^^^^^^^^^^^^
[2026-05-28T11:19:53.991+0000] {subprocess.py:93} INFO -   File "/home/***/.local/lib/python3.12/site-packages/sqlalchemy/pool/base.py", line 273, in _create_connection
[2026-05-28T11:19:53.992+0000] {subprocess.py:93} INFO -     return _ConnectionRecord(self)
[2026-05-28T11:19:53.993+0000] {subprocess.py:93} INFO -            ^^^^^^^^^^^^^^^^^^^^^^^
[2026-05-28T11:19:53.993+0000] {subprocess.py:93} INFO -   File "/home/***/.local/lib/python3.12/site-packages/sqlalchemy/pool/base.py", line 388, in __init__
[2026-05-28T11:19:53.994+0000] {subprocess.py:93} INFO -     self.__connect()
[2026-05-28T11:19:53.995+0000] {subprocess.py:93} INFO -   File "/home/***/.local/lib/python3.12/site-packages/sqlalchemy/pool/base.py", line 690, in __connect
[2026-05-28T11:19:53.995+0000] {subprocess.py:93} INFO -     with util.safe_reraise():
[2026-05-28T11:19:53.996+0000] {subprocess.py:93} INFO -   File "/home/***/.local/lib/python3.12/site-packages/sqlalchemy/util/langhelpers.py", line 70, in __exit__
[2026-05-28T11:19:53.997+0000] {subprocess.py:93} INFO -     compat.raise_(
[2026-05-28T11:19:53.997+0000] {subprocess.py:93} INFO -   File "/home/***/.local/lib/python3.12/site-packages/sqlalchemy/util/compat.py", line 211, in raise_
[2026-05-28T11:19:53.998+0000] {subprocess.py:93} INFO -     raise exception
[2026-05-28T11:19:53.998+0000] {subprocess.py:93} INFO -   File "/home/***/.local/lib/python3.12/site-packages/sqlalchemy/pool/base.py", line 686, in __connect
[2026-05-28T11:19:53.999+0000] {subprocess.py:93} INFO -     self.dbapi_connection = connection = pool._invoke_creator(self)
[2026-05-28T11:19:53.999+0000] {subprocess.py:93} INFO -                                          ^^^^^^^^^^^^^^^^^^^^^^^^^^
[2026-05-28T11:19:54.000+0000] {subprocess.py:93} INFO -   File "/home/***/.local/lib/python3.12/site-packages/sqlalchemy/engine/create.py", line 574, in connect
[2026-05-28T11:19:54.001+0000] {subprocess.py:93} INFO -     return dialect.connect(*cargs, **cparams)
[2026-05-28T11:19:54.001+0000] {subprocess.py:93} INFO -            ^^^^^^^^^^^^^^^^^^^^^^^^^^^^^^^^^^
[2026-05-28T11:19:54.002+0000] {subprocess.py:93} INFO -   File "/home/***/.local/lib/python3.12/site-packages/sqlalchemy/engine/default.py", line 598, in connect
[2026-05-28T11:19:54.002+0000] {subprocess.py:93} INFO -     return self.dbapi.connect(*cargs, **cparams)
[2026-05-28T11:19:54.003+0000] {subprocess.py:93} INFO -            ^^^^^^^^^^^^^^^^^^^^^^^^^^^^^^^^^^^^^
[2026-05-28T11:19:54.004+0000] {subprocess.py:93} INFO -   File "/home/***/.local/lib/python3.12/site-packages/psycopg2/__init__.py", line 122, in connect
[2026-05-28T11:19:54.004+0000] {subprocess.py:93} INFO -     conn = _connect(dsn, connection_factory=connection_factory, **kwasync)
[2026-05-28T11:19:54.005+0000] {subprocess.py:93} INFO -            ^^^^^^^^^^^^^^^^^^^^^^^^^^^^^^^^^^^^^^^^^^^^^^^^^^^^^^^^^^^^^^^
[2026-05-28T11:19:54.005+0000] {subprocess.py:93} INFO - psycopg2.OperationalError: connection to server at "13.211.150.140", port 5432 failed: Connection refused
[2026-05-28T11:19:54.006+0000] {subprocess.py:93} INFO - 	Is the server running on that host and accepting TCP/IP connections?
[2026-05-28T11:19:54.007+0000] {subprocess.py:93} INFO - 
[2026-05-28T11:19:54.007+0000] {subprocess.py:93} INFO - 
[2026-05-28T11:19:54.008+0000] {subprocess.py:93} INFO - The above exception was the direct cause of the following exception:
[2026-05-28T11:19:54.008+0000] {subprocess.py:93} INFO - 
[2026-05-28T11:19:54.009+0000] {subprocess.py:93} INFO - Traceback (most recent call last):
[2026-05-28T11:19:54.009+0000] {subprocess.py:93} INFO -   File "/opt/***/src/extractor.py", line 172, in connect_db
[2026-05-28T11:19:54.010+0000] {subprocess.py:93} INFO -     with engine.connect() as conn:
[2026-05-28T11:19:54.011+0000] {subprocess.py:93} INFO -          ^^^^^^^^^^^^^^^^
[2026-05-28T11:19:54.011+0000] {subprocess.py:93} INFO -   File "/home/***/.local/lib/python3.12/site-packages/sqlalchemy/engine/base.py", line 3325, in connect
[2026-05-28T11:19:54.012+0000] {subprocess.py:93} INFO -     return self._connection_cls(self, close_with_result=close_with_result)
[2026-05-28T11:19:54.012+0000] {subprocess.py:93} INFO -            ^^^^^^^^^^^^^^^^^^^^^^^^^^^^^^^^^^^^^^^^^^^^^^^^^^^^^^^^^^^^^^^
[2026-05-28T11:19:54.013+0000] {subprocess.py:93} INFO -   File "/home/***/.local/lib/python3.12/site-packages/sqlalchemy/engine/base.py", line 96, in __init__
[2026-05-28T11:19:54.013+0000] {subprocess.py:93} INFO -     else engine.raw_connection()
[2026-05-28T11:19:54.014+0000] {subprocess.py:93} INFO -          ^^^^^^^^^^^^^^^^^^^^^^^
[2026-05-28T11:19:54.014+0000] {subprocess.py:93} INFO -   File "/home/***/.local/lib/python3.12/site-packages/sqlalchemy/engine/base.py", line 3404, in raw_connection
[2026-05-28T11:19:54.015+0000] {subprocess.py:93} INFO -     return self._wrap_pool_connect(self.pool.connect, _connection)
[2026-05-28T11:19:54.015+0000] {subprocess.py:93} INFO -            ^^^^^^^^^^^^^^^^^^^^^^^^^^^^^^^^^^^^^^^^^^^^^^^^^^^^^^^
[2026-05-28T11:19:54.016+0000] {subprocess.py:93} INFO -   File "/home/***/.local/lib/python3.12/site-packages/sqlalchemy/engine/base.py", line 3374, in _wrap_pool_connect
[2026-05-28T11:19:54.016+0000] {subprocess.py:93} INFO -     Connection._handle_dbapi_exception_noconnection(
[2026-05-28T11:19:54.017+0000] {subprocess.py:93} INFO -   File "/home/***/.local/lib/python3.12/site-packages/sqlalchemy/engine/base.py", line 2208, in _handle_dbapi_exception_noconnection
[2026-05-28T11:19:54.018+0000] {subprocess.py:93} INFO -     util.raise_(
[2026-05-28T11:19:54.018+0000] {subprocess.py:93} INFO -   File "/home/***/.local/lib/python3.12/site-packages/sqlalchemy/util/compat.py", line 211, in raise_
[2026-05-28T11:19:54.019+0000] {subprocess.py:93} INFO -     raise exception
[2026-05-28T11:19:54.019+0000] {subprocess.py:93} INFO -   File "/home/***/.local/lib/python3.12/site-packages/sqlalchemy/engine/base.py", line 3371, in _wrap_pool_connect
[2026-05-28T11:19:54.020+0000] {subprocess.py:93} INFO -     return fn()
[2026-05-28T11:19:54.021+0000] {subprocess.py:93} INFO -            ^^^^
[2026-05-28T11:19:54.021+0000] {subprocess.py:93} INFO -   File "/home/***/.local/lib/python3.12/site-packages/sqlalchemy/pool/base.py", line 327, in connect
[2026-05-28T11:19:54.022+0000] {subprocess.py:93} INFO -     return _ConnectionFairy._checkout(self)
[2026-05-28T11:19:54.023+0000] {subprocess.py:93} INFO -            ^^^^^^^^^^^^^^^^^^^^^^^^^^^^^^^^
[2026-05-28T11:19:54.023+0000] {subprocess.py:93} INFO -   File "/home/***/.local/lib/python3.12/site-packages/sqlalchemy/pool/base.py", line 894, in _checkout
[2026-05-28T11:19:54.024+0000] {subprocess.py:93} INFO -     fairy = _ConnectionRecord.checkout(pool)
[2026-05-28T11:19:54.025+0000] {subprocess.py:93} INFO -             ^^^^^^^^^^^^^^^^^^^^^^^^^^^^^^^^
[2026-05-28T11:19:54.025+0000] {subprocess.py:93} INFO -   File "/home/***/.local/lib/python3.12/site-packages/sqlalchemy/pool/base.py", line 493, in checkout
[2026-05-28T11:19:54.026+0000] {subprocess.py:93} INFO -     rec = pool._do_get()
[2026-05-28T11:19:54.026+0000] {subprocess.py:93} INFO -           ^^^^^^^^^^^^^^
[2026-05-28T11:19:54.027+0000] {subprocess.py:93} INFO -   File "/home/***/.local/lib/python3.12/site-packages/sqlalchemy/pool/impl.py", line 145, in _do_get
[2026-05-28T11:19:54.028+0000] {subprocess.py:93} INFO -     with util.safe_reraise():
[2026-05-28T11:19:54.028+0000] {subprocess.py:93} INFO -   File "/home/***/.local/lib/python3.12/site-packages/sqlalchemy/util/langhelpers.py", line 70, in __exit__
[2026-05-28T11:19:54.029+0000] {subprocess.py:93} INFO -     compat.raise_(
[2026-05-28T11:19:54.030+0000] {subprocess.py:93} INFO -   File "/home/***/.local/lib/python3.12/site-packages/sqlalchemy/util/compat.py", line 211, in raise_
[2026-05-28T11:19:54.030+0000] {subprocess.py:93} INFO -     raise exception
[2026-05-28T11:19:54.031+0000] {subprocess.py:93} INFO -   File "/home/***/.local/lib/python3.12/site-packages/sqlalchemy/pool/impl.py", line 143, in _do_get
[2026-05-28T11:19:54.032+0000] {subprocess.py:93} INFO -     return self._create_connection()
[2026-05-28T11:19:54.032+0000] {subprocess.py:93} INFO -            ^^^^^^^^^^^^^^^^^^^^^^^^^
[2026-05-28T11:19:54.033+0000] {subprocess.py:93} INFO -   File "/home/***/.local/lib/python3.12/site-packages/sqlalchemy/pool/base.py", line 273, in _create_connection
[2026-05-28T11:19:54.034+0000] {subprocess.py:93} INFO -     return _ConnectionRecord(self)
[2026-05-28T11:19:54.034+0000] {subprocess.py:93} INFO -            ^^^^^^^^^^^^^^^^^^^^^^^
[2026-05-28T11:19:54.035+0000] {subprocess.py:93} INFO -   File "/home/***/.local/lib/python3.12/site-packages/sqlalchemy/pool/base.py", line 388, in __init__
[2026-05-28T11:19:54.035+0000] {subprocess.py:93} INFO -     self.__connect()
[2026-05-28T11:19:54.036+0000] {subprocess.py:93} INFO -   File "/home/***/.local/lib/python3.12/site-packages/sqlalchemy/pool/base.py", line 690, in __connect
[2026-05-28T11:19:54.037+0000] {subprocess.py:93} INFO -     with util.safe_reraise():
[2026-05-28T11:19:54.037+0000] {subprocess.py:93} INFO -   File "/home/***/.local/lib/python3.12/site-packages/sqlalchemy/util/langhelpers.py", line 70, in __exit__
[2026-05-28T11:19:54.038+0000] {subprocess.py:93} INFO -     compat.raise_(
[2026-05-28T11:19:54.038+0000] {subprocess.py:93} INFO -   File "/home/***/.local/lib/python3.12/site-packages/sqlalchemy/util/compat.py", line 211, in raise_
[2026-05-28T11:19:54.039+0000] {subprocess.py:93} INFO -     raise exception
[2026-05-28T11:19:54.040+0000] {subprocess.py:93} INFO -   File "/home/***/.local/lib/python3.12/site-packages/sqlalchemy/pool/base.py", line 686, in __connect
[2026-05-28T11:19:54.040+0000] {subprocess.py:93} INFO -     self.dbapi_connection = connection = pool._invoke_creator(self)
[2026-05-28T11:19:54.041+0000] {subprocess.py:93} INFO -                                          ^^^^^^^^^^^^^^^^^^^^^^^^^^
[2026-05-28T11:19:54.042+0000] {subprocess.py:93} INFO -   File "/home/***/.local/lib/python3.12/site-packages/sqlalchemy/engine/create.py", line 574, in connect
[2026-05-28T11:19:54.042+0000] {subprocess.py:93} INFO -     return dialect.connect(*cargs, **cparams)
[2026-05-28T11:19:54.043+0000] {subprocess.py:93} INFO -            ^^^^^^^^^^^^^^^^^^^^^^^^^^^^^^^^^^
[2026-05-28T11:19:54.043+0000] {subprocess.py:93} INFO -   File "/home/***/.local/lib/python3.12/site-packages/sqlalchemy/engine/default.py", line 598, in connect
[2026-05-28T11:19:54.044+0000] {subprocess.py:93} INFO -     return self.dbapi.connect(*cargs, **cparams)
[2026-05-28T11:19:54.045+0000] {subprocess.py:93} INFO -            ^^^^^^^^^^^^^^^^^^^^^^^^^^^^^^^^^^^^^
[2026-05-28T11:19:54.045+0000] {subprocess.py:93} INFO -   File "/home/***/.local/lib/python3.12/site-packages/psycopg2/__init__.py", line 122, in connect
[2026-05-28T11:19:54.046+0000] {subprocess.py:93} INFO -     conn = _connect(dsn, connection_factory=connection_factory, **kwasync)
[2026-05-28T11:19:54.046+0000] {subprocess.py:93} INFO -            ^^^^^^^^^^^^^^^^^^^^^^^^^^^^^^^^^^^^^^^^^^^^^^^^^^^^^^^^^^^^^^^
[2026-05-28T11:19:54.047+0000] {subprocess.py:93} INFO - sqlalchemy.exc.OperationalError: (psycopg2.OperationalError) connection to server at "13.211.150.140", port 5432 failed: Connection refused
[2026-05-28T11:19:54.048+0000] {subprocess.py:93} INFO - 	Is the server running on that host and accepting TCP/IP connections?
[2026-05-28T11:19:54.048+0000] {subprocess.py:93} INFO - 
[2026-05-28T11:19:54.049+0000] {subprocess.py:93} INFO - (Background on this error at: https://sqlalche.me/e/14/e3q8)
[2026-05-28T11:19:54.050+0000] {subprocess.py:93} INFO - 
[2026-05-28T11:19:54.050+0000] {subprocess.py:93} INFO - During handling of the above exception, another exception occurred:
[2026-05-28T11:19:54.051+0000] {subprocess.py:93} INFO - 
[2026-05-28T11:19:54.051+0000] {subprocess.py:93} INFO - Traceback (most recent call last):
[2026-05-28T11:19:54.052+0000] {subprocess.py:93} INFO -   File "/opt/***/src/main.py", line 80, in <module>
[2026-05-28T11:19:54.053+0000] {subprocess.py:93} INFO -     main()
[2026-05-28T11:19:54.053+0000] {subprocess.py:93} INFO -   File "/opt/***/src/main.py", line 25, in main
[2026-05-28T11:19:54.054+0000] {subprocess.py:93} INFO -     metadata_df = load_metadata(
[2026-05-28T11:19:54.054+0000] {subprocess.py:93} INFO -                   ^^^^^^^^^^^^^^
[2026-05-28T11:19:54.055+0000] {subprocess.py:93} INFO -   File "/opt/***/src/metadata_reader.py", line 198, in load_metadata
[2026-05-28T11:19:54.056+0000] {subprocess.py:93} INFO -     metadata_df = extract_data(
[2026-05-28T11:19:54.056+0000] {subprocess.py:93} INFO -                   ^^^^^^^^^^^^^
[2026-05-28T11:19:54.057+0000] {subprocess.py:93} INFO -   File "/opt/***/src/extractor.py", line 203, in extract_data
[2026-05-28T11:19:54.057+0000] {subprocess.py:93} INFO -     engine = connect_db(config)
[2026-05-28T11:19:54.058+0000] {subprocess.py:93} INFO -              ^^^^^^^^^^^^^^^^^^
[2026-05-28T11:19:54.059+0000] {subprocess.py:93} INFO -   File "/opt/***/src/extractor.py", line 186, in connect_db
[2026-05-28T11:19:54.059+0000] {subprocess.py:93} INFO -     raise ConnectionError(
[2026-05-28T11:19:54.060+0000] {subprocess.py:93} INFO - ConnectionError: Could not connect to POSTGRES: (psycopg2.OperationalError) connection to server at "13.211.150.140", port 5432 failed: Connection refused
[2026-05-28T11:19:54.061+0000] {subprocess.py:93} INFO - 	Is the server running on that host and accepting TCP/IP connections?
[2026-05-28T11:19:54.061+0000] {subprocess.py:93} INFO - 
[2026-05-28T11:19:54.062+0000] {subprocess.py:93} INFO - (Background on this error at: https://sqlalche.me/e/14/e3q8)
[2026-05-28T11:19:55.009+0000] {subprocess.py:97} INFO - Command exited with return code 1
[2026-05-28T11:19:55.010+0000] {taskinstance.py:441} INFO - ::group::Post task execution logs
[2026-05-28T11:19:55.021+0000] {taskinstance.py:2905} ERROR - Task failed with exception
Traceback (most recent call last):
  File "/home/airflow/.local/lib/python3.12/site-packages/airflow/models/taskinstance.py", line 465, in _execute_task
    result = _execute_callable(context=context, **execute_callable_kwargs)
             ^^^^^^^^^^^^^^^^^^^^^^^^^^^^^^^^^^^^^^^^^^^^^^^^^^^^^^^^^^^^^
  File "/home/airflow/.local/lib/python3.12/site-packages/airflow/models/taskinstance.py", line 432, in _execute_callable
    return execute_callable(context=context, **execute_callable_kwargs)
           ^^^^^^^^^^^^^^^^^^^^^^^^^^^^^^^^^^^^^^^^^^^^^^^^^^^^^^^^^^^^
  File "/home/airflow/.local/lib/python3.12/site-packages/airflow/models/baseoperator.py", line 400, in wrapper
    return func(self, *args, **kwargs)
           ^^^^^^^^^^^^^^^^^^^^^^^^^^^
  File "/home/airflow/.local/lib/python3.12/site-packages/airflow/operators/bash.py", line 243, in execute
    raise AirflowException(
airflow.exceptions.AirflowException: Bash command failed. The command returned a non-zero exit code 1.
[2026-05-28T11:19:55.026+0000] {taskinstance.py:1206} INFO - Marking task as FAILED. dag_id=dynamic_metadata_pipeline, task_id=run_pipeline_1, run_id=manual__2026-05-28T11:11:54.232149+00:00, execution_date=20260528T111154, start_date=20260528T111925, end_date=20260528T111955
[2026-05-28T11:19:55.052+0000] {standard_task_runner.py:110} ERROR - Failed to execute job 26 for task run_pipeline_1 (Bash command failed. The command returned a non-zero exit code 1.; 231)
[2026-05-28T11:19:55.108+0000] {local_task_job_runner.py:240} INFO - Task exited with return code 1
[2026-05-28T11:19:55.128+0000] {local_task_job_runner.py:222} INFO - ::endgroup::
