[2026-06-04T06:35:03.716+0000] {local_task_job_runner.py:120} INFO - ::group::Pre task execution logs
[2026-06-04T06:35:03.851+0000] {taskinstance.py:2076} INFO - Dependencies all met for dep_context=non-requeueable deps ti=<TaskInstance: local_to_postgres_pipeline.run_pipeline_4 scheduled__2026-06-04T06:30:00+00:00 [queued]>
[2026-06-04T06:35:03.887+0000] {taskinstance.py:2076} INFO - Dependencies all met for dep_context=requeueable deps ti=<TaskInstance: local_to_postgres_pipeline.run_pipeline_4 scheduled__2026-06-04T06:30:00+00:00 [queued]>
[2026-06-04T06:35:03.890+0000] {taskinstance.py:2306} INFO - Starting attempt 1 of 2
[2026-06-04T06:35:03.968+0000] {taskinstance.py:2330} INFO - Executing <Task(BashOperator): run_pipeline_4> on 2026-06-04 06:30:00+00:00
[2026-06-04T06:35:03.993+0000] {standard_task_runner.py:90} INFO - Running: ['***', 'tasks', 'run', 'local_to_postgres_pipeline', 'run_pipeline_4', 'scheduled__2026-06-04T06:30:00+00:00', '--job-id', '239', '--raw', '--subdir', 'DAGS_FOLDER/dynamic_pipeline_generator.py', '--cfg-path', '/tmp/tmp6ftcamum']
[2026-06-04T06:35:04.020+0000] {standard_task_runner.py:91} INFO - Job 239: Subtask run_pipeline_4
[2026-06-04T06:35:04.065+0000] {logging_mixin.py:188} WARNING - /home/***/.local/lib/python3.12/site-packages/***/task/task_runner/standard_task_runner.py:61 DeprecationWarning: This process (pid=3715) is multi-threaded, use of fork() may lead to deadlocks in the child.
[2026-06-04T06:35:04.077+0000] {standard_task_runner.py:63} INFO - Started process 3727 to run task
[2026-06-04T06:35:04.237+0000] {task_command.py:426} INFO - Running <TaskInstance: local_to_postgres_pipeline.run_pipeline_4 scheduled__2026-06-04T06:30:00+00:00 [running]> on host b044b6a9b6bd
[2026-06-04T06:35:04.566+0000] {taskinstance.py:2648} INFO - Exporting env vars: AIRFLOW_CTX_DAG_OWNER='subashri' AIRFLOW_CTX_DAG_ID='local_to_postgres_pipeline' AIRFLOW_CTX_TASK_ID='run_pipeline_4' AIRFLOW_CTX_EXECUTION_DATE='2026-06-04T06:30:00+00:00' AIRFLOW_CTX_TRY_NUMBER='1' AIRFLOW_CTX_DAG_RUN_ID='scheduled__2026-06-04T06:30:00+00:00'
[2026-06-04T06:35:04.569+0000] {taskinstance.py:430} INFO - ::endgroup::
[2026-06-04T06:35:04.640+0000] {subprocess.py:63} INFO - Tmp dir root location: /tmp
[2026-06-04T06:35:04.646+0000] {subprocess.py:75} INFO - Running command: ['/usr/bin/bash', '-c', 'cd /opt/***/src && python main.py 4']
[2026-06-04T06:35:04.675+0000] {subprocess.py:86} INFO - Output:
[2026-06-04T06:35:27.606+0000] {subprocess.py:93} INFO - Using CPU. Note: This module is much faster with a GPU.
[2026-06-04T06:36:55.311+0000] {subprocess.py:93} INFO - /home/***/.local/lib/python3.12/site-packages/torch/utils/data/dataloader.py:752: UserWarning: 'pin_memory' argument is set as true but no accelerator is found, then device pinned memory won't be used.
[2026-06-04T06:36:55.624+0000] {subprocess.py:93} INFO -   super().__init__(loader)
[2026-06-04T06:37:57.361+0000] {subprocess.py:93} INFO - 
[2026-06-04T06:37:57.372+0000] {subprocess.py:93} INFO - ===================================
[2026-06-04T06:37:57.374+0000] {subprocess.py:93} INFO - DATABASE CONNECTION CONFIG
[2026-06-04T06:37:57.375+0000] {subprocess.py:93} INFO - ===================================
[2026-06-04T06:37:57.376+0000] {subprocess.py:93} INFO - DB TYPE   : postgres
[2026-06-04T06:37:57.379+0000] {subprocess.py:93} INFO - HOST      : 3.107.8.33
[2026-06-04T06:37:57.380+0000] {subprocess.py:93} INFO - PORT      : 5432
[2026-06-04T06:37:57.380+0000] {subprocess.py:93} INFO - DATABASE  : metadata_db
[2026-06-04T06:37:57.382+0000] {subprocess.py:93} INFO - USERNAME  : teamuser
[2026-06-04T06:37:57.384+0000] {subprocess.py:93} INFO - ===================================
[2026-06-04T06:37:57.386+0000] {subprocess.py:93} INFO - 
[2026-06-04T06:37:57.387+0000] {subprocess.py:93} INFO - Connected to POSTGRES successfully.
[2026-06-04T06:37:57.387+0000] {subprocess.py:93} INFO - 
[2026-06-04T06:37:57.388+0000] {subprocess.py:93} INFO - Running pipeline: local_to_postgres_pipeline (storage_to_db)
[2026-06-04T06:37:57.389+0000] {subprocess.py:93} INFO - Loading table: customer (2 rows)
[2026-06-04T06:37:57.390+0000] {subprocess.py:93} INFO - Loading table: data pic1 (91 rows)
[2026-06-04T06:37:57.390+0000] {subprocess.py:93} INFO - Loading table: employee (20 rows)
[2026-06-04T06:37:57.391+0000] {subprocess.py:93} INFO - Loading table: employee_data (100 rows)
[2026-06-04T06:37:57.392+0000] {subprocess.py:93} INFO - Loading table: sample (2 rows)
[2026-06-04T06:37:57.392+0000] {subprocess.py:93} INFO - Loading table: word (12 rows)
[2026-06-04T06:37:57.392+0000] {subprocess.py:93} INFO - Processed total rows: 227
[2026-06-04T06:37:57.393+0000] {subprocess.py:93} INFO - Completed: 227 rows processed
[2026-06-04T06:37:58.266+0000] {subprocess.py:97} INFO - Command exited with return code 0
[2026-06-04T06:37:58.279+0000] {taskinstance.py:441} INFO - ::group::Post task execution logs
[2026-06-04T06:37:58.582+0000] {taskinstance.py:1206} INFO - Marking task as SUCCESS. dag_id=local_to_postgres_pipeline, task_id=run_pipeline_4, run_id=scheduled__2026-06-04T06:30:00+00:00, execution_date=20260604T063000, start_date=20260604T063503, end_date=20260604T063758
[2026-06-04T06:37:58.670+0000] {local_task_job_runner.py:240} INFO - Task exited with return code 0
[2026-06-04T06:37:58.866+0000] {taskinstance.py:3498} INFO - 0 downstream tasks scheduled from follow-on schedule check
[2026-06-04T06:37:58.872+0000] {local_task_job_runner.py:222} INFO - ::endgroup::
