[2026-06-01T09:32:04.325+0000] {local_task_job_runner.py:120} INFO - ::group::Pre task execution logs
[2026-06-01T09:32:04.374+0000] {taskinstance.py:2076} INFO - Dependencies all met for dep_context=non-requeueable deps ti=<TaskInstance: dynamic_metadata_pipeline.run_pipeline_5 scheduled__2026-05-31T02:00:00+00:00 [queued]>
[2026-06-01T09:32:04.386+0000] {taskinstance.py:2076} INFO - Dependencies all met for dep_context=requeueable deps ti=<TaskInstance: dynamic_metadata_pipeline.run_pipeline_5 scheduled__2026-05-31T02:00:00+00:00 [queued]>
[2026-06-01T09:32:04.386+0000] {taskinstance.py:2306} INFO - Starting attempt 1 of 2
[2026-06-01T09:32:04.402+0000] {taskinstance.py:2330} INFO - Executing <Task(BashOperator): run_pipeline_5> on 2026-05-31 02:00:00+00:00
[2026-06-01T09:32:04.418+0000] {standard_task_runner.py:90} INFO - Running: ['***', 'tasks', 'run', 'dynamic_metadata_pipeline', 'run_pipeline_5', 'scheduled__2026-05-31T02:00:00+00:00', '--job-id', '85', '--raw', '--subdir', 'DAGS_FOLDER/dynamic_pipeline_dag.py', '--cfg-path', '/tmp/tmpdferbq02']
[2026-06-01T09:32:04.424+0000] {standard_task_runner.py:91} INFO - Job 85: Subtask run_pipeline_5
[2026-06-01T09:32:04.424+0000] {logging_mixin.py:188} WARNING - /home/***/.local/lib/python3.12/site-packages/***/task/task_runner/standard_task_runner.py:61 DeprecationWarning: This process (pid=1668) is multi-threaded, use of fork() may lead to deadlocks in the child.
[2026-06-01T09:32:04.425+0000] {standard_task_runner.py:63} INFO - Started process 1673 to run task
[2026-06-01T09:32:04.484+0000] {task_command.py:426} INFO - Running <TaskInstance: dynamic_metadata_pipeline.run_pipeline_5 scheduled__2026-05-31T02:00:00+00:00 [running]> on host 1103cbeaed03
[2026-06-01T09:32:04.591+0000] {taskinstance.py:2648} INFO - Exporting env vars: AIRFLOW_CTX_DAG_OWNER='subashri' AIRFLOW_CTX_DAG_ID='dynamic_metadata_pipeline' AIRFLOW_CTX_TASK_ID='run_pipeline_5' AIRFLOW_CTX_EXECUTION_DATE='2026-05-31T02:00:00+00:00' AIRFLOW_CTX_TRY_NUMBER='1' AIRFLOW_CTX_DAG_RUN_ID='scheduled__2026-05-31T02:00:00+00:00'
[2026-06-01T09:32:04.592+0000] {taskinstance.py:430} INFO - ::endgroup::
[2026-06-01T09:32:04.616+0000] {subprocess.py:63} INFO - Tmp dir root location: /tmp
[2026-06-01T09:32:04.617+0000] {subprocess.py:75} INFO - Running command: ['/usr/bin/bash', '-c', 'cd /opt/***/src && python main.py 5']
[2026-06-01T09:32:04.640+0000] {subprocess.py:86} INFO - Output:
[2026-06-01T09:32:08.868+0000] {subprocess.py:93} INFO - 
[2026-06-01T09:32:08.869+0000] {subprocess.py:93} INFO - ===================================
[2026-06-01T09:32:08.869+0000] {subprocess.py:93} INFO - DATABASE CONNECTION CONFIG
[2026-06-01T09:32:08.870+0000] {subprocess.py:93} INFO - ===================================
[2026-06-01T09:32:08.870+0000] {subprocess.py:93} INFO - DB TYPE   : postgres
[2026-06-01T09:32:08.871+0000] {subprocess.py:93} INFO - HOST      : 3.107.8.33
[2026-06-01T09:32:08.872+0000] {subprocess.py:93} INFO - PORT      : 5432
[2026-06-01T09:32:08.873+0000] {subprocess.py:93} INFO - DATABASE  : metadata_db
[2026-06-01T09:32:08.873+0000] {subprocess.py:93} INFO - USERNAME  : teamuser
[2026-06-01T09:32:08.874+0000] {subprocess.py:93} INFO - ===================================
[2026-06-01T09:32:08.874+0000] {subprocess.py:93} INFO - 
[2026-06-01T09:32:08.875+0000] {subprocess.py:93} INFO - Connected to POSTGRES successfully.
[2026-06-01T09:32:08.876+0000] {subprocess.py:93} INFO - 
[2026-06-01T09:32:08.877+0000] {subprocess.py:93} INFO - Running pipeline: s3_to_postgres_pipeline (storage_to_db)
[2026-06-01T09:32:08.878+0000] {subprocess.py:93} INFO - ❌ Failed: Unsupported input source 'file'. Use 'local', 's3', or 'azure'.
[2026-06-01T09:32:09.027+0000] {subprocess.py:97} INFO - Command exited with return code 0
[2026-06-01T09:32:09.028+0000] {taskinstance.py:441} INFO - ::group::Post task execution logs
[2026-06-01T09:32:09.055+0000] {taskinstance.py:1206} INFO - Marking task as SUCCESS. dag_id=dynamic_metadata_pipeline, task_id=run_pipeline_5, run_id=scheduled__2026-05-31T02:00:00+00:00, execution_date=20260531T020000, start_date=20260601T093204, end_date=20260601T093209
[2026-06-01T09:32:09.107+0000] {local_task_job_runner.py:240} INFO - Task exited with return code 0
[2026-06-01T09:32:09.124+0000] {taskinstance.py:3498} INFO - 0 downstream tasks scheduled from follow-on schedule check
[2026-06-01T09:32:09.127+0000] {local_task_job_runner.py:222} INFO - ::endgroup::
