[2026-05-28T11:08:34.423+0000] {local_task_job_runner.py:120} INFO - ::group::Pre task execution logs
[2026-05-28T11:08:34.465+0000] {taskinstance.py:2076} INFO - Dependencies all met for dep_context=non-requeueable deps ti=<TaskInstance: dynamic_metadata_pipeline.run_pipeline_1 manual__2026-05-28T11:03:30.940319+00:00 [queued]>
[2026-05-28T11:08:34.475+0000] {taskinstance.py:2076} INFO - Dependencies all met for dep_context=requeueable deps ti=<TaskInstance: dynamic_metadata_pipeline.run_pipeline_1 manual__2026-05-28T11:03:30.940319+00:00 [queued]>
[2026-05-28T11:08:34.477+0000] {taskinstance.py:2306} INFO - Starting attempt 2 of 2
[2026-05-28T11:08:34.495+0000] {taskinstance.py:2330} INFO - Executing <Task(BashOperator): run_pipeline_1> on 2026-05-28 11:03:30.940319+00:00
[2026-05-28T11:08:34.502+0000] {standard_task_runner.py:90} INFO - Running: ['***', 'tasks', 'run', 'dynamic_metadata_pipeline', 'run_pipeline_1', 'manual__2026-05-28T11:03:30.940319+00:00', '--job-id', '19', '--raw', '--subdir', 'DAGS_FOLDER/dynamic_pipeline_dag.py', '--cfg-path', '/tmp/tmp568cbpy9']
[2026-05-28T11:08:34.506+0000] {standard_task_runner.py:91} INFO - Job 19: Subtask run_pipeline_1
[2026-05-28T11:08:34.507+0000] {logging_mixin.py:188} WARNING - /home/***/.local/lib/python3.12/site-packages/***/task/task_runner/standard_task_runner.py:61 DeprecationWarning: This process (pid=241) is multi-threaded, use of fork() may lead to deadlocks in the child.
[2026-05-28T11:08:34.508+0000] {standard_task_runner.py:63} INFO - Started process 242 to run task
[2026-05-28T11:08:34.571+0000] {task_command.py:426} INFO - Running <TaskInstance: dynamic_metadata_pipeline.run_pipeline_1 manual__2026-05-28T11:03:30.940319+00:00 [running]> on host 8a92437a7f72
[2026-05-28T11:08:34.662+0000] {taskinstance.py:2648} INFO - Exporting env vars: AIRFLOW_CTX_DAG_OWNER='subashri' AIRFLOW_CTX_DAG_ID='dynamic_metadata_pipeline' AIRFLOW_CTX_TASK_ID='run_pipeline_1' AIRFLOW_CTX_EXECUTION_DATE='2026-05-28T11:03:30.940319+00:00' AIRFLOW_CTX_TRY_NUMBER='2' AIRFLOW_CTX_DAG_RUN_ID='manual__2026-05-28T11:03:30.940319+00:00'
[2026-05-28T11:08:34.663+0000] {taskinstance.py:430} INFO - ::endgroup::
[2026-05-28T11:08:34.685+0000] {subprocess.py:63} INFO - Tmp dir root location: /tmp
[2026-05-28T11:08:34.686+0000] {subprocess.py:75} INFO - Running command: ['/usr/bin/bash', '-c', 'cd /opt/***/src && python main.py 1']
[2026-05-28T11:08:34.695+0000] {subprocess.py:86} INFO - Output:
[2026-05-28T11:08:35.102+0000] {subprocess.py:93} INFO - Traceback (most recent call last):
[2026-05-28T11:08:35.104+0000] {subprocess.py:93} INFO -   File "/opt/***/src/main.py", line 3, in <module>
[2026-05-28T11:08:35.112+0000] {subprocess.py:93} INFO -     from metadata_reader import load_metadata
[2026-05-28T11:08:35.114+0000] {subprocess.py:93} INFO -   File "/opt/***/src/metadata_reader.py", line 5, in <module>
[2026-05-28T11:08:35.121+0000] {subprocess.py:93} INFO -     from extractor import extract_data
[2026-05-28T11:08:35.123+0000] {subprocess.py:93} INFO -   File "/opt/***/src/extractor.py", line 1, in <module>
[2026-05-28T11:08:35.130+0000] {subprocess.py:93} INFO -     import pandas as pd
[2026-05-28T11:08:35.132+0000] {subprocess.py:93} INFO -   File "/home/***/.local/lib/python3.12/site-packages/pandas/__init__.py", line 46, in <module>
[2026-05-28T11:08:35.134+0000] {subprocess.py:93} INFO -     from pandas.core.api import (
[2026-05-28T11:08:35.135+0000] {subprocess.py:93} INFO -   File "/home/***/.local/lib/python3.12/site-packages/pandas/core/api.py", line 1, in <module>
[2026-05-28T11:08:35.136+0000] {subprocess.py:93} INFO -     from pandas._libs import (
[2026-05-28T11:08:35.137+0000] {subprocess.py:93} INFO -   File "/home/***/.local/lib/python3.12/site-packages/pandas/_libs/__init__.py", line 18, in <module>
[2026-05-28T11:08:35.139+0000] {subprocess.py:93} INFO -     from pandas._libs.interval import Interval
[2026-05-28T11:08:35.140+0000] {subprocess.py:93} INFO -   File "interval.pyx", line 1, in init pandas._libs.interval
[2026-05-28T11:08:35.142+0000] {subprocess.py:93} INFO - ValueError: numpy.dtype size changed, may indicate binary incompatibility. Expected 96 from C header, got 88 from PyObject
[2026-05-28T11:08:35.172+0000] {subprocess.py:97} INFO - Command exited with return code 1
[2026-05-28T11:08:35.174+0000] {taskinstance.py:441} INFO - ::group::Post task execution logs
[2026-05-28T11:08:35.186+0000] {taskinstance.py:2905} ERROR - Task failed with exception
Traceback (most recent call last):
  File "/home/airflow/.local/lib/python3.12/site-packages/airflow/models/taskinstance.py", line 465, in _execute_task
    result = _execute_callable(context=context, **execute_callable_kwargs)
             ^^^^^^^^^^^^^^^^^^^^^^^^^^^^^^^^^^^^^^^^^^^^^^^^^^^^^^^^^^^^^
  File "/home/airflow/.local/lib/python3.12/site-packages/airflow/models/taskinstance.py", line 432, in _execute_callable
    return execute_callable(context=context, **execute_callable_kwargs)
           ^^^^^^^^^^^^^^^^^^^^^^^^^^^^^^^^^^^^^^^^^^^^^^^^^^^^^^^^^^^^
  File "/home/airflow/.local/lib/python3.12/site-packages/airflow/models/baseoperator.py", line 400, in wrapper
    return func(self, *args, **kwargs)
           ^^^^^^^^^^^^^^^^^^^^^^^^^^^
  File "/home/airflow/.local/lib/python3.12/site-packages/airflow/operators/bash.py", line 243, in execute
    raise AirflowException(
airflow.exceptions.AirflowException: Bash command failed. The command returned a non-zero exit code 1.
[2026-05-28T11:08:35.193+0000] {taskinstance.py:1206} INFO - Marking task as FAILED. dag_id=dynamic_metadata_pipeline, task_id=run_pipeline_1, run_id=manual__2026-05-28T11:03:30.940319+00:00, execution_date=20260528T110330, start_date=20260528T110834, end_date=20260528T110835
[2026-05-28T11:08:35.223+0000] {standard_task_runner.py:110} ERROR - Failed to execute job 19 for task run_pipeline_1 (Bash command failed. The command returned a non-zero exit code 1.; 242)
[2026-05-28T11:08:35.251+0000] {local_task_job_runner.py:240} INFO - Task exited with return code 1
[2026-05-28T11:08:35.289+0000] {taskinstance.py:3498} INFO - 0 downstream tasks scheduled from follow-on schedule check
[2026-05-28T11:08:35.298+0000] {local_task_job_runner.py:222} INFO - ::endgroup::
