[2026-06-22T07:11:17.687+0000] {local_task_job_runner.py:120} INFO - ::group::Pre task execution logs
[2026-06-22T07:11:17.754+0000] {taskinstance.py:2076} INFO - Dependencies all met for dep_context=non-requeueable deps ti=<TaskInstance: sales_db_to_postgres.run_pipeline_8 manual__20260622T070409 [queued]>
[2026-06-22T07:11:17.764+0000] {taskinstance.py:2076} INFO - Dependencies all met for dep_context=requeueable deps ti=<TaskInstance: sales_db_to_postgres.run_pipeline_8 manual__20260622T070409 [queued]>
[2026-06-22T07:11:17.766+0000] {taskinstance.py:2306} INFO - Starting attempt 2 of 2
[2026-06-22T07:11:17.785+0000] {taskinstance.py:2330} INFO - Executing <Task(BashOperator): run_pipeline_8> on 2026-06-22 07:04:09.321389+00:00
[2026-06-22T07:11:17.793+0000] {standard_task_runner.py:90} INFO - Running: ['***', 'tasks', 'run', 'sales_db_to_postgres', 'run_pipeline_8', 'manual__20260622T070409', '--job-id', '360', '--raw', '--subdir', 'DAGS_FOLDER/dynamic_pipeline_generator.py', '--cfg-path', '/tmp/tmpvky8nwun']
[2026-06-22T07:11:17.798+0000] {standard_task_runner.py:91} INFO - Job 360: Subtask run_pipeline_8
[2026-06-22T07:11:17.799+0000] {logging_mixin.py:188} WARNING - /home/***/.local/lib/python3.12/site-packages/***/task/task_runner/standard_task_runner.py:61 DeprecationWarning: This process (pid=2324) is multi-threaded, use of fork() may lead to deadlocks in the child.
[2026-06-22T07:11:17.800+0000] {standard_task_runner.py:63} INFO - Started process 2325 to run task
[2026-06-22T07:11:17.862+0000] {task_command.py:426} INFO - Running <TaskInstance: sales_db_to_postgres.run_pipeline_8 manual__20260622T070409 [running]> on host c0efc7bf2406
[2026-06-22T07:11:17.962+0000] {taskinstance.py:2648} INFO - Exporting env vars: AIRFLOW_CTX_DAG_OWNER='subashri' AIRFLOW_CTX_DAG_ID='sales_db_to_postgres' AIRFLOW_CTX_TASK_ID='run_pipeline_8' AIRFLOW_CTX_EXECUTION_DATE='2026-06-22T07:04:09.321389+00:00' AIRFLOW_CTX_TRY_NUMBER='2' AIRFLOW_CTX_DAG_RUN_ID='manual__20260622T070409'
[2026-06-22T07:11:17.964+0000] {taskinstance.py:430} INFO - ::endgroup::
[2026-06-22T07:11:17.985+0000] {subprocess.py:63} INFO - Tmp dir root location: /tmp
[2026-06-22T07:11:17.987+0000] {subprocess.py:75} INFO - Running command: ['/usr/bin/bash', '-c', 'cd /opt/***/src && python main.py 8']
[2026-06-22T07:11:17.999+0000] {subprocess.py:86} INFO - Output:
[2026-06-22T07:11:23.545+0000] {subprocess.py:93} INFO - 
[2026-06-22T07:11:23.547+0000] {subprocess.py:93} INFO - ===================================
[2026-06-22T07:11:23.549+0000] {subprocess.py:93} INFO - DATABASE CONNECTION CONFIG
[2026-06-22T07:11:23.550+0000] {subprocess.py:93} INFO - ===================================
[2026-06-22T07:11:23.551+0000] {subprocess.py:93} INFO - DB TYPE   : postgres
[2026-06-22T07:11:23.552+0000] {subprocess.py:93} INFO - HOST      : 3.107.8.33
[2026-06-22T07:11:23.553+0000] {subprocess.py:93} INFO - PORT      : 5432
[2026-06-22T07:11:23.554+0000] {subprocess.py:93} INFO - DATABASE  : metadata_db
[2026-06-22T07:11:23.554+0000] {subprocess.py:93} INFO - USERNAME  : teamuser
[2026-06-22T07:11:23.555+0000] {subprocess.py:93} INFO - ===================================
[2026-06-22T07:11:23.556+0000] {subprocess.py:93} INFO - 
[2026-06-22T07:11:23.557+0000] {subprocess.py:93} INFO - Connected to POSTGRES successfully.
[2026-06-22T07:11:23.558+0000] {subprocess.py:93} INFO - 
[2026-06-22T07:11:23.559+0000] {subprocess.py:93} INFO - Running pipeline: sales_db_to_postgres (db_to_db)
[2026-06-22T07:11:23.559+0000] {subprocess.py:93} INFO - 
[2026-06-22T07:11:23.560+0000] {subprocess.py:93} INFO - ===================================
[2026-06-22T07:11:23.561+0000] {subprocess.py:93} INFO - DATABASE CONNECTION CONFIG
[2026-06-22T07:11:23.561+0000] {subprocess.py:93} INFO - ===================================
[2026-06-22T07:11:23.562+0000] {subprocess.py:93} INFO - DB TYPE   : mysql
[2026-06-22T07:11:23.563+0000] {subprocess.py:93} INFO - HOST      : localhost
[2026-06-22T07:11:23.564+0000] {subprocess.py:93} INFO - PORT      : 3306
[2026-06-22T07:11:23.564+0000] {subprocess.py:93} INFO - DATABASE  : sales_db
[2026-06-22T07:11:23.565+0000] {subprocess.py:93} INFO - USERNAME  :
[2026-06-22T07:11:23.566+0000] {subprocess.py:93} INFO - ===================================
[2026-06-22T07:11:23.567+0000] {subprocess.py:93} INFO - 
[2026-06-22T07:11:23.568+0000] {subprocess.py:93} INFO - ❌ Failed: Could not connect to MYSQL: (pymysql.err.OperationalError) (2003, "Can't connect to MySQL server on 'localhost' ([Errno 111] Connection refused)")
[2026-06-22T07:11:23.568+0000] {subprocess.py:93} INFO - (Background on this error at: https://sqlalche.me/e/14/e3q8)
[2026-06-22T07:11:23.569+0000] {subprocess.py:93} INFO - Traceback (most recent call last):
[2026-06-22T07:11:23.569+0000] {subprocess.py:93} INFO -   File "/home/***/.local/lib/python3.12/site-packages/pymysql/connections.py", line 682, in connect
[2026-06-22T07:11:23.570+0000] {subprocess.py:93} INFO -     sock = socket.create_connection(
[2026-06-22T07:11:23.571+0000] {subprocess.py:93} INFO -            ^^^^^^^^^^^^^^^^^^^^^^^^^
[2026-06-22T07:11:23.571+0000] {subprocess.py:93} INFO -   File "/usr/local/lib/python3.12/socket.py", line 852, in create_connection
[2026-06-22T07:11:23.572+0000] {subprocess.py:93} INFO -     raise exceptions[0]
[2026-06-22T07:11:23.573+0000] {subprocess.py:93} INFO -   File "/usr/local/lib/python3.12/socket.py", line 837, in create_connection
[2026-06-22T07:11:23.573+0000] {subprocess.py:93} INFO -     sock.connect(sa)
[2026-06-22T07:11:23.574+0000] {subprocess.py:93} INFO - ConnectionRefusedError: [Errno 111] Connection refused
[2026-06-22T07:11:23.575+0000] {subprocess.py:93} INFO - 
[2026-06-22T07:11:23.575+0000] {subprocess.py:93} INFO - During handling of the above exception, another exception occurred:
[2026-06-22T07:11:23.576+0000] {subprocess.py:93} INFO - 
[2026-06-22T07:11:23.577+0000] {subprocess.py:93} INFO - Traceback (most recent call last):
[2026-06-22T07:11:23.578+0000] {subprocess.py:93} INFO -   File "/home/***/.local/lib/python3.12/site-packages/sqlalchemy/engine/base.py", line 3371, in _wrap_pool_connect
[2026-06-22T07:11:23.578+0000] {subprocess.py:93} INFO -     return fn()
[2026-06-22T07:11:23.579+0000] {subprocess.py:93} INFO -            ^^^^
[2026-06-22T07:11:23.579+0000] {subprocess.py:93} INFO -   File "/home/***/.local/lib/python3.12/site-packages/sqlalchemy/pool/base.py", line 327, in connect
[2026-06-22T07:11:23.580+0000] {subprocess.py:93} INFO -     return _ConnectionFairy._checkout(self)
[2026-06-22T07:11:23.581+0000] {subprocess.py:93} INFO -            ^^^^^^^^^^^^^^^^^^^^^^^^^^^^^^^^
[2026-06-22T07:11:23.582+0000] {subprocess.py:93} INFO -   File "/home/***/.local/lib/python3.12/site-packages/sqlalchemy/pool/base.py", line 894, in _checkout
[2026-06-22T07:11:23.582+0000] {subprocess.py:93} INFO -     fairy = _ConnectionRecord.checkout(pool)
[2026-06-22T07:11:23.583+0000] {subprocess.py:93} INFO -             ^^^^^^^^^^^^^^^^^^^^^^^^^^^^^^^^
[2026-06-22T07:11:23.584+0000] {subprocess.py:93} INFO -   File "/home/***/.local/lib/python3.12/site-packages/sqlalchemy/pool/base.py", line 493, in checkout
[2026-06-22T07:11:23.584+0000] {subprocess.py:93} INFO -     rec = pool._do_get()
[2026-06-22T07:11:23.585+0000] {subprocess.py:93} INFO -           ^^^^^^^^^^^^^^
[2026-06-22T07:11:23.586+0000] {subprocess.py:93} INFO -   File "/home/***/.local/lib/python3.12/site-packages/sqlalchemy/pool/impl.py", line 145, in _do_get
[2026-06-22T07:11:23.586+0000] {subprocess.py:93} INFO -     with util.safe_reraise():
[2026-06-22T07:11:23.587+0000] {subprocess.py:93} INFO -   File "/home/***/.local/lib/python3.12/site-packages/sqlalchemy/util/langhelpers.py", line 70, in __exit__
[2026-06-22T07:11:23.587+0000] {subprocess.py:93} INFO -     compat.raise_(
[2026-06-22T07:11:23.588+0000] {subprocess.py:93} INFO -   File "/home/***/.local/lib/python3.12/site-packages/sqlalchemy/util/compat.py", line 211, in raise_
[2026-06-22T07:11:23.589+0000] {subprocess.py:93} INFO -     raise exception
[2026-06-22T07:11:23.590+0000] {subprocess.py:93} INFO -   File "/home/***/.local/lib/python3.12/site-packages/sqlalchemy/pool/impl.py", line 143, in _do_get
[2026-06-22T07:11:23.590+0000] {subprocess.py:93} INFO -     return self._create_connection()
[2026-06-22T07:11:23.591+0000] {subprocess.py:93} INFO -            ^^^^^^^^^^^^^^^^^^^^^^^^^
[2026-06-22T07:11:23.591+0000] {subprocess.py:93} INFO -   File "/home/***/.local/lib/python3.12/site-packages/sqlalchemy/pool/base.py", line 273, in _create_connection
[2026-06-22T07:11:23.592+0000] {subprocess.py:93} INFO -     return _ConnectionRecord(self)
[2026-06-22T07:11:23.593+0000] {subprocess.py:93} INFO -            ^^^^^^^^^^^^^^^^^^^^^^^
[2026-06-22T07:11:23.594+0000] {subprocess.py:93} INFO -   File "/home/***/.local/lib/python3.12/site-packages/sqlalchemy/pool/base.py", line 388, in __init__
[2026-06-22T07:11:23.595+0000] {subprocess.py:93} INFO -     self.__connect()
[2026-06-22T07:11:23.595+0000] {subprocess.py:93} INFO -   File "/home/***/.local/lib/python3.12/site-packages/sqlalchemy/pool/base.py", line 690, in __connect
[2026-06-22T07:11:23.596+0000] {subprocess.py:93} INFO -     with util.safe_reraise():
[2026-06-22T07:11:23.597+0000] {subprocess.py:93} INFO -   File "/home/***/.local/lib/python3.12/site-packages/sqlalchemy/util/langhelpers.py", line 70, in __exit__
[2026-06-22T07:11:23.598+0000] {subprocess.py:93} INFO -     compat.raise_(
[2026-06-22T07:11:23.598+0000] {subprocess.py:93} INFO -   File "/home/***/.local/lib/python3.12/site-packages/sqlalchemy/util/compat.py", line 211, in raise_
[2026-06-22T07:11:23.599+0000] {subprocess.py:93} INFO -     raise exception
[2026-06-22T07:11:23.600+0000] {subprocess.py:93} INFO -   File "/home/***/.local/lib/python3.12/site-packages/sqlalchemy/pool/base.py", line 686, in __connect
[2026-06-22T07:11:23.601+0000] {subprocess.py:93} INFO -     self.dbapi_connection = connection = pool._invoke_creator(self)
[2026-06-22T07:11:23.602+0000] {subprocess.py:93} INFO -                                          ^^^^^^^^^^^^^^^^^^^^^^^^^^
[2026-06-22T07:11:23.602+0000] {subprocess.py:93} INFO -   File "/home/***/.local/lib/python3.12/site-packages/sqlalchemy/engine/create.py", line 574, in connect
[2026-06-22T07:11:23.603+0000] {subprocess.py:93} INFO -     return dialect.connect(*cargs, **cparams)
[2026-06-22T07:11:23.604+0000] {subprocess.py:93} INFO -            ^^^^^^^^^^^^^^^^^^^^^^^^^^^^^^^^^^
[2026-06-22T07:11:23.605+0000] {subprocess.py:93} INFO -   File "/home/***/.local/lib/python3.12/site-packages/sqlalchemy/engine/default.py", line 598, in connect
[2026-06-22T07:11:23.606+0000] {subprocess.py:93} INFO -     return self.dbapi.connect(*cargs, **cparams)
[2026-06-22T07:11:23.606+0000] {subprocess.py:93} INFO -            ^^^^^^^^^^^^^^^^^^^^^^^^^^^^^^^^^^^^^
[2026-06-22T07:11:23.607+0000] {subprocess.py:93} INFO -   File "/home/***/.local/lib/python3.12/site-packages/pymysql/connections.py", line 372, in __init__
[2026-06-22T07:11:23.608+0000] {subprocess.py:93} INFO -     self.connect()
[2026-06-22T07:11:23.609+0000] {subprocess.py:93} INFO -   File "/home/***/.local/lib/python3.12/site-packages/pymysql/connections.py", line 744, in connect
[2026-06-22T07:11:23.610+0000] {subprocess.py:93} INFO -     raise exc
[2026-06-22T07:11:23.610+0000] {subprocess.py:93} INFO - pymysql.err.OperationalError: (2003, "Can't connect to MySQL server on 'localhost' ([Errno 111] Connection refused)")
[2026-06-22T07:11:23.611+0000] {subprocess.py:93} INFO - 
[2026-06-22T07:11:23.612+0000] {subprocess.py:93} INFO - The above exception was the direct cause of the following exception:
[2026-06-22T07:11:23.613+0000] {subprocess.py:93} INFO - 
[2026-06-22T07:11:23.614+0000] {subprocess.py:93} INFO - Traceback (most recent call last):
[2026-06-22T07:11:23.615+0000] {subprocess.py:93} INFO -   File "/opt/***/src/extractor.py", line 172, in connect_db
[2026-06-22T07:11:23.616+0000] {subprocess.py:93} INFO -     with engine.connect() as conn:
[2026-06-22T07:11:23.617+0000] {subprocess.py:93} INFO -          ^^^^^^^^^^^^^^^^
[2026-06-22T07:11:23.618+0000] {subprocess.py:93} INFO -   File "/home/***/.local/lib/python3.12/site-packages/sqlalchemy/engine/base.py", line 3325, in connect
[2026-06-22T07:11:23.619+0000] {subprocess.py:93} INFO -     return self._connection_cls(self, close_with_result=close_with_result)
[2026-06-22T07:11:23.619+0000] {subprocess.py:93} INFO -            ^^^^^^^^^^^^^^^^^^^^^^^^^^^^^^^^^^^^^^^^^^^^^^^^^^^^^^^^^^^^^^^
[2026-06-22T07:11:23.620+0000] {subprocess.py:93} INFO -   File "/home/***/.local/lib/python3.12/site-packages/sqlalchemy/engine/base.py", line 96, in __init__
[2026-06-22T07:11:23.621+0000] {subprocess.py:93} INFO -     else engine.raw_connection()
[2026-06-22T07:11:23.622+0000] {subprocess.py:93} INFO -          ^^^^^^^^^^^^^^^^^^^^^^^
[2026-06-22T07:11:23.623+0000] {subprocess.py:93} INFO -   File "/home/***/.local/lib/python3.12/site-packages/sqlalchemy/engine/base.py", line 3404, in raw_connection
[2026-06-22T07:11:23.624+0000] {subprocess.py:93} INFO -     return self._wrap_pool_connect(self.pool.connect, _connection)
[2026-06-22T07:11:23.625+0000] {subprocess.py:93} INFO -            ^^^^^^^^^^^^^^^^^^^^^^^^^^^^^^^^^^^^^^^^^^^^^^^^^^^^^^^
[2026-06-22T07:11:23.626+0000] {subprocess.py:93} INFO -   File "/home/***/.local/lib/python3.12/site-packages/sqlalchemy/engine/base.py", line 3374, in _wrap_pool_connect
[2026-06-22T07:11:23.627+0000] {subprocess.py:93} INFO -     Connection._handle_dbapi_exception_noconnection(
[2026-06-22T07:11:23.627+0000] {subprocess.py:93} INFO -   File "/home/***/.local/lib/python3.12/site-packages/sqlalchemy/engine/base.py", line 2208, in _handle_dbapi_exception_noconnection
[2026-06-22T07:11:23.628+0000] {subprocess.py:93} INFO -     util.raise_(
[2026-06-22T07:11:23.629+0000] {subprocess.py:93} INFO -   File "/home/***/.local/lib/python3.12/site-packages/sqlalchemy/util/compat.py", line 211, in raise_
[2026-06-22T07:11:23.630+0000] {subprocess.py:93} INFO -     raise exception
[2026-06-22T07:11:23.631+0000] {subprocess.py:93} INFO -   File "/home/***/.local/lib/python3.12/site-packages/sqlalchemy/engine/base.py", line 3371, in _wrap_pool_connect
[2026-06-22T07:11:23.632+0000] {subprocess.py:93} INFO -     return fn()
[2026-06-22T07:11:23.633+0000] {subprocess.py:93} INFO -            ^^^^
[2026-06-22T07:11:23.634+0000] {subprocess.py:93} INFO -   File "/home/***/.local/lib/python3.12/site-packages/sqlalchemy/pool/base.py", line 327, in connect
[2026-06-22T07:11:23.635+0000] {subprocess.py:93} INFO -     return _ConnectionFairy._checkout(self)
[2026-06-22T07:11:23.636+0000] {subprocess.py:93} INFO -            ^^^^^^^^^^^^^^^^^^^^^^^^^^^^^^^^
[2026-06-22T07:11:23.636+0000] {subprocess.py:93} INFO -   File "/home/***/.local/lib/python3.12/site-packages/sqlalchemy/pool/base.py", line 894, in _checkout
[2026-06-22T07:11:23.638+0000] {subprocess.py:93} INFO -     fairy = _ConnectionRecord.checkout(pool)
[2026-06-22T07:11:23.638+0000] {subprocess.py:93} INFO -             ^^^^^^^^^^^^^^^^^^^^^^^^^^^^^^^^
[2026-06-22T07:11:23.639+0000] {subprocess.py:93} INFO -   File "/home/***/.local/lib/python3.12/site-packages/sqlalchemy/pool/base.py", line 493, in checkout
[2026-06-22T07:11:23.640+0000] {subprocess.py:93} INFO -     rec = pool._do_get()
[2026-06-22T07:11:23.641+0000] {subprocess.py:93} INFO -           ^^^^^^^^^^^^^^
[2026-06-22T07:11:23.642+0000] {subprocess.py:93} INFO -   File "/home/***/.local/lib/python3.12/site-packages/sqlalchemy/pool/impl.py", line 145, in _do_get
[2026-06-22T07:11:23.643+0000] {subprocess.py:93} INFO -     with util.safe_reraise():
[2026-06-22T07:11:23.644+0000] {subprocess.py:93} INFO -   File "/home/***/.local/lib/python3.12/site-packages/sqlalchemy/util/langhelpers.py", line 70, in __exit__
[2026-06-22T07:11:23.645+0000] {subprocess.py:93} INFO -     compat.raise_(
[2026-06-22T07:11:23.646+0000] {subprocess.py:93} INFO -   File "/home/***/.local/lib/python3.12/site-packages/sqlalchemy/util/compat.py", line 211, in raise_
[2026-06-22T07:11:23.647+0000] {subprocess.py:93} INFO -     raise exception
[2026-06-22T07:11:23.648+0000] {subprocess.py:93} INFO -   File "/home/***/.local/lib/python3.12/site-packages/sqlalchemy/pool/impl.py", line 143, in _do_get
[2026-06-22T07:11:23.649+0000] {subprocess.py:93} INFO -     return self._create_connection()
[2026-06-22T07:11:23.650+0000] {subprocess.py:93} INFO -            ^^^^^^^^^^^^^^^^^^^^^^^^^
[2026-06-22T07:11:23.651+0000] {subprocess.py:93} INFO -   File "/home/***/.local/lib/python3.12/site-packages/sqlalchemy/pool/base.py", line 273, in _create_connection
[2026-06-22T07:11:23.652+0000] {subprocess.py:93} INFO -     return _ConnectionRecord(self)
[2026-06-22T07:11:23.653+0000] {subprocess.py:93} INFO -            ^^^^^^^^^^^^^^^^^^^^^^^
[2026-06-22T07:11:23.654+0000] {subprocess.py:93} INFO -   File "/home/***/.local/lib/python3.12/site-packages/sqlalchemy/pool/base.py", line 388, in __init__
[2026-06-22T07:11:23.655+0000] {subprocess.py:93} INFO -     self.__connect()
[2026-06-22T07:11:23.656+0000] {subprocess.py:93} INFO -   File "/home/***/.local/lib/python3.12/site-packages/sqlalchemy/pool/base.py", line 690, in __connect
[2026-06-22T07:11:23.656+0000] {subprocess.py:93} INFO -     with util.safe_reraise():
[2026-06-22T07:11:23.657+0000] {subprocess.py:93} INFO -   File "/home/***/.local/lib/python3.12/site-packages/sqlalchemy/util/langhelpers.py", line 70, in __exit__
[2026-06-22T07:11:23.658+0000] {subprocess.py:93} INFO -     compat.raise_(
[2026-06-22T07:11:23.659+0000] {subprocess.py:93} INFO -   File "/home/***/.local/lib/python3.12/site-packages/sqlalchemy/util/compat.py", line 211, in raise_
[2026-06-22T07:11:23.660+0000] {subprocess.py:93} INFO -     raise exception
[2026-06-22T07:11:23.661+0000] {subprocess.py:93} INFO -   File "/home/***/.local/lib/python3.12/site-packages/sqlalchemy/pool/base.py", line 686, in __connect
[2026-06-22T07:11:23.662+0000] {subprocess.py:93} INFO -     self.dbapi_connection = connection = pool._invoke_creator(self)
[2026-06-22T07:11:23.663+0000] {subprocess.py:93} INFO -                                          ^^^^^^^^^^^^^^^^^^^^^^^^^^
[2026-06-22T07:11:23.664+0000] {subprocess.py:93} INFO -   File "/home/***/.local/lib/python3.12/site-packages/sqlalchemy/engine/create.py", line 574, in connect
[2026-06-22T07:11:23.664+0000] {subprocess.py:93} INFO -     return dialect.connect(*cargs, **cparams)
[2026-06-22T07:11:23.666+0000] {subprocess.py:93} INFO -            ^^^^^^^^^^^^^^^^^^^^^^^^^^^^^^^^^^
[2026-06-22T07:11:23.667+0000] {subprocess.py:93} INFO -   File "/home/***/.local/lib/python3.12/site-packages/sqlalchemy/engine/default.py", line 598, in connect
[2026-06-22T07:11:23.668+0000] {subprocess.py:93} INFO -     return self.dbapi.connect(*cargs, **cparams)
[2026-06-22T07:11:23.669+0000] {subprocess.py:93} INFO -            ^^^^^^^^^^^^^^^^^^^^^^^^^^^^^^^^^^^^^
[2026-06-22T07:11:23.670+0000] {subprocess.py:93} INFO -   File "/home/***/.local/lib/python3.12/site-packages/pymysql/connections.py", line 372, in __init__
[2026-06-22T07:11:23.671+0000] {subprocess.py:93} INFO -     self.connect()
[2026-06-22T07:11:23.672+0000] {subprocess.py:93} INFO -   File "/home/***/.local/lib/python3.12/site-packages/pymysql/connections.py", line 744, in connect
[2026-06-22T07:11:23.673+0000] {subprocess.py:93} INFO -     raise exc
[2026-06-22T07:11:23.674+0000] {subprocess.py:93} INFO - sqlalchemy.exc.OperationalError: (pymysql.err.OperationalError) (2003, "Can't connect to MySQL server on 'localhost' ([Errno 111] Connection refused)")
[2026-06-22T07:11:23.675+0000] {subprocess.py:93} INFO - (Background on this error at: https://sqlalche.me/e/14/e3q8)
[2026-06-22T07:11:23.676+0000] {subprocess.py:93} INFO - 
[2026-06-22T07:11:23.677+0000] {subprocess.py:93} INFO - During handling of the above exception, another exception occurred:
[2026-06-22T07:11:23.678+0000] {subprocess.py:93} INFO - 
[2026-06-22T07:11:23.679+0000] {subprocess.py:93} INFO - Traceback (most recent call last):
[2026-06-22T07:11:23.680+0000] {subprocess.py:93} INFO -   File "/opt/***/src/main.py", line 95, in <module>
[2026-06-22T07:11:23.682+0000] {subprocess.py:93} INFO -     main()
[2026-06-22T07:11:23.683+0000] {subprocess.py:93} INFO -   File "/opt/***/src/main.py", line 40, in main
[2026-06-22T07:11:23.684+0000] {subprocess.py:93} INFO -     result = run_pipeline(row)
[2026-06-22T07:11:23.685+0000] {subprocess.py:93} INFO -              ^^^^^^^^^^^^^^^^^
[2026-06-22T07:11:23.686+0000] {subprocess.py:93} INFO -   File "/opt/***/src/pipeline_executor.py", line 506, in run_pipeline
[2026-06-22T07:11:23.687+0000] {subprocess.py:93} INFO -     df = extract_data(
[2026-06-22T07:11:23.687+0000] {subprocess.py:93} INFO -          ^^^^^^^^^^^^^
[2026-06-22T07:11:23.688+0000] {subprocess.py:93} INFO -   File "/opt/***/src/extractor.py", line 203, in extract_data
[2026-06-22T07:11:23.689+0000] {subprocess.py:93} INFO -     engine = connect_db(config)
[2026-06-22T07:11:23.690+0000] {subprocess.py:93} INFO -              ^^^^^^^^^^^^^^^^^^
[2026-06-22T07:11:23.691+0000] {subprocess.py:93} INFO -   File "/opt/***/src/extractor.py", line 186, in connect_db
[2026-06-22T07:11:23.692+0000] {subprocess.py:93} INFO -     raise ConnectionError(
[2026-06-22T07:11:23.692+0000] {subprocess.py:93} INFO - ConnectionError: Could not connect to MYSQL: (pymysql.err.OperationalError) (2003, "Can't connect to MySQL server on 'localhost' ([Errno 111] Connection refused)")
[2026-06-22T07:11:23.694+0000] {subprocess.py:93} INFO - (Background on this error at: https://sqlalche.me/e/14/e3q8)
[2026-06-22T07:11:23.842+0000] {subprocess.py:97} INFO - Command exited with return code 1
[2026-06-22T07:11:23.844+0000] {taskinstance.py:441} INFO - ::group::Post task execution logs
[2026-06-22T07:11:23.857+0000] {taskinstance.py:2905} ERROR - Task failed with exception
Traceback (most recent call last):
  File "/home/airflow/.local/lib/python3.12/site-packages/airflow/models/taskinstance.py", line 465, in _execute_task
    result = _execute_callable(context=context, **execute_callable_kwargs)
             ^^^^^^^^^^^^^^^^^^^^^^^^^^^^^^^^^^^^^^^^^^^^^^^^^^^^^^^^^^^^^
  File "/home/airflow/.local/lib/python3.12/site-packages/airflow/models/taskinstance.py", line 432, in _execute_callable
    return execute_callable(context=context, **execute_callable_kwargs)
           ^^^^^^^^^^^^^^^^^^^^^^^^^^^^^^^^^^^^^^^^^^^^^^^^^^^^^^^^^^^^
  File "/home/airflow/.local/lib/python3.12/site-packages/airflow/models/baseoperator.py", line 400, in wrapper
    return func(self, *args, **kwargs)
           ^^^^^^^^^^^^^^^^^^^^^^^^^^^
  File "/home/airflow/.local/lib/python3.12/site-packages/airflow/operators/bash.py", line 243, in execute
    raise AirflowException(
airflow.exceptions.AirflowException: Bash command failed. The command returned a non-zero exit code 1.
[2026-06-22T07:11:23.863+0000] {taskinstance.py:1206} INFO - Marking task as FAILED. dag_id=sales_db_to_postgres, task_id=run_pipeline_8, run_id=manual__20260622T070409, execution_date=20260622T070409, start_date=20260622T071117, end_date=20260622T071123
[2026-06-22T07:11:23.888+0000] {standard_task_runner.py:110} ERROR - Failed to execute job 360 for task run_pipeline_8 (Bash command failed. The command returned a non-zero exit code 1.; 2325)
[2026-06-22T07:11:23.937+0000] {local_task_job_runner.py:240} INFO - Task exited with return code 1
[2026-06-22T07:11:23.956+0000] {taskinstance.py:3498} INFO - 0 downstream tasks scheduled from follow-on schedule check
[2026-06-22T07:11:23.960+0000] {local_task_job_runner.py:222} INFO - ::endgroup::
