[2026-06-22T07:15:02.201+0000] {local_task_job_runner.py:120} INFO - ::group::Pre task execution logs
[2026-06-22T07:15:02.240+0000] {taskinstance.py:2076} INFO - Dependencies all met for dep_context=non-requeueable deps ti=<TaskInstance: sales_db_to_postgres.run_pipeline_8 scheduled__2026-06-22T07:10:00+00:00 [queued]>
[2026-06-22T07:15:02.250+0000] {taskinstance.py:2076} INFO - Dependencies all met for dep_context=requeueable deps ti=<TaskInstance: sales_db_to_postgres.run_pipeline_8 scheduled__2026-06-22T07:10:00+00:00 [queued]>
[2026-06-22T07:15:02.251+0000] {taskinstance.py:2306} INFO - Starting attempt 1 of 2
[2026-06-22T07:15:02.280+0000] {taskinstance.py:2330} INFO - Executing <Task(BashOperator): run_pipeline_8> on 2026-06-22 07:10:00+00:00
[2026-06-22T07:15:02.293+0000] {standard_task_runner.py:90} INFO - Running: ['***', 'tasks', 'run', 'sales_db_to_postgres', 'run_pipeline_8', 'scheduled__2026-06-22T07:10:00+00:00', '--job-id', '361', '--raw', '--subdir', 'DAGS_FOLDER/dynamic_pipeline_generator.py', '--cfg-path', '/tmp/tmpeksf78qf']
[2026-06-22T07:15:02.298+0000] {logging_mixin.py:188} WARNING - /home/***/.local/lib/python3.12/site-packages/***/task/task_runner/standard_task_runner.py:61 DeprecationWarning: This process (pid=2415) is multi-threaded, use of fork() may lead to deadlocks in the child.
[2026-06-22T07:15:02.298+0000] {standard_task_runner.py:91} INFO - Job 361: Subtask run_pipeline_8
[2026-06-22T07:15:02.299+0000] {standard_task_runner.py:63} INFO - Started process 2416 to run task
[2026-06-22T07:15:02.370+0000] {task_command.py:426} INFO - Running <TaskInstance: sales_db_to_postgres.run_pipeline_8 scheduled__2026-06-22T07:10:00+00:00 [running]> on host c0efc7bf2406
[2026-06-22T07:15:02.485+0000] {taskinstance.py:2648} INFO - Exporting env vars: AIRFLOW_CTX_DAG_OWNER='subashri' AIRFLOW_CTX_DAG_ID='sales_db_to_postgres' AIRFLOW_CTX_TASK_ID='run_pipeline_8' AIRFLOW_CTX_EXECUTION_DATE='2026-06-22T07:10:00+00:00' AIRFLOW_CTX_TRY_NUMBER='1' AIRFLOW_CTX_DAG_RUN_ID='scheduled__2026-06-22T07:10:00+00:00'
[2026-06-22T07:15:02.486+0000] {taskinstance.py:430} INFO - ::endgroup::
[2026-06-22T07:15:02.507+0000] {subprocess.py:63} INFO - Tmp dir root location: /tmp
[2026-06-22T07:15:02.509+0000] {subprocess.py:75} INFO - Running command: ['/usr/bin/bash', '-c', 'cd /opt/***/src && python main.py 8']
[2026-06-22T07:15:02.519+0000] {subprocess.py:86} INFO - Output:
[2026-06-22T07:15:08.074+0000] {subprocess.py:93} INFO - 
[2026-06-22T07:15:08.076+0000] {subprocess.py:93} INFO - ===================================
[2026-06-22T07:15:08.077+0000] {subprocess.py:93} INFO - DATABASE CONNECTION CONFIG
[2026-06-22T07:15:08.079+0000] {subprocess.py:93} INFO - ===================================
[2026-06-22T07:15:08.080+0000] {subprocess.py:93} INFO - DB TYPE   : postgres
[2026-06-22T07:15:08.081+0000] {subprocess.py:93} INFO - HOST      : 3.107.8.33
[2026-06-22T07:15:08.083+0000] {subprocess.py:93} INFO - PORT      : 5432
[2026-06-22T07:15:08.084+0000] {subprocess.py:93} INFO - DATABASE  : metadata_db
[2026-06-22T07:15:08.086+0000] {subprocess.py:93} INFO - USERNAME  : teamuser
[2026-06-22T07:15:08.088+0000] {subprocess.py:93} INFO - ===================================
[2026-06-22T07:15:08.089+0000] {subprocess.py:93} INFO - 
[2026-06-22T07:15:08.090+0000] {subprocess.py:93} INFO - Connected to POSTGRES successfully.
[2026-06-22T07:15:08.092+0000] {subprocess.py:93} INFO - 
[2026-06-22T07:15:08.094+0000] {subprocess.py:93} INFO - Running pipeline: sales_db_to_postgres (db_to_db)
[2026-06-22T07:15:08.095+0000] {subprocess.py:93} INFO - 
[2026-06-22T07:15:08.096+0000] {subprocess.py:93} INFO - ===================================
[2026-06-22T07:15:08.097+0000] {subprocess.py:93} INFO - DATABASE CONNECTION CONFIG
[2026-06-22T07:15:08.099+0000] {subprocess.py:93} INFO - ===================================
[2026-06-22T07:15:08.100+0000] {subprocess.py:93} INFO - DB TYPE   : mysql
[2026-06-22T07:15:08.102+0000] {subprocess.py:93} INFO - HOST      : localhost
[2026-06-22T07:15:08.103+0000] {subprocess.py:93} INFO - PORT      : 3306
[2026-06-22T07:15:08.105+0000] {subprocess.py:93} INFO - DATABASE  : sales_db
[2026-06-22T07:15:08.106+0000] {subprocess.py:93} INFO - USERNAME  :
[2026-06-22T07:15:08.106+0000] {subprocess.py:93} INFO - ===================================
[2026-06-22T07:15:08.107+0000] {subprocess.py:93} INFO - 
[2026-06-22T07:15:08.108+0000] {subprocess.py:93} INFO - ❌ Failed: Could not connect to MYSQL: (pymysql.err.OperationalError) (2003, "Can't connect to MySQL server on 'localhost' ([Errno 111] Connection refused)")
[2026-06-22T07:15:08.109+0000] {subprocess.py:93} INFO - (Background on this error at: https://sqlalche.me/e/14/e3q8)
[2026-06-22T07:15:08.110+0000] {subprocess.py:93} INFO - Traceback (most recent call last):
[2026-06-22T07:15:08.110+0000] {subprocess.py:93} INFO -   File "/home/***/.local/lib/python3.12/site-packages/pymysql/connections.py", line 682, in connect
[2026-06-22T07:15:08.111+0000] {subprocess.py:93} INFO -     sock = socket.create_connection(
[2026-06-22T07:15:08.112+0000] {subprocess.py:93} INFO -            ^^^^^^^^^^^^^^^^^^^^^^^^^
[2026-06-22T07:15:08.112+0000] {subprocess.py:93} INFO -   File "/usr/local/lib/python3.12/socket.py", line 852, in create_connection
[2026-06-22T07:15:08.113+0000] {subprocess.py:93} INFO -     raise exceptions[0]
[2026-06-22T07:15:08.114+0000] {subprocess.py:93} INFO -   File "/usr/local/lib/python3.12/socket.py", line 837, in create_connection
[2026-06-22T07:15:08.115+0000] {subprocess.py:93} INFO -     sock.connect(sa)
[2026-06-22T07:15:08.115+0000] {subprocess.py:93} INFO - ConnectionRefusedError: [Errno 111] Connection refused
[2026-06-22T07:15:08.116+0000] {subprocess.py:93} INFO - 
[2026-06-22T07:15:08.117+0000] {subprocess.py:93} INFO - During handling of the above exception, another exception occurred:
[2026-06-22T07:15:08.118+0000] {subprocess.py:93} INFO - 
[2026-06-22T07:15:08.118+0000] {subprocess.py:93} INFO - Traceback (most recent call last):
[2026-06-22T07:15:08.119+0000] {subprocess.py:93} INFO -   File "/home/***/.local/lib/python3.12/site-packages/sqlalchemy/engine/base.py", line 3371, in _wrap_pool_connect
[2026-06-22T07:15:08.120+0000] {subprocess.py:93} INFO -     return fn()
[2026-06-22T07:15:08.120+0000] {subprocess.py:93} INFO -            ^^^^
[2026-06-22T07:15:08.121+0000] {subprocess.py:93} INFO -   File "/home/***/.local/lib/python3.12/site-packages/sqlalchemy/pool/base.py", line 327, in connect
[2026-06-22T07:15:08.121+0000] {subprocess.py:93} INFO -     return _ConnectionFairy._checkout(self)
[2026-06-22T07:15:08.122+0000] {subprocess.py:93} INFO -            ^^^^^^^^^^^^^^^^^^^^^^^^^^^^^^^^
[2026-06-22T07:15:08.123+0000] {subprocess.py:93} INFO -   File "/home/***/.local/lib/python3.12/site-packages/sqlalchemy/pool/base.py", line 894, in _checkout
[2026-06-22T07:15:08.123+0000] {subprocess.py:93} INFO -     fairy = _ConnectionRecord.checkout(pool)
[2026-06-22T07:15:08.124+0000] {subprocess.py:93} INFO -             ^^^^^^^^^^^^^^^^^^^^^^^^^^^^^^^^
[2026-06-22T07:15:08.124+0000] {subprocess.py:93} INFO -   File "/home/***/.local/lib/python3.12/site-packages/sqlalchemy/pool/base.py", line 493, in checkout
[2026-06-22T07:15:08.125+0000] {subprocess.py:93} INFO -     rec = pool._do_get()
[2026-06-22T07:15:08.125+0000] {subprocess.py:93} INFO -           ^^^^^^^^^^^^^^
[2026-06-22T07:15:08.126+0000] {subprocess.py:93} INFO -   File "/home/***/.local/lib/python3.12/site-packages/sqlalchemy/pool/impl.py", line 145, in _do_get
[2026-06-22T07:15:08.126+0000] {subprocess.py:93} INFO -     with util.safe_reraise():
[2026-06-22T07:15:08.127+0000] {subprocess.py:93} INFO -   File "/home/***/.local/lib/python3.12/site-packages/sqlalchemy/util/langhelpers.py", line 70, in __exit__
[2026-06-22T07:15:08.127+0000] {subprocess.py:93} INFO -     compat.raise_(
[2026-06-22T07:15:08.128+0000] {subprocess.py:93} INFO -   File "/home/***/.local/lib/python3.12/site-packages/sqlalchemy/util/compat.py", line 211, in raise_
[2026-06-22T07:15:08.129+0000] {subprocess.py:93} INFO -     raise exception
[2026-06-22T07:15:08.129+0000] {subprocess.py:93} INFO -   File "/home/***/.local/lib/python3.12/site-packages/sqlalchemy/pool/impl.py", line 143, in _do_get
[2026-06-22T07:15:08.130+0000] {subprocess.py:93} INFO -     return self._create_connection()
[2026-06-22T07:15:08.130+0000] {subprocess.py:93} INFO -            ^^^^^^^^^^^^^^^^^^^^^^^^^
[2026-06-22T07:15:08.131+0000] {subprocess.py:93} INFO -   File "/home/***/.local/lib/python3.12/site-packages/sqlalchemy/pool/base.py", line 273, in _create_connection
[2026-06-22T07:15:08.131+0000] {subprocess.py:93} INFO -     return _ConnectionRecord(self)
[2026-06-22T07:15:08.132+0000] {subprocess.py:93} INFO -            ^^^^^^^^^^^^^^^^^^^^^^^
[2026-06-22T07:15:08.133+0000] {subprocess.py:93} INFO -   File "/home/***/.local/lib/python3.12/site-packages/sqlalchemy/pool/base.py", line 388, in __init__
[2026-06-22T07:15:08.133+0000] {subprocess.py:93} INFO -     self.__connect()
[2026-06-22T07:15:08.133+0000] {subprocess.py:93} INFO -   File "/home/***/.local/lib/python3.12/site-packages/sqlalchemy/pool/base.py", line 690, in __connect
[2026-06-22T07:15:08.134+0000] {subprocess.py:93} INFO -     with util.safe_reraise():
[2026-06-22T07:15:08.134+0000] {subprocess.py:93} INFO -   File "/home/***/.local/lib/python3.12/site-packages/sqlalchemy/util/langhelpers.py", line 70, in __exit__
[2026-06-22T07:15:08.135+0000] {subprocess.py:93} INFO -     compat.raise_(
[2026-06-22T07:15:08.135+0000] {subprocess.py:93} INFO -   File "/home/***/.local/lib/python3.12/site-packages/sqlalchemy/util/compat.py", line 211, in raise_
[2026-06-22T07:15:08.136+0000] {subprocess.py:93} INFO -     raise exception
[2026-06-22T07:15:08.136+0000] {subprocess.py:93} INFO -   File "/home/***/.local/lib/python3.12/site-packages/sqlalchemy/pool/base.py", line 686, in __connect
[2026-06-22T07:15:08.137+0000] {subprocess.py:93} INFO -     self.dbapi_connection = connection = pool._invoke_creator(self)
[2026-06-22T07:15:08.137+0000] {subprocess.py:93} INFO -                                          ^^^^^^^^^^^^^^^^^^^^^^^^^^
[2026-06-22T07:15:08.138+0000] {subprocess.py:93} INFO -   File "/home/***/.local/lib/python3.12/site-packages/sqlalchemy/engine/create.py", line 574, in connect
[2026-06-22T07:15:08.138+0000] {subprocess.py:93} INFO -     return dialect.connect(*cargs, **cparams)
[2026-06-22T07:15:08.139+0000] {subprocess.py:93} INFO -            ^^^^^^^^^^^^^^^^^^^^^^^^^^^^^^^^^^
[2026-06-22T07:15:08.139+0000] {subprocess.py:93} INFO -   File "/home/***/.local/lib/python3.12/site-packages/sqlalchemy/engine/default.py", line 598, in connect
[2026-06-22T07:15:08.140+0000] {subprocess.py:93} INFO -     return self.dbapi.connect(*cargs, **cparams)
[2026-06-22T07:15:08.140+0000] {subprocess.py:93} INFO -            ^^^^^^^^^^^^^^^^^^^^^^^^^^^^^^^^^^^^^
[2026-06-22T07:15:08.141+0000] {subprocess.py:93} INFO -   File "/home/***/.local/lib/python3.12/site-packages/pymysql/connections.py", line 372, in __init__
[2026-06-22T07:15:08.141+0000] {subprocess.py:93} INFO -     self.connect()
[2026-06-22T07:15:08.142+0000] {subprocess.py:93} INFO -   File "/home/***/.local/lib/python3.12/site-packages/pymysql/connections.py", line 744, in connect
[2026-06-22T07:15:08.142+0000] {subprocess.py:93} INFO -     raise exc
[2026-06-22T07:15:08.143+0000] {subprocess.py:93} INFO - pymysql.err.OperationalError: (2003, "Can't connect to MySQL server on 'localhost' ([Errno 111] Connection refused)")
[2026-06-22T07:15:08.143+0000] {subprocess.py:93} INFO - 
[2026-06-22T07:15:08.144+0000] {subprocess.py:93} INFO - The above exception was the direct cause of the following exception:
[2026-06-22T07:15:08.144+0000] {subprocess.py:93} INFO - 
[2026-06-22T07:15:08.145+0000] {subprocess.py:93} INFO - Traceback (most recent call last):
[2026-06-22T07:15:08.145+0000] {subprocess.py:93} INFO -   File "/opt/***/src/extractor.py", line 172, in connect_db
[2026-06-22T07:15:08.146+0000] {subprocess.py:93} INFO -     with engine.connect() as conn:
[2026-06-22T07:15:08.146+0000] {subprocess.py:93} INFO -          ^^^^^^^^^^^^^^^^
[2026-06-22T07:15:08.147+0000] {subprocess.py:93} INFO -   File "/home/***/.local/lib/python3.12/site-packages/sqlalchemy/engine/base.py", line 3325, in connect
[2026-06-22T07:15:08.147+0000] {subprocess.py:93} INFO -     return self._connection_cls(self, close_with_result=close_with_result)
[2026-06-22T07:15:08.148+0000] {subprocess.py:93} INFO -            ^^^^^^^^^^^^^^^^^^^^^^^^^^^^^^^^^^^^^^^^^^^^^^^^^^^^^^^^^^^^^^^
[2026-06-22T07:15:08.149+0000] {subprocess.py:93} INFO -   File "/home/***/.local/lib/python3.12/site-packages/sqlalchemy/engine/base.py", line 96, in __init__
[2026-06-22T07:15:08.149+0000] {subprocess.py:93} INFO -     else engine.raw_connection()
[2026-06-22T07:15:08.150+0000] {subprocess.py:93} INFO -          ^^^^^^^^^^^^^^^^^^^^^^^
[2026-06-22T07:15:08.150+0000] {subprocess.py:93} INFO -   File "/home/***/.local/lib/python3.12/site-packages/sqlalchemy/engine/base.py", line 3404, in raw_connection
[2026-06-22T07:15:08.151+0000] {subprocess.py:93} INFO -     return self._wrap_pool_connect(self.pool.connect, _connection)
[2026-06-22T07:15:08.151+0000] {subprocess.py:93} INFO -            ^^^^^^^^^^^^^^^^^^^^^^^^^^^^^^^^^^^^^^^^^^^^^^^^^^^^^^^
[2026-06-22T07:15:08.152+0000] {subprocess.py:93} INFO -   File "/home/***/.local/lib/python3.12/site-packages/sqlalchemy/engine/base.py", line 3374, in _wrap_pool_connect
[2026-06-22T07:15:08.153+0000] {subprocess.py:93} INFO -     Connection._handle_dbapi_exception_noconnection(
[2026-06-22T07:15:08.153+0000] {subprocess.py:93} INFO -   File "/home/***/.local/lib/python3.12/site-packages/sqlalchemy/engine/base.py", line 2208, in _handle_dbapi_exception_noconnection
[2026-06-22T07:15:08.154+0000] {subprocess.py:93} INFO -     util.raise_(
[2026-06-22T07:15:08.154+0000] {subprocess.py:93} INFO -   File "/home/***/.local/lib/python3.12/site-packages/sqlalchemy/util/compat.py", line 211, in raise_
[2026-06-22T07:15:08.155+0000] {subprocess.py:93} INFO -     raise exception
[2026-06-22T07:15:08.155+0000] {subprocess.py:93} INFO -   File "/home/***/.local/lib/python3.12/site-packages/sqlalchemy/engine/base.py", line 3371, in _wrap_pool_connect
[2026-06-22T07:15:08.156+0000] {subprocess.py:93} INFO -     return fn()
[2026-06-22T07:15:08.156+0000] {subprocess.py:93} INFO -            ^^^^
[2026-06-22T07:15:08.157+0000] {subprocess.py:93} INFO -   File "/home/***/.local/lib/python3.12/site-packages/sqlalchemy/pool/base.py", line 327, in connect
[2026-06-22T07:15:08.158+0000] {subprocess.py:93} INFO -     return _ConnectionFairy._checkout(self)
[2026-06-22T07:15:08.158+0000] {subprocess.py:93} INFO -            ^^^^^^^^^^^^^^^^^^^^^^^^^^^^^^^^
[2026-06-22T07:15:08.159+0000] {subprocess.py:93} INFO -   File "/home/***/.local/lib/python3.12/site-packages/sqlalchemy/pool/base.py", line 894, in _checkout
[2026-06-22T07:15:08.159+0000] {subprocess.py:93} INFO -     fairy = _ConnectionRecord.checkout(pool)
[2026-06-22T07:15:08.160+0000] {subprocess.py:93} INFO -             ^^^^^^^^^^^^^^^^^^^^^^^^^^^^^^^^
[2026-06-22T07:15:08.160+0000] {subprocess.py:93} INFO -   File "/home/***/.local/lib/python3.12/site-packages/sqlalchemy/pool/base.py", line 493, in checkout
[2026-06-22T07:15:08.161+0000] {subprocess.py:93} INFO -     rec = pool._do_get()
[2026-06-22T07:15:08.161+0000] {subprocess.py:93} INFO -           ^^^^^^^^^^^^^^
[2026-06-22T07:15:08.162+0000] {subprocess.py:93} INFO -   File "/home/***/.local/lib/python3.12/site-packages/sqlalchemy/pool/impl.py", line 145, in _do_get
[2026-06-22T07:15:08.163+0000] {subprocess.py:93} INFO -     with util.safe_reraise():
[2026-06-22T07:15:08.163+0000] {subprocess.py:93} INFO -   File "/home/***/.local/lib/python3.12/site-packages/sqlalchemy/util/langhelpers.py", line 70, in __exit__
[2026-06-22T07:15:08.164+0000] {subprocess.py:93} INFO -     compat.raise_(
[2026-06-22T07:15:08.164+0000] {subprocess.py:93} INFO -   File "/home/***/.local/lib/python3.12/site-packages/sqlalchemy/util/compat.py", line 211, in raise_
[2026-06-22T07:15:08.165+0000] {subprocess.py:93} INFO -     raise exception
[2026-06-22T07:15:08.165+0000] {subprocess.py:93} INFO -   File "/home/***/.local/lib/python3.12/site-packages/sqlalchemy/pool/impl.py", line 143, in _do_get
[2026-06-22T07:15:08.166+0000] {subprocess.py:93} INFO -     return self._create_connection()
[2026-06-22T07:15:08.166+0000] {subprocess.py:93} INFO -            ^^^^^^^^^^^^^^^^^^^^^^^^^
[2026-06-22T07:15:08.167+0000] {subprocess.py:93} INFO -   File "/home/***/.local/lib/python3.12/site-packages/sqlalchemy/pool/base.py", line 273, in _create_connection
[2026-06-22T07:15:08.167+0000] {subprocess.py:93} INFO -     return _ConnectionRecord(self)
[2026-06-22T07:15:08.168+0000] {subprocess.py:93} INFO -            ^^^^^^^^^^^^^^^^^^^^^^^
[2026-06-22T07:15:08.168+0000] {subprocess.py:93} INFO -   File "/home/***/.local/lib/python3.12/site-packages/sqlalchemy/pool/base.py", line 388, in __init__
[2026-06-22T07:15:08.169+0000] {subprocess.py:93} INFO -     self.__connect()
[2026-06-22T07:15:08.170+0000] {subprocess.py:93} INFO -   File "/home/***/.local/lib/python3.12/site-packages/sqlalchemy/pool/base.py", line 690, in __connect
[2026-06-22T07:15:08.171+0000] {subprocess.py:93} INFO -     with util.safe_reraise():
[2026-06-22T07:15:08.171+0000] {subprocess.py:93} INFO -   File "/home/***/.local/lib/python3.12/site-packages/sqlalchemy/util/langhelpers.py", line 70, in __exit__
[2026-06-22T07:15:08.172+0000] {subprocess.py:93} INFO -     compat.raise_(
[2026-06-22T07:15:08.173+0000] {subprocess.py:93} INFO -   File "/home/***/.local/lib/python3.12/site-packages/sqlalchemy/util/compat.py", line 211, in raise_
[2026-06-22T07:15:08.173+0000] {subprocess.py:93} INFO -     raise exception
[2026-06-22T07:15:08.174+0000] {subprocess.py:93} INFO -   File "/home/***/.local/lib/python3.12/site-packages/sqlalchemy/pool/base.py", line 686, in __connect
[2026-06-22T07:15:08.175+0000] {subprocess.py:93} INFO -     self.dbapi_connection = connection = pool._invoke_creator(self)
[2026-06-22T07:15:08.175+0000] {subprocess.py:93} INFO -                                          ^^^^^^^^^^^^^^^^^^^^^^^^^^
[2026-06-22T07:15:08.176+0000] {subprocess.py:93} INFO -   File "/home/***/.local/lib/python3.12/site-packages/sqlalchemy/engine/create.py", line 574, in connect
[2026-06-22T07:15:08.176+0000] {subprocess.py:93} INFO -     return dialect.connect(*cargs, **cparams)
[2026-06-22T07:15:08.177+0000] {subprocess.py:93} INFO -            ^^^^^^^^^^^^^^^^^^^^^^^^^^^^^^^^^^
[2026-06-22T07:15:08.177+0000] {subprocess.py:93} INFO -   File "/home/***/.local/lib/python3.12/site-packages/sqlalchemy/engine/default.py", line 598, in connect
[2026-06-22T07:15:08.178+0000] {subprocess.py:93} INFO -     return self.dbapi.connect(*cargs, **cparams)
[2026-06-22T07:15:08.178+0000] {subprocess.py:93} INFO -            ^^^^^^^^^^^^^^^^^^^^^^^^^^^^^^^^^^^^^
[2026-06-22T07:15:08.179+0000] {subprocess.py:93} INFO -   File "/home/***/.local/lib/python3.12/site-packages/pymysql/connections.py", line 372, in __init__
[2026-06-22T07:15:08.180+0000] {subprocess.py:93} INFO -     self.connect()
[2026-06-22T07:15:08.180+0000] {subprocess.py:93} INFO -   File "/home/***/.local/lib/python3.12/site-packages/pymysql/connections.py", line 744, in connect
[2026-06-22T07:15:08.181+0000] {subprocess.py:93} INFO -     raise exc
[2026-06-22T07:15:08.182+0000] {subprocess.py:93} INFO - sqlalchemy.exc.OperationalError: (pymysql.err.OperationalError) (2003, "Can't connect to MySQL server on 'localhost' ([Errno 111] Connection refused)")
[2026-06-22T07:15:08.182+0000] {subprocess.py:93} INFO - (Background on this error at: https://sqlalche.me/e/14/e3q8)
[2026-06-22T07:15:08.183+0000] {subprocess.py:93} INFO - 
[2026-06-22T07:15:08.183+0000] {subprocess.py:93} INFO - During handling of the above exception, another exception occurred:
[2026-06-22T07:15:08.184+0000] {subprocess.py:93} INFO - 
[2026-06-22T07:15:08.184+0000] {subprocess.py:93} INFO - Traceback (most recent call last):
[2026-06-22T07:15:08.185+0000] {subprocess.py:93} INFO -   File "/opt/***/src/main.py", line 95, in <module>
[2026-06-22T07:15:08.186+0000] {subprocess.py:93} INFO -     main()
[2026-06-22T07:15:08.186+0000] {subprocess.py:93} INFO -   File "/opt/***/src/main.py", line 40, in main
[2026-06-22T07:15:08.187+0000] {subprocess.py:93} INFO -     result = run_pipeline(row)
[2026-06-22T07:15:08.187+0000] {subprocess.py:93} INFO -              ^^^^^^^^^^^^^^^^^
[2026-06-22T07:15:08.188+0000] {subprocess.py:93} INFO -   File "/opt/***/src/pipeline_executor.py", line 506, in run_pipeline
[2026-06-22T07:15:08.189+0000] {subprocess.py:93} INFO -     df = extract_data(
[2026-06-22T07:15:08.189+0000] {subprocess.py:93} INFO -          ^^^^^^^^^^^^^
[2026-06-22T07:15:08.190+0000] {subprocess.py:93} INFO -   File "/opt/***/src/extractor.py", line 203, in extract_data
[2026-06-22T07:15:08.190+0000] {subprocess.py:93} INFO -     engine = connect_db(config)
[2026-06-22T07:15:08.191+0000] {subprocess.py:93} INFO -              ^^^^^^^^^^^^^^^^^^
[2026-06-22T07:15:08.192+0000] {subprocess.py:93} INFO -   File "/opt/***/src/extractor.py", line 186, in connect_db
[2026-06-22T07:15:08.192+0000] {subprocess.py:93} INFO -     raise ConnectionError(
[2026-06-22T07:15:08.193+0000] {subprocess.py:93} INFO - ConnectionError: Could not connect to MYSQL: (pymysql.err.OperationalError) (2003, "Can't connect to MySQL server on 'localhost' ([Errno 111] Connection refused)")
[2026-06-22T07:15:08.194+0000] {subprocess.py:93} INFO - (Background on this error at: https://sqlalche.me/e/14/e3q8)
[2026-06-22T07:15:08.308+0000] {subprocess.py:97} INFO - Command exited with return code 1
[2026-06-22T07:15:08.309+0000] {taskinstance.py:441} INFO - ::group::Post task execution logs
[2026-06-22T07:15:08.322+0000] {taskinstance.py:2905} ERROR - Task failed with exception
Traceback (most recent call last):
  File "/home/airflow/.local/lib/python3.12/site-packages/airflow/models/taskinstance.py", line 465, in _execute_task
    result = _execute_callable(context=context, **execute_callable_kwargs)
             ^^^^^^^^^^^^^^^^^^^^^^^^^^^^^^^^^^^^^^^^^^^^^^^^^^^^^^^^^^^^^
  File "/home/airflow/.local/lib/python3.12/site-packages/airflow/models/taskinstance.py", line 432, in _execute_callable
    return execute_callable(context=context, **execute_callable_kwargs)
           ^^^^^^^^^^^^^^^^^^^^^^^^^^^^^^^^^^^^^^^^^^^^^^^^^^^^^^^^^^^^
  File "/home/airflow/.local/lib/python3.12/site-packages/airflow/models/baseoperator.py", line 400, in wrapper
    return func(self, *args, **kwargs)
           ^^^^^^^^^^^^^^^^^^^^^^^^^^^
  File "/home/airflow/.local/lib/python3.12/site-packages/airflow/operators/bash.py", line 243, in execute
    raise AirflowException(
airflow.exceptions.AirflowException: Bash command failed. The command returned a non-zero exit code 1.
[2026-06-22T07:15:08.328+0000] {taskinstance.py:1206} INFO - Marking task as UP_FOR_RETRY. dag_id=sales_db_to_postgres, task_id=run_pipeline_8, run_id=scheduled__2026-06-22T07:10:00+00:00, execution_date=20260622T071000, start_date=20260622T071502, end_date=20260622T071508
[2026-06-22T07:15:08.355+0000] {standard_task_runner.py:110} ERROR - Failed to execute job 361 for task run_pipeline_8 (Bash command failed. The command returned a non-zero exit code 1.; 2416)
[2026-06-22T07:15:08.392+0000] {local_task_job_runner.py:240} INFO - Task exited with return code 1
[2026-06-22T07:15:08.423+0000] {taskinstance.py:3498} INFO - 0 downstream tasks scheduled from follow-on schedule check
[2026-06-22T07:15:08.429+0000] {local_task_job_runner.py:222} INFO - ::endgroup::
