[2026-06-04T06:34:52.865+0000] {local_task_job_runner.py:120} INFO - ::group::Pre task execution logs
[2026-06-04T06:34:52.961+0000] {taskinstance.py:2076} INFO - Dependencies all met for dep_context=non-requeueable deps ti=<TaskInstance: local_to_s3_pipeline.run_pipeline_6 scheduled__2026-06-04T06:20:00+00:00 [queued]>
[2026-06-04T06:34:52.974+0000] {taskinstance.py:2076} INFO - Dependencies all met for dep_context=requeueable deps ti=<TaskInstance: local_to_s3_pipeline.run_pipeline_6 scheduled__2026-06-04T06:20:00+00:00 [queued]>
[2026-06-04T06:34:52.975+0000] {taskinstance.py:2306} INFO - Starting attempt 2 of 2
[2026-06-04T06:34:53.000+0000] {taskinstance.py:2330} INFO - Executing <Task(BashOperator): run_pipeline_6> on 2026-06-04 06:20:00+00:00
[2026-06-04T06:34:53.007+0000] {standard_task_runner.py:90} INFO - Running: ['***', 'tasks', 'run', 'local_to_s3_pipeline', 'run_pipeline_6', 'scheduled__2026-06-04T06:20:00+00:00', '--job-id', '233', '--raw', '--subdir', 'DAGS_FOLDER/dynamic_pipeline_generator.py', '--cfg-path', '/tmp/tmpaluoseo3']
[2026-06-04T06:34:53.011+0000] {standard_task_runner.py:91} INFO - Job 233: Subtask run_pipeline_6
[2026-06-04T06:34:53.020+0000] {logging_mixin.py:188} WARNING - /home/***/.local/lib/python3.12/site-packages/***/task/task_runner/standard_task_runner.py:61 DeprecationWarning: This process (pid=3693) is multi-threaded, use of fork() may lead to deadlocks in the child.
[2026-06-04T06:34:53.021+0000] {standard_task_runner.py:63} INFO - Started process 3700 to run task
[2026-06-04T06:34:53.064+0000] {task_command.py:426} INFO - Running <TaskInstance: local_to_s3_pipeline.run_pipeline_6 scheduled__2026-06-04T06:20:00+00:00 [running]> on host b044b6a9b6bd
[2026-06-04T06:34:53.184+0000] {taskinstance.py:2648} INFO - Exporting env vars: AIRFLOW_CTX_DAG_OWNER='subashri' AIRFLOW_CTX_DAG_ID='local_to_s3_pipeline' AIRFLOW_CTX_TASK_ID='run_pipeline_6' AIRFLOW_CTX_EXECUTION_DATE='2026-06-04T06:20:00+00:00' AIRFLOW_CTX_TRY_NUMBER='2' AIRFLOW_CTX_DAG_RUN_ID='scheduled__2026-06-04T06:20:00+00:00'
[2026-06-04T06:34:53.185+0000] {taskinstance.py:430} INFO - ::endgroup::
[2026-06-04T06:34:53.235+0000] {subprocess.py:63} INFO - Tmp dir root location: /tmp
[2026-06-04T06:34:53.238+0000] {subprocess.py:75} INFO - Running command: ['/usr/bin/bash', '-c', 'cd /opt/***/src && python main.py 6']
[2026-06-04T06:34:53.249+0000] {subprocess.py:86} INFO - Output:
[2026-06-04T06:35:12.933+0000] {subprocess.py:93} INFO - Using CPU. Note: This module is much faster with a GPU.
[2026-06-04T06:36:36.813+0000] {subprocess.py:93} INFO - /home/***/.local/lib/python3.12/site-packages/torch/utils/data/dataloader.py:752: UserWarning: 'pin_memory' argument is set as true but no accelerator is found, then device pinned memory won't be used.
[2026-06-04T06:36:37.112+0000] {subprocess.py:93} INFO -   super().__init__(loader)
[2026-06-04T06:37:20.894+0000] {subprocess.py:93} INFO - 
[2026-06-04T06:37:20.924+0000] {subprocess.py:93} INFO - ===================================
[2026-06-04T06:37:20.947+0000] {subprocess.py:93} INFO - DATABASE CONNECTION CONFIG
[2026-06-04T06:37:20.953+0000] {subprocess.py:93} INFO - ===================================
[2026-06-04T06:37:20.958+0000] {subprocess.py:93} INFO - DB TYPE   : postgres
[2026-06-04T06:37:20.968+0000] {subprocess.py:93} INFO - HOST      : 3.107.8.33
[2026-06-04T06:37:20.981+0000] {subprocess.py:93} INFO - PORT      : 5432
[2026-06-04T06:37:20.997+0000] {subprocess.py:93} INFO - DATABASE  : metadata_db
[2026-06-04T06:37:21.018+0000] {subprocess.py:93} INFO - USERNAME  : teamuser
[2026-06-04T06:37:21.034+0000] {subprocess.py:93} INFO - ===================================
[2026-06-04T06:37:21.039+0000] {subprocess.py:93} INFO - 
[2026-06-04T06:37:21.043+0000] {subprocess.py:93} INFO - Connected to POSTGRES successfully.
[2026-06-04T06:37:21.055+0000] {subprocess.py:93} INFO - 
[2026-06-04T06:37:21.057+0000] {subprocess.py:93} INFO - Running pipeline: local_to_s3_pipeline (storage_to_storage)
[2026-06-04T06:37:21.060+0000] {subprocess.py:93} INFO - Processing file: customer (2 rows)
[2026-06-04T06:37:21.066+0000] {subprocess.py:93} INFO - Processing file: data pic1 (91 rows)
[2026-06-04T06:37:21.074+0000] {subprocess.py:93} INFO - Processing file: employee (20 rows)
[2026-06-04T06:37:21.086+0000] {subprocess.py:93} INFO - Processing file: employee_data (100 rows)
[2026-06-04T06:37:21.094+0000] {subprocess.py:93} INFO - Processing file: sample (2 rows)
[2026-06-04T06:37:21.099+0000] {subprocess.py:93} INFO - Processing file: word (12 rows)
[2026-06-04T06:37:21.117+0000] {subprocess.py:93} INFO - Processed total rows: 227
[2026-06-04T06:37:21.130+0000] {subprocess.py:93} INFO - Completed: 227 rows processed
[2026-06-04T06:37:45.219+0000] {subprocess.py:97} INFO - Command exited with return code 0
[2026-06-04T06:37:45.281+0000] {taskinstance.py:441} INFO - ::group::Post task execution logs
[2026-06-04T06:37:46.550+0000] {taskinstance.py:1206} INFO - Marking task as SUCCESS. dag_id=local_to_s3_pipeline, task_id=run_pipeline_6, run_id=scheduled__2026-06-04T06:20:00+00:00, execution_date=20260604T062000, start_date=20260604T063452, end_date=20260604T063746
[2026-06-04T06:37:46.813+0000] {local_task_job_runner.py:240} INFO - Task exited with return code 0
[2026-06-04T06:37:47.058+0000] {local_task_job_runner.py:222} INFO - ::endgroup::
