[2026-06-04T05:00:02.779+0000] {local_task_job_runner.py:120} INFO - ::group::Pre task execution logs
[2026-06-04T05:00:02.808+0000] {taskinstance.py:2076} INFO - Dependencies all met for dep_context=non-requeueable deps ti=<TaskInstance: local_to_s3_pipeline.run_pipeline_6 scheduled__2026-06-04T04:55:00+00:00 [queued]>
[2026-06-04T05:00:02.818+0000] {taskinstance.py:2076} INFO - Dependencies all met for dep_context=requeueable deps ti=<TaskInstance: local_to_s3_pipeline.run_pipeline_6 scheduled__2026-06-04T04:55:00+00:00 [queued]>
[2026-06-04T05:00:02.820+0000] {taskinstance.py:2306} INFO - Starting attempt 1 of 2
[2026-06-04T05:00:02.836+0000] {taskinstance.py:2330} INFO - Executing <Task(BashOperator): run_pipeline_6> on 2026-06-04 04:55:00+00:00
[2026-06-04T05:00:02.843+0000] {standard_task_runner.py:90} INFO - Running: ['***', 'tasks', 'run', 'local_to_s3_pipeline', 'run_pipeline_6', 'scheduled__2026-06-04T04:55:00+00:00', '--job-id', '205', '--raw', '--subdir', 'DAGS_FOLDER/dynamic_pipeline_generator.py', '--cfg-path', '/tmp/tmpz0icyb5_']
[2026-06-04T05:00:02.846+0000] {standard_task_runner.py:91} INFO - Job 205: Subtask run_pipeline_6
[2026-06-04T05:00:02.847+0000] {logging_mixin.py:188} WARNING - /home/***/.local/lib/python3.12/site-packages/***/task/task_runner/standard_task_runner.py:61 DeprecationWarning: This process (pid=1488) is multi-threaded, use of fork() may lead to deadlocks in the child.
[2026-06-04T05:00:02.848+0000] {standard_task_runner.py:63} INFO - Started process 1491 to run task
[2026-06-04T05:00:02.891+0000] {task_command.py:426} INFO - Running <TaskInstance: local_to_s3_pipeline.run_pipeline_6 scheduled__2026-06-04T04:55:00+00:00 [running]> on host b044b6a9b6bd
[2026-06-04T05:00:02.972+0000] {taskinstance.py:2648} INFO - Exporting env vars: AIRFLOW_CTX_DAG_OWNER='subashri' AIRFLOW_CTX_DAG_ID='local_to_s3_pipeline' AIRFLOW_CTX_TASK_ID='run_pipeline_6' AIRFLOW_CTX_EXECUTION_DATE='2026-06-04T04:55:00+00:00' AIRFLOW_CTX_TRY_NUMBER='1' AIRFLOW_CTX_DAG_RUN_ID='scheduled__2026-06-04T04:55:00+00:00'
[2026-06-04T05:00:02.973+0000] {taskinstance.py:430} INFO - ::endgroup::
[2026-06-04T05:00:02.988+0000] {subprocess.py:63} INFO - Tmp dir root location: /tmp
[2026-06-04T05:00:02.990+0000] {subprocess.py:75} INFO - Running command: ['/usr/bin/bash', '-c', 'cd /opt/***/src && python main.py 6']
[2026-06-04T05:00:03.000+0000] {subprocess.py:86} INFO - Output:
[2026-06-04T05:00:08.344+0000] {subprocess.py:93} INFO - 
[2026-06-04T05:00:08.347+0000] {subprocess.py:93} INFO - ===================================
[2026-06-04T05:00:08.350+0000] {subprocess.py:93} INFO - DATABASE CONNECTION CONFIG
[2026-06-04T05:00:08.353+0000] {subprocess.py:93} INFO - ===================================
[2026-06-04T05:00:08.356+0000] {subprocess.py:93} INFO - DB TYPE   : postgres
[2026-06-04T05:00:08.358+0000] {subprocess.py:93} INFO - HOST      : 3.107.8.33
[2026-06-04T05:00:08.361+0000] {subprocess.py:93} INFO - PORT      : 5432
[2026-06-04T05:00:08.363+0000] {subprocess.py:93} INFO - DATABASE  : metadata_db
[2026-06-04T05:00:08.364+0000] {subprocess.py:93} INFO - USERNAME  : teamuser
[2026-06-04T05:00:08.366+0000] {subprocess.py:93} INFO - ===================================
[2026-06-04T05:00:08.368+0000] {subprocess.py:93} INFO - 
[2026-06-04T05:00:08.369+0000] {subprocess.py:93} INFO - Connected to POSTGRES successfully.
[2026-06-04T05:00:08.371+0000] {subprocess.py:93} INFO - 
[2026-06-04T05:00:08.372+0000] {subprocess.py:93} INFO - Running pipeline: local_to_s3_pipeline (storage_to_storage)
[2026-06-04T05:00:08.373+0000] {subprocess.py:93} INFO - ❌ Failed: Unsupported pipeline mode: storage_to_storage
[2026-06-04T05:00:08.527+0000] {subprocess.py:97} INFO - Command exited with return code 0
[2026-06-04T05:00:08.529+0000] {taskinstance.py:441} INFO - ::group::Post task execution logs
[2026-06-04T05:00:08.564+0000] {taskinstance.py:1206} INFO - Marking task as SUCCESS. dag_id=local_to_s3_pipeline, task_id=run_pipeline_6, run_id=scheduled__2026-06-04T04:55:00+00:00, execution_date=20260604T045500, start_date=20260604T050002, end_date=20260604T050008
[2026-06-04T05:00:08.594+0000] {local_task_job_runner.py:240} INFO - Task exited with return code 0
[2026-06-04T05:00:08.608+0000] {taskinstance.py:3498} INFO - 0 downstream tasks scheduled from follow-on schedule check
[2026-06-04T05:00:08.611+0000] {local_task_job_runner.py:222} INFO - ::endgroup::
