[2026-05-28T09:38:51.724+0000] {local_task_job_runner.py:120} INFO - ::group::Pre task execution logs
[2026-05-28T09:38:51.759+0000] {taskinstance.py:2076} INFO - Dependencies all met for dep_context=non-requeueable deps ti=<TaskInstance: dynamic_metadata_pipeline.run_pipeline_1 manual__2026-05-28T09:38:51.098548+00:00 [queued]>
[2026-05-28T09:38:51.770+0000] {taskinstance.py:2076} INFO - Dependencies all met for dep_context=requeueable deps ti=<TaskInstance: dynamic_metadata_pipeline.run_pipeline_1 manual__2026-05-28T09:38:51.098548+00:00 [queued]>
[2026-05-28T09:38:51.775+0000] {taskinstance.py:2306} INFO - Starting attempt 1 of 2
[2026-05-28T09:38:51.826+0000] {taskinstance.py:2330} INFO - Executing <Task(BashOperator): run_pipeline_1> on 2026-05-28 09:38:51.098548+00:00
[2026-05-28T09:38:51.848+0000] {standard_task_runner.py:90} INFO - Running: ['***', 'tasks', 'run', 'dynamic_metadata_pipeline', 'run_pipeline_1', 'manual__2026-05-28T09:38:51.098548+00:00', '--job-id', '2', '--raw', '--subdir', 'DAGS_FOLDER/dynamic_pipeline_dag.py', '--cfg-path', '/tmp/tmp2cngtyc2']
[2026-05-28T09:38:51.856+0000] {standard_task_runner.py:91} INFO - Job 2: Subtask run_pipeline_1
[2026-05-28T09:38:51.859+0000] {logging_mixin.py:188} WARNING - /home/***/.local/lib/python3.12/site-packages/***/task/task_runner/standard_task_runner.py:61 DeprecationWarning: This process (pid=252) is multi-threaded, use of fork() may lead to deadlocks in the child.
[2026-05-28T09:38:51.861+0000] {standard_task_runner.py:63} INFO - Started process 253 to run task
[2026-05-28T09:38:51.929+0000] {task_command.py:426} INFO - Running <TaskInstance: dynamic_metadata_pipeline.run_pipeline_1 manual__2026-05-28T09:38:51.098548+00:00 [running]> on host c6cceaa479c1
[2026-05-28T09:38:52.031+0000] {taskinstance.py:2648} INFO - Exporting env vars: AIRFLOW_CTX_DAG_OWNER='subashri' AIRFLOW_CTX_DAG_ID='dynamic_metadata_pipeline' AIRFLOW_CTX_TASK_ID='run_pipeline_1' AIRFLOW_CTX_EXECUTION_DATE='2026-05-28T09:38:51.098548+00:00' AIRFLOW_CTX_TRY_NUMBER='1' AIRFLOW_CTX_DAG_RUN_ID='manual__2026-05-28T09:38:51.098548+00:00'
[2026-05-28T09:38:52.032+0000] {taskinstance.py:430} INFO - ::endgroup::
[2026-05-28T09:38:52.077+0000] {subprocess.py:63} INFO - Tmp dir root location: /tmp
[2026-05-28T09:38:52.078+0000] {subprocess.py:75} INFO - Running command: ['/usr/bin/bash', '-c', 'cd /opt/***/src && python main.py 1']
[2026-05-28T09:38:52.089+0000] {subprocess.py:86} INFO - Output:
[2026-05-28T09:38:58.999+0000] {subprocess.py:93} INFO - Traceback (most recent call last):
[2026-05-28T09:38:59.000+0000] {subprocess.py:93} INFO -   File "/opt/***/src/main.py", line 4, in <module>
[2026-05-28T09:38:59.001+0000] {subprocess.py:93} INFO -     from pipeline_executor import run_pipeline
[2026-05-28T09:38:59.002+0000] {subprocess.py:93} INFO -   File "/opt/***/src/pipeline_executor.py", line 6, in <module>
[2026-05-28T09:38:59.003+0000] {subprocess.py:93} INFO -     from reader import read_input
[2026-05-28T09:38:59.003+0000] {subprocess.py:93} INFO -   File "/opt/***/src/reader.py", line 12, in <module>
[2026-05-28T09:38:59.004+0000] {subprocess.py:93} INFO -     from parser_adapter import (
[2026-05-28T09:38:59.005+0000] {subprocess.py:93} INFO -   File "/opt/***/src/parser_adapter.py", line 4, in <module>
[2026-05-28T09:38:59.006+0000] {subprocess.py:93} INFO -     from parsers.parser_factory import get_parser
[2026-05-28T09:38:59.007+0000] {subprocess.py:93} INFO -   File "/opt/***/src/parsers/parser_factory.py", line 5, in <module>
[2026-05-28T09:38:59.009+0000] {subprocess.py:93} INFO -     from parsers.png_parser import parse_png
[2026-05-28T09:38:59.009+0000] {subprocess.py:93} INFO -   File "/opt/***/src/parsers/png_parser.py", line 1, in <module>
[2026-05-28T09:38:59.011+0000] {subprocess.py:93} INFO -     import easyocr
[2026-05-28T09:38:59.011+0000] {subprocess.py:93} INFO -   File "/home/***/.local/lib/python3.12/site-packages/easyocr/__init__.py", line 1, in <module>
[2026-05-28T09:38:59.011+0000] {subprocess.py:93} INFO -     from .easyocr import Reader
[2026-05-28T09:38:59.012+0000] {subprocess.py:93} INFO -   File "/home/***/.local/lib/python3.12/site-packages/easyocr/easyocr.py", line 3, in <module>
[2026-05-28T09:38:59.012+0000] {subprocess.py:93} INFO -     from .recognition import get_recognizer, get_text
[2026-05-28T09:38:59.012+0000] {subprocess.py:93} INFO -   File "/home/***/.local/lib/python3.12/site-packages/easyocr/recognition.py", line 10, in <module>
[2026-05-28T09:38:59.013+0000] {subprocess.py:93} INFO -     from .utils import CTCLabelConverter
[2026-05-28T09:38:59.013+0000] {subprocess.py:93} INFO -   File "/home/***/.local/lib/python3.12/site-packages/easyocr/utils.py", line 7, in <module>
[2026-05-28T09:38:59.014+0000] {subprocess.py:93} INFO -     import cv2
[2026-05-28T09:38:59.014+0000] {subprocess.py:93} INFO -   File "/home/***/.local/lib/python3.12/site-packages/cv2/__init__.py", line 181, in <module>
[2026-05-28T09:38:59.014+0000] {subprocess.py:93} INFO -     bootstrap()
[2026-05-28T09:38:59.015+0000] {subprocess.py:93} INFO -   File "/home/***/.local/lib/python3.12/site-packages/cv2/__init__.py", line 153, in bootstrap
[2026-05-28T09:38:59.015+0000] {subprocess.py:93} INFO -     native_module = importlib.import_module("cv2")
[2026-05-28T09:38:59.015+0000] {subprocess.py:93} INFO -                     ^^^^^^^^^^^^^^^^^^^^^^^^^^^^^^
[2026-05-28T09:38:59.015+0000] {subprocess.py:93} INFO -   File "/usr/local/lib/python3.12/importlib/__init__.py", line 90, in import_module
[2026-05-28T09:38:59.016+0000] {subprocess.py:93} INFO -     return _bootstrap._gcd_import(name[level:], package, level)
[2026-05-28T09:38:59.016+0000] {subprocess.py:93} INFO -            ^^^^^^^^^^^^^^^^^^^^^^^^^^^^^^^^^^^^^^^^^^^^^^^^^^^^
[2026-05-28T09:38:59.016+0000] {subprocess.py:93} INFO - ImportError: libGL.so.1: cannot open shared object file: No such file or directory
[2026-05-28T09:39:00.492+0000] {subprocess.py:97} INFO - Command exited with return code 1
[2026-05-28T09:39:00.493+0000] {taskinstance.py:441} INFO - ::group::Post task execution logs
[2026-05-28T09:39:00.502+0000] {taskinstance.py:2905} ERROR - Task failed with exception
Traceback (most recent call last):
  File "/home/airflow/.local/lib/python3.12/site-packages/airflow/models/taskinstance.py", line 465, in _execute_task
    result = _execute_callable(context=context, **execute_callable_kwargs)
             ^^^^^^^^^^^^^^^^^^^^^^^^^^^^^^^^^^^^^^^^^^^^^^^^^^^^^^^^^^^^^
  File "/home/airflow/.local/lib/python3.12/site-packages/airflow/models/taskinstance.py", line 432, in _execute_callable
    return execute_callable(context=context, **execute_callable_kwargs)
           ^^^^^^^^^^^^^^^^^^^^^^^^^^^^^^^^^^^^^^^^^^^^^^^^^^^^^^^^^^^^
  File "/home/airflow/.local/lib/python3.12/site-packages/airflow/models/baseoperator.py", line 400, in wrapper
    return func(self, *args, **kwargs)
           ^^^^^^^^^^^^^^^^^^^^^^^^^^^
  File "/home/airflow/.local/lib/python3.12/site-packages/airflow/operators/bash.py", line 243, in execute
    raise AirflowException(
airflow.exceptions.AirflowException: Bash command failed. The command returned a non-zero exit code 1.
[2026-05-28T09:39:00.507+0000] {taskinstance.py:1206} INFO - Marking task as UP_FOR_RETRY. dag_id=dynamic_metadata_pipeline, task_id=run_pipeline_1, run_id=manual__2026-05-28T09:38:51.098548+00:00, execution_date=20260528T093851, start_date=20260528T093851, end_date=20260528T093900
[2026-05-28T09:39:00.520+0000] {standard_task_runner.py:110} ERROR - Failed to execute job 2 for task run_pipeline_1 (Bash command failed. The command returned a non-zero exit code 1.; 253)
[2026-05-28T09:39:00.550+0000] {local_task_job_runner.py:240} INFO - Task exited with return code 1
[2026-05-28T09:39:00.570+0000] {taskinstance.py:3498} INFO - 0 downstream tasks scheduled from follow-on schedule check
[2026-05-28T09:39:00.576+0000] {local_task_job_runner.py:222} INFO - ::endgroup::
