[2026-06-01T09:35:02.793+0000] {local_task_job_runner.py:120} INFO - ::group::Pre task execution logs
[2026-06-01T09:35:02.834+0000] {taskinstance.py:2076} INFO - Dependencies all met for dep_context=non-requeueable deps ti=<TaskInstance: dynamic_metadata_pipeline.run_pipeline_5 scheduled__2026-06-01T09:30:00+00:00 [queued]>
[2026-06-01T09:35:02.851+0000] {taskinstance.py:2076} INFO - Dependencies all met for dep_context=requeueable deps ti=<TaskInstance: dynamic_metadata_pipeline.run_pipeline_5 scheduled__2026-06-01T09:30:00+00:00 [queued]>
[2026-06-01T09:35:02.853+0000] {taskinstance.py:2306} INFO - Starting attempt 1 of 2
[2026-06-01T09:35:02.872+0000] {taskinstance.py:2330} INFO - Executing <Task(BashOperator): run_pipeline_5> on 2026-06-01 09:30:00+00:00
[2026-06-01T09:35:02.880+0000] {standard_task_runner.py:90} INFO - Running: ['***', 'tasks', 'run', 'dynamic_metadata_pipeline', 'run_pipeline_5', 'scheduled__2026-06-01T09:30:00+00:00', '--job-id', '98', '--raw', '--subdir', 'DAGS_FOLDER/dynamic_pipeline_dag.py', '--cfg-path', '/tmp/tmphwef96vf']
[2026-06-01T09:35:02.885+0000] {standard_task_runner.py:91} INFO - Job 98: Subtask run_pipeline_5
[2026-06-01T09:35:02.886+0000] {logging_mixin.py:188} WARNING - /home/***/.local/lib/python3.12/site-packages/***/task/task_runner/standard_task_runner.py:61 DeprecationWarning: This process (pid=1846) is multi-threaded, use of fork() may lead to deadlocks in the child.
[2026-06-01T09:35:02.887+0000] {standard_task_runner.py:63} INFO - Started process 1853 to run task
[2026-06-01T09:35:02.958+0000] {task_command.py:426} INFO - Running <TaskInstance: dynamic_metadata_pipeline.run_pipeline_5 scheduled__2026-06-01T09:30:00+00:00 [running]> on host 1103cbeaed03
[2026-06-01T09:35:03.086+0000] {taskinstance.py:2648} INFO - Exporting env vars: AIRFLOW_CTX_DAG_OWNER='subashri' AIRFLOW_CTX_DAG_ID='dynamic_metadata_pipeline' AIRFLOW_CTX_TASK_ID='run_pipeline_5' AIRFLOW_CTX_EXECUTION_DATE='2026-06-01T09:30:00+00:00' AIRFLOW_CTX_TRY_NUMBER='1' AIRFLOW_CTX_DAG_RUN_ID='scheduled__2026-06-01T09:30:00+00:00'
[2026-06-01T09:35:03.087+0000] {taskinstance.py:430} INFO - ::endgroup::
[2026-06-01T09:35:03.117+0000] {subprocess.py:63} INFO - Tmp dir root location: /tmp
[2026-06-01T09:35:03.119+0000] {subprocess.py:75} INFO - Running command: ['/usr/bin/bash', '-c', 'cd /opt/***/src && python main.py 5']
[2026-06-01T09:35:03.137+0000] {subprocess.py:86} INFO - Output:
[2026-06-01T09:35:07.423+0000] {subprocess.py:93} INFO - 
[2026-06-01T09:35:07.423+0000] {subprocess.py:93} INFO - ===================================
[2026-06-01T09:35:07.424+0000] {subprocess.py:93} INFO - DATABASE CONNECTION CONFIG
[2026-06-01T09:35:07.424+0000] {subprocess.py:93} INFO - ===================================
[2026-06-01T09:35:07.424+0000] {subprocess.py:93} INFO - DB TYPE   : postgres
[2026-06-01T09:35:07.425+0000] {subprocess.py:93} INFO - HOST      : 3.107.8.33
[2026-06-01T09:35:07.425+0000] {subprocess.py:93} INFO - PORT      : 5432
[2026-06-01T09:35:07.426+0000] {subprocess.py:93} INFO - DATABASE  : metadata_db
[2026-06-01T09:35:07.426+0000] {subprocess.py:93} INFO - USERNAME  : teamuser
[2026-06-01T09:35:07.427+0000] {subprocess.py:93} INFO - ===================================
[2026-06-01T09:35:07.427+0000] {subprocess.py:93} INFO - 
[2026-06-01T09:35:07.427+0000] {subprocess.py:93} INFO - Connected to POSTGRES successfully.
[2026-06-01T09:35:07.428+0000] {subprocess.py:93} INFO - 
[2026-06-01T09:35:07.428+0000] {subprocess.py:93} INFO - Running pipeline: s3_to_postgres_pipeline (storage_to_db)
[2026-06-01T09:35:07.429+0000] {subprocess.py:93} INFO - ❌ Failed: Unsupported input source 'file'. Use 'local', 's3', or 'azure'.
[2026-06-01T09:35:07.572+0000] {subprocess.py:97} INFO - Command exited with return code 0
[2026-06-01T09:35:07.573+0000] {taskinstance.py:441} INFO - ::group::Post task execution logs
[2026-06-01T09:35:07.595+0000] {taskinstance.py:1206} INFO - Marking task as SUCCESS. dag_id=dynamic_metadata_pipeline, task_id=run_pipeline_5, run_id=scheduled__2026-06-01T09:30:00+00:00, execution_date=20260601T093000, start_date=20260601T093502, end_date=20260601T093507
[2026-06-01T09:35:07.616+0000] {local_task_job_runner.py:240} INFO - Task exited with return code 0
[2026-06-01T09:35:07.629+0000] {taskinstance.py:3498} INFO - 0 downstream tasks scheduled from follow-on schedule check
[2026-06-01T09:35:07.633+0000] {local_task_job_runner.py:222} INFO - ::endgroup::
