[2026-06-04T04:55:02.681+0000] {local_task_job_runner.py:120} INFO - ::group::Pre task execution logs
[2026-06-04T04:55:02.713+0000] {taskinstance.py:2076} INFO - Dependencies all met for dep_context=non-requeueable deps ti=<TaskInstance: postgres_to_local_pipeline.run_pipeline_2 scheduled__2026-06-04T04:50:00+00:00 [queued]>
[2026-06-04T04:55:02.724+0000] {taskinstance.py:2076} INFO - Dependencies all met for dep_context=requeueable deps ti=<TaskInstance: postgres_to_local_pipeline.run_pipeline_2 scheduled__2026-06-04T04:50:00+00:00 [queued]>
[2026-06-04T04:55:02.726+0000] {taskinstance.py:2306} INFO - Starting attempt 1 of 2
[2026-06-04T04:55:02.743+0000] {taskinstance.py:2330} INFO - Executing <Task(BashOperator): run_pipeline_2> on 2026-06-04 04:50:00+00:00
[2026-06-04T04:55:02.750+0000] {standard_task_runner.py:90} INFO - Running: ['***', 'tasks', 'run', 'postgres_to_local_pipeline', 'run_pipeline_2', 'scheduled__2026-06-04T04:50:00+00:00', '--job-id', '203', '--raw', '--subdir', 'DAGS_FOLDER/dynamic_pipeline_generator.py', '--cfg-path', '/tmp/tmpd94b0l6j']
[2026-06-04T04:55:02.753+0000] {standard_task_runner.py:91} INFO - Job 203: Subtask run_pipeline_2
[2026-06-04T04:55:02.753+0000] {logging_mixin.py:188} WARNING - /home/***/.local/lib/python3.12/site-packages/***/task/task_runner/standard_task_runner.py:61 DeprecationWarning: This process (pid=1373) is multi-threaded, use of fork() may lead to deadlocks in the child.
[2026-06-04T04:55:02.754+0000] {standard_task_runner.py:63} INFO - Started process 1374 to run task
[2026-06-04T04:55:02.796+0000] {task_command.py:426} INFO - Running <TaskInstance: postgres_to_local_pipeline.run_pipeline_2 scheduled__2026-06-04T04:50:00+00:00 [running]> on host b044b6a9b6bd
[2026-06-04T04:55:02.878+0000] {taskinstance.py:2648} INFO - Exporting env vars: AIRFLOW_CTX_DAG_OWNER='subashri' AIRFLOW_CTX_DAG_ID='postgres_to_local_pipeline' AIRFLOW_CTX_TASK_ID='run_pipeline_2' AIRFLOW_CTX_EXECUTION_DATE='2026-06-04T04:50:00+00:00' AIRFLOW_CTX_TRY_NUMBER='1' AIRFLOW_CTX_DAG_RUN_ID='scheduled__2026-06-04T04:50:00+00:00'
[2026-06-04T04:55:02.879+0000] {taskinstance.py:430} INFO - ::endgroup::
[2026-06-04T04:55:02.894+0000] {subprocess.py:63} INFO - Tmp dir root location: /tmp
[2026-06-04T04:55:02.895+0000] {subprocess.py:75} INFO - Running command: ['/usr/bin/bash', '-c', 'cd /opt/***/src && python main.py 2']
[2026-06-04T04:55:02.902+0000] {subprocess.py:86} INFO - Output:
[2026-06-04T04:55:13.249+0000] {subprocess.py:93} INFO - 
[2026-06-04T04:55:13.250+0000] {subprocess.py:93} INFO - ===================================
[2026-06-04T04:55:13.251+0000] {subprocess.py:93} INFO - DATABASE CONNECTION CONFIG
[2026-06-04T04:55:13.252+0000] {subprocess.py:93} INFO - ===================================
[2026-06-04T04:55:13.253+0000] {subprocess.py:93} INFO - DB TYPE   : postgres
[2026-06-04T04:55:13.254+0000] {subprocess.py:93} INFO - HOST      : 3.107.8.33
[2026-06-04T04:55:13.255+0000] {subprocess.py:93} INFO - PORT      : 5432
[2026-06-04T04:55:13.256+0000] {subprocess.py:93} INFO - DATABASE  : metadata_db
[2026-06-04T04:55:13.257+0000] {subprocess.py:93} INFO - USERNAME  : teamuser
[2026-06-04T04:55:13.257+0000] {subprocess.py:93} INFO - ===================================
[2026-06-04T04:55:13.258+0000] {subprocess.py:93} INFO - 
[2026-06-04T04:55:13.259+0000] {subprocess.py:93} INFO - Connected to POSTGRES successfully.
[2026-06-04T04:55:13.259+0000] {subprocess.py:93} INFO - 
[2026-06-04T04:55:13.260+0000] {subprocess.py:93} INFO - Running pipeline: postgres_to_local_pipeline (db_to_storage)
[2026-06-04T04:55:13.260+0000] {subprocess.py:93} INFO - 
[2026-06-04T04:55:13.261+0000] {subprocess.py:93} INFO - ===================================
[2026-06-04T04:55:13.261+0000] {subprocess.py:93} INFO - DATABASE CONNECTION CONFIG
[2026-06-04T04:55:13.262+0000] {subprocess.py:93} INFO - ===================================
[2026-06-04T04:55:13.262+0000] {subprocess.py:93} INFO - DB TYPE   : postgres
[2026-06-04T04:55:13.263+0000] {subprocess.py:93} INFO - HOST      : 3.107.8.33
[2026-06-04T04:55:13.263+0000] {subprocess.py:93} INFO - PORT      : 5432
[2026-06-04T04:55:13.264+0000] {subprocess.py:93} INFO - DATABASE  : udifdb
[2026-06-04T04:55:13.264+0000] {subprocess.py:93} INFO - USERNAME  : teamuser
[2026-06-04T04:55:13.265+0000] {subprocess.py:93} INFO - ===================================
[2026-06-04T04:55:13.265+0000] {subprocess.py:93} INFO - 
[2026-06-04T04:55:13.266+0000] {subprocess.py:93} INFO - Connected to POSTGRES successfully.
[2026-06-04T04:55:13.266+0000] {subprocess.py:93} INFO - Completed: 4653 rows processed
[2026-06-04T04:55:13.407+0000] {subprocess.py:97} INFO - Command exited with return code 0
[2026-06-04T04:55:13.408+0000] {taskinstance.py:441} INFO - ::group::Post task execution logs
[2026-06-04T04:55:13.442+0000] {taskinstance.py:1206} INFO - Marking task as SUCCESS. dag_id=postgres_to_local_pipeline, task_id=run_pipeline_2, run_id=scheduled__2026-06-04T04:50:00+00:00, execution_date=20260604T045000, start_date=20260604T045502, end_date=20260604T045513
[2026-06-04T04:55:13.492+0000] {local_task_job_runner.py:240} INFO - Task exited with return code 0
[2026-06-04T04:55:13.509+0000] {taskinstance.py:3498} INFO - 0 downstream tasks scheduled from follow-on schedule check
[2026-06-04T04:55:13.514+0000] {local_task_job_runner.py:222} INFO - ::endgroup::
