[2026-06-01T09:32:04.413+0000] {local_task_job_runner.py:120} INFO - ::group::Pre task execution logs
[2026-06-01T09:32:04.451+0000] {taskinstance.py:2076} INFO - Dependencies all met for dep_context=non-requeueable deps ti=<TaskInstance: dynamic_metadata_pipeline.run_pipeline_1 scheduled__2026-05-31T02:00:00+00:00 [queued]>
[2026-06-01T09:32:04.463+0000] {taskinstance.py:2076} INFO - Dependencies all met for dep_context=requeueable deps ti=<TaskInstance: dynamic_metadata_pipeline.run_pipeline_1 scheduled__2026-05-31T02:00:00+00:00 [queued]>
[2026-06-01T09:32:04.464+0000] {taskinstance.py:2306} INFO - Starting attempt 1 of 2
[2026-06-01T09:32:04.480+0000] {taskinstance.py:2330} INFO - Executing <Task(BashOperator): run_pipeline_1> on 2026-05-31 02:00:00+00:00
[2026-06-01T09:32:04.490+0000] {standard_task_runner.py:90} INFO - Running: ['***', 'tasks', 'run', 'dynamic_metadata_pipeline', 'run_pipeline_1', 'scheduled__2026-05-31T02:00:00+00:00', '--job-id', '88', '--raw', '--subdir', 'DAGS_FOLDER/dynamic_pipeline_dag.py', '--cfg-path', '/tmp/tmpoegmwmm1']
[2026-06-01T09:32:04.494+0000] {standard_task_runner.py:91} INFO - Job 88: Subtask run_pipeline_1
[2026-06-01T09:32:04.496+0000] {logging_mixin.py:188} WARNING - /home/***/.local/lib/python3.12/site-packages/***/task/task_runner/standard_task_runner.py:61 DeprecationWarning: This process (pid=1670) is multi-threaded, use of fork() may lead to deadlocks in the child.
[2026-06-01T09:32:04.500+0000] {standard_task_runner.py:63} INFO - Started process 1675 to run task
[2026-06-01T09:32:04.556+0000] {task_command.py:426} INFO - Running <TaskInstance: dynamic_metadata_pipeline.run_pipeline_1 scheduled__2026-05-31T02:00:00+00:00 [running]> on host 1103cbeaed03
[2026-06-01T09:32:04.664+0000] {taskinstance.py:2648} INFO - Exporting env vars: AIRFLOW_CTX_DAG_OWNER='subashri' AIRFLOW_CTX_DAG_ID='dynamic_metadata_pipeline' AIRFLOW_CTX_TASK_ID='run_pipeline_1' AIRFLOW_CTX_EXECUTION_DATE='2026-05-31T02:00:00+00:00' AIRFLOW_CTX_TRY_NUMBER='1' AIRFLOW_CTX_DAG_RUN_ID='scheduled__2026-05-31T02:00:00+00:00'
[2026-06-01T09:32:04.665+0000] {taskinstance.py:430} INFO - ::endgroup::
[2026-06-01T09:32:04.683+0000] {subprocess.py:63} INFO - Tmp dir root location: /tmp
[2026-06-01T09:32:04.685+0000] {subprocess.py:75} INFO - Running command: ['/usr/bin/bash', '-c', 'cd /opt/***/src && python main.py 1']
[2026-06-01T09:32:04.695+0000] {subprocess.py:86} INFO - Output:
[2026-06-01T09:32:13.900+0000] {subprocess.py:93} INFO - 
[2026-06-01T09:32:13.900+0000] {subprocess.py:93} INFO - ===================================
[2026-06-01T09:32:13.905+0000] {subprocess.py:93} INFO - DATABASE CONNECTION CONFIG
[2026-06-01T09:32:13.909+0000] {subprocess.py:93} INFO - ===================================
[2026-06-01T09:32:13.910+0000] {subprocess.py:93} INFO - DB TYPE   : postgres
[2026-06-01T09:32:13.910+0000] {subprocess.py:93} INFO - HOST      : 3.107.8.33
[2026-06-01T09:32:13.911+0000] {subprocess.py:93} INFO - PORT      : 5432
[2026-06-01T09:32:13.911+0000] {subprocess.py:93} INFO - DATABASE  : metadata_db
[2026-06-01T09:32:13.912+0000] {subprocess.py:93} INFO - USERNAME  : teamuser
[2026-06-01T09:32:13.912+0000] {subprocess.py:93} INFO - ===================================
[2026-06-01T09:32:13.913+0000] {subprocess.py:93} INFO - 
[2026-06-01T09:32:13.913+0000] {subprocess.py:93} INFO - Connected to POSTGRES successfully.
[2026-06-01T09:32:13.914+0000] {subprocess.py:93} INFO - 
[2026-06-01T09:32:13.914+0000] {subprocess.py:93} INFO - Running pipeline: postgres_to_s3_pipeline (db_to_storage)
[2026-06-01T09:32:13.914+0000] {subprocess.py:93} INFO - 
[2026-06-01T09:32:13.915+0000] {subprocess.py:93} INFO - ===================================
[2026-06-01T09:32:13.915+0000] {subprocess.py:93} INFO - DATABASE CONNECTION CONFIG
[2026-06-01T09:32:13.916+0000] {subprocess.py:93} INFO - ===================================
[2026-06-01T09:32:13.916+0000] {subprocess.py:93} INFO - DB TYPE   : postgres
[2026-06-01T09:32:13.917+0000] {subprocess.py:93} INFO - HOST      : 3.107.8.33
[2026-06-01T09:32:13.917+0000] {subprocess.py:93} INFO - PORT      : 5432
[2026-06-01T09:32:13.918+0000] {subprocess.py:93} INFO - DATABASE  : udifdb
[2026-06-01T09:32:13.918+0000] {subprocess.py:93} INFO - USERNAME  : teamuser
[2026-06-01T09:32:13.919+0000] {subprocess.py:93} INFO - ===================================
[2026-06-01T09:32:13.919+0000] {subprocess.py:93} INFO - 
[2026-06-01T09:32:13.920+0000] {subprocess.py:93} INFO - Connected to POSTGRES successfully.
[2026-06-01T09:32:13.920+0000] {subprocess.py:93} INFO - Completed: 4653 rows processed
[2026-06-01T09:32:14.120+0000] {subprocess.py:97} INFO - Command exited with return code 0
[2026-06-01T09:32:14.121+0000] {taskinstance.py:441} INFO - ::group::Post task execution logs
[2026-06-01T09:32:14.145+0000] {taskinstance.py:1206} INFO - Marking task as SUCCESS. dag_id=dynamic_metadata_pipeline, task_id=run_pipeline_1, run_id=scheduled__2026-05-31T02:00:00+00:00, execution_date=20260531T020000, start_date=20260601T093204, end_date=20260601T093214
[2026-06-01T09:32:14.169+0000] {local_task_job_runner.py:240} INFO - Task exited with return code 0
[2026-06-01T09:32:14.182+0000] {taskinstance.py:3498} INFO - 0 downstream tasks scheduled from follow-on schedule check
[2026-06-01T09:32:14.184+0000] {local_task_job_runner.py:222} INFO - ::endgroup::
