[2026-06-04T07:10:03.921+0000] {local_task_job_runner.py:120} INFO - ::group::Pre task execution logs
[2026-06-04T07:10:04.159+0000] {taskinstance.py:2076} INFO - Dependencies all met for dep_context=non-requeueable deps ti=<TaskInstance: postgres_to_local_pipeline.run_pipeline_2 scheduled__2026-06-04T07:05:00+00:00 [queued]>
[2026-06-04T07:10:04.208+0000] {taskinstance.py:2076} INFO - Dependencies all met for dep_context=requeueable deps ti=<TaskInstance: postgres_to_local_pipeline.run_pipeline_2 scheduled__2026-06-04T07:05:00+00:00 [queued]>
[2026-06-04T07:10:04.210+0000] {taskinstance.py:2306} INFO - Starting attempt 1 of 2
[2026-06-04T07:10:04.269+0000] {taskinstance.py:2330} INFO - Executing <Task(BashOperator): run_pipeline_2> on 2026-06-04 07:05:00+00:00
[2026-06-04T07:10:04.334+0000] {standard_task_runner.py:90} INFO - Running: ['***', 'tasks', 'run', 'postgres_to_local_pipeline', 'run_pipeline_2', 'scheduled__2026-06-04T07:05:00+00:00', '--job-id', '288', '--raw', '--subdir', 'DAGS_FOLDER/dynamic_pipeline_generator.py', '--cfg-path', '/tmp/tmp5gikyahk']
[2026-06-04T07:10:04.351+0000] {standard_task_runner.py:91} INFO - Job 288: Subtask run_pipeline_2
[2026-06-04T07:10:04.440+0000] {logging_mixin.py:188} WARNING - /home/***/.local/lib/python3.12/site-packages/***/task/task_runner/standard_task_runner.py:61 DeprecationWarning: This process (pid=5216) is multi-threaded, use of fork() may lead to deadlocks in the child.
[2026-06-04T07:10:04.449+0000] {standard_task_runner.py:63} INFO - Started process 5226 to run task
[2026-06-04T07:10:04.596+0000] {task_command.py:426} INFO - Running <TaskInstance: postgres_to_local_pipeline.run_pipeline_2 scheduled__2026-06-04T07:05:00+00:00 [running]> on host b044b6a9b6bd
[2026-06-04T07:10:05.166+0000] {taskinstance.py:2648} INFO - Exporting env vars: AIRFLOW_CTX_DAG_OWNER='subashri' AIRFLOW_CTX_DAG_ID='postgres_to_local_pipeline' AIRFLOW_CTX_TASK_ID='run_pipeline_2' AIRFLOW_CTX_EXECUTION_DATE='2026-06-04T07:05:00+00:00' AIRFLOW_CTX_TRY_NUMBER='1' AIRFLOW_CTX_DAG_RUN_ID='scheduled__2026-06-04T07:05:00+00:00'
[2026-06-04T07:10:05.181+0000] {taskinstance.py:430} INFO - ::endgroup::
[2026-06-04T07:10:05.335+0000] {subprocess.py:63} INFO - Tmp dir root location: /tmp
[2026-06-04T07:10:05.344+0000] {subprocess.py:75} INFO - Running command: ['/usr/bin/bash', '-c', 'cd /opt/***/src && python main.py 2']
[2026-06-04T07:10:05.471+0000] {subprocess.py:86} INFO - Output:
[2026-06-04T07:10:19.605+0000] {subprocess.py:93} INFO - 
[2026-06-04T07:10:19.607+0000] {subprocess.py:93} INFO - ===================================
[2026-06-04T07:10:19.608+0000] {subprocess.py:93} INFO - DATABASE CONNECTION CONFIG
[2026-06-04T07:10:19.610+0000] {subprocess.py:93} INFO - ===================================
[2026-06-04T07:10:19.611+0000] {subprocess.py:93} INFO - DB TYPE   : postgres
[2026-06-04T07:10:19.612+0000] {subprocess.py:93} INFO - HOST      : 3.107.8.33
[2026-06-04T07:10:19.614+0000] {subprocess.py:93} INFO - PORT      : 5432
[2026-06-04T07:10:19.616+0000] {subprocess.py:93} INFO - DATABASE  : metadata_db
[2026-06-04T07:10:19.618+0000] {subprocess.py:93} INFO - USERNAME  : teamuser
[2026-06-04T07:10:19.619+0000] {subprocess.py:93} INFO - ===================================
[2026-06-04T07:10:19.620+0000] {subprocess.py:93} INFO - 
[2026-06-04T07:10:19.622+0000] {subprocess.py:93} INFO - Connected to POSTGRES successfully.
[2026-06-04T07:10:19.623+0000] {subprocess.py:93} INFO - 
[2026-06-04T07:10:19.624+0000] {subprocess.py:93} INFO - Running pipeline: postgres_to_local_pipeline (db_to_storage)
[2026-06-04T07:10:19.625+0000] {subprocess.py:93} INFO - 
[2026-06-04T07:10:19.627+0000] {subprocess.py:93} INFO - ===================================
[2026-06-04T07:10:19.628+0000] {subprocess.py:93} INFO - DATABASE CONNECTION CONFIG
[2026-06-04T07:10:19.629+0000] {subprocess.py:93} INFO - ===================================
[2026-06-04T07:10:19.631+0000] {subprocess.py:93} INFO - DB TYPE   : postgres
[2026-06-04T07:10:19.632+0000] {subprocess.py:93} INFO - HOST      : 3.107.8.33
[2026-06-04T07:10:19.634+0000] {subprocess.py:93} INFO - PORT      : 5432
[2026-06-04T07:10:19.635+0000] {subprocess.py:93} INFO - DATABASE  : udifdb
[2026-06-04T07:10:19.636+0000] {subprocess.py:93} INFO - USERNAME  : teamuser
[2026-06-04T07:10:19.638+0000] {subprocess.py:93} INFO - ===================================
[2026-06-04T07:10:19.639+0000] {subprocess.py:93} INFO - 
[2026-06-04T07:10:19.640+0000] {subprocess.py:93} INFO - Connected to POSTGRES successfully.
[2026-06-04T07:10:19.641+0000] {subprocess.py:93} INFO - Completed: 4653 rows processed
[2026-06-04T07:10:19.913+0000] {subprocess.py:97} INFO - Command exited with return code 0
[2026-06-04T07:10:19.930+0000] {taskinstance.py:441} INFO - ::group::Post task execution logs
[2026-06-04T07:10:19.981+0000] {taskinstance.py:1206} INFO - Marking task as SUCCESS. dag_id=postgres_to_local_pipeline, task_id=run_pipeline_2, run_id=scheduled__2026-06-04T07:05:00+00:00, execution_date=20260604T070500, start_date=20260604T071004, end_date=20260604T071019
[2026-06-04T07:10:20.021+0000] {local_task_job_runner.py:240} INFO - Task exited with return code 0
[2026-06-04T07:10:20.051+0000] {taskinstance.py:3498} INFO - 0 downstream tasks scheduled from follow-on schedule check
[2026-06-04T07:10:20.055+0000] {local_task_job_runner.py:222} INFO - ::endgroup::
