[2026-06-04T06:50:06.103+0000] {local_task_job_runner.py:120} INFO - ::group::Pre task execution logs
[2026-06-04T06:50:06.276+0000] {taskinstance.py:2076} INFO - Dependencies all met for dep_context=non-requeueable deps ti=<TaskInstance: s3_to_postgres_pipeline.run_pipeline_5 scheduled__2026-06-04T06:45:00+00:00 [queued]>
[2026-06-04T06:50:06.348+0000] {taskinstance.py:2076} INFO - Dependencies all met for dep_context=requeueable deps ti=<TaskInstance: s3_to_postgres_pipeline.run_pipeline_5 scheduled__2026-06-04T06:45:00+00:00 [queued]>
[2026-06-04T06:50:06.352+0000] {taskinstance.py:2306} INFO - Starting attempt 1 of 2
[2026-06-04T06:50:06.451+0000] {taskinstance.py:2330} INFO - Executing <Task(BashOperator): run_pipeline_5> on 2026-06-04 06:45:00+00:00
[2026-06-04T06:50:06.527+0000] {standard_task_runner.py:90} INFO - Running: ['***', 'tasks', 'run', 's3_to_postgres_pipeline', 'run_pipeline_5', 'scheduled__2026-06-04T06:45:00+00:00', '--job-id', '263', '--raw', '--subdir', 'DAGS_FOLDER/dynamic_pipeline_generator.py', '--cfg-path', '/tmp/tmpg0u6bq6t']
[2026-06-04T06:50:06.557+0000] {standard_task_runner.py:91} INFO - Job 263: Subtask run_pipeline_5
[2026-06-04T06:50:06.569+0000] {logging_mixin.py:188} WARNING - /home/***/.local/lib/python3.12/site-packages/***/task/task_runner/standard_task_runner.py:61 DeprecationWarning: This process (pid=4407) is multi-threaded, use of fork() may lead to deadlocks in the child.
[2026-06-04T06:50:06.580+0000] {standard_task_runner.py:63} INFO - Started process 4418 to run task
[2026-06-04T06:50:06.851+0000] {task_command.py:426} INFO - Running <TaskInstance: s3_to_postgres_pipeline.run_pipeline_5 scheduled__2026-06-04T06:45:00+00:00 [running]> on host b044b6a9b6bd
[2026-06-04T06:50:07.351+0000] {taskinstance.py:2648} INFO - Exporting env vars: AIRFLOW_CTX_DAG_OWNER='subashri' AIRFLOW_CTX_DAG_ID='s3_to_postgres_pipeline' AIRFLOW_CTX_TASK_ID='run_pipeline_5' AIRFLOW_CTX_EXECUTION_DATE='2026-06-04T06:45:00+00:00' AIRFLOW_CTX_TRY_NUMBER='1' AIRFLOW_CTX_DAG_RUN_ID='scheduled__2026-06-04T06:45:00+00:00'
[2026-06-04T06:50:07.354+0000] {taskinstance.py:430} INFO - ::endgroup::
[2026-06-04T06:50:07.455+0000] {subprocess.py:63} INFO - Tmp dir root location: /tmp
[2026-06-04T06:50:07.463+0000] {subprocess.py:75} INFO - Running command: ['/usr/bin/bash', '-c', 'cd /opt/***/src && python main.py 5']
[2026-06-04T06:50:07.497+0000] {subprocess.py:86} INFO - Output:
[2026-06-04T06:50:35.142+0000] {subprocess.py:93} INFO - 
[2026-06-04T06:50:35.146+0000] {subprocess.py:93} INFO - ===================================
[2026-06-04T06:50:35.148+0000] {subprocess.py:93} INFO - DATABASE CONNECTION CONFIG
[2026-06-04T06:50:35.149+0000] {subprocess.py:93} INFO - ===================================
[2026-06-04T06:50:35.150+0000] {subprocess.py:93} INFO - DB TYPE   : postgres
[2026-06-04T06:50:35.151+0000] {subprocess.py:93} INFO - HOST      : 3.107.8.33
[2026-06-04T06:50:35.152+0000] {subprocess.py:93} INFO - PORT      : 5432
[2026-06-04T06:50:35.154+0000] {subprocess.py:93} INFO - DATABASE  : metadata_db
[2026-06-04T06:50:35.156+0000] {subprocess.py:93} INFO - USERNAME  : teamuser
[2026-06-04T06:50:35.157+0000] {subprocess.py:93} INFO - ===================================
[2026-06-04T06:50:35.159+0000] {subprocess.py:93} INFO - 
[2026-06-04T06:50:35.161+0000] {subprocess.py:93} INFO - Connected to POSTGRES successfully.
[2026-06-04T06:50:35.162+0000] {subprocess.py:93} INFO - 
[2026-06-04T06:50:35.163+0000] {subprocess.py:93} INFO - Running pipeline: s3_to_postgres_pipeline (storage_to_db)
[2026-06-04T06:50:35.164+0000] {subprocess.py:93} INFO - Loading table: customer_feb (120 rows)
[2026-06-04T06:50:35.166+0000] {subprocess.py:93} INFO - Loading table: customer_jan (100 rows)
[2026-06-04T06:50:35.167+0000] {subprocess.py:93} INFO - Loading table: customer_march (150 rows)
[2026-06-04T06:50:35.170+0000] {subprocess.py:93} INFO - Processed total rows: 370
[2026-06-04T06:50:35.172+0000] {subprocess.py:93} INFO - Completed: 370 rows processed
[2026-06-04T06:50:35.542+0000] {subprocess.py:97} INFO - Command exited with return code 0
[2026-06-04T06:50:35.545+0000] {taskinstance.py:441} INFO - ::group::Post task execution logs
[2026-06-04T06:50:35.608+0000] {taskinstance.py:1206} INFO - Marking task as SUCCESS. dag_id=s3_to_postgres_pipeline, task_id=run_pipeline_5, run_id=scheduled__2026-06-04T06:45:00+00:00, execution_date=20260604T064500, start_date=20260604T065006, end_date=20260604T065035
[2026-06-04T06:50:35.660+0000] {local_task_job_runner.py:240} INFO - Task exited with return code 0
[2026-06-04T06:50:35.702+0000] {taskinstance.py:3498} INFO - 0 downstream tasks scheduled from follow-on schedule check
[2026-06-04T06:50:35.707+0000] {local_task_job_runner.py:222} INFO - ::endgroup::
