[2026-05-28T11:16:10.471+0000] {local_task_job_runner.py:120} INFO - ::group::Pre task execution logs
[2026-05-28T11:16:10.514+0000] {taskinstance.py:2076} INFO - Dependencies all met for dep_context=non-requeueable deps ti=<TaskInstance: dynamic_metadata_pipeline.run_pipeline_1 manual__2026-05-28T11:16:09.775051+00:00 [queued]>
[2026-05-28T11:16:10.526+0000] {taskinstance.py:2076} INFO - Dependencies all met for dep_context=requeueable deps ti=<TaskInstance: dynamic_metadata_pipeline.run_pipeline_1 manual__2026-05-28T11:16:09.775051+00:00 [queued]>
[2026-05-28T11:16:10.530+0000] {taskinstance.py:2306} INFO - Starting attempt 1 of 2
[2026-05-28T11:16:10.550+0000] {taskinstance.py:2330} INFO - Executing <Task(BashOperator): run_pipeline_1> on 2026-05-28 11:16:09.775051+00:00
[2026-05-28T11:16:10.561+0000] {standard_task_runner.py:90} INFO - Running: ['***', 'tasks', 'run', 'dynamic_metadata_pipeline', 'run_pipeline_1', 'manual__2026-05-28T11:16:09.775051+00:00', '--job-id', '25', '--raw', '--subdir', 'DAGS_FOLDER/dynamic_pipeline_dag.py', '--cfg-path', '/tmp/tmp698x6768']
[2026-05-28T11:16:10.566+0000] {standard_task_runner.py:91} INFO - Job 25: Subtask run_pipeline_1
[2026-05-28T11:16:10.567+0000] {logging_mixin.py:188} WARNING - /home/***/.local/lib/python3.12/site-packages/***/task/task_runner/standard_task_runner.py:61 DeprecationWarning: This process (pid=170) is multi-threaded, use of fork() may lead to deadlocks in the child.
[2026-05-28T11:16:10.568+0000] {standard_task_runner.py:63} INFO - Started process 171 to run task
[2026-05-28T11:16:10.647+0000] {task_command.py:426} INFO - Running <TaskInstance: dynamic_metadata_pipeline.run_pipeline_1 manual__2026-05-28T11:16:09.775051+00:00 [running]> on host 8a92437a7f72
[2026-05-28T11:16:10.803+0000] {taskinstance.py:2648} INFO - Exporting env vars: AIRFLOW_CTX_DAG_OWNER='subashri' AIRFLOW_CTX_DAG_ID='dynamic_metadata_pipeline' AIRFLOW_CTX_TASK_ID='run_pipeline_1' AIRFLOW_CTX_EXECUTION_DATE='2026-05-28T11:16:09.775051+00:00' AIRFLOW_CTX_TRY_NUMBER='1' AIRFLOW_CTX_DAG_RUN_ID='manual__2026-05-28T11:16:09.775051+00:00'
[2026-05-28T11:16:10.807+0000] {taskinstance.py:430} INFO - ::endgroup::
[2026-05-28T11:16:10.835+0000] {subprocess.py:63} INFO - Tmp dir root location: /tmp
[2026-05-28T11:16:10.838+0000] {subprocess.py:75} INFO - Running command: ['/usr/bin/bash', '-c', 'cd /opt/***/src && python main.py 1']
[2026-05-28T11:16:10.857+0000] {subprocess.py:86} INFO - Output:
[2026-05-28T11:16:16.979+0000] {subprocess.py:93} INFO - Using CPU. Note: This module is much faster with a GPU.
[2026-05-28T11:16:40.509+0000] {subprocess.py:93} INFO - 
[2026-05-28T11:16:40.511+0000] {subprocess.py:93} INFO - ===================================
[2026-05-28T11:16:40.513+0000] {subprocess.py:93} INFO - DATABASE CONNECTION CONFIG
[2026-05-28T11:16:40.514+0000] {subprocess.py:93} INFO - ===================================
[2026-05-28T11:16:40.516+0000] {subprocess.py:93} INFO - DB TYPE   : postgres
[2026-05-28T11:16:40.518+0000] {subprocess.py:93} INFO - HOST      : 13.211.150.140
[2026-05-28T11:16:40.519+0000] {subprocess.py:93} INFO - PORT      : 5432
[2026-05-28T11:16:40.521+0000] {subprocess.py:93} INFO - DATABASE  : metadata_db
[2026-05-28T11:16:40.523+0000] {subprocess.py:93} INFO - USERNAME  : teamuser
[2026-05-28T11:16:40.525+0000] {subprocess.py:93} INFO - ===================================
[2026-05-28T11:16:40.527+0000] {subprocess.py:93} INFO - 
[2026-05-28T11:16:40.528+0000] {subprocess.py:93} INFO - Traceback (most recent call last):
[2026-05-28T11:16:40.529+0000] {subprocess.py:93} INFO -   File "/home/***/.local/lib/python3.12/site-packages/sqlalchemy/engine/base.py", line 3371, in _wrap_pool_connect
[2026-05-28T11:16:40.531+0000] {subprocess.py:93} INFO -     return fn()
[2026-05-28T11:16:40.532+0000] {subprocess.py:93} INFO -            ^^^^
[2026-05-28T11:16:40.533+0000] {subprocess.py:93} INFO -   File "/home/***/.local/lib/python3.12/site-packages/sqlalchemy/pool/base.py", line 327, in connect
[2026-05-28T11:16:40.534+0000] {subprocess.py:93} INFO -     return _ConnectionFairy._checkout(self)
[2026-05-28T11:16:40.535+0000] {subprocess.py:93} INFO -            ^^^^^^^^^^^^^^^^^^^^^^^^^^^^^^^^
[2026-05-28T11:16:40.537+0000] {subprocess.py:93} INFO -   File "/home/***/.local/lib/python3.12/site-packages/sqlalchemy/pool/base.py", line 894, in _checkout
[2026-05-28T11:16:40.538+0000] {subprocess.py:93} INFO -     fairy = _ConnectionRecord.checkout(pool)
[2026-05-28T11:16:40.539+0000] {subprocess.py:93} INFO -             ^^^^^^^^^^^^^^^^^^^^^^^^^^^^^^^^
[2026-05-28T11:16:40.540+0000] {subprocess.py:93} INFO -   File "/home/***/.local/lib/python3.12/site-packages/sqlalchemy/pool/base.py", line 493, in checkout
[2026-05-28T11:16:40.542+0000] {subprocess.py:93} INFO -     rec = pool._do_get()
[2026-05-28T11:16:40.543+0000] {subprocess.py:93} INFO -           ^^^^^^^^^^^^^^
[2026-05-28T11:16:40.544+0000] {subprocess.py:93} INFO -   File "/home/***/.local/lib/python3.12/site-packages/sqlalchemy/pool/impl.py", line 145, in _do_get
[2026-05-28T11:16:40.545+0000] {subprocess.py:93} INFO -     with util.safe_reraise():
[2026-05-28T11:16:40.546+0000] {subprocess.py:93} INFO -   File "/home/***/.local/lib/python3.12/site-packages/sqlalchemy/util/langhelpers.py", line 70, in __exit__
[2026-05-28T11:16:40.547+0000] {subprocess.py:93} INFO -     compat.raise_(
[2026-05-28T11:16:40.548+0000] {subprocess.py:93} INFO -   File "/home/***/.local/lib/python3.12/site-packages/sqlalchemy/util/compat.py", line 211, in raise_
[2026-05-28T11:16:40.549+0000] {subprocess.py:93} INFO -     raise exception
[2026-05-28T11:16:40.550+0000] {subprocess.py:93} INFO -   File "/home/***/.local/lib/python3.12/site-packages/sqlalchemy/pool/impl.py", line 143, in _do_get
[2026-05-28T11:16:40.550+0000] {subprocess.py:93} INFO -     return self._create_connection()
[2026-05-28T11:16:40.551+0000] {subprocess.py:93} INFO -            ^^^^^^^^^^^^^^^^^^^^^^^^^
[2026-05-28T11:16:40.552+0000] {subprocess.py:93} INFO -   File "/home/***/.local/lib/python3.12/site-packages/sqlalchemy/pool/base.py", line 273, in _create_connection
[2026-05-28T11:16:40.553+0000] {subprocess.py:93} INFO -     return _ConnectionRecord(self)
[2026-05-28T11:16:40.554+0000] {subprocess.py:93} INFO -            ^^^^^^^^^^^^^^^^^^^^^^^
[2026-05-28T11:16:40.554+0000] {subprocess.py:93} INFO -   File "/home/***/.local/lib/python3.12/site-packages/sqlalchemy/pool/base.py", line 388, in __init__
[2026-05-28T11:16:40.555+0000] {subprocess.py:93} INFO -     self.__connect()
[2026-05-28T11:16:40.556+0000] {subprocess.py:93} INFO -   File "/home/***/.local/lib/python3.12/site-packages/sqlalchemy/pool/base.py", line 690, in __connect
[2026-05-28T11:16:40.557+0000] {subprocess.py:93} INFO -     with util.safe_reraise():
[2026-05-28T11:16:40.558+0000] {subprocess.py:93} INFO -   File "/home/***/.local/lib/python3.12/site-packages/sqlalchemy/util/langhelpers.py", line 70, in __exit__
[2026-05-28T11:16:40.558+0000] {subprocess.py:93} INFO -     compat.raise_(
[2026-05-28T11:16:40.559+0000] {subprocess.py:93} INFO -   File "/home/***/.local/lib/python3.12/site-packages/sqlalchemy/util/compat.py", line 211, in raise_
[2026-05-28T11:16:40.560+0000] {subprocess.py:93} INFO -     raise exception
[2026-05-28T11:16:40.561+0000] {subprocess.py:93} INFO -   File "/home/***/.local/lib/python3.12/site-packages/sqlalchemy/pool/base.py", line 686, in __connect
[2026-05-28T11:16:40.561+0000] {subprocess.py:93} INFO -     self.dbapi_connection = connection = pool._invoke_creator(self)
[2026-05-28T11:16:40.562+0000] {subprocess.py:93} INFO -                                          ^^^^^^^^^^^^^^^^^^^^^^^^^^
[2026-05-28T11:16:40.562+0000] {subprocess.py:93} INFO -   File "/home/***/.local/lib/python3.12/site-packages/sqlalchemy/engine/create.py", line 574, in connect
[2026-05-28T11:16:40.563+0000] {subprocess.py:93} INFO -     return dialect.connect(*cargs, **cparams)
[2026-05-28T11:16:40.564+0000] {subprocess.py:93} INFO -            ^^^^^^^^^^^^^^^^^^^^^^^^^^^^^^^^^^
[2026-05-28T11:16:40.564+0000] {subprocess.py:93} INFO -   File "/home/***/.local/lib/python3.12/site-packages/sqlalchemy/engine/default.py", line 598, in connect
[2026-05-28T11:16:40.565+0000] {subprocess.py:93} INFO -     return self.dbapi.connect(*cargs, **cparams)
[2026-05-28T11:16:40.565+0000] {subprocess.py:93} INFO -            ^^^^^^^^^^^^^^^^^^^^^^^^^^^^^^^^^^^^^
[2026-05-28T11:16:40.566+0000] {subprocess.py:93} INFO -   File "/home/***/.local/lib/python3.12/site-packages/psycopg2/__init__.py", line 122, in connect
[2026-05-28T11:16:40.566+0000] {subprocess.py:93} INFO -     conn = _connect(dsn, connection_factory=connection_factory, **kwasync)
[2026-05-28T11:16:40.567+0000] {subprocess.py:93} INFO -            ^^^^^^^^^^^^^^^^^^^^^^^^^^^^^^^^^^^^^^^^^^^^^^^^^^^^^^^^^^^^^^^
[2026-05-28T11:16:40.567+0000] {subprocess.py:93} INFO - psycopg2.OperationalError: connection to server at "13.211.150.140", port 5432 failed: Connection refused
[2026-05-28T11:16:40.568+0000] {subprocess.py:93} INFO - 	Is the server running on that host and accepting TCP/IP connections?
[2026-05-28T11:16:40.568+0000] {subprocess.py:93} INFO - 
[2026-05-28T11:16:40.568+0000] {subprocess.py:93} INFO - 
[2026-05-28T11:16:40.569+0000] {subprocess.py:93} INFO - The above exception was the direct cause of the following exception:
[2026-05-28T11:16:40.569+0000] {subprocess.py:93} INFO - 
[2026-05-28T11:16:40.570+0000] {subprocess.py:93} INFO - Traceback (most recent call last):
[2026-05-28T11:16:40.570+0000] {subprocess.py:93} INFO -   File "/opt/***/src/extractor.py", line 172, in connect_db
[2026-05-28T11:16:40.571+0000] {subprocess.py:93} INFO -     with engine.connect() as conn:
[2026-05-28T11:16:40.571+0000] {subprocess.py:93} INFO -          ^^^^^^^^^^^^^^^^
[2026-05-28T11:16:40.572+0000] {subprocess.py:93} INFO -   File "/home/***/.local/lib/python3.12/site-packages/sqlalchemy/engine/base.py", line 3325, in connect
[2026-05-28T11:16:40.572+0000] {subprocess.py:93} INFO -     return self._connection_cls(self, close_with_result=close_with_result)
[2026-05-28T11:16:40.572+0000] {subprocess.py:93} INFO -            ^^^^^^^^^^^^^^^^^^^^^^^^^^^^^^^^^^^^^^^^^^^^^^^^^^^^^^^^^^^^^^^
[2026-05-28T11:16:40.573+0000] {subprocess.py:93} INFO -   File "/home/***/.local/lib/python3.12/site-packages/sqlalchemy/engine/base.py", line 96, in __init__
[2026-05-28T11:16:40.573+0000] {subprocess.py:93} INFO -     else engine.raw_connection()
[2026-05-28T11:16:40.574+0000] {subprocess.py:93} INFO -          ^^^^^^^^^^^^^^^^^^^^^^^
[2026-05-28T11:16:40.574+0000] {subprocess.py:93} INFO -   File "/home/***/.local/lib/python3.12/site-packages/sqlalchemy/engine/base.py", line 3404, in raw_connection
[2026-05-28T11:16:40.575+0000] {subprocess.py:93} INFO -     return self._wrap_pool_connect(self.pool.connect, _connection)
[2026-05-28T11:16:40.575+0000] {subprocess.py:93} INFO -            ^^^^^^^^^^^^^^^^^^^^^^^^^^^^^^^^^^^^^^^^^^^^^^^^^^^^^^^
[2026-05-28T11:16:40.576+0000] {subprocess.py:93} INFO -   File "/home/***/.local/lib/python3.12/site-packages/sqlalchemy/engine/base.py", line 3374, in _wrap_pool_connect
[2026-05-28T11:16:40.576+0000] {subprocess.py:93} INFO -     Connection._handle_dbapi_exception_noconnection(
[2026-05-28T11:16:40.576+0000] {subprocess.py:93} INFO -   File "/home/***/.local/lib/python3.12/site-packages/sqlalchemy/engine/base.py", line 2208, in _handle_dbapi_exception_noconnection
[2026-05-28T11:16:40.577+0000] {subprocess.py:93} INFO -     util.raise_(
[2026-05-28T11:16:40.577+0000] {subprocess.py:93} INFO -   File "/home/***/.local/lib/python3.12/site-packages/sqlalchemy/util/compat.py", line 211, in raise_
[2026-05-28T11:16:40.578+0000] {subprocess.py:93} INFO -     raise exception
[2026-05-28T11:16:40.578+0000] {subprocess.py:93} INFO -   File "/home/***/.local/lib/python3.12/site-packages/sqlalchemy/engine/base.py", line 3371, in _wrap_pool_connect
[2026-05-28T11:16:40.578+0000] {subprocess.py:93} INFO -     return fn()
[2026-05-28T11:16:40.579+0000] {subprocess.py:93} INFO -            ^^^^
[2026-05-28T11:16:40.579+0000] {subprocess.py:93} INFO -   File "/home/***/.local/lib/python3.12/site-packages/sqlalchemy/pool/base.py", line 327, in connect
[2026-05-28T11:16:40.580+0000] {subprocess.py:93} INFO -     return _ConnectionFairy._checkout(self)
[2026-05-28T11:16:40.580+0000] {subprocess.py:93} INFO -            ^^^^^^^^^^^^^^^^^^^^^^^^^^^^^^^^
[2026-05-28T11:16:40.580+0000] {subprocess.py:93} INFO -   File "/home/***/.local/lib/python3.12/site-packages/sqlalchemy/pool/base.py", line 894, in _checkout
[2026-05-28T11:16:40.581+0000] {subprocess.py:93} INFO -     fairy = _ConnectionRecord.checkout(pool)
[2026-05-28T11:16:40.581+0000] {subprocess.py:93} INFO -             ^^^^^^^^^^^^^^^^^^^^^^^^^^^^^^^^
[2026-05-28T11:16:40.581+0000] {subprocess.py:93} INFO -   File "/home/***/.local/lib/python3.12/site-packages/sqlalchemy/pool/base.py", line 493, in checkout
[2026-05-28T11:16:40.582+0000] {subprocess.py:93} INFO -     rec = pool._do_get()
[2026-05-28T11:16:40.582+0000] {subprocess.py:93} INFO -           ^^^^^^^^^^^^^^
[2026-05-28T11:16:40.583+0000] {subprocess.py:93} INFO -   File "/home/***/.local/lib/python3.12/site-packages/sqlalchemy/pool/impl.py", line 145, in _do_get
[2026-05-28T11:16:40.583+0000] {subprocess.py:93} INFO -     with util.safe_reraise():
[2026-05-28T11:16:40.583+0000] {subprocess.py:93} INFO -   File "/home/***/.local/lib/python3.12/site-packages/sqlalchemy/util/langhelpers.py", line 70, in __exit__
[2026-05-28T11:16:40.584+0000] {subprocess.py:93} INFO -     compat.raise_(
[2026-05-28T11:16:40.584+0000] {subprocess.py:93} INFO -   File "/home/***/.local/lib/python3.12/site-packages/sqlalchemy/util/compat.py", line 211, in raise_
[2026-05-28T11:16:40.585+0000] {subprocess.py:93} INFO -     raise exception
[2026-05-28T11:16:40.585+0000] {subprocess.py:93} INFO -   File "/home/***/.local/lib/python3.12/site-packages/sqlalchemy/pool/impl.py", line 143, in _do_get
[2026-05-28T11:16:40.586+0000] {subprocess.py:93} INFO -     return self._create_connection()
[2026-05-28T11:16:40.586+0000] {subprocess.py:93} INFO -            ^^^^^^^^^^^^^^^^^^^^^^^^^
[2026-05-28T11:16:40.587+0000] {subprocess.py:93} INFO -   File "/home/***/.local/lib/python3.12/site-packages/sqlalchemy/pool/base.py", line 273, in _create_connection
[2026-05-28T11:16:40.587+0000] {subprocess.py:93} INFO -     return _ConnectionRecord(self)
[2026-05-28T11:16:40.588+0000] {subprocess.py:93} INFO -            ^^^^^^^^^^^^^^^^^^^^^^^
[2026-05-28T11:16:40.588+0000] {subprocess.py:93} INFO -   File "/home/***/.local/lib/python3.12/site-packages/sqlalchemy/pool/base.py", line 388, in __init__
[2026-05-28T11:16:40.589+0000] {subprocess.py:93} INFO -     self.__connect()
[2026-05-28T11:16:40.589+0000] {subprocess.py:93} INFO -   File "/home/***/.local/lib/python3.12/site-packages/sqlalchemy/pool/base.py", line 690, in __connect
[2026-05-28T11:16:40.589+0000] {subprocess.py:93} INFO -     with util.safe_reraise():
[2026-05-28T11:16:40.590+0000] {subprocess.py:93} INFO -   File "/home/***/.local/lib/python3.12/site-packages/sqlalchemy/util/langhelpers.py", line 70, in __exit__
[2026-05-28T11:16:40.591+0000] {subprocess.py:93} INFO -     compat.raise_(
[2026-05-28T11:16:40.591+0000] {subprocess.py:93} INFO -   File "/home/***/.local/lib/python3.12/site-packages/sqlalchemy/util/compat.py", line 211, in raise_
[2026-05-28T11:16:40.591+0000] {subprocess.py:93} INFO -     raise exception
[2026-05-28T11:16:40.592+0000] {subprocess.py:93} INFO -   File "/home/***/.local/lib/python3.12/site-packages/sqlalchemy/pool/base.py", line 686, in __connect
[2026-05-28T11:16:40.592+0000] {subprocess.py:93} INFO -     self.dbapi_connection = connection = pool._invoke_creator(self)
[2026-05-28T11:16:40.593+0000] {subprocess.py:93} INFO -                                          ^^^^^^^^^^^^^^^^^^^^^^^^^^
[2026-05-28T11:16:40.593+0000] {subprocess.py:93} INFO -   File "/home/***/.local/lib/python3.12/site-packages/sqlalchemy/engine/create.py", line 574, in connect
[2026-05-28T11:16:40.594+0000] {subprocess.py:93} INFO -     return dialect.connect(*cargs, **cparams)
[2026-05-28T11:16:40.594+0000] {subprocess.py:93} INFO -            ^^^^^^^^^^^^^^^^^^^^^^^^^^^^^^^^^^
[2026-05-28T11:16:40.594+0000] {subprocess.py:93} INFO -   File "/home/***/.local/lib/python3.12/site-packages/sqlalchemy/engine/default.py", line 598, in connect
[2026-05-28T11:16:40.595+0000] {subprocess.py:93} INFO -     return self.dbapi.connect(*cargs, **cparams)
[2026-05-28T11:16:40.595+0000] {subprocess.py:93} INFO -            ^^^^^^^^^^^^^^^^^^^^^^^^^^^^^^^^^^^^^
[2026-05-28T11:16:40.596+0000] {subprocess.py:93} INFO -   File "/home/***/.local/lib/python3.12/site-packages/psycopg2/__init__.py", line 122, in connect
[2026-05-28T11:16:40.596+0000] {subprocess.py:93} INFO -     conn = _connect(dsn, connection_factory=connection_factory, **kwasync)
[2026-05-28T11:16:40.596+0000] {subprocess.py:93} INFO -            ^^^^^^^^^^^^^^^^^^^^^^^^^^^^^^^^^^^^^^^^^^^^^^^^^^^^^^^^^^^^^^^
[2026-05-28T11:16:40.597+0000] {subprocess.py:93} INFO - sqlalchemy.exc.OperationalError: (psycopg2.OperationalError) connection to server at "13.211.150.140", port 5432 failed: Connection refused
[2026-05-28T11:16:40.597+0000] {subprocess.py:93} INFO - 	Is the server running on that host and accepting TCP/IP connections?
[2026-05-28T11:16:40.598+0000] {subprocess.py:93} INFO - 
[2026-05-28T11:16:40.598+0000] {subprocess.py:93} INFO - (Background on this error at: https://sqlalche.me/e/14/e3q8)
[2026-05-28T11:16:40.598+0000] {subprocess.py:93} INFO - 
[2026-05-28T11:16:40.599+0000] {subprocess.py:93} INFO - During handling of the above exception, another exception occurred:
[2026-05-28T11:16:40.599+0000] {subprocess.py:93} INFO - 
[2026-05-28T11:16:40.599+0000] {subprocess.py:93} INFO - Traceback (most recent call last):
[2026-05-28T11:16:40.600+0000] {subprocess.py:93} INFO -   File "/opt/***/src/main.py", line 80, in <module>
[2026-05-28T11:16:40.600+0000] {subprocess.py:93} INFO -     main()
[2026-05-28T11:16:40.601+0000] {subprocess.py:93} INFO -   File "/opt/***/src/main.py", line 25, in main
[2026-05-28T11:16:40.601+0000] {subprocess.py:93} INFO -     metadata_df = load_metadata(
[2026-05-28T11:16:40.602+0000] {subprocess.py:93} INFO -                   ^^^^^^^^^^^^^^
[2026-05-28T11:16:40.602+0000] {subprocess.py:93} INFO -   File "/opt/***/src/metadata_reader.py", line 198, in load_metadata
[2026-05-28T11:16:40.603+0000] {subprocess.py:93} INFO -     metadata_df = extract_data(
[2026-05-28T11:16:40.604+0000] {subprocess.py:93} INFO -                   ^^^^^^^^^^^^^
[2026-05-28T11:16:40.604+0000] {subprocess.py:93} INFO -   File "/opt/***/src/extractor.py", line 203, in extract_data
[2026-05-28T11:16:40.604+0000] {subprocess.py:93} INFO -     engine = connect_db(config)
[2026-05-28T11:16:40.605+0000] {subprocess.py:93} INFO -              ^^^^^^^^^^^^^^^^^^
[2026-05-28T11:16:40.605+0000] {subprocess.py:93} INFO -   File "/opt/***/src/extractor.py", line 186, in connect_db
[2026-05-28T11:16:40.606+0000] {subprocess.py:93} INFO -     raise ConnectionError(
[2026-05-28T11:16:40.607+0000] {subprocess.py:93} INFO - ConnectionError: Could not connect to POSTGRES: (psycopg2.OperationalError) connection to server at "13.211.150.140", port 5432 failed: Connection refused
[2026-05-28T11:16:40.607+0000] {subprocess.py:93} INFO - 	Is the server running on that host and accepting TCP/IP connections?
[2026-05-28T11:16:40.608+0000] {subprocess.py:93} INFO - 
[2026-05-28T11:16:40.608+0000] {subprocess.py:93} INFO - (Background on this error at: https://sqlalche.me/e/14/e3q8)
[2026-05-28T11:16:41.538+0000] {subprocess.py:97} INFO - Command exited with return code 1
[2026-05-28T11:16:41.540+0000] {taskinstance.py:441} INFO - ::group::Post task execution logs
[2026-05-28T11:16:41.555+0000] {taskinstance.py:2905} ERROR - Task failed with exception
Traceback (most recent call last):
  File "/home/airflow/.local/lib/python3.12/site-packages/airflow/models/taskinstance.py", line 465, in _execute_task
    result = _execute_callable(context=context, **execute_callable_kwargs)
             ^^^^^^^^^^^^^^^^^^^^^^^^^^^^^^^^^^^^^^^^^^^^^^^^^^^^^^^^^^^^^
  File "/home/airflow/.local/lib/python3.12/site-packages/airflow/models/taskinstance.py", line 432, in _execute_callable
    return execute_callable(context=context, **execute_callable_kwargs)
           ^^^^^^^^^^^^^^^^^^^^^^^^^^^^^^^^^^^^^^^^^^^^^^^^^^^^^^^^^^^^
  File "/home/airflow/.local/lib/python3.12/site-packages/airflow/models/baseoperator.py", line 400, in wrapper
    return func(self, *args, **kwargs)
           ^^^^^^^^^^^^^^^^^^^^^^^^^^^
  File "/home/airflow/.local/lib/python3.12/site-packages/airflow/operators/bash.py", line 243, in execute
    raise AirflowException(
airflow.exceptions.AirflowException: Bash command failed. The command returned a non-zero exit code 1.
[2026-05-28T11:16:41.562+0000] {taskinstance.py:1206} INFO - Marking task as UP_FOR_RETRY. dag_id=dynamic_metadata_pipeline, task_id=run_pipeline_1, run_id=manual__2026-05-28T11:16:09.775051+00:00, execution_date=20260528T111609, start_date=20260528T111610, end_date=20260528T111641
[2026-05-28T11:16:41.584+0000] {standard_task_runner.py:110} ERROR - Failed to execute job 25 for task run_pipeline_1 (Bash command failed. The command returned a non-zero exit code 1.; 171)
[2026-05-28T11:16:41.634+0000] {local_task_job_runner.py:240} INFO - Task exited with return code 1
[2026-05-28T11:16:41.668+0000] {taskinstance.py:3498} INFO - 0 downstream tasks scheduled from follow-on schedule check
[2026-05-28T11:16:41.676+0000] {local_task_job_runner.py:222} INFO - ::endgroup::
