[2026-05-28T11:21:42.062+0000] {local_task_job_runner.py:120} INFO - ::group::Pre task execution logs
[2026-05-28T11:21:42.105+0000] {taskinstance.py:2076} INFO - Dependencies all met for dep_context=non-requeueable deps ti=<TaskInstance: dynamic_metadata_pipeline.run_pipeline_1 manual__2026-05-28T11:16:09.775051+00:00 [queued]>
[2026-05-28T11:21:42.116+0000] {taskinstance.py:2076} INFO - Dependencies all met for dep_context=requeueable deps ti=<TaskInstance: dynamic_metadata_pipeline.run_pipeline_1 manual__2026-05-28T11:16:09.775051+00:00 [queued]>
[2026-05-28T11:21:42.121+0000] {taskinstance.py:2306} INFO - Starting attempt 2 of 2
[2026-05-28T11:21:42.145+0000] {taskinstance.py:2330} INFO - Executing <Task(BashOperator): run_pipeline_1> on 2026-05-28 11:16:09.775051+00:00
[2026-05-28T11:21:42.158+0000] {standard_task_runner.py:90} INFO - Running: ['***', 'tasks', 'run', 'dynamic_metadata_pipeline', 'run_pipeline_1', 'manual__2026-05-28T11:16:09.775051+00:00', '--job-id', '27', '--raw', '--subdir', 'DAGS_FOLDER/dynamic_pipeline_dag.py', '--cfg-path', '/tmp/tmpk3nnnvw1']
[2026-05-28T11:21:42.163+0000] {standard_task_runner.py:91} INFO - Job 27: Subtask run_pipeline_1
[2026-05-28T11:21:42.163+0000] {logging_mixin.py:188} WARNING - /home/***/.local/lib/python3.12/site-packages/***/task/task_runner/standard_task_runner.py:61 DeprecationWarning: This process (pid=285) is multi-threaded, use of fork() may lead to deadlocks in the child.
[2026-05-28T11:21:42.165+0000] {standard_task_runner.py:63} INFO - Started process 286 to run task
[2026-05-28T11:21:42.268+0000] {task_command.py:426} INFO - Running <TaskInstance: dynamic_metadata_pipeline.run_pipeline_1 manual__2026-05-28T11:16:09.775051+00:00 [running]> on host 8a92437a7f72
[2026-05-28T11:21:42.383+0000] {taskinstance.py:2648} INFO - Exporting env vars: AIRFLOW_CTX_DAG_OWNER='subashri' AIRFLOW_CTX_DAG_ID='dynamic_metadata_pipeline' AIRFLOW_CTX_TASK_ID='run_pipeline_1' AIRFLOW_CTX_EXECUTION_DATE='2026-05-28T11:16:09.775051+00:00' AIRFLOW_CTX_TRY_NUMBER='2' AIRFLOW_CTX_DAG_RUN_ID='manual__2026-05-28T11:16:09.775051+00:00'
[2026-05-28T11:21:42.384+0000] {taskinstance.py:430} INFO - ::endgroup::
[2026-05-28T11:21:42.402+0000] {subprocess.py:63} INFO - Tmp dir root location: /tmp
[2026-05-28T11:21:42.404+0000] {subprocess.py:75} INFO - Running command: ['/usr/bin/bash', '-c', 'cd /opt/***/src && python main.py 1']
[2026-05-28T11:21:42.415+0000] {subprocess.py:86} INFO - Output:
[2026-05-28T11:21:47.796+0000] {subprocess.py:93} INFO - Using CPU. Note: This module is much faster with a GPU.
[2026-05-28T11:22:10.766+0000] {subprocess.py:93} INFO - 
[2026-05-28T11:22:10.770+0000] {subprocess.py:93} INFO - ===================================
[2026-05-28T11:22:10.774+0000] {subprocess.py:93} INFO - DATABASE CONNECTION CONFIG
[2026-05-28T11:22:10.777+0000] {subprocess.py:93} INFO - ===================================
[2026-05-28T11:22:10.780+0000] {subprocess.py:93} INFO - DB TYPE   : postgres
[2026-05-28T11:22:10.782+0000] {subprocess.py:93} INFO - HOST      : 13.211.150.140
[2026-05-28T11:22:10.785+0000] {subprocess.py:93} INFO - PORT      : 5432
[2026-05-28T11:22:10.787+0000] {subprocess.py:93} INFO - DATABASE  : metadata_db
[2026-05-28T11:22:10.790+0000] {subprocess.py:93} INFO - USERNAME  : teamuser
[2026-05-28T11:22:10.792+0000] {subprocess.py:93} INFO - ===================================
[2026-05-28T11:22:10.795+0000] {subprocess.py:93} INFO - 
[2026-05-28T11:22:10.797+0000] {subprocess.py:93} INFO - Traceback (most recent call last):
[2026-05-28T11:22:10.800+0000] {subprocess.py:93} INFO -   File "/home/***/.local/lib/python3.12/site-packages/sqlalchemy/engine/base.py", line 3371, in _wrap_pool_connect
[2026-05-28T11:22:10.804+0000] {subprocess.py:93} INFO -     return fn()
[2026-05-28T11:22:10.806+0000] {subprocess.py:93} INFO -            ^^^^
[2026-05-28T11:22:10.809+0000] {subprocess.py:93} INFO -   File "/home/***/.local/lib/python3.12/site-packages/sqlalchemy/pool/base.py", line 327, in connect
[2026-05-28T11:22:10.812+0000] {subprocess.py:93} INFO -     return _ConnectionFairy._checkout(self)
[2026-05-28T11:22:10.813+0000] {subprocess.py:93} INFO -            ^^^^^^^^^^^^^^^^^^^^^^^^^^^^^^^^
[2026-05-28T11:22:10.815+0000] {subprocess.py:93} INFO -   File "/home/***/.local/lib/python3.12/site-packages/sqlalchemy/pool/base.py", line 894, in _checkout
[2026-05-28T11:22:10.816+0000] {subprocess.py:93} INFO -     fairy = _ConnectionRecord.checkout(pool)
[2026-05-28T11:22:10.818+0000] {subprocess.py:93} INFO -             ^^^^^^^^^^^^^^^^^^^^^^^^^^^^^^^^
[2026-05-28T11:22:10.819+0000] {subprocess.py:93} INFO -   File "/home/***/.local/lib/python3.12/site-packages/sqlalchemy/pool/base.py", line 493, in checkout
[2026-05-28T11:22:10.820+0000] {subprocess.py:93} INFO -     rec = pool._do_get()
[2026-05-28T11:22:10.821+0000] {subprocess.py:93} INFO -           ^^^^^^^^^^^^^^
[2026-05-28T11:22:10.822+0000] {subprocess.py:93} INFO -   File "/home/***/.local/lib/python3.12/site-packages/sqlalchemy/pool/impl.py", line 145, in _do_get
[2026-05-28T11:22:10.823+0000] {subprocess.py:93} INFO -     with util.safe_reraise():
[2026-05-28T11:22:10.824+0000] {subprocess.py:93} INFO -   File "/home/***/.local/lib/python3.12/site-packages/sqlalchemy/util/langhelpers.py", line 70, in __exit__
[2026-05-28T11:22:10.826+0000] {subprocess.py:93} INFO -     compat.raise_(
[2026-05-28T11:22:10.827+0000] {subprocess.py:93} INFO -   File "/home/***/.local/lib/python3.12/site-packages/sqlalchemy/util/compat.py", line 211, in raise_
[2026-05-28T11:22:10.828+0000] {subprocess.py:93} INFO -     raise exception
[2026-05-28T11:22:10.828+0000] {subprocess.py:93} INFO -   File "/home/***/.local/lib/python3.12/site-packages/sqlalchemy/pool/impl.py", line 143, in _do_get
[2026-05-28T11:22:10.829+0000] {subprocess.py:93} INFO -     return self._create_connection()
[2026-05-28T11:22:10.830+0000] {subprocess.py:93} INFO -            ^^^^^^^^^^^^^^^^^^^^^^^^^
[2026-05-28T11:22:10.831+0000] {subprocess.py:93} INFO -   File "/home/***/.local/lib/python3.12/site-packages/sqlalchemy/pool/base.py", line 273, in _create_connection
[2026-05-28T11:22:10.832+0000] {subprocess.py:93} INFO -     return _ConnectionRecord(self)
[2026-05-28T11:22:10.833+0000] {subprocess.py:93} INFO -            ^^^^^^^^^^^^^^^^^^^^^^^
[2026-05-28T11:22:10.833+0000] {subprocess.py:93} INFO -   File "/home/***/.local/lib/python3.12/site-packages/sqlalchemy/pool/base.py", line 388, in __init__
[2026-05-28T11:22:10.834+0000] {subprocess.py:93} INFO -     self.__connect()
[2026-05-28T11:22:10.835+0000] {subprocess.py:93} INFO -   File "/home/***/.local/lib/python3.12/site-packages/sqlalchemy/pool/base.py", line 690, in __connect
[2026-05-28T11:22:10.836+0000] {subprocess.py:93} INFO -     with util.safe_reraise():
[2026-05-28T11:22:10.837+0000] {subprocess.py:93} INFO -   File "/home/***/.local/lib/python3.12/site-packages/sqlalchemy/util/langhelpers.py", line 70, in __exit__
[2026-05-28T11:22:10.837+0000] {subprocess.py:93} INFO -     compat.raise_(
[2026-05-28T11:22:10.838+0000] {subprocess.py:93} INFO -   File "/home/***/.local/lib/python3.12/site-packages/sqlalchemy/util/compat.py", line 211, in raise_
[2026-05-28T11:22:10.839+0000] {subprocess.py:93} INFO -     raise exception
[2026-05-28T11:22:10.839+0000] {subprocess.py:93} INFO -   File "/home/***/.local/lib/python3.12/site-packages/sqlalchemy/pool/base.py", line 686, in __connect
[2026-05-28T11:22:10.840+0000] {subprocess.py:93} INFO -     self.dbapi_connection = connection = pool._invoke_creator(self)
[2026-05-28T11:22:10.841+0000] {subprocess.py:93} INFO -                                          ^^^^^^^^^^^^^^^^^^^^^^^^^^
[2026-05-28T11:22:10.841+0000] {subprocess.py:93} INFO -   File "/home/***/.local/lib/python3.12/site-packages/sqlalchemy/engine/create.py", line 574, in connect
[2026-05-28T11:22:10.842+0000] {subprocess.py:93} INFO -     return dialect.connect(*cargs, **cparams)
[2026-05-28T11:22:10.843+0000] {subprocess.py:93} INFO -            ^^^^^^^^^^^^^^^^^^^^^^^^^^^^^^^^^^
[2026-05-28T11:22:10.843+0000] {subprocess.py:93} INFO -   File "/home/***/.local/lib/python3.12/site-packages/sqlalchemy/engine/default.py", line 598, in connect
[2026-05-28T11:22:10.844+0000] {subprocess.py:93} INFO -     return self.dbapi.connect(*cargs, **cparams)
[2026-05-28T11:22:10.844+0000] {subprocess.py:93} INFO -            ^^^^^^^^^^^^^^^^^^^^^^^^^^^^^^^^^^^^^
[2026-05-28T11:22:10.845+0000] {subprocess.py:93} INFO -   File "/home/***/.local/lib/python3.12/site-packages/psycopg2/__init__.py", line 122, in connect
[2026-05-28T11:22:10.845+0000] {subprocess.py:93} INFO -     conn = _connect(dsn, connection_factory=connection_factory, **kwasync)
[2026-05-28T11:22:10.846+0000] {subprocess.py:93} INFO -            ^^^^^^^^^^^^^^^^^^^^^^^^^^^^^^^^^^^^^^^^^^^^^^^^^^^^^^^^^^^^^^^
[2026-05-28T11:22:10.846+0000] {subprocess.py:93} INFO - psycopg2.OperationalError: connection to server at "13.211.150.140", port 5432 failed: Connection refused
[2026-05-28T11:22:10.847+0000] {subprocess.py:93} INFO - 	Is the server running on that host and accepting TCP/IP connections?
[2026-05-28T11:22:10.848+0000] {subprocess.py:93} INFO - 
[2026-05-28T11:22:10.848+0000] {subprocess.py:93} INFO - 
[2026-05-28T11:22:10.849+0000] {subprocess.py:93} INFO - The above exception was the direct cause of the following exception:
[2026-05-28T11:22:10.849+0000] {subprocess.py:93} INFO - 
[2026-05-28T11:22:10.850+0000] {subprocess.py:93} INFO - Traceback (most recent call last):
[2026-05-28T11:22:10.850+0000] {subprocess.py:93} INFO -   File "/opt/***/src/extractor.py", line 172, in connect_db
[2026-05-28T11:22:10.851+0000] {subprocess.py:93} INFO -     with engine.connect() as conn:
[2026-05-28T11:22:10.851+0000] {subprocess.py:93} INFO -          ^^^^^^^^^^^^^^^^
[2026-05-28T11:22:10.852+0000] {subprocess.py:93} INFO -   File "/home/***/.local/lib/python3.12/site-packages/sqlalchemy/engine/base.py", line 3325, in connect
[2026-05-28T11:22:10.852+0000] {subprocess.py:93} INFO -     return self._connection_cls(self, close_with_result=close_with_result)
[2026-05-28T11:22:10.853+0000] {subprocess.py:93} INFO -            ^^^^^^^^^^^^^^^^^^^^^^^^^^^^^^^^^^^^^^^^^^^^^^^^^^^^^^^^^^^^^^^
[2026-05-28T11:22:10.853+0000] {subprocess.py:93} INFO -   File "/home/***/.local/lib/python3.12/site-packages/sqlalchemy/engine/base.py", line 96, in __init__
[2026-05-28T11:22:10.854+0000] {subprocess.py:93} INFO -     else engine.raw_connection()
[2026-05-28T11:22:10.854+0000] {subprocess.py:93} INFO -          ^^^^^^^^^^^^^^^^^^^^^^^
[2026-05-28T11:22:10.855+0000] {subprocess.py:93} INFO -   File "/home/***/.local/lib/python3.12/site-packages/sqlalchemy/engine/base.py", line 3404, in raw_connection
[2026-05-28T11:22:10.855+0000] {subprocess.py:93} INFO -     return self._wrap_pool_connect(self.pool.connect, _connection)
[2026-05-28T11:22:10.856+0000] {subprocess.py:93} INFO -            ^^^^^^^^^^^^^^^^^^^^^^^^^^^^^^^^^^^^^^^^^^^^^^^^^^^^^^^
[2026-05-28T11:22:10.856+0000] {subprocess.py:93} INFO -   File "/home/***/.local/lib/python3.12/site-packages/sqlalchemy/engine/base.py", line 3374, in _wrap_pool_connect
[2026-05-28T11:22:10.857+0000] {subprocess.py:93} INFO -     Connection._handle_dbapi_exception_noconnection(
[2026-05-28T11:22:10.857+0000] {subprocess.py:93} INFO -   File "/home/***/.local/lib/python3.12/site-packages/sqlalchemy/engine/base.py", line 2208, in _handle_dbapi_exception_noconnection
[2026-05-28T11:22:10.858+0000] {subprocess.py:93} INFO -     util.raise_(
[2026-05-28T11:22:10.859+0000] {subprocess.py:93} INFO -   File "/home/***/.local/lib/python3.12/site-packages/sqlalchemy/util/compat.py", line 211, in raise_
[2026-05-28T11:22:10.859+0000] {subprocess.py:93} INFO -     raise exception
[2026-05-28T11:22:10.860+0000] {subprocess.py:93} INFO -   File "/home/***/.local/lib/python3.12/site-packages/sqlalchemy/engine/base.py", line 3371, in _wrap_pool_connect
[2026-05-28T11:22:10.861+0000] {subprocess.py:93} INFO -     return fn()
[2026-05-28T11:22:10.861+0000] {subprocess.py:93} INFO -            ^^^^
[2026-05-28T11:22:10.862+0000] {subprocess.py:93} INFO -   File "/home/***/.local/lib/python3.12/site-packages/sqlalchemy/pool/base.py", line 327, in connect
[2026-05-28T11:22:10.862+0000] {subprocess.py:93} INFO -     return _ConnectionFairy._checkout(self)
[2026-05-28T11:22:10.863+0000] {subprocess.py:93} INFO -            ^^^^^^^^^^^^^^^^^^^^^^^^^^^^^^^^
[2026-05-28T11:22:10.863+0000] {subprocess.py:93} INFO -   File "/home/***/.local/lib/python3.12/site-packages/sqlalchemy/pool/base.py", line 894, in _checkout
[2026-05-28T11:22:10.864+0000] {subprocess.py:93} INFO -     fairy = _ConnectionRecord.checkout(pool)
[2026-05-28T11:22:10.865+0000] {subprocess.py:93} INFO -             ^^^^^^^^^^^^^^^^^^^^^^^^^^^^^^^^
[2026-05-28T11:22:10.865+0000] {subprocess.py:93} INFO -   File "/home/***/.local/lib/python3.12/site-packages/sqlalchemy/pool/base.py", line 493, in checkout
[2026-05-28T11:22:10.866+0000] {subprocess.py:93} INFO -     rec = pool._do_get()
[2026-05-28T11:22:10.866+0000] {subprocess.py:93} INFO -           ^^^^^^^^^^^^^^
[2026-05-28T11:22:10.867+0000] {subprocess.py:93} INFO -   File "/home/***/.local/lib/python3.12/site-packages/sqlalchemy/pool/impl.py", line 145, in _do_get
[2026-05-28T11:22:10.868+0000] {subprocess.py:93} INFO -     with util.safe_reraise():
[2026-05-28T11:22:10.868+0000] {subprocess.py:93} INFO -   File "/home/***/.local/lib/python3.12/site-packages/sqlalchemy/util/langhelpers.py", line 70, in __exit__
[2026-05-28T11:22:10.869+0000] {subprocess.py:93} INFO -     compat.raise_(
[2026-05-28T11:22:10.870+0000] {subprocess.py:93} INFO -   File "/home/***/.local/lib/python3.12/site-packages/sqlalchemy/util/compat.py", line 211, in raise_
[2026-05-28T11:22:10.870+0000] {subprocess.py:93} INFO -     raise exception
[2026-05-28T11:22:10.871+0000] {subprocess.py:93} INFO -   File "/home/***/.local/lib/python3.12/site-packages/sqlalchemy/pool/impl.py", line 143, in _do_get
[2026-05-28T11:22:10.872+0000] {subprocess.py:93} INFO -     return self._create_connection()
[2026-05-28T11:22:10.872+0000] {subprocess.py:93} INFO -            ^^^^^^^^^^^^^^^^^^^^^^^^^
[2026-05-28T11:22:10.873+0000] {subprocess.py:93} INFO -   File "/home/***/.local/lib/python3.12/site-packages/sqlalchemy/pool/base.py", line 273, in _create_connection
[2026-05-28T11:22:10.874+0000] {subprocess.py:93} INFO -     return _ConnectionRecord(self)
[2026-05-28T11:22:10.874+0000] {subprocess.py:93} INFO -            ^^^^^^^^^^^^^^^^^^^^^^^
[2026-05-28T11:22:10.875+0000] {subprocess.py:93} INFO -   File "/home/***/.local/lib/python3.12/site-packages/sqlalchemy/pool/base.py", line 388, in __init__
[2026-05-28T11:22:10.876+0000] {subprocess.py:93} INFO -     self.__connect()
[2026-05-28T11:22:10.876+0000] {subprocess.py:93} INFO -   File "/home/***/.local/lib/python3.12/site-packages/sqlalchemy/pool/base.py", line 690, in __connect
[2026-05-28T11:22:10.877+0000] {subprocess.py:93} INFO -     with util.safe_reraise():
[2026-05-28T11:22:10.877+0000] {subprocess.py:93} INFO -   File "/home/***/.local/lib/python3.12/site-packages/sqlalchemy/util/langhelpers.py", line 70, in __exit__
[2026-05-28T11:22:10.878+0000] {subprocess.py:93} INFO -     compat.raise_(
[2026-05-28T11:22:10.879+0000] {subprocess.py:93} INFO -   File "/home/***/.local/lib/python3.12/site-packages/sqlalchemy/util/compat.py", line 211, in raise_
[2026-05-28T11:22:10.879+0000] {subprocess.py:93} INFO -     raise exception
[2026-05-28T11:22:10.880+0000] {subprocess.py:93} INFO -   File "/home/***/.local/lib/python3.12/site-packages/sqlalchemy/pool/base.py", line 686, in __connect
[2026-05-28T11:22:10.880+0000] {subprocess.py:93} INFO -     self.dbapi_connection = connection = pool._invoke_creator(self)
[2026-05-28T11:22:10.881+0000] {subprocess.py:93} INFO -                                          ^^^^^^^^^^^^^^^^^^^^^^^^^^
[2026-05-28T11:22:10.882+0000] {subprocess.py:93} INFO -   File "/home/***/.local/lib/python3.12/site-packages/sqlalchemy/engine/create.py", line 574, in connect
[2026-05-28T11:22:10.882+0000] {subprocess.py:93} INFO -     return dialect.connect(*cargs, **cparams)
[2026-05-28T11:22:10.883+0000] {subprocess.py:93} INFO -            ^^^^^^^^^^^^^^^^^^^^^^^^^^^^^^^^^^
[2026-05-28T11:22:10.883+0000] {subprocess.py:93} INFO -   File "/home/***/.local/lib/python3.12/site-packages/sqlalchemy/engine/default.py", line 598, in connect
[2026-05-28T11:22:10.884+0000] {subprocess.py:93} INFO -     return self.dbapi.connect(*cargs, **cparams)
[2026-05-28T11:22:10.885+0000] {subprocess.py:93} INFO -            ^^^^^^^^^^^^^^^^^^^^^^^^^^^^^^^^^^^^^
[2026-05-28T11:22:10.885+0000] {subprocess.py:93} INFO -   File "/home/***/.local/lib/python3.12/site-packages/psycopg2/__init__.py", line 122, in connect
[2026-05-28T11:22:10.886+0000] {subprocess.py:93} INFO -     conn = _connect(dsn, connection_factory=connection_factory, **kwasync)
[2026-05-28T11:22:10.887+0000] {subprocess.py:93} INFO -            ^^^^^^^^^^^^^^^^^^^^^^^^^^^^^^^^^^^^^^^^^^^^^^^^^^^^^^^^^^^^^^^
[2026-05-28T11:22:10.887+0000] {subprocess.py:93} INFO - sqlalchemy.exc.OperationalError: (psycopg2.OperationalError) connection to server at "13.211.150.140", port 5432 failed: Connection refused
[2026-05-28T11:22:10.888+0000] {subprocess.py:93} INFO - 	Is the server running on that host and accepting TCP/IP connections?
[2026-05-28T11:22:10.888+0000] {subprocess.py:93} INFO - 
[2026-05-28T11:22:10.889+0000] {subprocess.py:93} INFO - (Background on this error at: https://sqlalche.me/e/14/e3q8)
[2026-05-28T11:22:10.890+0000] {subprocess.py:93} INFO - 
[2026-05-28T11:22:10.890+0000] {subprocess.py:93} INFO - During handling of the above exception, another exception occurred:
[2026-05-28T11:22:10.891+0000] {subprocess.py:93} INFO - 
[2026-05-28T11:22:10.892+0000] {subprocess.py:93} INFO - Traceback (most recent call last):
[2026-05-28T11:22:10.892+0000] {subprocess.py:93} INFO -   File "/opt/***/src/main.py", line 80, in <module>
[2026-05-28T11:22:10.893+0000] {subprocess.py:93} INFO -     main()
[2026-05-28T11:22:10.893+0000] {subprocess.py:93} INFO -   File "/opt/***/src/main.py", line 25, in main
[2026-05-28T11:22:10.894+0000] {subprocess.py:93} INFO -     metadata_df = load_metadata(
[2026-05-28T11:22:10.895+0000] {subprocess.py:93} INFO -                   ^^^^^^^^^^^^^^
[2026-05-28T11:22:10.895+0000] {subprocess.py:93} INFO -   File "/opt/***/src/metadata_reader.py", line 198, in load_metadata
[2026-05-28T11:22:10.896+0000] {subprocess.py:93} INFO -     metadata_df = extract_data(
[2026-05-28T11:22:10.896+0000] {subprocess.py:93} INFO -                   ^^^^^^^^^^^^^
[2026-05-28T11:22:10.897+0000] {subprocess.py:93} INFO -   File "/opt/***/src/extractor.py", line 203, in extract_data
[2026-05-28T11:22:10.898+0000] {subprocess.py:93} INFO -     engine = connect_db(config)
[2026-05-28T11:22:10.898+0000] {subprocess.py:93} INFO -              ^^^^^^^^^^^^^^^^^^
[2026-05-28T11:22:10.899+0000] {subprocess.py:93} INFO -   File "/opt/***/src/extractor.py", line 186, in connect_db
[2026-05-28T11:22:10.900+0000] {subprocess.py:93} INFO -     raise ConnectionError(
[2026-05-28T11:22:10.900+0000] {subprocess.py:93} INFO - ConnectionError: Could not connect to POSTGRES: (psycopg2.OperationalError) connection to server at "13.211.150.140", port 5432 failed: Connection refused
[2026-05-28T11:22:10.901+0000] {subprocess.py:93} INFO - 	Is the server running on that host and accepting TCP/IP connections?
[2026-05-28T11:22:10.902+0000] {subprocess.py:93} INFO - 
[2026-05-28T11:22:10.902+0000] {subprocess.py:93} INFO - (Background on this error at: https://sqlalche.me/e/14/e3q8)
[2026-05-28T11:22:11.784+0000] {subprocess.py:97} INFO - Command exited with return code 1
[2026-05-28T11:22:11.797+0000] {taskinstance.py:441} INFO - ::group::Post task execution logs
[2026-05-28T11:22:11.818+0000] {taskinstance.py:2905} ERROR - Task failed with exception
Traceback (most recent call last):
  File "/home/airflow/.local/lib/python3.12/site-packages/airflow/models/taskinstance.py", line 465, in _execute_task
    result = _execute_callable(context=context, **execute_callable_kwargs)
             ^^^^^^^^^^^^^^^^^^^^^^^^^^^^^^^^^^^^^^^^^^^^^^^^^^^^^^^^^^^^^
  File "/home/airflow/.local/lib/python3.12/site-packages/airflow/models/taskinstance.py", line 432, in _execute_callable
    return execute_callable(context=context, **execute_callable_kwargs)
           ^^^^^^^^^^^^^^^^^^^^^^^^^^^^^^^^^^^^^^^^^^^^^^^^^^^^^^^^^^^^
  File "/home/airflow/.local/lib/python3.12/site-packages/airflow/models/baseoperator.py", line 400, in wrapper
    return func(self, *args, **kwargs)
           ^^^^^^^^^^^^^^^^^^^^^^^^^^^
  File "/home/airflow/.local/lib/python3.12/site-packages/airflow/operators/bash.py", line 243, in execute
    raise AirflowException(
airflow.exceptions.AirflowException: Bash command failed. The command returned a non-zero exit code 1.
[2026-05-28T11:22:11.830+0000] {taskinstance.py:1206} INFO - Marking task as FAILED. dag_id=dynamic_metadata_pipeline, task_id=run_pipeline_1, run_id=manual__2026-05-28T11:16:09.775051+00:00, execution_date=20260528T111609, start_date=20260528T112142, end_date=20260528T112211
[2026-05-28T11:22:11.859+0000] {standard_task_runner.py:110} ERROR - Failed to execute job 27 for task run_pipeline_1 (Bash command failed. The command returned a non-zero exit code 1.; 286)
[2026-05-28T11:22:11.887+0000] {local_task_job_runner.py:240} INFO - Task exited with return code 1
[2026-05-28T11:22:11.902+0000] {local_task_job_runner.py:222} INFO - ::endgroup::
