[2026-05-28T08:14:32.751+0000] {local_task_job_runner.py:120} INFO - ::group::Pre task execution logs
[2026-05-28T08:14:32.803+0000] {taskinstance.py:2076} INFO - Dependencies all met for dep_context=non-requeueable deps ti=<TaskInstance: dynamic_metadata_pipeline.run_pipeline_1 manual__2026-05-28T08:14:31.784957+00:00 [queued]>
[2026-05-28T08:14:32.815+0000] {taskinstance.py:2076} INFO - Dependencies all met for dep_context=requeueable deps ti=<TaskInstance: dynamic_metadata_pipeline.run_pipeline_1 manual__2026-05-28T08:14:31.784957+00:00 [queued]>
[2026-05-28T08:14:32.819+0000] {taskinstance.py:2306} INFO - Starting attempt 1 of 2
[2026-05-28T08:14:32.836+0000] {taskinstance.py:2330} INFO - Executing <Task(BashOperator): run_pipeline_1> on 2026-05-28 08:14:31.784957+00:00
[2026-05-28T08:14:32.846+0000] {standard_task_runner.py:90} INFO - Running: ['***', 'tasks', 'run', 'dynamic_metadata_pipeline', 'run_pipeline_1', 'manual__2026-05-28T08:14:31.784957+00:00', '--job-id', '6', '--raw', '--subdir', 'DAGS_FOLDER/dynamic_pipeline_dag.py', '--cfg-path', '/tmp/tmpcobdrbgo']
[2026-05-28T08:14:32.850+0000] {standard_task_runner.py:91} INFO - Job 6: Subtask run_pipeline_1
[2026-05-28T08:14:32.850+0000] {logging_mixin.py:188} WARNING - /home/***/.local/lib/python3.12/site-packages/***/task/task_runner/standard_task_runner.py:61 DeprecationWarning: This process (pid=267) is multi-threaded, use of fork() may lead to deadlocks in the child.
[2026-05-28T08:14:32.852+0000] {standard_task_runner.py:63} INFO - Started process 268 to run task
[2026-05-28T08:14:32.943+0000] {task_command.py:426} INFO - Running <TaskInstance: dynamic_metadata_pipeline.run_pipeline_1 manual__2026-05-28T08:14:31.784957+00:00 [running]> on host cdd7d00ae0ba
[2026-05-28T08:14:33.111+0000] {taskinstance.py:2648} INFO - Exporting env vars: AIRFLOW_CTX_DAG_OWNER='subashri' AIRFLOW_CTX_DAG_ID='dynamic_metadata_pipeline' AIRFLOW_CTX_TASK_ID='run_pipeline_1' AIRFLOW_CTX_EXECUTION_DATE='2026-05-28T08:14:31.784957+00:00' AIRFLOW_CTX_TRY_NUMBER='1' AIRFLOW_CTX_DAG_RUN_ID='manual__2026-05-28T08:14:31.784957+00:00'
[2026-05-28T08:14:33.112+0000] {taskinstance.py:430} INFO - ::endgroup::
[2026-05-28T08:14:33.149+0000] {subprocess.py:63} INFO - Tmp dir root location: /tmp
[2026-05-28T08:14:33.152+0000] {subprocess.py:75} INFO - Running command: ['/usr/bin/bash', '-c', 'cd /opt/***/src && python main.py 1']
[2026-05-28T08:14:33.168+0000] {subprocess.py:86} INFO - Output:
[2026-05-28T08:14:35.473+0000] {subprocess.py:93} INFO - Traceback (most recent call last):
[2026-05-28T08:14:35.474+0000] {subprocess.py:93} INFO -   File "/opt/***/src/main.py", line 4, in <module>
[2026-05-28T08:14:35.477+0000] {subprocess.py:93} INFO -     from pipeline_executor import run_pipeline
[2026-05-28T08:14:35.477+0000] {subprocess.py:93} INFO -   File "/opt/***/src/pipeline_executor.py", line 6, in <module>
[2026-05-28T08:14:35.479+0000] {subprocess.py:93} INFO -     from reader import read_input
[2026-05-28T08:14:35.480+0000] {subprocess.py:93} INFO -   File "/opt/***/src/reader.py", line 12, in <module>
[2026-05-28T08:14:35.482+0000] {subprocess.py:93} INFO -     from parser_adapter import (
[2026-05-28T08:14:35.483+0000] {subprocess.py:93} INFO -   File "/opt/***/src/parser_adapter.py", line 4, in <module>
[2026-05-28T08:14:35.486+0000] {subprocess.py:93} INFO -     from parsers.parser_factory import get_parser
[2026-05-28T08:14:35.487+0000] {subprocess.py:93} INFO -   File "/opt/***/src/parsers/parser_factory.py", line 4, in <module>
[2026-05-28T08:14:35.490+0000] {subprocess.py:93} INFO -     from parsers.pdf_parser import parse_pdf
[2026-05-28T08:14:35.491+0000] {subprocess.py:93} INFO -   File "/opt/***/src/parsers/pdf_parser.py", line 1, in <module>
[2026-05-28T08:14:35.494+0000] {subprocess.py:93} INFO -     import PyPDF2
[2026-05-28T08:14:35.494+0000] {subprocess.py:93} INFO - ModuleNotFoundError: No module named 'PyPDF2'
[2026-05-28T08:14:35.675+0000] {subprocess.py:97} INFO - Command exited with return code 1
[2026-05-28T08:14:35.676+0000] {taskinstance.py:441} INFO - ::group::Post task execution logs
[2026-05-28T08:14:35.693+0000] {taskinstance.py:2905} ERROR - Task failed with exception
Traceback (most recent call last):
  File "/home/airflow/.local/lib/python3.12/site-packages/airflow/models/taskinstance.py", line 465, in _execute_task
    result = _execute_callable(context=context, **execute_callable_kwargs)
             ^^^^^^^^^^^^^^^^^^^^^^^^^^^^^^^^^^^^^^^^^^^^^^^^^^^^^^^^^^^^^
  File "/home/airflow/.local/lib/python3.12/site-packages/airflow/models/taskinstance.py", line 432, in _execute_callable
    return execute_callable(context=context, **execute_callable_kwargs)
           ^^^^^^^^^^^^^^^^^^^^^^^^^^^^^^^^^^^^^^^^^^^^^^^^^^^^^^^^^^^^
  File "/home/airflow/.local/lib/python3.12/site-packages/airflow/models/baseoperator.py", line 400, in wrapper
    return func(self, *args, **kwargs)
           ^^^^^^^^^^^^^^^^^^^^^^^^^^^
  File "/home/airflow/.local/lib/python3.12/site-packages/airflow/operators/bash.py", line 243, in execute
    raise AirflowException(
airflow.exceptions.AirflowException: Bash command failed. The command returned a non-zero exit code 1.
[2026-05-28T08:14:35.700+0000] {taskinstance.py:1206} INFO - Marking task as UP_FOR_RETRY. dag_id=dynamic_metadata_pipeline, task_id=run_pipeline_1, run_id=manual__2026-05-28T08:14:31.784957+00:00, execution_date=20260528T081431, start_date=20260528T081432, end_date=20260528T081435
[2026-05-28T08:14:35.718+0000] {standard_task_runner.py:110} ERROR - Failed to execute job 6 for task run_pipeline_1 (Bash command failed. The command returned a non-zero exit code 1.; 268)
[2026-05-28T08:14:35.762+0000] {local_task_job_runner.py:240} INFO - Task exited with return code 1
[2026-05-28T08:14:35.811+0000] {taskinstance.py:3498} INFO - 0 downstream tasks scheduled from follow-on schedule check
[2026-05-28T08:14:35.820+0000] {local_task_job_runner.py:222} INFO - ::endgroup::
