[2026-05-28T15:43:27.375+0000] {local_task_job_runner.py:120} INFO - ::group::Pre task execution logs
[2026-05-28T15:43:27.418+0000] {taskinstance.py:2076} INFO - Dependencies all met for dep_context=non-requeueable deps ti=<TaskInstance: dynamic_metadata_pipeline.run_pipeline_2 manual__2026-05-28T15:43:25.886622+00:00 [queued]>
[2026-05-28T15:43:27.429+0000] {taskinstance.py:2076} INFO - Dependencies all met for dep_context=requeueable deps ti=<TaskInstance: dynamic_metadata_pipeline.run_pipeline_2 manual__2026-05-28T15:43:25.886622+00:00 [queued]>
[2026-05-28T15:43:27.430+0000] {taskinstance.py:2306} INFO - Starting attempt 1 of 2
[2026-05-28T15:43:27.446+0000] {taskinstance.py:2330} INFO - Executing <Task(BashOperator): run_pipeline_2> on 2026-05-28 15:43:25.886622+00:00
[2026-05-28T15:43:27.454+0000] {standard_task_runner.py:90} INFO - Running: ['***', 'tasks', 'run', 'dynamic_metadata_pipeline', 'run_pipeline_2', 'manual__2026-05-28T15:43:25.886622+00:00', '--job-id', '45', '--raw', '--subdir', 'DAGS_FOLDER/dynamic_pipeline_dag.py', '--cfg-path', '/tmp/tmpij_1q2pn']
[2026-05-28T15:43:27.458+0000] {standard_task_runner.py:91} INFO - Job 45: Subtask run_pipeline_2
[2026-05-28T15:43:27.458+0000] {logging_mixin.py:188} WARNING - /home/***/.local/lib/python3.12/site-packages/***/task/task_runner/standard_task_runner.py:61 DeprecationWarning: This process (pid=660) is multi-threaded, use of fork() may lead to deadlocks in the child.
[2026-05-28T15:43:27.459+0000] {standard_task_runner.py:63} INFO - Started process 661 to run task
[2026-05-28T15:43:27.518+0000] {task_command.py:426} INFO - Running <TaskInstance: dynamic_metadata_pipeline.run_pipeline_2 manual__2026-05-28T15:43:25.886622+00:00 [running]> on host 6c7adbbe76d2
[2026-05-28T15:43:27.733+0000] {taskinstance.py:2648} INFO - Exporting env vars: AIRFLOW_CTX_DAG_OWNER='subashri' AIRFLOW_CTX_DAG_ID='dynamic_metadata_pipeline' AIRFLOW_CTX_TASK_ID='run_pipeline_2' AIRFLOW_CTX_EXECUTION_DATE='2026-05-28T15:43:25.886622+00:00' AIRFLOW_CTX_TRY_NUMBER='1' AIRFLOW_CTX_DAG_RUN_ID='manual__2026-05-28T15:43:25.886622+00:00'
[2026-05-28T15:43:27.736+0000] {taskinstance.py:430} INFO - ::endgroup::
[2026-05-28T15:43:27.790+0000] {subprocess.py:63} INFO - Tmp dir root location: /tmp
[2026-05-28T15:43:27.794+0000] {subprocess.py:75} INFO - Running command: ['/usr/bin/bash', '-c', 'cd /opt/***/src && python main.py 2']
[2026-05-28T15:43:27.816+0000] {subprocess.py:86} INFO - Output:
[2026-05-28T15:43:34.139+0000] {subprocess.py:93} INFO - Using CPU. Note: This module is much faster with a GPU.
[2026-05-28T15:43:45.538+0000] {subprocess.py:93} INFO - 
[2026-05-28T15:43:45.539+0000] {subprocess.py:93} INFO - ===================================
[2026-05-28T15:43:45.539+0000] {subprocess.py:93} INFO - DATABASE CONNECTION CONFIG
[2026-05-28T15:43:45.540+0000] {subprocess.py:93} INFO - ===================================
[2026-05-28T15:43:45.540+0000] {subprocess.py:93} INFO - DB TYPE   : postgres
[2026-05-28T15:43:45.540+0000] {subprocess.py:93} INFO - HOST      : 15.135.192.199
[2026-05-28T15:43:45.541+0000] {subprocess.py:93} INFO - PORT      : 5432
[2026-05-28T15:43:45.541+0000] {subprocess.py:93} INFO - DATABASE  : metadata_db
[2026-05-28T15:43:45.541+0000] {subprocess.py:93} INFO - USERNAME  : teamuser
[2026-05-28T15:43:45.542+0000] {subprocess.py:93} INFO - ===================================
[2026-05-28T15:43:45.542+0000] {subprocess.py:93} INFO - 
[2026-05-28T15:43:45.542+0000] {subprocess.py:93} INFO - Connected to POSTGRES successfully.
[2026-05-28T15:43:45.543+0000] {subprocess.py:93} INFO - 
[2026-05-28T15:43:45.543+0000] {subprocess.py:93} INFO - Running pipeline: postgres_to_local_pipeline (db_to_storage)
[2026-05-28T15:43:45.544+0000] {subprocess.py:93} INFO - 
[2026-05-28T15:43:45.544+0000] {subprocess.py:93} INFO - ===================================
[2026-05-28T15:43:45.544+0000] {subprocess.py:93} INFO - DATABASE CONNECTION CONFIG
[2026-05-28T15:43:45.544+0000] {subprocess.py:93} INFO - ===================================
[2026-05-28T15:43:45.545+0000] {subprocess.py:93} INFO - DB TYPE   : postgres
[2026-05-28T15:43:45.545+0000] {subprocess.py:93} INFO - HOST      : 15.135.192.199
[2026-05-28T15:43:45.546+0000] {subprocess.py:93} INFO - PORT      : 5432
[2026-05-28T15:43:45.546+0000] {subprocess.py:93} INFO - DATABASE  : udifdb
[2026-05-28T15:43:45.546+0000] {subprocess.py:93} INFO - USERNAME  : teamuser
[2026-05-28T15:43:45.547+0000] {subprocess.py:93} INFO - ===================================
[2026-05-28T15:43:45.547+0000] {subprocess.py:93} INFO - 
[2026-05-28T15:43:45.548+0000] {subprocess.py:93} INFO - Connected to POSTGRES successfully.
[2026-05-28T15:43:45.548+0000] {subprocess.py:93} INFO - Completed: 4653 rows processed
[2026-05-28T15:43:46.466+0000] {subprocess.py:97} INFO - Command exited with return code 0
[2026-05-28T15:43:46.468+0000] {taskinstance.py:441} INFO - ::group::Post task execution logs
[2026-05-28T15:43:46.501+0000] {taskinstance.py:1206} INFO - Marking task as SUCCESS. dag_id=dynamic_metadata_pipeline, task_id=run_pipeline_2, run_id=manual__2026-05-28T15:43:25.886622+00:00, execution_date=20260528T154325, start_date=20260528T154327, end_date=20260528T154346
[2026-05-28T15:43:46.559+0000] {local_task_job_runner.py:240} INFO - Task exited with return code 0
[2026-05-28T15:43:46.578+0000] {taskinstance.py:3498} INFO - 0 downstream tasks scheduled from follow-on schedule check
[2026-05-28T15:43:46.582+0000] {local_task_job_runner.py:222} INFO - ::endgroup::
