[2026-06-04T07:15:03.640+0000] {local_task_job_runner.py:120} INFO - ::group::Pre task execution logs
[2026-06-04T07:15:03.754+0000] {taskinstance.py:2076} INFO - Dependencies all met for dep_context=non-requeueable deps ti=<TaskInstance: local_to_postgres_pipeline.run_pipeline_4 scheduled__2026-06-04T07:10:00+00:00 [queued]>
[2026-06-04T07:15:03.789+0000] {taskinstance.py:2076} INFO - Dependencies all met for dep_context=requeueable deps ti=<TaskInstance: local_to_postgres_pipeline.run_pipeline_4 scheduled__2026-06-04T07:10:00+00:00 [queued]>
[2026-06-04T07:15:03.791+0000] {taskinstance.py:2306} INFO - Starting attempt 1 of 2
[2026-06-04T07:15:03.857+0000] {taskinstance.py:2330} INFO - Executing <Task(BashOperator): run_pipeline_4> on 2026-06-04 07:10:00+00:00
[2026-06-04T07:15:03.949+0000] {standard_task_runner.py:90} INFO - Running: ['***', 'tasks', 'run', 'local_to_postgres_pipeline', 'run_pipeline_4', 'scheduled__2026-06-04T07:10:00+00:00', '--job-id', '298', '--raw', '--subdir', 'DAGS_FOLDER/dynamic_pipeline_generator.py', '--cfg-path', '/tmp/tmpk_115qya']
[2026-06-04T07:15:03.968+0000] {standard_task_runner.py:91} INFO - Job 298: Subtask run_pipeline_4
[2026-06-04T07:15:04.019+0000] {logging_mixin.py:188} WARNING - /home/***/.local/lib/python3.12/site-packages/***/task/task_runner/standard_task_runner.py:61 DeprecationWarning: This process (pid=5423) is multi-threaded, use of fork() may lead to deadlocks in the child.
[2026-06-04T07:15:04.025+0000] {standard_task_runner.py:63} INFO - Started process 5431 to run task
[2026-06-04T07:15:04.208+0000] {task_command.py:426} INFO - Running <TaskInstance: local_to_postgres_pipeline.run_pipeline_4 scheduled__2026-06-04T07:10:00+00:00 [running]> on host b044b6a9b6bd
[2026-06-04T07:15:04.690+0000] {taskinstance.py:2648} INFO - Exporting env vars: AIRFLOW_CTX_DAG_OWNER='subashri' AIRFLOW_CTX_DAG_ID='local_to_postgres_pipeline' AIRFLOW_CTX_TASK_ID='run_pipeline_4' AIRFLOW_CTX_EXECUTION_DATE='2026-06-04T07:10:00+00:00' AIRFLOW_CTX_TRY_NUMBER='1' AIRFLOW_CTX_DAG_RUN_ID='scheduled__2026-06-04T07:10:00+00:00'
[2026-06-04T07:15:04.700+0000] {taskinstance.py:430} INFO - ::endgroup::
[2026-06-04T07:15:04.897+0000] {subprocess.py:63} INFO - Tmp dir root location: /tmp
[2026-06-04T07:15:04.923+0000] {subprocess.py:75} INFO - Running command: ['/usr/bin/bash', '-c', 'cd /opt/***/src && python main.py 4']
[2026-06-04T07:15:05.072+0000] {subprocess.py:86} INFO - Output:
[2026-06-04T07:15:26.664+0000] {subprocess.py:93} INFO - Using CPU. Note: This module is much faster with a GPU.
[2026-06-04T07:17:00.058+0000] {subprocess.py:93} INFO - /home/***/.local/lib/python3.12/site-packages/torch/utils/data/dataloader.py:752: UserWarning: 'pin_memory' argument is set as true but no accelerator is found, then device pinned memory won't be used.
[2026-06-04T07:17:00.061+0000] {subprocess.py:93} INFO -   super().__init__(loader)
[2026-06-04T07:17:50.257+0000] {subprocess.py:93} INFO - 
[2026-06-04T07:17:50.257+0000] {subprocess.py:93} INFO - ===================================
[2026-06-04T07:17:50.258+0000] {subprocess.py:93} INFO - DATABASE CONNECTION CONFIG
[2026-06-04T07:17:50.259+0000] {subprocess.py:93} INFO - ===================================
[2026-06-04T07:17:50.259+0000] {subprocess.py:93} INFO - DB TYPE   : postgres
[2026-06-04T07:17:50.260+0000] {subprocess.py:93} INFO - HOST      : 3.107.8.33
[2026-06-04T07:17:50.260+0000] {subprocess.py:93} INFO - PORT      : 5432
[2026-06-04T07:17:50.261+0000] {subprocess.py:93} INFO - DATABASE  : metadata_db
[2026-06-04T07:17:50.261+0000] {subprocess.py:93} INFO - USERNAME  : teamuser
[2026-06-04T07:17:50.262+0000] {subprocess.py:93} INFO - ===================================
[2026-06-04T07:17:50.263+0000] {subprocess.py:93} INFO - 
[2026-06-04T07:17:50.263+0000] {subprocess.py:93} INFO - Connected to POSTGRES successfully.
[2026-06-04T07:17:50.264+0000] {subprocess.py:93} INFO - 
[2026-06-04T07:17:50.264+0000] {subprocess.py:93} INFO - Running pipeline: local_to_postgres_pipeline (storage_to_db)
[2026-06-04T07:17:50.264+0000] {subprocess.py:93} INFO - Loading table: customer (2 rows)
[2026-06-04T07:17:50.265+0000] {subprocess.py:93} INFO - Loading table: data pic1 (91 rows)
[2026-06-04T07:17:50.265+0000] {subprocess.py:93} INFO - Loading table: employee (20 rows)
[2026-06-04T07:17:50.266+0000] {subprocess.py:93} INFO - Loading table: employee_data (100 rows)
[2026-06-04T07:17:50.266+0000] {subprocess.py:93} INFO - Loading table: sample (2 rows)
[2026-06-04T07:17:50.267+0000] {subprocess.py:93} INFO - Loading table: word (12 rows)
[2026-06-04T07:17:50.267+0000] {subprocess.py:93} INFO - Processed total rows: 227
[2026-06-04T07:17:50.268+0000] {subprocess.py:93} INFO - Completed: 227 rows processed
[2026-06-04T07:17:51.083+0000] {subprocess.py:97} INFO - Command exited with return code 0
[2026-06-04T07:17:51.095+0000] {taskinstance.py:441} INFO - ::group::Post task execution logs
[2026-06-04T07:17:51.125+0000] {taskinstance.py:1206} INFO - Marking task as SUCCESS. dag_id=local_to_postgres_pipeline, task_id=run_pipeline_4, run_id=scheduled__2026-06-04T07:10:00+00:00, execution_date=20260604T071000, start_date=20260604T071503, end_date=20260604T071751
[2026-06-04T07:17:51.183+0000] {local_task_job_runner.py:240} INFO - Task exited with return code 0
[2026-06-04T07:17:51.201+0000] {taskinstance.py:3498} INFO - 0 downstream tasks scheduled from follow-on schedule check
[2026-06-04T07:17:51.204+0000] {local_task_job_runner.py:222} INFO - ::endgroup::
