[2026-06-03T11:19:16.251+0000] {local_task_job_runner.py:120} INFO - ::group::Pre task execution logs
[2026-06-03T11:19:16.286+0000] {taskinstance.py:2076} INFO - Dependencies all met for dep_context=non-requeueable deps ti=<TaskInstance: dynamic_metadata_pipeline.run_pipeline_1 manual__2026-06-03T11:19:13.567782+00:00 [queued]>
[2026-06-03T11:19:16.296+0000] {taskinstance.py:2076} INFO - Dependencies all met for dep_context=requeueable deps ti=<TaskInstance: dynamic_metadata_pipeline.run_pipeline_1 manual__2026-06-03T11:19:13.567782+00:00 [queued]>
[2026-06-03T11:19:16.297+0000] {taskinstance.py:2306} INFO - Starting attempt 1 of 2
[2026-06-03T11:19:16.314+0000] {taskinstance.py:2330} INFO - Executing <Task(BashOperator): run_pipeline_1> on 2026-06-03 11:19:13.567782+00:00
[2026-06-03T11:19:16.328+0000] {standard_task_runner.py:90} INFO - Running: ['***', 'tasks', 'run', 'dynamic_metadata_pipeline', 'run_pipeline_1', 'manual__2026-06-03T11:19:13.567782+00:00', '--job-id', '130', '--raw', '--subdir', 'DAGS_FOLDER/dynamic_pipeline_dag.py', '--cfg-path', '/tmp/tmpmyxq7jnx']
[2026-06-03T11:19:16.333+0000] {standard_task_runner.py:91} INFO - Job 130: Subtask run_pipeline_1
[2026-06-03T11:19:16.333+0000] {logging_mixin.py:188} WARNING - /home/***/.local/lib/python3.12/site-packages/***/task/task_runner/standard_task_runner.py:61 DeprecationWarning: This process (pid=1077) is multi-threaded, use of fork() may lead to deadlocks in the child.
[2026-06-03T11:19:16.336+0000] {standard_task_runner.py:63} INFO - Started process 1079 to run task
[2026-06-03T11:19:16.386+0000] {task_command.py:426} INFO - Running <TaskInstance: dynamic_metadata_pipeline.run_pipeline_1 manual__2026-06-03T11:19:13.567782+00:00 [running]> on host c3bf940c8326
[2026-06-03T11:19:16.485+0000] {taskinstance.py:2648} INFO - Exporting env vars: AIRFLOW_CTX_DAG_OWNER='subashri' AIRFLOW_CTX_DAG_ID='dynamic_metadata_pipeline' AIRFLOW_CTX_TASK_ID='run_pipeline_1' AIRFLOW_CTX_EXECUTION_DATE='2026-06-03T11:19:13.567782+00:00' AIRFLOW_CTX_TRY_NUMBER='1' AIRFLOW_CTX_DAG_RUN_ID='manual__2026-06-03T11:19:13.567782+00:00'
[2026-06-03T11:19:16.486+0000] {taskinstance.py:430} INFO - ::endgroup::
[2026-06-03T11:19:16.508+0000] {subprocess.py:63} INFO - Tmp dir root location: /tmp
[2026-06-03T11:19:16.510+0000] {subprocess.py:75} INFO - Running command: ['/usr/bin/bash', '-c', 'cd /opt/***/src && python main.py 1']
[2026-06-03T11:19:16.519+0000] {subprocess.py:86} INFO - Output:
[2026-06-03T11:19:25.670+0000] {subprocess.py:93} INFO - 
[2026-06-03T11:19:25.671+0000] {subprocess.py:93} INFO - ===================================
[2026-06-03T11:19:25.673+0000] {subprocess.py:93} INFO - DATABASE CONNECTION CONFIG
[2026-06-03T11:19:25.675+0000] {subprocess.py:93} INFO - ===================================
[2026-06-03T11:19:25.675+0000] {subprocess.py:93} INFO - DB TYPE   : postgres
[2026-06-03T11:19:25.676+0000] {subprocess.py:93} INFO - HOST      : 3.107.8.33
[2026-06-03T11:19:25.677+0000] {subprocess.py:93} INFO - PORT      : 5432
[2026-06-03T11:19:25.681+0000] {subprocess.py:93} INFO - DATABASE  : metadata_db
[2026-06-03T11:19:25.682+0000] {subprocess.py:93} INFO - USERNAME  : teamuser
[2026-06-03T11:19:25.683+0000] {subprocess.py:93} INFO - ===================================
[2026-06-03T11:19:25.684+0000] {subprocess.py:93} INFO - 
[2026-06-03T11:19:25.684+0000] {subprocess.py:93} INFO - Connected to POSTGRES successfully.
[2026-06-03T11:19:25.685+0000] {subprocess.py:93} INFO - 
[2026-06-03T11:19:25.693+0000] {subprocess.py:93} INFO - Running pipeline: postgres_to_s3_pipeline (db_to_storage)
[2026-06-03T11:19:25.694+0000] {subprocess.py:93} INFO - 
[2026-06-03T11:19:25.700+0000] {subprocess.py:93} INFO - ===================================
[2026-06-03T11:19:25.702+0000] {subprocess.py:93} INFO - DATABASE CONNECTION CONFIG
[2026-06-03T11:19:25.706+0000] {subprocess.py:93} INFO - ===================================
[2026-06-03T11:19:25.710+0000] {subprocess.py:93} INFO - DB TYPE   : postgres
[2026-06-03T11:19:25.712+0000] {subprocess.py:93} INFO - HOST      : 3.107.8.33
[2026-06-03T11:19:25.714+0000] {subprocess.py:93} INFO - PORT      : 5432
[2026-06-03T11:19:25.715+0000] {subprocess.py:93} INFO - DATABASE  : udifdb
[2026-06-03T11:19:25.716+0000] {subprocess.py:93} INFO - USERNAME  : teamuser
[2026-06-03T11:19:25.721+0000] {subprocess.py:93} INFO - ===================================
[2026-06-03T11:19:25.727+0000] {subprocess.py:93} INFO - 
[2026-06-03T11:19:25.728+0000] {subprocess.py:93} INFO - Connected to POSTGRES successfully.
[2026-06-03T11:19:25.729+0000] {subprocess.py:93} INFO - Completed: 4653 rows processed
[2026-06-03T11:19:26.075+0000] {subprocess.py:97} INFO - Command exited with return code 0
[2026-06-03T11:19:26.083+0000] {taskinstance.py:441} INFO - ::group::Post task execution logs
[2026-06-03T11:19:26.122+0000] {taskinstance.py:1206} INFO - Marking task as SUCCESS. dag_id=dynamic_metadata_pipeline, task_id=run_pipeline_1, run_id=manual__2026-06-03T11:19:13.567782+00:00, execution_date=20260603T111913, start_date=20260603T111916, end_date=20260603T111926
[2026-06-03T11:19:26.153+0000] {local_task_job_runner.py:240} INFO - Task exited with return code 0
[2026-06-03T11:19:26.179+0000] {taskinstance.py:3498} INFO - 0 downstream tasks scheduled from follow-on schedule check
[2026-06-03T11:19:26.186+0000] {local_task_job_runner.py:222} INFO - ::endgroup::
