[2026-06-04T07:05:04.751+0000] {local_task_job_runner.py:120} INFO - ::group::Pre task execution logs
[2026-06-04T07:05:05.018+0000] {taskinstance.py:2076} INFO - Dependencies all met for dep_context=non-requeueable deps ti=<TaskInstance: postgres_to_local_pipeline.run_pipeline_2 scheduled__2026-06-04T07:00:00+00:00 [queued]>
[2026-06-04T07:05:05.060+0000] {taskinstance.py:2076} INFO - Dependencies all met for dep_context=requeueable deps ti=<TaskInstance: postgres_to_local_pipeline.run_pipeline_2 scheduled__2026-06-04T07:00:00+00:00 [queued]>
[2026-06-04T07:05:05.062+0000] {taskinstance.py:2306} INFO - Starting attempt 1 of 2
[2026-06-04T07:05:05.134+0000] {taskinstance.py:2330} INFO - Executing <Task(BashOperator): run_pipeline_2> on 2026-06-04 07:00:00+00:00
[2026-06-04T07:05:05.190+0000] {standard_task_runner.py:90} INFO - Running: ['***', 'tasks', 'run', 'postgres_to_local_pipeline', 'run_pipeline_2', 'scheduled__2026-06-04T07:00:00+00:00', '--job-id', '278', '--raw', '--subdir', 'DAGS_FOLDER/dynamic_pipeline_generator.py', '--cfg-path', '/tmp/tmptssov4io']
[2026-06-04T07:05:05.218+0000] {standard_task_runner.py:91} INFO - Job 278: Subtask run_pipeline_2
[2026-06-04T07:05:05.357+0000] {logging_mixin.py:188} WARNING - /home/***/.local/lib/python3.12/site-packages/***/task/task_runner/standard_task_runner.py:61 DeprecationWarning: This process (pid=5015) is multi-threaded, use of fork() may lead to deadlocks in the child.
[2026-06-04T07:05:05.369+0000] {standard_task_runner.py:63} INFO - Started process 5018 to run task
[2026-06-04T07:05:05.585+0000] {task_command.py:426} INFO - Running <TaskInstance: postgres_to_local_pipeline.run_pipeline_2 scheduled__2026-06-04T07:00:00+00:00 [running]> on host b044b6a9b6bd
[2026-06-04T07:05:06.177+0000] {taskinstance.py:2648} INFO - Exporting env vars: AIRFLOW_CTX_DAG_OWNER='subashri' AIRFLOW_CTX_DAG_ID='postgres_to_local_pipeline' AIRFLOW_CTX_TASK_ID='run_pipeline_2' AIRFLOW_CTX_EXECUTION_DATE='2026-06-04T07:00:00+00:00' AIRFLOW_CTX_TRY_NUMBER='1' AIRFLOW_CTX_DAG_RUN_ID='scheduled__2026-06-04T07:00:00+00:00'
[2026-06-04T07:05:06.190+0000] {taskinstance.py:430} INFO - ::endgroup::
[2026-06-04T07:05:06.323+0000] {subprocess.py:63} INFO - Tmp dir root location: /tmp
[2026-06-04T07:05:06.336+0000] {subprocess.py:75} INFO - Running command: ['/usr/bin/bash', '-c', 'cd /opt/***/src && python main.py 2']
[2026-06-04T07:05:06.452+0000] {subprocess.py:86} INFO - Output:
[2026-06-04T07:05:22.978+0000] {subprocess.py:93} INFO - 
[2026-06-04T07:05:22.982+0000] {subprocess.py:93} INFO - ===================================
[2026-06-04T07:05:22.986+0000] {subprocess.py:93} INFO - DATABASE CONNECTION CONFIG
[2026-06-04T07:05:22.989+0000] {subprocess.py:93} INFO - ===================================
[2026-06-04T07:05:22.990+0000] {subprocess.py:93} INFO - DB TYPE   : postgres
[2026-06-04T07:05:22.994+0000] {subprocess.py:93} INFO - HOST      : 3.107.8.33
[2026-06-04T07:05:22.996+0000] {subprocess.py:93} INFO - PORT      : 5432
[2026-06-04T07:05:22.998+0000] {subprocess.py:93} INFO - DATABASE  : metadata_db
[2026-06-04T07:05:23.003+0000] {subprocess.py:93} INFO - USERNAME  : teamuser
[2026-06-04T07:05:23.005+0000] {subprocess.py:93} INFO - ===================================
[2026-06-04T07:05:23.006+0000] {subprocess.py:93} INFO - 
[2026-06-04T07:05:23.008+0000] {subprocess.py:93} INFO - Connected to POSTGRES successfully.
[2026-06-04T07:05:23.011+0000] {subprocess.py:93} INFO - 
[2026-06-04T07:05:23.015+0000] {subprocess.py:93} INFO - Running pipeline: postgres_to_local_pipeline (db_to_storage)
[2026-06-04T07:05:23.017+0000] {subprocess.py:93} INFO - 
[2026-06-04T07:05:23.019+0000] {subprocess.py:93} INFO - ===================================
[2026-06-04T07:05:23.034+0000] {subprocess.py:93} INFO - DATABASE CONNECTION CONFIG
[2026-06-04T07:05:23.037+0000] {subprocess.py:93} INFO - ===================================
[2026-06-04T07:05:23.039+0000] {subprocess.py:93} INFO - DB TYPE   : postgres
[2026-06-04T07:05:23.041+0000] {subprocess.py:93} INFO - HOST      : 3.107.8.33
[2026-06-04T07:05:23.043+0000] {subprocess.py:93} INFO - PORT      : 5432
[2026-06-04T07:05:23.047+0000] {subprocess.py:93} INFO - DATABASE  : udifdb
[2026-06-04T07:05:23.048+0000] {subprocess.py:93} INFO - USERNAME  : teamuser
[2026-06-04T07:05:23.050+0000] {subprocess.py:93} INFO - ===================================
[2026-06-04T07:05:23.051+0000] {subprocess.py:93} INFO - 
[2026-06-04T07:05:23.053+0000] {subprocess.py:93} INFO - Connected to POSTGRES successfully.
[2026-06-04T07:05:23.058+0000] {subprocess.py:93} INFO - Completed: 4653 rows processed
[2026-06-04T07:05:23.466+0000] {subprocess.py:97} INFO - Command exited with return code 0
[2026-06-04T07:05:23.472+0000] {taskinstance.py:441} INFO - ::group::Post task execution logs
[2026-06-04T07:05:23.579+0000] {taskinstance.py:1206} INFO - Marking task as SUCCESS. dag_id=postgres_to_local_pipeline, task_id=run_pipeline_2, run_id=scheduled__2026-06-04T07:00:00+00:00, execution_date=20260604T070000, start_date=20260604T070505, end_date=20260604T070523
[2026-06-04T07:05:23.684+0000] {local_task_job_runner.py:240} INFO - Task exited with return code 0
[2026-06-04T07:05:23.719+0000] {taskinstance.py:3498} INFO - 0 downstream tasks scheduled from follow-on schedule check
[2026-06-04T07:05:23.724+0000] {local_task_job_runner.py:222} INFO - ::endgroup::
