[2026-05-30T14:16:34.168+0000] {local_task_job_runner.py:120} INFO - ::group::Pre task execution logs
[2026-05-30T14:16:34.206+0000] {taskinstance.py:2076} INFO - Dependencies all met for dep_context=non-requeueable deps ti=<TaskInstance: dynamic_metadata_pipeline.run_pipeline_3 manual__2026-05-30T14:16:32.989253+00:00 [queued]>
[2026-05-30T14:16:34.225+0000] {taskinstance.py:2076} INFO - Dependencies all met for dep_context=requeueable deps ti=<TaskInstance: dynamic_metadata_pipeline.run_pipeline_3 manual__2026-05-30T14:16:32.989253+00:00 [queued]>
[2026-05-30T14:16:34.228+0000] {taskinstance.py:2306} INFO - Starting attempt 1 of 2
[2026-05-30T14:16:34.261+0000] {taskinstance.py:2330} INFO - Executing <Task(BashOperator): run_pipeline_3> on 2026-05-30 14:16:32.989253+00:00
[2026-05-30T14:16:34.273+0000] {standard_task_runner.py:90} INFO - Running: ['***', 'tasks', 'run', 'dynamic_metadata_pipeline', 'run_pipeline_3', 'manual__2026-05-30T14:16:32.989253+00:00', '--job-id', '50', '--raw', '--subdir', 'DAGS_FOLDER/dynamic_pipeline_dag.py', '--cfg-path', '/tmp/tmp22lddspb']
[2026-05-30T14:16:34.279+0000] {logging_mixin.py:188} WARNING - /home/***/.local/lib/python3.12/site-packages/***/task/task_runner/standard_task_runner.py:61 DeprecationWarning: This process (pid=228) is multi-threaded, use of fork() may lead to deadlocks in the child.
[2026-05-30T14:16:34.280+0000] {standard_task_runner.py:91} INFO - Job 50: Subtask run_pipeline_3
[2026-05-30T14:16:34.280+0000] {standard_task_runner.py:63} INFO - Started process 229 to run task
[2026-05-30T14:16:34.341+0000] {task_command.py:426} INFO - Running <TaskInstance: dynamic_metadata_pipeline.run_pipeline_3 manual__2026-05-30T14:16:32.989253+00:00 [running]> on host ca256611781a
[2026-05-30T14:16:34.459+0000] {taskinstance.py:2648} INFO - Exporting env vars: AIRFLOW_CTX_DAG_OWNER='subashri' AIRFLOW_CTX_DAG_ID='dynamic_metadata_pipeline' AIRFLOW_CTX_TASK_ID='run_pipeline_3' AIRFLOW_CTX_EXECUTION_DATE='2026-05-30T14:16:32.989253+00:00' AIRFLOW_CTX_TRY_NUMBER='1' AIRFLOW_CTX_DAG_RUN_ID='manual__2026-05-30T14:16:32.989253+00:00'
[2026-05-30T14:16:34.461+0000] {taskinstance.py:430} INFO - ::endgroup::
[2026-05-30T14:16:34.498+0000] {subprocess.py:63} INFO - Tmp dir root location: /tmp
[2026-05-30T14:16:34.505+0000] {subprocess.py:75} INFO - Running command: ['/usr/bin/bash', '-c', 'cd /opt/***/src && python main.py 3']
[2026-05-30T14:16:34.519+0000] {subprocess.py:86} INFO - Output:
[2026-05-30T14:16:39.894+0000] {subprocess.py:93} INFO - Using CPU. Note: This module is much faster with a GPU.
[2026-05-30T14:17:06.995+0000] {subprocess.py:93} INFO - 
[2026-05-30T14:17:07.000+0000] {subprocess.py:93} INFO - ===================================
[2026-05-30T14:17:07.002+0000] {subprocess.py:93} INFO - DATABASE CONNECTION CONFIG
[2026-05-30T14:17:07.005+0000] {subprocess.py:93} INFO - ===================================
[2026-05-30T14:17:07.008+0000] {subprocess.py:93} INFO - DB TYPE   : postgres
[2026-05-30T14:17:07.010+0000] {subprocess.py:93} INFO - HOST      : 3.25.121.38
[2026-05-30T14:17:07.012+0000] {subprocess.py:93} INFO - PORT      : 5432
[2026-05-30T14:17:07.014+0000] {subprocess.py:93} INFO - DATABASE  : metadata_db
[2026-05-30T14:17:07.015+0000] {subprocess.py:93} INFO - USERNAME  : teamuser
[2026-05-30T14:17:07.016+0000] {subprocess.py:93} INFO - ===================================
[2026-05-30T14:17:07.018+0000] {subprocess.py:93} INFO - 
[2026-05-30T14:17:07.019+0000] {subprocess.py:93} INFO - Connected to POSTGRES successfully.
[2026-05-30T14:17:07.020+0000] {subprocess.py:93} INFO - 
[2026-05-30T14:17:07.021+0000] {subprocess.py:93} INFO - Running pipeline: postgres_to_postgres_pipeline (db_to_db)
[2026-05-30T14:17:07.022+0000] {subprocess.py:93} INFO - 
[2026-05-30T14:17:07.024+0000] {subprocess.py:93} INFO - ===================================
[2026-05-30T14:17:07.025+0000] {subprocess.py:93} INFO - DATABASE CONNECTION CONFIG
[2026-05-30T14:17:07.025+0000] {subprocess.py:93} INFO - ===================================
[2026-05-30T14:17:07.026+0000] {subprocess.py:93} INFO - DB TYPE   : postgres
[2026-05-30T14:17:07.027+0000] {subprocess.py:93} INFO - HOST      : 15.135.192.199
[2026-05-30T14:17:07.028+0000] {subprocess.py:93} INFO - PORT      : 5432
[2026-05-30T14:17:07.029+0000] {subprocess.py:93} INFO - DATABASE  : udifdb
[2026-05-30T14:17:07.030+0000] {subprocess.py:93} INFO - USERNAME  : teamuser
[2026-05-30T14:17:07.031+0000] {subprocess.py:93} INFO - ===================================
[2026-05-30T14:17:07.031+0000] {subprocess.py:93} INFO - 
[2026-05-30T14:17:07.032+0000] {subprocess.py:93} INFO - ❌ Failed: Could not connect to POSTGRES: (psycopg2.OperationalError) connection to server at "15.135.192.199", port 5432 failed: Connection refused
[2026-05-30T14:17:07.033+0000] {subprocess.py:93} INFO - 	Is the server running on that host and accepting TCP/IP connections?
[2026-05-30T14:17:07.034+0000] {subprocess.py:93} INFO - 
[2026-05-30T14:17:07.034+0000] {subprocess.py:93} INFO - (Background on this error at: https://sqlalche.me/e/14/e3q8)
[2026-05-30T14:17:08.022+0000] {subprocess.py:97} INFO - Command exited with return code 0
[2026-05-30T14:17:08.023+0000] {taskinstance.py:441} INFO - ::group::Post task execution logs
[2026-05-30T14:17:08.053+0000] {taskinstance.py:1206} INFO - Marking task as SUCCESS. dag_id=dynamic_metadata_pipeline, task_id=run_pipeline_3, run_id=manual__2026-05-30T14:16:32.989253+00:00, execution_date=20260530T141632, start_date=20260530T141634, end_date=20260530T141708
[2026-05-30T14:17:08.097+0000] {local_task_job_runner.py:240} INFO - Task exited with return code 0
[2026-05-30T14:17:08.134+0000] {taskinstance.py:3498} INFO - 0 downstream tasks scheduled from follow-on schedule check
[2026-05-30T14:17:08.140+0000] {local_task_job_runner.py:222} INFO - ::endgroup::
