[2026-06-03T13:20:14.870+0000] {local_task_job_runner.py:120} INFO - ::group::Pre task execution logs
[2026-06-03T13:20:14.911+0000] {taskinstance.py:2076} INFO - Dependencies all met for dep_context=non-requeueable deps ti=<TaskInstance: dynamic_metadata_pipeline.run_pipeline_5 manual__2026-06-03T13:20:12.539006+00:00 [queued]>
[2026-06-03T13:20:14.924+0000] {taskinstance.py:2076} INFO - Dependencies all met for dep_context=requeueable deps ti=<TaskInstance: dynamic_metadata_pipeline.run_pipeline_5 manual__2026-06-03T13:20:12.539006+00:00 [queued]>
[2026-06-03T13:20:14.925+0000] {taskinstance.py:2306} INFO - Starting attempt 1 of 2
[2026-06-03T13:20:14.943+0000] {taskinstance.py:2330} INFO - Executing <Task(BashOperator): run_pipeline_5> on 2026-06-03 13:20:12.539006+00:00
[2026-06-03T13:20:14.956+0000] {logging_mixin.py:188} WARNING - /home/***/.local/lib/python3.12/site-packages/***/task/task_runner/standard_task_runner.py:61 DeprecationWarning: This process (pid=2715) is multi-threaded, use of fork() may lead to deadlocks in the child.
[2026-06-03T13:20:14.955+0000] {standard_task_runner.py:90} INFO - Running: ['***', 'tasks', 'run', 'dynamic_metadata_pipeline', 'run_pipeline_5', 'manual__2026-06-03T13:20:12.539006+00:00', '--job-id', '161', '--raw', '--subdir', 'DAGS_FOLDER/dynamic_pipeline_dag.py', '--cfg-path', '/tmp/tmp6xpnqkvd']
[2026-06-03T13:20:14.960+0000] {standard_task_runner.py:63} INFO - Started process 2723 to run task
[2026-06-03T13:20:14.961+0000] {standard_task_runner.py:91} INFO - Job 161: Subtask run_pipeline_5
[2026-06-03T13:20:15.020+0000] {task_command.py:426} INFO - Running <TaskInstance: dynamic_metadata_pipeline.run_pipeline_5 manual__2026-06-03T13:20:12.539006+00:00 [running]> on host c3bf940c8326
[2026-06-03T13:20:15.135+0000] {taskinstance.py:2648} INFO - Exporting env vars: AIRFLOW_CTX_DAG_OWNER='subashri' AIRFLOW_CTX_DAG_ID='dynamic_metadata_pipeline' AIRFLOW_CTX_TASK_ID='run_pipeline_5' AIRFLOW_CTX_EXECUTION_DATE='2026-06-03T13:20:12.539006+00:00' AIRFLOW_CTX_TRY_NUMBER='1' AIRFLOW_CTX_DAG_RUN_ID='manual__2026-06-03T13:20:12.539006+00:00'
[2026-06-03T13:20:15.136+0000] {taskinstance.py:430} INFO - ::endgroup::
[2026-06-03T13:20:15.156+0000] {subprocess.py:63} INFO - Tmp dir root location: /tmp
[2026-06-03T13:20:15.159+0000] {subprocess.py:75} INFO - Running command: ['/usr/bin/bash', '-c', 'cd /opt/***/src && python main.py 5']
[2026-06-03T13:20:15.168+0000] {subprocess.py:86} INFO - Output:
[2026-06-03T13:20:37.388+0000] {subprocess.py:93} INFO - 
[2026-06-03T13:20:37.397+0000] {subprocess.py:93} INFO - ===================================
[2026-06-03T13:20:37.403+0000] {subprocess.py:93} INFO - DATABASE CONNECTION CONFIG
[2026-06-03T13:20:37.405+0000] {subprocess.py:93} INFO - ===================================
[2026-06-03T13:20:37.414+0000] {subprocess.py:93} INFO - DB TYPE   : postgres
[2026-06-03T13:20:37.415+0000] {subprocess.py:93} INFO - HOST      : 3.107.8.33
[2026-06-03T13:20:37.417+0000] {subprocess.py:93} INFO - PORT      : 5432
[2026-06-03T13:20:37.419+0000] {subprocess.py:93} INFO - DATABASE  : metadata_db
[2026-06-03T13:20:37.420+0000] {subprocess.py:93} INFO - USERNAME  : teamuser
[2026-06-03T13:20:37.423+0000] {subprocess.py:93} INFO - ===================================
[2026-06-03T13:20:37.428+0000] {subprocess.py:93} INFO - 
[2026-06-03T13:20:37.429+0000] {subprocess.py:93} INFO - Connected to POSTGRES successfully.
[2026-06-03T13:20:37.431+0000] {subprocess.py:93} INFO - 
[2026-06-03T13:20:37.432+0000] {subprocess.py:93} INFO - Running pipeline: s3_to_postgres_pipeline (storage_to_db)
[2026-06-03T13:20:37.436+0000] {subprocess.py:93} INFO - Loading table: customer_feb (120 rows)
[2026-06-03T13:20:37.437+0000] {subprocess.py:93} INFO - Loading table: customer_jan (100 rows)
[2026-06-03T13:20:37.440+0000] {subprocess.py:93} INFO - Loading table: customer_march (150 rows)
[2026-06-03T13:20:37.443+0000] {subprocess.py:93} INFO - Processed total rows: 370
[2026-06-03T13:20:37.446+0000] {subprocess.py:93} INFO - Completed: 370 rows processed
[2026-06-03T13:20:38.111+0000] {subprocess.py:97} INFO - Command exited with return code 0
[2026-06-03T13:20:38.114+0000] {taskinstance.py:441} INFO - ::group::Post task execution logs
[2026-06-03T13:20:38.210+0000] {taskinstance.py:1206} INFO - Marking task as SUCCESS. dag_id=dynamic_metadata_pipeline, task_id=run_pipeline_5, run_id=manual__2026-06-03T13:20:12.539006+00:00, execution_date=20260603T132012, start_date=20260603T132014, end_date=20260603T132038
[2026-06-03T13:20:38.283+0000] {local_task_job_runner.py:240} INFO - Task exited with return code 0
[2026-06-03T13:20:38.341+0000] {taskinstance.py:3498} INFO - 0 downstream tasks scheduled from follow-on schedule check
[2026-06-03T13:20:38.346+0000] {local_task_job_runner.py:222} INFO - ::endgroup::
