[2026-06-01T09:32:04.326+0000] {local_task_job_runner.py:120} INFO - ::group::Pre task execution logs
[2026-06-01T09:32:04.374+0000] {taskinstance.py:2076} INFO - Dependencies all met for dep_context=non-requeueable deps ti=<TaskInstance: dynamic_metadata_pipeline.run_pipeline_4 scheduled__2026-05-31T02:00:00+00:00 [queued]>
[2026-06-01T09:32:04.385+0000] {taskinstance.py:2076} INFO - Dependencies all met for dep_context=requeueable deps ti=<TaskInstance: dynamic_metadata_pipeline.run_pipeline_4 scheduled__2026-05-31T02:00:00+00:00 [queued]>
[2026-06-01T09:32:04.386+0000] {taskinstance.py:2306} INFO - Starting attempt 1 of 2
[2026-06-01T09:32:04.402+0000] {taskinstance.py:2330} INFO - Executing <Task(BashOperator): run_pipeline_4> on 2026-05-31 02:00:00+00:00
[2026-06-01T09:32:04.417+0000] {standard_task_runner.py:90} INFO - Running: ['***', 'tasks', 'run', 'dynamic_metadata_pipeline', 'run_pipeline_4', 'scheduled__2026-05-31T02:00:00+00:00', '--job-id', '87', '--raw', '--subdir', 'DAGS_FOLDER/dynamic_pipeline_dag.py', '--cfg-path', '/tmp/tmpzeeyo7rw']
[2026-06-01T09:32:04.422+0000] {standard_task_runner.py:91} INFO - Job 87: Subtask run_pipeline_4
[2026-06-01T09:32:04.423+0000] {logging_mixin.py:188} WARNING - /home/***/.local/lib/python3.12/site-packages/***/task/task_runner/standard_task_runner.py:61 DeprecationWarning: This process (pid=1667) is multi-threaded, use of fork() may lead to deadlocks in the child.
[2026-06-01T09:32:04.424+0000] {standard_task_runner.py:63} INFO - Started process 1672 to run task
[2026-06-01T09:32:04.484+0000] {task_command.py:426} INFO - Running <TaskInstance: dynamic_metadata_pipeline.run_pipeline_4 scheduled__2026-05-31T02:00:00+00:00 [running]> on host 1103cbeaed03
[2026-06-01T09:32:04.587+0000] {taskinstance.py:2648} INFO - Exporting env vars: AIRFLOW_CTX_DAG_OWNER='subashri' AIRFLOW_CTX_DAG_ID='dynamic_metadata_pipeline' AIRFLOW_CTX_TASK_ID='run_pipeline_4' AIRFLOW_CTX_EXECUTION_DATE='2026-05-31T02:00:00+00:00' AIRFLOW_CTX_TRY_NUMBER='1' AIRFLOW_CTX_DAG_RUN_ID='scheduled__2026-05-31T02:00:00+00:00'
[2026-06-01T09:32:04.589+0000] {taskinstance.py:430} INFO - ::endgroup::
[2026-06-01T09:32:04.617+0000] {subprocess.py:63} INFO - Tmp dir root location: /tmp
[2026-06-01T09:32:04.618+0000] {subprocess.py:75} INFO - Running command: ['/usr/bin/bash', '-c', 'cd /opt/***/src && python main.py 4']
[2026-06-01T09:32:04.638+0000] {subprocess.py:86} INFO - Output:
[2026-06-01T09:32:14.278+0000] {subprocess.py:93} INFO - Using CPU. Note: This module is much faster with a GPU.
[2026-06-01T09:32:30.221+0000] {subprocess.py:93} INFO - /home/***/.local/lib/python3.12/site-packages/torch/utils/data/dataloader.py:752: UserWarning: 'pin_memory' argument is set as true but no accelerator is found, then device pinned memory won't be used.
[2026-06-01T09:32:30.222+0000] {subprocess.py:93} INFO -   super().__init__(loader)
[2026-06-01T09:33:02.627+0000] {subprocess.py:93} INFO - 
[2026-06-01T09:33:02.628+0000] {subprocess.py:93} INFO - ===================================
[2026-06-01T09:33:02.629+0000] {subprocess.py:93} INFO - DATABASE CONNECTION CONFIG
[2026-06-01T09:33:02.630+0000] {subprocess.py:93} INFO - ===================================
[2026-06-01T09:33:02.631+0000] {subprocess.py:93} INFO - DB TYPE   : postgres
[2026-06-01T09:33:02.632+0000] {subprocess.py:93} INFO - HOST      : 3.107.8.33
[2026-06-01T09:33:02.633+0000] {subprocess.py:93} INFO - PORT      : 5432
[2026-06-01T09:33:02.634+0000] {subprocess.py:93} INFO - DATABASE  : metadata_db
[2026-06-01T09:33:02.636+0000] {subprocess.py:93} INFO - USERNAME  : teamuser
[2026-06-01T09:33:02.636+0000] {subprocess.py:93} INFO - ===================================
[2026-06-01T09:33:02.638+0000] {subprocess.py:93} INFO - 
[2026-06-01T09:33:02.639+0000] {subprocess.py:93} INFO - Connected to POSTGRES successfully.
[2026-06-01T09:33:02.639+0000] {subprocess.py:93} INFO - 
[2026-06-01T09:33:02.640+0000] {subprocess.py:93} INFO - Running pipeline: local_to_postgres_pipeline (storage_to_db)
[2026-06-01T09:33:02.641+0000] {subprocess.py:93} INFO - Loading table: customer (2 rows)
[2026-06-01T09:33:02.642+0000] {subprocess.py:93} INFO - Loading table: data pic1 (91 rows)
[2026-06-01T09:33:02.642+0000] {subprocess.py:93} INFO - Loading table: employee (20 rows)
[2026-06-01T09:33:02.643+0000] {subprocess.py:93} INFO - Loading table: employee_data (100 rows)
[2026-06-01T09:33:02.643+0000] {subprocess.py:93} INFO - Loading table: sample (2 rows)
[2026-06-01T09:33:02.644+0000] {subprocess.py:93} INFO - Loading table: word (12 rows)
[2026-06-01T09:33:02.644+0000] {subprocess.py:93} INFO - Processed total rows: 227
[2026-06-01T09:33:02.644+0000] {subprocess.py:93} INFO - Completed: 227 rows processed
[2026-06-01T09:33:03.617+0000] {subprocess.py:97} INFO - Command exited with return code 0
[2026-06-01T09:33:03.618+0000] {taskinstance.py:441} INFO - ::group::Post task execution logs
[2026-06-01T09:33:03.669+0000] {taskinstance.py:1206} INFO - Marking task as SUCCESS. dag_id=dynamic_metadata_pipeline, task_id=run_pipeline_4, run_id=scheduled__2026-05-31T02:00:00+00:00, execution_date=20260531T020000, start_date=20260601T093204, end_date=20260601T093303
[2026-06-01T09:33:03.702+0000] {local_task_job_runner.py:240} INFO - Task exited with return code 0
[2026-06-01T09:33:03.718+0000] {taskinstance.py:3498} INFO - 0 downstream tasks scheduled from follow-on schedule check
[2026-06-01T09:33:03.721+0000] {local_task_job_runner.py:222} INFO - ::endgroup::
