[2026-06-03T14:20:02.731+0000] {local_task_job_runner.py:120} INFO - ::group::Pre task execution logs
[2026-06-03T14:20:02.803+0000] {taskinstance.py:2076} INFO - Dependencies all met for dep_context=non-requeueable deps ti=<TaskInstance: local_to_postgres_pipeline.run_pipeline_4 scheduled__2026-06-03T14:15:00+00:00 [queued]>
[2026-06-03T14:20:02.811+0000] {taskinstance.py:2076} INFO - Dependencies all met for dep_context=requeueable deps ti=<TaskInstance: local_to_postgres_pipeline.run_pipeline_4 scheduled__2026-06-03T14:15:00+00:00 [queued]>
[2026-06-03T14:20:02.812+0000] {taskinstance.py:2306} INFO - Starting attempt 1 of 2
[2026-06-03T14:20:02.827+0000] {taskinstance.py:2330} INFO - Executing <Task(BashOperator): run_pipeline_4> on 2026-06-03 14:15:00+00:00
[2026-06-03T14:20:02.836+0000] {standard_task_runner.py:90} INFO - Running: ['***', 'tasks', 'run', 'local_to_postgres_pipeline', 'run_pipeline_4', 'scheduled__2026-06-03T14:15:00+00:00', '--job-id', '176', '--raw', '--subdir', 'DAGS_FOLDER/dynamic_pipeline_generator.py', '--cfg-path', '/tmp/tmpll9eifal']
[2026-06-03T14:20:02.838+0000] {standard_task_runner.py:91} INFO - Job 176: Subtask run_pipeline_4
[2026-06-03T14:20:02.839+0000] {logging_mixin.py:188} WARNING - /home/***/.local/lib/python3.12/site-packages/***/task/task_runner/standard_task_runner.py:61 DeprecationWarning: This process (pid=1062) is multi-threaded, use of fork() may lead to deadlocks in the child.
[2026-06-03T14:20:02.840+0000] {standard_task_runner.py:63} INFO - Started process 1065 to run task
[2026-06-03T14:20:02.884+0000] {task_command.py:426} INFO - Running <TaskInstance: local_to_postgres_pipeline.run_pipeline_4 scheduled__2026-06-03T14:15:00+00:00 [running]> on host c3bf940c8326
[2026-06-03T14:20:03.017+0000] {taskinstance.py:2648} INFO - Exporting env vars: AIRFLOW_CTX_DAG_OWNER='subashri' AIRFLOW_CTX_DAG_ID='local_to_postgres_pipeline' AIRFLOW_CTX_TASK_ID='run_pipeline_4' AIRFLOW_CTX_EXECUTION_DATE='2026-06-03T14:15:00+00:00' AIRFLOW_CTX_TRY_NUMBER='1' AIRFLOW_CTX_DAG_RUN_ID='scheduled__2026-06-03T14:15:00+00:00'
[2026-06-03T14:20:03.018+0000] {taskinstance.py:430} INFO - ::endgroup::
[2026-06-03T14:20:03.039+0000] {subprocess.py:63} INFO - Tmp dir root location: /tmp
[2026-06-03T14:20:03.042+0000] {subprocess.py:75} INFO - Running command: ['/usr/bin/bash', '-c', 'cd /opt/***/src && python main.py 4']
[2026-06-03T14:20:03.052+0000] {subprocess.py:86} INFO - Output:
[2026-06-03T14:20:11.419+0000] {subprocess.py:93} INFO - Using CPU. Note: This module is much faster with a GPU.
[2026-06-03T14:20:29.960+0000] {subprocess.py:93} INFO - /home/***/.local/lib/python3.12/site-packages/torch/utils/data/dataloader.py:752: UserWarning: 'pin_memory' argument is set as true but no accelerator is found, then device pinned memory won't be used.
[2026-06-03T14:20:29.963+0000] {subprocess.py:93} INFO -   super().__init__(loader)
[2026-06-03T14:21:05.401+0000] {subprocess.py:93} INFO - 
[2026-06-03T14:21:05.404+0000] {subprocess.py:93} INFO - ===================================
[2026-06-03T14:21:05.405+0000] {subprocess.py:93} INFO - DATABASE CONNECTION CONFIG
[2026-06-03T14:21:05.407+0000] {subprocess.py:93} INFO - ===================================
[2026-06-03T14:21:05.408+0000] {subprocess.py:93} INFO - DB TYPE   : postgres
[2026-06-03T14:21:05.410+0000] {subprocess.py:93} INFO - HOST      : 3.107.8.33
[2026-06-03T14:21:05.411+0000] {subprocess.py:93} INFO - PORT      : 5432
[2026-06-03T14:21:05.412+0000] {subprocess.py:93} INFO - DATABASE  : metadata_db
[2026-06-03T14:21:05.413+0000] {subprocess.py:93} INFO - USERNAME  : teamuser
[2026-06-03T14:21:05.414+0000] {subprocess.py:93} INFO - ===================================
[2026-06-03T14:21:05.415+0000] {subprocess.py:93} INFO - 
[2026-06-03T14:21:05.416+0000] {subprocess.py:93} INFO - Connected to POSTGRES successfully.
[2026-06-03T14:21:05.417+0000] {subprocess.py:93} INFO - 
[2026-06-03T14:21:05.418+0000] {subprocess.py:93} INFO - Running pipeline: local_to_postgres_pipeline (storage_to_db)
[2026-06-03T14:21:05.419+0000] {subprocess.py:93} INFO - Loading table: customer (2 rows)
[2026-06-03T14:21:05.420+0000] {subprocess.py:93} INFO - Loading table: data pic1 (91 rows)
[2026-06-03T14:21:05.421+0000] {subprocess.py:93} INFO - Loading table: employee (20 rows)
[2026-06-03T14:21:05.422+0000] {subprocess.py:93} INFO - Loading table: employee_data (100 rows)
[2026-06-03T14:21:05.423+0000] {subprocess.py:93} INFO - Loading table: sample (2 rows)
[2026-06-03T14:21:05.423+0000] {subprocess.py:93} INFO - Loading table: word (12 rows)
[2026-06-03T14:21:05.424+0000] {subprocess.py:93} INFO - Processed total rows: 227
[2026-06-03T14:21:05.425+0000] {subprocess.py:93} INFO - Completed: 227 rows processed
[2026-06-03T14:21:06.472+0000] {subprocess.py:97} INFO - Command exited with return code 0
[2026-06-03T14:21:06.479+0000] {taskinstance.py:441} INFO - ::group::Post task execution logs
[2026-06-03T14:21:06.518+0000] {taskinstance.py:1206} INFO - Marking task as SUCCESS. dag_id=local_to_postgres_pipeline, task_id=run_pipeline_4, run_id=scheduled__2026-06-03T14:15:00+00:00, execution_date=20260603T141500, start_date=20260603T142002, end_date=20260603T142106
[2026-06-03T14:21:06.539+0000] {local_task_job_runner.py:240} INFO - Task exited with return code 0
[2026-06-03T14:21:06.558+0000] {taskinstance.py:3498} INFO - 0 downstream tasks scheduled from follow-on schedule check
[2026-06-03T14:21:06.562+0000] {local_task_job_runner.py:222} INFO - ::endgroup::
