[2026-05-28T15:38:11.859+0000] {local_task_job_runner.py:120} INFO - ::group::Pre task execution logs
[2026-05-28T15:38:11.900+0000] {taskinstance.py:2076} INFO - Dependencies all met for dep_context=non-requeueable deps ti=<TaskInstance: dynamic_metadata_pipeline.run_pipeline_2 manual__2026-05-28T15:38:11.005838+00:00 [queued]>
[2026-05-28T15:38:11.911+0000] {taskinstance.py:2076} INFO - Dependencies all met for dep_context=requeueable deps ti=<TaskInstance: dynamic_metadata_pipeline.run_pipeline_2 manual__2026-05-28T15:38:11.005838+00:00 [queued]>
[2026-05-28T15:38:11.912+0000] {taskinstance.py:2306} INFO - Starting attempt 1 of 2
[2026-05-28T15:38:11.930+0000] {taskinstance.py:2330} INFO - Executing <Task(BashOperator): run_pipeline_2> on 2026-05-28 15:38:11.005838+00:00
[2026-05-28T15:38:11.938+0000] {standard_task_runner.py:90} INFO - Running: ['***', 'tasks', 'run', 'dynamic_metadata_pipeline', 'run_pipeline_2', 'manual__2026-05-28T15:38:11.005838+00:00', '--job-id', '43', '--raw', '--subdir', 'DAGS_FOLDER/dynamic_pipeline_dag.py', '--cfg-path', '/tmp/tmpnl86i1q4']
[2026-05-28T15:38:11.942+0000] {standard_task_runner.py:91} INFO - Job 43: Subtask run_pipeline_2
[2026-05-28T15:38:11.944+0000] {logging_mixin.py:188} WARNING - /home/***/.local/lib/python3.12/site-packages/***/task/task_runner/standard_task_runner.py:61 DeprecationWarning: This process (pid=559) is multi-threaded, use of fork() may lead to deadlocks in the child.
[2026-05-28T15:38:11.945+0000] {standard_task_runner.py:63} INFO - Started process 560 to run task
[2026-05-28T15:38:12.007+0000] {task_command.py:426} INFO - Running <TaskInstance: dynamic_metadata_pipeline.run_pipeline_2 manual__2026-05-28T15:38:11.005838+00:00 [running]> on host 6c7adbbe76d2
[2026-05-28T15:38:12.171+0000] {taskinstance.py:2648} INFO - Exporting env vars: AIRFLOW_CTX_DAG_OWNER='subashri' AIRFLOW_CTX_DAG_ID='dynamic_metadata_pipeline' AIRFLOW_CTX_TASK_ID='run_pipeline_2' AIRFLOW_CTX_EXECUTION_DATE='2026-05-28T15:38:11.005838+00:00' AIRFLOW_CTX_TRY_NUMBER='1' AIRFLOW_CTX_DAG_RUN_ID='manual__2026-05-28T15:38:11.005838+00:00'
[2026-05-28T15:38:12.174+0000] {taskinstance.py:430} INFO - ::endgroup::
[2026-05-28T15:38:12.205+0000] {subprocess.py:63} INFO - Tmp dir root location: /tmp
[2026-05-28T15:38:12.207+0000] {subprocess.py:75} INFO - Running command: ['/usr/bin/bash', '-c', 'cd /opt/***/src && python main.py 2']
[2026-05-28T15:38:12.219+0000] {subprocess.py:86} INFO - Output:
[2026-05-28T15:38:17.610+0000] {subprocess.py:93} INFO - Using CPU. Note: This module is much faster with a GPU.
[2026-05-28T15:38:27.882+0000] {subprocess.py:93} INFO - 
[2026-05-28T15:38:27.884+0000] {subprocess.py:93} INFO - ===================================
[2026-05-28T15:38:27.886+0000] {subprocess.py:93} INFO - DATABASE CONNECTION CONFIG
[2026-05-28T15:38:27.888+0000] {subprocess.py:93} INFO - ===================================
[2026-05-28T15:38:27.890+0000] {subprocess.py:93} INFO - DB TYPE   : postgres
[2026-05-28T15:38:27.891+0000] {subprocess.py:93} INFO - HOST      : 15.135.192.199
[2026-05-28T15:38:27.892+0000] {subprocess.py:93} INFO - PORT      : 5432
[2026-05-28T15:38:27.893+0000] {subprocess.py:93} INFO - DATABASE  : metadata_db
[2026-05-28T15:38:27.894+0000] {subprocess.py:93} INFO - USERNAME  : teamuser
[2026-05-28T15:38:27.896+0000] {subprocess.py:93} INFO - ===================================
[2026-05-28T15:38:27.897+0000] {subprocess.py:93} INFO - 
[2026-05-28T15:38:27.898+0000] {subprocess.py:93} INFO - Connected to POSTGRES successfully.
[2026-05-28T15:38:27.899+0000] {subprocess.py:93} INFO - 
[2026-05-28T15:38:27.900+0000] {subprocess.py:93} INFO - Running pipeline: postgres_to_local_pipeline (db_to_storage)
[2026-05-28T15:38:27.901+0000] {subprocess.py:93} INFO - 
[2026-05-28T15:38:27.902+0000] {subprocess.py:93} INFO - ===================================
[2026-05-28T15:38:27.902+0000] {subprocess.py:93} INFO - DATABASE CONNECTION CONFIG
[2026-05-28T15:38:27.903+0000] {subprocess.py:93} INFO - ===================================
[2026-05-28T15:38:27.904+0000] {subprocess.py:93} INFO - DB TYPE   : postgres
[2026-05-28T15:38:27.905+0000] {subprocess.py:93} INFO - HOST      : 15.135.192.199
[2026-05-28T15:38:27.906+0000] {subprocess.py:93} INFO - PORT      : 5432
[2026-05-28T15:38:27.906+0000] {subprocess.py:93} INFO - DATABASE  : udifdb
[2026-05-28T15:38:27.907+0000] {subprocess.py:93} INFO - USERNAME  : teamuser
[2026-05-28T15:38:27.908+0000] {subprocess.py:93} INFO - ===================================
[2026-05-28T15:38:27.909+0000] {subprocess.py:93} INFO - 
[2026-05-28T15:38:27.909+0000] {subprocess.py:93} INFO - Connected to POSTGRES successfully.
[2026-05-28T15:38:27.910+0000] {subprocess.py:93} INFO - Completed: 4653 rows processed
[2026-05-28T15:38:28.835+0000] {subprocess.py:97} INFO - Command exited with return code 0
[2026-05-28T15:38:28.837+0000] {taskinstance.py:441} INFO - ::group::Post task execution logs
[2026-05-28T15:38:28.877+0000] {taskinstance.py:1206} INFO - Marking task as SUCCESS. dag_id=dynamic_metadata_pipeline, task_id=run_pipeline_2, run_id=manual__2026-05-28T15:38:11.005838+00:00, execution_date=20260528T153811, start_date=20260528T153811, end_date=20260528T153828
[2026-05-28T15:38:28.918+0000] {local_task_job_runner.py:240} INFO - Task exited with return code 0
[2026-05-28T15:38:28.955+0000] {taskinstance.py:3498} INFO - 0 downstream tasks scheduled from follow-on schedule check
[2026-05-28T15:38:28.961+0000] {local_task_job_runner.py:222} INFO - ::endgroup::
