[2026-06-04T07:25:03.039+0000] {local_task_job_runner.py:120} INFO - ::group::Pre task execution logs
[2026-06-04T07:25:03.154+0000] {taskinstance.py:2076} INFO - Dependencies all met for dep_context=non-requeueable deps ti=<TaskInstance: postgres_to_s3_pipeline.run_pipeline_1 scheduled__2026-06-04T07:20:00+00:00 [queued]>
[2026-06-04T07:25:03.187+0000] {taskinstance.py:2076} INFO - Dependencies all met for dep_context=requeueable deps ti=<TaskInstance: postgres_to_s3_pipeline.run_pipeline_1 scheduled__2026-06-04T07:20:00+00:00 [queued]>
[2026-06-04T07:25:03.189+0000] {taskinstance.py:2306} INFO - Starting attempt 1 of 2
[2026-06-04T07:25:03.242+0000] {taskinstance.py:2330} INFO - Executing <Task(BashOperator): run_pipeline_1> on 2026-06-04 07:20:00+00:00
[2026-06-04T07:25:03.279+0000] {standard_task_runner.py:90} INFO - Running: ['***', 'tasks', 'run', 'postgres_to_s3_pipeline', 'run_pipeline_1', 'scheduled__2026-06-04T07:20:00+00:00', '--job-id', '309', '--raw', '--subdir', 'DAGS_FOLDER/dynamic_pipeline_generator.py', '--cfg-path', '/tmp/tmp4pi7ogs_']
[2026-06-04T07:25:03.294+0000] {standard_task_runner.py:91} INFO - Job 309: Subtask run_pipeline_1
[2026-06-04T07:25:03.329+0000] {logging_mixin.py:188} WARNING - /home/***/.local/lib/python3.12/site-packages/***/task/task_runner/standard_task_runner.py:61 DeprecationWarning: This process (pid=5831) is multi-threaded, use of fork() may lead to deadlocks in the child.
[2026-06-04T07:25:03.333+0000] {standard_task_runner.py:63} INFO - Started process 5846 to run task
[2026-06-04T07:25:03.545+0000] {task_command.py:426} INFO - Running <TaskInstance: postgres_to_s3_pipeline.run_pipeline_1 scheduled__2026-06-04T07:20:00+00:00 [running]> on host b044b6a9b6bd
[2026-06-04T07:25:03.849+0000] {taskinstance.py:2648} INFO - Exporting env vars: AIRFLOW_CTX_DAG_OWNER='subashri' AIRFLOW_CTX_DAG_ID='postgres_to_s3_pipeline' AIRFLOW_CTX_TASK_ID='run_pipeline_1' AIRFLOW_CTX_EXECUTION_DATE='2026-06-04T07:20:00+00:00' AIRFLOW_CTX_TRY_NUMBER='1' AIRFLOW_CTX_DAG_RUN_ID='scheduled__2026-06-04T07:20:00+00:00'
[2026-06-04T07:25:03.851+0000] {taskinstance.py:430} INFO - ::endgroup::
[2026-06-04T07:25:03.907+0000] {subprocess.py:63} INFO - Tmp dir root location: /tmp
[2026-06-04T07:25:03.911+0000] {subprocess.py:75} INFO - Running command: ['/usr/bin/bash', '-c', 'cd /opt/***/src && python main.py 1']
[2026-06-04T07:25:03.944+0000] {subprocess.py:86} INFO - Output:
[2026-06-04T07:25:17.251+0000] {subprocess.py:93} INFO - 
[2026-06-04T07:25:17.251+0000] {subprocess.py:93} INFO - ===================================
[2026-06-04T07:25:17.252+0000] {subprocess.py:93} INFO - DATABASE CONNECTION CONFIG
[2026-06-04T07:25:17.253+0000] {subprocess.py:93} INFO - ===================================
[2026-06-04T07:25:17.253+0000] {subprocess.py:93} INFO - DB TYPE   : postgres
[2026-06-04T07:25:17.254+0000] {subprocess.py:93} INFO - HOST      : 3.107.8.33
[2026-06-04T07:25:17.254+0000] {subprocess.py:93} INFO - PORT      : 5432
[2026-06-04T07:25:17.255+0000] {subprocess.py:93} INFO - DATABASE  : metadata_db
[2026-06-04T07:25:17.255+0000] {subprocess.py:93} INFO - USERNAME  : teamuser
[2026-06-04T07:25:17.256+0000] {subprocess.py:93} INFO - ===================================
[2026-06-04T07:25:17.256+0000] {subprocess.py:93} INFO - 
[2026-06-04T07:25:17.257+0000] {subprocess.py:93} INFO - Connected to POSTGRES successfully.
[2026-06-04T07:25:17.257+0000] {subprocess.py:93} INFO - 
[2026-06-04T07:25:17.258+0000] {subprocess.py:93} INFO - Running pipeline: postgres_to_s3_pipeline (db_to_storage)
[2026-06-04T07:25:17.258+0000] {subprocess.py:93} INFO - 
[2026-06-04T07:25:17.259+0000] {subprocess.py:93} INFO - ===================================
[2026-06-04T07:25:17.259+0000] {subprocess.py:93} INFO - DATABASE CONNECTION CONFIG
[2026-06-04T07:25:17.260+0000] {subprocess.py:93} INFO - ===================================
[2026-06-04T07:25:17.260+0000] {subprocess.py:93} INFO - DB TYPE   : postgres
[2026-06-04T07:25:17.261+0000] {subprocess.py:93} INFO - HOST      : 3.107.8.33
[2026-06-04T07:25:17.261+0000] {subprocess.py:93} INFO - PORT      : 5432
[2026-06-04T07:25:17.262+0000] {subprocess.py:93} INFO - DATABASE  : udifdb
[2026-06-04T07:25:17.262+0000] {subprocess.py:93} INFO - USERNAME  : teamuser
[2026-06-04T07:25:17.263+0000] {subprocess.py:93} INFO - ===================================
[2026-06-04T07:25:17.264+0000] {subprocess.py:93} INFO - 
[2026-06-04T07:25:17.264+0000] {subprocess.py:93} INFO - Connected to POSTGRES successfully.
[2026-06-04T07:25:17.265+0000] {subprocess.py:93} INFO - Completed: 4653 rows processed
[2026-06-04T07:25:17.450+0000] {subprocess.py:97} INFO - Command exited with return code 0
[2026-06-04T07:25:17.451+0000] {taskinstance.py:441} INFO - ::group::Post task execution logs
[2026-06-04T07:25:17.477+0000] {taskinstance.py:1206} INFO - Marking task as SUCCESS. dag_id=postgres_to_s3_pipeline, task_id=run_pipeline_1, run_id=scheduled__2026-06-04T07:20:00+00:00, execution_date=20260604T072000, start_date=20260604T072503, end_date=20260604T072517
[2026-06-04T07:25:17.528+0000] {local_task_job_runner.py:240} INFO - Task exited with return code 0
[2026-06-04T07:25:17.545+0000] {taskinstance.py:3498} INFO - 0 downstream tasks scheduled from follow-on schedule check
[2026-06-04T07:25:17.548+0000] {local_task_job_runner.py:222} INFO - ::endgroup::
