[2026-06-03T13:45:01.939+0000] {local_task_job_runner.py:120} INFO - ::group::Pre task execution logs
[2026-06-03T13:45:01.975+0000] {taskinstance.py:2076} INFO - Dependencies all met for dep_context=non-requeueable deps ti=<TaskInstance: postgres_to_s3_pipeline.run_pipeline_1 scheduled__2026-06-03T13:40:00+00:00 [queued]>
[2026-06-03T13:45:01.984+0000] {taskinstance.py:2076} INFO - Dependencies all met for dep_context=requeueable deps ti=<TaskInstance: postgres_to_s3_pipeline.run_pipeline_1 scheduled__2026-06-03T13:40:00+00:00 [queued]>
[2026-06-03T13:45:01.985+0000] {taskinstance.py:2306} INFO - Starting attempt 1 of 2
[2026-06-03T13:45:02.002+0000] {taskinstance.py:2330} INFO - Executing <Task(BashOperator): run_pipeline_1> on 2026-06-03 13:40:00+00:00
[2026-06-03T13:45:02.009+0000] {standard_task_runner.py:90} INFO - Running: ['***', 'tasks', 'run', 'postgres_to_s3_pipeline', 'run_pipeline_1', 'scheduled__2026-06-03T13:40:00+00:00', '--job-id', '168', '--raw', '--subdir', 'DAGS_FOLDER/dynamic_pipeline_generator.py', '--cfg-path', '/tmp/tmp0zp7c1vj']
[2026-06-03T13:45:02.013+0000] {standard_task_runner.py:91} INFO - Job 168: Subtask run_pipeline_1
[2026-06-03T13:45:02.013+0000] {logging_mixin.py:188} WARNING - /home/***/.local/lib/python3.12/site-packages/***/task/task_runner/standard_task_runner.py:61 DeprecationWarning: This process (pid=286) is multi-threaded, use of fork() may lead to deadlocks in the child.
[2026-06-03T13:45:02.014+0000] {standard_task_runner.py:63} INFO - Started process 287 to run task
[2026-06-03T13:45:02.069+0000] {task_command.py:426} INFO - Running <TaskInstance: postgres_to_s3_pipeline.run_pipeline_1 scheduled__2026-06-03T13:40:00+00:00 [running]> on host c3bf940c8326
[2026-06-03T13:45:02.158+0000] {taskinstance.py:2648} INFO - Exporting env vars: AIRFLOW_CTX_DAG_OWNER='subashri' AIRFLOW_CTX_DAG_ID='postgres_to_s3_pipeline' AIRFLOW_CTX_TASK_ID='run_pipeline_1' AIRFLOW_CTX_EXECUTION_DATE='2026-06-03T13:40:00+00:00' AIRFLOW_CTX_TRY_NUMBER='1' AIRFLOW_CTX_DAG_RUN_ID='scheduled__2026-06-03T13:40:00+00:00'
[2026-06-03T13:45:02.159+0000] {taskinstance.py:430} INFO - ::endgroup::
[2026-06-03T13:45:02.174+0000] {subprocess.py:63} INFO - Tmp dir root location: /tmp
[2026-06-03T13:45:02.175+0000] {subprocess.py:75} INFO - Running command: ['/usr/bin/bash', '-c', 'cd /opt/***/src && python main.py 1']
[2026-06-03T13:45:02.184+0000] {subprocess.py:86} INFO - Output:
[2026-06-03T13:45:10.091+0000] {subprocess.py:93} INFO - 
[2026-06-03T13:45:10.095+0000] {subprocess.py:93} INFO - ===================================
[2026-06-03T13:45:10.098+0000] {subprocess.py:93} INFO - DATABASE CONNECTION CONFIG
[2026-06-03T13:45:10.099+0000] {subprocess.py:93} INFO - ===================================
[2026-06-03T13:45:10.101+0000] {subprocess.py:93} INFO - DB TYPE   : postgres
[2026-06-03T13:45:10.103+0000] {subprocess.py:93} INFO - HOST      : 3.107.8.33
[2026-06-03T13:45:10.104+0000] {subprocess.py:93} INFO - PORT      : 5432
[2026-06-03T13:45:10.105+0000] {subprocess.py:93} INFO - DATABASE  : metadata_db
[2026-06-03T13:45:10.106+0000] {subprocess.py:93} INFO - USERNAME  : teamuser
[2026-06-03T13:45:10.108+0000] {subprocess.py:93} INFO - ===================================
[2026-06-03T13:45:10.109+0000] {subprocess.py:93} INFO - 
[2026-06-03T13:45:10.111+0000] {subprocess.py:93} INFO - Connected to POSTGRES successfully.
[2026-06-03T13:45:10.112+0000] {subprocess.py:93} INFO - 
[2026-06-03T13:45:10.113+0000] {subprocess.py:93} INFO - Running pipeline: postgres_to_s3_pipeline (db_to_storage)
[2026-06-03T13:45:10.114+0000] {subprocess.py:93} INFO - 
[2026-06-03T13:45:10.115+0000] {subprocess.py:93} INFO - ===================================
[2026-06-03T13:45:10.116+0000] {subprocess.py:93} INFO - DATABASE CONNECTION CONFIG
[2026-06-03T13:45:10.117+0000] {subprocess.py:93} INFO - ===================================
[2026-06-03T13:45:10.117+0000] {subprocess.py:93} INFO - DB TYPE   : postgres
[2026-06-03T13:45:10.118+0000] {subprocess.py:93} INFO - HOST      : 3.107.8.33
[2026-06-03T13:45:10.119+0000] {subprocess.py:93} INFO - PORT      : 5432
[2026-06-03T13:45:10.120+0000] {subprocess.py:93} INFO - DATABASE  : udifdb
[2026-06-03T13:45:10.121+0000] {subprocess.py:93} INFO - USERNAME  : teamuser
[2026-06-03T13:45:10.121+0000] {subprocess.py:93} INFO - ===================================
[2026-06-03T13:45:10.122+0000] {subprocess.py:93} INFO - 
[2026-06-03T13:45:10.123+0000] {subprocess.py:93} INFO - Connected to POSTGRES successfully.
[2026-06-03T13:45:10.123+0000] {subprocess.py:93} INFO - ❌ Failed: (psycopg2.errors.UndefinedTable) relation "emp" does not exist
[2026-06-03T13:45:10.124+0000] {subprocess.py:93} INFO - LINE 1: SELECT * FROM emp
[2026-06-03T13:45:10.125+0000] {subprocess.py:93} INFO -                       ^
[2026-06-03T13:45:10.125+0000] {subprocess.py:93} INFO - 
[2026-06-03T13:45:10.126+0000] {subprocess.py:93} INFO - [SQL: SELECT * FROM emp]
[2026-06-03T13:45:10.127+0000] {subprocess.py:93} INFO - (Background on this error at: https://sqlalche.me/e/14/f405)
[2026-06-03T13:45:10.272+0000] {subprocess.py:97} INFO - Command exited with return code 0
[2026-06-03T13:45:10.273+0000] {taskinstance.py:441} INFO - ::group::Post task execution logs
[2026-06-03T13:45:10.299+0000] {taskinstance.py:1206} INFO - Marking task as SUCCESS. dag_id=postgres_to_s3_pipeline, task_id=run_pipeline_1, run_id=scheduled__2026-06-03T13:40:00+00:00, execution_date=20260603T134000, start_date=20260603T134501, end_date=20260603T134510
[2026-06-03T13:45:10.348+0000] {local_task_job_runner.py:240} INFO - Task exited with return code 0
[2026-06-03T13:45:10.364+0000] {taskinstance.py:3498} INFO - 0 downstream tasks scheduled from follow-on schedule check
[2026-06-03T13:45:10.367+0000] {local_task_job_runner.py:222} INFO - ::endgroup::
