[2026-06-01T09:40:01.882+0000] {local_task_job_runner.py:120} INFO - ::group::Pre task execution logs
[2026-06-01T09:40:01.926+0000] {taskinstance.py:2076} INFO - Dependencies all met for dep_context=non-requeueable deps ti=<TaskInstance: dynamic_metadata_pipeline.run_pipeline_1 scheduled__2026-06-01T09:35:00+00:00 [queued]>
[2026-06-01T09:40:01.940+0000] {taskinstance.py:2076} INFO - Dependencies all met for dep_context=requeueable deps ti=<TaskInstance: dynamic_metadata_pipeline.run_pipeline_1 scheduled__2026-06-01T09:35:00+00:00 [queued]>
[2026-06-01T09:40:01.941+0000] {taskinstance.py:2306} INFO - Starting attempt 1 of 2
[2026-06-01T09:40:01.959+0000] {taskinstance.py:2330} INFO - Executing <Task(BashOperator): run_pipeline_1> on 2026-06-01 09:35:00+00:00
[2026-06-01T09:40:01.970+0000] {standard_task_runner.py:90} INFO - Running: ['***', 'tasks', 'run', 'dynamic_metadata_pipeline', 'run_pipeline_1', 'scheduled__2026-06-01T09:35:00+00:00', '--job-id', '100', '--raw', '--subdir', 'DAGS_FOLDER/dynamic_pipeline_dag.py', '--cfg-path', '/tmp/tmpfe545xtw']
[2026-06-01T09:40:01.974+0000] {standard_task_runner.py:91} INFO - Job 100: Subtask run_pipeline_1
[2026-06-01T09:40:01.974+0000] {logging_mixin.py:188} WARNING - /home/***/.local/lib/python3.12/site-packages/***/task/task_runner/standard_task_runner.py:61 DeprecationWarning: This process (pid=1964) is multi-threaded, use of fork() may lead to deadlocks in the child.
[2026-06-01T09:40:01.975+0000] {standard_task_runner.py:63} INFO - Started process 1968 to run task
[2026-06-01T09:40:02.031+0000] {task_command.py:426} INFO - Running <TaskInstance: dynamic_metadata_pipeline.run_pipeline_1 scheduled__2026-06-01T09:35:00+00:00 [running]> on host 1103cbeaed03
[2026-06-01T09:40:02.139+0000] {taskinstance.py:2648} INFO - Exporting env vars: AIRFLOW_CTX_DAG_OWNER='subashri' AIRFLOW_CTX_DAG_ID='dynamic_metadata_pipeline' AIRFLOW_CTX_TASK_ID='run_pipeline_1' AIRFLOW_CTX_EXECUTION_DATE='2026-06-01T09:35:00+00:00' AIRFLOW_CTX_TRY_NUMBER='1' AIRFLOW_CTX_DAG_RUN_ID='scheduled__2026-06-01T09:35:00+00:00'
[2026-06-01T09:40:02.140+0000] {taskinstance.py:430} INFO - ::endgroup::
[2026-06-01T09:40:02.160+0000] {subprocess.py:63} INFO - Tmp dir root location: /tmp
[2026-06-01T09:40:02.162+0000] {subprocess.py:75} INFO - Running command: ['/usr/bin/bash', '-c', 'cd /opt/***/src && python main.py 1']
[2026-06-01T09:40:02.174+0000] {subprocess.py:86} INFO - Output:
[2026-06-01T09:40:11.233+0000] {subprocess.py:93} INFO - 
[2026-06-01T09:40:11.234+0000] {subprocess.py:93} INFO - ===================================
[2026-06-01T09:40:11.235+0000] {subprocess.py:93} INFO - DATABASE CONNECTION CONFIG
[2026-06-01T09:40:11.235+0000] {subprocess.py:93} INFO - ===================================
[2026-06-01T09:40:11.235+0000] {subprocess.py:93} INFO - DB TYPE   : postgres
[2026-06-01T09:40:11.236+0000] {subprocess.py:93} INFO - HOST      : 3.107.8.33
[2026-06-01T09:40:11.236+0000] {subprocess.py:93} INFO - PORT      : 5432
[2026-06-01T09:40:11.237+0000] {subprocess.py:93} INFO - DATABASE  : metadata_db
[2026-06-01T09:40:11.237+0000] {subprocess.py:93} INFO - USERNAME  : teamuser
[2026-06-01T09:40:11.237+0000] {subprocess.py:93} INFO - ===================================
[2026-06-01T09:40:11.238+0000] {subprocess.py:93} INFO - 
[2026-06-01T09:40:11.238+0000] {subprocess.py:93} INFO - Connected to POSTGRES successfully.
[2026-06-01T09:40:11.238+0000] {subprocess.py:93} INFO - 
[2026-06-01T09:40:11.238+0000] {subprocess.py:93} INFO - Running pipeline: postgres_to_s3_pipeline (db_to_storage)
[2026-06-01T09:40:11.239+0000] {subprocess.py:93} INFO - 
[2026-06-01T09:40:11.239+0000] {subprocess.py:93} INFO - ===================================
[2026-06-01T09:40:11.239+0000] {subprocess.py:93} INFO - DATABASE CONNECTION CONFIG
[2026-06-01T09:40:11.240+0000] {subprocess.py:93} INFO - ===================================
[2026-06-01T09:40:11.240+0000] {subprocess.py:93} INFO - DB TYPE   : postgres
[2026-06-01T09:40:11.240+0000] {subprocess.py:93} INFO - HOST      : 3.107.8.33
[2026-06-01T09:40:11.241+0000] {subprocess.py:93} INFO - PORT      : 5432
[2026-06-01T09:40:11.241+0000] {subprocess.py:93} INFO - DATABASE  : udifdb
[2026-06-01T09:40:11.241+0000] {subprocess.py:93} INFO - USERNAME  : teamuser
[2026-06-01T09:40:11.242+0000] {subprocess.py:93} INFO - ===================================
[2026-06-01T09:40:11.242+0000] {subprocess.py:93} INFO - 
[2026-06-01T09:40:11.242+0000] {subprocess.py:93} INFO - Connected to POSTGRES successfully.
[2026-06-01T09:40:11.242+0000] {subprocess.py:93} INFO - Completed: 4653 rows processed
[2026-06-01T09:40:11.405+0000] {subprocess.py:97} INFO - Command exited with return code 0
[2026-06-01T09:40:11.406+0000] {taskinstance.py:441} INFO - ::group::Post task execution logs
[2026-06-01T09:40:11.430+0000] {taskinstance.py:1206} INFO - Marking task as SUCCESS. dag_id=dynamic_metadata_pipeline, task_id=run_pipeline_1, run_id=scheduled__2026-06-01T09:35:00+00:00, execution_date=20260601T093500, start_date=20260601T094001, end_date=20260601T094011
[2026-06-01T09:40:11.484+0000] {local_task_job_runner.py:240} INFO - Task exited with return code 0
[2026-06-01T09:40:11.496+0000] {taskinstance.py:3498} INFO - 0 downstream tasks scheduled from follow-on schedule check
[2026-06-01T09:40:11.500+0000] {local_task_job_runner.py:222} INFO - ::endgroup::
