[2026-06-18T06:05:02.318+0000] {local_task_job_runner.py:120} INFO - ::group::Pre task execution logs
[2026-06-18T06:05:02.350+0000] {taskinstance.py:2076} INFO - Dependencies all met for dep_context=non-requeueable deps ti=<TaskInstance: postgres_to_postgres_pipeline.run_pipeline_3 scheduled__2026-06-18T06:00:00+00:00 [queued]>
[2026-06-18T06:05:02.360+0000] {taskinstance.py:2076} INFO - Dependencies all met for dep_context=requeueable deps ti=<TaskInstance: postgres_to_postgres_pipeline.run_pipeline_3 scheduled__2026-06-18T06:00:00+00:00 [queued]>
[2026-06-18T06:05:02.362+0000] {taskinstance.py:2306} INFO - Starting attempt 1 of 2
[2026-06-18T06:05:02.378+0000] {taskinstance.py:2330} INFO - Executing <Task(BashOperator): run_pipeline_3> on 2026-06-18 06:00:00+00:00
[2026-06-18T06:05:02.386+0000] {standard_task_runner.py:90} INFO - Running: ['***', 'tasks', 'run', 'postgres_to_postgres_pipeline', 'run_pipeline_3', 'scheduled__2026-06-18T06:00:00+00:00', '--job-id', '349', '--raw', '--subdir', 'DAGS_FOLDER/dynamic_pipeline_generator.py', '--cfg-path', '/tmp/tmp8gfk27ep']
[2026-06-18T06:05:02.390+0000] {standard_task_runner.py:91} INFO - Job 349: Subtask run_pipeline_3
[2026-06-18T06:05:02.390+0000] {logging_mixin.py:188} WARNING - /home/***/.local/lib/python3.12/site-packages/***/task/task_runner/standard_task_runner.py:61 DeprecationWarning: This process (pid=212) is multi-threaded, use of fork() may lead to deadlocks in the child.
[2026-06-18T06:05:02.392+0000] {standard_task_runner.py:63} INFO - Started process 217 to run task
[2026-06-18T06:05:02.493+0000] {task_command.py:426} INFO - Running <TaskInstance: postgres_to_postgres_pipeline.run_pipeline_3 scheduled__2026-06-18T06:00:00+00:00 [running]> on host 8bc76b640680
[2026-06-18T06:05:02.603+0000] {taskinstance.py:2648} INFO - Exporting env vars: AIRFLOW_CTX_DAG_OWNER='subashri' AIRFLOW_CTX_DAG_ID='postgres_to_postgres_pipeline' AIRFLOW_CTX_TASK_ID='run_pipeline_3' AIRFLOW_CTX_EXECUTION_DATE='2026-06-18T06:00:00+00:00' AIRFLOW_CTX_TRY_NUMBER='1' AIRFLOW_CTX_DAG_RUN_ID='scheduled__2026-06-18T06:00:00+00:00'
[2026-06-18T06:05:02.605+0000] {taskinstance.py:430} INFO - ::endgroup::
[2026-06-18T06:05:02.643+0000] {subprocess.py:63} INFO - Tmp dir root location: /tmp
[2026-06-18T06:05:02.646+0000] {subprocess.py:75} INFO - Running command: ['/usr/bin/bash', '-c', 'cd /opt/***/src && python main.py 3']
[2026-06-18T06:05:02.664+0000] {subprocess.py:86} INFO - Output:
[2026-06-18T06:05:22.941+0000] {subprocess.py:93} INFO - 
[2026-06-18T06:05:22.945+0000] {subprocess.py:93} INFO - ===================================
[2026-06-18T06:05:22.948+0000] {subprocess.py:93} INFO - DATABASE CONNECTION CONFIG
[2026-06-18T06:05:22.951+0000] {subprocess.py:93} INFO - ===================================
[2026-06-18T06:05:22.954+0000] {subprocess.py:93} INFO - DB TYPE   : postgres
[2026-06-18T06:05:22.957+0000] {subprocess.py:93} INFO - HOST      : 3.107.8.33
[2026-06-18T06:05:22.959+0000] {subprocess.py:93} INFO - PORT      : 5432
[2026-06-18T06:05:22.962+0000] {subprocess.py:93} INFO - DATABASE  : metadata_db
[2026-06-18T06:05:22.965+0000] {subprocess.py:93} INFO - USERNAME  : teamuser
[2026-06-18T06:05:22.968+0000] {subprocess.py:93} INFO - ===================================
[2026-06-18T06:05:22.970+0000] {subprocess.py:93} INFO - 
[2026-06-18T06:05:22.972+0000] {subprocess.py:93} INFO - Connected to POSTGRES successfully.
[2026-06-18T06:05:22.974+0000] {subprocess.py:93} INFO - 
[2026-06-18T06:05:22.975+0000] {subprocess.py:93} INFO - Running pipeline: postgres_to_postgres_pipeline (db_to_db)
[2026-06-18T06:05:22.976+0000] {subprocess.py:93} INFO - 
[2026-06-18T06:05:22.978+0000] {subprocess.py:93} INFO - ===================================
[2026-06-18T06:05:22.979+0000] {subprocess.py:93} INFO - DATABASE CONNECTION CONFIG
[2026-06-18T06:05:22.980+0000] {subprocess.py:93} INFO - ===================================
[2026-06-18T06:05:22.981+0000] {subprocess.py:93} INFO - DB TYPE   : postgres
[2026-06-18T06:05:22.982+0000] {subprocess.py:93} INFO - HOST      : 3.107.8.33
[2026-06-18T06:05:22.983+0000] {subprocess.py:93} INFO - PORT      : 5432
[2026-06-18T06:05:22.984+0000] {subprocess.py:93} INFO - DATABASE  : udifdb
[2026-06-18T06:05:22.985+0000] {subprocess.py:93} INFO - USERNAME  : teamuser
[2026-06-18T06:05:22.986+0000] {subprocess.py:93} INFO - ===================================
[2026-06-18T06:05:22.987+0000] {subprocess.py:93} INFO - 
[2026-06-18T06:05:22.987+0000] {subprocess.py:93} INFO - Connected to POSTGRES successfully.
[2026-06-18T06:05:22.988+0000] {subprocess.py:93} INFO - Completed: 4653 rows processed
[2026-06-18T06:05:23.143+0000] {subprocess.py:97} INFO - Command exited with return code 0
[2026-06-18T06:05:23.155+0000] {taskinstance.py:441} INFO - ::group::Post task execution logs
[2026-06-18T06:05:23.206+0000] {taskinstance.py:1206} INFO - Marking task as SUCCESS. dag_id=postgres_to_postgres_pipeline, task_id=run_pipeline_3, run_id=scheduled__2026-06-18T06:00:00+00:00, execution_date=20260618T060000, start_date=20260618T060502, end_date=20260618T060523
[2026-06-18T06:05:23.278+0000] {local_task_job_runner.py:240} INFO - Task exited with return code 0
[2026-06-18T06:05:23.318+0000] {taskinstance.py:3498} INFO - 0 downstream tasks scheduled from follow-on schedule check
[2026-06-18T06:05:23.322+0000] {local_task_job_runner.py:222} INFO - ::endgroup::
