[2026-06-03T16:47:16.779+0000] {local_task_job_runner.py:120} INFO - ::group::Pre task execution logs
[2026-06-03T16:47:16.861+0000] {taskinstance.py:2076} INFO - Dependencies all met for dep_context=non-requeueable deps ti=<TaskInstance: postgres_to_s3_pipeline.run_pipeline_1 scheduled__2026-06-03T16:40:00+00:00 [queued]>
[2026-06-03T16:47:16.880+0000] {taskinstance.py:2076} INFO - Dependencies all met for dep_context=requeueable deps ti=<TaskInstance: postgres_to_s3_pipeline.run_pipeline_1 scheduled__2026-06-03T16:40:00+00:00 [queued]>
[2026-06-03T16:47:16.881+0000] {taskinstance.py:2306} INFO - Starting attempt 1 of 2
[2026-06-03T16:47:16.912+0000] {taskinstance.py:2330} INFO - Executing <Task(BashOperator): run_pipeline_1> on 2026-06-03 16:40:00+00:00
[2026-06-03T16:47:16.921+0000] {standard_task_runner.py:90} INFO - Running: ['***', 'tasks', 'run', 'postgres_to_s3_pipeline', 'run_pipeline_1', 'scheduled__2026-06-03T16:40:00+00:00', '--job-id', '188', '--raw', '--subdir', 'DAGS_FOLDER/dynamic_pipeline_generator.py', '--cfg-path', '/tmp/tmp3w5y8n4z']
[2026-06-03T16:47:16.926+0000] {standard_task_runner.py:91} INFO - Job 188: Subtask run_pipeline_1
[2026-06-03T16:47:16.928+0000] {logging_mixin.py:188} WARNING - /home/***/.local/lib/python3.12/site-packages/***/task/task_runner/standard_task_runner.py:61 DeprecationWarning: This process (pid=1451) is multi-threaded, use of fork() may lead to deadlocks in the child.
[2026-06-03T16:47:16.929+0000] {standard_task_runner.py:63} INFO - Started process 1454 to run task
[2026-06-03T16:47:16.993+0000] {task_command.py:426} INFO - Running <TaskInstance: postgres_to_s3_pipeline.run_pipeline_1 scheduled__2026-06-03T16:40:00+00:00 [running]> on host 6efe7055fb80
[2026-06-03T16:47:17.125+0000] {taskinstance.py:2648} INFO - Exporting env vars: AIRFLOW_CTX_DAG_OWNER='subashri' AIRFLOW_CTX_DAG_ID='postgres_to_s3_pipeline' AIRFLOW_CTX_TASK_ID='run_pipeline_1' AIRFLOW_CTX_EXECUTION_DATE='2026-06-03T16:40:00+00:00' AIRFLOW_CTX_TRY_NUMBER='1' AIRFLOW_CTX_DAG_RUN_ID='scheduled__2026-06-03T16:40:00+00:00'
[2026-06-03T16:47:17.126+0000] {taskinstance.py:430} INFO - ::endgroup::
[2026-06-03T16:47:17.156+0000] {subprocess.py:63} INFO - Tmp dir root location: /tmp
[2026-06-03T16:47:17.161+0000] {subprocess.py:75} INFO - Running command: ['/usr/bin/bash', '-c', 'cd /opt/***/src && python main.py 1']
[2026-06-03T16:47:17.183+0000] {subprocess.py:86} INFO - Output:
[2026-06-03T16:47:29.420+0000] {subprocess.py:93} INFO - 
[2026-06-03T16:47:29.421+0000] {subprocess.py:93} INFO - ===================================
[2026-06-03T16:47:29.421+0000] {subprocess.py:93} INFO - DATABASE CONNECTION CONFIG
[2026-06-03T16:47:29.422+0000] {subprocess.py:93} INFO - ===================================
[2026-06-03T16:47:29.423+0000] {subprocess.py:93} INFO - DB TYPE   : postgres
[2026-06-03T16:47:29.423+0000] {subprocess.py:93} INFO - HOST      : 3.107.8.33
[2026-06-03T16:47:29.424+0000] {subprocess.py:93} INFO - PORT      : 5432
[2026-06-03T16:47:29.425+0000] {subprocess.py:93} INFO - DATABASE  : metadata_db
[2026-06-03T16:47:29.425+0000] {subprocess.py:93} INFO - USERNAME  : teamuser
[2026-06-03T16:47:29.426+0000] {subprocess.py:93} INFO - ===================================
[2026-06-03T16:47:29.427+0000] {subprocess.py:93} INFO - 
[2026-06-03T16:47:29.427+0000] {subprocess.py:93} INFO - Connected to POSTGRES successfully.
[2026-06-03T16:47:29.428+0000] {subprocess.py:93} INFO - 
[2026-06-03T16:47:29.429+0000] {subprocess.py:93} INFO - Running pipeline: postgres_to_s3_pipeline (db_to_storage)
[2026-06-03T16:47:29.430+0000] {subprocess.py:93} INFO - 
[2026-06-03T16:47:29.430+0000] {subprocess.py:93} INFO - ===================================
[2026-06-03T16:47:29.432+0000] {subprocess.py:93} INFO - DATABASE CONNECTION CONFIG
[2026-06-03T16:47:29.432+0000] {subprocess.py:93} INFO - ===================================
[2026-06-03T16:47:29.433+0000] {subprocess.py:93} INFO - DB TYPE   : postgres
[2026-06-03T16:47:29.434+0000] {subprocess.py:93} INFO - HOST      : 3.107.8.33
[2026-06-03T16:47:29.435+0000] {subprocess.py:93} INFO - PORT      : 5432
[2026-06-03T16:47:29.436+0000] {subprocess.py:93} INFO - DATABASE  : udifdb
[2026-06-03T16:47:29.437+0000] {subprocess.py:93} INFO - USERNAME  : teamuser
[2026-06-03T16:47:29.438+0000] {subprocess.py:93} INFO - ===================================
[2026-06-03T16:47:29.439+0000] {subprocess.py:93} INFO - 
[2026-06-03T16:47:29.439+0000] {subprocess.py:93} INFO - Connected to POSTGRES successfully.
[2026-06-03T16:47:29.440+0000] {subprocess.py:93} INFO - Completed: 4653 rows processed
[2026-06-03T16:47:29.662+0000] {subprocess.py:97} INFO - Command exited with return code 0
[2026-06-03T16:47:29.664+0000] {taskinstance.py:441} INFO - ::group::Post task execution logs
[2026-06-03T16:47:29.703+0000] {taskinstance.py:1206} INFO - Marking task as SUCCESS. dag_id=postgres_to_s3_pipeline, task_id=run_pipeline_1, run_id=scheduled__2026-06-03T16:40:00+00:00, execution_date=20260603T164000, start_date=20260603T164716, end_date=20260603T164729
[2026-06-03T16:47:29.753+0000] {local_task_job_runner.py:240} INFO - Task exited with return code 0
[2026-06-03T16:47:29.783+0000] {local_task_job_runner.py:222} INFO - ::endgroup::
