[2026-06-02T06:09:50.638+0000] {local_task_job_runner.py:120} INFO - ::group::Pre task execution logs
[2026-06-02T06:09:50.686+0000] {taskinstance.py:2076} INFO - Dependencies all met for dep_context=non-requeueable deps ti=<TaskInstance: dynamic_metadata_pipeline.run_pipeline_3 manual__2026-06-02T06:09:48.055280+00:00 [queued]>
[2026-06-02T06:09:50.700+0000] {taskinstance.py:2076} INFO - Dependencies all met for dep_context=requeueable deps ti=<TaskInstance: dynamic_metadata_pipeline.run_pipeline_3 manual__2026-06-02T06:09:48.055280+00:00 [queued]>
[2026-06-02T06:09:50.703+0000] {taskinstance.py:2306} INFO - Starting attempt 1 of 2
[2026-06-02T06:09:50.724+0000] {taskinstance.py:2330} INFO - Executing <Task(BashOperator): run_pipeline_3> on 2026-06-02 06:09:48.055280+00:00
[2026-06-02T06:09:50.735+0000] {standard_task_runner.py:90} INFO - Running: ['***', 'tasks', 'run', 'dynamic_metadata_pipeline', 'run_pipeline_3', 'manual__2026-06-02T06:09:48.055280+00:00', '--job-id', '113', '--raw', '--subdir', 'DAGS_FOLDER/dynamic_pipeline_dag.py', '--cfg-path', '/tmp/tmp6rfbjspk']
[2026-06-02T06:09:50.739+0000] {logging_mixin.py:188} WARNING - /home/***/.local/lib/python3.12/site-packages/***/task/task_runner/standard_task_runner.py:61 DeprecationWarning: This process (pid=693) is multi-threaded, use of fork() may lead to deadlocks in the child.
[2026-06-02T06:09:50.742+0000] {standard_task_runner.py:91} INFO - Job 113: Subtask run_pipeline_3
[2026-06-02T06:09:50.743+0000] {standard_task_runner.py:63} INFO - Started process 703 to run task
[2026-06-02T06:09:50.868+0000] {task_command.py:426} INFO - Running <TaskInstance: dynamic_metadata_pipeline.run_pipeline_3 manual__2026-06-02T06:09:48.055280+00:00 [running]> on host ed8eb290981b
[2026-06-02T06:09:50.997+0000] {taskinstance.py:2648} INFO - Exporting env vars: AIRFLOW_CTX_DAG_OWNER='subashri' AIRFLOW_CTX_DAG_ID='dynamic_metadata_pipeline' AIRFLOW_CTX_TASK_ID='run_pipeline_3' AIRFLOW_CTX_EXECUTION_DATE='2026-06-02T06:09:48.055280+00:00' AIRFLOW_CTX_TRY_NUMBER='1' AIRFLOW_CTX_DAG_RUN_ID='manual__2026-06-02T06:09:48.055280+00:00'
[2026-06-02T06:09:50.998+0000] {taskinstance.py:430} INFO - ::endgroup::
[2026-06-02T06:09:51.019+0000] {subprocess.py:63} INFO - Tmp dir root location: /tmp
[2026-06-02T06:09:51.021+0000] {subprocess.py:75} INFO - Running command: ['/usr/bin/bash', '-c', 'cd /opt/***/src && python main.py 3']
[2026-06-02T06:09:51.034+0000] {subprocess.py:86} INFO - Output:
[2026-06-02T06:10:07.300+0000] {subprocess.py:93} INFO - 
[2026-06-02T06:10:07.302+0000] {subprocess.py:93} INFO - ===================================
[2026-06-02T06:10:07.309+0000] {subprocess.py:93} INFO - DATABASE CONNECTION CONFIG
[2026-06-02T06:10:07.311+0000] {subprocess.py:93} INFO - ===================================
[2026-06-02T06:10:07.316+0000] {subprocess.py:93} INFO - DB TYPE   : postgres
[2026-06-02T06:10:07.317+0000] {subprocess.py:93} INFO - HOST      : 3.107.8.33
[2026-06-02T06:10:07.329+0000] {subprocess.py:93} INFO - PORT      : 5432
[2026-06-02T06:10:07.330+0000] {subprocess.py:93} INFO - DATABASE  : metadata_db
[2026-06-02T06:10:07.331+0000] {subprocess.py:93} INFO - USERNAME  : teamuser
[2026-06-02T06:10:07.332+0000] {subprocess.py:93} INFO - ===================================
[2026-06-02T06:10:07.332+0000] {subprocess.py:93} INFO - 
[2026-06-02T06:10:07.333+0000] {subprocess.py:93} INFO - Connected to POSTGRES successfully.
[2026-06-02T06:10:07.334+0000] {subprocess.py:93} INFO - 
[2026-06-02T06:10:07.334+0000] {subprocess.py:93} INFO - Running pipeline: postgres_to_postgres_pipeline (db_to_db)
[2026-06-02T06:10:07.335+0000] {subprocess.py:93} INFO - 
[2026-06-02T06:10:07.336+0000] {subprocess.py:93} INFO - ===================================
[2026-06-02T06:10:07.336+0000] {subprocess.py:93} INFO - DATABASE CONNECTION CONFIG
[2026-06-02T06:10:07.337+0000] {subprocess.py:93} INFO - ===================================
[2026-06-02T06:10:07.338+0000] {subprocess.py:93} INFO - DB TYPE   : postgres
[2026-06-02T06:10:07.338+0000] {subprocess.py:93} INFO - HOST      : 3.107.8.33
[2026-06-02T06:10:07.339+0000] {subprocess.py:93} INFO - PORT      : 5432
[2026-06-02T06:10:07.340+0000] {subprocess.py:93} INFO - DATABASE  : udifdb
[2026-06-02T06:10:07.340+0000] {subprocess.py:93} INFO - USERNAME  : teamuser
[2026-06-02T06:10:07.341+0000] {subprocess.py:93} INFO - ===================================
[2026-06-02T06:10:07.342+0000] {subprocess.py:93} INFO - 
[2026-06-02T06:10:07.342+0000] {subprocess.py:93} INFO - Connected to POSTGRES successfully.
[2026-06-02T06:10:07.343+0000] {subprocess.py:93} INFO - Completed: 4653 rows processed
[2026-06-02T06:10:07.546+0000] {subprocess.py:97} INFO - Command exited with return code 0
[2026-06-02T06:10:07.548+0000] {taskinstance.py:441} INFO - ::group::Post task execution logs
[2026-06-02T06:10:07.586+0000] {taskinstance.py:1206} INFO - Marking task as SUCCESS. dag_id=dynamic_metadata_pipeline, task_id=run_pipeline_3, run_id=manual__2026-06-02T06:09:48.055280+00:00, execution_date=20260602T060948, start_date=20260602T060950, end_date=20260602T061007
[2026-06-02T06:10:07.647+0000] {local_task_job_runner.py:240} INFO - Task exited with return code 0
[2026-06-02T06:10:07.666+0000] {taskinstance.py:3498} INFO - 0 downstream tasks scheduled from follow-on schedule check
[2026-06-02T06:10:07.669+0000] {local_task_job_runner.py:222} INFO - ::endgroup::
