[2026-06-03T13:20:14.869+0000] {local_task_job_runner.py:120} INFO - ::group::Pre task execution logs
[2026-06-03T13:20:14.911+0000] {taskinstance.py:2076} INFO - Dependencies all met for dep_context=non-requeueable deps ti=<TaskInstance: dynamic_metadata_pipeline.run_pipeline_4 manual__2026-06-03T13:20:12.539006+00:00 [queued]>
[2026-06-03T13:20:14.923+0000] {taskinstance.py:2076} INFO - Dependencies all met for dep_context=requeueable deps ti=<TaskInstance: dynamic_metadata_pipeline.run_pipeline_4 manual__2026-06-03T13:20:12.539006+00:00 [queued]>
[2026-06-03T13:20:14.924+0000] {taskinstance.py:2306} INFO - Starting attempt 1 of 2
[2026-06-03T13:20:14.942+0000] {taskinstance.py:2330} INFO - Executing <Task(BashOperator): run_pipeline_4> on 2026-06-03 13:20:12.539006+00:00
[2026-06-03T13:20:14.952+0000] {logging_mixin.py:188} WARNING - /home/***/.local/lib/python3.12/site-packages/***/task/task_runner/standard_task_runner.py:61 DeprecationWarning: This process (pid=2714) is multi-threaded, use of fork() may lead to deadlocks in the child.
[2026-06-03T13:20:14.951+0000] {standard_task_runner.py:90} INFO - Running: ['***', 'tasks', 'run', 'dynamic_metadata_pipeline', 'run_pipeline_4', 'manual__2026-06-03T13:20:12.539006+00:00', '--job-id', '162', '--raw', '--subdir', 'DAGS_FOLDER/dynamic_pipeline_dag.py', '--cfg-path', '/tmp/tmp5v5dviho']
[2026-06-03T13:20:14.956+0000] {standard_task_runner.py:91} INFO - Job 162: Subtask run_pipeline_4
[2026-06-03T13:20:14.954+0000] {standard_task_runner.py:63} INFO - Started process 2722 to run task
[2026-06-03T13:20:15.014+0000] {task_command.py:426} INFO - Running <TaskInstance: dynamic_metadata_pipeline.run_pipeline_4 manual__2026-06-03T13:20:12.539006+00:00 [running]> on host c3bf940c8326
[2026-06-03T13:20:15.125+0000] {taskinstance.py:2648} INFO - Exporting env vars: AIRFLOW_CTX_DAG_OWNER='subashri' AIRFLOW_CTX_DAG_ID='dynamic_metadata_pipeline' AIRFLOW_CTX_TASK_ID='run_pipeline_4' AIRFLOW_CTX_EXECUTION_DATE='2026-06-03T13:20:12.539006+00:00' AIRFLOW_CTX_TRY_NUMBER='1' AIRFLOW_CTX_DAG_RUN_ID='manual__2026-06-03T13:20:12.539006+00:00'
[2026-06-03T13:20:15.126+0000] {taskinstance.py:430} INFO - ::endgroup::
[2026-06-03T13:20:15.148+0000] {subprocess.py:63} INFO - Tmp dir root location: /tmp
[2026-06-03T13:20:15.149+0000] {subprocess.py:75} INFO - Running command: ['/usr/bin/bash', '-c', 'cd /opt/***/src && python main.py 4']
[2026-06-03T13:20:15.161+0000] {subprocess.py:86} INFO - Output:
[2026-06-03T13:20:23.327+0000] {subprocess.py:93} INFO - Using CPU. Note: This module is much faster with a GPU.
[2026-06-03T13:20:55.372+0000] {subprocess.py:93} INFO - /home/***/.local/lib/python3.12/site-packages/torch/utils/data/dataloader.py:752: UserWarning: 'pin_memory' argument is set as true but no accelerator is found, then device pinned memory won't be used.
[2026-06-03T13:20:55.374+0000] {subprocess.py:93} INFO -   super().__init__(loader)
[2026-06-03T13:21:32.434+0000] {subprocess.py:93} INFO - 
[2026-06-03T13:21:32.438+0000] {subprocess.py:93} INFO - ===================================
[2026-06-03T13:21:32.442+0000] {subprocess.py:93} INFO - DATABASE CONNECTION CONFIG
[2026-06-03T13:21:32.444+0000] {subprocess.py:93} INFO - ===================================
[2026-06-03T13:21:32.446+0000] {subprocess.py:93} INFO - DB TYPE   : postgres
[2026-06-03T13:21:32.449+0000] {subprocess.py:93} INFO - HOST      : 3.107.8.33
[2026-06-03T13:21:32.451+0000] {subprocess.py:93} INFO - PORT      : 5432
[2026-06-03T13:21:32.454+0000] {subprocess.py:93} INFO - DATABASE  : metadata_db
[2026-06-03T13:21:32.456+0000] {subprocess.py:93} INFO - USERNAME  : teamuser
[2026-06-03T13:21:32.459+0000] {subprocess.py:93} INFO - ===================================
[2026-06-03T13:21:32.461+0000] {subprocess.py:93} INFO - 
[2026-06-03T13:21:32.463+0000] {subprocess.py:93} INFO - Connected to POSTGRES successfully.
[2026-06-03T13:21:32.464+0000] {subprocess.py:93} INFO - 
[2026-06-03T13:21:32.466+0000] {subprocess.py:93} INFO - Running pipeline: local_to_postgres_pipeline (storage_to_db)
[2026-06-03T13:21:32.467+0000] {subprocess.py:93} INFO - Loading table: customer (2 rows)
[2026-06-03T13:21:32.468+0000] {subprocess.py:93} INFO - Loading table: data pic1 (91 rows)
[2026-06-03T13:21:32.470+0000] {subprocess.py:93} INFO - Loading table: employee (20 rows)
[2026-06-03T13:21:32.471+0000] {subprocess.py:93} INFO - Loading table: employee_data (100 rows)
[2026-06-03T13:21:32.472+0000] {subprocess.py:93} INFO - Loading table: sample (2 rows)
[2026-06-03T13:21:32.473+0000] {subprocess.py:93} INFO - Loading table: word (12 rows)
[2026-06-03T13:21:32.475+0000] {subprocess.py:93} INFO - Processed total rows: 227
[2026-06-03T13:21:32.476+0000] {subprocess.py:93} INFO - Completed: 227 rows processed
[2026-06-03T13:21:33.411+0000] {subprocess.py:97} INFO - Command exited with return code 0
[2026-06-03T13:21:33.412+0000] {taskinstance.py:441} INFO - ::group::Post task execution logs
[2026-06-03T13:21:33.435+0000] {taskinstance.py:1206} INFO - Marking task as SUCCESS. dag_id=dynamic_metadata_pipeline, task_id=run_pipeline_4, run_id=manual__2026-06-03T13:20:12.539006+00:00, execution_date=20260603T132012, start_date=20260603T132014, end_date=20260603T132133
[2026-06-03T13:21:33.460+0000] {local_task_job_runner.py:240} INFO - Task exited with return code 0
[2026-06-03T13:21:33.481+0000] {taskinstance.py:3498} INFO - 0 downstream tasks scheduled from follow-on schedule check
[2026-06-03T13:21:33.483+0000] {local_task_job_runner.py:222} INFO - ::endgroup::
