[2026-06-03T11:24:11.973+0000] {local_task_job_runner.py:120} INFO - ::group::Pre task execution logs
[2026-06-03T11:24:12.065+0000] {taskinstance.py:2076} INFO - Dependencies all met for dep_context=non-requeueable deps ti=<TaskInstance: dynamic_metadata_pipeline.run_pipeline_3 manual__2026-06-03T11:24:07.562700+00:00 [queued]>
[2026-06-03T11:24:12.104+0000] {taskinstance.py:2076} INFO - Dependencies all met for dep_context=requeueable deps ti=<TaskInstance: dynamic_metadata_pipeline.run_pipeline_3 manual__2026-06-03T11:24:07.562700+00:00 [queued]>
[2026-06-03T11:24:12.105+0000] {taskinstance.py:2306} INFO - Starting attempt 1 of 2
[2026-06-03T11:24:12.140+0000] {taskinstance.py:2330} INFO - Executing <Task(BashOperator): run_pipeline_3> on 2026-06-03 11:24:07.562700+00:00
[2026-06-03T11:24:12.153+0000] {standard_task_runner.py:90} INFO - Running: ['***', 'tasks', 'run', 'dynamic_metadata_pipeline', 'run_pipeline_3', 'manual__2026-06-03T11:24:07.562700+00:00', '--job-id', '134', '--raw', '--subdir', 'DAGS_FOLDER/dynamic_pipeline_dag.py', '--cfg-path', '/tmp/tmp7y3egz7u']
[2026-06-03T11:24:12.162+0000] {standard_task_runner.py:91} INFO - Job 134: Subtask run_pipeline_3
[2026-06-03T11:24:12.163+0000] {logging_mixin.py:188} WARNING - /home/***/.local/lib/python3.12/site-packages/***/task/task_runner/standard_task_runner.py:61 DeprecationWarning: This process (pid=1194) is multi-threaded, use of fork() may lead to deadlocks in the child.
[2026-06-03T11:24:12.164+0000] {standard_task_runner.py:63} INFO - Started process 1198 to run task
[2026-06-03T11:24:12.240+0000] {task_command.py:426} INFO - Running <TaskInstance: dynamic_metadata_pipeline.run_pipeline_3 manual__2026-06-03T11:24:07.562700+00:00 [running]> on host c3bf940c8326
[2026-06-03T11:24:12.403+0000] {taskinstance.py:2648} INFO - Exporting env vars: AIRFLOW_CTX_DAG_OWNER='subashri' AIRFLOW_CTX_DAG_ID='dynamic_metadata_pipeline' AIRFLOW_CTX_TASK_ID='run_pipeline_3' AIRFLOW_CTX_EXECUTION_DATE='2026-06-03T11:24:07.562700+00:00' AIRFLOW_CTX_TRY_NUMBER='1' AIRFLOW_CTX_DAG_RUN_ID='manual__2026-06-03T11:24:07.562700+00:00'
[2026-06-03T11:24:12.405+0000] {taskinstance.py:430} INFO - ::endgroup::
[2026-06-03T11:24:12.446+0000] {subprocess.py:63} INFO - Tmp dir root location: /tmp
[2026-06-03T11:24:12.448+0000] {subprocess.py:75} INFO - Running command: ['/usr/bin/bash', '-c', 'cd /opt/***/src && python main.py 3']
[2026-06-03T11:24:12.466+0000] {subprocess.py:86} INFO - Output:
[2026-06-03T11:24:27.832+0000] {subprocess.py:93} INFO - 
[2026-06-03T11:24:27.876+0000] {subprocess.py:93} INFO - ===================================
[2026-06-03T11:24:27.901+0000] {subprocess.py:93} INFO - DATABASE CONNECTION CONFIG
[2026-06-03T11:24:28.002+0000] {subprocess.py:93} INFO - ===================================
[2026-06-03T11:24:28.097+0000] {subprocess.py:93} INFO - DB TYPE   : postgres
[2026-06-03T11:24:28.121+0000] {subprocess.py:93} INFO - HOST      : 3.107.8.33
[2026-06-03T11:24:28.136+0000] {subprocess.py:93} INFO - PORT      : 5432
[2026-06-03T11:24:28.171+0000] {subprocess.py:93} INFO - DATABASE  : metadata_db
[2026-06-03T11:24:28.188+0000] {subprocess.py:93} INFO - USERNAME  : teamuser
[2026-06-03T11:24:28.206+0000] {subprocess.py:93} INFO - ===================================
[2026-06-03T11:24:28.222+0000] {subprocess.py:93} INFO - 
[2026-06-03T11:24:28.229+0000] {subprocess.py:93} INFO - Connected to POSTGRES successfully.
[2026-06-03T11:24:28.253+0000] {subprocess.py:93} INFO - 
[2026-06-03T11:24:28.269+0000] {subprocess.py:93} INFO - Running pipeline: postgres_to_postgres_pipeline (db_to_db)
[2026-06-03T11:24:28.274+0000] {subprocess.py:93} INFO - 
[2026-06-03T11:24:28.288+0000] {subprocess.py:93} INFO - ===================================
[2026-06-03T11:24:28.306+0000] {subprocess.py:93} INFO - DATABASE CONNECTION CONFIG
[2026-06-03T11:24:28.312+0000] {subprocess.py:93} INFO - ===================================
[2026-06-03T11:24:28.328+0000] {subprocess.py:93} INFO - DB TYPE   : postgres
[2026-06-03T11:24:28.335+0000] {subprocess.py:93} INFO - HOST      : 3.107.8.33
[2026-06-03T11:24:28.341+0000] {subprocess.py:93} INFO - PORT      : 5432
[2026-06-03T11:24:28.361+0000] {subprocess.py:93} INFO - DATABASE  : udifdb
[2026-06-03T11:24:28.381+0000] {subprocess.py:93} INFO - USERNAME  : teamuser
[2026-06-03T11:24:28.401+0000] {subprocess.py:93} INFO - ===================================
[2026-06-03T11:24:28.418+0000] {subprocess.py:93} INFO - 
[2026-06-03T11:24:28.437+0000] {subprocess.py:93} INFO - Connected to POSTGRES successfully.
[2026-06-03T11:24:28.490+0000] {subprocess.py:93} INFO - Completed: 4653 rows processed
[2026-06-03T11:24:29.385+0000] {subprocess.py:97} INFO - Command exited with return code 0
[2026-06-03T11:24:29.390+0000] {taskinstance.py:441} INFO - ::group::Post task execution logs
[2026-06-03T11:24:29.445+0000] {taskinstance.py:1206} INFO - Marking task as SUCCESS. dag_id=dynamic_metadata_pipeline, task_id=run_pipeline_3, run_id=manual__2026-06-03T11:24:07.562700+00:00, execution_date=20260603T112407, start_date=20260603T112412, end_date=20260603T112429
[2026-06-03T11:24:29.500+0000] {local_task_job_runner.py:240} INFO - Task exited with return code 0
[2026-06-03T11:24:29.526+0000] {taskinstance.py:3498} INFO - 0 downstream tasks scheduled from follow-on schedule check
[2026-06-03T11:24:29.531+0000] {local_task_job_runner.py:222} INFO - ::endgroup::
