[2026-06-04T06:55:04.903+0000] {local_task_job_runner.py:120} INFO - ::group::Pre task execution logs
[2026-06-04T06:55:05.062+0000] {taskinstance.py:2076} INFO - Dependencies all met for dep_context=non-requeueable deps ti=<TaskInstance: postgres_to_s3_pipeline.run_pipeline_1 scheduled__2026-06-04T06:50:00+00:00 [queued]>
[2026-06-04T06:55:05.099+0000] {taskinstance.py:2076} INFO - Dependencies all met for dep_context=requeueable deps ti=<TaskInstance: postgres_to_s3_pipeline.run_pipeline_1 scheduled__2026-06-04T06:50:00+00:00 [queued]>
[2026-06-04T06:55:05.101+0000] {taskinstance.py:2306} INFO - Starting attempt 1 of 2
[2026-06-04T06:55:05.172+0000] {taskinstance.py:2330} INFO - Executing <Task(BashOperator): run_pipeline_1> on 2026-06-04 06:50:00+00:00
[2026-06-04T06:55:05.249+0000] {standard_task_runner.py:90} INFO - Running: ['***', 'tasks', 'run', 'postgres_to_s3_pipeline', 'run_pipeline_1', 'scheduled__2026-06-04T06:50:00+00:00', '--job-id', '267', '--raw', '--subdir', 'DAGS_FOLDER/dynamic_pipeline_generator.py', '--cfg-path', '/tmp/tmpcwwrpi0a']
[2026-06-04T06:55:05.260+0000] {standard_task_runner.py:91} INFO - Job 267: Subtask run_pipeline_1
[2026-06-04T06:55:05.327+0000] {logging_mixin.py:188} WARNING - /home/***/.local/lib/python3.12/site-packages/***/task/task_runner/standard_task_runner.py:61 DeprecationWarning: This process (pid=4601) is multi-threaded, use of fork() may lead to deadlocks in the child.
[2026-06-04T06:55:05.333+0000] {standard_task_runner.py:63} INFO - Started process 4609 to run task
[2026-06-04T06:55:05.490+0000] {task_command.py:426} INFO - Running <TaskInstance: postgres_to_s3_pipeline.run_pipeline_1 scheduled__2026-06-04T06:50:00+00:00 [running]> on host b044b6a9b6bd
[2026-06-04T06:55:05.902+0000] {taskinstance.py:2648} INFO - Exporting env vars: AIRFLOW_CTX_DAG_OWNER='subashri' AIRFLOW_CTX_DAG_ID='postgres_to_s3_pipeline' AIRFLOW_CTX_TASK_ID='run_pipeline_1' AIRFLOW_CTX_EXECUTION_DATE='2026-06-04T06:50:00+00:00' AIRFLOW_CTX_TRY_NUMBER='1' AIRFLOW_CTX_DAG_RUN_ID='scheduled__2026-06-04T06:50:00+00:00'
[2026-06-04T06:55:05.909+0000] {taskinstance.py:430} INFO - ::endgroup::
[2026-06-04T06:55:06.113+0000] {subprocess.py:63} INFO - Tmp dir root location: /tmp
[2026-06-04T06:55:06.123+0000] {subprocess.py:75} INFO - Running command: ['/usr/bin/bash', '-c', 'cd /opt/***/src && python main.py 1']
[2026-06-04T06:55:06.328+0000] {subprocess.py:86} INFO - Output:
[2026-06-04T06:55:25.772+0000] {subprocess.py:93} INFO - 
[2026-06-04T06:55:25.773+0000] {subprocess.py:93} INFO - ===================================
[2026-06-04T06:55:25.775+0000] {subprocess.py:93} INFO - DATABASE CONNECTION CONFIG
[2026-06-04T06:55:25.777+0000] {subprocess.py:93} INFO - ===================================
[2026-06-04T06:55:25.780+0000] {subprocess.py:93} INFO - DB TYPE   : postgres
[2026-06-04T06:55:25.781+0000] {subprocess.py:93} INFO - HOST      : 3.107.8.33
[2026-06-04T06:55:25.783+0000] {subprocess.py:93} INFO - PORT      : 5432
[2026-06-04T06:55:25.784+0000] {subprocess.py:93} INFO - DATABASE  : metadata_db
[2026-06-04T06:55:25.785+0000] {subprocess.py:93} INFO - USERNAME  : teamuser
[2026-06-04T06:55:25.787+0000] {subprocess.py:93} INFO - ===================================
[2026-06-04T06:55:25.788+0000] {subprocess.py:93} INFO - 
[2026-06-04T06:55:25.789+0000] {subprocess.py:93} INFO - Connected to POSTGRES successfully.
[2026-06-04T06:55:25.790+0000] {subprocess.py:93} INFO - 
[2026-06-04T06:55:25.792+0000] {subprocess.py:93} INFO - Running pipeline: postgres_to_s3_pipeline (db_to_storage)
[2026-06-04T06:55:25.793+0000] {subprocess.py:93} INFO - 
[2026-06-04T06:55:25.794+0000] {subprocess.py:93} INFO - ===================================
[2026-06-04T06:55:25.795+0000] {subprocess.py:93} INFO - DATABASE CONNECTION CONFIG
[2026-06-04T06:55:25.796+0000] {subprocess.py:93} INFO - ===================================
[2026-06-04T06:55:25.798+0000] {subprocess.py:93} INFO - DB TYPE   : postgres
[2026-06-04T06:55:25.799+0000] {subprocess.py:93} INFO - HOST      : 3.107.8.33
[2026-06-04T06:55:25.800+0000] {subprocess.py:93} INFO - PORT      : 5432
[2026-06-04T06:55:25.801+0000] {subprocess.py:93} INFO - DATABASE  : udifdb
[2026-06-04T06:55:25.802+0000] {subprocess.py:93} INFO - USERNAME  : teamuser
[2026-06-04T06:55:25.803+0000] {subprocess.py:93} INFO - ===================================
[2026-06-04T06:55:25.805+0000] {subprocess.py:93} INFO - 
[2026-06-04T06:55:25.806+0000] {subprocess.py:93} INFO - Connected to POSTGRES successfully.
[2026-06-04T06:55:25.809+0000] {subprocess.py:93} INFO - Completed: 4653 rows processed
[2026-06-04T06:55:26.204+0000] {subprocess.py:97} INFO - Command exited with return code 0
[2026-06-04T06:55:26.207+0000] {taskinstance.py:441} INFO - ::group::Post task execution logs
[2026-06-04T06:55:26.258+0000] {taskinstance.py:1206} INFO - Marking task as SUCCESS. dag_id=postgres_to_s3_pipeline, task_id=run_pipeline_1, run_id=scheduled__2026-06-04T06:50:00+00:00, execution_date=20260604T065000, start_date=20260604T065505, end_date=20260604T065526
[2026-06-04T06:55:26.325+0000] {local_task_job_runner.py:240} INFO - Task exited with return code 0
[2026-06-04T06:55:26.357+0000] {taskinstance.py:3498} INFO - 0 downstream tasks scheduled from follow-on schedule check
[2026-06-04T06:55:26.361+0000] {local_task_job_runner.py:222} INFO - ::endgroup::
