[2026-06-18T06:03:59.246+0000] {local_task_job_runner.py:120} INFO - ::group::Pre task execution logs
[2026-06-18T06:03:59.279+0000] {taskinstance.py:2076} INFO - Dependencies all met for dep_context=non-requeueable deps ti=<TaskInstance: postgres_to_postgres_pipeline.run_pipeline_3 scheduled__2026-06-18T05:55:00+00:00 [queued]>
[2026-06-18T06:03:59.298+0000] {taskinstance.py:2076} INFO - Dependencies all met for dep_context=requeueable deps ti=<TaskInstance: postgres_to_postgres_pipeline.run_pipeline_3 scheduled__2026-06-18T05:55:00+00:00 [queued]>
[2026-06-18T06:03:59.301+0000] {taskinstance.py:2306} INFO - Starting attempt 1 of 2
[2026-06-18T06:03:59.334+0000] {taskinstance.py:2330} INFO - Executing <Task(BashOperator): run_pipeline_3> on 2026-06-18 05:55:00+00:00
[2026-06-18T06:03:59.350+0000] {standard_task_runner.py:90} INFO - Running: ['***', 'tasks', 'run', 'postgres_to_postgres_pipeline', 'run_pipeline_3', 'scheduled__2026-06-18T05:55:00+00:00', '--job-id', '348', '--raw', '--subdir', 'DAGS_FOLDER/dynamic_pipeline_generator.py', '--cfg-path', '/tmp/tmpq3aor3zm']
[2026-06-18T06:03:59.356+0000] {logging_mixin.py:188} WARNING - /home/***/.local/lib/python3.12/site-packages/***/task/task_runner/standard_task_runner.py:61 DeprecationWarning: This process (pid=183) is multi-threaded, use of fork() may lead to deadlocks in the child.
[2026-06-18T06:03:59.356+0000] {standard_task_runner.py:91} INFO - Job 348: Subtask run_pipeline_3
[2026-06-18T06:03:59.357+0000] {standard_task_runner.py:63} INFO - Started process 186 to run task
[2026-06-18T06:03:59.418+0000] {task_command.py:426} INFO - Running <TaskInstance: postgres_to_postgres_pipeline.run_pipeline_3 scheduled__2026-06-18T05:55:00+00:00 [running]> on host 8bc76b640680
[2026-06-18T06:03:59.583+0000] {taskinstance.py:2648} INFO - Exporting env vars: AIRFLOW_CTX_DAG_OWNER='subashri' AIRFLOW_CTX_DAG_ID='postgres_to_postgres_pipeline' AIRFLOW_CTX_TASK_ID='run_pipeline_3' AIRFLOW_CTX_EXECUTION_DATE='2026-06-18T05:55:00+00:00' AIRFLOW_CTX_TRY_NUMBER='1' AIRFLOW_CTX_DAG_RUN_ID='scheduled__2026-06-18T05:55:00+00:00'
[2026-06-18T06:03:59.585+0000] {taskinstance.py:430} INFO - ::endgroup::
[2026-06-18T06:03:59.629+0000] {subprocess.py:63} INFO - Tmp dir root location: /tmp
[2026-06-18T06:03:59.632+0000] {subprocess.py:75} INFO - Running command: ['/usr/bin/bash', '-c', 'cd /opt/***/src && python main.py 3']
[2026-06-18T06:03:59.650+0000] {subprocess.py:86} INFO - Output:
[2026-06-18T06:04:20.706+0000] {subprocess.py:93} INFO - 
[2026-06-18T06:04:20.714+0000] {subprocess.py:93} INFO - ===================================
[2026-06-18T06:04:20.717+0000] {subprocess.py:93} INFO - DATABASE CONNECTION CONFIG
[2026-06-18T06:04:20.721+0000] {subprocess.py:93} INFO - ===================================
[2026-06-18T06:04:20.724+0000] {subprocess.py:93} INFO - DB TYPE   : postgres
[2026-06-18T06:04:20.727+0000] {subprocess.py:93} INFO - HOST      : 3.107.8.33
[2026-06-18T06:04:20.730+0000] {subprocess.py:93} INFO - PORT      : 5432
[2026-06-18T06:04:20.734+0000] {subprocess.py:93} INFO - DATABASE  : metadata_db
[2026-06-18T06:04:20.738+0000] {subprocess.py:93} INFO - USERNAME  : teamuser
[2026-06-18T06:04:20.742+0000] {subprocess.py:93} INFO - ===================================
[2026-06-18T06:04:20.744+0000] {subprocess.py:93} INFO - 
[2026-06-18T06:04:20.747+0000] {subprocess.py:93} INFO - Connected to POSTGRES successfully.
[2026-06-18T06:04:20.751+0000] {subprocess.py:93} INFO - 
[2026-06-18T06:04:20.755+0000] {subprocess.py:93} INFO - Running pipeline: postgres_to_postgres_pipeline (db_to_db)
[2026-06-18T06:04:20.758+0000] {subprocess.py:93} INFO - 
[2026-06-18T06:04:20.761+0000] {subprocess.py:93} INFO - ===================================
[2026-06-18T06:04:20.764+0000] {subprocess.py:93} INFO - DATABASE CONNECTION CONFIG
[2026-06-18T06:04:20.768+0000] {subprocess.py:93} INFO - ===================================
[2026-06-18T06:04:20.771+0000] {subprocess.py:93} INFO - DB TYPE   : postgres
[2026-06-18T06:04:20.775+0000] {subprocess.py:93} INFO - HOST      : 3.107.8.33
[2026-06-18T06:04:20.778+0000] {subprocess.py:93} INFO - PORT      : 5432
[2026-06-18T06:04:20.781+0000] {subprocess.py:93} INFO - DATABASE  : udifdb
[2026-06-18T06:04:20.785+0000] {subprocess.py:93} INFO - USERNAME  : teamuser
[2026-06-18T06:04:20.788+0000] {subprocess.py:93} INFO - ===================================
[2026-06-18T06:04:20.791+0000] {subprocess.py:93} INFO - 
[2026-06-18T06:04:20.794+0000] {subprocess.py:93} INFO - Connected to POSTGRES successfully.
[2026-06-18T06:04:20.797+0000] {subprocess.py:93} INFO - Completed: 4653 rows processed
[2026-06-18T06:04:21.061+0000] {subprocess.py:97} INFO - Command exited with return code 0
[2026-06-18T06:04:21.062+0000] {taskinstance.py:441} INFO - ::group::Post task execution logs
[2026-06-18T06:04:21.099+0000] {taskinstance.py:1206} INFO - Marking task as SUCCESS. dag_id=postgres_to_postgres_pipeline, task_id=run_pipeline_3, run_id=scheduled__2026-06-18T05:55:00+00:00, execution_date=20260618T055500, start_date=20260618T060359, end_date=20260618T060421
[2026-06-18T06:04:21.134+0000] {local_task_job_runner.py:240} INFO - Task exited with return code 0
[2026-06-18T06:04:21.155+0000] {taskinstance.py:3498} INFO - 0 downstream tasks scheduled from follow-on schedule check
[2026-06-18T06:04:21.158+0000] {local_task_job_runner.py:222} INFO - ::endgroup::
