[2026-06-04T06:30:04.224+0000] {local_task_job_runner.py:120} INFO - ::group::Pre task execution logs
[2026-06-04T06:30:04.440+0000] {taskinstance.py:2076} INFO - Dependencies all met for dep_context=non-requeueable deps ti=<TaskInstance: s3_to_postgres_pipeline.run_pipeline_5 scheduled__2026-06-04T06:25:00+00:00 [queued]>
[2026-06-04T06:30:04.485+0000] {taskinstance.py:2076} INFO - Dependencies all met for dep_context=requeueable deps ti=<TaskInstance: s3_to_postgres_pipeline.run_pipeline_5 scheduled__2026-06-04T06:25:00+00:00 [queued]>
[2026-06-04T06:30:04.490+0000] {taskinstance.py:2306} INFO - Starting attempt 1 of 2
[2026-06-04T06:30:04.551+0000] {taskinstance.py:2330} INFO - Executing <Task(BashOperator): run_pipeline_5> on 2026-06-04 06:25:00+00:00
[2026-06-04T06:30:04.587+0000] {standard_task_runner.py:90} INFO - Running: ['***', 'tasks', 'run', 's3_to_postgres_pipeline', 'run_pipeline_5', 'scheduled__2026-06-04T06:25:00+00:00', '--job-id', '227', '--raw', '--subdir', 'DAGS_FOLDER/dynamic_pipeline_generator.py', '--cfg-path', '/tmp/tmpsfvbnehh']
[2026-06-04T06:30:04.599+0000] {standard_task_runner.py:91} INFO - Job 227: Subtask run_pipeline_5
[2026-06-04T06:30:04.625+0000] {logging_mixin.py:188} WARNING - /home/***/.local/lib/python3.12/site-packages/***/task/task_runner/standard_task_runner.py:61 DeprecationWarning: This process (pid=3485) is multi-threaded, use of fork() may lead to deadlocks in the child.
[2026-06-04T06:30:04.626+0000] {standard_task_runner.py:63} INFO - Started process 3505 to run task
[2026-06-04T06:30:04.749+0000] {task_command.py:426} INFO - Running <TaskInstance: s3_to_postgres_pipeline.run_pipeline_5 scheduled__2026-06-04T06:25:00+00:00 [running]> on host b044b6a9b6bd
[2026-06-04T06:30:05.128+0000] {taskinstance.py:2648} INFO - Exporting env vars: AIRFLOW_CTX_DAG_OWNER='subashri' AIRFLOW_CTX_DAG_ID='s3_to_postgres_pipeline' AIRFLOW_CTX_TASK_ID='run_pipeline_5' AIRFLOW_CTX_EXECUTION_DATE='2026-06-04T06:25:00+00:00' AIRFLOW_CTX_TRY_NUMBER='1' AIRFLOW_CTX_DAG_RUN_ID='scheduled__2026-06-04T06:25:00+00:00'
[2026-06-04T06:30:05.135+0000] {taskinstance.py:430} INFO - ::endgroup::
[2026-06-04T06:30:05.250+0000] {subprocess.py:63} INFO - Tmp dir root location: /tmp
[2026-06-04T06:30:05.258+0000] {subprocess.py:75} INFO - Running command: ['/usr/bin/bash', '-c', 'cd /opt/***/src && python main.py 5']
[2026-06-04T06:30:05.298+0000] {subprocess.py:86} INFO - Output:
[2026-06-04T06:30:32.189+0000] {subprocess.py:93} INFO - 
[2026-06-04T06:30:32.194+0000] {subprocess.py:93} INFO - ===================================
[2026-06-04T06:30:32.197+0000] {subprocess.py:93} INFO - DATABASE CONNECTION CONFIG
[2026-06-04T06:30:32.207+0000] {subprocess.py:93} INFO - ===================================
[2026-06-04T06:30:32.212+0000] {subprocess.py:93} INFO - DB TYPE   : postgres
[2026-06-04T06:30:32.217+0000] {subprocess.py:93} INFO - HOST      : 3.107.8.33
[2026-06-04T06:30:32.221+0000] {subprocess.py:93} INFO - PORT      : 5432
[2026-06-04T06:30:32.228+0000] {subprocess.py:93} INFO - DATABASE  : metadata_db
[2026-06-04T06:30:32.234+0000] {subprocess.py:93} INFO - USERNAME  : teamuser
[2026-06-04T06:30:32.246+0000] {subprocess.py:93} INFO - ===================================
[2026-06-04T06:30:32.250+0000] {subprocess.py:93} INFO - 
[2026-06-04T06:30:32.268+0000] {subprocess.py:93} INFO - Connected to POSTGRES successfully.
[2026-06-04T06:30:32.270+0000] {subprocess.py:93} INFO - 
[2026-06-04T06:30:32.280+0000] {subprocess.py:93} INFO - Running pipeline: s3_to_postgres_pipeline (storage_to_db)
[2026-06-04T06:30:32.281+0000] {subprocess.py:93} INFO - Loading table: customer_feb (120 rows)
[2026-06-04T06:30:32.282+0000] {subprocess.py:93} INFO - Loading table: customer_jan (100 rows)
[2026-06-04T06:30:32.294+0000] {subprocess.py:93} INFO - Loading table: customer_march (150 rows)
[2026-06-04T06:30:32.296+0000] {subprocess.py:93} INFO - Processed total rows: 370
[2026-06-04T06:30:32.298+0000] {subprocess.py:93} INFO - Completed: 370 rows processed
[2026-06-04T06:30:33.346+0000] {subprocess.py:97} INFO - Command exited with return code 0
[2026-06-04T06:30:33.388+0000] {taskinstance.py:441} INFO - ::group::Post task execution logs
[2026-06-04T06:30:34.867+0000] {taskinstance.py:1206} INFO - Marking task as SUCCESS. dag_id=s3_to_postgres_pipeline, task_id=run_pipeline_5, run_id=scheduled__2026-06-04T06:25:00+00:00, execution_date=20260604T062500, start_date=20260604T063004, end_date=20260604T063034
[2026-06-04T06:30:35.142+0000] {local_task_job_runner.py:240} INFO - Task exited with return code 0
[2026-06-04T06:30:35.400+0000] {taskinstance.py:3498} INFO - 0 downstream tasks scheduled from follow-on schedule check
[2026-06-04T06:30:35.418+0000] {local_task_job_runner.py:222} INFO - ::endgroup::
