[2026-06-04T06:29:58.783+0000] {local_task_job_runner.py:120} INFO - ::group::Pre task execution logs
[2026-06-04T06:29:58.929+0000] {taskinstance.py:2076} INFO - Dependencies all met for dep_context=non-requeueable deps ti=<TaskInstance: postgres_to_s3_pipeline.run_pipeline_1 scheduled__2026-06-04T06:20:00+00:00 [queued]>
[2026-06-04T06:29:58.952+0000] {taskinstance.py:2076} INFO - Dependencies all met for dep_context=requeueable deps ti=<TaskInstance: postgres_to_s3_pipeline.run_pipeline_1 scheduled__2026-06-04T06:20:00+00:00 [queued]>
[2026-06-04T06:29:58.954+0000] {taskinstance.py:2306} INFO - Starting attempt 1 of 2
[2026-06-04T06:29:58.983+0000] {taskinstance.py:2330} INFO - Executing <Task(BashOperator): run_pipeline_1> on 2026-06-04 06:20:00+00:00
[2026-06-04T06:29:58.999+0000] {standard_task_runner.py:90} INFO - Running: ['***', 'tasks', 'run', 'postgres_to_s3_pipeline', 'run_pipeline_1', 'scheduled__2026-06-04T06:20:00+00:00', '--job-id', '224', '--raw', '--subdir', 'DAGS_FOLDER/dynamic_pipeline_generator.py', '--cfg-path', '/tmp/tmpm8ny8bu6']
[2026-06-04T06:29:59.005+0000] {standard_task_runner.py:91} INFO - Job 224: Subtask run_pipeline_1
[2026-06-04T06:29:59.006+0000] {logging_mixin.py:188} WARNING - /home/***/.local/lib/python3.12/site-packages/***/task/task_runner/standard_task_runner.py:61 DeprecationWarning: This process (pid=3436) is multi-threaded, use of fork() may lead to deadlocks in the child.
[2026-06-04T06:29:59.011+0000] {standard_task_runner.py:63} INFO - Started process 3457 to run task
[2026-06-04T06:29:59.109+0000] {task_command.py:426} INFO - Running <TaskInstance: postgres_to_s3_pipeline.run_pipeline_1 scheduled__2026-06-04T06:20:00+00:00 [running]> on host b044b6a9b6bd
[2026-06-04T06:29:59.389+0000] {taskinstance.py:2648} INFO - Exporting env vars: AIRFLOW_CTX_DAG_OWNER='subashri' AIRFLOW_CTX_DAG_ID='postgres_to_s3_pipeline' AIRFLOW_CTX_TASK_ID='run_pipeline_1' AIRFLOW_CTX_EXECUTION_DATE='2026-06-04T06:20:00+00:00' AIRFLOW_CTX_TRY_NUMBER='1' AIRFLOW_CTX_DAG_RUN_ID='scheduled__2026-06-04T06:20:00+00:00'
[2026-06-04T06:29:59.391+0000] {taskinstance.py:430} INFO - ::endgroup::
[2026-06-04T06:29:59.441+0000] {subprocess.py:63} INFO - Tmp dir root location: /tmp
[2026-06-04T06:29:59.444+0000] {subprocess.py:75} INFO - Running command: ['/usr/bin/bash', '-c', 'cd /opt/***/src && python main.py 1']
[2026-06-04T06:29:59.466+0000] {subprocess.py:86} INFO - Output:
[2026-06-04T06:30:14.138+0000] {subprocess.py:93} INFO - 
[2026-06-04T06:30:14.139+0000] {subprocess.py:93} INFO - ===================================
[2026-06-04T06:30:14.140+0000] {subprocess.py:93} INFO - DATABASE CONNECTION CONFIG
[2026-06-04T06:30:14.142+0000] {subprocess.py:93} INFO - ===================================
[2026-06-04T06:30:14.143+0000] {subprocess.py:93} INFO - DB TYPE   : postgres
[2026-06-04T06:30:14.145+0000] {subprocess.py:93} INFO - HOST      : 3.107.8.33
[2026-06-04T06:30:14.146+0000] {subprocess.py:93} INFO - PORT      : 5432
[2026-06-04T06:30:14.148+0000] {subprocess.py:93} INFO - DATABASE  : metadata_db
[2026-06-04T06:30:14.150+0000] {subprocess.py:93} INFO - USERNAME  : teamuser
[2026-06-04T06:30:14.154+0000] {subprocess.py:93} INFO - ===================================
[2026-06-04T06:30:14.155+0000] {subprocess.py:93} INFO - 
[2026-06-04T06:30:14.156+0000] {subprocess.py:93} INFO - Connected to POSTGRES successfully.
[2026-06-04T06:30:14.157+0000] {subprocess.py:93} INFO - 
[2026-06-04T06:30:14.162+0000] {subprocess.py:93} INFO - Running pipeline: postgres_to_s3_pipeline (db_to_storage)
[2026-06-04T06:30:14.163+0000] {subprocess.py:93} INFO - 
[2026-06-04T06:30:14.166+0000] {subprocess.py:93} INFO - ===================================
[2026-06-04T06:30:14.168+0000] {subprocess.py:93} INFO - DATABASE CONNECTION CONFIG
[2026-06-04T06:30:14.171+0000] {subprocess.py:93} INFO - ===================================
[2026-06-04T06:30:14.172+0000] {subprocess.py:93} INFO - DB TYPE   : postgres
[2026-06-04T06:30:14.172+0000] {subprocess.py:93} INFO - HOST      : 3.107.8.33
[2026-06-04T06:30:14.174+0000] {subprocess.py:93} INFO - PORT      : 5432
[2026-06-04T06:30:14.175+0000] {subprocess.py:93} INFO - DATABASE  : udifdb
[2026-06-04T06:30:14.177+0000] {subprocess.py:93} INFO - USERNAME  : teamuser
[2026-06-04T06:30:14.177+0000] {subprocess.py:93} INFO - ===================================
[2026-06-04T06:30:14.178+0000] {subprocess.py:93} INFO - 
[2026-06-04T06:30:14.179+0000] {subprocess.py:93} INFO - Connected to POSTGRES successfully.
[2026-06-04T06:30:14.180+0000] {subprocess.py:93} INFO - Completed: 4653 rows processed
[2026-06-04T06:30:14.534+0000] {subprocess.py:97} INFO - Command exited with return code 0
[2026-06-04T06:30:14.536+0000] {taskinstance.py:441} INFO - ::group::Post task execution logs
[2026-06-04T06:30:14.580+0000] {taskinstance.py:1206} INFO - Marking task as SUCCESS. dag_id=postgres_to_s3_pipeline, task_id=run_pipeline_1, run_id=scheduled__2026-06-04T06:20:00+00:00, execution_date=20260604T062000, start_date=20260604T062958, end_date=20260604T063014
[2026-06-04T06:30:14.622+0000] {local_task_job_runner.py:240} INFO - Task exited with return code 0
[2026-06-04T06:30:14.645+0000] {taskinstance.py:3498} INFO - 0 downstream tasks scheduled from follow-on schedule check
[2026-06-04T06:30:14.648+0000] {local_task_job_runner.py:222} INFO - ::endgroup::
