[2026-06-04T04:18:30.487+0000] {local_task_job_runner.py:120} INFO - ::group::Pre task execution logs
[2026-06-04T04:18:30.524+0000] {taskinstance.py:2076} INFO - Dependencies all met for dep_context=non-requeueable deps ti=<TaskInstance: postgres_to_local_pipeline.run_pipeline_2 scheduled__2026-06-04T04:10:00+00:00 [queued]>
[2026-06-04T04:18:30.535+0000] {taskinstance.py:2076} INFO - Dependencies all met for dep_context=requeueable deps ti=<TaskInstance: postgres_to_local_pipeline.run_pipeline_2 scheduled__2026-06-04T04:10:00+00:00 [queued]>
[2026-06-04T04:18:30.536+0000] {taskinstance.py:2306} INFO - Starting attempt 1 of 2
[2026-06-04T04:18:30.551+0000] {taskinstance.py:2330} INFO - Executing <Task(BashOperator): run_pipeline_2> on 2026-06-04 04:10:00+00:00
[2026-06-04T04:18:30.558+0000] {standard_task_runner.py:90} INFO - Running: ['***', 'tasks', 'run', 'postgres_to_local_pipeline', 'run_pipeline_2', 'scheduled__2026-06-04T04:10:00+00:00', '--job-id', '195', '--raw', '--subdir', 'DAGS_FOLDER/dynamic_pipeline_generator.py', '--cfg-path', '/tmp/tmpzihtmez3']
[2026-06-04T04:18:30.562+0000] {logging_mixin.py:188} WARNING - /home/***/.local/lib/python3.12/site-packages/***/task/task_runner/standard_task_runner.py:61 DeprecationWarning: This process (pid=615) is multi-threaded, use of fork() may lead to deadlocks in the child.
[2026-06-04T04:18:30.563+0000] {standard_task_runner.py:91} INFO - Job 195: Subtask run_pipeline_2
[2026-06-04T04:18:30.563+0000] {standard_task_runner.py:63} INFO - Started process 616 to run task
[2026-06-04T04:18:30.614+0000] {task_command.py:426} INFO - Running <TaskInstance: postgres_to_local_pipeline.run_pipeline_2 scheduled__2026-06-04T04:10:00+00:00 [running]> on host b044b6a9b6bd
[2026-06-04T04:18:30.713+0000] {taskinstance.py:2648} INFO - Exporting env vars: AIRFLOW_CTX_DAG_OWNER='subashri' AIRFLOW_CTX_DAG_ID='postgres_to_local_pipeline' AIRFLOW_CTX_TASK_ID='run_pipeline_2' AIRFLOW_CTX_EXECUTION_DATE='2026-06-04T04:10:00+00:00' AIRFLOW_CTX_TRY_NUMBER='1' AIRFLOW_CTX_DAG_RUN_ID='scheduled__2026-06-04T04:10:00+00:00'
[2026-06-04T04:18:30.714+0000] {taskinstance.py:430} INFO - ::endgroup::
[2026-06-04T04:18:30.763+0000] {subprocess.py:63} INFO - Tmp dir root location: /tmp
[2026-06-04T04:18:30.765+0000] {subprocess.py:75} INFO - Running command: ['/usr/bin/bash', '-c', 'cd /opt/***/src && python main.py 2']
[2026-06-04T04:18:30.773+0000] {subprocess.py:86} INFO - Output:
[2026-06-04T04:18:54.892+0000] {subprocess.py:93} INFO - 
[2026-06-04T04:18:54.896+0000] {subprocess.py:93} INFO - ===================================
[2026-06-04T04:18:54.899+0000] {subprocess.py:93} INFO - DATABASE CONNECTION CONFIG
[2026-06-04T04:18:54.903+0000] {subprocess.py:93} INFO - ===================================
[2026-06-04T04:18:54.906+0000] {subprocess.py:93} INFO - DB TYPE   : postgres
[2026-06-04T04:18:54.908+0000] {subprocess.py:93} INFO - HOST      : 3.107.8.33
[2026-06-04T04:18:54.910+0000] {subprocess.py:93} INFO - PORT      : 5432
[2026-06-04T04:18:54.911+0000] {subprocess.py:93} INFO - DATABASE  : metadata_db
[2026-06-04T04:18:54.912+0000] {subprocess.py:93} INFO - USERNAME  : teamuser
[2026-06-04T04:18:54.914+0000] {subprocess.py:93} INFO - ===================================
[2026-06-04T04:18:54.915+0000] {subprocess.py:93} INFO - 
[2026-06-04T04:18:54.916+0000] {subprocess.py:93} INFO - Connected to POSTGRES successfully.
[2026-06-04T04:18:54.917+0000] {subprocess.py:93} INFO - 
[2026-06-04T04:18:54.918+0000] {subprocess.py:93} INFO - Running pipeline: postgres_to_local_pipeline (db_to_storage)
[2026-06-04T04:18:54.919+0000] {subprocess.py:93} INFO - 
[2026-06-04T04:18:54.920+0000] {subprocess.py:93} INFO - ===================================
[2026-06-04T04:18:54.921+0000] {subprocess.py:93} INFO - DATABASE CONNECTION CONFIG
[2026-06-04T04:18:54.922+0000] {subprocess.py:93} INFO - ===================================
[2026-06-04T04:18:54.923+0000] {subprocess.py:93} INFO - DB TYPE   : postgres
[2026-06-04T04:18:54.923+0000] {subprocess.py:93} INFO - HOST      : 3.107.8.33
[2026-06-04T04:18:54.924+0000] {subprocess.py:93} INFO - PORT      : 5432
[2026-06-04T04:18:54.925+0000] {subprocess.py:93} INFO - DATABASE  : udifdb
[2026-06-04T04:18:54.926+0000] {subprocess.py:93} INFO - USERNAME  : teamuser
[2026-06-04T04:18:54.927+0000] {subprocess.py:93} INFO - ===================================
[2026-06-04T04:18:54.927+0000] {subprocess.py:93} INFO - 
[2026-06-04T04:18:54.928+0000] {subprocess.py:93} INFO - Connected to POSTGRES successfully.
[2026-06-04T04:18:54.929+0000] {subprocess.py:93} INFO - Completed: 4653 rows processed
[2026-06-04T04:18:55.115+0000] {subprocess.py:97} INFO - Command exited with return code 0
[2026-06-04T04:18:55.117+0000] {taskinstance.py:441} INFO - ::group::Post task execution logs
[2026-06-04T04:18:55.143+0000] {taskinstance.py:1206} INFO - Marking task as SUCCESS. dag_id=postgres_to_local_pipeline, task_id=run_pipeline_2, run_id=scheduled__2026-06-04T04:10:00+00:00, execution_date=20260604T041000, start_date=20260604T041830, end_date=20260604T041855
[2026-06-04T04:18:55.168+0000] {local_task_job_runner.py:240} INFO - Task exited with return code 0
[2026-06-04T04:18:55.182+0000] {taskinstance.py:3498} INFO - 0 downstream tasks scheduled from follow-on schedule check
[2026-06-04T04:18:55.185+0000] {local_task_job_runner.py:222} INFO - ::endgroup::
