[2026-06-01T09:40:01.982+0000] {local_task_job_runner.py:120} INFO - ::group::Pre task execution logs
[2026-06-01T09:40:02.018+0000] {taskinstance.py:2076} INFO - Dependencies all met for dep_context=non-requeueable deps ti=<TaskInstance: dynamic_metadata_pipeline.run_pipeline_4 scheduled__2026-06-01T09:35:00+00:00 [queued]>
[2026-06-01T09:40:02.031+0000] {taskinstance.py:2076} INFO - Dependencies all met for dep_context=requeueable deps ti=<TaskInstance: dynamic_metadata_pipeline.run_pipeline_4 scheduled__2026-06-01T09:35:00+00:00 [queued]>
[2026-06-01T09:40:02.032+0000] {taskinstance.py:2306} INFO - Starting attempt 1 of 2
[2026-06-01T09:40:02.048+0000] {taskinstance.py:2330} INFO - Executing <Task(BashOperator): run_pipeline_4> on 2026-06-01 09:35:00+00:00
[2026-06-01T09:40:02.060+0000] {logging_mixin.py:188} WARNING - /home/***/.local/lib/python3.12/site-packages/***/task/task_runner/standard_task_runner.py:61 DeprecationWarning: This process (pid=1966) is multi-threaded, use of fork() may lead to deadlocks in the child.
[2026-06-01T09:40:02.061+0000] {standard_task_runner.py:63} INFO - Started process 1971 to run task
[2026-06-01T09:40:02.057+0000] {standard_task_runner.py:90} INFO - Running: ['***', 'tasks', 'run', 'dynamic_metadata_pipeline', 'run_pipeline_4', 'scheduled__2026-06-01T09:35:00+00:00', '--job-id', '101', '--raw', '--subdir', 'DAGS_FOLDER/dynamic_pipeline_dag.py', '--cfg-path', '/tmp/tmp5gu95hxx']
[2026-06-01T09:40:02.062+0000] {standard_task_runner.py:91} INFO - Job 101: Subtask run_pipeline_4
[2026-06-01T09:40:02.118+0000] {task_command.py:426} INFO - Running <TaskInstance: dynamic_metadata_pipeline.run_pipeline_4 scheduled__2026-06-01T09:35:00+00:00 [running]> on host 1103cbeaed03
[2026-06-01T09:40:02.215+0000] {taskinstance.py:2648} INFO - Exporting env vars: AIRFLOW_CTX_DAG_OWNER='subashri' AIRFLOW_CTX_DAG_ID='dynamic_metadata_pipeline' AIRFLOW_CTX_TASK_ID='run_pipeline_4' AIRFLOW_CTX_EXECUTION_DATE='2026-06-01T09:35:00+00:00' AIRFLOW_CTX_TRY_NUMBER='1' AIRFLOW_CTX_DAG_RUN_ID='scheduled__2026-06-01T09:35:00+00:00'
[2026-06-01T09:40:02.219+0000] {taskinstance.py:430} INFO - ::endgroup::
[2026-06-01T09:40:02.238+0000] {subprocess.py:63} INFO - Tmp dir root location: /tmp
[2026-06-01T09:40:02.240+0000] {subprocess.py:75} INFO - Running command: ['/usr/bin/bash', '-c', 'cd /opt/***/src && python main.py 4']
[2026-06-01T09:40:02.251+0000] {subprocess.py:86} INFO - Output:
[2026-06-01T09:40:10.345+0000] {subprocess.py:93} INFO - Using CPU. Note: This module is much faster with a GPU.
[2026-06-01T09:40:25.440+0000] {subprocess.py:93} INFO - /home/***/.local/lib/python3.12/site-packages/torch/utils/data/dataloader.py:752: UserWarning: 'pin_memory' argument is set as true but no accelerator is found, then device pinned memory won't be used.
[2026-06-01T09:40:25.441+0000] {subprocess.py:93} INFO -   super().__init__(loader)
[2026-06-01T09:40:59.317+0000] {subprocess.py:93} INFO - 
[2026-06-01T09:40:59.320+0000] {subprocess.py:93} INFO - ===================================
[2026-06-01T09:40:59.323+0000] {subprocess.py:93} INFO - DATABASE CONNECTION CONFIG
[2026-06-01T09:40:59.325+0000] {subprocess.py:93} INFO - ===================================
[2026-06-01T09:40:59.327+0000] {subprocess.py:93} INFO - DB TYPE   : postgres
[2026-06-01T09:40:59.330+0000] {subprocess.py:93} INFO - HOST      : 3.107.8.33
[2026-06-01T09:40:59.332+0000] {subprocess.py:93} INFO - PORT      : 5432
[2026-06-01T09:40:59.335+0000] {subprocess.py:93} INFO - DATABASE  : metadata_db
[2026-06-01T09:40:59.337+0000] {subprocess.py:93} INFO - USERNAME  : teamuser
[2026-06-01T09:40:59.339+0000] {subprocess.py:93} INFO - ===================================
[2026-06-01T09:40:59.341+0000] {subprocess.py:93} INFO - 
[2026-06-01T09:40:59.343+0000] {subprocess.py:93} INFO - Connected to POSTGRES successfully.
[2026-06-01T09:40:59.344+0000] {subprocess.py:93} INFO - 
[2026-06-01T09:40:59.345+0000] {subprocess.py:93} INFO - Running pipeline: local_to_postgres_pipeline (storage_to_db)
[2026-06-01T09:40:59.346+0000] {subprocess.py:93} INFO - Loading table: customer (2 rows)
[2026-06-01T09:40:59.348+0000] {subprocess.py:93} INFO - Loading table: data pic1 (91 rows)
[2026-06-01T09:40:59.349+0000] {subprocess.py:93} INFO - Loading table: employee (20 rows)
[2026-06-01T09:40:59.350+0000] {subprocess.py:93} INFO - Loading table: employee_data (100 rows)
[2026-06-01T09:40:59.351+0000] {subprocess.py:93} INFO - Loading table: sample (2 rows)
[2026-06-01T09:40:59.352+0000] {subprocess.py:93} INFO - Loading table: word (12 rows)
[2026-06-01T09:40:59.353+0000] {subprocess.py:93} INFO - Processed total rows: 227
[2026-06-01T09:40:59.354+0000] {subprocess.py:93} INFO - Completed: 227 rows processed
[2026-06-01T09:41:00.244+0000] {subprocess.py:97} INFO - Command exited with return code 0
[2026-06-01T09:41:00.254+0000] {taskinstance.py:441} INFO - ::group::Post task execution logs
[2026-06-01T09:41:00.276+0000] {taskinstance.py:1206} INFO - Marking task as SUCCESS. dag_id=dynamic_metadata_pipeline, task_id=run_pipeline_4, run_id=scheduled__2026-06-01T09:35:00+00:00, execution_date=20260601T093500, start_date=20260601T094002, end_date=20260601T094100
[2026-06-01T09:41:00.315+0000] {local_task_job_runner.py:240} INFO - Task exited with return code 0
[2026-06-01T09:41:00.339+0000] {taskinstance.py:3498} INFO - 0 downstream tasks scheduled from follow-on schedule check
[2026-06-01T09:41:00.345+0000] {local_task_job_runner.py:222} INFO - ::endgroup::
