[2026-06-03T13:20:14.871+0000] {local_task_job_runner.py:120} INFO - ::group::Pre task execution logs
[2026-06-03T13:20:14.913+0000] {taskinstance.py:2076} INFO - Dependencies all met for dep_context=non-requeueable deps ti=<TaskInstance: dynamic_metadata_pipeline.run_pipeline_3 manual__2026-06-03T13:20:12.539006+00:00 [queued]>
[2026-06-03T13:20:14.924+0000] {taskinstance.py:2076} INFO - Dependencies all met for dep_context=requeueable deps ti=<TaskInstance: dynamic_metadata_pipeline.run_pipeline_3 manual__2026-06-03T13:20:12.539006+00:00 [queued]>
[2026-06-03T13:20:14.925+0000] {taskinstance.py:2306} INFO - Starting attempt 1 of 2
[2026-06-03T13:20:14.939+0000] {taskinstance.py:2330} INFO - Executing <Task(BashOperator): run_pipeline_3> on 2026-06-03 13:20:12.539006+00:00
[2026-06-03T13:20:14.951+0000] {logging_mixin.py:188} WARNING - /home/***/.local/lib/python3.12/site-packages/***/task/task_runner/standard_task_runner.py:61 DeprecationWarning: This process (pid=2716) is multi-threaded, use of fork() may lead to deadlocks in the child.
[2026-06-03T13:20:14.949+0000] {standard_task_runner.py:90} INFO - Running: ['***', 'tasks', 'run', 'dynamic_metadata_pipeline', 'run_pipeline_3', 'manual__2026-06-03T13:20:12.539006+00:00', '--job-id', '163', '--raw', '--subdir', 'DAGS_FOLDER/dynamic_pipeline_dag.py', '--cfg-path', '/tmp/tmp1jbg0vtt']
[2026-06-03T13:20:14.953+0000] {standard_task_runner.py:63} INFO - Started process 2721 to run task
[2026-06-03T13:20:14.954+0000] {standard_task_runner.py:91} INFO - Job 163: Subtask run_pipeline_3
[2026-06-03T13:20:15.014+0000] {task_command.py:426} INFO - Running <TaskInstance: dynamic_metadata_pipeline.run_pipeline_3 manual__2026-06-03T13:20:12.539006+00:00 [running]> on host c3bf940c8326
[2026-06-03T13:20:15.128+0000] {taskinstance.py:2648} INFO - Exporting env vars: AIRFLOW_CTX_DAG_OWNER='subashri' AIRFLOW_CTX_DAG_ID='dynamic_metadata_pipeline' AIRFLOW_CTX_TASK_ID='run_pipeline_3' AIRFLOW_CTX_EXECUTION_DATE='2026-06-03T13:20:12.539006+00:00' AIRFLOW_CTX_TRY_NUMBER='1' AIRFLOW_CTX_DAG_RUN_ID='manual__2026-06-03T13:20:12.539006+00:00'
[2026-06-03T13:20:15.129+0000] {taskinstance.py:430} INFO - ::endgroup::
[2026-06-03T13:20:15.152+0000] {subprocess.py:63} INFO - Tmp dir root location: /tmp
[2026-06-03T13:20:15.154+0000] {subprocess.py:75} INFO - Running command: ['/usr/bin/bash', '-c', 'cd /opt/***/src && python main.py 3']
[2026-06-03T13:20:15.164+0000] {subprocess.py:86} INFO - Output:
[2026-06-03T13:20:23.537+0000] {subprocess.py:93} INFO - 
[2026-06-03T13:20:23.538+0000] {subprocess.py:93} INFO - ===================================
[2026-06-03T13:20:23.539+0000] {subprocess.py:93} INFO - DATABASE CONNECTION CONFIG
[2026-06-03T13:20:23.540+0000] {subprocess.py:93} INFO - ===================================
[2026-06-03T13:20:23.541+0000] {subprocess.py:93} INFO - DB TYPE   : postgres
[2026-06-03T13:20:23.542+0000] {subprocess.py:93} INFO - HOST      : 3.107.8.33
[2026-06-03T13:20:23.543+0000] {subprocess.py:93} INFO - PORT      : 5432
[2026-06-03T13:20:23.544+0000] {subprocess.py:93} INFO - DATABASE  : metadata_db
[2026-06-03T13:20:23.545+0000] {subprocess.py:93} INFO - USERNAME  : teamuser
[2026-06-03T13:20:23.546+0000] {subprocess.py:93} INFO - ===================================
[2026-06-03T13:20:23.548+0000] {subprocess.py:93} INFO - 
[2026-06-03T13:20:23.549+0000] {subprocess.py:93} INFO - Connected to POSTGRES successfully.
[2026-06-03T13:20:23.550+0000] {subprocess.py:93} INFO - 
[2026-06-03T13:20:23.551+0000] {subprocess.py:93} INFO - Running pipeline: postgres_to_postgres_pipeline (db_to_db)
[2026-06-03T13:20:23.552+0000] {subprocess.py:93} INFO - 
[2026-06-03T13:20:23.553+0000] {subprocess.py:93} INFO - ===================================
[2026-06-03T13:20:23.554+0000] {subprocess.py:93} INFO - DATABASE CONNECTION CONFIG
[2026-06-03T13:20:23.555+0000] {subprocess.py:93} INFO - ===================================
[2026-06-03T13:20:23.556+0000] {subprocess.py:93} INFO - DB TYPE   : postgres
[2026-06-03T13:20:23.557+0000] {subprocess.py:93} INFO - HOST      : 3.107.8.33
[2026-06-03T13:20:23.557+0000] {subprocess.py:93} INFO - PORT      : 5432
[2026-06-03T13:20:23.558+0000] {subprocess.py:93} INFO - DATABASE  : udifdb
[2026-06-03T13:20:23.559+0000] {subprocess.py:93} INFO - USERNAME  : teamuser
[2026-06-03T13:20:23.560+0000] {subprocess.py:93} INFO - ===================================
[2026-06-03T13:20:23.561+0000] {subprocess.py:93} INFO - 
[2026-06-03T13:20:23.562+0000] {subprocess.py:93} INFO - Connected to POSTGRES successfully.
[2026-06-03T13:20:23.564+0000] {subprocess.py:93} INFO - ❌ Failed: (psycopg2.errors.UndefinedTable) relation "emp" does not exist
[2026-06-03T13:20:23.565+0000] {subprocess.py:93} INFO - LINE 1: SELECT * FROM emp
[2026-06-03T13:20:23.566+0000] {subprocess.py:93} INFO -                       ^
[2026-06-03T13:20:23.567+0000] {subprocess.py:93} INFO - 
[2026-06-03T13:20:23.568+0000] {subprocess.py:93} INFO - [SQL: SELECT * FROM emp]
[2026-06-03T13:20:23.569+0000] {subprocess.py:93} INFO - (Background on this error at: https://sqlalche.me/e/14/f405)
[2026-06-03T13:20:23.814+0000] {subprocess.py:97} INFO - Command exited with return code 0
[2026-06-03T13:20:23.816+0000] {taskinstance.py:441} INFO - ::group::Post task execution logs
[2026-06-03T13:20:23.870+0000] {taskinstance.py:1206} INFO - Marking task as SUCCESS. dag_id=dynamic_metadata_pipeline, task_id=run_pipeline_3, run_id=manual__2026-06-03T13:20:12.539006+00:00, execution_date=20260603T132012, start_date=20260603T132014, end_date=20260603T132023
[2026-06-03T13:20:23.900+0000] {local_task_job_runner.py:240} INFO - Task exited with return code 0
[2026-06-03T13:20:23.929+0000] {taskinstance.py:3498} INFO - 0 downstream tasks scheduled from follow-on schedule check
[2026-06-03T13:20:23.933+0000] {local_task_job_runner.py:222} INFO - ::endgroup::
