[2026-06-01T09:35:02.589+0000] {local_task_job_runner.py:120} INFO - ::group::Pre task execution logs
[2026-06-01T09:35:02.628+0000] {taskinstance.py:2076} INFO - Dependencies all met for dep_context=non-requeueable deps ti=<TaskInstance: dynamic_metadata_pipeline.run_pipeline_3 scheduled__2026-06-01T09:30:00+00:00 [queued]>
[2026-06-01T09:35:02.640+0000] {taskinstance.py:2076} INFO - Dependencies all met for dep_context=requeueable deps ti=<TaskInstance: dynamic_metadata_pipeline.run_pipeline_3 scheduled__2026-06-01T09:30:00+00:00 [queued]>
[2026-06-01T09:35:02.641+0000] {taskinstance.py:2306} INFO - Starting attempt 1 of 2
[2026-06-01T09:35:02.656+0000] {taskinstance.py:2330} INFO - Executing <Task(BashOperator): run_pipeline_3> on 2026-06-01 09:30:00+00:00
[2026-06-01T09:35:02.664+0000] {standard_task_runner.py:90} INFO - Running: ['***', 'tasks', 'run', 'dynamic_metadata_pipeline', 'run_pipeline_3', 'scheduled__2026-06-01T09:30:00+00:00', '--job-id', '95', '--raw', '--subdir', 'DAGS_FOLDER/dynamic_pipeline_dag.py', '--cfg-path', '/tmp/tmpeac0_pkb']
[2026-06-01T09:35:02.668+0000] {standard_task_runner.py:91} INFO - Job 95: Subtask run_pipeline_3
[2026-06-01T09:35:02.670+0000] {logging_mixin.py:188} WARNING - /home/***/.local/lib/python3.12/site-packages/***/task/task_runner/standard_task_runner.py:61 DeprecationWarning: This process (pid=1845) is multi-threaded, use of fork() may lead to deadlocks in the child.
[2026-06-01T09:35:02.672+0000] {standard_task_runner.py:63} INFO - Started process 1850 to run task
[2026-06-01T09:35:02.731+0000] {task_command.py:426} INFO - Running <TaskInstance: dynamic_metadata_pipeline.run_pipeline_3 scheduled__2026-06-01T09:30:00+00:00 [running]> on host 1103cbeaed03
[2026-06-01T09:35:02.842+0000] {taskinstance.py:2648} INFO - Exporting env vars: AIRFLOW_CTX_DAG_OWNER='subashri' AIRFLOW_CTX_DAG_ID='dynamic_metadata_pipeline' AIRFLOW_CTX_TASK_ID='run_pipeline_3' AIRFLOW_CTX_EXECUTION_DATE='2026-06-01T09:30:00+00:00' AIRFLOW_CTX_TRY_NUMBER='1' AIRFLOW_CTX_DAG_RUN_ID='scheduled__2026-06-01T09:30:00+00:00'
[2026-06-01T09:35:02.845+0000] {taskinstance.py:430} INFO - ::endgroup::
[2026-06-01T09:35:02.874+0000] {subprocess.py:63} INFO - Tmp dir root location: /tmp
[2026-06-01T09:35:02.875+0000] {subprocess.py:75} INFO - Running command: ['/usr/bin/bash', '-c', 'cd /opt/***/src && python main.py 3']
[2026-06-01T09:35:02.887+0000] {subprocess.py:86} INFO - Output:
[2026-06-01T09:35:17.298+0000] {subprocess.py:93} INFO - 
[2026-06-01T09:35:17.300+0000] {subprocess.py:93} INFO - ===================================
[2026-06-01T09:35:17.301+0000] {subprocess.py:93} INFO - DATABASE CONNECTION CONFIG
[2026-06-01T09:35:17.302+0000] {subprocess.py:93} INFO - ===================================
[2026-06-01T09:35:17.302+0000] {subprocess.py:93} INFO - DB TYPE   : postgres
[2026-06-01T09:35:17.303+0000] {subprocess.py:93} INFO - HOST      : 3.107.8.33
[2026-06-01T09:35:17.305+0000] {subprocess.py:93} INFO - PORT      : 5432
[2026-06-01T09:35:17.306+0000] {subprocess.py:93} INFO - DATABASE  : metadata_db
[2026-06-01T09:35:17.307+0000] {subprocess.py:93} INFO - USERNAME  : teamuser
[2026-06-01T09:35:17.308+0000] {subprocess.py:93} INFO - ===================================
[2026-06-01T09:35:17.309+0000] {subprocess.py:93} INFO - 
[2026-06-01T09:35:17.310+0000] {subprocess.py:93} INFO - Connected to POSTGRES successfully.
[2026-06-01T09:35:17.310+0000] {subprocess.py:93} INFO - 
[2026-06-01T09:35:17.311+0000] {subprocess.py:93} INFO - Running pipeline: postgres_to_postgres_pipeline (db_to_db)
[2026-06-01T09:35:17.312+0000] {subprocess.py:93} INFO - 
[2026-06-01T09:35:17.313+0000] {subprocess.py:93} INFO - ===================================
[2026-06-01T09:35:17.313+0000] {subprocess.py:93} INFO - DATABASE CONNECTION CONFIG
[2026-06-01T09:35:17.314+0000] {subprocess.py:93} INFO - ===================================
[2026-06-01T09:35:17.315+0000] {subprocess.py:93} INFO - DB TYPE   : postgres
[2026-06-01T09:35:17.316+0000] {subprocess.py:93} INFO - HOST      : 3.107.8.33
[2026-06-01T09:35:17.316+0000] {subprocess.py:93} INFO - PORT      : 5432
[2026-06-01T09:35:17.317+0000] {subprocess.py:93} INFO - DATABASE  : udifdb
[2026-06-01T09:35:17.318+0000] {subprocess.py:93} INFO - USERNAME  : teamuser
[2026-06-01T09:35:17.319+0000] {subprocess.py:93} INFO - ===================================
[2026-06-01T09:35:17.320+0000] {subprocess.py:93} INFO - 
[2026-06-01T09:35:17.320+0000] {subprocess.py:93} INFO - Connected to POSTGRES successfully.
[2026-06-01T09:35:17.321+0000] {subprocess.py:93} INFO - Completed: 4653 rows processed
[2026-06-01T09:35:17.565+0000] {subprocess.py:97} INFO - Command exited with return code 0
[2026-06-01T09:35:17.567+0000] {taskinstance.py:441} INFO - ::group::Post task execution logs
[2026-06-01T09:35:17.606+0000] {taskinstance.py:1206} INFO - Marking task as SUCCESS. dag_id=dynamic_metadata_pipeline, task_id=run_pipeline_3, run_id=scheduled__2026-06-01T09:30:00+00:00, execution_date=20260601T093000, start_date=20260601T093502, end_date=20260601T093517
[2026-06-01T09:35:17.663+0000] {local_task_job_runner.py:240} INFO - Task exited with return code 0
[2026-06-01T09:35:17.705+0000] {taskinstance.py:3498} INFO - 0 downstream tasks scheduled from follow-on schedule check
[2026-06-01T09:35:17.710+0000] {local_task_job_runner.py:222} INFO - ::endgroup::
