[2026-06-22T07:20:03.453+0000] {local_task_job_runner.py:120} INFO - ::group::Pre task execution logs
[2026-06-22T07:20:03.490+0000] {taskinstance.py:2076} INFO - Dependencies all met for dep_context=non-requeueable deps ti=<TaskInstance: sales_db_to_postgres.run_pipeline_8 scheduled__2026-06-22T07:15:00+00:00 [queued]>
[2026-06-22T07:20:03.501+0000] {taskinstance.py:2076} INFO - Dependencies all met for dep_context=requeueable deps ti=<TaskInstance: sales_db_to_postgres.run_pipeline_8 scheduled__2026-06-22T07:15:00+00:00 [queued]>
[2026-06-22T07:20:03.502+0000] {taskinstance.py:2306} INFO - Starting attempt 1 of 2
[2026-06-22T07:20:03.519+0000] {taskinstance.py:2330} INFO - Executing <Task(BashOperator): run_pipeline_8> on 2026-06-22 07:15:00+00:00
[2026-06-22T07:20:03.528+0000] {standard_task_runner.py:90} INFO - Running: ['***', 'tasks', 'run', 'sales_db_to_postgres', 'run_pipeline_8', 'scheduled__2026-06-22T07:15:00+00:00', '--job-id', '363', '--raw', '--subdir', 'DAGS_FOLDER/dynamic_pipeline_generator.py', '--cfg-path', '/tmp/tmpc40_c50v']
[2026-06-22T07:20:03.533+0000] {standard_task_runner.py:91} INFO - Job 363: Subtask run_pipeline_8
[2026-06-22T07:20:03.532+0000] {logging_mixin.py:188} WARNING - /home/***/.local/lib/python3.12/site-packages/***/task/task_runner/standard_task_runner.py:61 DeprecationWarning: This process (pid=2530) is multi-threaded, use of fork() may lead to deadlocks in the child.
[2026-06-22T07:20:03.534+0000] {standard_task_runner.py:63} INFO - Started process 2531 to run task
[2026-06-22T07:20:03.592+0000] {task_command.py:426} INFO - Running <TaskInstance: sales_db_to_postgres.run_pipeline_8 scheduled__2026-06-22T07:15:00+00:00 [running]> on host c0efc7bf2406
[2026-06-22T07:20:03.689+0000] {taskinstance.py:2648} INFO - Exporting env vars: AIRFLOW_CTX_DAG_OWNER='subashri' AIRFLOW_CTX_DAG_ID='sales_db_to_postgres' AIRFLOW_CTX_TASK_ID='run_pipeline_8' AIRFLOW_CTX_EXECUTION_DATE='2026-06-22T07:15:00+00:00' AIRFLOW_CTX_TRY_NUMBER='1' AIRFLOW_CTX_DAG_RUN_ID='scheduled__2026-06-22T07:15:00+00:00'
[2026-06-22T07:20:03.691+0000] {taskinstance.py:430} INFO - ::endgroup::
[2026-06-22T07:20:03.712+0000] {subprocess.py:63} INFO - Tmp dir root location: /tmp
[2026-06-22T07:20:03.715+0000] {subprocess.py:75} INFO - Running command: ['/usr/bin/bash', '-c', 'cd /opt/***/src && python main.py 8']
[2026-06-22T07:20:03.724+0000] {subprocess.py:86} INFO - Output:
[2026-06-22T07:20:10.856+0000] {subprocess.py:93} INFO - 
[2026-06-22T07:20:10.867+0000] {subprocess.py:93} INFO - ===================================
[2026-06-22T07:20:10.878+0000] {subprocess.py:93} INFO - DATABASE CONNECTION CONFIG
[2026-06-22T07:20:10.882+0000] {subprocess.py:93} INFO - ===================================
[2026-06-22T07:20:10.884+0000] {subprocess.py:93} INFO - DB TYPE   : postgres
[2026-06-22T07:20:10.885+0000] {subprocess.py:93} INFO - HOST      : 3.107.8.33
[2026-06-22T07:20:10.887+0000] {subprocess.py:93} INFO - PORT      : 5432
[2026-06-22T07:20:10.888+0000] {subprocess.py:93} INFO - DATABASE  : metadata_db
[2026-06-22T07:20:10.890+0000] {subprocess.py:93} INFO - USERNAME  : teamuser
[2026-06-22T07:20:10.891+0000] {subprocess.py:93} INFO - ===================================
[2026-06-22T07:20:10.893+0000] {subprocess.py:93} INFO - 
[2026-06-22T07:20:10.895+0000] {subprocess.py:93} INFO - Connected to POSTGRES successfully.
[2026-06-22T07:20:10.897+0000] {subprocess.py:93} INFO - 
[2026-06-22T07:20:10.898+0000] {subprocess.py:93} INFO - Running pipeline: sales_db_to_postgres (db_to_db)
[2026-06-22T07:20:10.899+0000] {subprocess.py:93} INFO - 
[2026-06-22T07:20:10.900+0000] {subprocess.py:93} INFO - ===================================
[2026-06-22T07:20:10.901+0000] {subprocess.py:93} INFO - DATABASE CONNECTION CONFIG
[2026-06-22T07:20:10.902+0000] {subprocess.py:93} INFO - ===================================
[2026-06-22T07:20:10.903+0000] {subprocess.py:93} INFO - DB TYPE   : mysql
[2026-06-22T07:20:10.904+0000] {subprocess.py:93} INFO - HOST      : localhost
[2026-06-22T07:20:10.905+0000] {subprocess.py:93} INFO - PORT      : 3306
[2026-06-22T07:20:10.906+0000] {subprocess.py:93} INFO - DATABASE  : sales_db
[2026-06-22T07:20:10.907+0000] {subprocess.py:93} INFO - USERNAME  :
[2026-06-22T07:20:10.908+0000] {subprocess.py:93} INFO - ===================================
[2026-06-22T07:20:10.909+0000] {subprocess.py:93} INFO - 
[2026-06-22T07:20:10.910+0000] {subprocess.py:93} INFO - ❌ Failed: Could not connect to MYSQL: (pymysql.err.OperationalError) (2003, "Can't connect to MySQL server on 'localhost' ([Errno 111] Connection refused)")
[2026-06-22T07:20:10.911+0000] {subprocess.py:93} INFO - (Background on this error at: https://sqlalche.me/e/14/e3q8)
[2026-06-22T07:20:10.912+0000] {subprocess.py:93} INFO - Traceback (most recent call last):
[2026-06-22T07:20:10.912+0000] {subprocess.py:93} INFO -   File "/home/***/.local/lib/python3.12/site-packages/pymysql/connections.py", line 682, in connect
[2026-06-22T07:20:10.913+0000] {subprocess.py:93} INFO -     sock = socket.create_connection(
[2026-06-22T07:20:10.915+0000] {subprocess.py:93} INFO -            ^^^^^^^^^^^^^^^^^^^^^^^^^
[2026-06-22T07:20:10.915+0000] {subprocess.py:93} INFO -   File "/usr/local/lib/python3.12/socket.py", line 852, in create_connection
[2026-06-22T07:20:10.916+0000] {subprocess.py:93} INFO -     raise exceptions[0]
[2026-06-22T07:20:10.917+0000] {subprocess.py:93} INFO -   File "/usr/local/lib/python3.12/socket.py", line 837, in create_connection
[2026-06-22T07:20:10.918+0000] {subprocess.py:93} INFO -     sock.connect(sa)
[2026-06-22T07:20:10.919+0000] {subprocess.py:93} INFO - ConnectionRefusedError: [Errno 111] Connection refused
[2026-06-22T07:20:10.919+0000] {subprocess.py:93} INFO - 
[2026-06-22T07:20:10.920+0000] {subprocess.py:93} INFO - During handling of the above exception, another exception occurred:
[2026-06-22T07:20:10.920+0000] {subprocess.py:93} INFO - 
[2026-06-22T07:20:10.921+0000] {subprocess.py:93} INFO - Traceback (most recent call last):
[2026-06-22T07:20:10.922+0000] {subprocess.py:93} INFO -   File "/home/***/.local/lib/python3.12/site-packages/sqlalchemy/engine/base.py", line 3371, in _wrap_pool_connect
[2026-06-22T07:20:10.923+0000] {subprocess.py:93} INFO -     return fn()
[2026-06-22T07:20:10.923+0000] {subprocess.py:93} INFO -            ^^^^
[2026-06-22T07:20:10.924+0000] {subprocess.py:93} INFO -   File "/home/***/.local/lib/python3.12/site-packages/sqlalchemy/pool/base.py", line 327, in connect
[2026-06-22T07:20:10.925+0000] {subprocess.py:93} INFO -     return _ConnectionFairy._checkout(self)
[2026-06-22T07:20:10.926+0000] {subprocess.py:93} INFO -            ^^^^^^^^^^^^^^^^^^^^^^^^^^^^^^^^
[2026-06-22T07:20:10.926+0000] {subprocess.py:93} INFO -   File "/home/***/.local/lib/python3.12/site-packages/sqlalchemy/pool/base.py", line 894, in _checkout
[2026-06-22T07:20:10.927+0000] {subprocess.py:93} INFO -     fairy = _ConnectionRecord.checkout(pool)
[2026-06-22T07:20:10.927+0000] {subprocess.py:93} INFO -             ^^^^^^^^^^^^^^^^^^^^^^^^^^^^^^^^
[2026-06-22T07:20:10.928+0000] {subprocess.py:93} INFO -   File "/home/***/.local/lib/python3.12/site-packages/sqlalchemy/pool/base.py", line 493, in checkout
[2026-06-22T07:20:10.929+0000] {subprocess.py:93} INFO -     rec = pool._do_get()
[2026-06-22T07:20:10.929+0000] {subprocess.py:93} INFO -           ^^^^^^^^^^^^^^
[2026-06-22T07:20:10.930+0000] {subprocess.py:93} INFO -   File "/home/***/.local/lib/python3.12/site-packages/sqlalchemy/pool/impl.py", line 145, in _do_get
[2026-06-22T07:20:10.931+0000] {subprocess.py:93} INFO -     with util.safe_reraise():
[2026-06-22T07:20:10.932+0000] {subprocess.py:93} INFO -   File "/home/***/.local/lib/python3.12/site-packages/sqlalchemy/util/langhelpers.py", line 70, in __exit__
[2026-06-22T07:20:10.933+0000] {subprocess.py:93} INFO -     compat.raise_(
[2026-06-22T07:20:10.933+0000] {subprocess.py:93} INFO -   File "/home/***/.local/lib/python3.12/site-packages/sqlalchemy/util/compat.py", line 211, in raise_
[2026-06-22T07:20:10.934+0000] {subprocess.py:93} INFO -     raise exception
[2026-06-22T07:20:10.935+0000] {subprocess.py:93} INFO -   File "/home/***/.local/lib/python3.12/site-packages/sqlalchemy/pool/impl.py", line 143, in _do_get
[2026-06-22T07:20:10.935+0000] {subprocess.py:93} INFO -     return self._create_connection()
[2026-06-22T07:20:10.936+0000] {subprocess.py:93} INFO -            ^^^^^^^^^^^^^^^^^^^^^^^^^
[2026-06-22T07:20:10.937+0000] {subprocess.py:93} INFO -   File "/home/***/.local/lib/python3.12/site-packages/sqlalchemy/pool/base.py", line 273, in _create_connection
[2026-06-22T07:20:10.937+0000] {subprocess.py:93} INFO -     return _ConnectionRecord(self)
[2026-06-22T07:20:10.938+0000] {subprocess.py:93} INFO -            ^^^^^^^^^^^^^^^^^^^^^^^
[2026-06-22T07:20:10.939+0000] {subprocess.py:93} INFO -   File "/home/***/.local/lib/python3.12/site-packages/sqlalchemy/pool/base.py", line 388, in __init__
[2026-06-22T07:20:10.940+0000] {subprocess.py:93} INFO -     self.__connect()
[2026-06-22T07:20:10.941+0000] {subprocess.py:93} INFO -   File "/home/***/.local/lib/python3.12/site-packages/sqlalchemy/pool/base.py", line 690, in __connect
[2026-06-22T07:20:10.942+0000] {subprocess.py:93} INFO -     with util.safe_reraise():
[2026-06-22T07:20:10.943+0000] {subprocess.py:93} INFO -   File "/home/***/.local/lib/python3.12/site-packages/sqlalchemy/util/langhelpers.py", line 70, in __exit__
[2026-06-22T07:20:10.944+0000] {subprocess.py:93} INFO -     compat.raise_(
[2026-06-22T07:20:10.945+0000] {subprocess.py:93} INFO -   File "/home/***/.local/lib/python3.12/site-packages/sqlalchemy/util/compat.py", line 211, in raise_
[2026-06-22T07:20:10.946+0000] {subprocess.py:93} INFO -     raise exception
[2026-06-22T07:20:10.947+0000] {subprocess.py:93} INFO -   File "/home/***/.local/lib/python3.12/site-packages/sqlalchemy/pool/base.py", line 686, in __connect
[2026-06-22T07:20:10.947+0000] {subprocess.py:93} INFO -     self.dbapi_connection = connection = pool._invoke_creator(self)
[2026-06-22T07:20:10.948+0000] {subprocess.py:93} INFO -                                          ^^^^^^^^^^^^^^^^^^^^^^^^^^
[2026-06-22T07:20:10.949+0000] {subprocess.py:93} INFO -   File "/home/***/.local/lib/python3.12/site-packages/sqlalchemy/engine/create.py", line 574, in connect
[2026-06-22T07:20:10.949+0000] {subprocess.py:93} INFO -     return dialect.connect(*cargs, **cparams)
[2026-06-22T07:20:10.950+0000] {subprocess.py:93} INFO -            ^^^^^^^^^^^^^^^^^^^^^^^^^^^^^^^^^^
[2026-06-22T07:20:10.951+0000] {subprocess.py:93} INFO -   File "/home/***/.local/lib/python3.12/site-packages/sqlalchemy/engine/default.py", line 598, in connect
[2026-06-22T07:20:10.951+0000] {subprocess.py:93} INFO -     return self.dbapi.connect(*cargs, **cparams)
[2026-06-22T07:20:10.952+0000] {subprocess.py:93} INFO -            ^^^^^^^^^^^^^^^^^^^^^^^^^^^^^^^^^^^^^
[2026-06-22T07:20:10.952+0000] {subprocess.py:93} INFO -   File "/home/***/.local/lib/python3.12/site-packages/pymysql/connections.py", line 372, in __init__
[2026-06-22T07:20:10.953+0000] {subprocess.py:93} INFO -     self.connect()
[2026-06-22T07:20:10.954+0000] {subprocess.py:93} INFO -   File "/home/***/.local/lib/python3.12/site-packages/pymysql/connections.py", line 744, in connect
[2026-06-22T07:20:10.954+0000] {subprocess.py:93} INFO -     raise exc
[2026-06-22T07:20:10.955+0000] {subprocess.py:93} INFO - pymysql.err.OperationalError: (2003, "Can't connect to MySQL server on 'localhost' ([Errno 111] Connection refused)")
[2026-06-22T07:20:10.955+0000] {subprocess.py:93} INFO - 
[2026-06-22T07:20:10.956+0000] {subprocess.py:93} INFO - The above exception was the direct cause of the following exception:
[2026-06-22T07:20:10.957+0000] {subprocess.py:93} INFO - 
[2026-06-22T07:20:10.958+0000] {subprocess.py:93} INFO - Traceback (most recent call last):
[2026-06-22T07:20:10.958+0000] {subprocess.py:93} INFO -   File "/opt/***/src/extractor.py", line 172, in connect_db
[2026-06-22T07:20:10.959+0000] {subprocess.py:93} INFO -     with engine.connect() as conn:
[2026-06-22T07:20:10.960+0000] {subprocess.py:93} INFO -          ^^^^^^^^^^^^^^^^
[2026-06-22T07:20:10.960+0000] {subprocess.py:93} INFO -   File "/home/***/.local/lib/python3.12/site-packages/sqlalchemy/engine/base.py", line 3325, in connect
[2026-06-22T07:20:10.961+0000] {subprocess.py:93} INFO -     return self._connection_cls(self, close_with_result=close_with_result)
[2026-06-22T07:20:10.962+0000] {subprocess.py:93} INFO -            ^^^^^^^^^^^^^^^^^^^^^^^^^^^^^^^^^^^^^^^^^^^^^^^^^^^^^^^^^^^^^^^
[2026-06-22T07:20:10.962+0000] {subprocess.py:93} INFO -   File "/home/***/.local/lib/python3.12/site-packages/sqlalchemy/engine/base.py", line 96, in __init__
[2026-06-22T07:20:10.963+0000] {subprocess.py:93} INFO -     else engine.raw_connection()
[2026-06-22T07:20:10.964+0000] {subprocess.py:93} INFO -          ^^^^^^^^^^^^^^^^^^^^^^^
[2026-06-22T07:20:10.965+0000] {subprocess.py:93} INFO -   File "/home/***/.local/lib/python3.12/site-packages/sqlalchemy/engine/base.py", line 3404, in raw_connection
[2026-06-22T07:20:10.966+0000] {subprocess.py:93} INFO -     return self._wrap_pool_connect(self.pool.connect, _connection)
[2026-06-22T07:20:10.967+0000] {subprocess.py:93} INFO -            ^^^^^^^^^^^^^^^^^^^^^^^^^^^^^^^^^^^^^^^^^^^^^^^^^^^^^^^
[2026-06-22T07:20:10.967+0000] {subprocess.py:93} INFO -   File "/home/***/.local/lib/python3.12/site-packages/sqlalchemy/engine/base.py", line 3374, in _wrap_pool_connect
[2026-06-22T07:20:10.968+0000] {subprocess.py:93} INFO -     Connection._handle_dbapi_exception_noconnection(
[2026-06-22T07:20:10.968+0000] {subprocess.py:93} INFO -   File "/home/***/.local/lib/python3.12/site-packages/sqlalchemy/engine/base.py", line 2208, in _handle_dbapi_exception_noconnection
[2026-06-22T07:20:10.969+0000] {subprocess.py:93} INFO -     util.raise_(
[2026-06-22T07:20:10.970+0000] {subprocess.py:93} INFO -   File "/home/***/.local/lib/python3.12/site-packages/sqlalchemy/util/compat.py", line 211, in raise_
[2026-06-22T07:20:10.970+0000] {subprocess.py:93} INFO -     raise exception
[2026-06-22T07:20:10.971+0000] {subprocess.py:93} INFO -   File "/home/***/.local/lib/python3.12/site-packages/sqlalchemy/engine/base.py", line 3371, in _wrap_pool_connect
[2026-06-22T07:20:10.971+0000] {subprocess.py:93} INFO -     return fn()
[2026-06-22T07:20:10.972+0000] {subprocess.py:93} INFO -            ^^^^
[2026-06-22T07:20:10.973+0000] {subprocess.py:93} INFO -   File "/home/***/.local/lib/python3.12/site-packages/sqlalchemy/pool/base.py", line 327, in connect
[2026-06-22T07:20:10.973+0000] {subprocess.py:93} INFO -     return _ConnectionFairy._checkout(self)
[2026-06-22T07:20:10.974+0000] {subprocess.py:93} INFO -            ^^^^^^^^^^^^^^^^^^^^^^^^^^^^^^^^
[2026-06-22T07:20:10.975+0000] {subprocess.py:93} INFO -   File "/home/***/.local/lib/python3.12/site-packages/sqlalchemy/pool/base.py", line 894, in _checkout
[2026-06-22T07:20:10.975+0000] {subprocess.py:93} INFO -     fairy = _ConnectionRecord.checkout(pool)
[2026-06-22T07:20:10.976+0000] {subprocess.py:93} INFO -             ^^^^^^^^^^^^^^^^^^^^^^^^^^^^^^^^
[2026-06-22T07:20:10.977+0000] {subprocess.py:93} INFO -   File "/home/***/.local/lib/python3.12/site-packages/sqlalchemy/pool/base.py", line 493, in checkout
[2026-06-22T07:20:10.977+0000] {subprocess.py:93} INFO -     rec = pool._do_get()
[2026-06-22T07:20:10.978+0000] {subprocess.py:93} INFO -           ^^^^^^^^^^^^^^
[2026-06-22T07:20:10.978+0000] {subprocess.py:93} INFO -   File "/home/***/.local/lib/python3.12/site-packages/sqlalchemy/pool/impl.py", line 145, in _do_get
[2026-06-22T07:20:10.979+0000] {subprocess.py:93} INFO -     with util.safe_reraise():
[2026-06-22T07:20:10.980+0000] {subprocess.py:93} INFO -   File "/home/***/.local/lib/python3.12/site-packages/sqlalchemy/util/langhelpers.py", line 70, in __exit__
[2026-06-22T07:20:10.981+0000] {subprocess.py:93} INFO -     compat.raise_(
[2026-06-22T07:20:10.982+0000] {subprocess.py:93} INFO -   File "/home/***/.local/lib/python3.12/site-packages/sqlalchemy/util/compat.py", line 211, in raise_
[2026-06-22T07:20:10.983+0000] {subprocess.py:93} INFO -     raise exception
[2026-06-22T07:20:10.983+0000] {subprocess.py:93} INFO -   File "/home/***/.local/lib/python3.12/site-packages/sqlalchemy/pool/impl.py", line 143, in _do_get
[2026-06-22T07:20:10.984+0000] {subprocess.py:93} INFO -     return self._create_connection()
[2026-06-22T07:20:10.985+0000] {subprocess.py:93} INFO -            ^^^^^^^^^^^^^^^^^^^^^^^^^
[2026-06-22T07:20:10.986+0000] {subprocess.py:93} INFO -   File "/home/***/.local/lib/python3.12/site-packages/sqlalchemy/pool/base.py", line 273, in _create_connection
[2026-06-22T07:20:10.986+0000] {subprocess.py:93} INFO -     return _ConnectionRecord(self)
[2026-06-22T07:20:10.987+0000] {subprocess.py:93} INFO -            ^^^^^^^^^^^^^^^^^^^^^^^
[2026-06-22T07:20:10.988+0000] {subprocess.py:93} INFO -   File "/home/***/.local/lib/python3.12/site-packages/sqlalchemy/pool/base.py", line 388, in __init__
[2026-06-22T07:20:10.988+0000] {subprocess.py:93} INFO -     self.__connect()
[2026-06-22T07:20:10.989+0000] {subprocess.py:93} INFO -   File "/home/***/.local/lib/python3.12/site-packages/sqlalchemy/pool/base.py", line 690, in __connect
[2026-06-22T07:20:10.990+0000] {subprocess.py:93} INFO -     with util.safe_reraise():
[2026-06-22T07:20:10.990+0000] {subprocess.py:93} INFO -   File "/home/***/.local/lib/python3.12/site-packages/sqlalchemy/util/langhelpers.py", line 70, in __exit__
[2026-06-22T07:20:10.991+0000] {subprocess.py:93} INFO -     compat.raise_(
[2026-06-22T07:20:10.992+0000] {subprocess.py:93} INFO -   File "/home/***/.local/lib/python3.12/site-packages/sqlalchemy/util/compat.py", line 211, in raise_
[2026-06-22T07:20:10.993+0000] {subprocess.py:93} INFO -     raise exception
[2026-06-22T07:20:10.993+0000] {subprocess.py:93} INFO -   File "/home/***/.local/lib/python3.12/site-packages/sqlalchemy/pool/base.py", line 686, in __connect
[2026-06-22T07:20:10.994+0000] {subprocess.py:93} INFO -     self.dbapi_connection = connection = pool._invoke_creator(self)
[2026-06-22T07:20:10.994+0000] {subprocess.py:93} INFO -                                          ^^^^^^^^^^^^^^^^^^^^^^^^^^
[2026-06-22T07:20:10.995+0000] {subprocess.py:93} INFO -   File "/home/***/.local/lib/python3.12/site-packages/sqlalchemy/engine/create.py", line 574, in connect
[2026-06-22T07:20:10.996+0000] {subprocess.py:93} INFO -     return dialect.connect(*cargs, **cparams)
[2026-06-22T07:20:10.997+0000] {subprocess.py:93} INFO -            ^^^^^^^^^^^^^^^^^^^^^^^^^^^^^^^^^^
[2026-06-22T07:20:10.998+0000] {subprocess.py:93} INFO -   File "/home/***/.local/lib/python3.12/site-packages/sqlalchemy/engine/default.py", line 598, in connect
[2026-06-22T07:20:10.999+0000] {subprocess.py:93} INFO -     return self.dbapi.connect(*cargs, **cparams)
[2026-06-22T07:20:11.000+0000] {subprocess.py:93} INFO -            ^^^^^^^^^^^^^^^^^^^^^^^^^^^^^^^^^^^^^
[2026-06-22T07:20:11.001+0000] {subprocess.py:93} INFO -   File "/home/***/.local/lib/python3.12/site-packages/pymysql/connections.py", line 372, in __init__
[2026-06-22T07:20:11.002+0000] {subprocess.py:93} INFO -     self.connect()
[2026-06-22T07:20:11.003+0000] {subprocess.py:93} INFO -   File "/home/***/.local/lib/python3.12/site-packages/pymysql/connections.py", line 744, in connect
[2026-06-22T07:20:11.003+0000] {subprocess.py:93} INFO -     raise exc
[2026-06-22T07:20:11.004+0000] {subprocess.py:93} INFO - sqlalchemy.exc.OperationalError: (pymysql.err.OperationalError) (2003, "Can't connect to MySQL server on 'localhost' ([Errno 111] Connection refused)")
[2026-06-22T07:20:11.005+0000] {subprocess.py:93} INFO - (Background on this error at: https://sqlalche.me/e/14/e3q8)
[2026-06-22T07:20:11.005+0000] {subprocess.py:93} INFO - 
[2026-06-22T07:20:11.006+0000] {subprocess.py:93} INFO - During handling of the above exception, another exception occurred:
[2026-06-22T07:20:11.007+0000] {subprocess.py:93} INFO - 
[2026-06-22T07:20:11.008+0000] {subprocess.py:93} INFO - Traceback (most recent call last):
[2026-06-22T07:20:11.008+0000] {subprocess.py:93} INFO -   File "/opt/***/src/main.py", line 95, in <module>
[2026-06-22T07:20:11.009+0000] {subprocess.py:93} INFO -     main()
[2026-06-22T07:20:11.010+0000] {subprocess.py:93} INFO -   File "/opt/***/src/main.py", line 40, in main
[2026-06-22T07:20:11.010+0000] {subprocess.py:93} INFO -     result = run_pipeline(row)
[2026-06-22T07:20:11.011+0000] {subprocess.py:93} INFO -              ^^^^^^^^^^^^^^^^^
[2026-06-22T07:20:11.012+0000] {subprocess.py:93} INFO -   File "/opt/***/src/pipeline_executor.py", line 506, in run_pipeline
[2026-06-22T07:20:11.013+0000] {subprocess.py:93} INFO -     df = extract_data(
[2026-06-22T07:20:11.014+0000] {subprocess.py:93} INFO -          ^^^^^^^^^^^^^
[2026-06-22T07:20:11.015+0000] {subprocess.py:93} INFO -   File "/opt/***/src/extractor.py", line 203, in extract_data
[2026-06-22T07:20:11.015+0000] {subprocess.py:93} INFO -     engine = connect_db(config)
[2026-06-22T07:20:11.016+0000] {subprocess.py:93} INFO -              ^^^^^^^^^^^^^^^^^^
[2026-06-22T07:20:11.017+0000] {subprocess.py:93} INFO -   File "/opt/***/src/extractor.py", line 186, in connect_db
[2026-06-22T07:20:11.018+0000] {subprocess.py:93} INFO -     raise ConnectionError(
[2026-06-22T07:20:11.018+0000] {subprocess.py:93} INFO - ConnectionError: Could not connect to MYSQL: (pymysql.err.OperationalError) (2003, "Can't connect to MySQL server on 'localhost' ([Errno 111] Connection refused)")
[2026-06-22T07:20:11.019+0000] {subprocess.py:93} INFO - (Background on this error at: https://sqlalche.me/e/14/e3q8)
[2026-06-22T07:20:11.147+0000] {subprocess.py:97} INFO - Command exited with return code 1
[2026-06-22T07:20:11.149+0000] {taskinstance.py:441} INFO - ::group::Post task execution logs
[2026-06-22T07:20:11.164+0000] {taskinstance.py:2905} ERROR - Task failed with exception
Traceback (most recent call last):
  File "/home/airflow/.local/lib/python3.12/site-packages/airflow/models/taskinstance.py", line 465, in _execute_task
    result = _execute_callable(context=context, **execute_callable_kwargs)
             ^^^^^^^^^^^^^^^^^^^^^^^^^^^^^^^^^^^^^^^^^^^^^^^^^^^^^^^^^^^^^
  File "/home/airflow/.local/lib/python3.12/site-packages/airflow/models/taskinstance.py", line 432, in _execute_callable
    return execute_callable(context=context, **execute_callable_kwargs)
           ^^^^^^^^^^^^^^^^^^^^^^^^^^^^^^^^^^^^^^^^^^^^^^^^^^^^^^^^^^^^
  File "/home/airflow/.local/lib/python3.12/site-packages/airflow/models/baseoperator.py", line 400, in wrapper
    return func(self, *args, **kwargs)
           ^^^^^^^^^^^^^^^^^^^^^^^^^^^
  File "/home/airflow/.local/lib/python3.12/site-packages/airflow/operators/bash.py", line 243, in execute
    raise AirflowException(
airflow.exceptions.AirflowException: Bash command failed. The command returned a non-zero exit code 1.
[2026-06-22T07:20:11.172+0000] {taskinstance.py:1206} INFO - Marking task as UP_FOR_RETRY. dag_id=sales_db_to_postgres, task_id=run_pipeline_8, run_id=scheduled__2026-06-22T07:15:00+00:00, execution_date=20260622T071500, start_date=20260622T072003, end_date=20260622T072011
[2026-06-22T07:20:11.202+0000] {standard_task_runner.py:110} ERROR - Failed to execute job 363 for task run_pipeline_8 (Bash command failed. The command returned a non-zero exit code 1.; 2531)
[2026-06-22T07:20:11.238+0000] {local_task_job_runner.py:240} INFO - Task exited with return code 1
[2026-06-22T07:20:11.260+0000] {taskinstance.py:3498} INFO - 0 downstream tasks scheduled from follow-on schedule check
[2026-06-22T07:20:11.268+0000] {local_task_job_runner.py:222} INFO - ::endgroup::
