[2026-06-04T07:20:02.683+0000] {local_task_job_runner.py:120} INFO - ::group::Pre task execution logs
[2026-06-04T07:20:02.812+0000] {taskinstance.py:2076} INFO - Dependencies all met for dep_context=non-requeueable deps ti=<TaskInstance: local_to_postgres_pipeline.run_pipeline_4 scheduled__2026-06-04T07:15:00+00:00 [queued]>
[2026-06-04T07:20:02.848+0000] {taskinstance.py:2076} INFO - Dependencies all met for dep_context=requeueable deps ti=<TaskInstance: local_to_postgres_pipeline.run_pipeline_4 scheduled__2026-06-04T07:15:00+00:00 [queued]>
[2026-06-04T07:20:02.850+0000] {taskinstance.py:2306} INFO - Starting attempt 1 of 2
[2026-06-04T07:20:02.899+0000] {taskinstance.py:2330} INFO - Executing <Task(BashOperator): run_pipeline_4> on 2026-06-04 07:15:00+00:00
[2026-06-04T07:20:02.954+0000] {standard_task_runner.py:90} INFO - Running: ['***', 'tasks', 'run', 'local_to_postgres_pipeline', 'run_pipeline_4', 'scheduled__2026-06-04T07:15:00+00:00', '--job-id', '302', '--raw', '--subdir', 'DAGS_FOLDER/dynamic_pipeline_generator.py', '--cfg-path', '/tmp/tmp6jii5ql7']
[2026-06-04T07:20:02.986+0000] {standard_task_runner.py:91} INFO - Job 302: Subtask run_pipeline_4
[2026-06-04T07:20:03.118+0000] {logging_mixin.py:188} WARNING - /home/***/.local/lib/python3.12/site-packages/***/task/task_runner/standard_task_runner.py:61 DeprecationWarning: This process (pid=5631) is multi-threaded, use of fork() may lead to deadlocks in the child.
[2026-06-04T07:20:03.129+0000] {standard_task_runner.py:63} INFO - Started process 5635 to run task
[2026-06-04T07:20:03.340+0000] {task_command.py:426} INFO - Running <TaskInstance: local_to_postgres_pipeline.run_pipeline_4 scheduled__2026-06-04T07:15:00+00:00 [running]> on host b044b6a9b6bd
[2026-06-04T07:20:03.869+0000] {taskinstance.py:2648} INFO - Exporting env vars: AIRFLOW_CTX_DAG_OWNER='subashri' AIRFLOW_CTX_DAG_ID='local_to_postgres_pipeline' AIRFLOW_CTX_TASK_ID='run_pipeline_4' AIRFLOW_CTX_EXECUTION_DATE='2026-06-04T07:15:00+00:00' AIRFLOW_CTX_TRY_NUMBER='1' AIRFLOW_CTX_DAG_RUN_ID='scheduled__2026-06-04T07:15:00+00:00'
[2026-06-04T07:20:03.873+0000] {taskinstance.py:430} INFO - ::endgroup::
[2026-06-04T07:20:03.947+0000] {subprocess.py:63} INFO - Tmp dir root location: /tmp
[2026-06-04T07:20:03.955+0000] {subprocess.py:75} INFO - Running command: ['/usr/bin/bash', '-c', 'cd /opt/***/src && python main.py 4']
[2026-06-04T07:20:04.053+0000] {subprocess.py:86} INFO - Output:
[2026-06-04T07:20:23.378+0000] {subprocess.py:93} INFO - Using CPU. Note: This module is much faster with a GPU.
[2026-06-04T07:21:29.976+0000] {subprocess.py:93} INFO - /home/***/.local/lib/python3.12/site-packages/torch/utils/data/dataloader.py:752: UserWarning: 'pin_memory' argument is set as true but no accelerator is found, then device pinned memory won't be used.
[2026-06-04T07:21:29.982+0000] {subprocess.py:93} INFO -   super().__init__(loader)
[2026-06-04T07:22:17.695+0000] {subprocess.py:93} INFO - 
[2026-06-04T07:22:17.696+0000] {subprocess.py:93} INFO - ===================================
[2026-06-04T07:22:17.696+0000] {subprocess.py:93} INFO - DATABASE CONNECTION CONFIG
[2026-06-04T07:22:17.697+0000] {subprocess.py:93} INFO - ===================================
[2026-06-04T07:22:17.697+0000] {subprocess.py:93} INFO - DB TYPE   : postgres
[2026-06-04T07:22:17.698+0000] {subprocess.py:93} INFO - HOST      : 3.107.8.33
[2026-06-04T07:22:17.708+0000] {subprocess.py:93} INFO - PORT      : 5432
[2026-06-04T07:22:17.709+0000] {subprocess.py:93} INFO - DATABASE  : metadata_db
[2026-06-04T07:22:17.709+0000] {subprocess.py:93} INFO - USERNAME  : teamuser
[2026-06-04T07:22:17.710+0000] {subprocess.py:93} INFO - ===================================
[2026-06-04T07:22:17.710+0000] {subprocess.py:93} INFO - 
[2026-06-04T07:22:17.710+0000] {subprocess.py:93} INFO - Connected to POSTGRES successfully.
[2026-06-04T07:22:17.711+0000] {subprocess.py:93} INFO - 
[2026-06-04T07:22:17.711+0000] {subprocess.py:93} INFO - Running pipeline: local_to_postgres_pipeline (storage_to_db)
[2026-06-04T07:22:17.711+0000] {subprocess.py:93} INFO - Loading table: customer (2 rows)
[2026-06-04T07:22:17.712+0000] {subprocess.py:93} INFO - Loading table: data pic1 (91 rows)
[2026-06-04T07:22:17.712+0000] {subprocess.py:93} INFO - Loading table: employee (20 rows)
[2026-06-04T07:22:17.713+0000] {subprocess.py:93} INFO - Loading table: employee_data (100 rows)
[2026-06-04T07:22:17.713+0000] {subprocess.py:93} INFO - Loading table: sample (2 rows)
[2026-06-04T07:22:17.713+0000] {subprocess.py:93} INFO - Loading table: word (12 rows)
[2026-06-04T07:22:17.714+0000] {subprocess.py:93} INFO - Processed total rows: 227
[2026-06-04T07:22:17.714+0000] {subprocess.py:93} INFO - Completed: 227 rows processed
[2026-06-04T07:22:18.555+0000] {subprocess.py:97} INFO - Command exited with return code 0
[2026-06-04T07:22:18.566+0000] {taskinstance.py:441} INFO - ::group::Post task execution logs
[2026-06-04T07:22:18.597+0000] {taskinstance.py:1206} INFO - Marking task as SUCCESS. dag_id=local_to_postgres_pipeline, task_id=run_pipeline_4, run_id=scheduled__2026-06-04T07:15:00+00:00, execution_date=20260604T071500, start_date=20260604T072002, end_date=20260604T072218
[2026-06-04T07:22:18.639+0000] {local_task_job_runner.py:240} INFO - Task exited with return code 0
[2026-06-04T07:22:18.657+0000] {taskinstance.py:3498} INFO - 0 downstream tasks scheduled from follow-on schedule check
[2026-06-04T07:22:18.660+0000] {local_task_job_runner.py:222} INFO - ::endgroup::
