[2026-06-04T06:45:02.886+0000] {local_task_job_runner.py:120} INFO - ::group::Pre task execution logs
[2026-06-04T06:45:02.967+0000] {taskinstance.py:2076} INFO - Dependencies all met for dep_context=non-requeueable deps ti=<TaskInstance: postgres_to_s3_pipeline.run_pipeline_1 scheduled__2026-06-04T06:40:00+00:00 [queued]>
[2026-06-04T06:45:02.989+0000] {taskinstance.py:2076} INFO - Dependencies all met for dep_context=requeueable deps ti=<TaskInstance: postgres_to_s3_pipeline.run_pipeline_1 scheduled__2026-06-04T06:40:00+00:00 [queued]>
[2026-06-04T06:45:02.991+0000] {taskinstance.py:2306} INFO - Starting attempt 1 of 2
[2026-06-04T06:45:03.025+0000] {taskinstance.py:2330} INFO - Executing <Task(BashOperator): run_pipeline_1> on 2026-06-04 06:40:00+00:00
[2026-06-04T06:45:03.048+0000] {standard_task_runner.py:90} INFO - Running: ['***', 'tasks', 'run', 'postgres_to_s3_pipeline', 'run_pipeline_1', 'scheduled__2026-06-04T06:40:00+00:00', '--job-id', '251', '--raw', '--subdir', 'DAGS_FOLDER/dynamic_pipeline_generator.py', '--cfg-path', '/tmp/tmpp8thof13']
[2026-06-04T06:45:03.057+0000] {standard_task_runner.py:91} INFO - Job 251: Subtask run_pipeline_1
[2026-06-04T06:45:03.082+0000] {logging_mixin.py:188} WARNING - /home/***/.local/lib/python3.12/site-packages/***/task/task_runner/standard_task_runner.py:61 DeprecationWarning: This process (pid=4200) is multi-threaded, use of fork() may lead to deadlocks in the child.
[2026-06-04T06:45:03.086+0000] {standard_task_runner.py:63} INFO - Started process 4203 to run task
[2026-06-04T06:45:03.197+0000] {task_command.py:426} INFO - Running <TaskInstance: postgres_to_s3_pipeline.run_pipeline_1 scheduled__2026-06-04T06:40:00+00:00 [running]> on host b044b6a9b6bd
[2026-06-04T06:45:03.465+0000] {taskinstance.py:2648} INFO - Exporting env vars: AIRFLOW_CTX_DAG_OWNER='subashri' AIRFLOW_CTX_DAG_ID='postgres_to_s3_pipeline' AIRFLOW_CTX_TASK_ID='run_pipeline_1' AIRFLOW_CTX_EXECUTION_DATE='2026-06-04T06:40:00+00:00' AIRFLOW_CTX_TRY_NUMBER='1' AIRFLOW_CTX_DAG_RUN_ID='scheduled__2026-06-04T06:40:00+00:00'
[2026-06-04T06:45:03.470+0000] {taskinstance.py:430} INFO - ::endgroup::
[2026-06-04T06:45:03.522+0000] {subprocess.py:63} INFO - Tmp dir root location: /tmp
[2026-06-04T06:45:03.527+0000] {subprocess.py:75} INFO - Running command: ['/usr/bin/bash', '-c', 'cd /opt/***/src && python main.py 1']
[2026-06-04T06:45:03.551+0000] {subprocess.py:86} INFO - Output:
[2026-06-04T06:45:54.741+0000] {subprocess.py:93} INFO - 
[2026-06-04T06:45:54.784+0000] {subprocess.py:93} INFO - ===================================
[2026-06-04T06:45:54.787+0000] {subprocess.py:93} INFO - DATABASE CONNECTION CONFIG
[2026-06-04T06:45:54.793+0000] {subprocess.py:93} INFO - ===================================
[2026-06-04T06:45:54.795+0000] {subprocess.py:93} INFO - DB TYPE   : postgres
[2026-06-04T06:45:54.797+0000] {subprocess.py:93} INFO - HOST      : 3.107.8.33
[2026-06-04T06:45:54.798+0000] {subprocess.py:93} INFO - PORT      : 5432
[2026-06-04T06:45:54.801+0000] {subprocess.py:93} INFO - DATABASE  : metadata_db
[2026-06-04T06:45:54.803+0000] {subprocess.py:93} INFO - USERNAME  : teamuser
[2026-06-04T06:45:54.807+0000] {subprocess.py:93} INFO - ===================================
[2026-06-04T06:45:54.809+0000] {subprocess.py:93} INFO - 
[2026-06-04T06:45:54.811+0000] {subprocess.py:93} INFO - Connected to POSTGRES successfully.
[2026-06-04T06:45:54.812+0000] {subprocess.py:93} INFO - 
[2026-06-04T06:45:54.814+0000] {subprocess.py:93} INFO - Running pipeline: postgres_to_s3_pipeline (db_to_storage)
[2026-06-04T06:45:54.816+0000] {subprocess.py:93} INFO - 
[2026-06-04T06:45:54.819+0000] {subprocess.py:93} INFO - ===================================
[2026-06-04T06:45:54.820+0000] {subprocess.py:93} INFO - DATABASE CONNECTION CONFIG
[2026-06-04T06:45:54.826+0000] {subprocess.py:93} INFO - ===================================
[2026-06-04T06:45:54.828+0000] {subprocess.py:93} INFO - DB TYPE   : postgres
[2026-06-04T06:45:54.830+0000] {subprocess.py:93} INFO - HOST      : 3.107.8.33
[2026-06-04T06:45:54.839+0000] {subprocess.py:93} INFO - PORT      : 5432
[2026-06-04T06:45:54.846+0000] {subprocess.py:93} INFO - DATABASE  : udifdb
[2026-06-04T06:45:54.849+0000] {subprocess.py:93} INFO - USERNAME  : teamuser
[2026-06-04T06:45:54.852+0000] {subprocess.py:93} INFO - ===================================
[2026-06-04T06:45:54.863+0000] {subprocess.py:93} INFO - 
[2026-06-04T06:45:54.866+0000] {subprocess.py:93} INFO - Connected to POSTGRES successfully.
[2026-06-04T06:45:54.871+0000] {subprocess.py:93} INFO - Completed: 4653 rows processed
[2026-06-04T06:45:55.897+0000] {subprocess.py:97} INFO - Command exited with return code 0
[2026-06-04T06:45:56.049+0000] {taskinstance.py:441} INFO - ::group::Post task execution logs
[2026-06-04T06:45:57.048+0000] {taskinstance.py:1206} INFO - Marking task as SUCCESS. dag_id=postgres_to_s3_pipeline, task_id=run_pipeline_1, run_id=scheduled__2026-06-04T06:40:00+00:00, execution_date=20260604T064000, start_date=20260604T064502, end_date=20260604T064557
[2026-06-04T06:45:58.482+0000] {local_task_job_runner.py:240} INFO - Task exited with return code 0
[2026-06-04T06:46:00.352+0000] {local_task_job_runner.py:222} INFO - ::endgroup::
