[2026-06-04T07:15:03.595+0000] {local_task_job_runner.py:120} INFO - ::group::Pre task execution logs
[2026-06-04T07:15:03.742+0000] {taskinstance.py:2076} INFO - Dependencies all met for dep_context=non-requeueable deps ti=<TaskInstance: s3_to_postgres_pipeline.run_pipeline_5 scheduled__2026-06-04T07:10:00+00:00 [queued]>
[2026-06-04T07:15:03.780+0000] {taskinstance.py:2076} INFO - Dependencies all met for dep_context=requeueable deps ti=<TaskInstance: s3_to_postgres_pipeline.run_pipeline_5 scheduled__2026-06-04T07:10:00+00:00 [queued]>
[2026-06-04T07:15:03.782+0000] {taskinstance.py:2306} INFO - Starting attempt 1 of 2
[2026-06-04T07:15:03.857+0000] {taskinstance.py:2330} INFO - Executing <Task(BashOperator): run_pipeline_5> on 2026-06-04 07:10:00+00:00
[2026-06-04T07:15:03.935+0000] {standard_task_runner.py:90} INFO - Running: ['***', 'tasks', 'run', 's3_to_postgres_pipeline', 'run_pipeline_5', 'scheduled__2026-06-04T07:10:00+00:00', '--job-id', '294', '--raw', '--subdir', 'DAGS_FOLDER/dynamic_pipeline_generator.py', '--cfg-path', '/tmp/tmpuj9jd5b9']
[2026-06-04T07:15:03.955+0000] {standard_task_runner.py:91} INFO - Job 294: Subtask run_pipeline_5
[2026-06-04T07:15:03.995+0000] {logging_mixin.py:188} WARNING - /home/***/.local/lib/python3.12/site-packages/***/task/task_runner/standard_task_runner.py:61 DeprecationWarning: This process (pid=5426) is multi-threaded, use of fork() may lead to deadlocks in the child.
[2026-06-04T07:15:03.999+0000] {standard_task_runner.py:63} INFO - Started process 5430 to run task
[2026-06-04T07:15:04.206+0000] {task_command.py:426} INFO - Running <TaskInstance: s3_to_postgres_pipeline.run_pipeline_5 scheduled__2026-06-04T07:10:00+00:00 [running]> on host b044b6a9b6bd
[2026-06-04T07:15:04.692+0000] {taskinstance.py:2648} INFO - Exporting env vars: AIRFLOW_CTX_DAG_OWNER='subashri' AIRFLOW_CTX_DAG_ID='s3_to_postgres_pipeline' AIRFLOW_CTX_TASK_ID='run_pipeline_5' AIRFLOW_CTX_EXECUTION_DATE='2026-06-04T07:10:00+00:00' AIRFLOW_CTX_TRY_NUMBER='1' AIRFLOW_CTX_DAG_RUN_ID='scheduled__2026-06-04T07:10:00+00:00'
[2026-06-04T07:15:04.700+0000] {taskinstance.py:430} INFO - ::endgroup::
[2026-06-04T07:15:04.897+0000] {subprocess.py:63} INFO - Tmp dir root location: /tmp
[2026-06-04T07:15:04.915+0000] {subprocess.py:75} INFO - Running command: ['/usr/bin/bash', '-c', 'cd /opt/***/src && python main.py 5']
[2026-06-04T07:15:05.055+0000] {subprocess.py:86} INFO - Output:
[2026-06-04T07:15:36.172+0000] {subprocess.py:93} INFO - 
[2026-06-04T07:15:36.185+0000] {subprocess.py:93} INFO - ===================================
[2026-06-04T07:15:36.209+0000] {subprocess.py:93} INFO - DATABASE CONNECTION CONFIG
[2026-06-04T07:15:36.217+0000] {subprocess.py:93} INFO - ===================================
[2026-06-04T07:15:36.219+0000] {subprocess.py:93} INFO - DB TYPE   : postgres
[2026-06-04T07:15:36.226+0000] {subprocess.py:93} INFO - HOST      : 3.107.8.33
[2026-06-04T07:15:36.229+0000] {subprocess.py:93} INFO - PORT      : 5432
[2026-06-04T07:15:36.237+0000] {subprocess.py:93} INFO - DATABASE  : metadata_db
[2026-06-04T07:15:36.239+0000] {subprocess.py:93} INFO - USERNAME  : teamuser
[2026-06-04T07:15:36.242+0000] {subprocess.py:93} INFO - ===================================
[2026-06-04T07:15:36.252+0000] {subprocess.py:93} INFO - 
[2026-06-04T07:15:36.254+0000] {subprocess.py:93} INFO - Connected to POSTGRES successfully.
[2026-06-04T07:15:36.256+0000] {subprocess.py:93} INFO - 
[2026-06-04T07:15:36.257+0000] {subprocess.py:93} INFO - Running pipeline: s3_to_postgres_pipeline (storage_to_db)
[2026-06-04T07:15:36.260+0000] {subprocess.py:93} INFO - Loading table: customer_feb (120 rows)
[2026-06-04T07:15:36.263+0000] {subprocess.py:93} INFO - Loading table: customer_jan (100 rows)
[2026-06-04T07:15:36.284+0000] {subprocess.py:93} INFO - Loading table: customer_march (150 rows)
[2026-06-04T07:15:36.288+0000] {subprocess.py:93} INFO - Processed total rows: 370
[2026-06-04T07:15:36.296+0000] {subprocess.py:93} INFO - Completed: 370 rows processed
[2026-06-04T07:15:37.556+0000] {subprocess.py:97} INFO - Command exited with return code 0
[2026-06-04T07:15:37.564+0000] {taskinstance.py:441} INFO - ::group::Post task execution logs
[2026-06-04T07:15:37.896+0000] {taskinstance.py:1206} INFO - Marking task as SUCCESS. dag_id=s3_to_postgres_pipeline, task_id=run_pipeline_5, run_id=scheduled__2026-06-04T07:10:00+00:00, execution_date=20260604T071000, start_date=20260604T071503, end_date=20260604T071537
[2026-06-04T07:15:38.213+0000] {local_task_job_runner.py:240} INFO - Task exited with return code 0
[2026-06-04T07:15:39.246+0000] {local_task_job_runner.py:222} INFO - ::endgroup::
