[2026-06-04T06:50:06.060+0000] {local_task_job_runner.py:120} INFO - ::group::Pre task execution logs
[2026-06-04T06:50:06.236+0000] {taskinstance.py:2076} INFO - Dependencies all met for dep_context=non-requeueable deps ti=<TaskInstance: s3_to_local_pipeline.run_pipeline_7 scheduled__2026-06-04T06:45:00+00:00 [queued]>
[2026-06-04T06:50:06.310+0000] {taskinstance.py:2076} INFO - Dependencies all met for dep_context=requeueable deps ti=<TaskInstance: s3_to_local_pipeline.run_pipeline_7 scheduled__2026-06-04T06:45:00+00:00 [queued]>
[2026-06-04T06:50:06.314+0000] {taskinstance.py:2306} INFO - Starting attempt 1 of 2
[2026-06-04T06:50:06.418+0000] {taskinstance.py:2330} INFO - Executing <Task(BashOperator): run_pipeline_7> on 2026-06-04 06:45:00+00:00
[2026-06-04T06:50:06.500+0000] {standard_task_runner.py:90} INFO - Running: ['***', 'tasks', 'run', 's3_to_local_pipeline', 'run_pipeline_7', 'scheduled__2026-06-04T06:45:00+00:00', '--job-id', '262', '--raw', '--subdir', 'DAGS_FOLDER/dynamic_pipeline_generator.py', '--cfg-path', '/tmp/tmpb0jnb737']
[2026-06-04T06:50:06.539+0000] {standard_task_runner.py:91} INFO - Job 262: Subtask run_pipeline_7
[2026-06-04T06:50:06.540+0000] {logging_mixin.py:188} WARNING - /home/***/.local/lib/python3.12/site-packages/***/task/task_runner/standard_task_runner.py:61 DeprecationWarning: This process (pid=4404) is multi-threaded, use of fork() may lead to deadlocks in the child.
[2026-06-04T06:50:06.548+0000] {standard_task_runner.py:63} INFO - Started process 4417 to run task
[2026-06-04T06:50:06.843+0000] {task_command.py:426} INFO - Running <TaskInstance: s3_to_local_pipeline.run_pipeline_7 scheduled__2026-06-04T06:45:00+00:00 [running]> on host b044b6a9b6bd
[2026-06-04T06:50:07.423+0000] {taskinstance.py:2648} INFO - Exporting env vars: AIRFLOW_CTX_DAG_OWNER='subashri' AIRFLOW_CTX_DAG_ID='s3_to_local_pipeline' AIRFLOW_CTX_TASK_ID='run_pipeline_7' AIRFLOW_CTX_EXECUTION_DATE='2026-06-04T06:45:00+00:00' AIRFLOW_CTX_TRY_NUMBER='1' AIRFLOW_CTX_DAG_RUN_ID='scheduled__2026-06-04T06:45:00+00:00'
[2026-06-04T06:50:07.426+0000] {taskinstance.py:430} INFO - ::endgroup::
[2026-06-04T06:50:07.521+0000] {subprocess.py:63} INFO - Tmp dir root location: /tmp
[2026-06-04T06:50:07.526+0000] {subprocess.py:75} INFO - Running command: ['/usr/bin/bash', '-c', 'cd /opt/***/src && python main.py 7']
[2026-06-04T06:50:07.585+0000] {subprocess.py:86} INFO - Output:
[2026-06-04T06:50:20.630+0000] {subprocess.py:93} INFO - 
[2026-06-04T06:50:20.631+0000] {subprocess.py:93} INFO - ===================================
[2026-06-04T06:50:20.633+0000] {subprocess.py:93} INFO - DATABASE CONNECTION CONFIG
[2026-06-04T06:50:20.635+0000] {subprocess.py:93} INFO - ===================================
[2026-06-04T06:50:20.637+0000] {subprocess.py:93} INFO - DB TYPE   : postgres
[2026-06-04T06:50:20.638+0000] {subprocess.py:93} INFO - HOST      : 3.107.8.33
[2026-06-04T06:50:20.640+0000] {subprocess.py:93} INFO - PORT      : 5432
[2026-06-04T06:50:20.642+0000] {subprocess.py:93} INFO - DATABASE  : metadata_db
[2026-06-04T06:50:20.646+0000] {subprocess.py:93} INFO - USERNAME  : teamuser
[2026-06-04T06:50:20.648+0000] {subprocess.py:93} INFO - ===================================
[2026-06-04T06:50:20.652+0000] {subprocess.py:93} INFO - 
[2026-06-04T06:50:20.653+0000] {subprocess.py:93} INFO - Connected to POSTGRES successfully.
[2026-06-04T06:50:20.655+0000] {subprocess.py:93} INFO - 
[2026-06-04T06:50:20.657+0000] {subprocess.py:93} INFO - Running pipeline: s3_to_local_pipeline (storage_to_storage)
[2026-06-04T06:50:20.662+0000] {subprocess.py:93} INFO - Processing file: customer_feb (120 rows)
[2026-06-04T06:50:20.667+0000] {subprocess.py:93} INFO - Processing file: customer_jan (100 rows)
[2026-06-04T06:50:20.669+0000] {subprocess.py:93} INFO - Processing file: customer_march (150 rows)
[2026-06-04T06:50:20.673+0000] {subprocess.py:93} INFO - Processed total rows: 370
[2026-06-04T06:50:20.675+0000] {subprocess.py:93} INFO - Completed: 370 rows processed
[2026-06-04T06:50:21.237+0000] {subprocess.py:97} INFO - Command exited with return code 0
[2026-06-04T06:50:21.244+0000] {taskinstance.py:441} INFO - ::group::Post task execution logs
[2026-06-04T06:50:21.335+0000] {taskinstance.py:1206} INFO - Marking task as SUCCESS. dag_id=s3_to_local_pipeline, task_id=run_pipeline_7, run_id=scheduled__2026-06-04T06:45:00+00:00, execution_date=20260604T064500, start_date=20260604T065006, end_date=20260604T065021
[2026-06-04T06:50:21.410+0000] {local_task_job_runner.py:240} INFO - Task exited with return code 0
[2026-06-04T06:50:21.483+0000] {taskinstance.py:3498} INFO - 0 downstream tasks scheduled from follow-on schedule check
[2026-06-04T06:50:21.498+0000] {local_task_job_runner.py:222} INFO - ::endgroup::
