[2026-05-28T11:27:49.131+0000] {local_task_job_runner.py:120} INFO - ::group::Pre task execution logs
[2026-05-28T11:27:49.183+0000] {taskinstance.py:2076} INFO - Dependencies all met for dep_context=non-requeueable deps ti=<TaskInstance: dynamic_metadata_pipeline.run_pipeline_1 manual__2026-05-28T11:27:48.421636+00:00 [queued]>
[2026-05-28T11:27:49.193+0000] {taskinstance.py:2076} INFO - Dependencies all met for dep_context=requeueable deps ti=<TaskInstance: dynamic_metadata_pipeline.run_pipeline_1 manual__2026-05-28T11:27:48.421636+00:00 [queued]>
[2026-05-28T11:27:49.195+0000] {taskinstance.py:2306} INFO - Starting attempt 1 of 2
[2026-05-28T11:27:49.212+0000] {taskinstance.py:2330} INFO - Executing <Task(BashOperator): run_pipeline_1> on 2026-05-28 11:27:48.421636+00:00
[2026-05-28T11:27:49.223+0000] {standard_task_runner.py:90} INFO - Running: ['***', 'tasks', 'run', 'dynamic_metadata_pipeline', 'run_pipeline_1', 'manual__2026-05-28T11:27:48.421636+00:00', '--job-id', '28', '--raw', '--subdir', 'DAGS_FOLDER/dynamic_pipeline_dag.py', '--cfg-path', '/tmp/tmpk4kbi2mj']
[2026-05-28T11:27:49.228+0000] {standard_task_runner.py:91} INFO - Job 28: Subtask run_pipeline_1
[2026-05-28T11:27:49.228+0000] {logging_mixin.py:188} WARNING - /home/***/.local/lib/python3.12/site-packages/***/task/task_runner/standard_task_runner.py:61 DeprecationWarning: This process (pid=375) is multi-threaded, use of fork() may lead to deadlocks in the child.
[2026-05-28T11:27:49.230+0000] {standard_task_runner.py:63} INFO - Started process 376 to run task
[2026-05-28T11:27:49.297+0000] {task_command.py:426} INFO - Running <TaskInstance: dynamic_metadata_pipeline.run_pipeline_1 manual__2026-05-28T11:27:48.421636+00:00 [running]> on host 8a92437a7f72
[2026-05-28T11:27:49.412+0000] {taskinstance.py:2648} INFO - Exporting env vars: AIRFLOW_CTX_DAG_OWNER='subashri' AIRFLOW_CTX_DAG_ID='dynamic_metadata_pipeline' AIRFLOW_CTX_TASK_ID='run_pipeline_1' AIRFLOW_CTX_EXECUTION_DATE='2026-05-28T11:27:48.421636+00:00' AIRFLOW_CTX_TRY_NUMBER='1' AIRFLOW_CTX_DAG_RUN_ID='manual__2026-05-28T11:27:48.421636+00:00'
[2026-05-28T11:27:49.415+0000] {taskinstance.py:430} INFO - ::endgroup::
[2026-05-28T11:27:49.455+0000] {subprocess.py:63} INFO - Tmp dir root location: /tmp
[2026-05-28T11:27:49.459+0000] {subprocess.py:75} INFO - Running command: ['/usr/bin/bash', '-c', 'cd /opt/***/src && python main.py 1']
[2026-05-28T11:27:49.474+0000] {subprocess.py:86} INFO - Output:
[2026-05-28T11:27:55.502+0000] {subprocess.py:93} INFO - Using CPU. Note: This module is much faster with a GPU.
[2026-05-28T11:28:19.004+0000] {subprocess.py:93} INFO - 
[2026-05-28T11:28:19.007+0000] {subprocess.py:93} INFO - ===================================
[2026-05-28T11:28:19.010+0000] {subprocess.py:93} INFO - DATABASE CONNECTION CONFIG
[2026-05-28T11:28:19.013+0000] {subprocess.py:93} INFO - ===================================
[2026-05-28T11:28:19.014+0000] {subprocess.py:93} INFO - DB TYPE   : postgres
[2026-05-28T11:28:19.017+0000] {subprocess.py:93} INFO - HOST      : 13.211.150.140
[2026-05-28T11:28:19.018+0000] {subprocess.py:93} INFO - PORT      : 5432
[2026-05-28T11:28:19.020+0000] {subprocess.py:93} INFO - DATABASE  : metadata_db
[2026-05-28T11:28:19.021+0000] {subprocess.py:93} INFO - USERNAME  : teamuser
[2026-05-28T11:28:19.023+0000] {subprocess.py:93} INFO - ===================================
[2026-05-28T11:28:19.024+0000] {subprocess.py:93} INFO - 
[2026-05-28T11:28:19.025+0000] {subprocess.py:93} INFO - Traceback (most recent call last):
[2026-05-28T11:28:19.026+0000] {subprocess.py:93} INFO -   File "/home/***/.local/lib/python3.12/site-packages/sqlalchemy/engine/base.py", line 3371, in _wrap_pool_connect
[2026-05-28T11:28:19.028+0000] {subprocess.py:93} INFO -     return fn()
[2026-05-28T11:28:19.029+0000] {subprocess.py:93} INFO -            ^^^^
[2026-05-28T11:28:19.030+0000] {subprocess.py:93} INFO -   File "/home/***/.local/lib/python3.12/site-packages/sqlalchemy/pool/base.py", line 327, in connect
[2026-05-28T11:28:19.032+0000] {subprocess.py:93} INFO -     return _ConnectionFairy._checkout(self)
[2026-05-28T11:28:19.033+0000] {subprocess.py:93} INFO -            ^^^^^^^^^^^^^^^^^^^^^^^^^^^^^^^^
[2026-05-28T11:28:19.035+0000] {subprocess.py:93} INFO -   File "/home/***/.local/lib/python3.12/site-packages/sqlalchemy/pool/base.py", line 894, in _checkout
[2026-05-28T11:28:19.036+0000] {subprocess.py:93} INFO -     fairy = _ConnectionRecord.checkout(pool)
[2026-05-28T11:28:19.038+0000] {subprocess.py:93} INFO -             ^^^^^^^^^^^^^^^^^^^^^^^^^^^^^^^^
[2026-05-28T11:28:19.039+0000] {subprocess.py:93} INFO -   File "/home/***/.local/lib/python3.12/site-packages/sqlalchemy/pool/base.py", line 493, in checkout
[2026-05-28T11:28:19.040+0000] {subprocess.py:93} INFO -     rec = pool._do_get()
[2026-05-28T11:28:19.041+0000] {subprocess.py:93} INFO -           ^^^^^^^^^^^^^^
[2026-05-28T11:28:19.043+0000] {subprocess.py:93} INFO -   File "/home/***/.local/lib/python3.12/site-packages/sqlalchemy/pool/impl.py", line 145, in _do_get
[2026-05-28T11:28:19.044+0000] {subprocess.py:93} INFO -     with util.safe_reraise():
[2026-05-28T11:28:19.045+0000] {subprocess.py:93} INFO -   File "/home/***/.local/lib/python3.12/site-packages/sqlalchemy/util/langhelpers.py", line 70, in __exit__
[2026-05-28T11:28:19.047+0000] {subprocess.py:93} INFO -     compat.raise_(
[2026-05-28T11:28:19.048+0000] {subprocess.py:93} INFO -   File "/home/***/.local/lib/python3.12/site-packages/sqlalchemy/util/compat.py", line 211, in raise_
[2026-05-28T11:28:19.049+0000] {subprocess.py:93} INFO -     raise exception
[2026-05-28T11:28:19.051+0000] {subprocess.py:93} INFO -   File "/home/***/.local/lib/python3.12/site-packages/sqlalchemy/pool/impl.py", line 143, in _do_get
[2026-05-28T11:28:19.052+0000] {subprocess.py:93} INFO -     return self._create_connection()
[2026-05-28T11:28:19.054+0000] {subprocess.py:93} INFO -            ^^^^^^^^^^^^^^^^^^^^^^^^^
[2026-05-28T11:28:19.055+0000] {subprocess.py:93} INFO -   File "/home/***/.local/lib/python3.12/site-packages/sqlalchemy/pool/base.py", line 273, in _create_connection
[2026-05-28T11:28:19.056+0000] {subprocess.py:93} INFO -     return _ConnectionRecord(self)
[2026-05-28T11:28:19.058+0000] {subprocess.py:93} INFO -            ^^^^^^^^^^^^^^^^^^^^^^^
[2026-05-28T11:28:19.059+0000] {subprocess.py:93} INFO -   File "/home/***/.local/lib/python3.12/site-packages/sqlalchemy/pool/base.py", line 388, in __init__
[2026-05-28T11:28:19.061+0000] {subprocess.py:93} INFO -     self.__connect()
[2026-05-28T11:28:19.062+0000] {subprocess.py:93} INFO -   File "/home/***/.local/lib/python3.12/site-packages/sqlalchemy/pool/base.py", line 690, in __connect
[2026-05-28T11:28:19.063+0000] {subprocess.py:93} INFO -     with util.safe_reraise():
[2026-05-28T11:28:19.065+0000] {subprocess.py:93} INFO -   File "/home/***/.local/lib/python3.12/site-packages/sqlalchemy/util/langhelpers.py", line 70, in __exit__
[2026-05-28T11:28:19.069+0000] {subprocess.py:93} INFO -     compat.raise_(
[2026-05-28T11:28:19.070+0000] {subprocess.py:93} INFO -   File "/home/***/.local/lib/python3.12/site-packages/sqlalchemy/util/compat.py", line 211, in raise_
[2026-05-28T11:28:19.072+0000] {subprocess.py:93} INFO -     raise exception
[2026-05-28T11:28:19.073+0000] {subprocess.py:93} INFO -   File "/home/***/.local/lib/python3.12/site-packages/sqlalchemy/pool/base.py", line 686, in __connect
[2026-05-28T11:28:19.074+0000] {subprocess.py:93} INFO -     self.dbapi_connection = connection = pool._invoke_creator(self)
[2026-05-28T11:28:19.076+0000] {subprocess.py:93} INFO -                                          ^^^^^^^^^^^^^^^^^^^^^^^^^^
[2026-05-28T11:28:19.077+0000] {subprocess.py:93} INFO -   File "/home/***/.local/lib/python3.12/site-packages/sqlalchemy/engine/create.py", line 574, in connect
[2026-05-28T11:28:19.079+0000] {subprocess.py:93} INFO -     return dialect.connect(*cargs, **cparams)
[2026-05-28T11:28:19.080+0000] {subprocess.py:93} INFO -            ^^^^^^^^^^^^^^^^^^^^^^^^^^^^^^^^^^
[2026-05-28T11:28:19.081+0000] {subprocess.py:93} INFO -   File "/home/***/.local/lib/python3.12/site-packages/sqlalchemy/engine/default.py", line 598, in connect
[2026-05-28T11:28:19.083+0000] {subprocess.py:93} INFO -     return self.dbapi.connect(*cargs, **cparams)
[2026-05-28T11:28:19.084+0000] {subprocess.py:93} INFO -            ^^^^^^^^^^^^^^^^^^^^^^^^^^^^^^^^^^^^^
[2026-05-28T11:28:19.086+0000] {subprocess.py:93} INFO -   File "/home/***/.local/lib/python3.12/site-packages/psycopg2/__init__.py", line 122, in connect
[2026-05-28T11:28:19.087+0000] {subprocess.py:93} INFO -     conn = _connect(dsn, connection_factory=connection_factory, **kwasync)
[2026-05-28T11:28:19.088+0000] {subprocess.py:93} INFO -            ^^^^^^^^^^^^^^^^^^^^^^^^^^^^^^^^^^^^^^^^^^^^^^^^^^^^^^^^^^^^^^^
[2026-05-28T11:28:19.089+0000] {subprocess.py:93} INFO - psycopg2.OperationalError: connection to server at "13.211.150.140", port 5432 failed: Connection refused
[2026-05-28T11:28:19.091+0000] {subprocess.py:93} INFO - 	Is the server running on that host and accepting TCP/IP connections?
[2026-05-28T11:28:19.092+0000] {subprocess.py:93} INFO - 
[2026-05-28T11:28:19.093+0000] {subprocess.py:93} INFO - 
[2026-05-28T11:28:19.095+0000] {subprocess.py:93} INFO - The above exception was the direct cause of the following exception:
[2026-05-28T11:28:19.096+0000] {subprocess.py:93} INFO - 
[2026-05-28T11:28:19.097+0000] {subprocess.py:93} INFO - Traceback (most recent call last):
[2026-05-28T11:28:19.099+0000] {subprocess.py:93} INFO -   File "/opt/***/src/extractor.py", line 172, in connect_db
[2026-05-28T11:28:19.100+0000] {subprocess.py:93} INFO -     with engine.connect() as conn:
[2026-05-28T11:28:19.101+0000] {subprocess.py:93} INFO -          ^^^^^^^^^^^^^^^^
[2026-05-28T11:28:19.103+0000] {subprocess.py:93} INFO -   File "/home/***/.local/lib/python3.12/site-packages/sqlalchemy/engine/base.py", line 3325, in connect
[2026-05-28T11:28:19.104+0000] {subprocess.py:93} INFO -     return self._connection_cls(self, close_with_result=close_with_result)
[2026-05-28T11:28:19.105+0000] {subprocess.py:93} INFO -            ^^^^^^^^^^^^^^^^^^^^^^^^^^^^^^^^^^^^^^^^^^^^^^^^^^^^^^^^^^^^^^^
[2026-05-28T11:28:19.107+0000] {subprocess.py:93} INFO -   File "/home/***/.local/lib/python3.12/site-packages/sqlalchemy/engine/base.py", line 96, in __init__
[2026-05-28T11:28:19.108+0000] {subprocess.py:93} INFO -     else engine.raw_connection()
[2026-05-28T11:28:19.109+0000] {subprocess.py:93} INFO -          ^^^^^^^^^^^^^^^^^^^^^^^
[2026-05-28T11:28:19.110+0000] {subprocess.py:93} INFO -   File "/home/***/.local/lib/python3.12/site-packages/sqlalchemy/engine/base.py", line 3404, in raw_connection
[2026-05-28T11:28:19.112+0000] {subprocess.py:93} INFO -     return self._wrap_pool_connect(self.pool.connect, _connection)
[2026-05-28T11:28:19.113+0000] {subprocess.py:93} INFO -            ^^^^^^^^^^^^^^^^^^^^^^^^^^^^^^^^^^^^^^^^^^^^^^^^^^^^^^^
[2026-05-28T11:28:19.114+0000] {subprocess.py:93} INFO -   File "/home/***/.local/lib/python3.12/site-packages/sqlalchemy/engine/base.py", line 3374, in _wrap_pool_connect
[2026-05-28T11:28:19.116+0000] {subprocess.py:93} INFO -     Connection._handle_dbapi_exception_noconnection(
[2026-05-28T11:28:19.117+0000] {subprocess.py:93} INFO -   File "/home/***/.local/lib/python3.12/site-packages/sqlalchemy/engine/base.py", line 2208, in _handle_dbapi_exception_noconnection
[2026-05-28T11:28:19.119+0000] {subprocess.py:93} INFO -     util.raise_(
[2026-05-28T11:28:19.120+0000] {subprocess.py:93} INFO -   File "/home/***/.local/lib/python3.12/site-packages/sqlalchemy/util/compat.py", line 211, in raise_
[2026-05-28T11:28:19.121+0000] {subprocess.py:93} INFO -     raise exception
[2026-05-28T11:28:19.122+0000] {subprocess.py:93} INFO -   File "/home/***/.local/lib/python3.12/site-packages/sqlalchemy/engine/base.py", line 3371, in _wrap_pool_connect
[2026-05-28T11:28:19.124+0000] {subprocess.py:93} INFO -     return fn()
[2026-05-28T11:28:19.125+0000] {subprocess.py:93} INFO -            ^^^^
[2026-05-28T11:28:19.126+0000] {subprocess.py:93} INFO -   File "/home/***/.local/lib/python3.12/site-packages/sqlalchemy/pool/base.py", line 327, in connect
[2026-05-28T11:28:19.128+0000] {subprocess.py:93} INFO -     return _ConnectionFairy._checkout(self)
[2026-05-28T11:28:19.129+0000] {subprocess.py:93} INFO -            ^^^^^^^^^^^^^^^^^^^^^^^^^^^^^^^^
[2026-05-28T11:28:19.130+0000] {subprocess.py:93} INFO -   File "/home/***/.local/lib/python3.12/site-packages/sqlalchemy/pool/base.py", line 894, in _checkout
[2026-05-28T11:28:19.132+0000] {subprocess.py:93} INFO -     fairy = _ConnectionRecord.checkout(pool)
[2026-05-28T11:28:19.133+0000] {subprocess.py:93} INFO -             ^^^^^^^^^^^^^^^^^^^^^^^^^^^^^^^^
[2026-05-28T11:28:19.134+0000] {subprocess.py:93} INFO -   File "/home/***/.local/lib/python3.12/site-packages/sqlalchemy/pool/base.py", line 493, in checkout
[2026-05-28T11:28:19.136+0000] {subprocess.py:93} INFO -     rec = pool._do_get()
[2026-05-28T11:28:19.137+0000] {subprocess.py:93} INFO -           ^^^^^^^^^^^^^^
[2026-05-28T11:28:19.138+0000] {subprocess.py:93} INFO -   File "/home/***/.local/lib/python3.12/site-packages/sqlalchemy/pool/impl.py", line 145, in _do_get
[2026-05-28T11:28:19.140+0000] {subprocess.py:93} INFO -     with util.safe_reraise():
[2026-05-28T11:28:19.141+0000] {subprocess.py:93} INFO -   File "/home/***/.local/lib/python3.12/site-packages/sqlalchemy/util/langhelpers.py", line 70, in __exit__
[2026-05-28T11:28:19.142+0000] {subprocess.py:93} INFO -     compat.raise_(
[2026-05-28T11:28:19.144+0000] {subprocess.py:93} INFO -   File "/home/***/.local/lib/python3.12/site-packages/sqlalchemy/util/compat.py", line 211, in raise_
[2026-05-28T11:28:19.145+0000] {subprocess.py:93} INFO -     raise exception
[2026-05-28T11:28:19.146+0000] {subprocess.py:93} INFO -   File "/home/***/.local/lib/python3.12/site-packages/sqlalchemy/pool/impl.py", line 143, in _do_get
[2026-05-28T11:28:19.148+0000] {subprocess.py:93} INFO -     return self._create_connection()
[2026-05-28T11:28:19.149+0000] {subprocess.py:93} INFO -            ^^^^^^^^^^^^^^^^^^^^^^^^^
[2026-05-28T11:28:19.150+0000] {subprocess.py:93} INFO -   File "/home/***/.local/lib/python3.12/site-packages/sqlalchemy/pool/base.py", line 273, in _create_connection
[2026-05-28T11:28:19.151+0000] {subprocess.py:93} INFO -     return _ConnectionRecord(self)
[2026-05-28T11:28:19.152+0000] {subprocess.py:93} INFO -            ^^^^^^^^^^^^^^^^^^^^^^^
[2026-05-28T11:28:19.153+0000] {subprocess.py:93} INFO -   File "/home/***/.local/lib/python3.12/site-packages/sqlalchemy/pool/base.py", line 388, in __init__
[2026-05-28T11:28:19.154+0000] {subprocess.py:93} INFO -     self.__connect()
[2026-05-28T11:28:19.155+0000] {subprocess.py:93} INFO -   File "/home/***/.local/lib/python3.12/site-packages/sqlalchemy/pool/base.py", line 690, in __connect
[2026-05-28T11:28:19.156+0000] {subprocess.py:93} INFO -     with util.safe_reraise():
[2026-05-28T11:28:19.157+0000] {subprocess.py:93} INFO -   File "/home/***/.local/lib/python3.12/site-packages/sqlalchemy/util/langhelpers.py", line 70, in __exit__
[2026-05-28T11:28:19.158+0000] {subprocess.py:93} INFO -     compat.raise_(
[2026-05-28T11:28:19.159+0000] {subprocess.py:93} INFO -   File "/home/***/.local/lib/python3.12/site-packages/sqlalchemy/util/compat.py", line 211, in raise_
[2026-05-28T11:28:19.160+0000] {subprocess.py:93} INFO -     raise exception
[2026-05-28T11:28:19.161+0000] {subprocess.py:93} INFO -   File "/home/***/.local/lib/python3.12/site-packages/sqlalchemy/pool/base.py", line 686, in __connect
[2026-05-28T11:28:19.162+0000] {subprocess.py:93} INFO -     self.dbapi_connection = connection = pool._invoke_creator(self)
[2026-05-28T11:28:19.163+0000] {subprocess.py:93} INFO -                                          ^^^^^^^^^^^^^^^^^^^^^^^^^^
[2026-05-28T11:28:19.164+0000] {subprocess.py:93} INFO -   File "/home/***/.local/lib/python3.12/site-packages/sqlalchemy/engine/create.py", line 574, in connect
[2026-05-28T11:28:19.164+0000] {subprocess.py:93} INFO -     return dialect.connect(*cargs, **cparams)
[2026-05-28T11:28:19.165+0000] {subprocess.py:93} INFO -            ^^^^^^^^^^^^^^^^^^^^^^^^^^^^^^^^^^
[2026-05-28T11:28:19.166+0000] {subprocess.py:93} INFO -   File "/home/***/.local/lib/python3.12/site-packages/sqlalchemy/engine/default.py", line 598, in connect
[2026-05-28T11:28:19.167+0000] {subprocess.py:93} INFO -     return self.dbapi.connect(*cargs, **cparams)
[2026-05-28T11:28:19.168+0000] {subprocess.py:93} INFO -            ^^^^^^^^^^^^^^^^^^^^^^^^^^^^^^^^^^^^^
[2026-05-28T11:28:19.168+0000] {subprocess.py:93} INFO -   File "/home/***/.local/lib/python3.12/site-packages/psycopg2/__init__.py", line 122, in connect
[2026-05-28T11:28:19.169+0000] {subprocess.py:93} INFO -     conn = _connect(dsn, connection_factory=connection_factory, **kwasync)
[2026-05-28T11:28:19.170+0000] {subprocess.py:93} INFO -            ^^^^^^^^^^^^^^^^^^^^^^^^^^^^^^^^^^^^^^^^^^^^^^^^^^^^^^^^^^^^^^^
[2026-05-28T11:28:19.171+0000] {subprocess.py:93} INFO - sqlalchemy.exc.OperationalError: (psycopg2.OperationalError) connection to server at "13.211.150.140", port 5432 failed: Connection refused
[2026-05-28T11:28:19.171+0000] {subprocess.py:93} INFO - 	Is the server running on that host and accepting TCP/IP connections?
[2026-05-28T11:28:19.172+0000] {subprocess.py:93} INFO - 
[2026-05-28T11:28:19.173+0000] {subprocess.py:93} INFO - (Background on this error at: https://sqlalche.me/e/14/e3q8)
[2026-05-28T11:28:19.174+0000] {subprocess.py:93} INFO - 
[2026-05-28T11:28:19.174+0000] {subprocess.py:93} INFO - During handling of the above exception, another exception occurred:
[2026-05-28T11:28:19.175+0000] {subprocess.py:93} INFO - 
[2026-05-28T11:28:19.176+0000] {subprocess.py:93} INFO - Traceback (most recent call last):
[2026-05-28T11:28:19.176+0000] {subprocess.py:93} INFO -   File "/opt/***/src/main.py", line 80, in <module>
[2026-05-28T11:28:19.177+0000] {subprocess.py:93} INFO -     main()
[2026-05-28T11:28:19.178+0000] {subprocess.py:93} INFO -   File "/opt/***/src/main.py", line 25, in main
[2026-05-28T11:28:19.179+0000] {subprocess.py:93} INFO -     metadata_df = load_metadata(
[2026-05-28T11:28:19.179+0000] {subprocess.py:93} INFO -                   ^^^^^^^^^^^^^^
[2026-05-28T11:28:19.180+0000] {subprocess.py:93} INFO -   File "/opt/***/src/metadata_reader.py", line 198, in load_metadata
[2026-05-28T11:28:19.181+0000] {subprocess.py:93} INFO -     metadata_df = extract_data(
[2026-05-28T11:28:19.181+0000] {subprocess.py:93} INFO -                   ^^^^^^^^^^^^^
[2026-05-28T11:28:19.182+0000] {subprocess.py:93} INFO -   File "/opt/***/src/extractor.py", line 203, in extract_data
[2026-05-28T11:28:19.182+0000] {subprocess.py:93} INFO -     engine = connect_db(config)
[2026-05-28T11:28:19.183+0000] {subprocess.py:93} INFO -              ^^^^^^^^^^^^^^^^^^
[2026-05-28T11:28:19.183+0000] {subprocess.py:93} INFO -   File "/opt/***/src/extractor.py", line 186, in connect_db
[2026-05-28T11:28:19.184+0000] {subprocess.py:93} INFO -     raise ConnectionError(
[2026-05-28T11:28:19.184+0000] {subprocess.py:93} INFO - ConnectionError: Could not connect to POSTGRES: (psycopg2.OperationalError) connection to server at "13.211.150.140", port 5432 failed: Connection refused
[2026-05-28T11:28:19.185+0000] {subprocess.py:93} INFO - 	Is the server running on that host and accepting TCP/IP connections?
[2026-05-28T11:28:19.185+0000] {subprocess.py:93} INFO - 
[2026-05-28T11:28:19.186+0000] {subprocess.py:93} INFO - (Background on this error at: https://sqlalche.me/e/14/e3q8)
[2026-05-28T11:28:20.078+0000] {subprocess.py:97} INFO - Command exited with return code 1
[2026-05-28T11:28:20.079+0000] {taskinstance.py:441} INFO - ::group::Post task execution logs
[2026-05-28T11:28:20.098+0000] {taskinstance.py:2905} ERROR - Task failed with exception
Traceback (most recent call last):
  File "/home/airflow/.local/lib/python3.12/site-packages/airflow/models/taskinstance.py", line 465, in _execute_task
    result = _execute_callable(context=context, **execute_callable_kwargs)
             ^^^^^^^^^^^^^^^^^^^^^^^^^^^^^^^^^^^^^^^^^^^^^^^^^^^^^^^^^^^^^
  File "/home/airflow/.local/lib/python3.12/site-packages/airflow/models/taskinstance.py", line 432, in _execute_callable
    return execute_callable(context=context, **execute_callable_kwargs)
           ^^^^^^^^^^^^^^^^^^^^^^^^^^^^^^^^^^^^^^^^^^^^^^^^^^^^^^^^^^^^
  File "/home/airflow/.local/lib/python3.12/site-packages/airflow/models/baseoperator.py", line 400, in wrapper
    return func(self, *args, **kwargs)
           ^^^^^^^^^^^^^^^^^^^^^^^^^^^
  File "/home/airflow/.local/lib/python3.12/site-packages/airflow/operators/bash.py", line 243, in execute
    raise AirflowException(
airflow.exceptions.AirflowException: Bash command failed. The command returned a non-zero exit code 1.
[2026-05-28T11:28:20.109+0000] {taskinstance.py:1206} INFO - Marking task as UP_FOR_RETRY. dag_id=dynamic_metadata_pipeline, task_id=run_pipeline_1, run_id=manual__2026-05-28T11:27:48.421636+00:00, execution_date=20260528T112748, start_date=20260528T112749, end_date=20260528T112820
[2026-05-28T11:28:20.150+0000] {standard_task_runner.py:110} ERROR - Failed to execute job 28 for task run_pipeline_1 (Bash command failed. The command returned a non-zero exit code 1.; 376)
[2026-05-28T11:28:20.180+0000] {local_task_job_runner.py:240} INFO - Task exited with return code 1
[2026-05-28T11:28:20.212+0000] {taskinstance.py:3498} INFO - 0 downstream tasks scheduled from follow-on schedule check
[2026-05-28T11:28:20.221+0000] {local_task_job_runner.py:222} INFO - ::endgroup::
