[2026-05-28T11:33:20.690+0000] {local_task_job_runner.py:120} INFO - ::group::Pre task execution logs
[2026-05-28T11:33:20.727+0000] {taskinstance.py:2076} INFO - Dependencies all met for dep_context=non-requeueable deps ti=<TaskInstance: dynamic_metadata_pipeline.run_pipeline_1 manual__2026-05-28T11:27:48.421636+00:00 [queued]>
[2026-05-28T11:33:20.736+0000] {taskinstance.py:2076} INFO - Dependencies all met for dep_context=requeueable deps ti=<TaskInstance: dynamic_metadata_pipeline.run_pipeline_1 manual__2026-05-28T11:27:48.421636+00:00 [queued]>
[2026-05-28T11:33:20.741+0000] {taskinstance.py:2306} INFO - Starting attempt 2 of 2
[2026-05-28T11:33:20.760+0000] {taskinstance.py:2330} INFO - Executing <Task(BashOperator): run_pipeline_1> on 2026-05-28 11:27:48.421636+00:00
[2026-05-28T11:33:20.771+0000] {standard_task_runner.py:90} INFO - Running: ['***', 'tasks', 'run', 'dynamic_metadata_pipeline', 'run_pipeline_1', 'manual__2026-05-28T11:27:48.421636+00:00', '--job-id', '31', '--raw', '--subdir', 'DAGS_FOLDER/dynamic_pipeline_dag.py', '--cfg-path', '/tmp/tmp9spbi654']
[2026-05-28T11:33:20.777+0000] {standard_task_runner.py:91} INFO - Job 31: Subtask run_pipeline_1
[2026-05-28T11:33:20.781+0000] {logging_mixin.py:188} WARNING - /home/***/.local/lib/python3.12/site-packages/***/task/task_runner/standard_task_runner.py:61 DeprecationWarning: This process (pid=211) is multi-threaded, use of fork() may lead to deadlocks in the child.
[2026-05-28T11:33:20.783+0000] {standard_task_runner.py:63} INFO - Started process 212 to run task
[2026-05-28T11:33:20.837+0000] {task_command.py:426} INFO - Running <TaskInstance: dynamic_metadata_pipeline.run_pipeline_1 manual__2026-05-28T11:27:48.421636+00:00 [running]> on host 9b03826f1abd
[2026-05-28T11:33:20.964+0000] {taskinstance.py:2648} INFO - Exporting env vars: AIRFLOW_CTX_DAG_OWNER='subashri' AIRFLOW_CTX_DAG_ID='dynamic_metadata_pipeline' AIRFLOW_CTX_TASK_ID='run_pipeline_1' AIRFLOW_CTX_EXECUTION_DATE='2026-05-28T11:27:48.421636+00:00' AIRFLOW_CTX_TRY_NUMBER='2' AIRFLOW_CTX_DAG_RUN_ID='manual__2026-05-28T11:27:48.421636+00:00'
[2026-05-28T11:33:20.965+0000] {taskinstance.py:430} INFO - ::endgroup::
[2026-05-28T11:33:20.983+0000] {subprocess.py:63} INFO - Tmp dir root location: /tmp
[2026-05-28T11:33:20.985+0000] {subprocess.py:75} INFO - Running command: ['/usr/bin/bash', '-c', 'cd /opt/***/src && python main.py 1']
[2026-05-28T11:33:20.995+0000] {subprocess.py:86} INFO - Output:
[2026-05-28T11:33:22.491+0000] {subprocess.py:93} INFO - Traceback (most recent call last):
[2026-05-28T11:33:22.492+0000] {subprocess.py:93} INFO -   File "/opt/***/src/main.py", line 4, in <module>
[2026-05-28T11:33:22.498+0000] {subprocess.py:93} INFO -     from pipeline_executor import run_pipeline
[2026-05-28T11:33:22.500+0000] {subprocess.py:93} INFO -   File "/opt/***/src/pipeline_executor.py", line 6, in <module>
[2026-05-28T11:33:22.505+0000] {subprocess.py:93} INFO -     from reader import read_input
[2026-05-28T11:33:22.506+0000] {subprocess.py:93} INFO -   File "/opt/***/src/reader.py", line 12, in <module>
[2026-05-28T11:33:22.511+0000] {subprocess.py:93} INFO -     from parser_adapter import (
[2026-05-28T11:33:22.513+0000] {subprocess.py:93} INFO -   File "/opt/***/src/parser_adapter.py", line 4, in <module>
[2026-05-28T11:33:22.519+0000] {subprocess.py:93} INFO -     from parsers.parser_factory import get_parser
[2026-05-28T11:33:22.521+0000] {subprocess.py:93} INFO -   File "/opt/***/src/parsers/parser_factory.py", line 4, in <module>
[2026-05-28T11:33:22.530+0000] {subprocess.py:93} INFO -     from parsers.pdf_parser import parse_pdf
[2026-05-28T11:33:22.532+0000] {subprocess.py:93} INFO -   File "/opt/***/src/parsers/pdf_parser.py", line 1, in <module>
[2026-05-28T11:33:22.542+0000] {subprocess.py:93} INFO -     import PyPDF2
[2026-05-28T11:33:22.543+0000] {subprocess.py:93} INFO - ModuleNotFoundError: No module named 'PyPDF2'
[2026-05-28T11:33:22.710+0000] {subprocess.py:97} INFO - Command exited with return code 1
[2026-05-28T11:33:22.712+0000] {taskinstance.py:441} INFO - ::group::Post task execution logs
[2026-05-28T11:33:22.732+0000] {taskinstance.py:2905} ERROR - Task failed with exception
Traceback (most recent call last):
  File "/home/airflow/.local/lib/python3.12/site-packages/airflow/models/taskinstance.py", line 465, in _execute_task
    result = _execute_callable(context=context, **execute_callable_kwargs)
             ^^^^^^^^^^^^^^^^^^^^^^^^^^^^^^^^^^^^^^^^^^^^^^^^^^^^^^^^^^^^^
  File "/home/airflow/.local/lib/python3.12/site-packages/airflow/models/taskinstance.py", line 432, in _execute_callable
    return execute_callable(context=context, **execute_callable_kwargs)
           ^^^^^^^^^^^^^^^^^^^^^^^^^^^^^^^^^^^^^^^^^^^^^^^^^^^^^^^^^^^^
  File "/home/airflow/.local/lib/python3.12/site-packages/airflow/models/baseoperator.py", line 400, in wrapper
    return func(self, *args, **kwargs)
           ^^^^^^^^^^^^^^^^^^^^^^^^^^^
  File "/home/airflow/.local/lib/python3.12/site-packages/airflow/operators/bash.py", line 243, in execute
    raise AirflowException(
airflow.exceptions.AirflowException: Bash command failed. The command returned a non-zero exit code 1.
[2026-05-28T11:33:22.743+0000] {taskinstance.py:1206} INFO - Marking task as FAILED. dag_id=dynamic_metadata_pipeline, task_id=run_pipeline_1, run_id=manual__2026-05-28T11:27:48.421636+00:00, execution_date=20260528T112748, start_date=20260528T113320, end_date=20260528T113322
[2026-05-28T11:33:22.774+0000] {standard_task_runner.py:110} ERROR - Failed to execute job 31 for task run_pipeline_1 (Bash command failed. The command returned a non-zero exit code 1.; 212)
[2026-05-28T11:33:22.808+0000] {local_task_job_runner.py:240} INFO - Task exited with return code 1
[2026-05-28T11:33:22.841+0000] {taskinstance.py:3498} INFO - 0 downstream tasks scheduled from follow-on schedule check
[2026-05-28T11:33:22.850+0000] {local_task_job_runner.py:222} INFO - ::endgroup::
