[2026-06-01T05:59:57.905+0000] {local_task_job_runner.py:120} INFO - ::group::Pre task execution logs
[2026-06-01T05:59:58.012+0000] {taskinstance.py:2076} INFO - Dependencies all met for dep_context=non-requeueable deps ti=<TaskInstance: dynamic_metadata_pipeline.run_pipeline_3 manual__2026-06-01T05:59:56.195993+00:00 [queued]>
[2026-06-01T05:59:58.036+0000] {taskinstance.py:2076} INFO - Dependencies all met for dep_context=requeueable deps ti=<TaskInstance: dynamic_metadata_pipeline.run_pipeline_3 manual__2026-06-01T05:59:56.195993+00:00 [queued]>
[2026-06-01T05:59:58.037+0000] {taskinstance.py:2306} INFO - Starting attempt 1 of 2
[2026-06-01T05:59:58.091+0000] {taskinstance.py:2330} INFO - Executing <Task(BashOperator): run_pipeline_3> on 2026-06-01 05:59:56.195993+00:00
[2026-06-01T05:59:58.104+0000] {standard_task_runner.py:90} INFO - Running: ['***', 'tasks', 'run', 'dynamic_metadata_pipeline', 'run_pipeline_3', 'manual__2026-06-01T05:59:56.195993+00:00', '--job-id', '68', '--raw', '--subdir', 'DAGS_FOLDER/dynamic_pipeline_dag.py', '--cfg-path', '/tmp/tmpj9gueox8']
[2026-06-01T05:59:58.109+0000] {standard_task_runner.py:91} INFO - Job 68: Subtask run_pipeline_3
[2026-06-01T05:59:58.109+0000] {logging_mixin.py:188} WARNING - /home/***/.local/lib/python3.12/site-packages/***/task/task_runner/standard_task_runner.py:61 DeprecationWarning: This process (pid=1211) is multi-threaded, use of fork() may lead to deadlocks in the child.
[2026-06-01T05:59:58.113+0000] {standard_task_runner.py:63} INFO - Started process 1216 to run task
[2026-06-01T05:59:58.179+0000] {task_command.py:426} INFO - Running <TaskInstance: dynamic_metadata_pipeline.run_pipeline_3 manual__2026-06-01T05:59:56.195993+00:00 [running]> on host 6178acb76379
[2026-06-01T05:59:58.323+0000] {taskinstance.py:2648} INFO - Exporting env vars: AIRFLOW_CTX_DAG_OWNER='subashri' AIRFLOW_CTX_DAG_ID='dynamic_metadata_pipeline' AIRFLOW_CTX_TASK_ID='run_pipeline_3' AIRFLOW_CTX_EXECUTION_DATE='2026-06-01T05:59:56.195993+00:00' AIRFLOW_CTX_TRY_NUMBER='1' AIRFLOW_CTX_DAG_RUN_ID='manual__2026-06-01T05:59:56.195993+00:00'
[2026-06-01T05:59:58.324+0000] {taskinstance.py:430} INFO - ::endgroup::
[2026-06-01T05:59:58.372+0000] {subprocess.py:63} INFO - Tmp dir root location: /tmp
[2026-06-01T05:59:58.377+0000] {subprocess.py:75} INFO - Running command: ['/usr/bin/bash', '-c', 'cd /opt/***/src && python main.py 3']
[2026-06-01T05:59:58.397+0000] {subprocess.py:86} INFO - Output:
[2026-06-01T06:00:07.862+0000] {subprocess.py:93} INFO - Using CPU. Note: This module is much faster with a GPU.
[2026-06-01T06:00:26.923+0000] {subprocess.py:93} INFO - 
[2026-06-01T06:00:26.924+0000] {subprocess.py:93} INFO - ===================================
[2026-06-01T06:00:26.925+0000] {subprocess.py:93} INFO - DATABASE CONNECTION CONFIG
[2026-06-01T06:00:26.925+0000] {subprocess.py:93} INFO - ===================================
[2026-06-01T06:00:26.926+0000] {subprocess.py:93} INFO - DB TYPE   : postgres
[2026-06-01T06:00:26.926+0000] {subprocess.py:93} INFO - HOST      : 3.107.8.33
[2026-06-01T06:00:26.926+0000] {subprocess.py:93} INFO - PORT      : 5432
[2026-06-01T06:00:26.927+0000] {subprocess.py:93} INFO - DATABASE  : metadata_db
[2026-06-01T06:00:26.927+0000] {subprocess.py:93} INFO - USERNAME  : teamuser
[2026-06-01T06:00:26.928+0000] {subprocess.py:93} INFO - ===================================
[2026-06-01T06:00:26.928+0000] {subprocess.py:93} INFO - 
[2026-06-01T06:00:26.929+0000] {subprocess.py:93} INFO - Connected to POSTGRES successfully.
[2026-06-01T06:00:26.929+0000] {subprocess.py:93} INFO - 
[2026-06-01T06:00:26.930+0000] {subprocess.py:93} INFO - Running pipeline: postgres_to_postgres_pipeline (db_to_db)
[2026-06-01T06:00:26.930+0000] {subprocess.py:93} INFO - 
[2026-06-01T06:00:26.930+0000] {subprocess.py:93} INFO - ===================================
[2026-06-01T06:00:26.931+0000] {subprocess.py:93} INFO - DATABASE CONNECTION CONFIG
[2026-06-01T06:00:26.931+0000] {subprocess.py:93} INFO - ===================================
[2026-06-01T06:00:26.932+0000] {subprocess.py:93} INFO - DB TYPE   : postgres
[2026-06-01T06:00:26.932+0000] {subprocess.py:93} INFO - HOST      : 3.107.8.33
[2026-06-01T06:00:26.933+0000] {subprocess.py:93} INFO - PORT      : 5432
[2026-06-01T06:00:26.933+0000] {subprocess.py:93} INFO - DATABASE  : udifdb
[2026-06-01T06:00:26.934+0000] {subprocess.py:93} INFO - USERNAME  : teamuser
[2026-06-01T06:00:26.934+0000] {subprocess.py:93} INFO - ===================================
[2026-06-01T06:00:26.935+0000] {subprocess.py:93} INFO - 
[2026-06-01T06:00:26.935+0000] {subprocess.py:93} INFO - Connected to POSTGRES successfully.
[2026-06-01T06:00:26.935+0000] {subprocess.py:93} INFO - Completed: 4653 rows processed
[2026-06-01T06:00:27.830+0000] {subprocess.py:97} INFO - Command exited with return code 0
[2026-06-01T06:00:27.842+0000] {taskinstance.py:441} INFO - ::group::Post task execution logs
[2026-06-01T06:00:27.883+0000] {taskinstance.py:1206} INFO - Marking task as SUCCESS. dag_id=dynamic_metadata_pipeline, task_id=run_pipeline_3, run_id=manual__2026-06-01T05:59:56.195993+00:00, execution_date=20260601T055956, start_date=20260601T055958, end_date=20260601T060027
[2026-06-01T06:00:27.915+0000] {local_task_job_runner.py:240} INFO - Task exited with return code 0
[2026-06-01T06:00:27.940+0000] {taskinstance.py:3498} INFO - 0 downstream tasks scheduled from follow-on schedule check
[2026-06-01T06:00:27.944+0000] {local_task_job_runner.py:222} INFO - ::endgroup::
