[2026-06-04T06:30:04.220+0000] {local_task_job_runner.py:120} INFO - ::group::Pre task execution logs
[2026-06-04T06:30:04.420+0000] {taskinstance.py:2076} INFO - Dependencies all met for dep_context=non-requeueable deps ti=<TaskInstance: local_to_postgres_pipeline.run_pipeline_4 scheduled__2026-06-04T06:25:00+00:00 [queued]>
[2026-06-04T06:30:04.468+0000] {taskinstance.py:2076} INFO - Dependencies all met for dep_context=requeueable deps ti=<TaskInstance: local_to_postgres_pipeline.run_pipeline_4 scheduled__2026-06-04T06:25:00+00:00 [queued]>
[2026-06-04T06:30:04.476+0000] {taskinstance.py:2306} INFO - Starting attempt 1 of 2
[2026-06-04T06:30:04.532+0000] {taskinstance.py:2330} INFO - Executing <Task(BashOperator): run_pipeline_4> on 2026-06-04 06:25:00+00:00
[2026-06-04T06:30:04.571+0000] {standard_task_runner.py:90} INFO - Running: ['***', 'tasks', 'run', 'local_to_postgres_pipeline', 'run_pipeline_4', 'scheduled__2026-06-04T06:25:00+00:00', '--job-id', '228', '--raw', '--subdir', 'DAGS_FOLDER/dynamic_pipeline_generator.py', '--cfg-path', '/tmp/tmp35nrr6lk']
[2026-06-04T06:30:04.585+0000] {standard_task_runner.py:91} INFO - Job 228: Subtask run_pipeline_4
[2026-06-04T06:30:04.631+0000] {logging_mixin.py:188} WARNING - /home/***/.local/lib/python3.12/site-packages/***/task/task_runner/standard_task_runner.py:61 DeprecationWarning: This process (pid=3480) is multi-threaded, use of fork() may lead to deadlocks in the child.
[2026-06-04T06:30:04.639+0000] {standard_task_runner.py:63} INFO - Started process 3504 to run task
[2026-06-04T06:30:04.731+0000] {task_command.py:426} INFO - Running <TaskInstance: local_to_postgres_pipeline.run_pipeline_4 scheduled__2026-06-04T06:25:00+00:00 [running]> on host b044b6a9b6bd
[2026-06-04T06:30:05.037+0000] {taskinstance.py:2648} INFO - Exporting env vars: AIRFLOW_CTX_DAG_OWNER='subashri' AIRFLOW_CTX_DAG_ID='local_to_postgres_pipeline' AIRFLOW_CTX_TASK_ID='run_pipeline_4' AIRFLOW_CTX_EXECUTION_DATE='2026-06-04T06:25:00+00:00' AIRFLOW_CTX_TRY_NUMBER='1' AIRFLOW_CTX_DAG_RUN_ID='scheduled__2026-06-04T06:25:00+00:00'
[2026-06-04T06:30:05.040+0000] {taskinstance.py:430} INFO - ::endgroup::
[2026-06-04T06:30:05.105+0000] {subprocess.py:63} INFO - Tmp dir root location: /tmp
[2026-06-04T06:30:05.109+0000] {subprocess.py:75} INFO - Running command: ['/usr/bin/bash', '-c', 'cd /opt/***/src && python main.py 4']
[2026-06-04T06:30:05.151+0000] {subprocess.py:86} INFO - Output:
[2026-06-04T06:30:25.088+0000] {subprocess.py:93} INFO - Using CPU. Note: This module is much faster with a GPU.
[2026-06-04T06:30:54.655+0000] {subprocess.py:93} INFO - /home/***/.local/lib/python3.12/site-packages/torch/utils/data/dataloader.py:752: UserWarning: 'pin_memory' argument is set as true but no accelerator is found, then device pinned memory won't be used.
[2026-06-04T06:30:54.741+0000] {subprocess.py:93} INFO -   super().__init__(loader)
[2026-06-04T06:31:30.422+0000] {subprocess.py:93} INFO - 
[2026-06-04T06:31:30.427+0000] {subprocess.py:93} INFO - ===================================
[2026-06-04T06:31:30.429+0000] {subprocess.py:93} INFO - DATABASE CONNECTION CONFIG
[2026-06-04T06:31:30.429+0000] {subprocess.py:93} INFO - ===================================
[2026-06-04T06:31:30.430+0000] {subprocess.py:93} INFO - DB TYPE   : postgres
[2026-06-04T06:31:30.432+0000] {subprocess.py:93} INFO - HOST      : 3.107.8.33
[2026-06-04T06:31:30.433+0000] {subprocess.py:93} INFO - PORT      : 5432
[2026-06-04T06:31:30.436+0000] {subprocess.py:93} INFO - DATABASE  : metadata_db
[2026-06-04T06:31:30.438+0000] {subprocess.py:93} INFO - USERNAME  : teamuser
[2026-06-04T06:31:30.441+0000] {subprocess.py:93} INFO - ===================================
[2026-06-04T06:31:30.441+0000] {subprocess.py:93} INFO - 
[2026-06-04T06:31:30.443+0000] {subprocess.py:93} INFO - Connected to POSTGRES successfully.
[2026-06-04T06:31:30.443+0000] {subprocess.py:93} INFO - 
[2026-06-04T06:31:30.445+0000] {subprocess.py:93} INFO - Running pipeline: local_to_postgres_pipeline (storage_to_db)
[2026-06-04T06:31:30.446+0000] {subprocess.py:93} INFO - Loading table: customer (2 rows)
[2026-06-04T06:31:30.447+0000] {subprocess.py:93} INFO - Loading table: data pic1 (91 rows)
[2026-06-04T06:31:30.448+0000] {subprocess.py:93} INFO - Loading table: employee (20 rows)
[2026-06-04T06:31:30.448+0000] {subprocess.py:93} INFO - Loading table: employee_data (100 rows)
[2026-06-04T06:31:30.449+0000] {subprocess.py:93} INFO - Loading table: sample (2 rows)
[2026-06-04T06:31:30.450+0000] {subprocess.py:93} INFO - Loading table: word (12 rows)
[2026-06-04T06:31:30.451+0000] {subprocess.py:93} INFO - Processed total rows: 227
[2026-06-04T06:31:30.452+0000] {subprocess.py:93} INFO - Completed: 227 rows processed
[2026-06-04T06:31:31.456+0000] {subprocess.py:97} INFO - Command exited with return code 0
[2026-06-04T06:31:31.475+0000] {taskinstance.py:441} INFO - ::group::Post task execution logs
[2026-06-04T06:31:31.825+0000] {taskinstance.py:1206} INFO - Marking task as SUCCESS. dag_id=local_to_postgres_pipeline, task_id=run_pipeline_4, run_id=scheduled__2026-06-04T06:25:00+00:00, execution_date=20260604T062500, start_date=20260604T063004, end_date=20260604T063131
[2026-06-04T06:31:31.940+0000] {local_task_job_runner.py:240} INFO - Task exited with return code 0
[2026-06-04T06:31:32.091+0000] {taskinstance.py:3498} INFO - 0 downstream tasks scheduled from follow-on schedule check
[2026-06-04T06:31:32.095+0000] {local_task_job_runner.py:222} INFO - ::endgroup::
