[2026-06-04T06:40:04.383+0000] {local_task_job_runner.py:120} INFO - ::group::Pre task execution logs
[2026-06-04T06:40:04.529+0000] {taskinstance.py:2076} INFO - Dependencies all met for dep_context=non-requeueable deps ti=<TaskInstance: postgres_to_s3_pipeline.run_pipeline_1 scheduled__2026-06-04T06:35:00+00:00 [queued]>
[2026-06-04T06:40:04.562+0000] {taskinstance.py:2076} INFO - Dependencies all met for dep_context=requeueable deps ti=<TaskInstance: postgres_to_s3_pipeline.run_pipeline_1 scheduled__2026-06-04T06:35:00+00:00 [queued]>
[2026-06-04T06:40:04.564+0000] {taskinstance.py:2306} INFO - Starting attempt 1 of 2
[2026-06-04T06:40:04.622+0000] {taskinstance.py:2330} INFO - Executing <Task(BashOperator): run_pipeline_1> on 2026-06-04 06:35:00+00:00
[2026-06-04T06:40:04.689+0000] {standard_task_runner.py:90} INFO - Running: ['***', 'tasks', 'run', 'postgres_to_s3_pipeline', 'run_pipeline_1', 'scheduled__2026-06-04T06:35:00+00:00', '--job-id', '242', '--raw', '--subdir', 'DAGS_FOLDER/dynamic_pipeline_generator.py', '--cfg-path', '/tmp/tmp6lzp1wul']
[2026-06-04T06:40:04.712+0000] {standard_task_runner.py:91} INFO - Job 242: Subtask run_pipeline_1
[2026-06-04T06:40:04.736+0000] {logging_mixin.py:188} WARNING - /home/***/.local/lib/python3.12/site-packages/***/task/task_runner/standard_task_runner.py:61 DeprecationWarning: This process (pid=3963) is multi-threaded, use of fork() may lead to deadlocks in the child.
[2026-06-04T06:40:04.750+0000] {standard_task_runner.py:63} INFO - Started process 3971 to run task
[2026-06-04T06:40:04.951+0000] {task_command.py:426} INFO - Running <TaskInstance: postgres_to_s3_pipeline.run_pipeline_1 scheduled__2026-06-04T06:35:00+00:00 [running]> on host b044b6a9b6bd
[2026-06-04T06:40:05.357+0000] {taskinstance.py:2648} INFO - Exporting env vars: AIRFLOW_CTX_DAG_OWNER='subashri' AIRFLOW_CTX_DAG_ID='postgres_to_s3_pipeline' AIRFLOW_CTX_TASK_ID='run_pipeline_1' AIRFLOW_CTX_EXECUTION_DATE='2026-06-04T06:35:00+00:00' AIRFLOW_CTX_TRY_NUMBER='1' AIRFLOW_CTX_DAG_RUN_ID='scheduled__2026-06-04T06:35:00+00:00'
[2026-06-04T06:40:05.361+0000] {taskinstance.py:430} INFO - ::endgroup::
[2026-06-04T06:40:05.459+0000] {subprocess.py:63} INFO - Tmp dir root location: /tmp
[2026-06-04T06:40:05.491+0000] {subprocess.py:75} INFO - Running command: ['/usr/bin/bash', '-c', 'cd /opt/***/src && python main.py 1']
[2026-06-04T06:40:05.584+0000] {subprocess.py:86} INFO - Output:
[2026-06-04T06:40:19.618+0000] {subprocess.py:93} INFO - 
[2026-06-04T06:40:19.619+0000] {subprocess.py:93} INFO - ===================================
[2026-06-04T06:40:19.620+0000] {subprocess.py:93} INFO - DATABASE CONNECTION CONFIG
[2026-06-04T06:40:19.622+0000] {subprocess.py:93} INFO - ===================================
[2026-06-04T06:40:19.623+0000] {subprocess.py:93} INFO - DB TYPE   : postgres
[2026-06-04T06:40:19.624+0000] {subprocess.py:93} INFO - HOST      : 3.107.8.33
[2026-06-04T06:40:19.626+0000] {subprocess.py:93} INFO - PORT      : 5432
[2026-06-04T06:40:19.628+0000] {subprocess.py:93} INFO - DATABASE  : metadata_db
[2026-06-04T06:40:19.631+0000] {subprocess.py:93} INFO - USERNAME  : teamuser
[2026-06-04T06:40:19.632+0000] {subprocess.py:93} INFO - ===================================
[2026-06-04T06:40:19.634+0000] {subprocess.py:93} INFO - 
[2026-06-04T06:40:19.635+0000] {subprocess.py:93} INFO - Connected to POSTGRES successfully.
[2026-06-04T06:40:19.636+0000] {subprocess.py:93} INFO - 
[2026-06-04T06:40:19.637+0000] {subprocess.py:93} INFO - Running pipeline: postgres_to_s3_pipeline (db_to_storage)
[2026-06-04T06:40:19.638+0000] {subprocess.py:93} INFO - 
[2026-06-04T06:40:19.639+0000] {subprocess.py:93} INFO - ===================================
[2026-06-04T06:40:19.640+0000] {subprocess.py:93} INFO - DATABASE CONNECTION CONFIG
[2026-06-04T06:40:19.641+0000] {subprocess.py:93} INFO - ===================================
[2026-06-04T06:40:19.643+0000] {subprocess.py:93} INFO - DB TYPE   : postgres
[2026-06-04T06:40:19.644+0000] {subprocess.py:93} INFO - HOST      : 3.107.8.33
[2026-06-04T06:40:19.645+0000] {subprocess.py:93} INFO - PORT      : 5432
[2026-06-04T06:40:19.646+0000] {subprocess.py:93} INFO - DATABASE  : udifdb
[2026-06-04T06:40:19.647+0000] {subprocess.py:93} INFO - USERNAME  : teamuser
[2026-06-04T06:40:19.648+0000] {subprocess.py:93} INFO - ===================================
[2026-06-04T06:40:19.650+0000] {subprocess.py:93} INFO - 
[2026-06-04T06:40:19.651+0000] {subprocess.py:93} INFO - Connected to POSTGRES successfully.
[2026-06-04T06:40:19.652+0000] {subprocess.py:93} INFO - Completed: 4653 rows processed
[2026-06-04T06:40:19.981+0000] {subprocess.py:97} INFO - Command exited with return code 0
[2026-06-04T06:40:19.983+0000] {taskinstance.py:441} INFO - ::group::Post task execution logs
[2026-06-04T06:40:20.037+0000] {taskinstance.py:1206} INFO - Marking task as SUCCESS. dag_id=postgres_to_s3_pipeline, task_id=run_pipeline_1, run_id=scheduled__2026-06-04T06:35:00+00:00, execution_date=20260604T063500, start_date=20260604T064004, end_date=20260604T064020
[2026-06-04T06:40:20.088+0000] {local_task_job_runner.py:240} INFO - Task exited with return code 0
[2026-06-04T06:40:20.118+0000] {taskinstance.py:3498} INFO - 0 downstream tasks scheduled from follow-on schedule check
[2026-06-04T06:40:20.122+0000] {local_task_job_runner.py:222} INFO - ::endgroup::
