[2026-06-01T07:16:59.641+0000] {local_task_job_runner.py:120} INFO - ::group::Pre task execution logs
[2026-06-01T07:16:59.672+0000] {taskinstance.py:2076} INFO - Dependencies all met for dep_context=non-requeueable deps ti=<TaskInstance: dynamic_metadata_pipeline.run_pipeline_4 manual__2026-06-01T07:11:14.315494+00:00 [queued]>
[2026-06-01T07:16:59.683+0000] {taskinstance.py:2076} INFO - Dependencies all met for dep_context=requeueable deps ti=<TaskInstance: dynamic_metadata_pipeline.run_pipeline_4 manual__2026-06-01T07:11:14.315494+00:00 [queued]>
[2026-06-01T07:16:59.687+0000] {taskinstance.py:2306} INFO - Starting attempt 2 of 2
[2026-06-01T07:16:59.701+0000] {taskinstance.py:2330} INFO - Executing <Task(BashOperator): run_pipeline_4> on 2026-06-01 07:11:14.315494+00:00
[2026-06-01T07:16:59.707+0000] {standard_task_runner.py:90} INFO - Running: ['***', 'tasks', 'run', 'dynamic_metadata_pipeline', 'run_pipeline_4', 'manual__2026-06-01T07:11:14.315494+00:00', '--job-id', '76', '--raw', '--subdir', 'DAGS_FOLDER/dynamic_pipeline_dag.py', '--cfg-path', '/tmp/tmp_c0iy69i']
[2026-06-01T07:16:59.710+0000] {standard_task_runner.py:91} INFO - Job 76: Subtask run_pipeline_4
[2026-06-01T07:16:59.712+0000] {logging_mixin.py:188} WARNING - /home/***/.local/lib/python3.12/site-packages/***/task/task_runner/standard_task_runner.py:61 DeprecationWarning: This process (pid=528) is multi-threaded, use of fork() may lead to deadlocks in the child.
[2026-06-01T07:16:59.713+0000] {standard_task_runner.py:63} INFO - Started process 532 to run task
[2026-06-01T07:16:59.757+0000] {task_command.py:426} INFO - Running <TaskInstance: dynamic_metadata_pipeline.run_pipeline_4 manual__2026-06-01T07:11:14.315494+00:00 [running]> on host 1103cbeaed03
[2026-06-01T07:16:59.842+0000] {taskinstance.py:2648} INFO - Exporting env vars: AIRFLOW_CTX_DAG_OWNER='subashri' AIRFLOW_CTX_DAG_ID='dynamic_metadata_pipeline' AIRFLOW_CTX_TASK_ID='run_pipeline_4' AIRFLOW_CTX_EXECUTION_DATE='2026-06-01T07:11:14.315494+00:00' AIRFLOW_CTX_TRY_NUMBER='2' AIRFLOW_CTX_DAG_RUN_ID='manual__2026-06-01T07:11:14.315494+00:00'
[2026-06-01T07:16:59.843+0000] {taskinstance.py:430} INFO - ::endgroup::
[2026-06-01T07:16:59.871+0000] {subprocess.py:63} INFO - Tmp dir root location: /tmp
[2026-06-01T07:16:59.873+0000] {subprocess.py:75} INFO - Running command: ['/usr/bin/bash', '-c', 'cd /opt/***/src && python main.py 4']
[2026-06-01T07:16:59.882+0000] {subprocess.py:86} INFO - Output:
[2026-06-01T07:17:05.447+0000] {subprocess.py:93} INFO - Using CPU. Note: This module is much faster with a GPU.
[2026-06-01T07:17:28.066+0000] {subprocess.py:93} INFO - /home/***/.local/lib/python3.12/site-packages/torch/utils/data/dataloader.py:752: UserWarning: 'pin_memory' argument is set as true but no accelerator is found, then device pinned memory won't be used.
[2026-06-01T07:17:28.070+0000] {subprocess.py:93} INFO -   super().__init__(loader)
[2026-06-01T07:18:01.413+0000] {subprocess.py:93} INFO - 
[2026-06-01T07:18:01.417+0000] {subprocess.py:93} INFO - ===================================
[2026-06-01T07:18:01.419+0000] {subprocess.py:93} INFO - DATABASE CONNECTION CONFIG
[2026-06-01T07:18:01.422+0000] {subprocess.py:93} INFO - ===================================
[2026-06-01T07:18:01.425+0000] {subprocess.py:93} INFO - DB TYPE   : postgres
[2026-06-01T07:18:01.427+0000] {subprocess.py:93} INFO - HOST      : 3.107.8.33
[2026-06-01T07:18:01.430+0000] {subprocess.py:93} INFO - PORT      : 5432
[2026-06-01T07:18:01.432+0000] {subprocess.py:93} INFO - DATABASE  : metadata_db
[2026-06-01T07:18:01.435+0000] {subprocess.py:93} INFO - USERNAME  : teamuser
[2026-06-01T07:18:01.436+0000] {subprocess.py:93} INFO - ===================================
[2026-06-01T07:18:01.438+0000] {subprocess.py:93} INFO - 
[2026-06-01T07:18:01.440+0000] {subprocess.py:93} INFO - Connected to POSTGRES successfully.
[2026-06-01T07:18:01.441+0000] {subprocess.py:93} INFO - 
[2026-06-01T07:18:01.443+0000] {subprocess.py:93} INFO - Running pipeline: local_to_postgres_pipeline (storage_to_db)
[2026-06-01T07:18:01.444+0000] {subprocess.py:93} INFO - Loading table: customer (2 rows)
[2026-06-01T07:18:01.455+0000] {subprocess.py:93} INFO - Loading table: data pic1 (91 rows)
[2026-06-01T07:18:01.456+0000] {subprocess.py:93} INFO - Loading table: employee (20 rows)
[2026-06-01T07:18:01.457+0000] {subprocess.py:93} INFO - Loading table: employee_data (100 rows)
[2026-06-01T07:18:01.458+0000] {subprocess.py:93} INFO - Loading table: sample (2 rows)
[2026-06-01T07:18:01.459+0000] {subprocess.py:93} INFO - Loading table: word (12 rows)
[2026-06-01T07:18:01.460+0000] {subprocess.py:93} INFO - Processed total rows: 227
[2026-06-01T07:18:01.461+0000] {subprocess.py:93} INFO - Completed: 227 rows processed
[2026-06-01T07:18:02.362+0000] {subprocess.py:97} INFO - Command exited with return code 0
[2026-06-01T07:18:02.375+0000] {taskinstance.py:441} INFO - ::group::Post task execution logs
[2026-06-01T07:18:02.405+0000] {taskinstance.py:1206} INFO - Marking task as SUCCESS. dag_id=dynamic_metadata_pipeline, task_id=run_pipeline_4, run_id=manual__2026-06-01T07:11:14.315494+00:00, execution_date=20260601T071114, start_date=20260601T071659, end_date=20260601T071802
[2026-06-01T07:18:02.463+0000] {local_task_job_runner.py:240} INFO - Task exited with return code 0
[2026-06-01T07:18:02.489+0000] {taskinstance.py:3498} INFO - 0 downstream tasks scheduled from follow-on schedule check
[2026-06-01T07:18:02.493+0000] {local_task_job_runner.py:222} INFO - ::endgroup::
