[2026-06-08T06:05:02.593+0000] {local_task_job_runner.py:120} INFO - ::group::Pre task execution logs
[2026-06-08T06:05:02.640+0000] {taskinstance.py:2076} INFO - Dependencies all met for dep_context=non-requeueable deps ti=<TaskInstance: local_to_postgres_pipeline.run_pipeline_4 scheduled__2026-06-08T06:00:00+00:00 [queued]>
[2026-06-08T06:05:02.653+0000] {taskinstance.py:2076} INFO - Dependencies all met for dep_context=requeueable deps ti=<TaskInstance: local_to_postgres_pipeline.run_pipeline_4 scheduled__2026-06-08T06:00:00+00:00 [queued]>
[2026-06-08T06:05:02.654+0000] {taskinstance.py:2306} INFO - Starting attempt 1 of 2
[2026-06-08T06:05:02.674+0000] {taskinstance.py:2330} INFO - Executing <Task(BashOperator): run_pipeline_4> on 2026-06-08 06:00:00+00:00
[2026-06-08T06:05:02.683+0000] {standard_task_runner.py:90} INFO - Running: ['***', 'tasks', 'run', 'local_to_postgres_pipeline', 'run_pipeline_4', 'scheduled__2026-06-08T06:00:00+00:00', '--job-id', '327', '--raw', '--subdir', 'DAGS_FOLDER/dynamic_pipeline_generator.py', '--cfg-path', '/tmp/tmp9s4d2ni8']
[2026-06-08T06:05:02.687+0000] {logging_mixin.py:188} WARNING - /home/***/.local/lib/python3.12/site-packages/***/task/task_runner/standard_task_runner.py:61 DeprecationWarning: This process (pid=595) is multi-threaded, use of fork() may lead to deadlocks in the child.
[2026-06-08T06:05:02.687+0000] {standard_task_runner.py:91} INFO - Job 327: Subtask run_pipeline_4
[2026-06-08T06:05:02.688+0000] {standard_task_runner.py:63} INFO - Started process 602 to run task
[2026-06-08T06:05:02.760+0000] {task_command.py:426} INFO - Running <TaskInstance: local_to_postgres_pipeline.run_pipeline_4 scheduled__2026-06-08T06:00:00+00:00 [running]> on host 450cdec9e3e5
[2026-06-08T06:05:02.889+0000] {taskinstance.py:2648} INFO - Exporting env vars: AIRFLOW_CTX_DAG_OWNER='subashri' AIRFLOW_CTX_DAG_ID='local_to_postgres_pipeline' AIRFLOW_CTX_TASK_ID='run_pipeline_4' AIRFLOW_CTX_EXECUTION_DATE='2026-06-08T06:00:00+00:00' AIRFLOW_CTX_TRY_NUMBER='1' AIRFLOW_CTX_DAG_RUN_ID='scheduled__2026-06-08T06:00:00+00:00'
[2026-06-08T06:05:02.891+0000] {taskinstance.py:430} INFO - ::endgroup::
[2026-06-08T06:05:02.917+0000] {subprocess.py:63} INFO - Tmp dir root location: /tmp
[2026-06-08T06:05:02.920+0000] {subprocess.py:75} INFO - Running command: ['/usr/bin/bash', '-c', 'cd /opt/***/src && python main.py 4']
[2026-06-08T06:05:02.932+0000] {subprocess.py:86} INFO - Output:
[2026-06-08T06:05:16.645+0000] {subprocess.py:93} INFO - Using CPU. Note: This module is much faster with a GPU.
[2026-06-08T06:06:19.657+0000] {subprocess.py:93} INFO - /home/***/.local/lib/python3.12/site-packages/torch/utils/data/dataloader.py:752: UserWarning: 'pin_memory' argument is set as true but no accelerator is found, then device pinned memory won't be used.
[2026-06-08T06:06:19.928+0000] {subprocess.py:93} INFO -   super().__init__(loader)
[2026-06-08T06:07:06.294+0000] {subprocess.py:93} INFO - 
[2026-06-08T06:07:06.298+0000] {subprocess.py:93} INFO - ===================================
[2026-06-08T06:07:06.300+0000] {subprocess.py:93} INFO - DATABASE CONNECTION CONFIG
[2026-06-08T06:07:06.305+0000] {subprocess.py:93} INFO - ===================================
[2026-06-08T06:07:06.307+0000] {subprocess.py:93} INFO - DB TYPE   : postgres
[2026-06-08T06:07:06.311+0000] {subprocess.py:93} INFO - HOST      : 3.107.8.33
[2026-06-08T06:07:06.313+0000] {subprocess.py:93} INFO - PORT      : 5432
[2026-06-08T06:07:06.316+0000] {subprocess.py:93} INFO - DATABASE  : metadata_db
[2026-06-08T06:07:06.318+0000] {subprocess.py:93} INFO - USERNAME  : teamuser
[2026-06-08T06:07:06.321+0000] {subprocess.py:93} INFO - ===================================
[2026-06-08T06:07:06.322+0000] {subprocess.py:93} INFO - 
[2026-06-08T06:07:06.324+0000] {subprocess.py:93} INFO - Connected to POSTGRES successfully.
[2026-06-08T06:07:06.325+0000] {subprocess.py:93} INFO - 
[2026-06-08T06:07:06.327+0000] {subprocess.py:93} INFO - Running pipeline: local_to_postgres_pipeline (storage_to_db)
[2026-06-08T06:07:06.327+0000] {subprocess.py:93} INFO - Loading table: customer (2 rows)
[2026-06-08T06:07:06.329+0000] {subprocess.py:93} INFO - Loading table: data pic1 (91 rows)
[2026-06-08T06:07:06.330+0000] {subprocess.py:93} INFO - Loading table: employee (20 rows)
[2026-06-08T06:07:06.331+0000] {subprocess.py:93} INFO - Loading table: employee_data (100 rows)
[2026-06-08T06:07:06.332+0000] {subprocess.py:93} INFO - Loading table: sample (2 rows)
[2026-06-08T06:07:06.333+0000] {subprocess.py:93} INFO - Loading table: word (12 rows)
[2026-06-08T06:07:06.334+0000] {subprocess.py:93} INFO - Processed total rows: 227
[2026-06-08T06:07:06.335+0000] {subprocess.py:93} INFO - Completed: 227 rows processed
[2026-06-08T06:07:10.256+0000] {subprocess.py:97} INFO - Command exited with return code 0
[2026-06-08T06:07:10.287+0000] {taskinstance.py:441} INFO - ::group::Post task execution logs
[2026-06-08T06:07:11.056+0000] {taskinstance.py:1206} INFO - Marking task as SUCCESS. dag_id=local_to_postgres_pipeline, task_id=run_pipeline_4, run_id=scheduled__2026-06-08T06:00:00+00:00, execution_date=20260608T060000, start_date=20260608T060502, end_date=20260608T060711
[2026-06-08T06:07:11.236+0000] {local_task_job_runner.py:240} INFO - Task exited with return code 0
[2026-06-08T06:07:11.520+0000] {taskinstance.py:3498} INFO - 0 downstream tasks scheduled from follow-on schedule check
[2026-06-08T06:07:11.528+0000] {local_task_job_runner.py:222} INFO - ::endgroup::
