[2026-06-03T13:09:46.065+0000] {local_task_job_runner.py:120} INFO - ::group::Pre task execution logs
[2026-06-03T13:09:46.099+0000] {taskinstance.py:2076} INFO - Dependencies all met for dep_context=non-requeueable deps ti=<TaskInstance: dynamic_metadata_pipeline.run_pipeline_3 manual__2026-06-03T13:09:43.377973+00:00 [queued]>
[2026-06-03T13:09:46.110+0000] {taskinstance.py:2076} INFO - Dependencies all met for dep_context=requeueable deps ti=<TaskInstance: dynamic_metadata_pipeline.run_pipeline_3 manual__2026-06-03T13:09:43.377973+00:00 [queued]>
[2026-06-03T13:09:46.112+0000] {taskinstance.py:2306} INFO - Starting attempt 1 of 2
[2026-06-03T13:09:46.129+0000] {taskinstance.py:2330} INFO - Executing <Task(BashOperator): run_pipeline_3> on 2026-06-03 13:09:43.377973+00:00
[2026-06-03T13:09:46.141+0000] {standard_task_runner.py:90} INFO - Running: ['***', 'tasks', 'run', 'dynamic_metadata_pipeline', 'run_pipeline_3', 'manual__2026-06-03T13:09:43.377973+00:00', '--job-id', '154', '--raw', '--subdir', 'DAGS_FOLDER/dynamic_pipeline_dag.py', '--cfg-path', '/tmp/tmptg3aieug']
[2026-06-03T13:09:46.147+0000] {standard_task_runner.py:91} INFO - Job 154: Subtask run_pipeline_3
[2026-06-03T13:09:46.169+0000] {logging_mixin.py:188} WARNING - /home/***/.local/lib/python3.12/site-packages/***/task/task_runner/standard_task_runner.py:61 DeprecationWarning: This process (pid=2470) is multi-threaded, use of fork() may lead to deadlocks in the child.
[2026-06-03T13:09:46.171+0000] {standard_task_runner.py:63} INFO - Started process 2475 to run task
[2026-06-03T13:09:46.208+0000] {task_command.py:426} INFO - Running <TaskInstance: dynamic_metadata_pipeline.run_pipeline_3 manual__2026-06-03T13:09:43.377973+00:00 [running]> on host c3bf940c8326
[2026-06-03T13:09:46.314+0000] {taskinstance.py:2648} INFO - Exporting env vars: AIRFLOW_CTX_DAG_OWNER='subashri' AIRFLOW_CTX_DAG_ID='dynamic_metadata_pipeline' AIRFLOW_CTX_TASK_ID='run_pipeline_3' AIRFLOW_CTX_EXECUTION_DATE='2026-06-03T13:09:43.377973+00:00' AIRFLOW_CTX_TRY_NUMBER='1' AIRFLOW_CTX_DAG_RUN_ID='manual__2026-06-03T13:09:43.377973+00:00'
[2026-06-03T13:09:46.315+0000] {taskinstance.py:430} INFO - ::endgroup::
[2026-06-03T13:09:46.336+0000] {subprocess.py:63} INFO - Tmp dir root location: /tmp
[2026-06-03T13:09:46.337+0000] {subprocess.py:75} INFO - Running command: ['/usr/bin/bash', '-c', 'cd /opt/***/src && python main.py 3']
[2026-06-03T13:09:46.356+0000] {subprocess.py:86} INFO - Output:
[2026-06-03T13:10:01.320+0000] {subprocess.py:93} INFO - 
[2026-06-03T13:10:01.322+0000] {subprocess.py:93} INFO - ===================================
[2026-06-03T13:10:01.325+0000] {subprocess.py:93} INFO - DATABASE CONNECTION CONFIG
[2026-06-03T13:10:01.326+0000] {subprocess.py:93} INFO - ===================================
[2026-06-03T13:10:01.328+0000] {subprocess.py:93} INFO - DB TYPE   : postgres
[2026-06-03T13:10:01.329+0000] {subprocess.py:93} INFO - HOST      : 3.107.8.33
[2026-06-03T13:10:01.332+0000] {subprocess.py:93} INFO - PORT      : 5432
[2026-06-03T13:10:01.337+0000] {subprocess.py:93} INFO - DATABASE  : metadata_db
[2026-06-03T13:10:01.340+0000] {subprocess.py:93} INFO - USERNAME  : teamuser
[2026-06-03T13:10:01.342+0000] {subprocess.py:93} INFO - ===================================
[2026-06-03T13:10:01.344+0000] {subprocess.py:93} INFO - 
[2026-06-03T13:10:01.346+0000] {subprocess.py:93} INFO - Connected to POSTGRES successfully.
[2026-06-03T13:10:01.347+0000] {subprocess.py:93} INFO - 
[2026-06-03T13:10:01.354+0000] {subprocess.py:93} INFO - Running pipeline: postgres_to_postgres_pipeline (db_to_db)
[2026-06-03T13:10:01.356+0000] {subprocess.py:93} INFO - 
[2026-06-03T13:10:01.357+0000] {subprocess.py:93} INFO - ===================================
[2026-06-03T13:10:01.364+0000] {subprocess.py:93} INFO - DATABASE CONNECTION CONFIG
[2026-06-03T13:10:01.367+0000] {subprocess.py:93} INFO - ===================================
[2026-06-03T13:10:01.368+0000] {subprocess.py:93} INFO - DB TYPE   : postgres
[2026-06-03T13:10:01.370+0000] {subprocess.py:93} INFO - HOST      : 3.107.8.33
[2026-06-03T13:10:01.372+0000] {subprocess.py:93} INFO - PORT      : 5432
[2026-06-03T13:10:01.373+0000] {subprocess.py:93} INFO - DATABASE  : udifdb
[2026-06-03T13:10:01.376+0000] {subprocess.py:93} INFO - USERNAME  : teamuser
[2026-06-03T13:10:01.380+0000] {subprocess.py:93} INFO - ===================================
[2026-06-03T13:10:01.381+0000] {subprocess.py:93} INFO - 
[2026-06-03T13:10:01.382+0000] {subprocess.py:93} INFO - Connected to POSTGRES successfully.
[2026-06-03T13:10:01.384+0000] {subprocess.py:93} INFO - Completed: 4653 rows processed
[2026-06-03T13:10:01.766+0000] {subprocess.py:97} INFO - Command exited with return code 0
[2026-06-03T13:10:01.770+0000] {taskinstance.py:441} INFO - ::group::Post task execution logs
[2026-06-03T13:10:01.851+0000] {taskinstance.py:1206} INFO - Marking task as SUCCESS. dag_id=dynamic_metadata_pipeline, task_id=run_pipeline_3, run_id=manual__2026-06-03T13:09:43.377973+00:00, execution_date=20260603T130943, start_date=20260603T130946, end_date=20260603T131001
[2026-06-03T13:10:01.913+0000] {local_task_job_runner.py:240} INFO - Task exited with return code 0
[2026-06-03T13:10:01.951+0000] {local_task_job_runner.py:222} INFO - ::endgroup::
