[2026-06-03T13:09:46.059+0000] {local_task_job_runner.py:120} INFO - ::group::Pre task execution logs
[2026-06-03T13:09:46.099+0000] {taskinstance.py:2076} INFO - Dependencies all met for dep_context=non-requeueable deps ti=<TaskInstance: dynamic_metadata_pipeline.run_pipeline_1 manual__2026-06-03T13:09:43.377973+00:00 [queued]>
[2026-06-03T13:09:46.110+0000] {taskinstance.py:2076} INFO - Dependencies all met for dep_context=requeueable deps ti=<TaskInstance: dynamic_metadata_pipeline.run_pipeline_1 manual__2026-06-03T13:09:43.377973+00:00 [queued]>
[2026-06-03T13:09:46.112+0000] {taskinstance.py:2306} INFO - Starting attempt 1 of 2
[2026-06-03T13:09:46.129+0000] {taskinstance.py:2330} INFO - Executing <Task(BashOperator): run_pipeline_1> on 2026-06-03 13:09:43.377973+00:00
[2026-06-03T13:09:46.140+0000] {standard_task_runner.py:90} INFO - Running: ['***', 'tasks', 'run', 'dynamic_metadata_pipeline', 'run_pipeline_1', 'manual__2026-06-03T13:09:43.377973+00:00', '--job-id', '152', '--raw', '--subdir', 'DAGS_FOLDER/dynamic_pipeline_dag.py', '--cfg-path', '/tmp/tmp4uyxbjmg']
[2026-06-03T13:09:46.145+0000] {standard_task_runner.py:91} INFO - Job 152: Subtask run_pipeline_1
[2026-06-03T13:09:46.155+0000] {logging_mixin.py:188} WARNING - /home/***/.local/lib/python3.12/site-packages/***/task/task_runner/standard_task_runner.py:61 DeprecationWarning: This process (pid=2468) is multi-threaded, use of fork() may lead to deadlocks in the child.
[2026-06-03T13:09:46.156+0000] {standard_task_runner.py:63} INFO - Started process 2474 to run task
[2026-06-03T13:09:46.204+0000] {task_command.py:426} INFO - Running <TaskInstance: dynamic_metadata_pipeline.run_pipeline_1 manual__2026-06-03T13:09:43.377973+00:00 [running]> on host c3bf940c8326
[2026-06-03T13:09:46.313+0000] {taskinstance.py:2648} INFO - Exporting env vars: AIRFLOW_CTX_DAG_OWNER='subashri' AIRFLOW_CTX_DAG_ID='dynamic_metadata_pipeline' AIRFLOW_CTX_TASK_ID='run_pipeline_1' AIRFLOW_CTX_EXECUTION_DATE='2026-06-03T13:09:43.377973+00:00' AIRFLOW_CTX_TRY_NUMBER='1' AIRFLOW_CTX_DAG_RUN_ID='manual__2026-06-03T13:09:43.377973+00:00'
[2026-06-03T13:09:46.314+0000] {taskinstance.py:430} INFO - ::endgroup::
[2026-06-03T13:09:46.338+0000] {subprocess.py:63} INFO - Tmp dir root location: /tmp
[2026-06-03T13:09:46.344+0000] {subprocess.py:75} INFO - Running command: ['/usr/bin/bash', '-c', 'cd /opt/***/src && python main.py 1']
[2026-06-03T13:09:46.361+0000] {subprocess.py:86} INFO - Output:
[2026-06-03T13:09:57.209+0000] {subprocess.py:93} INFO - 
[2026-06-03T13:09:57.210+0000] {subprocess.py:93} INFO - ===================================
[2026-06-03T13:09:57.211+0000] {subprocess.py:93} INFO - DATABASE CONNECTION CONFIG
[2026-06-03T13:09:57.211+0000] {subprocess.py:93} INFO - ===================================
[2026-06-03T13:09:57.212+0000] {subprocess.py:93} INFO - DB TYPE   : postgres
[2026-06-03T13:09:57.213+0000] {subprocess.py:93} INFO - HOST      : 3.107.8.33
[2026-06-03T13:09:57.213+0000] {subprocess.py:93} INFO - PORT      : 5432
[2026-06-03T13:09:57.214+0000] {subprocess.py:93} INFO - DATABASE  : metadata_db
[2026-06-03T13:09:57.215+0000] {subprocess.py:93} INFO - USERNAME  : teamuser
[2026-06-03T13:09:57.215+0000] {subprocess.py:93} INFO - ===================================
[2026-06-03T13:09:57.216+0000] {subprocess.py:93} INFO - 
[2026-06-03T13:09:57.217+0000] {subprocess.py:93} INFO - Connected to POSTGRES successfully.
[2026-06-03T13:09:57.217+0000] {subprocess.py:93} INFO - 
[2026-06-03T13:09:57.218+0000] {subprocess.py:93} INFO - Running pipeline: postgres_to_s3_pipeline (db_to_storage)
[2026-06-03T13:09:57.219+0000] {subprocess.py:93} INFO - 
[2026-06-03T13:09:57.219+0000] {subprocess.py:93} INFO - ===================================
[2026-06-03T13:09:57.220+0000] {subprocess.py:93} INFO - DATABASE CONNECTION CONFIG
[2026-06-03T13:09:57.221+0000] {subprocess.py:93} INFO - ===================================
[2026-06-03T13:09:57.221+0000] {subprocess.py:93} INFO - DB TYPE   : postgres
[2026-06-03T13:09:57.222+0000] {subprocess.py:93} INFO - HOST      : 3.107.8.33
[2026-06-03T13:09:57.222+0000] {subprocess.py:93} INFO - PORT      : 5432
[2026-06-03T13:09:57.223+0000] {subprocess.py:93} INFO - DATABASE  : udifdb
[2026-06-03T13:09:57.224+0000] {subprocess.py:93} INFO - USERNAME  : teamuser
[2026-06-03T13:09:57.225+0000] {subprocess.py:93} INFO - ===================================
[2026-06-03T13:09:57.225+0000] {subprocess.py:93} INFO - 
[2026-06-03T13:09:57.226+0000] {subprocess.py:93} INFO - Connected to POSTGRES successfully.
[2026-06-03T13:09:57.227+0000] {subprocess.py:93} INFO - Completed: 4653 rows processed
[2026-06-03T13:09:57.484+0000] {subprocess.py:97} INFO - Command exited with return code 0
[2026-06-03T13:09:57.496+0000] {taskinstance.py:441} INFO - ::group::Post task execution logs
[2026-06-03T13:09:57.535+0000] {taskinstance.py:1206} INFO - Marking task as SUCCESS. dag_id=dynamic_metadata_pipeline, task_id=run_pipeline_1, run_id=manual__2026-06-03T13:09:43.377973+00:00, execution_date=20260603T130943, start_date=20260603T130946, end_date=20260603T130957
[2026-06-03T13:09:57.565+0000] {local_task_job_runner.py:240} INFO - Task exited with return code 0
[2026-06-03T13:09:57.587+0000] {taskinstance.py:3498} INFO - 0 downstream tasks scheduled from follow-on schedule check
[2026-06-03T13:09:57.590+0000] {local_task_job_runner.py:222} INFO - ::endgroup::
