[2026-06-04T06:55:04.902+0000] {local_task_job_runner.py:120} INFO - ::group::Pre task execution logs
[2026-06-04T06:55:05.062+0000] {taskinstance.py:2076} INFO - Dependencies all met for dep_context=non-requeueable deps ti=<TaskInstance: postgres_to_postgres_pipeline.run_pipeline_3 scheduled__2026-06-04T06:50:00+00:00 [queued]>
[2026-06-04T06:55:05.098+0000] {taskinstance.py:2076} INFO - Dependencies all met for dep_context=requeueable deps ti=<TaskInstance: postgres_to_postgres_pipeline.run_pipeline_3 scheduled__2026-06-04T06:50:00+00:00 [queued]>
[2026-06-04T06:55:05.100+0000] {taskinstance.py:2306} INFO - Starting attempt 1 of 2
[2026-06-04T06:55:05.178+0000] {taskinstance.py:2330} INFO - Executing <Task(BashOperator): run_pipeline_3> on 2026-06-04 06:50:00+00:00
[2026-06-04T06:55:05.261+0000] {standard_task_runner.py:90} INFO - Running: ['***', 'tasks', 'run', 'postgres_to_postgres_pipeline', 'run_pipeline_3', 'scheduled__2026-06-04T06:50:00+00:00', '--job-id', '269', '--raw', '--subdir', 'DAGS_FOLDER/dynamic_pipeline_generator.py', '--cfg-path', '/tmp/tmpocgpfane']
[2026-06-04T06:55:05.285+0000] {standard_task_runner.py:91} INFO - Job 269: Subtask run_pipeline_3
[2026-06-04T06:55:05.344+0000] {logging_mixin.py:188} WARNING - /home/***/.local/lib/python3.12/site-packages/***/task/task_runner/standard_task_runner.py:61 DeprecationWarning: This process (pid=4606) is multi-threaded, use of fork() may lead to deadlocks in the child.
[2026-06-04T06:55:05.350+0000] {standard_task_runner.py:63} INFO - Started process 4614 to run task
[2026-06-04T06:55:05.510+0000] {task_command.py:426} INFO - Running <TaskInstance: postgres_to_postgres_pipeline.run_pipeline_3 scheduled__2026-06-04T06:50:00+00:00 [running]> on host b044b6a9b6bd
[2026-06-04T06:55:05.970+0000] {taskinstance.py:2648} INFO - Exporting env vars: AIRFLOW_CTX_DAG_OWNER='subashri' AIRFLOW_CTX_DAG_ID='postgres_to_postgres_pipeline' AIRFLOW_CTX_TASK_ID='run_pipeline_3' AIRFLOW_CTX_EXECUTION_DATE='2026-06-04T06:50:00+00:00' AIRFLOW_CTX_TRY_NUMBER='1' AIRFLOW_CTX_DAG_RUN_ID='scheduled__2026-06-04T06:50:00+00:00'
[2026-06-04T06:55:05.983+0000] {taskinstance.py:430} INFO - ::endgroup::
[2026-06-04T06:55:06.129+0000] {subprocess.py:63} INFO - Tmp dir root location: /tmp
[2026-06-04T06:55:06.150+0000] {subprocess.py:75} INFO - Running command: ['/usr/bin/bash', '-c', 'cd /opt/***/src && python main.py 3']
[2026-06-04T06:55:06.384+0000] {subprocess.py:86} INFO - Output:
[2026-06-04T06:55:31.139+0000] {subprocess.py:93} INFO - 
[2026-06-04T06:55:31.143+0000] {subprocess.py:93} INFO - ===================================
[2026-06-04T06:55:31.145+0000] {subprocess.py:93} INFO - DATABASE CONNECTION CONFIG
[2026-06-04T06:55:31.147+0000] {subprocess.py:93} INFO - ===================================
[2026-06-04T06:55:31.148+0000] {subprocess.py:93} INFO - DB TYPE   : postgres
[2026-06-04T06:55:31.150+0000] {subprocess.py:93} INFO - HOST      : 3.107.8.33
[2026-06-04T06:55:31.153+0000] {subprocess.py:93} INFO - PORT      : 5432
[2026-06-04T06:55:31.154+0000] {subprocess.py:93} INFO - DATABASE  : metadata_db
[2026-06-04T06:55:31.155+0000] {subprocess.py:93} INFO - USERNAME  : teamuser
[2026-06-04T06:55:31.156+0000] {subprocess.py:93} INFO - ===================================
[2026-06-04T06:55:31.157+0000] {subprocess.py:93} INFO - 
[2026-06-04T06:55:31.158+0000] {subprocess.py:93} INFO - Connected to POSTGRES successfully.
[2026-06-04T06:55:31.159+0000] {subprocess.py:93} INFO - 
[2026-06-04T06:55:31.161+0000] {subprocess.py:93} INFO - Running pipeline: postgres_to_postgres_pipeline (db_to_db)
[2026-06-04T06:55:31.162+0000] {subprocess.py:93} INFO - 
[2026-06-04T06:55:31.163+0000] {subprocess.py:93} INFO - ===================================
[2026-06-04T06:55:31.164+0000] {subprocess.py:93} INFO - DATABASE CONNECTION CONFIG
[2026-06-04T06:55:31.166+0000] {subprocess.py:93} INFO - ===================================
[2026-06-04T06:55:31.168+0000] {subprocess.py:93} INFO - DB TYPE   : postgres
[2026-06-04T06:55:31.170+0000] {subprocess.py:93} INFO - HOST      : 3.107.8.33
[2026-06-04T06:55:31.171+0000] {subprocess.py:93} INFO - PORT      : 5432
[2026-06-04T06:55:31.172+0000] {subprocess.py:93} INFO - DATABASE  : udifdb
[2026-06-04T06:55:31.173+0000] {subprocess.py:93} INFO - USERNAME  : teamuser
[2026-06-04T06:55:31.175+0000] {subprocess.py:93} INFO - ===================================
[2026-06-04T06:55:31.176+0000] {subprocess.py:93} INFO - 
[2026-06-04T06:55:31.177+0000] {subprocess.py:93} INFO - Connected to POSTGRES successfully.
[2026-06-04T06:55:31.179+0000] {subprocess.py:93} INFO - Completed: 4653 rows processed
[2026-06-04T06:55:31.489+0000] {subprocess.py:97} INFO - Command exited with return code 0
[2026-06-04T06:55:31.492+0000] {taskinstance.py:441} INFO - ::group::Post task execution logs
[2026-06-04T06:55:31.558+0000] {taskinstance.py:1206} INFO - Marking task as SUCCESS. dag_id=postgres_to_postgres_pipeline, task_id=run_pipeline_3, run_id=scheduled__2026-06-04T06:50:00+00:00, execution_date=20260604T065000, start_date=20260604T065505, end_date=20260604T065531
[2026-06-04T06:55:31.621+0000] {local_task_job_runner.py:240} INFO - Task exited with return code 0
[2026-06-04T06:55:31.653+0000] {taskinstance.py:3498} INFO - 0 downstream tasks scheduled from follow-on schedule check
[2026-06-04T06:55:31.657+0000] {local_task_job_runner.py:222} INFO - ::endgroup::
