[2026-06-03T11:24:11.974+0000] {local_task_job_runner.py:120} INFO - ::group::Pre task execution logs
[2026-06-03T11:24:12.070+0000] {taskinstance.py:2076} INFO - Dependencies all met for dep_context=non-requeueable deps ti=<TaskInstance: dynamic_metadata_pipeline.run_pipeline_1 manual__2026-06-03T11:24:07.562700+00:00 [queued]>
[2026-06-03T11:24:12.097+0000] {taskinstance.py:2076} INFO - Dependencies all met for dep_context=requeueable deps ti=<TaskInstance: dynamic_metadata_pipeline.run_pipeline_1 manual__2026-06-03T11:24:07.562700+00:00 [queued]>
[2026-06-03T11:24:12.098+0000] {taskinstance.py:2306} INFO - Starting attempt 1 of 2
[2026-06-03T11:24:12.133+0000] {taskinstance.py:2330} INFO - Executing <Task(BashOperator): run_pipeline_1> on 2026-06-03 11:24:07.562700+00:00
[2026-06-03T11:24:12.144+0000] {standard_task_runner.py:90} INFO - Running: ['***', 'tasks', 'run', 'dynamic_metadata_pipeline', 'run_pipeline_1', 'manual__2026-06-03T11:24:07.562700+00:00', '--job-id', '131', '--raw', '--subdir', 'DAGS_FOLDER/dynamic_pipeline_dag.py', '--cfg-path', '/tmp/tmp590s0fnk']
[2026-06-03T11:24:12.150+0000] {standard_task_runner.py:91} INFO - Job 131: Subtask run_pipeline_1
[2026-06-03T11:24:12.150+0000] {logging_mixin.py:188} WARNING - /home/***/.local/lib/python3.12/site-packages/***/task/task_runner/standard_task_runner.py:61 DeprecationWarning: This process (pid=1192) is multi-threaded, use of fork() may lead to deadlocks in the child.
[2026-06-03T11:24:12.152+0000] {standard_task_runner.py:63} INFO - Started process 1197 to run task
[2026-06-03T11:24:12.239+0000] {task_command.py:426} INFO - Running <TaskInstance: dynamic_metadata_pipeline.run_pipeline_1 manual__2026-06-03T11:24:07.562700+00:00 [running]> on host c3bf940c8326
[2026-06-03T11:24:12.411+0000] {taskinstance.py:2648} INFO - Exporting env vars: AIRFLOW_CTX_DAG_OWNER='subashri' AIRFLOW_CTX_DAG_ID='dynamic_metadata_pipeline' AIRFLOW_CTX_TASK_ID='run_pipeline_1' AIRFLOW_CTX_EXECUTION_DATE='2026-06-03T11:24:07.562700+00:00' AIRFLOW_CTX_TRY_NUMBER='1' AIRFLOW_CTX_DAG_RUN_ID='manual__2026-06-03T11:24:07.562700+00:00'
[2026-06-03T11:24:12.413+0000] {taskinstance.py:430} INFO - ::endgroup::
[2026-06-03T11:24:12.450+0000] {subprocess.py:63} INFO - Tmp dir root location: /tmp
[2026-06-03T11:24:12.452+0000] {subprocess.py:75} INFO - Running command: ['/usr/bin/bash', '-c', 'cd /opt/***/src && python main.py 1']
[2026-06-03T11:24:12.468+0000] {subprocess.py:86} INFO - Output:
[2026-06-03T11:24:23.428+0000] {subprocess.py:93} INFO - 
[2026-06-03T11:24:23.429+0000] {subprocess.py:93} INFO - ===================================
[2026-06-03T11:24:23.429+0000] {subprocess.py:93} INFO - DATABASE CONNECTION CONFIG
[2026-06-03T11:24:23.430+0000] {subprocess.py:93} INFO - ===================================
[2026-06-03T11:24:23.431+0000] {subprocess.py:93} INFO - DB TYPE   : postgres
[2026-06-03T11:24:23.431+0000] {subprocess.py:93} INFO - HOST      : 3.107.8.33
[2026-06-03T11:24:23.432+0000] {subprocess.py:93} INFO - PORT      : 5432
[2026-06-03T11:24:23.433+0000] {subprocess.py:93} INFO - DATABASE  : metadata_db
[2026-06-03T11:24:23.433+0000] {subprocess.py:93} INFO - USERNAME  : teamuser
[2026-06-03T11:24:23.434+0000] {subprocess.py:93} INFO - ===================================
[2026-06-03T11:24:23.435+0000] {subprocess.py:93} INFO - 
[2026-06-03T11:24:23.436+0000] {subprocess.py:93} INFO - Connected to POSTGRES successfully.
[2026-06-03T11:24:23.436+0000] {subprocess.py:93} INFO - 
[2026-06-03T11:24:23.437+0000] {subprocess.py:93} INFO - Running pipeline: postgres_to_s3_pipeline (db_to_storage)
[2026-06-03T11:24:23.438+0000] {subprocess.py:93} INFO - 
[2026-06-03T11:24:23.439+0000] {subprocess.py:93} INFO - ===================================
[2026-06-03T11:24:23.440+0000] {subprocess.py:93} INFO - DATABASE CONNECTION CONFIG
[2026-06-03T11:24:23.440+0000] {subprocess.py:93} INFO - ===================================
[2026-06-03T11:24:23.441+0000] {subprocess.py:93} INFO - DB TYPE   : postgres
[2026-06-03T11:24:23.442+0000] {subprocess.py:93} INFO - HOST      : 3.107.8.33
[2026-06-03T11:24:23.447+0000] {subprocess.py:93} INFO - PORT      : 5432
[2026-06-03T11:24:23.449+0000] {subprocess.py:93} INFO - DATABASE  : udifdb
[2026-06-03T11:24:23.449+0000] {subprocess.py:93} INFO - USERNAME  : teamuser
[2026-06-03T11:24:23.450+0000] {subprocess.py:93} INFO - ===================================
[2026-06-03T11:24:23.451+0000] {subprocess.py:93} INFO - 
[2026-06-03T11:24:23.452+0000] {subprocess.py:93} INFO - Connected to POSTGRES successfully.
[2026-06-03T11:24:23.453+0000] {subprocess.py:93} INFO - Completed: 4653 rows processed
[2026-06-03T11:24:23.667+0000] {subprocess.py:97} INFO - Command exited with return code 0
[2026-06-03T11:24:23.669+0000] {taskinstance.py:441} INFO - ::group::Post task execution logs
[2026-06-03T11:24:23.712+0000] {taskinstance.py:1206} INFO - Marking task as SUCCESS. dag_id=dynamic_metadata_pipeline, task_id=run_pipeline_1, run_id=manual__2026-06-03T11:24:07.562700+00:00, execution_date=20260603T112407, start_date=20260603T112412, end_date=20260603T112423
[2026-06-03T11:24:23.739+0000] {local_task_job_runner.py:240} INFO - Task exited with return code 0
[2026-06-03T11:24:23.763+0000] {taskinstance.py:3498} INFO - 0 downstream tasks scheduled from follow-on schedule check
[2026-06-03T11:24:23.767+0000] {local_task_job_runner.py:222} INFO - ::endgroup::
