[2026-05-28T15:14:30.127+0000] {local_task_job_runner.py:120} INFO - ::group::Pre task execution logs
[2026-05-28T15:14:30.193+0000] {taskinstance.py:2076} INFO - Dependencies all met for dep_context=non-requeueable deps ti=<TaskInstance: dynamic_metadata_pipeline.run_pipeline_1 manual__2026-05-28T15:14:29.341433+00:00 [queued]>
[2026-05-28T15:14:30.206+0000] {taskinstance.py:2076} INFO - Dependencies all met for dep_context=requeueable deps ti=<TaskInstance: dynamic_metadata_pipeline.run_pipeline_1 manual__2026-05-28T15:14:29.341433+00:00 [queued]>
[2026-05-28T15:14:30.207+0000] {taskinstance.py:2306} INFO - Starting attempt 1 of 2
[2026-05-28T15:14:30.224+0000] {taskinstance.py:2330} INFO - Executing <Task(BashOperator): run_pipeline_1> on 2026-05-28 15:14:29.341433+00:00
[2026-05-28T15:14:30.232+0000] {standard_task_runner.py:90} INFO - Running: ['***', 'tasks', 'run', 'dynamic_metadata_pipeline', 'run_pipeline_1', 'manual__2026-05-28T15:14:29.341433+00:00', '--job-id', '41', '--raw', '--subdir', 'DAGS_FOLDER/dynamic_pipeline_dag.py', '--cfg-path', '/tmp/tmp5756iilf']
[2026-05-28T15:14:30.235+0000] {standard_task_runner.py:91} INFO - Job 41: Subtask run_pipeline_1
[2026-05-28T15:14:30.235+0000] {logging_mixin.py:188} WARNING - /home/***/.local/lib/python3.12/site-packages/***/task/task_runner/standard_task_runner.py:61 DeprecationWarning: This process (pid=278) is multi-threaded, use of fork() may lead to deadlocks in the child.
[2026-05-28T15:14:30.236+0000] {standard_task_runner.py:63} INFO - Started process 279 to run task
[2026-05-28T15:14:30.282+0000] {task_command.py:426} INFO - Running <TaskInstance: dynamic_metadata_pipeline.run_pipeline_1 manual__2026-05-28T15:14:29.341433+00:00 [running]> on host 6c7adbbe76d2
[2026-05-28T15:14:30.384+0000] {taskinstance.py:2648} INFO - Exporting env vars: AIRFLOW_CTX_DAG_OWNER='subashri' AIRFLOW_CTX_DAG_ID='dynamic_metadata_pipeline' AIRFLOW_CTX_TASK_ID='run_pipeline_1' AIRFLOW_CTX_EXECUTION_DATE='2026-05-28T15:14:29.341433+00:00' AIRFLOW_CTX_TRY_NUMBER='1' AIRFLOW_CTX_DAG_RUN_ID='manual__2026-05-28T15:14:29.341433+00:00'
[2026-05-28T15:14:30.385+0000] {taskinstance.py:430} INFO - ::endgroup::
[2026-05-28T15:14:30.404+0000] {subprocess.py:63} INFO - Tmp dir root location: /tmp
[2026-05-28T15:14:30.406+0000] {subprocess.py:75} INFO - Running command: ['/usr/bin/bash', '-c', 'cd /opt/***/src && python main.py 1']
[2026-05-28T15:14:30.416+0000] {subprocess.py:86} INFO - Output:
[2026-05-28T15:14:35.586+0000] {subprocess.py:93} INFO - Using CPU. Note: This module is much faster with a GPU.
[2026-05-28T15:14:48.391+0000] {subprocess.py:93} INFO - 
[2026-05-28T15:14:48.393+0000] {subprocess.py:93} INFO - ===================================
[2026-05-28T15:14:48.394+0000] {subprocess.py:93} INFO - DATABASE CONNECTION CONFIG
[2026-05-28T15:14:48.396+0000] {subprocess.py:93} INFO - ===================================
[2026-05-28T15:14:48.397+0000] {subprocess.py:93} INFO - DB TYPE   : postgres
[2026-05-28T15:14:48.398+0000] {subprocess.py:93} INFO - HOST      : 15.135.192.199
[2026-05-28T15:14:48.399+0000] {subprocess.py:93} INFO - PORT      : 5432
[2026-05-28T15:14:48.400+0000] {subprocess.py:93} INFO - DATABASE  : metadata_db
[2026-05-28T15:14:48.401+0000] {subprocess.py:93} INFO - USERNAME  : teamuser
[2026-05-28T15:14:48.402+0000] {subprocess.py:93} INFO - ===================================
[2026-05-28T15:14:48.403+0000] {subprocess.py:93} INFO - 
[2026-05-28T15:14:48.404+0000] {subprocess.py:93} INFO - Connected to POSTGRES successfully.
[2026-05-28T15:14:48.405+0000] {subprocess.py:93} INFO - 
[2026-05-28T15:14:48.406+0000] {subprocess.py:93} INFO - Running pipeline: postgres_to_s3_pipeline (db_to_storage)
[2026-05-28T15:14:48.407+0000] {subprocess.py:93} INFO - 
[2026-05-28T15:14:48.407+0000] {subprocess.py:93} INFO - ===================================
[2026-05-28T15:14:48.408+0000] {subprocess.py:93} INFO - DATABASE CONNECTION CONFIG
[2026-05-28T15:14:48.409+0000] {subprocess.py:93} INFO - ===================================
[2026-05-28T15:14:48.410+0000] {subprocess.py:93} INFO - DB TYPE   : postgres
[2026-05-28T15:14:48.411+0000] {subprocess.py:93} INFO - HOST      : 15.135.192.199
[2026-05-28T15:14:48.411+0000] {subprocess.py:93} INFO - PORT      : 5432
[2026-05-28T15:14:48.412+0000] {subprocess.py:93} INFO - DATABASE  : udifdb
[2026-05-28T15:14:48.413+0000] {subprocess.py:93} INFO - USERNAME  : teamuser
[2026-05-28T15:14:48.414+0000] {subprocess.py:93} INFO - ===================================
[2026-05-28T15:14:48.414+0000] {subprocess.py:93} INFO - 
[2026-05-28T15:14:48.415+0000] {subprocess.py:93} INFO - Connected to POSTGRES successfully.
[2026-05-28T15:14:48.416+0000] {subprocess.py:93} INFO - Completed: 4653 rows processed
[2026-05-28T15:14:49.342+0000] {subprocess.py:97} INFO - Command exited with return code 0
[2026-05-28T15:14:49.343+0000] {taskinstance.py:441} INFO - ::group::Post task execution logs
[2026-05-28T15:14:49.366+0000] {taskinstance.py:1206} INFO - Marking task as SUCCESS. dag_id=dynamic_metadata_pipeline, task_id=run_pipeline_1, run_id=manual__2026-05-28T15:14:29.341433+00:00, execution_date=20260528T151429, start_date=20260528T151430, end_date=20260528T151449
[2026-05-28T15:14:49.415+0000] {local_task_job_runner.py:240} INFO - Task exited with return code 0
[2026-05-28T15:14:49.443+0000] {taskinstance.py:3498} INFO - 0 downstream tasks scheduled from follow-on schedule check
[2026-05-28T15:14:49.448+0000] {local_task_job_runner.py:222} INFO - ::endgroup::
