[2026-05-28T11:30:57.249+0000] {local_task_job_runner.py:120} INFO - ::group::Pre task execution logs
[2026-05-28T11:30:57.300+0000] {taskinstance.py:2076} INFO - Dependencies all met for dep_context=non-requeueable deps ti=<TaskInstance: dynamic_metadata_pipeline.run_pipeline_1 manual__2026-05-28T11:30:56.431755+00:00 [queued]>
[2026-05-28T11:30:57.313+0000] {taskinstance.py:2076} INFO - Dependencies all met for dep_context=requeueable deps ti=<TaskInstance: dynamic_metadata_pipeline.run_pipeline_1 manual__2026-05-28T11:30:56.431755+00:00 [queued]>
[2026-05-28T11:30:57.314+0000] {taskinstance.py:2306} INFO - Starting attempt 1 of 2
[2026-05-28T11:30:57.331+0000] {taskinstance.py:2330} INFO - Executing <Task(BashOperator): run_pipeline_1> on 2026-05-28 11:30:56.431755+00:00
[2026-05-28T11:30:57.341+0000] {standard_task_runner.py:90} INFO - Running: ['***', 'tasks', 'run', 'dynamic_metadata_pipeline', 'run_pipeline_1', 'manual__2026-05-28T11:30:56.431755+00:00', '--job-id', '30', '--raw', '--subdir', 'DAGS_FOLDER/dynamic_pipeline_dag.py', '--cfg-path', '/tmp/tmpaa_x65d9']
[2026-05-28T11:30:57.349+0000] {standard_task_runner.py:91} INFO - Job 30: Subtask run_pipeline_1
[2026-05-28T11:30:57.354+0000] {logging_mixin.py:188} WARNING - /home/***/.local/lib/python3.12/site-packages/***/task/task_runner/standard_task_runner.py:61 DeprecationWarning: This process (pid=175) is multi-threaded, use of fork() may lead to deadlocks in the child.
[2026-05-28T11:30:57.355+0000] {standard_task_runner.py:63} INFO - Started process 176 to run task
[2026-05-28T11:30:57.421+0000] {task_command.py:426} INFO - Running <TaskInstance: dynamic_metadata_pipeline.run_pipeline_1 manual__2026-05-28T11:30:56.431755+00:00 [running]> on host 9b03826f1abd
[2026-05-28T11:30:57.534+0000] {taskinstance.py:2648} INFO - Exporting env vars: AIRFLOW_CTX_DAG_OWNER='subashri' AIRFLOW_CTX_DAG_ID='dynamic_metadata_pipeline' AIRFLOW_CTX_TASK_ID='run_pipeline_1' AIRFLOW_CTX_EXECUTION_DATE='2026-05-28T11:30:56.431755+00:00' AIRFLOW_CTX_TRY_NUMBER='1' AIRFLOW_CTX_DAG_RUN_ID='manual__2026-05-28T11:30:56.431755+00:00'
[2026-05-28T11:30:57.535+0000] {taskinstance.py:430} INFO - ::endgroup::
[2026-05-28T11:30:57.599+0000] {subprocess.py:63} INFO - Tmp dir root location: /tmp
[2026-05-28T11:30:57.601+0000] {subprocess.py:75} INFO - Running command: ['/usr/bin/bash', '-c', 'cd /opt/***/src && python main.py 1']
[2026-05-28T11:30:57.614+0000] {subprocess.py:86} INFO - Output:
[2026-05-28T11:31:00.641+0000] {subprocess.py:93} INFO - Traceback (most recent call last):
[2026-05-28T11:31:00.641+0000] {subprocess.py:93} INFO -   File "/opt/***/src/main.py", line 4, in <module>
[2026-05-28T11:31:00.643+0000] {subprocess.py:93} INFO -     from pipeline_executor import run_pipeline
[2026-05-28T11:31:00.644+0000] {subprocess.py:93} INFO -   File "/opt/***/src/pipeline_executor.py", line 6, in <module>
[2026-05-28T11:31:00.646+0000] {subprocess.py:93} INFO -     from reader import read_input
[2026-05-28T11:31:00.646+0000] {subprocess.py:93} INFO -   File "/opt/***/src/reader.py", line 12, in <module>
[2026-05-28T11:31:00.648+0000] {subprocess.py:93} INFO -     from parser_adapter import (
[2026-05-28T11:31:00.649+0000] {subprocess.py:93} INFO -   File "/opt/***/src/parser_adapter.py", line 4, in <module>
[2026-05-28T11:31:00.651+0000] {subprocess.py:93} INFO -     from parsers.parser_factory import get_parser
[2026-05-28T11:31:00.652+0000] {subprocess.py:93} INFO -   File "/opt/***/src/parsers/parser_factory.py", line 4, in <module>
[2026-05-28T11:31:00.654+0000] {subprocess.py:93} INFO -     from parsers.pdf_parser import parse_pdf
[2026-05-28T11:31:00.655+0000] {subprocess.py:93} INFO -   File "/opt/***/src/parsers/pdf_parser.py", line 1, in <module>
[2026-05-28T11:31:00.668+0000] {subprocess.py:93} INFO -     import PyPDF2
[2026-05-28T11:31:00.668+0000] {subprocess.py:93} INFO - ModuleNotFoundError: No module named 'PyPDF2'
[2026-05-28T11:31:00.892+0000] {subprocess.py:97} INFO - Command exited with return code 1
[2026-05-28T11:31:00.893+0000] {taskinstance.py:441} INFO - ::group::Post task execution logs
[2026-05-28T11:31:00.909+0000] {taskinstance.py:2905} ERROR - Task failed with exception
Traceback (most recent call last):
  File "/home/airflow/.local/lib/python3.12/site-packages/airflow/models/taskinstance.py", line 465, in _execute_task
    result = _execute_callable(context=context, **execute_callable_kwargs)
             ^^^^^^^^^^^^^^^^^^^^^^^^^^^^^^^^^^^^^^^^^^^^^^^^^^^^^^^^^^^^^
  File "/home/airflow/.local/lib/python3.12/site-packages/airflow/models/taskinstance.py", line 432, in _execute_callable
    return execute_callable(context=context, **execute_callable_kwargs)
           ^^^^^^^^^^^^^^^^^^^^^^^^^^^^^^^^^^^^^^^^^^^^^^^^^^^^^^^^^^^^
  File "/home/airflow/.local/lib/python3.12/site-packages/airflow/models/baseoperator.py", line 400, in wrapper
    return func(self, *args, **kwargs)
           ^^^^^^^^^^^^^^^^^^^^^^^^^^^
  File "/home/airflow/.local/lib/python3.12/site-packages/airflow/operators/bash.py", line 243, in execute
    raise AirflowException(
airflow.exceptions.AirflowException: Bash command failed. The command returned a non-zero exit code 1.
[2026-05-28T11:31:00.916+0000] {taskinstance.py:1206} INFO - Marking task as UP_FOR_RETRY. dag_id=dynamic_metadata_pipeline, task_id=run_pipeline_1, run_id=manual__2026-05-28T11:30:56.431755+00:00, execution_date=20260528T113056, start_date=20260528T113057, end_date=20260528T113100
[2026-05-28T11:31:00.936+0000] {standard_task_runner.py:110} ERROR - Failed to execute job 30 for task run_pipeline_1 (Bash command failed. The command returned a non-zero exit code 1.; 176)
[2026-05-28T11:31:00.986+0000] {local_task_job_runner.py:240} INFO - Task exited with return code 1
[2026-05-28T11:31:01.016+0000] {taskinstance.py:3498} INFO - 0 downstream tasks scheduled from follow-on schedule check
[2026-05-28T11:31:01.025+0000] {local_task_job_runner.py:222} INFO - ::endgroup::
