[2026-06-04T07:15:03.599+0000] {local_task_job_runner.py:120} INFO - ::group::Pre task execution logs
[2026-06-04T07:15:03.740+0000] {taskinstance.py:2076} INFO - Dependencies all met for dep_context=non-requeueable deps ti=<TaskInstance: s3_to_local_pipeline.run_pipeline_7 scheduled__2026-06-04T07:10:00+00:00 [queued]>
[2026-06-04T07:15:03.778+0000] {taskinstance.py:2076} INFO - Dependencies all met for dep_context=requeueable deps ti=<TaskInstance: s3_to_local_pipeline.run_pipeline_7 scheduled__2026-06-04T07:10:00+00:00 [queued]>
[2026-06-04T07:15:03.781+0000] {taskinstance.py:2306} INFO - Starting attempt 1 of 2
[2026-06-04T07:15:03.857+0000] {taskinstance.py:2330} INFO - Executing <Task(BashOperator): run_pipeline_7> on 2026-06-04 07:10:00+00:00
[2026-06-04T07:15:03.926+0000] {standard_task_runner.py:90} INFO - Running: ['***', 'tasks', 'run', 's3_to_local_pipeline', 'run_pipeline_7', 'scheduled__2026-06-04T07:10:00+00:00', '--job-id', '295', '--raw', '--subdir', 'DAGS_FOLDER/dynamic_pipeline_generator.py', '--cfg-path', '/tmp/tmpwlc50e04']
[2026-06-04T07:15:03.949+0000] {standard_task_runner.py:91} INFO - Job 295: Subtask run_pipeline_7
[2026-06-04T07:15:04.010+0000] {logging_mixin.py:188} WARNING - /home/***/.local/lib/python3.12/site-packages/***/task/task_runner/standard_task_runner.py:61 DeprecationWarning: This process (pid=5427) is multi-threaded, use of fork() may lead to deadlocks in the child.
[2026-06-04T07:15:04.028+0000] {standard_task_runner.py:63} INFO - Started process 5433 to run task
[2026-06-04T07:15:04.195+0000] {task_command.py:426} INFO - Running <TaskInstance: s3_to_local_pipeline.run_pipeline_7 scheduled__2026-06-04T07:10:00+00:00 [running]> on host b044b6a9b6bd
[2026-06-04T07:15:04.691+0000] {taskinstance.py:2648} INFO - Exporting env vars: AIRFLOW_CTX_DAG_OWNER='subashri' AIRFLOW_CTX_DAG_ID='s3_to_local_pipeline' AIRFLOW_CTX_TASK_ID='run_pipeline_7' AIRFLOW_CTX_EXECUTION_DATE='2026-06-04T07:10:00+00:00' AIRFLOW_CTX_TRY_NUMBER='1' AIRFLOW_CTX_DAG_RUN_ID='scheduled__2026-06-04T07:10:00+00:00'
[2026-06-04T07:15:04.700+0000] {taskinstance.py:430} INFO - ::endgroup::
[2026-06-04T07:15:04.897+0000] {subprocess.py:63} INFO - Tmp dir root location: /tmp
[2026-06-04T07:15:04.920+0000] {subprocess.py:75} INFO - Running command: ['/usr/bin/bash', '-c', 'cd /opt/***/src && python main.py 7']
[2026-06-04T07:15:05.067+0000] {subprocess.py:86} INFO - Output:
[2026-06-04T07:15:17.938+0000] {subprocess.py:93} INFO - 
[2026-06-04T07:15:17.939+0000] {subprocess.py:93} INFO - ===================================
[2026-06-04T07:15:17.940+0000] {subprocess.py:93} INFO - DATABASE CONNECTION CONFIG
[2026-06-04T07:15:17.941+0000] {subprocess.py:93} INFO - ===================================
[2026-06-04T07:15:17.942+0000] {subprocess.py:93} INFO - DB TYPE   : postgres
[2026-06-04T07:15:17.943+0000] {subprocess.py:93} INFO - HOST      : 3.107.8.33
[2026-06-04T07:15:17.944+0000] {subprocess.py:93} INFO - PORT      : 5432
[2026-06-04T07:15:17.945+0000] {subprocess.py:93} INFO - DATABASE  : metadata_db
[2026-06-04T07:15:17.946+0000] {subprocess.py:93} INFO - USERNAME  : teamuser
[2026-06-04T07:15:17.947+0000] {subprocess.py:93} INFO - ===================================
[2026-06-04T07:15:17.949+0000] {subprocess.py:93} INFO - 
[2026-06-04T07:15:17.952+0000] {subprocess.py:93} INFO - Connected to POSTGRES successfully.
[2026-06-04T07:15:17.953+0000] {subprocess.py:93} INFO - 
[2026-06-04T07:15:17.954+0000] {subprocess.py:93} INFO - Running pipeline: s3_to_local_pipeline (storage_to_storage)
[2026-06-04T07:15:17.956+0000] {subprocess.py:93} INFO - Processing file: customer_feb (120 rows)
[2026-06-04T07:15:17.957+0000] {subprocess.py:93} INFO - Processing file: customer_jan (100 rows)
[2026-06-04T07:15:17.960+0000] {subprocess.py:93} INFO - Processing file: customer_march (150 rows)
[2026-06-04T07:15:17.961+0000] {subprocess.py:93} INFO - Processed total rows: 370
[2026-06-04T07:15:17.962+0000] {subprocess.py:93} INFO - Completed: 370 rows processed
[2026-06-04T07:15:18.311+0000] {subprocess.py:97} INFO - Command exited with return code 0
[2026-06-04T07:15:18.313+0000] {taskinstance.py:441} INFO - ::group::Post task execution logs
[2026-06-04T07:15:18.360+0000] {taskinstance.py:1206} INFO - Marking task as SUCCESS. dag_id=s3_to_local_pipeline, task_id=run_pipeline_7, run_id=scheduled__2026-06-04T07:10:00+00:00, execution_date=20260604T071000, start_date=20260604T071503, end_date=20260604T071518
[2026-06-04T07:15:18.518+0000] {local_task_job_runner.py:240} INFO - Task exited with return code 0
[2026-06-04T07:15:18.548+0000] {taskinstance.py:3498} INFO - 0 downstream tasks scheduled from follow-on schedule check
[2026-06-04T07:15:18.552+0000] {local_task_job_runner.py:222} INFO - ::endgroup::
