[2026-06-22T07:50:11.020+0000] {local_task_job_runner.py:120} INFO - ::group::Pre task execution logs
[2026-06-22T07:50:11.047+0000] {taskinstance.py:2076} INFO - Dependencies all met for dep_context=non-requeueable deps ti=<TaskInstance: sales_db_to_postgres.run_pipeline_8 scheduled__2026-06-22T07:40:00+00:00 [queued]>
[2026-06-22T07:50:11.055+0000] {taskinstance.py:2076} INFO - Dependencies all met for dep_context=requeueable deps ti=<TaskInstance: sales_db_to_postgres.run_pipeline_8 scheduled__2026-06-22T07:40:00+00:00 [queued]>
[2026-06-22T07:50:11.057+0000] {taskinstance.py:2306} INFO - Starting attempt 2 of 2
[2026-06-22T07:50:11.074+0000] {taskinstance.py:2330} INFO - Executing <Task(BashOperator): run_pipeline_8> on 2026-06-22 07:40:00+00:00
[2026-06-22T07:50:11.085+0000] {logging_mixin.py:188} WARNING - /home/***/.local/lib/python3.12/site-packages/***/task/task_runner/standard_task_runner.py:61 DeprecationWarning: This process (pid=3230) is multi-threaded, use of fork() may lead to deadlocks in the child.
[2026-06-22T07:50:11.083+0000] {standard_task_runner.py:90} INFO - Running: ['***', 'tasks', 'run', 'sales_db_to_postgres', 'run_pipeline_8', 'scheduled__2026-06-22T07:40:00+00:00', '--job-id', '376', '--raw', '--subdir', 'DAGS_FOLDER/dynamic_pipeline_generator.py', '--cfg-path', '/tmp/tmp074w4zpb']
[2026-06-22T07:50:11.087+0000] {standard_task_runner.py:63} INFO - Started process 3231 to run task
[2026-06-22T07:50:11.087+0000] {standard_task_runner.py:91} INFO - Job 376: Subtask run_pipeline_8
[2026-06-22T07:50:11.139+0000] {task_command.py:426} INFO - Running <TaskInstance: sales_db_to_postgres.run_pipeline_8 scheduled__2026-06-22T07:40:00+00:00 [running]> on host c0efc7bf2406
[2026-06-22T07:50:11.226+0000] {taskinstance.py:2648} INFO - Exporting env vars: AIRFLOW_CTX_DAG_OWNER='subashri' AIRFLOW_CTX_DAG_ID='sales_db_to_postgres' AIRFLOW_CTX_TASK_ID='run_pipeline_8' AIRFLOW_CTX_EXECUTION_DATE='2026-06-22T07:40:00+00:00' AIRFLOW_CTX_TRY_NUMBER='2' AIRFLOW_CTX_DAG_RUN_ID='scheduled__2026-06-22T07:40:00+00:00'
[2026-06-22T07:50:11.227+0000] {taskinstance.py:430} INFO - ::endgroup::
[2026-06-22T07:50:11.243+0000] {subprocess.py:63} INFO - Tmp dir root location: /tmp
[2026-06-22T07:50:11.244+0000] {subprocess.py:75} INFO - Running command: ['/usr/bin/bash', '-c', 'cd /opt/***/src && python main.py 8']
[2026-06-22T07:50:11.252+0000] {subprocess.py:86} INFO - Output:
[2026-06-22T07:50:16.401+0000] {subprocess.py:93} INFO - 
[2026-06-22T07:50:16.402+0000] {subprocess.py:93} INFO - ===================================
[2026-06-22T07:50:16.402+0000] {subprocess.py:93} INFO - DATABASE CONNECTION CONFIG
[2026-06-22T07:50:16.403+0000] {subprocess.py:93} INFO - ===================================
[2026-06-22T07:50:16.404+0000] {subprocess.py:93} INFO - DB TYPE   : postgres
[2026-06-22T07:50:16.404+0000] {subprocess.py:93} INFO - HOST      : 3.107.8.33
[2026-06-22T07:50:16.405+0000] {subprocess.py:93} INFO - PORT      : 5432
[2026-06-22T07:50:16.406+0000] {subprocess.py:93} INFO - DATABASE  : metadata_db
[2026-06-22T07:50:16.407+0000] {subprocess.py:93} INFO - USERNAME  : teamuser
[2026-06-22T07:50:16.408+0000] {subprocess.py:93} INFO - ===================================
[2026-06-22T07:50:16.408+0000] {subprocess.py:93} INFO - 
[2026-06-22T07:50:16.409+0000] {subprocess.py:93} INFO - Connected to POSTGRES successfully.
[2026-06-22T07:50:16.410+0000] {subprocess.py:93} INFO - 
[2026-06-22T07:50:16.411+0000] {subprocess.py:93} INFO - Running pipeline: sales_db_to_postgres (db_to_db)
[2026-06-22T07:50:16.412+0000] {subprocess.py:93} INFO - 
[2026-06-22T07:50:16.413+0000] {subprocess.py:93} INFO - ===================================
[2026-06-22T07:50:16.414+0000] {subprocess.py:93} INFO - DATABASE CONNECTION CONFIG
[2026-06-22T07:50:16.414+0000] {subprocess.py:93} INFO - ===================================
[2026-06-22T07:50:16.415+0000] {subprocess.py:93} INFO - DB TYPE   : mysql
[2026-06-22T07:50:16.416+0000] {subprocess.py:93} INFO - HOST      : localhost
[2026-06-22T07:50:16.416+0000] {subprocess.py:93} INFO - PORT      : 3306
[2026-06-22T07:50:16.417+0000] {subprocess.py:93} INFO - DATABASE  : sales_db
[2026-06-22T07:50:16.417+0000] {subprocess.py:93} INFO - USERNAME  :
[2026-06-22T07:50:16.418+0000] {subprocess.py:93} INFO - ===================================
[2026-06-22T07:50:16.419+0000] {subprocess.py:93} INFO - 
[2026-06-22T07:50:16.419+0000] {subprocess.py:93} INFO - ❌ Failed: Could not connect to MYSQL: (pymysql.err.OperationalError) (2003, "Can't connect to MySQL server on 'localhost' ([Errno 111] Connection refused)")
[2026-06-22T07:50:16.420+0000] {subprocess.py:93} INFO - (Background on this error at: https://sqlalche.me/e/14/e3q8)
[2026-06-22T07:50:16.420+0000] {subprocess.py:93} INFO - Traceback (most recent call last):
[2026-06-22T07:50:16.421+0000] {subprocess.py:93} INFO -   File "/home/***/.local/lib/python3.12/site-packages/pymysql/connections.py", line 682, in connect
[2026-06-22T07:50:16.422+0000] {subprocess.py:93} INFO -     sock = socket.create_connection(
[2026-06-22T07:50:16.422+0000] {subprocess.py:93} INFO -            ^^^^^^^^^^^^^^^^^^^^^^^^^
[2026-06-22T07:50:16.423+0000] {subprocess.py:93} INFO -   File "/usr/local/lib/python3.12/socket.py", line 852, in create_connection
[2026-06-22T07:50:16.424+0000] {subprocess.py:93} INFO -     raise exceptions[0]
[2026-06-22T07:50:16.424+0000] {subprocess.py:93} INFO -   File "/usr/local/lib/python3.12/socket.py", line 837, in create_connection
[2026-06-22T07:50:16.425+0000] {subprocess.py:93} INFO -     sock.connect(sa)
[2026-06-22T07:50:16.426+0000] {subprocess.py:93} INFO - ConnectionRefusedError: [Errno 111] Connection refused
[2026-06-22T07:50:16.426+0000] {subprocess.py:93} INFO - 
[2026-06-22T07:50:16.427+0000] {subprocess.py:93} INFO - During handling of the above exception, another exception occurred:
[2026-06-22T07:50:16.428+0000] {subprocess.py:93} INFO - 
[2026-06-22T07:50:16.428+0000] {subprocess.py:93} INFO - Traceback (most recent call last):
[2026-06-22T07:50:16.429+0000] {subprocess.py:93} INFO -   File "/home/***/.local/lib/python3.12/site-packages/sqlalchemy/engine/base.py", line 3371, in _wrap_pool_connect
[2026-06-22T07:50:16.429+0000] {subprocess.py:93} INFO -     return fn()
[2026-06-22T07:50:16.430+0000] {subprocess.py:93} INFO -            ^^^^
[2026-06-22T07:50:16.431+0000] {subprocess.py:93} INFO -   File "/home/***/.local/lib/python3.12/site-packages/sqlalchemy/pool/base.py", line 327, in connect
[2026-06-22T07:50:16.431+0000] {subprocess.py:93} INFO -     return _ConnectionFairy._checkout(self)
[2026-06-22T07:50:16.432+0000] {subprocess.py:93} INFO -            ^^^^^^^^^^^^^^^^^^^^^^^^^^^^^^^^
[2026-06-22T07:50:16.432+0000] {subprocess.py:93} INFO -   File "/home/***/.local/lib/python3.12/site-packages/sqlalchemy/pool/base.py", line 894, in _checkout
[2026-06-22T07:50:16.433+0000] {subprocess.py:93} INFO -     fairy = _ConnectionRecord.checkout(pool)
[2026-06-22T07:50:16.433+0000] {subprocess.py:93} INFO -             ^^^^^^^^^^^^^^^^^^^^^^^^^^^^^^^^
[2026-06-22T07:50:16.434+0000] {subprocess.py:93} INFO -   File "/home/***/.local/lib/python3.12/site-packages/sqlalchemy/pool/base.py", line 493, in checkout
[2026-06-22T07:50:16.435+0000] {subprocess.py:93} INFO -     rec = pool._do_get()
[2026-06-22T07:50:16.435+0000] {subprocess.py:93} INFO -           ^^^^^^^^^^^^^^
[2026-06-22T07:50:16.435+0000] {subprocess.py:93} INFO -   File "/home/***/.local/lib/python3.12/site-packages/sqlalchemy/pool/impl.py", line 145, in _do_get
[2026-06-22T07:50:16.436+0000] {subprocess.py:93} INFO -     with util.safe_reraise():
[2026-06-22T07:50:16.436+0000] {subprocess.py:93} INFO -   File "/home/***/.local/lib/python3.12/site-packages/sqlalchemy/util/langhelpers.py", line 70, in __exit__
[2026-06-22T07:50:16.437+0000] {subprocess.py:93} INFO -     compat.raise_(
[2026-06-22T07:50:16.437+0000] {subprocess.py:93} INFO -   File "/home/***/.local/lib/python3.12/site-packages/sqlalchemy/util/compat.py", line 211, in raise_
[2026-06-22T07:50:16.438+0000] {subprocess.py:93} INFO -     raise exception
[2026-06-22T07:50:16.438+0000] {subprocess.py:93} INFO -   File "/home/***/.local/lib/python3.12/site-packages/sqlalchemy/pool/impl.py", line 143, in _do_get
[2026-06-22T07:50:16.439+0000] {subprocess.py:93} INFO -     return self._create_connection()
[2026-06-22T07:50:16.439+0000] {subprocess.py:93} INFO -            ^^^^^^^^^^^^^^^^^^^^^^^^^
[2026-06-22T07:50:16.440+0000] {subprocess.py:93} INFO -   File "/home/***/.local/lib/python3.12/site-packages/sqlalchemy/pool/base.py", line 273, in _create_connection
[2026-06-22T07:50:16.440+0000] {subprocess.py:93} INFO -     return _ConnectionRecord(self)
[2026-06-22T07:50:16.441+0000] {subprocess.py:93} INFO -            ^^^^^^^^^^^^^^^^^^^^^^^
[2026-06-22T07:50:16.441+0000] {subprocess.py:93} INFO -   File "/home/***/.local/lib/python3.12/site-packages/sqlalchemy/pool/base.py", line 388, in __init__
[2026-06-22T07:50:16.442+0000] {subprocess.py:93} INFO -     self.__connect()
[2026-06-22T07:50:16.443+0000] {subprocess.py:93} INFO -   File "/home/***/.local/lib/python3.12/site-packages/sqlalchemy/pool/base.py", line 690, in __connect
[2026-06-22T07:50:16.445+0000] {subprocess.py:93} INFO -     with util.safe_reraise():
[2026-06-22T07:50:16.446+0000] {subprocess.py:93} INFO -   File "/home/***/.local/lib/python3.12/site-packages/sqlalchemy/util/langhelpers.py", line 70, in __exit__
[2026-06-22T07:50:16.446+0000] {subprocess.py:93} INFO -     compat.raise_(
[2026-06-22T07:50:16.447+0000] {subprocess.py:93} INFO -   File "/home/***/.local/lib/python3.12/site-packages/sqlalchemy/util/compat.py", line 211, in raise_
[2026-06-22T07:50:16.447+0000] {subprocess.py:93} INFO -     raise exception
[2026-06-22T07:50:16.448+0000] {subprocess.py:93} INFO -   File "/home/***/.local/lib/python3.12/site-packages/sqlalchemy/pool/base.py", line 686, in __connect
[2026-06-22T07:50:16.448+0000] {subprocess.py:93} INFO -     self.dbapi_connection = connection = pool._invoke_creator(self)
[2026-06-22T07:50:16.448+0000] {subprocess.py:93} INFO -                                          ^^^^^^^^^^^^^^^^^^^^^^^^^^
[2026-06-22T07:50:16.449+0000] {subprocess.py:93} INFO -   File "/home/***/.local/lib/python3.12/site-packages/sqlalchemy/engine/create.py", line 574, in connect
[2026-06-22T07:50:16.449+0000] {subprocess.py:93} INFO -     return dialect.connect(*cargs, **cparams)
[2026-06-22T07:50:16.450+0000] {subprocess.py:93} INFO -            ^^^^^^^^^^^^^^^^^^^^^^^^^^^^^^^^^^
[2026-06-22T07:50:16.450+0000] {subprocess.py:93} INFO -   File "/home/***/.local/lib/python3.12/site-packages/sqlalchemy/engine/default.py", line 598, in connect
[2026-06-22T07:50:16.450+0000] {subprocess.py:93} INFO -     return self.dbapi.connect(*cargs, **cparams)
[2026-06-22T07:50:16.451+0000] {subprocess.py:93} INFO -            ^^^^^^^^^^^^^^^^^^^^^^^^^^^^^^^^^^^^^
[2026-06-22T07:50:16.451+0000] {subprocess.py:93} INFO -   File "/home/***/.local/lib/python3.12/site-packages/pymysql/connections.py", line 372, in __init__
[2026-06-22T07:50:16.452+0000] {subprocess.py:93} INFO -     self.connect()
[2026-06-22T07:50:16.452+0000] {subprocess.py:93} INFO -   File "/home/***/.local/lib/python3.12/site-packages/pymysql/connections.py", line 744, in connect
[2026-06-22T07:50:16.453+0000] {subprocess.py:93} INFO -     raise exc
[2026-06-22T07:50:16.453+0000] {subprocess.py:93} INFO - pymysql.err.OperationalError: (2003, "Can't connect to MySQL server on 'localhost' ([Errno 111] Connection refused)")
[2026-06-22T07:50:16.453+0000] {subprocess.py:93} INFO - 
[2026-06-22T07:50:16.454+0000] {subprocess.py:93} INFO - The above exception was the direct cause of the following exception:
[2026-06-22T07:50:16.454+0000] {subprocess.py:93} INFO - 
[2026-06-22T07:50:16.455+0000] {subprocess.py:93} INFO - Traceback (most recent call last):
[2026-06-22T07:50:16.455+0000] {subprocess.py:93} INFO -   File "/opt/***/src/extractor.py", line 172, in connect_db
[2026-06-22T07:50:16.455+0000] {subprocess.py:93} INFO -     with engine.connect() as conn:
[2026-06-22T07:50:16.456+0000] {subprocess.py:93} INFO -          ^^^^^^^^^^^^^^^^
[2026-06-22T07:50:16.456+0000] {subprocess.py:93} INFO -   File "/home/***/.local/lib/python3.12/site-packages/sqlalchemy/engine/base.py", line 3325, in connect
[2026-06-22T07:50:16.457+0000] {subprocess.py:93} INFO -     return self._connection_cls(self, close_with_result=close_with_result)
[2026-06-22T07:50:16.457+0000] {subprocess.py:93} INFO -            ^^^^^^^^^^^^^^^^^^^^^^^^^^^^^^^^^^^^^^^^^^^^^^^^^^^^^^^^^^^^^^^
[2026-06-22T07:50:16.457+0000] {subprocess.py:93} INFO -   File "/home/***/.local/lib/python3.12/site-packages/sqlalchemy/engine/base.py", line 96, in __init__
[2026-06-22T07:50:16.458+0000] {subprocess.py:93} INFO -     else engine.raw_connection()
[2026-06-22T07:50:16.459+0000] {subprocess.py:93} INFO -          ^^^^^^^^^^^^^^^^^^^^^^^
[2026-06-22T07:50:16.459+0000] {subprocess.py:93} INFO -   File "/home/***/.local/lib/python3.12/site-packages/sqlalchemy/engine/base.py", line 3404, in raw_connection
[2026-06-22T07:50:16.460+0000] {subprocess.py:93} INFO -     return self._wrap_pool_connect(self.pool.connect, _connection)
[2026-06-22T07:50:16.461+0000] {subprocess.py:93} INFO -            ^^^^^^^^^^^^^^^^^^^^^^^^^^^^^^^^^^^^^^^^^^^^^^^^^^^^^^^
[2026-06-22T07:50:16.462+0000] {subprocess.py:93} INFO -   File "/home/***/.local/lib/python3.12/site-packages/sqlalchemy/engine/base.py", line 3374, in _wrap_pool_connect
[2026-06-22T07:50:16.462+0000] {subprocess.py:93} INFO -     Connection._handle_dbapi_exception_noconnection(
[2026-06-22T07:50:16.463+0000] {subprocess.py:93} INFO -   File "/home/***/.local/lib/python3.12/site-packages/sqlalchemy/engine/base.py", line 2208, in _handle_dbapi_exception_noconnection
[2026-06-22T07:50:16.464+0000] {subprocess.py:93} INFO -     util.raise_(
[2026-06-22T07:50:16.464+0000] {subprocess.py:93} INFO -   File "/home/***/.local/lib/python3.12/site-packages/sqlalchemy/util/compat.py", line 211, in raise_
[2026-06-22T07:50:16.465+0000] {subprocess.py:93} INFO -     raise exception
[2026-06-22T07:50:16.465+0000] {subprocess.py:93} INFO -   File "/home/***/.local/lib/python3.12/site-packages/sqlalchemy/engine/base.py", line 3371, in _wrap_pool_connect
[2026-06-22T07:50:16.466+0000] {subprocess.py:93} INFO -     return fn()
[2026-06-22T07:50:16.466+0000] {subprocess.py:93} INFO -            ^^^^
[2026-06-22T07:50:16.467+0000] {subprocess.py:93} INFO -   File "/home/***/.local/lib/python3.12/site-packages/sqlalchemy/pool/base.py", line 327, in connect
[2026-06-22T07:50:16.468+0000] {subprocess.py:93} INFO -     return _ConnectionFairy._checkout(self)
[2026-06-22T07:50:16.469+0000] {subprocess.py:93} INFO -            ^^^^^^^^^^^^^^^^^^^^^^^^^^^^^^^^
[2026-06-22T07:50:16.469+0000] {subprocess.py:93} INFO -   File "/home/***/.local/lib/python3.12/site-packages/sqlalchemy/pool/base.py", line 894, in _checkout
[2026-06-22T07:50:16.470+0000] {subprocess.py:93} INFO -     fairy = _ConnectionRecord.checkout(pool)
[2026-06-22T07:50:16.470+0000] {subprocess.py:93} INFO -             ^^^^^^^^^^^^^^^^^^^^^^^^^^^^^^^^
[2026-06-22T07:50:16.471+0000] {subprocess.py:93} INFO -   File "/home/***/.local/lib/python3.12/site-packages/sqlalchemy/pool/base.py", line 493, in checkout
[2026-06-22T07:50:16.472+0000] {subprocess.py:93} INFO -     rec = pool._do_get()
[2026-06-22T07:50:16.472+0000] {subprocess.py:93} INFO -           ^^^^^^^^^^^^^^
[2026-06-22T07:50:16.472+0000] {subprocess.py:93} INFO -   File "/home/***/.local/lib/python3.12/site-packages/sqlalchemy/pool/impl.py", line 145, in _do_get
[2026-06-22T07:50:16.473+0000] {subprocess.py:93} INFO -     with util.safe_reraise():
[2026-06-22T07:50:16.474+0000] {subprocess.py:93} INFO -   File "/home/***/.local/lib/python3.12/site-packages/sqlalchemy/util/langhelpers.py", line 70, in __exit__
[2026-06-22T07:50:16.474+0000] {subprocess.py:93} INFO -     compat.raise_(
[2026-06-22T07:50:16.475+0000] {subprocess.py:93} INFO -   File "/home/***/.local/lib/python3.12/site-packages/sqlalchemy/util/compat.py", line 211, in raise_
[2026-06-22T07:50:16.476+0000] {subprocess.py:93} INFO -     raise exception
[2026-06-22T07:50:16.477+0000] {subprocess.py:93} INFO -   File "/home/***/.local/lib/python3.12/site-packages/sqlalchemy/pool/impl.py", line 143, in _do_get
[2026-06-22T07:50:16.478+0000] {subprocess.py:93} INFO -     return self._create_connection()
[2026-06-22T07:50:16.478+0000] {subprocess.py:93} INFO -            ^^^^^^^^^^^^^^^^^^^^^^^^^
[2026-06-22T07:50:16.479+0000] {subprocess.py:93} INFO -   File "/home/***/.local/lib/python3.12/site-packages/sqlalchemy/pool/base.py", line 273, in _create_connection
[2026-06-22T07:50:16.480+0000] {subprocess.py:93} INFO -     return _ConnectionRecord(self)
[2026-06-22T07:50:16.480+0000] {subprocess.py:93} INFO -            ^^^^^^^^^^^^^^^^^^^^^^^
[2026-06-22T07:50:16.481+0000] {subprocess.py:93} INFO -   File "/home/***/.local/lib/python3.12/site-packages/sqlalchemy/pool/base.py", line 388, in __init__
[2026-06-22T07:50:16.481+0000] {subprocess.py:93} INFO -     self.__connect()
[2026-06-22T07:50:16.482+0000] {subprocess.py:93} INFO -   File "/home/***/.local/lib/python3.12/site-packages/sqlalchemy/pool/base.py", line 690, in __connect
[2026-06-22T07:50:16.483+0000] {subprocess.py:93} INFO -     with util.safe_reraise():
[2026-06-22T07:50:16.483+0000] {subprocess.py:93} INFO -   File "/home/***/.local/lib/python3.12/site-packages/sqlalchemy/util/langhelpers.py", line 70, in __exit__
[2026-06-22T07:50:16.484+0000] {subprocess.py:93} INFO -     compat.raise_(
[2026-06-22T07:50:16.484+0000] {subprocess.py:93} INFO -   File "/home/***/.local/lib/python3.12/site-packages/sqlalchemy/util/compat.py", line 211, in raise_
[2026-06-22T07:50:16.485+0000] {subprocess.py:93} INFO -     raise exception
[2026-06-22T07:50:16.485+0000] {subprocess.py:93} INFO -   File "/home/***/.local/lib/python3.12/site-packages/sqlalchemy/pool/base.py", line 686, in __connect
[2026-06-22T07:50:16.486+0000] {subprocess.py:93} INFO -     self.dbapi_connection = connection = pool._invoke_creator(self)
[2026-06-22T07:50:16.486+0000] {subprocess.py:93} INFO -                                          ^^^^^^^^^^^^^^^^^^^^^^^^^^
[2026-06-22T07:50:16.487+0000] {subprocess.py:93} INFO -   File "/home/***/.local/lib/python3.12/site-packages/sqlalchemy/engine/create.py", line 574, in connect
[2026-06-22T07:50:16.487+0000] {subprocess.py:93} INFO -     return dialect.connect(*cargs, **cparams)
[2026-06-22T07:50:16.488+0000] {subprocess.py:93} INFO -            ^^^^^^^^^^^^^^^^^^^^^^^^^^^^^^^^^^
[2026-06-22T07:50:16.488+0000] {subprocess.py:93} INFO -   File "/home/***/.local/lib/python3.12/site-packages/sqlalchemy/engine/default.py", line 598, in connect
[2026-06-22T07:50:16.489+0000] {subprocess.py:93} INFO -     return self.dbapi.connect(*cargs, **cparams)
[2026-06-22T07:50:16.489+0000] {subprocess.py:93} INFO -            ^^^^^^^^^^^^^^^^^^^^^^^^^^^^^^^^^^^^^
[2026-06-22T07:50:16.490+0000] {subprocess.py:93} INFO -   File "/home/***/.local/lib/python3.12/site-packages/pymysql/connections.py", line 372, in __init__
[2026-06-22T07:50:16.490+0000] {subprocess.py:93} INFO -     self.connect()
[2026-06-22T07:50:16.491+0000] {subprocess.py:93} INFO -   File "/home/***/.local/lib/python3.12/site-packages/pymysql/connections.py", line 744, in connect
[2026-06-22T07:50:16.491+0000] {subprocess.py:93} INFO -     raise exc
[2026-06-22T07:50:16.492+0000] {subprocess.py:93} INFO - sqlalchemy.exc.OperationalError: (pymysql.err.OperationalError) (2003, "Can't connect to MySQL server on 'localhost' ([Errno 111] Connection refused)")
[2026-06-22T07:50:16.493+0000] {subprocess.py:93} INFO - (Background on this error at: https://sqlalche.me/e/14/e3q8)
[2026-06-22T07:50:16.493+0000] {subprocess.py:93} INFO - 
[2026-06-22T07:50:16.494+0000] {subprocess.py:93} INFO - During handling of the above exception, another exception occurred:
[2026-06-22T07:50:16.494+0000] {subprocess.py:93} INFO - 
[2026-06-22T07:50:16.495+0000] {subprocess.py:93} INFO - Traceback (most recent call last):
[2026-06-22T07:50:16.496+0000] {subprocess.py:93} INFO -   File "/opt/***/src/main.py", line 95, in <module>
[2026-06-22T07:50:16.496+0000] {subprocess.py:93} INFO -     main()
[2026-06-22T07:50:16.497+0000] {subprocess.py:93} INFO -   File "/opt/***/src/main.py", line 40, in main
[2026-06-22T07:50:16.497+0000] {subprocess.py:93} INFO -     result = run_pipeline(row)
[2026-06-22T07:50:16.498+0000] {subprocess.py:93} INFO -              ^^^^^^^^^^^^^^^^^
[2026-06-22T07:50:16.498+0000] {subprocess.py:93} INFO -   File "/opt/***/src/pipeline_executor.py", line 506, in run_pipeline
[2026-06-22T07:50:16.499+0000] {subprocess.py:93} INFO -     df = extract_data(
[2026-06-22T07:50:16.499+0000] {subprocess.py:93} INFO -          ^^^^^^^^^^^^^
[2026-06-22T07:50:16.499+0000] {subprocess.py:93} INFO -   File "/opt/***/src/extractor.py", line 203, in extract_data
[2026-06-22T07:50:16.500+0000] {subprocess.py:93} INFO -     engine = connect_db(config)
[2026-06-22T07:50:16.500+0000] {subprocess.py:93} INFO -              ^^^^^^^^^^^^^^^^^^
[2026-06-22T07:50:16.501+0000] {subprocess.py:93} INFO -   File "/opt/***/src/extractor.py", line 186, in connect_db
[2026-06-22T07:50:16.502+0000] {subprocess.py:93} INFO -     raise ConnectionError(
[2026-06-22T07:50:16.502+0000] {subprocess.py:93} INFO - ConnectionError: Could not connect to MYSQL: (pymysql.err.OperationalError) (2003, "Can't connect to MySQL server on 'localhost' ([Errno 111] Connection refused)")
[2026-06-22T07:50:16.503+0000] {subprocess.py:93} INFO - (Background on this error at: https://sqlalche.me/e/14/e3q8)
[2026-06-22T07:50:16.625+0000] {subprocess.py:97} INFO - Command exited with return code 1
[2026-06-22T07:50:16.627+0000] {taskinstance.py:441} INFO - ::group::Post task execution logs
[2026-06-22T07:50:16.639+0000] {taskinstance.py:2905} ERROR - Task failed with exception
Traceback (most recent call last):
  File "/home/airflow/.local/lib/python3.12/site-packages/airflow/models/taskinstance.py", line 465, in _execute_task
    result = _execute_callable(context=context, **execute_callable_kwargs)
             ^^^^^^^^^^^^^^^^^^^^^^^^^^^^^^^^^^^^^^^^^^^^^^^^^^^^^^^^^^^^^
  File "/home/airflow/.local/lib/python3.12/site-packages/airflow/models/taskinstance.py", line 432, in _execute_callable
    return execute_callable(context=context, **execute_callable_kwargs)
           ^^^^^^^^^^^^^^^^^^^^^^^^^^^^^^^^^^^^^^^^^^^^^^^^^^^^^^^^^^^^
  File "/home/airflow/.local/lib/python3.12/site-packages/airflow/models/baseoperator.py", line 400, in wrapper
    return func(self, *args, **kwargs)
           ^^^^^^^^^^^^^^^^^^^^^^^^^^^
  File "/home/airflow/.local/lib/python3.12/site-packages/airflow/operators/bash.py", line 243, in execute
    raise AirflowException(
airflow.exceptions.AirflowException: Bash command failed. The command returned a non-zero exit code 1.
[2026-06-22T07:50:16.644+0000] {taskinstance.py:1206} INFO - Marking task as FAILED. dag_id=sales_db_to_postgres, task_id=run_pipeline_8, run_id=scheduled__2026-06-22T07:40:00+00:00, execution_date=20260622T074000, start_date=20260622T075011, end_date=20260622T075016
[2026-06-22T07:50:16.670+0000] {standard_task_runner.py:110} ERROR - Failed to execute job 376 for task run_pipeline_8 (Bash command failed. The command returned a non-zero exit code 1.; 3231)
[2026-06-22T07:50:16.708+0000] {local_task_job_runner.py:240} INFO - Task exited with return code 1
[2026-06-22T07:50:16.744+0000] {taskinstance.py:3498} INFO - 0 downstream tasks scheduled from follow-on schedule check
[2026-06-22T07:50:16.759+0000] {local_task_job_runner.py:222} INFO - ::endgroup::
