[2026-06-08T06:05:02.691+0000] {local_task_job_runner.py:120} INFO - ::group::Pre task execution logs
[2026-06-08T06:05:02.734+0000] {taskinstance.py:2076} INFO - Dependencies all met for dep_context=non-requeueable deps ti=<TaskInstance: s3_to_local_pipeline.run_pipeline_7 scheduled__2026-06-08T06:00:00+00:00 [queued]>
[2026-06-08T06:05:02.747+0000] {taskinstance.py:2076} INFO - Dependencies all met for dep_context=requeueable deps ti=<TaskInstance: s3_to_local_pipeline.run_pipeline_7 scheduled__2026-06-08T06:00:00+00:00 [queued]>
[2026-06-08T06:05:02.748+0000] {taskinstance.py:2306} INFO - Starting attempt 1 of 2
[2026-06-08T06:05:02.769+0000] {taskinstance.py:2330} INFO - Executing <Task(BashOperator): run_pipeline_7> on 2026-06-08 06:00:00+00:00
[2026-06-08T06:05:02.780+0000] {standard_task_runner.py:90} INFO - Running: ['***', 'tasks', 'run', 's3_to_local_pipeline', 'run_pipeline_7', 'scheduled__2026-06-08T06:00:00+00:00', '--job-id', '329', '--raw', '--subdir', 'DAGS_FOLDER/dynamic_pipeline_generator.py', '--cfg-path', '/tmp/tmpfg7gl5o4']
[2026-06-08T06:05:02.787+0000] {standard_task_runner.py:91} INFO - Job 329: Subtask run_pipeline_7
[2026-06-08T06:05:02.786+0000] {logging_mixin.py:188} WARNING - /home/***/.local/lib/python3.12/site-packages/***/task/task_runner/standard_task_runner.py:61 DeprecationWarning: This process (pid=598) is multi-threaded, use of fork() may lead to deadlocks in the child.
[2026-06-08T06:05:02.788+0000] {standard_task_runner.py:63} INFO - Started process 605 to run task
[2026-06-08T06:05:02.855+0000] {task_command.py:426} INFO - Running <TaskInstance: s3_to_local_pipeline.run_pipeline_7 scheduled__2026-06-08T06:00:00+00:00 [running]> on host 450cdec9e3e5
[2026-06-08T06:05:02.983+0000] {taskinstance.py:2648} INFO - Exporting env vars: AIRFLOW_CTX_DAG_OWNER='subashri' AIRFLOW_CTX_DAG_ID='s3_to_local_pipeline' AIRFLOW_CTX_TASK_ID='run_pipeline_7' AIRFLOW_CTX_EXECUTION_DATE='2026-06-08T06:00:00+00:00' AIRFLOW_CTX_TRY_NUMBER='1' AIRFLOW_CTX_DAG_RUN_ID='scheduled__2026-06-08T06:00:00+00:00'
[2026-06-08T06:05:02.984+0000] {taskinstance.py:430} INFO - ::endgroup::
[2026-06-08T06:05:03.010+0000] {subprocess.py:63} INFO - Tmp dir root location: /tmp
[2026-06-08T06:05:03.012+0000] {subprocess.py:75} INFO - Running command: ['/usr/bin/bash', '-c', 'cd /opt/***/src && python main.py 7']
[2026-06-08T06:05:03.024+0000] {subprocess.py:86} INFO - Output:
[2026-06-08T06:05:12.547+0000] {subprocess.py:93} INFO - 
[2026-06-08T06:05:12.551+0000] {subprocess.py:93} INFO - ===================================
[2026-06-08T06:05:12.552+0000] {subprocess.py:93} INFO - DATABASE CONNECTION CONFIG
[2026-06-08T06:05:12.552+0000] {subprocess.py:93} INFO - ===================================
[2026-06-08T06:05:12.553+0000] {subprocess.py:93} INFO - DB TYPE   : postgres
[2026-06-08T06:05:12.554+0000] {subprocess.py:93} INFO - HOST      : 3.107.8.33
[2026-06-08T06:05:12.555+0000] {subprocess.py:93} INFO - PORT      : 5432
[2026-06-08T06:05:12.556+0000] {subprocess.py:93} INFO - DATABASE  : metadata_db
[2026-06-08T06:05:12.557+0000] {subprocess.py:93} INFO - USERNAME  : teamuser
[2026-06-08T06:05:12.558+0000] {subprocess.py:93} INFO - ===================================
[2026-06-08T06:05:12.559+0000] {subprocess.py:93} INFO - 
[2026-06-08T06:05:12.560+0000] {subprocess.py:93} INFO - Connected to POSTGRES successfully.
[2026-06-08T06:05:12.560+0000] {subprocess.py:93} INFO - 
[2026-06-08T06:05:12.561+0000] {subprocess.py:93} INFO - Running pipeline: s3_to_local_pipeline (storage_to_storage)
[2026-06-08T06:05:12.562+0000] {subprocess.py:93} INFO - Processing file: customer_feb (120 rows)
[2026-06-08T06:05:12.564+0000] {subprocess.py:93} INFO - Processing file: customer_jan (100 rows)
[2026-06-08T06:05:12.565+0000] {subprocess.py:93} INFO - Processing file: customer_march (150 rows)
[2026-06-08T06:05:12.567+0000] {subprocess.py:93} INFO - Processed total rows: 370
[2026-06-08T06:05:12.569+0000] {subprocess.py:93} INFO - Completed: 370 rows processed
[2026-06-08T06:05:12.894+0000] {subprocess.py:97} INFO - Command exited with return code 0
[2026-06-08T06:05:12.896+0000] {taskinstance.py:441} INFO - ::group::Post task execution logs
[2026-06-08T06:05:12.947+0000] {taskinstance.py:1206} INFO - Marking task as SUCCESS. dag_id=s3_to_local_pipeline, task_id=run_pipeline_7, run_id=scheduled__2026-06-08T06:00:00+00:00, execution_date=20260608T060000, start_date=20260608T060502, end_date=20260608T060512
[2026-06-08T06:05:12.988+0000] {local_task_job_runner.py:240} INFO - Task exited with return code 0
[2026-06-08T06:05:13.021+0000] {taskinstance.py:3498} INFO - 0 downstream tasks scheduled from follow-on schedule check
[2026-06-08T06:05:13.026+0000] {local_task_job_runner.py:222} INFO - ::endgroup::
