[2026-06-01T09:33:18.532+0000] {local_task_job_runner.py:120} INFO - ::group::Pre task execution logs
[2026-06-01T09:33:18.567+0000] {taskinstance.py:2076} INFO - Dependencies all met for dep_context=non-requeueable deps ti=<TaskInstance: dynamic_metadata_pipeline.run_pipeline_5 scheduled__2026-06-01T09:25:00+00:00 [queued]>
[2026-06-01T09:33:18.580+0000] {taskinstance.py:2076} INFO - Dependencies all met for dep_context=requeueable deps ti=<TaskInstance: dynamic_metadata_pipeline.run_pipeline_5 scheduled__2026-06-01T09:25:00+00:00 [queued]>
[2026-06-01T09:33:18.581+0000] {taskinstance.py:2306} INFO - Starting attempt 1 of 2
[2026-06-01T09:33:18.598+0000] {taskinstance.py:2330} INFO - Executing <Task(BashOperator): run_pipeline_5> on 2026-06-01 09:25:00+00:00
[2026-06-01T09:33:18.605+0000] {standard_task_runner.py:90} INFO - Running: ['***', 'tasks', 'run', 'dynamic_metadata_pipeline', 'run_pipeline_5', 'scheduled__2026-06-01T09:25:00+00:00', '--job-id', '91', '--raw', '--subdir', 'DAGS_FOLDER/dynamic_pipeline_dag.py', '--cfg-path', '/tmp/tmpkmqgoy2u']
[2026-06-01T09:33:18.610+0000] {logging_mixin.py:188} WARNING - /home/***/.local/lib/python3.12/site-packages/***/task/task_runner/standard_task_runner.py:61 DeprecationWarning: This process (pid=1759) is multi-threaded, use of fork() may lead to deadlocks in the child.
[2026-06-01T09:33:18.611+0000] {standard_task_runner.py:91} INFO - Job 91: Subtask run_pipeline_5
[2026-06-01T09:33:18.611+0000] {standard_task_runner.py:63} INFO - Started process 1760 to run task
[2026-06-01T09:33:18.665+0000] {task_command.py:426} INFO - Running <TaskInstance: dynamic_metadata_pipeline.run_pipeline_5 scheduled__2026-06-01T09:25:00+00:00 [running]> on host 1103cbeaed03
[2026-06-01T09:33:18.769+0000] {taskinstance.py:2648} INFO - Exporting env vars: AIRFLOW_CTX_DAG_OWNER='subashri' AIRFLOW_CTX_DAG_ID='dynamic_metadata_pipeline' AIRFLOW_CTX_TASK_ID='run_pipeline_5' AIRFLOW_CTX_EXECUTION_DATE='2026-06-01T09:25:00+00:00' AIRFLOW_CTX_TRY_NUMBER='1' AIRFLOW_CTX_DAG_RUN_ID='scheduled__2026-06-01T09:25:00+00:00'
[2026-06-01T09:33:18.770+0000] {taskinstance.py:430} INFO - ::endgroup::
[2026-06-01T09:33:18.792+0000] {subprocess.py:63} INFO - Tmp dir root location: /tmp
[2026-06-01T09:33:18.794+0000] {subprocess.py:75} INFO - Running command: ['/usr/bin/bash', '-c', 'cd /opt/***/src && python main.py 5']
[2026-06-01T09:33:18.803+0000] {subprocess.py:86} INFO - Output:
[2026-06-01T09:33:23.473+0000] {subprocess.py:93} INFO - 
[2026-06-01T09:33:23.476+0000] {subprocess.py:93} INFO - ===================================
[2026-06-01T09:33:23.478+0000] {subprocess.py:93} INFO - DATABASE CONNECTION CONFIG
[2026-06-01T09:33:23.479+0000] {subprocess.py:93} INFO - ===================================
[2026-06-01T09:33:23.480+0000] {subprocess.py:93} INFO - DB TYPE   : postgres
[2026-06-01T09:33:23.482+0000] {subprocess.py:93} INFO - HOST      : 3.107.8.33
[2026-06-01T09:33:23.483+0000] {subprocess.py:93} INFO - PORT      : 5432
[2026-06-01T09:33:23.484+0000] {subprocess.py:93} INFO - DATABASE  : metadata_db
[2026-06-01T09:33:23.486+0000] {subprocess.py:93} INFO - USERNAME  : teamuser
[2026-06-01T09:33:23.487+0000] {subprocess.py:93} INFO - ===================================
[2026-06-01T09:33:23.488+0000] {subprocess.py:93} INFO - 
[2026-06-01T09:33:23.489+0000] {subprocess.py:93} INFO - Connected to POSTGRES successfully.
[2026-06-01T09:33:23.490+0000] {subprocess.py:93} INFO - 
[2026-06-01T09:33:23.491+0000] {subprocess.py:93} INFO - Running pipeline: s3_to_postgres_pipeline (storage_to_db)
[2026-06-01T09:33:23.491+0000] {subprocess.py:93} INFO - ❌ Failed: Unsupported input source 'file'. Use 'local', 's3', or 'azure'.
[2026-06-01T09:33:23.637+0000] {subprocess.py:97} INFO - Command exited with return code 0
[2026-06-01T09:33:23.646+0000] {taskinstance.py:441} INFO - ::group::Post task execution logs
[2026-06-01T09:33:23.672+0000] {taskinstance.py:1206} INFO - Marking task as SUCCESS. dag_id=dynamic_metadata_pipeline, task_id=run_pipeline_5, run_id=scheduled__2026-06-01T09:25:00+00:00, execution_date=20260601T092500, start_date=20260601T093318, end_date=20260601T093323
[2026-06-01T09:33:23.689+0000] {local_task_job_runner.py:240} INFO - Task exited with return code 0
[2026-06-01T09:33:23.704+0000] {taskinstance.py:3498} INFO - 0 downstream tasks scheduled from follow-on schedule check
[2026-06-01T09:33:23.706+0000] {local_task_job_runner.py:222} INFO - ::endgroup::
