[2026-06-08T06:00:02.067+0000] {local_task_job_runner.py:120} INFO - ::group::Pre task execution logs
[2026-06-08T06:00:02.108+0000] {taskinstance.py:2076} INFO - Dependencies all met for dep_context=non-requeueable deps ti=<TaskInstance: postgres_to_local_pipeline.run_pipeline_2 scheduled__2026-06-08T05:55:00+00:00 [queued]>
[2026-06-08T06:00:02.124+0000] {taskinstance.py:2076} INFO - Dependencies all met for dep_context=requeueable deps ti=<TaskInstance: postgres_to_local_pipeline.run_pipeline_2 scheduled__2026-06-08T05:55:00+00:00 [queued]>
[2026-06-08T06:00:02.125+0000] {taskinstance.py:2306} INFO - Starting attempt 1 of 2
[2026-06-08T06:00:02.144+0000] {taskinstance.py:2330} INFO - Executing <Task(BashOperator): run_pipeline_2> on 2026-06-08 05:55:00+00:00
[2026-06-08T06:00:02.166+0000] {logging_mixin.py:188} WARNING - /home/***/.local/lib/python3.12/site-packages/***/task/task_runner/standard_task_runner.py:61 DeprecationWarning: This process (pid=357) is multi-threaded, use of fork() may lead to deadlocks in the child.
[2026-06-08T06:00:02.158+0000] {standard_task_runner.py:90} INFO - Running: ['***', 'tasks', 'run', 'postgres_to_local_pipeline', 'run_pipeline_2', 'scheduled__2026-06-08T05:55:00+00:00', '--job-id', '319', '--raw', '--subdir', 'DAGS_FOLDER/dynamic_pipeline_generator.py', '--cfg-path', '/tmp/tmpj6qcmrmh']
[2026-06-08T06:00:02.172+0000] {standard_task_runner.py:91} INFO - Job 319: Subtask run_pipeline_2
[2026-06-08T06:00:02.171+0000] {standard_task_runner.py:63} INFO - Started process 370 to run task
[2026-06-08T06:00:02.244+0000] {task_command.py:426} INFO - Running <TaskInstance: postgres_to_local_pipeline.run_pipeline_2 scheduled__2026-06-08T05:55:00+00:00 [running]> on host 450cdec9e3e5
[2026-06-08T06:00:02.361+0000] {taskinstance.py:2648} INFO - Exporting env vars: AIRFLOW_CTX_DAG_OWNER='subashri' AIRFLOW_CTX_DAG_ID='postgres_to_local_pipeline' AIRFLOW_CTX_TASK_ID='run_pipeline_2' AIRFLOW_CTX_EXECUTION_DATE='2026-06-08T05:55:00+00:00' AIRFLOW_CTX_TRY_NUMBER='1' AIRFLOW_CTX_DAG_RUN_ID='scheduled__2026-06-08T05:55:00+00:00'
[2026-06-08T06:00:02.362+0000] {taskinstance.py:430} INFO - ::endgroup::
[2026-06-08T06:00:02.386+0000] {subprocess.py:63} INFO - Tmp dir root location: /tmp
[2026-06-08T06:00:02.388+0000] {subprocess.py:75} INFO - Running command: ['/usr/bin/bash', '-c', 'cd /opt/***/src && python main.py 2']
[2026-06-08T06:00:02.399+0000] {subprocess.py:86} INFO - Output:
[2026-06-08T06:00:11.907+0000] {subprocess.py:93} INFO - 
[2026-06-08T06:00:11.909+0000] {subprocess.py:93} INFO - ===================================
[2026-06-08T06:00:11.909+0000] {subprocess.py:93} INFO - DATABASE CONNECTION CONFIG
[2026-06-08T06:00:11.910+0000] {subprocess.py:93} INFO - ===================================
[2026-06-08T06:00:11.910+0000] {subprocess.py:93} INFO - DB TYPE   : postgres
[2026-06-08T06:00:11.911+0000] {subprocess.py:93} INFO - HOST      : 3.107.8.33
[2026-06-08T06:00:11.912+0000] {subprocess.py:93} INFO - PORT      : 5432
[2026-06-08T06:00:11.912+0000] {subprocess.py:93} INFO - DATABASE  : metadata_db
[2026-06-08T06:00:11.913+0000] {subprocess.py:93} INFO - USERNAME  : teamuser
[2026-06-08T06:00:11.913+0000] {subprocess.py:93} INFO - ===================================
[2026-06-08T06:00:11.914+0000] {subprocess.py:93} INFO - 
[2026-06-08T06:00:11.914+0000] {subprocess.py:93} INFO - Connected to POSTGRES successfully.
[2026-06-08T06:00:11.915+0000] {subprocess.py:93} INFO - 
[2026-06-08T06:00:11.915+0000] {subprocess.py:93} INFO - Running pipeline: postgres_to_local_pipeline (db_to_storage)
[2026-06-08T06:00:11.916+0000] {subprocess.py:93} INFO - 
[2026-06-08T06:00:11.917+0000] {subprocess.py:93} INFO - ===================================
[2026-06-08T06:00:11.917+0000] {subprocess.py:93} INFO - DATABASE CONNECTION CONFIG
[2026-06-08T06:00:11.918+0000] {subprocess.py:93} INFO - ===================================
[2026-06-08T06:00:11.918+0000] {subprocess.py:93} INFO - DB TYPE   : postgres
[2026-06-08T06:00:11.919+0000] {subprocess.py:93} INFO - HOST      : 3.107.8.33
[2026-06-08T06:00:11.919+0000] {subprocess.py:93} INFO - PORT      : 5432
[2026-06-08T06:00:11.920+0000] {subprocess.py:93} INFO - DATABASE  : udifdb
[2026-06-08T06:00:11.921+0000] {subprocess.py:93} INFO - USERNAME  : teamuser
[2026-06-08T06:00:11.921+0000] {subprocess.py:93} INFO - ===================================
[2026-06-08T06:00:11.922+0000] {subprocess.py:93} INFO - 
[2026-06-08T06:00:11.922+0000] {subprocess.py:93} INFO - Connected to POSTGRES successfully.
[2026-06-08T06:00:11.923+0000] {subprocess.py:93} INFO - Completed: 4653 rows processed
[2026-06-08T06:00:12.095+0000] {subprocess.py:97} INFO - Command exited with return code 0
[2026-06-08T06:00:12.105+0000] {taskinstance.py:441} INFO - ::group::Post task execution logs
[2026-06-08T06:00:12.140+0000] {taskinstance.py:1206} INFO - Marking task as SUCCESS. dag_id=postgres_to_local_pipeline, task_id=run_pipeline_2, run_id=scheduled__2026-06-08T05:55:00+00:00, execution_date=20260608T055500, start_date=20260608T060002, end_date=20260608T060012
[2026-06-08T06:00:12.220+0000] {local_task_job_runner.py:240} INFO - Task exited with return code 0
[2026-06-08T06:00:12.244+0000] {taskinstance.py:3498} INFO - 0 downstream tasks scheduled from follow-on schedule check
[2026-06-08T06:00:12.247+0000] {local_task_job_runner.py:222} INFO - ::endgroup::
