[2026-06-22T07:40:09.777+0000] {local_task_job_runner.py:120} INFO - ::group::Pre task execution logs
[2026-06-22T07:40:09.815+0000] {taskinstance.py:2076} INFO - Dependencies all met for dep_context=non-requeueable deps ti=<TaskInstance: sales_db_to_postgres.run_pipeline_8 scheduled__2026-06-22T07:30:00+00:00 [queued]>
[2026-06-22T07:40:09.823+0000] {taskinstance.py:2076} INFO - Dependencies all met for dep_context=requeueable deps ti=<TaskInstance: sales_db_to_postgres.run_pipeline_8 scheduled__2026-06-22T07:30:00+00:00 [queued]>
[2026-06-22T07:40:09.824+0000] {taskinstance.py:2306} INFO - Starting attempt 2 of 2
[2026-06-22T07:40:09.840+0000] {taskinstance.py:2330} INFO - Executing <Task(BashOperator): run_pipeline_8> on 2026-06-22 07:30:00+00:00
[2026-06-22T07:40:09.846+0000] {standard_task_runner.py:90} INFO - Running: ['***', 'tasks', 'run', 'sales_db_to_postgres', 'run_pipeline_8', 'scheduled__2026-06-22T07:30:00+00:00', '--job-id', '372', '--raw', '--subdir', 'DAGS_FOLDER/dynamic_pipeline_generator.py', '--cfg-path', '/tmp/tmpfvyx0tdk']
[2026-06-22T07:40:09.848+0000] {standard_task_runner.py:91} INFO - Job 372: Subtask run_pipeline_8
[2026-06-22T07:40:09.848+0000] {logging_mixin.py:188} WARNING - /home/***/.local/lib/python3.12/site-packages/***/task/task_runner/standard_task_runner.py:61 DeprecationWarning: This process (pid=3001) is multi-threaded, use of fork() may lead to deadlocks in the child.
[2026-06-22T07:40:09.849+0000] {standard_task_runner.py:63} INFO - Started process 3002 to run task
[2026-06-22T07:40:09.893+0000] {task_command.py:426} INFO - Running <TaskInstance: sales_db_to_postgres.run_pipeline_8 scheduled__2026-06-22T07:30:00+00:00 [running]> on host c0efc7bf2406
[2026-06-22T07:40:09.965+0000] {taskinstance.py:2648} INFO - Exporting env vars: AIRFLOW_CTX_DAG_OWNER='subashri' AIRFLOW_CTX_DAG_ID='sales_db_to_postgres' AIRFLOW_CTX_TASK_ID='run_pipeline_8' AIRFLOW_CTX_EXECUTION_DATE='2026-06-22T07:30:00+00:00' AIRFLOW_CTX_TRY_NUMBER='2' AIRFLOW_CTX_DAG_RUN_ID='scheduled__2026-06-22T07:30:00+00:00'
[2026-06-22T07:40:09.966+0000] {taskinstance.py:430} INFO - ::endgroup::
[2026-06-22T07:40:09.982+0000] {subprocess.py:63} INFO - Tmp dir root location: /tmp
[2026-06-22T07:40:09.984+0000] {subprocess.py:75} INFO - Running command: ['/usr/bin/bash', '-c', 'cd /opt/***/src && python main.py 8']
[2026-06-22T07:40:09.991+0000] {subprocess.py:86} INFO - Output:
[2026-06-22T07:40:15.177+0000] {subprocess.py:93} INFO - 
[2026-06-22T07:40:15.181+0000] {subprocess.py:93} INFO - ===================================
[2026-06-22T07:40:15.185+0000] {subprocess.py:93} INFO - DATABASE CONNECTION CONFIG
[2026-06-22T07:40:15.187+0000] {subprocess.py:93} INFO - ===================================
[2026-06-22T07:40:15.191+0000] {subprocess.py:93} INFO - DB TYPE   : postgres
[2026-06-22T07:40:15.194+0000] {subprocess.py:93} INFO - HOST      : 3.107.8.33
[2026-06-22T07:40:15.195+0000] {subprocess.py:93} INFO - PORT      : 5432
[2026-06-22T07:40:15.197+0000] {subprocess.py:93} INFO - DATABASE  : metadata_db
[2026-06-22T07:40:15.198+0000] {subprocess.py:93} INFO - USERNAME  : teamuser
[2026-06-22T07:40:15.200+0000] {subprocess.py:93} INFO - ===================================
[2026-06-22T07:40:15.201+0000] {subprocess.py:93} INFO - 
[2026-06-22T07:40:15.203+0000] {subprocess.py:93} INFO - Connected to POSTGRES successfully.
[2026-06-22T07:40:15.204+0000] {subprocess.py:93} INFO - 
[2026-06-22T07:40:15.205+0000] {subprocess.py:93} INFO - Running pipeline: sales_db_to_postgres (db_to_db)
[2026-06-22T07:40:15.207+0000] {subprocess.py:93} INFO - 
[2026-06-22T07:40:15.208+0000] {subprocess.py:93} INFO - ===================================
[2026-06-22T07:40:15.209+0000] {subprocess.py:93} INFO - DATABASE CONNECTION CONFIG
[2026-06-22T07:40:15.210+0000] {subprocess.py:93} INFO - ===================================
[2026-06-22T07:40:15.211+0000] {subprocess.py:93} INFO - DB TYPE   : mysql
[2026-06-22T07:40:15.211+0000] {subprocess.py:93} INFO - HOST      : localhost
[2026-06-22T07:40:15.212+0000] {subprocess.py:93} INFO - PORT      : 3306
[2026-06-22T07:40:15.213+0000] {subprocess.py:93} INFO - DATABASE  : sales_db
[2026-06-22T07:40:15.214+0000] {subprocess.py:93} INFO - USERNAME  :
[2026-06-22T07:40:15.215+0000] {subprocess.py:93} INFO - ===================================
[2026-06-22T07:40:15.216+0000] {subprocess.py:93} INFO - 
[2026-06-22T07:40:15.217+0000] {subprocess.py:93} INFO - ❌ Failed: Could not connect to MYSQL: (pymysql.err.OperationalError) (2003, "Can't connect to MySQL server on 'localhost' ([Errno 111] Connection refused)")
[2026-06-22T07:40:15.218+0000] {subprocess.py:93} INFO - (Background on this error at: https://sqlalche.me/e/14/e3q8)
[2026-06-22T07:40:15.219+0000] {subprocess.py:93} INFO - Traceback (most recent call last):
[2026-06-22T07:40:15.219+0000] {subprocess.py:93} INFO -   File "/home/***/.local/lib/python3.12/site-packages/pymysql/connections.py", line 682, in connect
[2026-06-22T07:40:15.220+0000] {subprocess.py:93} INFO -     sock = socket.create_connection(
[2026-06-22T07:40:15.221+0000] {subprocess.py:93} INFO -            ^^^^^^^^^^^^^^^^^^^^^^^^^
[2026-06-22T07:40:15.222+0000] {subprocess.py:93} INFO -   File "/usr/local/lib/python3.12/socket.py", line 852, in create_connection
[2026-06-22T07:40:15.223+0000] {subprocess.py:93} INFO -     raise exceptions[0]
[2026-06-22T07:40:15.223+0000] {subprocess.py:93} INFO -   File "/usr/local/lib/python3.12/socket.py", line 837, in create_connection
[2026-06-22T07:40:15.224+0000] {subprocess.py:93} INFO -     sock.connect(sa)
[2026-06-22T07:40:15.225+0000] {subprocess.py:93} INFO - ConnectionRefusedError: [Errno 111] Connection refused
[2026-06-22T07:40:15.226+0000] {subprocess.py:93} INFO - 
[2026-06-22T07:40:15.227+0000] {subprocess.py:93} INFO - During handling of the above exception, another exception occurred:
[2026-06-22T07:40:15.227+0000] {subprocess.py:93} INFO - 
[2026-06-22T07:40:15.228+0000] {subprocess.py:93} INFO - Traceback (most recent call last):
[2026-06-22T07:40:15.229+0000] {subprocess.py:93} INFO -   File "/home/***/.local/lib/python3.12/site-packages/sqlalchemy/engine/base.py", line 3371, in _wrap_pool_connect
[2026-06-22T07:40:15.229+0000] {subprocess.py:93} INFO -     return fn()
[2026-06-22T07:40:15.230+0000] {subprocess.py:93} INFO -            ^^^^
[2026-06-22T07:40:15.231+0000] {subprocess.py:93} INFO -   File "/home/***/.local/lib/python3.12/site-packages/sqlalchemy/pool/base.py", line 327, in connect
[2026-06-22T07:40:15.231+0000] {subprocess.py:93} INFO -     return _ConnectionFairy._checkout(self)
[2026-06-22T07:40:15.232+0000] {subprocess.py:93} INFO -            ^^^^^^^^^^^^^^^^^^^^^^^^^^^^^^^^
[2026-06-22T07:40:15.232+0000] {subprocess.py:93} INFO -   File "/home/***/.local/lib/python3.12/site-packages/sqlalchemy/pool/base.py", line 894, in _checkout
[2026-06-22T07:40:15.233+0000] {subprocess.py:93} INFO -     fairy = _ConnectionRecord.checkout(pool)
[2026-06-22T07:40:15.234+0000] {subprocess.py:93} INFO -             ^^^^^^^^^^^^^^^^^^^^^^^^^^^^^^^^
[2026-06-22T07:40:15.234+0000] {subprocess.py:93} INFO -   File "/home/***/.local/lib/python3.12/site-packages/sqlalchemy/pool/base.py", line 493, in checkout
[2026-06-22T07:40:15.235+0000] {subprocess.py:93} INFO -     rec = pool._do_get()
[2026-06-22T07:40:15.235+0000] {subprocess.py:93} INFO -           ^^^^^^^^^^^^^^
[2026-06-22T07:40:15.236+0000] {subprocess.py:93} INFO -   File "/home/***/.local/lib/python3.12/site-packages/sqlalchemy/pool/impl.py", line 145, in _do_get
[2026-06-22T07:40:15.237+0000] {subprocess.py:93} INFO -     with util.safe_reraise():
[2026-06-22T07:40:15.237+0000] {subprocess.py:93} INFO -   File "/home/***/.local/lib/python3.12/site-packages/sqlalchemy/util/langhelpers.py", line 70, in __exit__
[2026-06-22T07:40:15.238+0000] {subprocess.py:93} INFO -     compat.raise_(
[2026-06-22T07:40:15.239+0000] {subprocess.py:93} INFO -   File "/home/***/.local/lib/python3.12/site-packages/sqlalchemy/util/compat.py", line 211, in raise_
[2026-06-22T07:40:15.239+0000] {subprocess.py:93} INFO -     raise exception
[2026-06-22T07:40:15.240+0000] {subprocess.py:93} INFO -   File "/home/***/.local/lib/python3.12/site-packages/sqlalchemy/pool/impl.py", line 143, in _do_get
[2026-06-22T07:40:15.241+0000] {subprocess.py:93} INFO -     return self._create_connection()
[2026-06-22T07:40:15.241+0000] {subprocess.py:93} INFO -            ^^^^^^^^^^^^^^^^^^^^^^^^^
[2026-06-22T07:40:15.242+0000] {subprocess.py:93} INFO -   File "/home/***/.local/lib/python3.12/site-packages/sqlalchemy/pool/base.py", line 273, in _create_connection
[2026-06-22T07:40:15.243+0000] {subprocess.py:93} INFO -     return _ConnectionRecord(self)
[2026-06-22T07:40:15.243+0000] {subprocess.py:93} INFO -            ^^^^^^^^^^^^^^^^^^^^^^^
[2026-06-22T07:40:15.244+0000] {subprocess.py:93} INFO -   File "/home/***/.local/lib/python3.12/site-packages/sqlalchemy/pool/base.py", line 388, in __init__
[2026-06-22T07:40:15.244+0000] {subprocess.py:93} INFO -     self.__connect()
[2026-06-22T07:40:15.245+0000] {subprocess.py:93} INFO -   File "/home/***/.local/lib/python3.12/site-packages/sqlalchemy/pool/base.py", line 690, in __connect
[2026-06-22T07:40:15.246+0000] {subprocess.py:93} INFO -     with util.safe_reraise():
[2026-06-22T07:40:15.246+0000] {subprocess.py:93} INFO -   File "/home/***/.local/lib/python3.12/site-packages/sqlalchemy/util/langhelpers.py", line 70, in __exit__
[2026-06-22T07:40:15.247+0000] {subprocess.py:93} INFO -     compat.raise_(
[2026-06-22T07:40:15.248+0000] {subprocess.py:93} INFO -   File "/home/***/.local/lib/python3.12/site-packages/sqlalchemy/util/compat.py", line 211, in raise_
[2026-06-22T07:40:15.249+0000] {subprocess.py:93} INFO -     raise exception
[2026-06-22T07:40:15.250+0000] {subprocess.py:93} INFO -   File "/home/***/.local/lib/python3.12/site-packages/sqlalchemy/pool/base.py", line 686, in __connect
[2026-06-22T07:40:15.250+0000] {subprocess.py:93} INFO -     self.dbapi_connection = connection = pool._invoke_creator(self)
[2026-06-22T07:40:15.251+0000] {subprocess.py:93} INFO -                                          ^^^^^^^^^^^^^^^^^^^^^^^^^^
[2026-06-22T07:40:15.251+0000] {subprocess.py:93} INFO -   File "/home/***/.local/lib/python3.12/site-packages/sqlalchemy/engine/create.py", line 574, in connect
[2026-06-22T07:40:15.252+0000] {subprocess.py:93} INFO -     return dialect.connect(*cargs, **cparams)
[2026-06-22T07:40:15.253+0000] {subprocess.py:93} INFO -            ^^^^^^^^^^^^^^^^^^^^^^^^^^^^^^^^^^
[2026-06-22T07:40:15.253+0000] {subprocess.py:93} INFO -   File "/home/***/.local/lib/python3.12/site-packages/sqlalchemy/engine/default.py", line 598, in connect
[2026-06-22T07:40:15.254+0000] {subprocess.py:93} INFO -     return self.dbapi.connect(*cargs, **cparams)
[2026-06-22T07:40:15.255+0000] {subprocess.py:93} INFO -            ^^^^^^^^^^^^^^^^^^^^^^^^^^^^^^^^^^^^^
[2026-06-22T07:40:15.256+0000] {subprocess.py:93} INFO -   File "/home/***/.local/lib/python3.12/site-packages/pymysql/connections.py", line 372, in __init__
[2026-06-22T07:40:15.256+0000] {subprocess.py:93} INFO -     self.connect()
[2026-06-22T07:40:15.257+0000] {subprocess.py:93} INFO -   File "/home/***/.local/lib/python3.12/site-packages/pymysql/connections.py", line 744, in connect
[2026-06-22T07:40:15.258+0000] {subprocess.py:93} INFO -     raise exc
[2026-06-22T07:40:15.259+0000] {subprocess.py:93} INFO - pymysql.err.OperationalError: (2003, "Can't connect to MySQL server on 'localhost' ([Errno 111] Connection refused)")
[2026-06-22T07:40:15.259+0000] {subprocess.py:93} INFO - 
[2026-06-22T07:40:15.260+0000] {subprocess.py:93} INFO - The above exception was the direct cause of the following exception:
[2026-06-22T07:40:15.260+0000] {subprocess.py:93} INFO - 
[2026-06-22T07:40:15.261+0000] {subprocess.py:93} INFO - Traceback (most recent call last):
[2026-06-22T07:40:15.261+0000] {subprocess.py:93} INFO -   File "/opt/***/src/extractor.py", line 172, in connect_db
[2026-06-22T07:40:15.262+0000] {subprocess.py:93} INFO -     with engine.connect() as conn:
[2026-06-22T07:40:15.263+0000] {subprocess.py:93} INFO -          ^^^^^^^^^^^^^^^^
[2026-06-22T07:40:15.263+0000] {subprocess.py:93} INFO -   File "/home/***/.local/lib/python3.12/site-packages/sqlalchemy/engine/base.py", line 3325, in connect
[2026-06-22T07:40:15.264+0000] {subprocess.py:93} INFO -     return self._connection_cls(self, close_with_result=close_with_result)
[2026-06-22T07:40:15.264+0000] {subprocess.py:93} INFO -            ^^^^^^^^^^^^^^^^^^^^^^^^^^^^^^^^^^^^^^^^^^^^^^^^^^^^^^^^^^^^^^^
[2026-06-22T07:40:15.265+0000] {subprocess.py:93} INFO -   File "/home/***/.local/lib/python3.12/site-packages/sqlalchemy/engine/base.py", line 96, in __init__
[2026-06-22T07:40:15.265+0000] {subprocess.py:93} INFO -     else engine.raw_connection()
[2026-06-22T07:40:15.266+0000] {subprocess.py:93} INFO -          ^^^^^^^^^^^^^^^^^^^^^^^
[2026-06-22T07:40:15.266+0000] {subprocess.py:93} INFO -   File "/home/***/.local/lib/python3.12/site-packages/sqlalchemy/engine/base.py", line 3404, in raw_connection
[2026-06-22T07:40:15.267+0000] {subprocess.py:93} INFO -     return self._wrap_pool_connect(self.pool.connect, _connection)
[2026-06-22T07:40:15.268+0000] {subprocess.py:93} INFO -            ^^^^^^^^^^^^^^^^^^^^^^^^^^^^^^^^^^^^^^^^^^^^^^^^^^^^^^^
[2026-06-22T07:40:15.268+0000] {subprocess.py:93} INFO -   File "/home/***/.local/lib/python3.12/site-packages/sqlalchemy/engine/base.py", line 3374, in _wrap_pool_connect
[2026-06-22T07:40:15.269+0000] {subprocess.py:93} INFO -     Connection._handle_dbapi_exception_noconnection(
[2026-06-22T07:40:15.269+0000] {subprocess.py:93} INFO -   File "/home/***/.local/lib/python3.12/site-packages/sqlalchemy/engine/base.py", line 2208, in _handle_dbapi_exception_noconnection
[2026-06-22T07:40:15.270+0000] {subprocess.py:93} INFO -     util.raise_(
[2026-06-22T07:40:15.271+0000] {subprocess.py:93} INFO -   File "/home/***/.local/lib/python3.12/site-packages/sqlalchemy/util/compat.py", line 211, in raise_
[2026-06-22T07:40:15.272+0000] {subprocess.py:93} INFO -     raise exception
[2026-06-22T07:40:15.273+0000] {subprocess.py:93} INFO -   File "/home/***/.local/lib/python3.12/site-packages/sqlalchemy/engine/base.py", line 3371, in _wrap_pool_connect
[2026-06-22T07:40:15.274+0000] {subprocess.py:93} INFO -     return fn()
[2026-06-22T07:40:15.275+0000] {subprocess.py:93} INFO -            ^^^^
[2026-06-22T07:40:15.277+0000] {subprocess.py:93} INFO -   File "/home/***/.local/lib/python3.12/site-packages/sqlalchemy/pool/base.py", line 327, in connect
[2026-06-22T07:40:15.278+0000] {subprocess.py:93} INFO -     return _ConnectionFairy._checkout(self)
[2026-06-22T07:40:15.279+0000] {subprocess.py:93} INFO -            ^^^^^^^^^^^^^^^^^^^^^^^^^^^^^^^^
[2026-06-22T07:40:15.280+0000] {subprocess.py:93} INFO -   File "/home/***/.local/lib/python3.12/site-packages/sqlalchemy/pool/base.py", line 894, in _checkout
[2026-06-22T07:40:15.281+0000] {subprocess.py:93} INFO -     fairy = _ConnectionRecord.checkout(pool)
[2026-06-22T07:40:15.283+0000] {subprocess.py:93} INFO -             ^^^^^^^^^^^^^^^^^^^^^^^^^^^^^^^^
[2026-06-22T07:40:15.283+0000] {subprocess.py:93} INFO -   File "/home/***/.local/lib/python3.12/site-packages/sqlalchemy/pool/base.py", line 493, in checkout
[2026-06-22T07:40:15.284+0000] {subprocess.py:93} INFO -     rec = pool._do_get()
[2026-06-22T07:40:15.285+0000] {subprocess.py:93} INFO -           ^^^^^^^^^^^^^^
[2026-06-22T07:40:15.285+0000] {subprocess.py:93} INFO -   File "/home/***/.local/lib/python3.12/site-packages/sqlalchemy/pool/impl.py", line 145, in _do_get
[2026-06-22T07:40:15.286+0000] {subprocess.py:93} INFO -     with util.safe_reraise():
[2026-06-22T07:40:15.286+0000] {subprocess.py:93} INFO -   File "/home/***/.local/lib/python3.12/site-packages/sqlalchemy/util/langhelpers.py", line 70, in __exit__
[2026-06-22T07:40:15.287+0000] {subprocess.py:93} INFO -     compat.raise_(
[2026-06-22T07:40:15.288+0000] {subprocess.py:93} INFO -   File "/home/***/.local/lib/python3.12/site-packages/sqlalchemy/util/compat.py", line 211, in raise_
[2026-06-22T07:40:15.289+0000] {subprocess.py:93} INFO -     raise exception
[2026-06-22T07:40:15.289+0000] {subprocess.py:93} INFO -   File "/home/***/.local/lib/python3.12/site-packages/sqlalchemy/pool/impl.py", line 143, in _do_get
[2026-06-22T07:40:15.291+0000] {subprocess.py:93} INFO -     return self._create_connection()
[2026-06-22T07:40:15.291+0000] {subprocess.py:93} INFO -            ^^^^^^^^^^^^^^^^^^^^^^^^^
[2026-06-22T07:40:15.292+0000] {subprocess.py:93} INFO -   File "/home/***/.local/lib/python3.12/site-packages/sqlalchemy/pool/base.py", line 273, in _create_connection
[2026-06-22T07:40:15.293+0000] {subprocess.py:93} INFO -     return _ConnectionRecord(self)
[2026-06-22T07:40:15.294+0000] {subprocess.py:93} INFO -            ^^^^^^^^^^^^^^^^^^^^^^^
[2026-06-22T07:40:15.295+0000] {subprocess.py:93} INFO -   File "/home/***/.local/lib/python3.12/site-packages/sqlalchemy/pool/base.py", line 388, in __init__
[2026-06-22T07:40:15.296+0000] {subprocess.py:93} INFO -     self.__connect()
[2026-06-22T07:40:15.296+0000] {subprocess.py:93} INFO -   File "/home/***/.local/lib/python3.12/site-packages/sqlalchemy/pool/base.py", line 690, in __connect
[2026-06-22T07:40:15.297+0000] {subprocess.py:93} INFO -     with util.safe_reraise():
[2026-06-22T07:40:15.297+0000] {subprocess.py:93} INFO -   File "/home/***/.local/lib/python3.12/site-packages/sqlalchemy/util/langhelpers.py", line 70, in __exit__
[2026-06-22T07:40:15.298+0000] {subprocess.py:93} INFO -     compat.raise_(
[2026-06-22T07:40:15.299+0000] {subprocess.py:93} INFO -   File "/home/***/.local/lib/python3.12/site-packages/sqlalchemy/util/compat.py", line 211, in raise_
[2026-06-22T07:40:15.299+0000] {subprocess.py:93} INFO -     raise exception
[2026-06-22T07:40:15.300+0000] {subprocess.py:93} INFO -   File "/home/***/.local/lib/python3.12/site-packages/sqlalchemy/pool/base.py", line 686, in __connect
[2026-06-22T07:40:15.300+0000] {subprocess.py:93} INFO -     self.dbapi_connection = connection = pool._invoke_creator(self)
[2026-06-22T07:40:15.301+0000] {subprocess.py:93} INFO -                                          ^^^^^^^^^^^^^^^^^^^^^^^^^^
[2026-06-22T07:40:15.302+0000] {subprocess.py:93} INFO -   File "/home/***/.local/lib/python3.12/site-packages/sqlalchemy/engine/create.py", line 574, in connect
[2026-06-22T07:40:15.302+0000] {subprocess.py:93} INFO -     return dialect.connect(*cargs, **cparams)
[2026-06-22T07:40:15.303+0000] {subprocess.py:93} INFO -            ^^^^^^^^^^^^^^^^^^^^^^^^^^^^^^^^^^
[2026-06-22T07:40:15.303+0000] {subprocess.py:93} INFO -   File "/home/***/.local/lib/python3.12/site-packages/sqlalchemy/engine/default.py", line 598, in connect
[2026-06-22T07:40:15.304+0000] {subprocess.py:93} INFO -     return self.dbapi.connect(*cargs, **cparams)
[2026-06-22T07:40:15.304+0000] {subprocess.py:93} INFO -            ^^^^^^^^^^^^^^^^^^^^^^^^^^^^^^^^^^^^^
[2026-06-22T07:40:15.305+0000] {subprocess.py:93} INFO -   File "/home/***/.local/lib/python3.12/site-packages/pymysql/connections.py", line 372, in __init__
[2026-06-22T07:40:15.306+0000] {subprocess.py:93} INFO -     self.connect()
[2026-06-22T07:40:15.307+0000] {subprocess.py:93} INFO -   File "/home/***/.local/lib/python3.12/site-packages/pymysql/connections.py", line 744, in connect
[2026-06-22T07:40:15.307+0000] {subprocess.py:93} INFO -     raise exc
[2026-06-22T07:40:15.308+0000] {subprocess.py:93} INFO - sqlalchemy.exc.OperationalError: (pymysql.err.OperationalError) (2003, "Can't connect to MySQL server on 'localhost' ([Errno 111] Connection refused)")
[2026-06-22T07:40:15.308+0000] {subprocess.py:93} INFO - (Background on this error at: https://sqlalche.me/e/14/e3q8)
[2026-06-22T07:40:15.309+0000] {subprocess.py:93} INFO - 
[2026-06-22T07:40:15.309+0000] {subprocess.py:93} INFO - During handling of the above exception, another exception occurred:
[2026-06-22T07:40:15.310+0000] {subprocess.py:93} INFO - 
[2026-06-22T07:40:15.310+0000] {subprocess.py:93} INFO - Traceback (most recent call last):
[2026-06-22T07:40:15.311+0000] {subprocess.py:93} INFO -   File "/opt/***/src/main.py", line 95, in <module>
[2026-06-22T07:40:15.311+0000] {subprocess.py:93} INFO -     main()
[2026-06-22T07:40:15.312+0000] {subprocess.py:93} INFO -   File "/opt/***/src/main.py", line 40, in main
[2026-06-22T07:40:15.312+0000] {subprocess.py:93} INFO -     result = run_pipeline(row)
[2026-06-22T07:40:15.313+0000] {subprocess.py:93} INFO -              ^^^^^^^^^^^^^^^^^
[2026-06-22T07:40:15.313+0000] {subprocess.py:93} INFO -   File "/opt/***/src/pipeline_executor.py", line 506, in run_pipeline
[2026-06-22T07:40:15.314+0000] {subprocess.py:93} INFO -     df = extract_data(
[2026-06-22T07:40:15.314+0000] {subprocess.py:93} INFO -          ^^^^^^^^^^^^^
[2026-06-22T07:40:15.315+0000] {subprocess.py:93} INFO -   File "/opt/***/src/extractor.py", line 203, in extract_data
[2026-06-22T07:40:15.316+0000] {subprocess.py:93} INFO -     engine = connect_db(config)
[2026-06-22T07:40:15.316+0000] {subprocess.py:93} INFO -              ^^^^^^^^^^^^^^^^^^
[2026-06-22T07:40:15.316+0000] {subprocess.py:93} INFO -   File "/opt/***/src/extractor.py", line 186, in connect_db
[2026-06-22T07:40:15.317+0000] {subprocess.py:93} INFO -     raise ConnectionError(
[2026-06-22T07:40:15.318+0000] {subprocess.py:93} INFO - ConnectionError: Could not connect to MYSQL: (pymysql.err.OperationalError) (2003, "Can't connect to MySQL server on 'localhost' ([Errno 111] Connection refused)")
[2026-06-22T07:40:15.318+0000] {subprocess.py:93} INFO - (Background on this error at: https://sqlalche.me/e/14/e3q8)
[2026-06-22T07:40:15.442+0000] {subprocess.py:97} INFO - Command exited with return code 1
[2026-06-22T07:40:15.444+0000] {taskinstance.py:441} INFO - ::group::Post task execution logs
[2026-06-22T07:40:15.457+0000] {taskinstance.py:2905} ERROR - Task failed with exception
Traceback (most recent call last):
  File "/home/airflow/.local/lib/python3.12/site-packages/airflow/models/taskinstance.py", line 465, in _execute_task
    result = _execute_callable(context=context, **execute_callable_kwargs)
             ^^^^^^^^^^^^^^^^^^^^^^^^^^^^^^^^^^^^^^^^^^^^^^^^^^^^^^^^^^^^^
  File "/home/airflow/.local/lib/python3.12/site-packages/airflow/models/taskinstance.py", line 432, in _execute_callable
    return execute_callable(context=context, **execute_callable_kwargs)
           ^^^^^^^^^^^^^^^^^^^^^^^^^^^^^^^^^^^^^^^^^^^^^^^^^^^^^^^^^^^^
  File "/home/airflow/.local/lib/python3.12/site-packages/airflow/models/baseoperator.py", line 400, in wrapper
    return func(self, *args, **kwargs)
           ^^^^^^^^^^^^^^^^^^^^^^^^^^^
  File "/home/airflow/.local/lib/python3.12/site-packages/airflow/operators/bash.py", line 243, in execute
    raise AirflowException(
airflow.exceptions.AirflowException: Bash command failed. The command returned a non-zero exit code 1.
[2026-06-22T07:40:15.464+0000] {taskinstance.py:1206} INFO - Marking task as FAILED. dag_id=sales_db_to_postgres, task_id=run_pipeline_8, run_id=scheduled__2026-06-22T07:30:00+00:00, execution_date=20260622T073000, start_date=20260622T074009, end_date=20260622T074015
[2026-06-22T07:40:15.485+0000] {standard_task_runner.py:110} ERROR - Failed to execute job 372 for task run_pipeline_8 (Bash command failed. The command returned a non-zero exit code 1.; 3002)
[2026-06-22T07:40:15.511+0000] {local_task_job_runner.py:240} INFO - Task exited with return code 1
[2026-06-22T07:40:15.525+0000] {local_task_job_runner.py:222} INFO - ::endgroup::
