[2026-06-04T05:55:02.630+0000] {local_task_job_runner.py:120} INFO - ::group::Pre task execution logs
[2026-06-04T05:55:02.708+0000] {taskinstance.py:2076} INFO - Dependencies all met for dep_context=non-requeueable deps ti=<TaskInstance: local_to_s3_pipeline.run_pipeline_6 scheduled__2026-06-04T05:50:00+00:00 [queued]>
[2026-06-04T05:55:02.721+0000] {taskinstance.py:2076} INFO - Dependencies all met for dep_context=requeueable deps ti=<TaskInstance: local_to_s3_pipeline.run_pipeline_6 scheduled__2026-06-04T05:50:00+00:00 [queued]>
[2026-06-04T05:55:02.722+0000] {taskinstance.py:2306} INFO - Starting attempt 1 of 2
[2026-06-04T05:55:02.742+0000] {taskinstance.py:2330} INFO - Executing <Task(BashOperator): run_pipeline_6> on 2026-06-04 05:50:00+00:00
[2026-06-04T05:55:02.748+0000] {standard_task_runner.py:90} INFO - Running: ['***', 'tasks', 'run', 'local_to_s3_pipeline', 'run_pipeline_6', 'scheduled__2026-06-04T05:50:00+00:00', '--job-id', '215', '--raw', '--subdir', 'DAGS_FOLDER/dynamic_pipeline_generator.py', '--cfg-path', '/tmp/tmp4x9dswri']
[2026-06-04T05:55:02.752+0000] {standard_task_runner.py:91} INFO - Job 215: Subtask run_pipeline_6
[2026-06-04T05:55:02.752+0000] {logging_mixin.py:188} WARNING - /home/***/.local/lib/python3.12/site-packages/***/task/task_runner/standard_task_runner.py:61 DeprecationWarning: This process (pid=2655) is multi-threaded, use of fork() may lead to deadlocks in the child.
[2026-06-04T05:55:02.753+0000] {standard_task_runner.py:63} INFO - Started process 2656 to run task
[2026-06-04T05:55:02.800+0000] {task_command.py:426} INFO - Running <TaskInstance: local_to_s3_pipeline.run_pipeline_6 scheduled__2026-06-04T05:50:00+00:00 [running]> on host b044b6a9b6bd
[2026-06-04T05:55:02.912+0000] {taskinstance.py:2648} INFO - Exporting env vars: AIRFLOW_CTX_DAG_OWNER='subashri' AIRFLOW_CTX_DAG_ID='local_to_s3_pipeline' AIRFLOW_CTX_TASK_ID='run_pipeline_6' AIRFLOW_CTX_EXECUTION_DATE='2026-06-04T05:50:00+00:00' AIRFLOW_CTX_TRY_NUMBER='1' AIRFLOW_CTX_DAG_RUN_ID='scheduled__2026-06-04T05:50:00+00:00'
[2026-06-04T05:55:02.914+0000] {taskinstance.py:430} INFO - ::endgroup::
[2026-06-04T05:55:02.943+0000] {subprocess.py:63} INFO - Tmp dir root location: /tmp
[2026-06-04T05:55:02.946+0000] {subprocess.py:75} INFO - Running command: ['/usr/bin/bash', '-c', 'cd /opt/***/src && python main.py 6']
[2026-06-04T05:55:02.956+0000] {subprocess.py:86} INFO - Output:
[2026-06-04T05:55:11.130+0000] {subprocess.py:93} INFO - Using CPU. Note: This module is much faster with a GPU.
[2026-06-04T05:55:30.639+0000] {subprocess.py:93} INFO - /home/***/.local/lib/python3.12/site-packages/torch/utils/data/dataloader.py:752: UserWarning: 'pin_memory' argument is set as true but no accelerator is found, then device pinned memory won't be used.
[2026-06-04T05:55:30.641+0000] {subprocess.py:93} INFO -   super().__init__(loader)
[2026-06-04T05:55:43.221+0000] {subprocess.py:93} INFO - 
[2026-06-04T05:55:43.222+0000] {subprocess.py:93} INFO - ===================================
[2026-06-04T05:55:43.222+0000] {subprocess.py:93} INFO - DATABASE CONNECTION CONFIG
[2026-06-04T05:55:43.223+0000] {subprocess.py:93} INFO - ===================================
[2026-06-04T05:55:43.224+0000] {subprocess.py:93} INFO - DB TYPE   : postgres
[2026-06-04T05:55:43.224+0000] {subprocess.py:93} INFO - HOST      : 3.107.8.33
[2026-06-04T05:55:43.225+0000] {subprocess.py:93} INFO - PORT      : 5432
[2026-06-04T05:55:43.225+0000] {subprocess.py:93} INFO - DATABASE  : metadata_db
[2026-06-04T05:55:43.226+0000] {subprocess.py:93} INFO - USERNAME  : teamuser
[2026-06-04T05:55:43.227+0000] {subprocess.py:93} INFO - ===================================
[2026-06-04T05:55:43.228+0000] {subprocess.py:93} INFO - 
[2026-06-04T05:55:43.229+0000] {subprocess.py:93} INFO - Connected to POSTGRES successfully.
[2026-06-04T05:55:43.230+0000] {subprocess.py:93} INFO - 
[2026-06-04T05:55:43.231+0000] {subprocess.py:93} INFO - Running pipeline: local_to_s3_pipeline (storage_to_storage)
[2026-06-04T05:55:43.232+0000] {subprocess.py:93} INFO - Processing file: customer (2 rows)
[2026-06-04T05:55:43.232+0000] {subprocess.py:93} INFO - Processing file: data pic1 (91 rows)
[2026-06-04T05:55:43.233+0000] {subprocess.py:93} INFO - Processing file: employee (20 rows)
[2026-06-04T05:55:43.234+0000] {subprocess.py:93} INFO - Processing file: employee_data (100 rows)
[2026-06-04T05:55:43.236+0000] {subprocess.py:93} INFO - Processing file: sample (2 rows)
[2026-06-04T05:55:43.237+0000] {subprocess.py:93} INFO - Processing file: word (12 rows)
[2026-06-04T05:55:43.239+0000] {subprocess.py:93} INFO - Processed total rows: 227
[2026-06-04T05:55:43.240+0000] {subprocess.py:93} INFO - Completed: 227 rows processed
[2026-06-04T05:55:44.838+0000] {subprocess.py:97} INFO - Command exited with return code 0
[2026-06-04T05:55:44.839+0000] {taskinstance.py:441} INFO - ::group::Post task execution logs
[2026-06-04T05:55:44.875+0000] {taskinstance.py:1206} INFO - Marking task as SUCCESS. dag_id=local_to_s3_pipeline, task_id=run_pipeline_6, run_id=scheduled__2026-06-04T05:50:00+00:00, execution_date=20260604T055000, start_date=20260604T055502, end_date=20260604T055544
[2026-06-04T05:55:44.937+0000] {local_task_job_runner.py:240} INFO - Task exited with return code 0
[2026-06-04T05:55:44.959+0000] {taskinstance.py:3498} INFO - 0 downstream tasks scheduled from follow-on schedule check
[2026-06-04T05:55:44.962+0000] {local_task_job_runner.py:222} INFO - ::endgroup::
