[2026-06-04T06:29:57.189+0000] {local_task_job_runner.py:120} INFO - ::group::Pre task execution logs
[2026-06-04T06:29:57.612+0000] {taskinstance.py:2076} INFO - Dependencies all met for dep_context=non-requeueable deps ti=<TaskInstance: postgres_to_local_pipeline.run_pipeline_2 scheduled__2026-06-04T06:20:00+00:00 [queued]>
[2026-06-04T06:29:57.649+0000] {taskinstance.py:2076} INFO - Dependencies all met for dep_context=requeueable deps ti=<TaskInstance: postgres_to_local_pipeline.run_pipeline_2 scheduled__2026-06-04T06:20:00+00:00 [queued]>
[2026-06-04T06:29:57.650+0000] {taskinstance.py:2306} INFO - Starting attempt 1 of 2
[2026-06-04T06:29:57.693+0000] {taskinstance.py:2330} INFO - Executing <Task(BashOperator): run_pipeline_2> on 2026-06-04 06:20:00+00:00
[2026-06-04T06:29:57.713+0000] {standard_task_runner.py:90} INFO - Running: ['***', 'tasks', 'run', 'postgres_to_local_pipeline', 'run_pipeline_2', 'scheduled__2026-06-04T06:20:00+00:00', '--job-id', '221', '--raw', '--subdir', 'DAGS_FOLDER/dynamic_pipeline_generator.py', '--cfg-path', '/tmp/tmpttbr70ak']
[2026-06-04T06:29:57.725+0000] {standard_task_runner.py:91} INFO - Job 221: Subtask run_pipeline_2
[2026-06-04T06:29:57.732+0000] {logging_mixin.py:188} WARNING - /home/***/.local/lib/python3.12/site-packages/***/task/task_runner/standard_task_runner.py:61 DeprecationWarning: This process (pid=3433) is multi-threaded, use of fork() may lead to deadlocks in the child.
[2026-06-04T06:29:57.737+0000] {standard_task_runner.py:63} INFO - Started process 3438 to run task
[2026-06-04T06:29:57.867+0000] {task_command.py:426} INFO - Running <TaskInstance: postgres_to_local_pipeline.run_pipeline_2 scheduled__2026-06-04T06:20:00+00:00 [running]> on host b044b6a9b6bd
[2026-06-04T06:29:58.186+0000] {taskinstance.py:2648} INFO - Exporting env vars: AIRFLOW_CTX_DAG_OWNER='subashri' AIRFLOW_CTX_DAG_ID='postgres_to_local_pipeline' AIRFLOW_CTX_TASK_ID='run_pipeline_2' AIRFLOW_CTX_EXECUTION_DATE='2026-06-04T06:20:00+00:00' AIRFLOW_CTX_TRY_NUMBER='1' AIRFLOW_CTX_DAG_RUN_ID='scheduled__2026-06-04T06:20:00+00:00'
[2026-06-04T06:29:58.188+0000] {taskinstance.py:430} INFO - ::endgroup::
[2026-06-04T06:29:58.287+0000] {subprocess.py:63} INFO - Tmp dir root location: /tmp
[2026-06-04T06:29:58.290+0000] {subprocess.py:75} INFO - Running command: ['/usr/bin/bash', '-c', 'cd /opt/***/src && python main.py 2']
[2026-06-04T06:29:58.314+0000] {subprocess.py:86} INFO - Output:
[2026-06-04T06:30:12.438+0000] {subprocess.py:93} INFO - 
[2026-06-04T06:30:12.439+0000] {subprocess.py:93} INFO - ===================================
[2026-06-04T06:30:12.439+0000] {subprocess.py:93} INFO - DATABASE CONNECTION CONFIG
[2026-06-04T06:30:12.440+0000] {subprocess.py:93} INFO - ===================================
[2026-06-04T06:30:12.441+0000] {subprocess.py:93} INFO - DB TYPE   : postgres
[2026-06-04T06:30:12.443+0000] {subprocess.py:93} INFO - HOST      : 3.107.8.33
[2026-06-04T06:30:12.444+0000] {subprocess.py:93} INFO - PORT      : 5432
[2026-06-04T06:30:12.445+0000] {subprocess.py:93} INFO - DATABASE  : metadata_db
[2026-06-04T06:30:12.445+0000] {subprocess.py:93} INFO - USERNAME  : teamuser
[2026-06-04T06:30:12.446+0000] {subprocess.py:93} INFO - ===================================
[2026-06-04T06:30:12.448+0000] {subprocess.py:93} INFO - 
[2026-06-04T06:30:12.449+0000] {subprocess.py:93} INFO - Connected to POSTGRES successfully.
[2026-06-04T06:30:12.449+0000] {subprocess.py:93} INFO - 
[2026-06-04T06:30:12.450+0000] {subprocess.py:93} INFO - Running pipeline: postgres_to_local_pipeline (db_to_storage)
[2026-06-04T06:30:12.451+0000] {subprocess.py:93} INFO - 
[2026-06-04T06:30:12.452+0000] {subprocess.py:93} INFO - ===================================
[2026-06-04T06:30:12.453+0000] {subprocess.py:93} INFO - DATABASE CONNECTION CONFIG
[2026-06-04T06:30:12.454+0000] {subprocess.py:93} INFO - ===================================
[2026-06-04T06:30:12.454+0000] {subprocess.py:93} INFO - DB TYPE   : postgres
[2026-06-04T06:30:12.455+0000] {subprocess.py:93} INFO - HOST      : 3.107.8.33
[2026-06-04T06:30:12.456+0000] {subprocess.py:93} INFO - PORT      : 5432
[2026-06-04T06:30:12.457+0000] {subprocess.py:93} INFO - DATABASE  : udifdb
[2026-06-04T06:30:12.461+0000] {subprocess.py:93} INFO - USERNAME  : teamuser
[2026-06-04T06:30:12.461+0000] {subprocess.py:93} INFO - ===================================
[2026-06-04T06:30:12.462+0000] {subprocess.py:93} INFO - 
[2026-06-04T06:30:12.463+0000] {subprocess.py:93} INFO - Connected to POSTGRES successfully.
[2026-06-04T06:30:12.464+0000] {subprocess.py:93} INFO - Completed: 4653 rows processed
[2026-06-04T06:30:12.773+0000] {subprocess.py:97} INFO - Command exited with return code 0
[2026-06-04T06:30:12.783+0000] {taskinstance.py:441} INFO - ::group::Post task execution logs
[2026-06-04T06:30:12.828+0000] {taskinstance.py:1206} INFO - Marking task as SUCCESS. dag_id=postgres_to_local_pipeline, task_id=run_pipeline_2, run_id=scheduled__2026-06-04T06:20:00+00:00, execution_date=20260604T062000, start_date=20260604T062957, end_date=20260604T063012
[2026-06-04T06:30:12.889+0000] {local_task_job_runner.py:240} INFO - Task exited with return code 0
[2026-06-04T06:30:12.925+0000] {taskinstance.py:3498} INFO - 0 downstream tasks scheduled from follow-on schedule check
[2026-06-04T06:30:12.932+0000] {local_task_job_runner.py:222} INFO - ::endgroup::
