[2026-06-03T13:12:07.425+0000] {local_task_job_runner.py:120} INFO - ::group::Pre task execution logs
[2026-06-03T13:12:07.456+0000] {taskinstance.py:2076} INFO - Dependencies all met for dep_context=non-requeueable deps ti=<TaskInstance: dynamic_metadata_pipeline.run_pipeline_3 manual__2026-06-03T13:06:46.724541+00:00 [queued]>
[2026-06-03T13:12:07.465+0000] {taskinstance.py:2076} INFO - Dependencies all met for dep_context=requeueable deps ti=<TaskInstance: dynamic_metadata_pipeline.run_pipeline_3 manual__2026-06-03T13:06:46.724541+00:00 [queued]>
[2026-06-03T13:12:07.466+0000] {taskinstance.py:2306} INFO - Starting attempt 2 of 2
[2026-06-03T13:12:07.481+0000] {taskinstance.py:2330} INFO - Executing <Task(BashOperator): run_pipeline_3> on 2026-06-03 13:06:46.724541+00:00
[2026-06-03T13:12:07.488+0000] {standard_task_runner.py:90} INFO - Running: ['***', 'tasks', 'run', 'dynamic_metadata_pipeline', 'run_pipeline_3', 'manual__2026-06-03T13:06:46.724541+00:00', '--job-id', '158', '--raw', '--subdir', 'DAGS_FOLDER/dynamic_pipeline_dag.py', '--cfg-path', '/tmp/tmplnsbh6jc']
[2026-06-03T13:12:07.491+0000] {standard_task_runner.py:91} INFO - Job 158: Subtask run_pipeline_3
[2026-06-03T13:12:07.495+0000] {logging_mixin.py:188} WARNING - /home/***/.local/lib/python3.12/site-packages/***/task/task_runner/standard_task_runner.py:61 DeprecationWarning: This process (pid=2584) is multi-threaded, use of fork() may lead to deadlocks in the child.
[2026-06-03T13:12:07.495+0000] {standard_task_runner.py:63} INFO - Started process 2585 to run task
[2026-06-03T13:12:07.532+0000] {task_command.py:426} INFO - Running <TaskInstance: dynamic_metadata_pipeline.run_pipeline_3 manual__2026-06-03T13:06:46.724541+00:00 [running]> on host c3bf940c8326
[2026-06-03T13:12:07.614+0000] {taskinstance.py:2648} INFO - Exporting env vars: AIRFLOW_CTX_DAG_OWNER='subashri' AIRFLOW_CTX_DAG_ID='dynamic_metadata_pipeline' AIRFLOW_CTX_TASK_ID='run_pipeline_3' AIRFLOW_CTX_EXECUTION_DATE='2026-06-03T13:06:46.724541+00:00' AIRFLOW_CTX_TRY_NUMBER='2' AIRFLOW_CTX_DAG_RUN_ID='manual__2026-06-03T13:06:46.724541+00:00'
[2026-06-03T13:12:07.615+0000] {taskinstance.py:430} INFO - ::endgroup::
[2026-06-03T13:12:07.631+0000] {subprocess.py:63} INFO - Tmp dir root location: /tmp
[2026-06-03T13:12:07.633+0000] {subprocess.py:75} INFO - Running command: ['/usr/bin/bash', '-c', 'cd /opt/***/src && python main.py 3']
[2026-06-03T13:12:07.641+0000] {subprocess.py:86} INFO - Output:
[2026-06-03T13:12:22.364+0000] {subprocess.py:93} INFO - 
[2026-06-03T13:12:22.364+0000] {subprocess.py:93} INFO - ===================================
[2026-06-03T13:12:22.365+0000] {subprocess.py:93} INFO - DATABASE CONNECTION CONFIG
[2026-06-03T13:12:22.365+0000] {subprocess.py:93} INFO - ===================================
[2026-06-03T13:12:22.366+0000] {subprocess.py:93} INFO - DB TYPE   : postgres
[2026-06-03T13:12:22.366+0000] {subprocess.py:93} INFO - HOST      : 3.107.8.33
[2026-06-03T13:12:22.367+0000] {subprocess.py:93} INFO - PORT      : 5432
[2026-06-03T13:12:22.367+0000] {subprocess.py:93} INFO - DATABASE  : metadata_db
[2026-06-03T13:12:22.367+0000] {subprocess.py:93} INFO - USERNAME  : teamuser
[2026-06-03T13:12:22.368+0000] {subprocess.py:93} INFO - ===================================
[2026-06-03T13:12:22.368+0000] {subprocess.py:93} INFO - 
[2026-06-03T13:12:22.369+0000] {subprocess.py:93} INFO - Connected to POSTGRES successfully.
[2026-06-03T13:12:22.369+0000] {subprocess.py:93} INFO - 
[2026-06-03T13:12:22.369+0000] {subprocess.py:93} INFO - Running pipeline: postgres_to_postgres_pipeline (db_to_db)
[2026-06-03T13:12:22.370+0000] {subprocess.py:93} INFO - 
[2026-06-03T13:12:22.370+0000] {subprocess.py:93} INFO - ===================================
[2026-06-03T13:12:22.371+0000] {subprocess.py:93} INFO - DATABASE CONNECTION CONFIG
[2026-06-03T13:12:22.371+0000] {subprocess.py:93} INFO - ===================================
[2026-06-03T13:12:22.372+0000] {subprocess.py:93} INFO - DB TYPE   : postgres
[2026-06-03T13:12:22.372+0000] {subprocess.py:93} INFO - HOST      : 3.107.8.33
[2026-06-03T13:12:22.372+0000] {subprocess.py:93} INFO - PORT      : 5432
[2026-06-03T13:12:22.373+0000] {subprocess.py:93} INFO - DATABASE  : udifdb
[2026-06-03T13:12:22.373+0000] {subprocess.py:93} INFO - USERNAME  : teamuser
[2026-06-03T13:12:22.374+0000] {subprocess.py:93} INFO - ===================================
[2026-06-03T13:12:22.374+0000] {subprocess.py:93} INFO - 
[2026-06-03T13:12:22.375+0000] {subprocess.py:93} INFO - Connected to POSTGRES successfully.
[2026-06-03T13:12:22.375+0000] {subprocess.py:93} INFO - Completed: 4653 rows processed
[2026-06-03T13:12:22.501+0000] {subprocess.py:97} INFO - Command exited with return code 0
[2026-06-03T13:12:22.502+0000] {taskinstance.py:441} INFO - ::group::Post task execution logs
[2026-06-03T13:12:22.522+0000] {taskinstance.py:1206} INFO - Marking task as SUCCESS. dag_id=dynamic_metadata_pipeline, task_id=run_pipeline_3, run_id=manual__2026-06-03T13:06:46.724541+00:00, execution_date=20260603T130646, start_date=20260603T131207, end_date=20260603T131222
[2026-06-03T13:12:22.566+0000] {local_task_job_runner.py:240} INFO - Task exited with return code 0
[2026-06-03T13:12:22.579+0000] {taskinstance.py:3498} INFO - 0 downstream tasks scheduled from follow-on schedule check
[2026-06-03T13:12:22.581+0000] {local_task_job_runner.py:222} INFO - ::endgroup::
