[2026-06-08T05:57:52.562+0000] {local_task_job_runner.py:120} INFO - ::group::Pre task execution logs
[2026-06-08T05:57:52.608+0000] {taskinstance.py:2076} INFO - Dependencies all met for dep_context=non-requeueable deps ti=<TaskInstance: postgres_to_s3_pipeline.run_pipeline_1 scheduled__2026-06-08T05:50:00+00:00 [queued]>
[2026-06-08T05:57:52.624+0000] {taskinstance.py:2076} INFO - Dependencies all met for dep_context=requeueable deps ti=<TaskInstance: postgres_to_s3_pipeline.run_pipeline_1 scheduled__2026-06-08T05:50:00+00:00 [queued]>
[2026-06-08T05:57:52.625+0000] {taskinstance.py:2306} INFO - Starting attempt 1 of 2
[2026-06-08T05:57:52.644+0000] {taskinstance.py:2330} INFO - Executing <Task(BashOperator): run_pipeline_1> on 2026-06-08 05:50:00+00:00
[2026-06-08T05:57:52.656+0000] {standard_task_runner.py:90} INFO - Running: ['***', 'tasks', 'run', 'postgres_to_s3_pipeline', 'run_pipeline_1', 'scheduled__2026-06-08T05:50:00+00:00', '--job-id', '315', '--raw', '--subdir', 'DAGS_FOLDER/dynamic_pipeline_generator.py', '--cfg-path', '/tmp/tmp2x9gn6m3']
[2026-06-08T05:57:52.661+0000] {standard_task_runner.py:91} INFO - Job 315: Subtask run_pipeline_1
[2026-06-08T05:57:52.661+0000] {logging_mixin.py:188} WARNING - /home/***/.local/lib/python3.12/site-packages/***/task/task_runner/standard_task_runner.py:61 DeprecationWarning: This process (pid=228) is multi-threaded, use of fork() may lead to deadlocks in the child.
[2026-06-08T05:57:52.662+0000] {standard_task_runner.py:63} INFO - Started process 258 to run task
[2026-06-08T05:57:52.735+0000] {task_command.py:426} INFO - Running <TaskInstance: postgres_to_s3_pipeline.run_pipeline_1 scheduled__2026-06-08T05:50:00+00:00 [running]> on host 450cdec9e3e5
[2026-06-08T05:57:52.890+0000] {taskinstance.py:2648} INFO - Exporting env vars: AIRFLOW_CTX_DAG_OWNER='subashri' AIRFLOW_CTX_DAG_ID='postgres_to_s3_pipeline' AIRFLOW_CTX_TASK_ID='run_pipeline_1' AIRFLOW_CTX_EXECUTION_DATE='2026-06-08T05:50:00+00:00' AIRFLOW_CTX_TRY_NUMBER='1' AIRFLOW_CTX_DAG_RUN_ID='scheduled__2026-06-08T05:50:00+00:00'
[2026-06-08T05:57:52.891+0000] {taskinstance.py:430} INFO - ::endgroup::
[2026-06-08T05:57:52.913+0000] {subprocess.py:63} INFO - Tmp dir root location: /tmp
[2026-06-08T05:57:52.914+0000] {subprocess.py:75} INFO - Running command: ['/usr/bin/bash', '-c', 'cd /opt/***/src && python main.py 1']
[2026-06-08T05:57:52.927+0000] {subprocess.py:86} INFO - Output:
[2026-06-08T05:58:02.862+0000] {subprocess.py:93} INFO - 
[2026-06-08T05:58:02.863+0000] {subprocess.py:93} INFO - ===================================
[2026-06-08T05:58:02.864+0000] {subprocess.py:93} INFO - DATABASE CONNECTION CONFIG
[2026-06-08T05:58:02.866+0000] {subprocess.py:93} INFO - ===================================
[2026-06-08T05:58:02.867+0000] {subprocess.py:93} INFO - DB TYPE   : postgres
[2026-06-08T05:58:02.867+0000] {subprocess.py:93} INFO - HOST      : 3.107.8.33
[2026-06-08T05:58:02.868+0000] {subprocess.py:93} INFO - PORT      : 5432
[2026-06-08T05:58:02.869+0000] {subprocess.py:93} INFO - DATABASE  : metadata_db
[2026-06-08T05:58:02.870+0000] {subprocess.py:93} INFO - USERNAME  : teamuser
[2026-06-08T05:58:02.871+0000] {subprocess.py:93} INFO - ===================================
[2026-06-08T05:58:02.871+0000] {subprocess.py:93} INFO - 
[2026-06-08T05:58:02.873+0000] {subprocess.py:93} INFO - Connected to POSTGRES successfully.
[2026-06-08T05:58:02.874+0000] {subprocess.py:93} INFO - 
[2026-06-08T05:58:02.875+0000] {subprocess.py:93} INFO - Running pipeline: postgres_to_s3_pipeline (db_to_storage)
[2026-06-08T05:58:02.876+0000] {subprocess.py:93} INFO - 
[2026-06-08T05:58:02.877+0000] {subprocess.py:93} INFO - ===================================
[2026-06-08T05:58:02.879+0000] {subprocess.py:93} INFO - DATABASE CONNECTION CONFIG
[2026-06-08T05:58:02.883+0000] {subprocess.py:93} INFO - ===================================
[2026-06-08T05:58:02.885+0000] {subprocess.py:93} INFO - DB TYPE   : postgres
[2026-06-08T05:58:02.887+0000] {subprocess.py:93} INFO - HOST      : 3.107.8.33
[2026-06-08T05:58:02.888+0000] {subprocess.py:93} INFO - PORT      : 5432
[2026-06-08T05:58:02.890+0000] {subprocess.py:93} INFO - DATABASE  : udifdb
[2026-06-08T05:58:02.892+0000] {subprocess.py:93} INFO - USERNAME  : teamuser
[2026-06-08T05:58:02.893+0000] {subprocess.py:93} INFO - ===================================
[2026-06-08T05:58:02.894+0000] {subprocess.py:93} INFO - 
[2026-06-08T05:58:02.895+0000] {subprocess.py:93} INFO - Connected to POSTGRES successfully.
[2026-06-08T05:58:02.895+0000] {subprocess.py:93} INFO - Completed: 4653 rows processed
[2026-06-08T05:58:03.305+0000] {subprocess.py:97} INFO - Command exited with return code 0
[2026-06-08T05:58:03.306+0000] {taskinstance.py:441} INFO - ::group::Post task execution logs
[2026-06-08T05:58:03.348+0000] {taskinstance.py:1206} INFO - Marking task as SUCCESS. dag_id=postgres_to_s3_pipeline, task_id=run_pipeline_1, run_id=scheduled__2026-06-08T05:50:00+00:00, execution_date=20260608T055000, start_date=20260608T055752, end_date=20260608T055803
[2026-06-08T05:58:03.396+0000] {local_task_job_runner.py:240} INFO - Task exited with return code 0
[2026-06-08T05:58:03.422+0000] {taskinstance.py:3498} INFO - 0 downstream tasks scheduled from follow-on schedule check
[2026-06-08T05:58:03.425+0000] {local_task_job_runner.py:222} INFO - ::endgroup::
