[2026-06-08T05:57:51.240+0000] {local_task_job_runner.py:120} INFO - ::group::Pre task execution logs
[2026-06-08T05:57:51.277+0000] {taskinstance.py:2076} INFO - Dependencies all met for dep_context=non-requeueable deps ti=<TaskInstance: postgres_to_local_pipeline.run_pipeline_2 scheduled__2026-06-08T05:50:00+00:00 [queued]>
[2026-06-08T05:57:51.291+0000] {taskinstance.py:2076} INFO - Dependencies all met for dep_context=requeueable deps ti=<TaskInstance: postgres_to_local_pipeline.run_pipeline_2 scheduled__2026-06-08T05:50:00+00:00 [queued]>
[2026-06-08T05:57:51.292+0000] {taskinstance.py:2306} INFO - Starting attempt 1 of 2
[2026-06-08T05:57:51.311+0000] {taskinstance.py:2330} INFO - Executing <Task(BashOperator): run_pipeline_2> on 2026-06-08 05:50:00+00:00
[2026-06-08T05:57:51.319+0000] {standard_task_runner.py:90} INFO - Running: ['***', 'tasks', 'run', 'postgres_to_local_pipeline', 'run_pipeline_2', 'scheduled__2026-06-08T05:50:00+00:00', '--job-id', '313', '--raw', '--subdir', 'DAGS_FOLDER/dynamic_pipeline_generator.py', '--cfg-path', '/tmp/tmp1mlv3d7w']
[2026-06-08T05:57:51.323+0000] {logging_mixin.py:188} WARNING - /home/***/.local/lib/python3.12/site-packages/***/task/task_runner/standard_task_runner.py:61 DeprecationWarning: This process (pid=208) is multi-threaded, use of fork() may lead to deadlocks in the child.
[2026-06-08T05:57:51.325+0000] {standard_task_runner.py:91} INFO - Job 313: Subtask run_pipeline_2
[2026-06-08T05:57:51.326+0000] {standard_task_runner.py:63} INFO - Started process 230 to run task
[2026-06-08T05:57:51.400+0000] {task_command.py:426} INFO - Running <TaskInstance: postgres_to_local_pipeline.run_pipeline_2 scheduled__2026-06-08T05:50:00+00:00 [running]> on host 450cdec9e3e5
[2026-06-08T05:57:51.507+0000] {taskinstance.py:2648} INFO - Exporting env vars: AIRFLOW_CTX_DAG_OWNER='subashri' AIRFLOW_CTX_DAG_ID='postgres_to_local_pipeline' AIRFLOW_CTX_TASK_ID='run_pipeline_2' AIRFLOW_CTX_EXECUTION_DATE='2026-06-08T05:50:00+00:00' AIRFLOW_CTX_TRY_NUMBER='1' AIRFLOW_CTX_DAG_RUN_ID='scheduled__2026-06-08T05:50:00+00:00'
[2026-06-08T05:57:51.509+0000] {taskinstance.py:430} INFO - ::endgroup::
[2026-06-08T05:57:51.528+0000] {subprocess.py:63} INFO - Tmp dir root location: /tmp
[2026-06-08T05:57:51.529+0000] {subprocess.py:75} INFO - Running command: ['/usr/bin/bash', '-c', 'cd /opt/***/src && python main.py 2']
[2026-06-08T05:57:51.540+0000] {subprocess.py:86} INFO - Output:
[2026-06-08T05:58:00.458+0000] {subprocess.py:93} INFO - 
[2026-06-08T05:58:00.459+0000] {subprocess.py:93} INFO - ===================================
[2026-06-08T05:58:00.459+0000] {subprocess.py:93} INFO - DATABASE CONNECTION CONFIG
[2026-06-08T05:58:00.460+0000] {subprocess.py:93} INFO - ===================================
[2026-06-08T05:58:00.460+0000] {subprocess.py:93} INFO - DB TYPE   : postgres
[2026-06-08T05:58:00.461+0000] {subprocess.py:93} INFO - HOST      : 3.107.8.33
[2026-06-08T05:58:00.461+0000] {subprocess.py:93} INFO - PORT      : 5432
[2026-06-08T05:58:00.462+0000] {subprocess.py:93} INFO - DATABASE  : metadata_db
[2026-06-08T05:58:00.462+0000] {subprocess.py:93} INFO - USERNAME  : teamuser
[2026-06-08T05:58:00.463+0000] {subprocess.py:93} INFO - ===================================
[2026-06-08T05:58:00.463+0000] {subprocess.py:93} INFO - 
[2026-06-08T05:58:00.463+0000] {subprocess.py:93} INFO - Connected to POSTGRES successfully.
[2026-06-08T05:58:00.464+0000] {subprocess.py:93} INFO - 
[2026-06-08T05:58:00.464+0000] {subprocess.py:93} INFO - Running pipeline: postgres_to_local_pipeline (db_to_storage)
[2026-06-08T05:58:00.465+0000] {subprocess.py:93} INFO - 
[2026-06-08T05:58:00.465+0000] {subprocess.py:93} INFO - ===================================
[2026-06-08T05:58:00.466+0000] {subprocess.py:93} INFO - DATABASE CONNECTION CONFIG
[2026-06-08T05:58:00.466+0000] {subprocess.py:93} INFO - ===================================
[2026-06-08T05:58:00.467+0000] {subprocess.py:93} INFO - DB TYPE   : postgres
[2026-06-08T05:58:00.467+0000] {subprocess.py:93} INFO - HOST      : 3.107.8.33
[2026-06-08T05:58:00.468+0000] {subprocess.py:93} INFO - PORT      : 5432
[2026-06-08T05:58:00.468+0000] {subprocess.py:93} INFO - DATABASE  : udifdb
[2026-06-08T05:58:00.469+0000] {subprocess.py:93} INFO - USERNAME  : teamuser
[2026-06-08T05:58:00.469+0000] {subprocess.py:93} INFO - ===================================
[2026-06-08T05:58:00.470+0000] {subprocess.py:93} INFO - 
[2026-06-08T05:58:00.471+0000] {subprocess.py:93} INFO - Connected to POSTGRES successfully.
[2026-06-08T05:58:00.471+0000] {subprocess.py:93} INFO - Completed: 4653 rows processed
[2026-06-08T05:58:00.622+0000] {subprocess.py:97} INFO - Command exited with return code 0
[2026-06-08T05:58:00.623+0000] {taskinstance.py:441} INFO - ::group::Post task execution logs
[2026-06-08T05:58:00.652+0000] {taskinstance.py:1206} INFO - Marking task as SUCCESS. dag_id=postgres_to_local_pipeline, task_id=run_pipeline_2, run_id=scheduled__2026-06-08T05:50:00+00:00, execution_date=20260608T055000, start_date=20260608T055751, end_date=20260608T055800
[2026-06-08T05:58:00.684+0000] {local_task_job_runner.py:240} INFO - Task exited with return code 0
[2026-06-08T05:58:00.697+0000] {taskinstance.py:3498} INFO - 0 downstream tasks scheduled from follow-on schedule check
[2026-06-08T05:58:00.700+0000] {local_task_job_runner.py:222} INFO - ::endgroup::
