[2026-06-02T06:09:50.635+0000] {local_task_job_runner.py:120} INFO - ::group::Pre task execution logs
[2026-06-02T06:09:50.687+0000] {taskinstance.py:2076} INFO - Dependencies all met for dep_context=non-requeueable deps ti=<TaskInstance: dynamic_metadata_pipeline.run_pipeline_5 manual__2026-06-02T06:09:48.055280+00:00 [queued]>
[2026-06-02T06:09:50.703+0000] {taskinstance.py:2076} INFO - Dependencies all met for dep_context=requeueable deps ti=<TaskInstance: dynamic_metadata_pipeline.run_pipeline_5 manual__2026-06-02T06:09:48.055280+00:00 [queued]>
[2026-06-02T06:09:50.705+0000] {taskinstance.py:2306} INFO - Starting attempt 1 of 2
[2026-06-02T06:09:50.732+0000] {taskinstance.py:2330} INFO - Executing <Task(BashOperator): run_pipeline_5> on 2026-06-02 06:09:48.055280+00:00
[2026-06-02T06:09:50.742+0000] {standard_task_runner.py:90} INFO - Running: ['***', 'tasks', 'run', 'dynamic_metadata_pipeline', 'run_pipeline_5', 'manual__2026-06-02T06:09:48.055280+00:00', '--job-id', '112', '--raw', '--subdir', 'DAGS_FOLDER/dynamic_pipeline_dag.py', '--cfg-path', '/tmp/tmp3lcuelg7']
[2026-06-02T06:09:50.751+0000] {standard_task_runner.py:91} INFO - Job 112: Subtask run_pipeline_5
[2026-06-02T06:09:50.754+0000] {logging_mixin.py:188} WARNING - /home/***/.local/lib/python3.12/site-packages/***/task/task_runner/standard_task_runner.py:61 DeprecationWarning: This process (pid=695) is multi-threaded, use of fork() may lead to deadlocks in the child.
[2026-06-02T06:09:50.759+0000] {standard_task_runner.py:63} INFO - Started process 704 to run task
[2026-06-02T06:09:50.870+0000] {task_command.py:426} INFO - Running <TaskInstance: dynamic_metadata_pipeline.run_pipeline_5 manual__2026-06-02T06:09:48.055280+00:00 [running]> on host ed8eb290981b
[2026-06-02T06:09:50.995+0000] {taskinstance.py:2648} INFO - Exporting env vars: AIRFLOW_CTX_DAG_OWNER='subashri' AIRFLOW_CTX_DAG_ID='dynamic_metadata_pipeline' AIRFLOW_CTX_TASK_ID='run_pipeline_5' AIRFLOW_CTX_EXECUTION_DATE='2026-06-02T06:09:48.055280+00:00' AIRFLOW_CTX_TRY_NUMBER='1' AIRFLOW_CTX_DAG_RUN_ID='manual__2026-06-02T06:09:48.055280+00:00'
[2026-06-02T06:09:50.996+0000] {taskinstance.py:430} INFO - ::endgroup::
[2026-06-02T06:09:51.017+0000] {subprocess.py:63} INFO - Tmp dir root location: /tmp
[2026-06-02T06:09:51.019+0000] {subprocess.py:75} INFO - Running command: ['/usr/bin/bash', '-c', 'cd /opt/***/src && python main.py 5']
[2026-06-02T06:09:51.030+0000] {subprocess.py:86} INFO - Output:
[2026-06-02T06:10:05.410+0000] {subprocess.py:93} INFO - 
[2026-06-02T06:10:05.414+0000] {subprocess.py:93} INFO - ===================================
[2026-06-02T06:10:05.415+0000] {subprocess.py:93} INFO - DATABASE CONNECTION CONFIG
[2026-06-02T06:10:05.416+0000] {subprocess.py:93} INFO - ===================================
[2026-06-02T06:10:05.417+0000] {subprocess.py:93} INFO - DB TYPE   : postgres
[2026-06-02T06:10:05.418+0000] {subprocess.py:93} INFO - HOST      : 3.107.8.33
[2026-06-02T06:10:05.419+0000] {subprocess.py:93} INFO - PORT      : 5432
[2026-06-02T06:10:05.419+0000] {subprocess.py:93} INFO - DATABASE  : metadata_db
[2026-06-02T06:10:05.420+0000] {subprocess.py:93} INFO - USERNAME  : teamuser
[2026-06-02T06:10:05.421+0000] {subprocess.py:93} INFO - ===================================
[2026-06-02T06:10:05.422+0000] {subprocess.py:93} INFO - 
[2026-06-02T06:10:05.423+0000] {subprocess.py:93} INFO - Connected to POSTGRES successfully.
[2026-06-02T06:10:05.424+0000] {subprocess.py:93} INFO - 
[2026-06-02T06:10:05.425+0000] {subprocess.py:93} INFO - Running pipeline: s3_to_postgres_pipeline (storage_to_db)
[2026-06-02T06:10:05.425+0000] {subprocess.py:93} INFO - Loading table: customer_feb (120 rows)
[2026-06-02T06:10:05.426+0000] {subprocess.py:93} INFO - Loading table: customer_jan (100 rows)
[2026-06-02T06:10:05.427+0000] {subprocess.py:93} INFO - Loading table: customer_march (150 rows)
[2026-06-02T06:10:05.429+0000] {subprocess.py:93} INFO - Processed total rows: 370
[2026-06-02T06:10:05.431+0000] {subprocess.py:93} INFO - Completed: 370 rows processed
[2026-06-02T06:10:05.777+0000] {subprocess.py:97} INFO - Command exited with return code 0
[2026-06-02T06:10:05.780+0000] {taskinstance.py:441} INFO - ::group::Post task execution logs
[2026-06-02T06:10:05.826+0000] {taskinstance.py:1206} INFO - Marking task as SUCCESS. dag_id=dynamic_metadata_pipeline, task_id=run_pipeline_5, run_id=manual__2026-06-02T06:09:48.055280+00:00, execution_date=20260602T060948, start_date=20260602T060950, end_date=20260602T061005
[2026-06-02T06:10:05.882+0000] {local_task_job_runner.py:240} INFO - Task exited with return code 0
[2026-06-02T06:10:05.910+0000] {taskinstance.py:3498} INFO - 0 downstream tasks scheduled from follow-on schedule check
[2026-06-02T06:10:05.913+0000] {local_task_job_runner.py:222} INFO - ::endgroup::
