[2026-06-02T06:01:12.343+0000] {local_task_job_runner.py:120} INFO - ::group::Pre task execution logs
[2026-06-02T06:01:12.388+0000] {taskinstance.py:2076} INFO - Dependencies all met for dep_context=non-requeueable deps ti=<TaskInstance: dynamic_metadata_pipeline.run_pipeline_1 manual__2026-06-02T06:01:08.904578+00:00 [queued]>
[2026-06-02T06:01:12.401+0000] {taskinstance.py:2076} INFO - Dependencies all met for dep_context=requeueable deps ti=<TaskInstance: dynamic_metadata_pipeline.run_pipeline_1 manual__2026-06-02T06:01:08.904578+00:00 [queued]>
[2026-06-02T06:01:12.402+0000] {taskinstance.py:2306} INFO - Starting attempt 1 of 2
[2026-06-02T06:01:12.421+0000] {taskinstance.py:2330} INFO - Executing <Task(BashOperator): run_pipeline_1> on 2026-06-02 06:01:08.904578+00:00
[2026-06-02T06:01:12.430+0000] {standard_task_runner.py:90} INFO - Running: ['***', 'tasks', 'run', 'dynamic_metadata_pipeline', 'run_pipeline_1', 'manual__2026-06-02T06:01:08.904578+00:00', '--job-id', '108', '--raw', '--subdir', 'DAGS_FOLDER/dynamic_pipeline_dag.py', '--cfg-path', '/tmp/tmp3uvah4qi']
[2026-06-02T06:01:12.437+0000] {logging_mixin.py:188} WARNING - /home/***/.local/lib/python3.12/site-packages/***/task/task_runner/standard_task_runner.py:61 DeprecationWarning: This process (pid=541) is multi-threaded, use of fork() may lead to deadlocks in the child.
[2026-06-02T06:01:12.438+0000] {standard_task_runner.py:91} INFO - Job 108: Subtask run_pipeline_1
[2026-06-02T06:01:12.438+0000] {standard_task_runner.py:63} INFO - Started process 555 to run task
[2026-06-02T06:01:12.506+0000] {task_command.py:426} INFO - Running <TaskInstance: dynamic_metadata_pipeline.run_pipeline_1 manual__2026-06-02T06:01:08.904578+00:00 [running]> on host ed8eb290981b
[2026-06-02T06:01:12.625+0000] {taskinstance.py:2648} INFO - Exporting env vars: AIRFLOW_CTX_DAG_OWNER='subashri' AIRFLOW_CTX_DAG_ID='dynamic_metadata_pipeline' AIRFLOW_CTX_TASK_ID='run_pipeline_1' AIRFLOW_CTX_EXECUTION_DATE='2026-06-02T06:01:08.904578+00:00' AIRFLOW_CTX_TRY_NUMBER='1' AIRFLOW_CTX_DAG_RUN_ID='manual__2026-06-02T06:01:08.904578+00:00'
[2026-06-02T06:01:12.626+0000] {taskinstance.py:430} INFO - ::endgroup::
[2026-06-02T06:01:12.654+0000] {subprocess.py:63} INFO - Tmp dir root location: /tmp
[2026-06-02T06:01:12.657+0000] {subprocess.py:75} INFO - Running command: ['/usr/bin/bash', '-c', 'cd /opt/***/src && python main.py 1']
[2026-06-02T06:01:12.678+0000] {subprocess.py:86} INFO - Output:
[2026-06-02T06:01:25.154+0000] {subprocess.py:93} INFO - 
[2026-06-02T06:01:25.155+0000] {subprocess.py:93} INFO - ===================================
[2026-06-02T06:01:25.156+0000] {subprocess.py:93} INFO - DATABASE CONNECTION CONFIG
[2026-06-02T06:01:25.158+0000] {subprocess.py:93} INFO - ===================================
[2026-06-02T06:01:25.159+0000] {subprocess.py:93} INFO - DB TYPE   : postgres
[2026-06-02T06:01:25.160+0000] {subprocess.py:93} INFO - HOST      : 3.107.8.33
[2026-06-02T06:01:25.161+0000] {subprocess.py:93} INFO - PORT      : 5432
[2026-06-02T06:01:25.162+0000] {subprocess.py:93} INFO - DATABASE  : metadata_db
[2026-06-02T06:01:25.163+0000] {subprocess.py:93} INFO - USERNAME  : teamuser
[2026-06-02T06:01:25.164+0000] {subprocess.py:93} INFO - ===================================
[2026-06-02T06:01:25.164+0000] {subprocess.py:93} INFO - 
[2026-06-02T06:01:25.165+0000] {subprocess.py:93} INFO - Connected to POSTGRES successfully.
[2026-06-02T06:01:25.166+0000] {subprocess.py:93} INFO - 
[2026-06-02T06:01:25.167+0000] {subprocess.py:93} INFO - Running pipeline: postgres_to_s3_pipeline (db_to_storage)
[2026-06-02T06:01:25.168+0000] {subprocess.py:93} INFO - 
[2026-06-02T06:01:25.169+0000] {subprocess.py:93} INFO - ===================================
[2026-06-02T06:01:25.169+0000] {subprocess.py:93} INFO - DATABASE CONNECTION CONFIG
[2026-06-02T06:01:25.170+0000] {subprocess.py:93} INFO - ===================================
[2026-06-02T06:01:25.171+0000] {subprocess.py:93} INFO - DB TYPE   : postgres
[2026-06-02T06:01:25.172+0000] {subprocess.py:93} INFO - HOST      : 3.107.8.33
[2026-06-02T06:01:25.173+0000] {subprocess.py:93} INFO - PORT      : 5432
[2026-06-02T06:01:25.173+0000] {subprocess.py:93} INFO - DATABASE  : udifdb
[2026-06-02T06:01:25.174+0000] {subprocess.py:93} INFO - USERNAME  : teamuser
[2026-06-02T06:01:25.175+0000] {subprocess.py:93} INFO - ===================================
[2026-06-02T06:01:25.175+0000] {subprocess.py:93} INFO - 
[2026-06-02T06:01:25.176+0000] {subprocess.py:93} INFO - Connected to POSTGRES successfully.
[2026-06-02T06:01:25.177+0000] {subprocess.py:93} INFO - Completed: 4653 rows processed
[2026-06-02T06:01:25.384+0000] {subprocess.py:97} INFO - Command exited with return code 0
[2026-06-02T06:01:25.386+0000] {taskinstance.py:441} INFO - ::group::Post task execution logs
[2026-06-02T06:01:25.410+0000] {taskinstance.py:1206} INFO - Marking task as SUCCESS. dag_id=dynamic_metadata_pipeline, task_id=run_pipeline_1, run_id=manual__2026-06-02T06:01:08.904578+00:00, execution_date=20260602T060108, start_date=20260602T060112, end_date=20260602T060125
[2026-06-02T06:01:25.467+0000] {local_task_job_runner.py:240} INFO - Task exited with return code 0
[2026-06-02T06:01:25.479+0000] {taskinstance.py:3498} INFO - 0 downstream tasks scheduled from follow-on schedule check
[2026-06-02T06:01:25.481+0000] {local_task_job_runner.py:222} INFO - ::endgroup::
