[2026-05-28T10:41:03.707+0000] {local_task_job_runner.py:120} INFO - ::group::Pre task execution logs
[2026-05-28T10:41:03.752+0000] {taskinstance.py:2076} INFO - Dependencies all met for dep_context=non-requeueable deps ti=<TaskInstance: dynamic_metadata_pipeline.run_pipeline_1 manual__2026-05-28T10:35:59.532275+00:00 [queued]>
[2026-05-28T10:41:03.763+0000] {taskinstance.py:2076} INFO - Dependencies all met for dep_context=requeueable deps ti=<TaskInstance: dynamic_metadata_pipeline.run_pipeline_1 manual__2026-05-28T10:35:59.532275+00:00 [queued]>
[2026-05-28T10:41:03.768+0000] {taskinstance.py:2306} INFO - Starting attempt 2 of 2
[2026-05-28T10:41:03.783+0000] {taskinstance.py:2330} INFO - Executing <Task(BashOperator): run_pipeline_1> on 2026-05-28 10:35:59.532275+00:00
[2026-05-28T10:41:03.791+0000] {standard_task_runner.py:90} INFO - Running: ['***', 'tasks', 'run', 'dynamic_metadata_pipeline', 'run_pipeline_1', 'manual__2026-05-28T10:35:59.532275+00:00', '--job-id', '16', '--raw', '--subdir', 'DAGS_FOLDER/dynamic_pipeline_dag.py', '--cfg-path', '/tmp/tmpxtaylhcf']
[2026-05-28T10:41:03.794+0000] {logging_mixin.py:188} WARNING - /home/***/.local/lib/python3.12/site-packages/***/task/task_runner/standard_task_runner.py:61 DeprecationWarning: This process (pid=231) is multi-threaded, use of fork() may lead to deadlocks in the child.
[2026-05-28T10:41:03.795+0000] {standard_task_runner.py:91} INFO - Job 16: Subtask run_pipeline_1
[2026-05-28T10:41:03.795+0000] {standard_task_runner.py:63} INFO - Started process 232 to run task
[2026-05-28T10:41:03.851+0000] {task_command.py:426} INFO - Running <TaskInstance: dynamic_metadata_pipeline.run_pipeline_1 manual__2026-05-28T10:35:59.532275+00:00 [running]> on host 8a92437a7f72
[2026-05-28T10:41:03.954+0000] {taskinstance.py:2648} INFO - Exporting env vars: AIRFLOW_CTX_DAG_OWNER='subashri' AIRFLOW_CTX_DAG_ID='dynamic_metadata_pipeline' AIRFLOW_CTX_TASK_ID='run_pipeline_1' AIRFLOW_CTX_EXECUTION_DATE='2026-05-28T10:35:59.532275+00:00' AIRFLOW_CTX_TRY_NUMBER='2' AIRFLOW_CTX_DAG_RUN_ID='manual__2026-05-28T10:35:59.532275+00:00'
[2026-05-28T10:41:03.956+0000] {taskinstance.py:430} INFO - ::endgroup::
[2026-05-28T10:41:03.980+0000] {subprocess.py:63} INFO - Tmp dir root location: /tmp
[2026-05-28T10:41:03.982+0000] {subprocess.py:75} INFO - Running command: ['/usr/bin/bash', '-c', 'cd /opt/***/src && python main.py 1']
[2026-05-28T10:41:03.991+0000] {subprocess.py:86} INFO - Output:
[2026-05-28T10:41:05.249+0000] {subprocess.py:93} INFO - Traceback (most recent call last):
[2026-05-28T10:41:05.250+0000] {subprocess.py:93} INFO -   File "/opt/***/src/main.py", line 4, in <module>
[2026-05-28T10:41:05.254+0000] {subprocess.py:93} INFO -     from pipeline_executor import run_pipeline
[2026-05-28T10:41:05.254+0000] {subprocess.py:93} INFO -   File "/opt/***/src/pipeline_executor.py", line 6, in <module>
[2026-05-28T10:41:05.257+0000] {subprocess.py:93} INFO -     from reader import read_input
[2026-05-28T10:41:05.258+0000] {subprocess.py:93} INFO -   File "/opt/***/src/reader.py", line 12, in <module>
[2026-05-28T10:41:05.261+0000] {subprocess.py:93} INFO -     from parser_adapter import (
[2026-05-28T10:41:05.262+0000] {subprocess.py:93} INFO -   File "/opt/***/src/parser_adapter.py", line 4, in <module>
[2026-05-28T10:41:05.265+0000] {subprocess.py:93} INFO -     from parsers.parser_factory import get_parser
[2026-05-28T10:41:05.266+0000] {subprocess.py:93} INFO -   File "/opt/***/src/parsers/parser_factory.py", line 5, in <module>
[2026-05-28T10:41:05.268+0000] {subprocess.py:93} INFO -     from parsers.png_parser import parse_png
[2026-05-28T10:41:05.269+0000] {subprocess.py:93} INFO -   File "/opt/***/src/parsers/png_parser.py", line 1, in <module>
[2026-05-28T10:41:05.271+0000] {subprocess.py:93} INFO -     import easyocr
[2026-05-28T10:41:05.271+0000] {subprocess.py:93} INFO - ModuleNotFoundError: No module named 'easyocr'
[2026-05-28T10:41:05.443+0000] {subprocess.py:97} INFO - Command exited with return code 1
[2026-05-28T10:41:05.445+0000] {taskinstance.py:441} INFO - ::group::Post task execution logs
[2026-05-28T10:41:05.457+0000] {taskinstance.py:2905} ERROR - Task failed with exception
Traceback (most recent call last):
  File "/home/airflow/.local/lib/python3.12/site-packages/airflow/models/taskinstance.py", line 465, in _execute_task
    result = _execute_callable(context=context, **execute_callable_kwargs)
             ^^^^^^^^^^^^^^^^^^^^^^^^^^^^^^^^^^^^^^^^^^^^^^^^^^^^^^^^^^^^^
  File "/home/airflow/.local/lib/python3.12/site-packages/airflow/models/taskinstance.py", line 432, in _execute_callable
    return execute_callable(context=context, **execute_callable_kwargs)
           ^^^^^^^^^^^^^^^^^^^^^^^^^^^^^^^^^^^^^^^^^^^^^^^^^^^^^^^^^^^^
  File "/home/airflow/.local/lib/python3.12/site-packages/airflow/models/baseoperator.py", line 400, in wrapper
    return func(self, *args, **kwargs)
           ^^^^^^^^^^^^^^^^^^^^^^^^^^^
  File "/home/airflow/.local/lib/python3.12/site-packages/airflow/operators/bash.py", line 243, in execute
    raise AirflowException(
airflow.exceptions.AirflowException: Bash command failed. The command returned a non-zero exit code 1.
[2026-05-28T10:41:05.462+0000] {taskinstance.py:1206} INFO - Marking task as FAILED. dag_id=dynamic_metadata_pipeline, task_id=run_pipeline_1, run_id=manual__2026-05-28T10:35:59.532275+00:00, execution_date=20260528T103559, start_date=20260528T104103, end_date=20260528T104105
[2026-05-28T10:41:05.482+0000] {standard_task_runner.py:110} ERROR - Failed to execute job 16 for task run_pipeline_1 (Bash command failed. The command returned a non-zero exit code 1.; 232)
[2026-05-28T10:41:05.496+0000] {local_task_job_runner.py:240} INFO - Task exited with return code 1
[2026-05-28T10:41:05.518+0000] {taskinstance.py:3498} INFO - 0 downstream tasks scheduled from follow-on schedule check
[2026-05-28T10:41:05.522+0000] {local_task_job_runner.py:222} INFO - ::endgroup::
