[2026-06-01T09:33:18.606+0000] {local_task_job_runner.py:120} INFO - ::group::Pre task execution logs
[2026-06-01T09:33:18.651+0000] {taskinstance.py:2076} INFO - Dependencies all met for dep_context=non-requeueable deps ti=<TaskInstance: dynamic_metadata_pipeline.run_pipeline_1 scheduled__2026-06-01T09:25:00+00:00 [queued]>
[2026-06-01T09:33:18.663+0000] {taskinstance.py:2076} INFO - Dependencies all met for dep_context=requeueable deps ti=<TaskInstance: dynamic_metadata_pipeline.run_pipeline_1 scheduled__2026-06-01T09:25:00+00:00 [queued]>
[2026-06-01T09:33:18.664+0000] {taskinstance.py:2306} INFO - Starting attempt 1 of 2
[2026-06-01T09:33:18.680+0000] {taskinstance.py:2330} INFO - Executing <Task(BashOperator): run_pipeline_1> on 2026-06-01 09:25:00+00:00
[2026-06-01T09:33:18.689+0000] {standard_task_runner.py:90} INFO - Running: ['***', 'tasks', 'run', 'dynamic_metadata_pipeline', 'run_pipeline_1', 'scheduled__2026-06-01T09:25:00+00:00', '--job-id', '93', '--raw', '--subdir', 'DAGS_FOLDER/dynamic_pipeline_dag.py', '--cfg-path', '/tmp/tmpwgvgw3dj']
[2026-06-01T09:33:18.690+0000] {logging_mixin.py:188} WARNING - /home/***/.local/lib/python3.12/site-packages/***/task/task_runner/standard_task_runner.py:61 DeprecationWarning: This process (pid=1755) is multi-threaded, use of fork() may lead to deadlocks in the child.
[2026-06-01T09:33:18.691+0000] {standard_task_runner.py:91} INFO - Job 93: Subtask run_pipeline_1
[2026-06-01T09:33:18.691+0000] {standard_task_runner.py:63} INFO - Started process 1764 to run task
[2026-06-01T09:33:18.752+0000] {task_command.py:426} INFO - Running <TaskInstance: dynamic_metadata_pipeline.run_pipeline_1 scheduled__2026-06-01T09:25:00+00:00 [running]> on host 1103cbeaed03
[2026-06-01T09:33:18.855+0000] {taskinstance.py:2648} INFO - Exporting env vars: AIRFLOW_CTX_DAG_OWNER='subashri' AIRFLOW_CTX_DAG_ID='dynamic_metadata_pipeline' AIRFLOW_CTX_TASK_ID='run_pipeline_1' AIRFLOW_CTX_EXECUTION_DATE='2026-06-01T09:25:00+00:00' AIRFLOW_CTX_TRY_NUMBER='1' AIRFLOW_CTX_DAG_RUN_ID='scheduled__2026-06-01T09:25:00+00:00'
[2026-06-01T09:33:18.856+0000] {taskinstance.py:430} INFO - ::endgroup::
[2026-06-01T09:33:18.879+0000] {subprocess.py:63} INFO - Tmp dir root location: /tmp
[2026-06-01T09:33:18.880+0000] {subprocess.py:75} INFO - Running command: ['/usr/bin/bash', '-c', 'cd /opt/***/src && python main.py 1']
[2026-06-01T09:33:18.891+0000] {subprocess.py:86} INFO - Output:
[2026-06-01T09:33:28.464+0000] {subprocess.py:93} INFO - 
[2026-06-01T09:33:28.465+0000] {subprocess.py:93} INFO - ===================================
[2026-06-01T09:33:28.465+0000] {subprocess.py:93} INFO - DATABASE CONNECTION CONFIG
[2026-06-01T09:33:28.466+0000] {subprocess.py:93} INFO - ===================================
[2026-06-01T09:33:28.466+0000] {subprocess.py:93} INFO - DB TYPE   : postgres
[2026-06-01T09:33:28.467+0000] {subprocess.py:93} INFO - HOST      : 3.107.8.33
[2026-06-01T09:33:28.467+0000] {subprocess.py:93} INFO - PORT      : 5432
[2026-06-01T09:33:28.467+0000] {subprocess.py:93} INFO - DATABASE  : metadata_db
[2026-06-01T09:33:28.468+0000] {subprocess.py:93} INFO - USERNAME  : teamuser
[2026-06-01T09:33:28.468+0000] {subprocess.py:93} INFO - ===================================
[2026-06-01T09:33:28.468+0000] {subprocess.py:93} INFO - 
[2026-06-01T09:33:28.469+0000] {subprocess.py:93} INFO - Connected to POSTGRES successfully.
[2026-06-01T09:33:28.469+0000] {subprocess.py:93} INFO - 
[2026-06-01T09:33:28.469+0000] {subprocess.py:93} INFO - Running pipeline: postgres_to_s3_pipeline (db_to_storage)
[2026-06-01T09:33:28.470+0000] {subprocess.py:93} INFO - 
[2026-06-01T09:33:28.470+0000] {subprocess.py:93} INFO - ===================================
[2026-06-01T09:33:28.470+0000] {subprocess.py:93} INFO - DATABASE CONNECTION CONFIG
[2026-06-01T09:33:28.471+0000] {subprocess.py:93} INFO - ===================================
[2026-06-01T09:33:28.471+0000] {subprocess.py:93} INFO - DB TYPE   : postgres
[2026-06-01T09:33:28.472+0000] {subprocess.py:93} INFO - HOST      : 3.107.8.33
[2026-06-01T09:33:28.472+0000] {subprocess.py:93} INFO - PORT      : 5432
[2026-06-01T09:33:28.472+0000] {subprocess.py:93} INFO - DATABASE  : udifdb
[2026-06-01T09:33:28.473+0000] {subprocess.py:93} INFO - USERNAME  : teamuser
[2026-06-01T09:33:28.473+0000] {subprocess.py:93} INFO - ===================================
[2026-06-01T09:33:28.474+0000] {subprocess.py:93} INFO - 
[2026-06-01T09:33:28.474+0000] {subprocess.py:93} INFO - Connected to POSTGRES successfully.
[2026-06-01T09:33:28.475+0000] {subprocess.py:93} INFO - Completed: 4653 rows processed
[2026-06-01T09:33:28.655+0000] {subprocess.py:97} INFO - Command exited with return code 0
[2026-06-01T09:33:28.656+0000] {taskinstance.py:441} INFO - ::group::Post task execution logs
[2026-06-01T09:33:28.677+0000] {taskinstance.py:1206} INFO - Marking task as SUCCESS. dag_id=dynamic_metadata_pipeline, task_id=run_pipeline_1, run_id=scheduled__2026-06-01T09:25:00+00:00, execution_date=20260601T092500, start_date=20260601T093318, end_date=20260601T093328
[2026-06-01T09:33:28.722+0000] {local_task_job_runner.py:240} INFO - Task exited with return code 0
[2026-06-01T09:33:28.736+0000] {taskinstance.py:3498} INFO - 0 downstream tasks scheduled from follow-on schedule check
[2026-06-01T09:33:28.739+0000] {local_task_job_runner.py:222} INFO - ::endgroup::
