[2026-06-02T06:09:50.641+0000] {local_task_job_runner.py:120} INFO - ::group::Pre task execution logs
[2026-06-02T06:09:50.690+0000] {taskinstance.py:2076} INFO - Dependencies all met for dep_context=non-requeueable deps ti=<TaskInstance: dynamic_metadata_pipeline.run_pipeline_4 manual__2026-06-02T06:09:48.055280+00:00 [queued]>
[2026-06-02T06:09:50.706+0000] {taskinstance.py:2076} INFO - Dependencies all met for dep_context=requeueable deps ti=<TaskInstance: dynamic_metadata_pipeline.run_pipeline_4 manual__2026-06-02T06:09:48.055280+00:00 [queued]>
[2026-06-02T06:09:50.707+0000] {taskinstance.py:2306} INFO - Starting attempt 1 of 2
[2026-06-02T06:09:50.740+0000] {taskinstance.py:2330} INFO - Executing <Task(BashOperator): run_pipeline_4> on 2026-06-02 06:09:48.055280+00:00
[2026-06-02T06:09:50.763+0000] {standard_task_runner.py:90} INFO - Running: ['***', 'tasks', 'run', 'dynamic_metadata_pipeline', 'run_pipeline_4', 'manual__2026-06-02T06:09:48.055280+00:00', '--job-id', '114', '--raw', '--subdir', 'DAGS_FOLDER/dynamic_pipeline_dag.py', '--cfg-path', '/tmp/tmpcghzamw1']
[2026-06-02T06:09:50.771+0000] {standard_task_runner.py:91} INFO - Job 114: Subtask run_pipeline_4
[2026-06-02T06:09:50.773+0000] {logging_mixin.py:188} WARNING - /home/***/.local/lib/python3.12/site-packages/***/task/task_runner/standard_task_runner.py:61 DeprecationWarning: This process (pid=696) is multi-threaded, use of fork() may lead to deadlocks in the child.
[2026-06-02T06:09:50.776+0000] {standard_task_runner.py:63} INFO - Started process 712 to run task
[2026-06-02T06:09:50.853+0000] {task_command.py:426} INFO - Running <TaskInstance: dynamic_metadata_pipeline.run_pipeline_4 manual__2026-06-02T06:09:48.055280+00:00 [running]> on host ed8eb290981b
[2026-06-02T06:09:50.982+0000] {taskinstance.py:2648} INFO - Exporting env vars: AIRFLOW_CTX_DAG_OWNER='subashri' AIRFLOW_CTX_DAG_ID='dynamic_metadata_pipeline' AIRFLOW_CTX_TASK_ID='run_pipeline_4' AIRFLOW_CTX_EXECUTION_DATE='2026-06-02T06:09:48.055280+00:00' AIRFLOW_CTX_TRY_NUMBER='1' AIRFLOW_CTX_DAG_RUN_ID='manual__2026-06-02T06:09:48.055280+00:00'
[2026-06-02T06:09:50.983+0000] {taskinstance.py:430} INFO - ::endgroup::
[2026-06-02T06:09:51.009+0000] {subprocess.py:63} INFO - Tmp dir root location: /tmp
[2026-06-02T06:09:51.011+0000] {subprocess.py:75} INFO - Running command: ['/usr/bin/bash', '-c', 'cd /opt/***/src && python main.py 4']
[2026-06-02T06:09:51.021+0000] {subprocess.py:86} INFO - Output:
[2026-06-02T06:10:00.032+0000] {subprocess.py:93} INFO - Using CPU. Note: This module is much faster with a GPU.
[2026-06-02T06:10:17.762+0000] {subprocess.py:93} INFO - /home/***/.local/lib/python3.12/site-packages/torch/utils/data/dataloader.py:752: UserWarning: 'pin_memory' argument is set as true but no accelerator is found, then device pinned memory won't be used.
[2026-06-02T06:10:17.763+0000] {subprocess.py:93} INFO -   super().__init__(loader)
[2026-06-02T06:11:00.581+0000] {subprocess.py:93} INFO - 
[2026-06-02T06:11:00.583+0000] {subprocess.py:93} INFO - ===================================
[2026-06-02T06:11:00.584+0000] {subprocess.py:93} INFO - DATABASE CONNECTION CONFIG
[2026-06-02T06:11:00.585+0000] {subprocess.py:93} INFO - ===================================
[2026-06-02T06:11:00.586+0000] {subprocess.py:93} INFO - DB TYPE   : postgres
[2026-06-02T06:11:00.586+0000] {subprocess.py:93} INFO - HOST      : 3.107.8.33
[2026-06-02T06:11:00.587+0000] {subprocess.py:93} INFO - PORT      : 5432
[2026-06-02T06:11:00.588+0000] {subprocess.py:93} INFO - DATABASE  : metadata_db
[2026-06-02T06:11:00.589+0000] {subprocess.py:93} INFO - USERNAME  : teamuser
[2026-06-02T06:11:00.590+0000] {subprocess.py:93} INFO - ===================================
[2026-06-02T06:11:00.590+0000] {subprocess.py:93} INFO - 
[2026-06-02T06:11:00.591+0000] {subprocess.py:93} INFO - Connected to POSTGRES successfully.
[2026-06-02T06:11:00.591+0000] {subprocess.py:93} INFO - 
[2026-06-02T06:11:00.592+0000] {subprocess.py:93} INFO - Running pipeline: local_to_postgres_pipeline (storage_to_db)
[2026-06-02T06:11:00.593+0000] {subprocess.py:93} INFO - Loading table: customer (2 rows)
[2026-06-02T06:11:00.593+0000] {subprocess.py:93} INFO - Loading table: data pic1 (91 rows)
[2026-06-02T06:11:00.594+0000] {subprocess.py:93} INFO - Loading table: employee (20 rows)
[2026-06-02T06:11:00.595+0000] {subprocess.py:93} INFO - Loading table: employee_data (100 rows)
[2026-06-02T06:11:00.595+0000] {subprocess.py:93} INFO - Loading table: sample (2 rows)
[2026-06-02T06:11:00.596+0000] {subprocess.py:93} INFO - Loading table: word (12 rows)
[2026-06-02T06:11:00.597+0000] {subprocess.py:93} INFO - Processed total rows: 227
[2026-06-02T06:11:00.597+0000] {subprocess.py:93} INFO - Completed: 227 rows processed
[2026-06-02T06:11:01.738+0000] {subprocess.py:97} INFO - Command exited with return code 0
[2026-06-02T06:11:01.740+0000] {taskinstance.py:441} INFO - ::group::Post task execution logs
[2026-06-02T06:11:01.785+0000] {taskinstance.py:1206} INFO - Marking task as SUCCESS. dag_id=dynamic_metadata_pipeline, task_id=run_pipeline_4, run_id=manual__2026-06-02T06:09:48.055280+00:00, execution_date=20260602T060948, start_date=20260602T060950, end_date=20260602T061101
[2026-06-02T06:11:01.857+0000] {local_task_job_runner.py:240} INFO - Task exited with return code 0
[2026-06-02T06:11:01.914+0000] {taskinstance.py:3498} INFO - 0 downstream tasks scheduled from follow-on schedule check
[2026-06-02T06:11:01.932+0000] {local_task_job_runner.py:222} INFO - ::endgroup::
