[2026-06-01T05:59:57.905+0000] {local_task_job_runner.py:120} INFO - ::group::Pre task execution logs
[2026-06-01T05:59:58.010+0000] {taskinstance.py:2076} INFO - Dependencies all met for dep_context=non-requeueable deps ti=<TaskInstance: dynamic_metadata_pipeline.run_pipeline_1 manual__2026-06-01T05:59:56.195993+00:00 [queued]>
[2026-06-01T05:59:58.031+0000] {taskinstance.py:2076} INFO - Dependencies all met for dep_context=requeueable deps ti=<TaskInstance: dynamic_metadata_pipeline.run_pipeline_1 manual__2026-06-01T05:59:56.195993+00:00 [queued]>
[2026-06-01T05:59:58.032+0000] {taskinstance.py:2306} INFO - Starting attempt 1 of 2
[2026-06-01T05:59:58.068+0000] {taskinstance.py:2330} INFO - Executing <Task(BashOperator): run_pipeline_1> on 2026-06-01 05:59:56.195993+00:00
[2026-06-01T05:59:58.075+0000] {standard_task_runner.py:90} INFO - Running: ['***', 'tasks', 'run', 'dynamic_metadata_pipeline', 'run_pipeline_1', 'manual__2026-06-01T05:59:56.195993+00:00', '--job-id', '66', '--raw', '--subdir', 'DAGS_FOLDER/dynamic_pipeline_dag.py', '--cfg-path', '/tmp/tmp3c__nxjz']
[2026-06-01T05:59:58.079+0000] {standard_task_runner.py:91} INFO - Job 66: Subtask run_pipeline_1
[2026-06-01T05:59:58.083+0000] {logging_mixin.py:188} WARNING - /home/***/.local/lib/python3.12/site-packages/***/task/task_runner/standard_task_runner.py:61 DeprecationWarning: This process (pid=1209) is multi-threaded, use of fork() may lead to deadlocks in the child.
[2026-06-01T05:59:58.084+0000] {standard_task_runner.py:63} INFO - Started process 1213 to run task
[2026-06-01T05:59:58.152+0000] {task_command.py:426} INFO - Running <TaskInstance: dynamic_metadata_pipeline.run_pipeline_1 manual__2026-06-01T05:59:56.195993+00:00 [running]> on host 6178acb76379
[2026-06-01T05:59:58.326+0000] {taskinstance.py:2648} INFO - Exporting env vars: AIRFLOW_CTX_DAG_OWNER='subashri' AIRFLOW_CTX_DAG_ID='dynamic_metadata_pipeline' AIRFLOW_CTX_TASK_ID='run_pipeline_1' AIRFLOW_CTX_EXECUTION_DATE='2026-06-01T05:59:56.195993+00:00' AIRFLOW_CTX_TRY_NUMBER='1' AIRFLOW_CTX_DAG_RUN_ID='manual__2026-06-01T05:59:56.195993+00:00'
[2026-06-01T05:59:58.327+0000] {taskinstance.py:430} INFO - ::endgroup::
[2026-06-01T05:59:58.372+0000] {subprocess.py:63} INFO - Tmp dir root location: /tmp
[2026-06-01T05:59:58.377+0000] {subprocess.py:75} INFO - Running command: ['/usr/bin/bash', '-c', 'cd /opt/***/src && python main.py 1']
[2026-06-01T05:59:58.397+0000] {subprocess.py:86} INFO - Output:
[2026-06-01T06:00:07.862+0000] {subprocess.py:93} INFO - Using CPU. Note: This module is much faster with a GPU.
[2026-06-01T06:00:19.894+0000] {subprocess.py:93} INFO - 
[2026-06-01T06:00:19.908+0000] {subprocess.py:93} INFO - ===================================
[2026-06-01T06:00:19.915+0000] {subprocess.py:93} INFO - DATABASE CONNECTION CONFIG
[2026-06-01T06:00:19.923+0000] {subprocess.py:93} INFO - ===================================
[2026-06-01T06:00:19.929+0000] {subprocess.py:93} INFO - DB TYPE   : postgres
[2026-06-01T06:00:19.934+0000] {subprocess.py:93} INFO - HOST      : 3.107.8.33
[2026-06-01T06:00:19.943+0000] {subprocess.py:93} INFO - PORT      : 5432
[2026-06-01T06:00:19.948+0000] {subprocess.py:93} INFO - DATABASE  : metadata_db
[2026-06-01T06:00:19.955+0000] {subprocess.py:93} INFO - USERNAME  : teamuser
[2026-06-01T06:00:19.961+0000] {subprocess.py:93} INFO - ===================================
[2026-06-01T06:00:19.967+0000] {subprocess.py:93} INFO - 
[2026-06-01T06:00:19.977+0000] {subprocess.py:93} INFO - Connected to POSTGRES successfully.
[2026-06-01T06:00:19.983+0000] {subprocess.py:93} INFO - 
[2026-06-01T06:00:19.991+0000] {subprocess.py:93} INFO - Running pipeline: postgres_to_s3_pipeline (db_to_storage)
[2026-06-01T06:00:20.000+0000] {subprocess.py:93} INFO - 
[2026-06-01T06:00:20.007+0000] {subprocess.py:93} INFO - ===================================
[2026-06-01T06:00:20.017+0000] {subprocess.py:93} INFO - DATABASE CONNECTION CONFIG
[2026-06-01T06:00:20.022+0000] {subprocess.py:93} INFO - ===================================
[2026-06-01T06:00:20.048+0000] {subprocess.py:93} INFO - DB TYPE   : postgres
[2026-06-01T06:00:20.056+0000] {subprocess.py:93} INFO - HOST      : 3.107.8.33
[2026-06-01T06:00:20.073+0000] {subprocess.py:93} INFO - PORT      : 5432
[2026-06-01T06:00:20.080+0000] {subprocess.py:93} INFO - DATABASE  : udifdb
[2026-06-01T06:00:20.095+0000] {subprocess.py:93} INFO - USERNAME  : teamuser
[2026-06-01T06:00:20.103+0000] {subprocess.py:93} INFO - ===================================
[2026-06-01T06:00:20.111+0000] {subprocess.py:93} INFO - 
[2026-06-01T06:00:20.117+0000] {subprocess.py:93} INFO - Connected to POSTGRES successfully.
[2026-06-01T06:00:20.130+0000] {subprocess.py:93} INFO - Completed: 4653 rows processed
[2026-06-01T06:00:21.883+0000] {subprocess.py:97} INFO - Command exited with return code 0
[2026-06-01T06:00:21.885+0000] {taskinstance.py:441} INFO - ::group::Post task execution logs
[2026-06-01T06:00:21.940+0000] {taskinstance.py:1206} INFO - Marking task as SUCCESS. dag_id=dynamic_metadata_pipeline, task_id=run_pipeline_1, run_id=manual__2026-06-01T05:59:56.195993+00:00, execution_date=20260601T055956, start_date=20260601T055958, end_date=20260601T060021
[2026-06-01T06:00:21.975+0000] {local_task_job_runner.py:240} INFO - Task exited with return code 0
[2026-06-01T06:00:21.997+0000] {taskinstance.py:3498} INFO - 0 downstream tasks scheduled from follow-on schedule check
[2026-06-01T06:00:22.000+0000] {local_task_job_runner.py:222} INFO - ::endgroup::
