[2026-06-03T14:13:43.052+0000] {local_task_job_runner.py:120} INFO - ::group::Pre task execution logs
[2026-06-03T14:13:43.105+0000] {taskinstance.py:2076} INFO - Dependencies all met for dep_context=non-requeueable deps ti=<TaskInstance: postgres_to_local_pipeline.run_pipeline_2 scheduled__2026-06-03T14:05:00+00:00 [queued]>
[2026-06-03T14:13:43.119+0000] {taskinstance.py:2076} INFO - Dependencies all met for dep_context=requeueable deps ti=<TaskInstance: postgres_to_local_pipeline.run_pipeline_2 scheduled__2026-06-03T14:05:00+00:00 [queued]>
[2026-06-03T14:13:43.120+0000] {taskinstance.py:2306} INFO - Starting attempt 1 of 2
[2026-06-03T14:13:43.140+0000] {taskinstance.py:2330} INFO - Executing <Task(BashOperator): run_pipeline_2> on 2026-06-03 14:05:00+00:00
[2026-06-03T14:13:43.149+0000] {standard_task_runner.py:90} INFO - Running: ['***', 'tasks', 'run', 'postgres_to_local_pipeline', 'run_pipeline_2', 'scheduled__2026-06-03T14:05:00+00:00', '--job-id', '171', '--raw', '--subdir', 'DAGS_FOLDER/dynamic_pipeline_generator.py', '--cfg-path', '/tmp/tmpkfyzbtsq']
[2026-06-03T14:13:43.153+0000] {standard_task_runner.py:91} INFO - Job 171: Subtask run_pipeline_2
[2026-06-03T14:13:43.154+0000] {logging_mixin.py:188} WARNING - /home/***/.local/lib/python3.12/site-packages/***/task/task_runner/standard_task_runner.py:61 DeprecationWarning: This process (pid=868) is multi-threaded, use of fork() may lead to deadlocks in the child.
[2026-06-03T14:13:43.155+0000] {standard_task_runner.py:63} INFO - Started process 869 to run task
[2026-06-03T14:13:43.217+0000] {task_command.py:426} INFO - Running <TaskInstance: postgres_to_local_pipeline.run_pipeline_2 scheduled__2026-06-03T14:05:00+00:00 [running]> on host c3bf940c8326
[2026-06-03T14:13:43.331+0000] {taskinstance.py:2648} INFO - Exporting env vars: AIRFLOW_CTX_DAG_OWNER='subashri' AIRFLOW_CTX_DAG_ID='postgres_to_local_pipeline' AIRFLOW_CTX_TASK_ID='run_pipeline_2' AIRFLOW_CTX_EXECUTION_DATE='2026-06-03T14:05:00+00:00' AIRFLOW_CTX_TRY_NUMBER='1' AIRFLOW_CTX_DAG_RUN_ID='scheduled__2026-06-03T14:05:00+00:00'
[2026-06-03T14:13:43.332+0000] {taskinstance.py:430} INFO - ::endgroup::
[2026-06-03T14:13:43.353+0000] {subprocess.py:63} INFO - Tmp dir root location: /tmp
[2026-06-03T14:13:43.356+0000] {subprocess.py:75} INFO - Running command: ['/usr/bin/bash', '-c', 'cd /opt/***/src && python main.py 2']
[2026-06-03T14:13:43.367+0000] {subprocess.py:86} INFO - Output:
[2026-06-03T14:13:53.877+0000] {subprocess.py:93} INFO - 
[2026-06-03T14:13:53.879+0000] {subprocess.py:93} INFO - ===================================
[2026-06-03T14:13:53.880+0000] {subprocess.py:93} INFO - DATABASE CONNECTION CONFIG
[2026-06-03T14:13:53.881+0000] {subprocess.py:93} INFO - ===================================
[2026-06-03T14:13:53.882+0000] {subprocess.py:93} INFO - DB TYPE   : postgres
[2026-06-03T14:13:53.884+0000] {subprocess.py:93} INFO - HOST      : 3.107.8.33
[2026-06-03T14:13:53.885+0000] {subprocess.py:93} INFO - PORT      : 5432
[2026-06-03T14:13:53.886+0000] {subprocess.py:93} INFO - DATABASE  : metadata_db
[2026-06-03T14:13:53.887+0000] {subprocess.py:93} INFO - USERNAME  : teamuser
[2026-06-03T14:13:53.888+0000] {subprocess.py:93} INFO - ===================================
[2026-06-03T14:13:53.889+0000] {subprocess.py:93} INFO - 
[2026-06-03T14:13:53.890+0000] {subprocess.py:93} INFO - Connected to POSTGRES successfully.
[2026-06-03T14:13:53.891+0000] {subprocess.py:93} INFO - 
[2026-06-03T14:13:53.892+0000] {subprocess.py:93} INFO - Running pipeline: postgres_to_local_pipeline (db_to_storage)
[2026-06-03T14:13:53.893+0000] {subprocess.py:93} INFO - 
[2026-06-03T14:13:53.894+0000] {subprocess.py:93} INFO - ===================================
[2026-06-03T14:13:53.894+0000] {subprocess.py:93} INFO - DATABASE CONNECTION CONFIG
[2026-06-03T14:13:53.895+0000] {subprocess.py:93} INFO - ===================================
[2026-06-03T14:13:53.896+0000] {subprocess.py:93} INFO - DB TYPE   : postgres
[2026-06-03T14:13:53.897+0000] {subprocess.py:93} INFO - HOST      : 3.107.8.33
[2026-06-03T14:13:53.898+0000] {subprocess.py:93} INFO - PORT      : 5432
[2026-06-03T14:13:53.898+0000] {subprocess.py:93} INFO - DATABASE  : udifdb
[2026-06-03T14:13:53.899+0000] {subprocess.py:93} INFO - USERNAME  : teamuser
[2026-06-03T14:13:53.900+0000] {subprocess.py:93} INFO - ===================================
[2026-06-03T14:13:53.900+0000] {subprocess.py:93} INFO - 
[2026-06-03T14:13:53.901+0000] {subprocess.py:93} INFO - Connected to POSTGRES successfully.
[2026-06-03T14:13:53.902+0000] {subprocess.py:93} INFO - Completed: 4653 rows processed
[2026-06-03T14:13:54.044+0000] {subprocess.py:97} INFO - Command exited with return code 0
[2026-06-03T14:13:54.046+0000] {taskinstance.py:441} INFO - ::group::Post task execution logs
[2026-06-03T14:13:54.071+0000] {taskinstance.py:1206} INFO - Marking task as SUCCESS. dag_id=postgres_to_local_pipeline, task_id=run_pipeline_2, run_id=scheduled__2026-06-03T14:05:00+00:00, execution_date=20260603T140500, start_date=20260603T141343, end_date=20260603T141354
[2026-06-03T14:13:54.125+0000] {local_task_job_runner.py:240} INFO - Task exited with return code 0
[2026-06-03T14:13:54.151+0000] {taskinstance.py:3498} INFO - 0 downstream tasks scheduled from follow-on schedule check
[2026-06-03T14:13:54.155+0000] {local_task_job_runner.py:222} INFO - ::endgroup::
