[2026-06-02T06:01:11.462+0000] {local_task_job_runner.py:120} INFO - ::group::Pre task execution logs
[2026-06-02T06:01:11.534+0000] {taskinstance.py:2076} INFO - Dependencies all met for dep_context=non-requeueable deps ti=<TaskInstance: dynamic_metadata_pipeline.run_pipeline_5 manual__2026-06-02T06:01:08.904578+00:00 [queued]>
[2026-06-02T06:01:11.546+0000] {taskinstance.py:2076} INFO - Dependencies all met for dep_context=requeueable deps ti=<TaskInstance: dynamic_metadata_pipeline.run_pipeline_5 manual__2026-06-02T06:01:08.904578+00:00 [queued]>
[2026-06-02T06:01:11.556+0000] {taskinstance.py:2306} INFO - Starting attempt 1 of 2
[2026-06-02T06:01:11.574+0000] {taskinstance.py:2330} INFO - Executing <Task(BashOperator): run_pipeline_5> on 2026-06-02 06:01:08.904578+00:00
[2026-06-02T06:01:11.582+0000] {standard_task_runner.py:90} INFO - Running: ['***', 'tasks', 'run', 'dynamic_metadata_pipeline', 'run_pipeline_5', 'manual__2026-06-02T06:01:08.904578+00:00', '--job-id', '105', '--raw', '--subdir', 'DAGS_FOLDER/dynamic_pipeline_dag.py', '--cfg-path', '/tmp/tmpii0921z1']
[2026-06-02T06:01:11.587+0000] {standard_task_runner.py:91} INFO - Job 105: Subtask run_pipeline_5
[2026-06-02T06:01:11.587+0000] {logging_mixin.py:188} WARNING - /home/***/.local/lib/python3.12/site-packages/***/task/task_runner/standard_task_runner.py:61 DeprecationWarning: This process (pid=543) is multi-threaded, use of fork() may lead to deadlocks in the child.
[2026-06-02T06:01:11.588+0000] {standard_task_runner.py:63} INFO - Started process 545 to run task
[2026-06-02T06:01:11.648+0000] {task_command.py:426} INFO - Running <TaskInstance: dynamic_metadata_pipeline.run_pipeline_5 manual__2026-06-02T06:01:08.904578+00:00 [running]> on host ed8eb290981b
[2026-06-02T06:01:11.790+0000] {taskinstance.py:2648} INFO - Exporting env vars: AIRFLOW_CTX_DAG_OWNER='subashri' AIRFLOW_CTX_DAG_ID='dynamic_metadata_pipeline' AIRFLOW_CTX_TASK_ID='run_pipeline_5' AIRFLOW_CTX_EXECUTION_DATE='2026-06-02T06:01:08.904578+00:00' AIRFLOW_CTX_TRY_NUMBER='1' AIRFLOW_CTX_DAG_RUN_ID='manual__2026-06-02T06:01:08.904578+00:00'
[2026-06-02T06:01:11.792+0000] {taskinstance.py:430} INFO - ::endgroup::
[2026-06-02T06:01:11.853+0000] {subprocess.py:63} INFO - Tmp dir root location: /tmp
[2026-06-02T06:01:11.855+0000] {subprocess.py:75} INFO - Running command: ['/usr/bin/bash', '-c', 'cd /opt/***/src && python main.py 5']
[2026-06-02T06:01:11.866+0000] {subprocess.py:86} INFO - Output:
[2026-06-02T06:01:19.472+0000] {subprocess.py:93} INFO - 
[2026-06-02T06:01:19.476+0000] {subprocess.py:93} INFO - ===================================
[2026-06-02T06:01:19.481+0000] {subprocess.py:93} INFO - DATABASE CONNECTION CONFIG
[2026-06-02T06:01:19.484+0000] {subprocess.py:93} INFO - ===================================
[2026-06-02T06:01:19.488+0000] {subprocess.py:93} INFO - DB TYPE   : postgres
[2026-06-02T06:01:19.491+0000] {subprocess.py:93} INFO - HOST      : 3.107.8.33
[2026-06-02T06:01:19.494+0000] {subprocess.py:93} INFO - PORT      : 5432
[2026-06-02T06:01:19.498+0000] {subprocess.py:93} INFO - DATABASE  : metadata_db
[2026-06-02T06:01:19.501+0000] {subprocess.py:93} INFO - USERNAME  : teamuser
[2026-06-02T06:01:19.505+0000] {subprocess.py:93} INFO - ===================================
[2026-06-02T06:01:19.509+0000] {subprocess.py:93} INFO - 
[2026-06-02T06:01:19.514+0000] {subprocess.py:93} INFO - Connected to POSTGRES successfully.
[2026-06-02T06:01:19.517+0000] {subprocess.py:93} INFO - 
[2026-06-02T06:01:19.520+0000] {subprocess.py:93} INFO - Running pipeline: s3_to_postgres_pipeline (storage_to_db)
[2026-06-02T06:01:19.523+0000] {subprocess.py:93} INFO - ❌ Failed: Unsupported input source 'file'. Use 'local', 's3', or 'azure'.
[2026-06-02T06:01:19.746+0000] {subprocess.py:97} INFO - Command exited with return code 0
[2026-06-02T06:01:19.748+0000] {taskinstance.py:441} INFO - ::group::Post task execution logs
[2026-06-02T06:01:19.772+0000] {taskinstance.py:1206} INFO - Marking task as SUCCESS. dag_id=dynamic_metadata_pipeline, task_id=run_pipeline_5, run_id=manual__2026-06-02T06:01:08.904578+00:00, execution_date=20260602T060108, start_date=20260602T060111, end_date=20260602T060119
[2026-06-02T06:01:19.791+0000] {local_task_job_runner.py:240} INFO - Task exited with return code 0
[2026-06-02T06:01:19.806+0000] {taskinstance.py:3498} INFO - 0 downstream tasks scheduled from follow-on schedule check
[2026-06-02T06:01:19.808+0000] {local_task_job_runner.py:222} INFO - ::endgroup::
