[2026-05-28T10:03:29.899+0000] {local_task_job_runner.py:120} INFO - ::group::Pre task execution logs
[2026-05-28T10:03:29.930+0000] {taskinstance.py:2076} INFO - Dependencies all met for dep_context=non-requeueable deps ti=<TaskInstance: dynamic_metadata_pipeline.run_pipeline_1 manual__2026-05-28T10:03:28.577926+00:00 [queued]>
[2026-05-28T10:03:29.938+0000] {taskinstance.py:2076} INFO - Dependencies all met for dep_context=requeueable deps ti=<TaskInstance: dynamic_metadata_pipeline.run_pipeline_1 manual__2026-05-28T10:03:28.577926+00:00 [queued]>
[2026-05-28T10:03:29.942+0000] {taskinstance.py:2306} INFO - Starting attempt 1 of 2
[2026-05-28T10:03:29.956+0000] {taskinstance.py:2330} INFO - Executing <Task(BashOperator): run_pipeline_1> on 2026-05-28 10:03:28.577926+00:00
[2026-05-28T10:03:29.963+0000] {standard_task_runner.py:90} INFO - Running: ['***', 'tasks', 'run', 'dynamic_metadata_pipeline', 'run_pipeline_1', 'manual__2026-05-28T10:03:28.577926+00:00', '--job-id', '5', '--raw', '--subdir', 'DAGS_FOLDER/dynamic_pipeline_dag.py', '--cfg-path', '/tmp/tmptxa9z1j5']
[2026-05-28T10:03:29.966+0000] {standard_task_runner.py:91} INFO - Job 5: Subtask run_pipeline_1
[2026-05-28T10:03:29.969+0000] {logging_mixin.py:188} WARNING - /home/***/.local/lib/python3.12/site-packages/***/task/task_runner/standard_task_runner.py:61 DeprecationWarning: This process (pid=185) is multi-threaded, use of fork() may lead to deadlocks in the child.
[2026-05-28T10:03:29.970+0000] {standard_task_runner.py:63} INFO - Started process 186 to run task
[2026-05-28T10:03:30.014+0000] {task_command.py:426} INFO - Running <TaskInstance: dynamic_metadata_pipeline.run_pipeline_1 manual__2026-05-28T10:03:28.577926+00:00 [running]> on host abee612e4c58
[2026-05-28T10:03:30.096+0000] {taskinstance.py:2648} INFO - Exporting env vars: AIRFLOW_CTX_DAG_OWNER='subashri' AIRFLOW_CTX_DAG_ID='dynamic_metadata_pipeline' AIRFLOW_CTX_TASK_ID='run_pipeline_1' AIRFLOW_CTX_EXECUTION_DATE='2026-05-28T10:03:28.577926+00:00' AIRFLOW_CTX_TRY_NUMBER='1' AIRFLOW_CTX_DAG_RUN_ID='manual__2026-05-28T10:03:28.577926+00:00'
[2026-05-28T10:03:30.097+0000] {taskinstance.py:430} INFO - ::endgroup::
[2026-05-28T10:03:30.130+0000] {subprocess.py:63} INFO - Tmp dir root location: /tmp
[2026-05-28T10:03:30.131+0000] {subprocess.py:75} INFO - Running command: ['/usr/bin/bash', '-c', 'cd /opt/***/src && python main.py 1']
[2026-05-28T10:03:30.139+0000] {subprocess.py:86} INFO - Output:
[2026-05-28T10:03:32.504+0000] {subprocess.py:93} INFO - Traceback (most recent call last):
[2026-05-28T10:03:32.505+0000] {subprocess.py:93} INFO -   File "/opt/***/src/main.py", line 4, in <module>
[2026-05-28T10:03:32.507+0000] {subprocess.py:93} INFO -     from pipeline_executor import run_pipeline
[2026-05-28T10:03:32.507+0000] {subprocess.py:93} INFO -   File "/opt/***/src/pipeline_executor.py", line 6, in <module>
[2026-05-28T10:03:32.509+0000] {subprocess.py:93} INFO -     from reader import read_input
[2026-05-28T10:03:32.509+0000] {subprocess.py:93} INFO -   File "/opt/***/src/reader.py", line 12, in <module>
[2026-05-28T10:03:32.511+0000] {subprocess.py:93} INFO -     from parser_adapter import (
[2026-05-28T10:03:32.511+0000] {subprocess.py:93} INFO -   File "/opt/***/src/parser_adapter.py", line 4, in <module>
[2026-05-28T10:03:32.513+0000] {subprocess.py:93} INFO -     from parsers.parser_factory import get_parser
[2026-05-28T10:03:32.513+0000] {subprocess.py:93} INFO -   File "/opt/***/src/parsers/parser_factory.py", line 4, in <module>
[2026-05-28T10:03:32.515+0000] {subprocess.py:93} INFO -     from parsers.pdf_parser import parse_pdf
[2026-05-28T10:03:32.515+0000] {subprocess.py:93} INFO -   File "/opt/***/src/parsers/pdf_parser.py", line 1, in <module>
[2026-05-28T10:03:32.517+0000] {subprocess.py:93} INFO -     import PyPDF2
[2026-05-28T10:03:32.518+0000] {subprocess.py:93} INFO - ModuleNotFoundError: No module named 'PyPDF2'
[2026-05-28T10:03:32.690+0000] {subprocess.py:97} INFO - Command exited with return code 1
[2026-05-28T10:03:32.692+0000] {taskinstance.py:441} INFO - ::group::Post task execution logs
[2026-05-28T10:03:32.704+0000] {taskinstance.py:2905} ERROR - Task failed with exception
Traceback (most recent call last):
  File "/home/airflow/.local/lib/python3.12/site-packages/airflow/models/taskinstance.py", line 465, in _execute_task
    result = _execute_callable(context=context, **execute_callable_kwargs)
             ^^^^^^^^^^^^^^^^^^^^^^^^^^^^^^^^^^^^^^^^^^^^^^^^^^^^^^^^^^^^^
  File "/home/airflow/.local/lib/python3.12/site-packages/airflow/models/taskinstance.py", line 432, in _execute_callable
    return execute_callable(context=context, **execute_callable_kwargs)
           ^^^^^^^^^^^^^^^^^^^^^^^^^^^^^^^^^^^^^^^^^^^^^^^^^^^^^^^^^^^^
  File "/home/airflow/.local/lib/python3.12/site-packages/airflow/models/baseoperator.py", line 400, in wrapper
    return func(self, *args, **kwargs)
           ^^^^^^^^^^^^^^^^^^^^^^^^^^^
  File "/home/airflow/.local/lib/python3.12/site-packages/airflow/operators/bash.py", line 243, in execute
    raise AirflowException(
airflow.exceptions.AirflowException: Bash command failed. The command returned a non-zero exit code 1.
[2026-05-28T10:03:32.710+0000] {taskinstance.py:1206} INFO - Marking task as UP_FOR_RETRY. dag_id=dynamic_metadata_pipeline, task_id=run_pipeline_1, run_id=manual__2026-05-28T10:03:28.577926+00:00, execution_date=20260528T100328, start_date=20260528T100329, end_date=20260528T100332
[2026-05-28T10:03:32.729+0000] {standard_task_runner.py:110} ERROR - Failed to execute job 5 for task run_pipeline_1 (Bash command failed. The command returned a non-zero exit code 1.; 186)
[2026-05-28T10:03:32.758+0000] {local_task_job_runner.py:240} INFO - Task exited with return code 1
[2026-05-28T10:03:32.777+0000] {taskinstance.py:3498} INFO - 0 downstream tasks scheduled from follow-on schedule check
[2026-05-28T10:03:32.780+0000] {local_task_job_runner.py:222} INFO - ::endgroup::
