[2026-06-04T07:10:03.911+0000] {local_task_job_runner.py:120} INFO - ::group::Pre task execution logs
[2026-06-04T07:10:04.162+0000] {taskinstance.py:2076} INFO - Dependencies all met for dep_context=non-requeueable deps ti=<TaskInstance: local_to_s3_pipeline.run_pipeline_6 scheduled__2026-06-04T07:05:00+00:00 [queued]>
[2026-06-04T07:10:04.198+0000] {taskinstance.py:2076} INFO - Dependencies all met for dep_context=requeueable deps ti=<TaskInstance: local_to_s3_pipeline.run_pipeline_6 scheduled__2026-06-04T07:05:00+00:00 [queued]>
[2026-06-04T07:10:04.200+0000] {taskinstance.py:2306} INFO - Starting attempt 1 of 2
[2026-06-04T07:10:04.261+0000] {taskinstance.py:2330} INFO - Executing <Task(BashOperator): run_pipeline_6> on 2026-06-04 07:05:00+00:00
[2026-06-04T07:10:04.295+0000] {standard_task_runner.py:90} INFO - Running: ['***', 'tasks', 'run', 'local_to_s3_pipeline', 'run_pipeline_6', 'scheduled__2026-06-04T07:05:00+00:00', '--job-id', '290', '--raw', '--subdir', 'DAGS_FOLDER/dynamic_pipeline_generator.py', '--cfg-path', '/tmp/tmp2mnoa3gh']
[2026-06-04T07:10:04.311+0000] {standard_task_runner.py:91} INFO - Job 290: Subtask run_pipeline_6
[2026-06-04T07:10:04.383+0000] {logging_mixin.py:188} WARNING - /home/***/.local/lib/python3.12/site-packages/***/task/task_runner/standard_task_runner.py:61 DeprecationWarning: This process (pid=5217) is multi-threaded, use of fork() may lead to deadlocks in the child.
[2026-06-04T07:10:04.390+0000] {standard_task_runner.py:63} INFO - Started process 5223 to run task
[2026-06-04T07:10:04.597+0000] {task_command.py:426} INFO - Running <TaskInstance: local_to_s3_pipeline.run_pipeline_6 scheduled__2026-06-04T07:05:00+00:00 [running]> on host b044b6a9b6bd
[2026-06-04T07:10:05.129+0000] {taskinstance.py:2648} INFO - Exporting env vars: AIRFLOW_CTX_DAG_OWNER='subashri' AIRFLOW_CTX_DAG_ID='local_to_s3_pipeline' AIRFLOW_CTX_TASK_ID='run_pipeline_6' AIRFLOW_CTX_EXECUTION_DATE='2026-06-04T07:05:00+00:00' AIRFLOW_CTX_TRY_NUMBER='1' AIRFLOW_CTX_DAG_RUN_ID='scheduled__2026-06-04T07:05:00+00:00'
[2026-06-04T07:10:05.148+0000] {taskinstance.py:430} INFO - ::endgroup::
[2026-06-04T07:10:05.335+0000] {subprocess.py:63} INFO - Tmp dir root location: /tmp
[2026-06-04T07:10:05.351+0000] {subprocess.py:75} INFO - Running command: ['/usr/bin/bash', '-c', 'cd /opt/***/src && python main.py 6']
[2026-06-04T07:10:05.483+0000] {subprocess.py:86} INFO - Output:
[2026-06-04T07:10:25.462+0000] {subprocess.py:93} INFO - Using CPU. Note: This module is much faster with a GPU.
[2026-06-04T07:11:40.801+0000] {subprocess.py:93} INFO - /home/***/.local/lib/python3.12/site-packages/torch/utils/data/dataloader.py:752: UserWarning: 'pin_memory' argument is set as true but no accelerator is found, then device pinned memory won't be used.
[2026-06-04T07:11:40.809+0000] {subprocess.py:93} INFO -   super().__init__(loader)
[2026-06-04T07:12:11.983+0000] {subprocess.py:93} INFO - 
[2026-06-04T07:12:11.984+0000] {subprocess.py:93} INFO - ===================================
[2026-06-04T07:12:11.985+0000] {subprocess.py:93} INFO - DATABASE CONNECTION CONFIG
[2026-06-04T07:12:11.985+0000] {subprocess.py:93} INFO - ===================================
[2026-06-04T07:12:11.986+0000] {subprocess.py:93} INFO - DB TYPE   : postgres
[2026-06-04T07:12:11.987+0000] {subprocess.py:93} INFO - HOST      : 3.107.8.33
[2026-06-04T07:12:11.987+0000] {subprocess.py:93} INFO - PORT      : 5432
[2026-06-04T07:12:11.988+0000] {subprocess.py:93} INFO - DATABASE  : metadata_db
[2026-06-04T07:12:11.989+0000] {subprocess.py:93} INFO - USERNAME  : teamuser
[2026-06-04T07:12:11.989+0000] {subprocess.py:93} INFO - ===================================
[2026-06-04T07:12:11.990+0000] {subprocess.py:93} INFO - 
[2026-06-04T07:12:11.991+0000] {subprocess.py:93} INFO - Connected to POSTGRES successfully.
[2026-06-04T07:12:11.991+0000] {subprocess.py:93} INFO - 
[2026-06-04T07:12:11.992+0000] {subprocess.py:93} INFO - Running pipeline: local_to_s3_pipeline (storage_to_storage)
[2026-06-04T07:12:11.993+0000] {subprocess.py:93} INFO - Processing file: customer (2 rows)
[2026-06-04T07:12:11.994+0000] {subprocess.py:93} INFO - Processing file: data pic1 (91 rows)
[2026-06-04T07:12:11.995+0000] {subprocess.py:93} INFO - Processing file: employee (20 rows)
[2026-06-04T07:12:11.995+0000] {subprocess.py:93} INFO - Processing file: employee_data (100 rows)
[2026-06-04T07:12:11.996+0000] {subprocess.py:93} INFO - Processing file: sample (2 rows)
[2026-06-04T07:12:11.996+0000] {subprocess.py:93} INFO - Processing file: word (12 rows)
[2026-06-04T07:12:11.997+0000] {subprocess.py:93} INFO - Processed total rows: 227
[2026-06-04T07:12:11.998+0000] {subprocess.py:93} INFO - Completed: 227 rows processed
[2026-06-04T07:12:16.154+0000] {subprocess.py:97} INFO - Command exited with return code 0
[2026-06-04T07:12:16.163+0000] {taskinstance.py:441} INFO - ::group::Post task execution logs
[2026-06-04T07:12:16.251+0000] {taskinstance.py:1206} INFO - Marking task as SUCCESS. dag_id=local_to_s3_pipeline, task_id=run_pipeline_6, run_id=scheduled__2026-06-04T07:05:00+00:00, execution_date=20260604T070500, start_date=20260604T071004, end_date=20260604T071216
[2026-06-04T07:12:16.373+0000] {local_task_job_runner.py:240} INFO - Task exited with return code 0
[2026-06-04T07:12:16.448+0000] {taskinstance.py:3498} INFO - 0 downstream tasks scheduled from follow-on schedule check
[2026-06-04T07:12:16.454+0000] {local_task_job_runner.py:222} INFO - ::endgroup::
