[2026-06-04T06:40:04.382+0000] {local_task_job_runner.py:120} INFO - ::group::Pre task execution logs
[2026-06-04T06:40:04.529+0000] {taskinstance.py:2076} INFO - Dependencies all met for dep_context=non-requeueable deps ti=<TaskInstance: postgres_to_local_pipeline.run_pipeline_2 scheduled__2026-06-04T06:35:00+00:00 [queued]>
[2026-06-04T06:40:04.564+0000] {taskinstance.py:2076} INFO - Dependencies all met for dep_context=requeueable deps ti=<TaskInstance: postgres_to_local_pipeline.run_pipeline_2 scheduled__2026-06-04T06:35:00+00:00 [queued]>
[2026-06-04T06:40:04.566+0000] {taskinstance.py:2306} INFO - Starting attempt 1 of 2
[2026-06-04T06:40:04.626+0000] {taskinstance.py:2330} INFO - Executing <Task(BashOperator): run_pipeline_2> on 2026-06-04 06:35:00+00:00
[2026-06-04T06:40:04.697+0000] {standard_task_runner.py:90} INFO - Running: ['***', 'tasks', 'run', 'postgres_to_local_pipeline', 'run_pipeline_2', 'scheduled__2026-06-04T06:35:00+00:00', '--job-id', '245', '--raw', '--subdir', 'DAGS_FOLDER/dynamic_pipeline_generator.py', '--cfg-path', '/tmp/tmp25hfi7ay']
[2026-06-04T06:40:04.722+0000] {standard_task_runner.py:91} INFO - Job 245: Subtask run_pipeline_2
[2026-06-04T06:40:04.784+0000] {logging_mixin.py:188} WARNING - /home/***/.local/lib/python3.12/site-packages/***/task/task_runner/standard_task_runner.py:61 DeprecationWarning: This process (pid=3964) is multi-threaded, use of fork() may lead to deadlocks in the child.
[2026-06-04T06:40:04.787+0000] {standard_task_runner.py:63} INFO - Started process 3972 to run task
[2026-06-04T06:40:04.926+0000] {task_command.py:426} INFO - Running <TaskInstance: postgres_to_local_pipeline.run_pipeline_2 scheduled__2026-06-04T06:35:00+00:00 [running]> on host b044b6a9b6bd
[2026-06-04T06:40:05.316+0000] {taskinstance.py:2648} INFO - Exporting env vars: AIRFLOW_CTX_DAG_OWNER='subashri' AIRFLOW_CTX_DAG_ID='postgres_to_local_pipeline' AIRFLOW_CTX_TASK_ID='run_pipeline_2' AIRFLOW_CTX_EXECUTION_DATE='2026-06-04T06:35:00+00:00' AIRFLOW_CTX_TRY_NUMBER='1' AIRFLOW_CTX_DAG_RUN_ID='scheduled__2026-06-04T06:35:00+00:00'
[2026-06-04T06:40:05.324+0000] {taskinstance.py:430} INFO - ::endgroup::
[2026-06-04T06:40:05.406+0000] {subprocess.py:63} INFO - Tmp dir root location: /tmp
[2026-06-04T06:40:05.411+0000] {subprocess.py:75} INFO - Running command: ['/usr/bin/bash', '-c', 'cd /opt/***/src && python main.py 2']
[2026-06-04T06:40:05.469+0000] {subprocess.py:86} INFO - Output:
[2026-06-04T06:40:17.598+0000] {subprocess.py:93} INFO - 
[2026-06-04T06:40:17.600+0000] {subprocess.py:93} INFO - ===================================
[2026-06-04T06:40:17.601+0000] {subprocess.py:93} INFO - DATABASE CONNECTION CONFIG
[2026-06-04T06:40:17.602+0000] {subprocess.py:93} INFO - ===================================
[2026-06-04T06:40:17.603+0000] {subprocess.py:93} INFO - DB TYPE   : postgres
[2026-06-04T06:40:17.604+0000] {subprocess.py:93} INFO - HOST      : 3.107.8.33
[2026-06-04T06:40:17.605+0000] {subprocess.py:93} INFO - PORT      : 5432
[2026-06-04T06:40:17.606+0000] {subprocess.py:93} INFO - DATABASE  : metadata_db
[2026-06-04T06:40:17.607+0000] {subprocess.py:93} INFO - USERNAME  : teamuser
[2026-06-04T06:40:17.608+0000] {subprocess.py:93} INFO - ===================================
[2026-06-04T06:40:17.610+0000] {subprocess.py:93} INFO - 
[2026-06-04T06:40:17.611+0000] {subprocess.py:93} INFO - Connected to POSTGRES successfully.
[2026-06-04T06:40:17.612+0000] {subprocess.py:93} INFO - 
[2026-06-04T06:40:17.613+0000] {subprocess.py:93} INFO - Running pipeline: postgres_to_local_pipeline (db_to_storage)
[2026-06-04T06:40:17.614+0000] {subprocess.py:93} INFO - 
[2026-06-04T06:40:17.615+0000] {subprocess.py:93} INFO - ===================================
[2026-06-04T06:40:17.616+0000] {subprocess.py:93} INFO - DATABASE CONNECTION CONFIG
[2026-06-04T06:40:17.618+0000] {subprocess.py:93} INFO - ===================================
[2026-06-04T06:40:17.619+0000] {subprocess.py:93} INFO - DB TYPE   : postgres
[2026-06-04T06:40:17.620+0000] {subprocess.py:93} INFO - HOST      : 3.107.8.33
[2026-06-04T06:40:17.621+0000] {subprocess.py:93} INFO - PORT      : 5432
[2026-06-04T06:40:17.623+0000] {subprocess.py:93} INFO - DATABASE  : udifdb
[2026-06-04T06:40:17.624+0000] {subprocess.py:93} INFO - USERNAME  : teamuser
[2026-06-04T06:40:17.625+0000] {subprocess.py:93} INFO - ===================================
[2026-06-04T06:40:17.626+0000] {subprocess.py:93} INFO - 
[2026-06-04T06:40:17.627+0000] {subprocess.py:93} INFO - Connected to POSTGRES successfully.
[2026-06-04T06:40:17.628+0000] {subprocess.py:93} INFO - Completed: 4653 rows processed
[2026-06-04T06:40:17.866+0000] {subprocess.py:97} INFO - Command exited with return code 0
[2026-06-04T06:40:17.877+0000] {taskinstance.py:441} INFO - ::group::Post task execution logs
[2026-06-04T06:40:17.925+0000] {taskinstance.py:1206} INFO - Marking task as SUCCESS. dag_id=postgres_to_local_pipeline, task_id=run_pipeline_2, run_id=scheduled__2026-06-04T06:35:00+00:00, execution_date=20260604T063500, start_date=20260604T064004, end_date=20260604T064017
[2026-06-04T06:40:17.980+0000] {local_task_job_runner.py:240} INFO - Task exited with return code 0
[2026-06-04T06:40:18.019+0000] {taskinstance.py:3498} INFO - 0 downstream tasks scheduled from follow-on schedule check
[2026-06-04T06:40:18.024+0000] {local_task_job_runner.py:222} INFO - ::endgroup::
