[2026-05-28T14:50:01.388+0000] {local_task_job_runner.py:120} INFO - ::group::Pre task execution logs
[2026-05-28T14:50:01.428+0000] {taskinstance.py:2076} INFO - Dependencies all met for dep_context=non-requeueable deps ti=<TaskInstance: dynamic_metadata_pipeline.run_pipeline_1 manual__2026-05-28T14:50:00.913042+00:00 [queued]>
[2026-05-28T14:50:01.437+0000] {taskinstance.py:2076} INFO - Dependencies all met for dep_context=requeueable deps ti=<TaskInstance: dynamic_metadata_pipeline.run_pipeline_1 manual__2026-05-28T14:50:00.913042+00:00 [queued]>
[2026-05-28T14:50:01.439+0000] {taskinstance.py:2306} INFO - Starting attempt 1 of 2
[2026-05-28T14:50:01.455+0000] {taskinstance.py:2330} INFO - Executing <Task(BashOperator): run_pipeline_1> on 2026-05-28 14:50:00.913042+00:00
[2026-05-28T14:50:01.471+0000] {logging_mixin.py:188} WARNING - /home/***/.local/lib/python3.12/site-packages/***/task/task_runner/standard_task_runner.py:61 DeprecationWarning: This process (pid=201) is multi-threaded, use of fork() may lead to deadlocks in the child.
[2026-05-28T14:50:01.468+0000] {standard_task_runner.py:90} INFO - Running: ['***', 'tasks', 'run', 'dynamic_metadata_pipeline', 'run_pipeline_1', 'manual__2026-05-28T14:50:00.913042+00:00', '--job-id', '37', '--raw', '--subdir', 'DAGS_FOLDER/dynamic_pipeline_dag.py', '--cfg-path', '/tmp/tmplceraqpo']
[2026-05-28T14:50:01.472+0000] {standard_task_runner.py:63} INFO - Started process 202 to run task
[2026-05-28T14:50:01.472+0000] {standard_task_runner.py:91} INFO - Job 37: Subtask run_pipeline_1
[2026-05-28T14:50:01.530+0000] {task_command.py:426} INFO - Running <TaskInstance: dynamic_metadata_pipeline.run_pipeline_1 manual__2026-05-28T14:50:00.913042+00:00 [running]> on host ad77b8b00a9b
[2026-05-28T14:50:01.633+0000] {taskinstance.py:2648} INFO - Exporting env vars: AIRFLOW_CTX_DAG_OWNER='subashri' AIRFLOW_CTX_DAG_ID='dynamic_metadata_pipeline' AIRFLOW_CTX_TASK_ID='run_pipeline_1' AIRFLOW_CTX_EXECUTION_DATE='2026-05-28T14:50:00.913042+00:00' AIRFLOW_CTX_TRY_NUMBER='1' AIRFLOW_CTX_DAG_RUN_ID='manual__2026-05-28T14:50:00.913042+00:00'
[2026-05-28T14:50:01.634+0000] {taskinstance.py:430} INFO - ::endgroup::
[2026-05-28T14:50:01.652+0000] {subprocess.py:63} INFO - Tmp dir root location: /tmp
[2026-05-28T14:50:01.655+0000] {subprocess.py:75} INFO - Running command: ['/usr/bin/bash', '-c', 'cd /opt/***/src && python main.py 1']
[2026-05-28T14:50:01.664+0000] {subprocess.py:86} INFO - Output:
[2026-05-28T14:50:03.035+0000] {subprocess.py:93} INFO - Traceback (most recent call last):
[2026-05-28T14:50:03.036+0000] {subprocess.py:93} INFO -   File "/opt/***/src/main.py", line 4, in <module>
[2026-05-28T14:50:03.039+0000] {subprocess.py:93} INFO -     from pipeline_executor import run_pipeline
[2026-05-28T14:50:03.040+0000] {subprocess.py:93} INFO -   File "/opt/***/src/pipeline_executor.py", line 6, in <module>
[2026-05-28T14:50:03.042+0000] {subprocess.py:93} INFO -     from reader import read_input
[2026-05-28T14:50:03.043+0000] {subprocess.py:93} INFO -   File "/opt/***/src/reader.py", line 12, in <module>
[2026-05-28T14:50:03.045+0000] {subprocess.py:93} INFO -     from parser_adapter import (
[2026-05-28T14:50:03.045+0000] {subprocess.py:93} INFO -   File "/opt/***/src/parser_adapter.py", line 4, in <module>
[2026-05-28T14:50:03.047+0000] {subprocess.py:93} INFO -     from parsers.parser_factory import get_parser
[2026-05-28T14:50:03.048+0000] {subprocess.py:93} INFO -   File "/opt/***/src/parsers/parser_factory.py", line 5, in <module>
[2026-05-28T14:50:03.050+0000] {subprocess.py:93} INFO -     from parsers.png_parser import parse_png
[2026-05-28T14:50:03.051+0000] {subprocess.py:93} INFO -   File "/opt/***/src/parsers/png_parser.py", line 1, in <module>
[2026-05-28T14:50:03.055+0000] {subprocess.py:93} INFO -     import easyocr
[2026-05-28T14:50:03.055+0000] {subprocess.py:93} INFO - ModuleNotFoundError: No module named 'easyocr'
[2026-05-28T14:50:03.233+0000] {subprocess.py:97} INFO - Command exited with return code 1
[2026-05-28T14:50:03.235+0000] {taskinstance.py:441} INFO - ::group::Post task execution logs
[2026-05-28T14:50:03.247+0000] {taskinstance.py:2905} ERROR - Task failed with exception
Traceback (most recent call last):
  File "/home/airflow/.local/lib/python3.12/site-packages/airflow/models/taskinstance.py", line 465, in _execute_task
    result = _execute_callable(context=context, **execute_callable_kwargs)
             ^^^^^^^^^^^^^^^^^^^^^^^^^^^^^^^^^^^^^^^^^^^^^^^^^^^^^^^^^^^^^
  File "/home/airflow/.local/lib/python3.12/site-packages/airflow/models/taskinstance.py", line 432, in _execute_callable
    return execute_callable(context=context, **execute_callable_kwargs)
           ^^^^^^^^^^^^^^^^^^^^^^^^^^^^^^^^^^^^^^^^^^^^^^^^^^^^^^^^^^^^
  File "/home/airflow/.local/lib/python3.12/site-packages/airflow/models/baseoperator.py", line 400, in wrapper
    return func(self, *args, **kwargs)
           ^^^^^^^^^^^^^^^^^^^^^^^^^^^
  File "/home/airflow/.local/lib/python3.12/site-packages/airflow/operators/bash.py", line 243, in execute
    raise AirflowException(
airflow.exceptions.AirflowException: Bash command failed. The command returned a non-zero exit code 1.
[2026-05-28T14:50:03.254+0000] {taskinstance.py:1206} INFO - Marking task as UP_FOR_RETRY. dag_id=dynamic_metadata_pipeline, task_id=run_pipeline_1, run_id=manual__2026-05-28T14:50:00.913042+00:00, execution_date=20260528T145000, start_date=20260528T145001, end_date=20260528T145003
[2026-05-28T14:50:03.270+0000] {standard_task_runner.py:110} ERROR - Failed to execute job 37 for task run_pipeline_1 (Bash command failed. The command returned a non-zero exit code 1.; 202)
[2026-05-28T14:50:03.315+0000] {local_task_job_runner.py:240} INFO - Task exited with return code 1
[2026-05-28T14:50:03.341+0000] {taskinstance.py:3498} INFO - 0 downstream tasks scheduled from follow-on schedule check
[2026-05-28T14:50:03.348+0000] {local_task_job_runner.py:222} INFO - ::endgroup::
