[2026-05-28T14:55:04.804+0000] {local_task_job_runner.py:120} INFO - ::group::Pre task execution logs
[2026-05-28T14:55:04.896+0000] {taskinstance.py:2076} INFO - Dependencies all met for dep_context=non-requeueable deps ti=<TaskInstance: dynamic_metadata_pipeline.run_pipeline_1 manual__2026-05-28T14:50:00.913042+00:00 [queued]>
[2026-05-28T14:55:04.921+0000] {taskinstance.py:2076} INFO - Dependencies all met for dep_context=requeueable deps ti=<TaskInstance: dynamic_metadata_pipeline.run_pipeline_1 manual__2026-05-28T14:50:00.913042+00:00 [queued]>
[2026-05-28T14:55:04.926+0000] {taskinstance.py:2306} INFO - Starting attempt 2 of 2
[2026-05-28T14:55:04.958+0000] {taskinstance.py:2330} INFO - Executing <Task(BashOperator): run_pipeline_1> on 2026-05-28 14:50:00.913042+00:00
[2026-05-28T14:55:04.978+0000] {standard_task_runner.py:90} INFO - Running: ['***', 'tasks', 'run', 'dynamic_metadata_pipeline', 'run_pipeline_1', 'manual__2026-05-28T14:50:00.913042+00:00', '--job-id', '38', '--raw', '--subdir', 'DAGS_FOLDER/dynamic_pipeline_dag.py', '--cfg-path', '/tmp/tmpljphxxj5']
[2026-05-28T14:55:04.989+0000] {standard_task_runner.py:91} INFO - Job 38: Subtask run_pipeline_1
[2026-05-28T14:55:04.990+0000] {logging_mixin.py:188} WARNING - /home/***/.local/lib/python3.12/site-packages/***/task/task_runner/standard_task_runner.py:61 DeprecationWarning: This process (pid=262) is multi-threaded, use of fork() may lead to deadlocks in the child.
[2026-05-28T14:55:04.995+0000] {standard_task_runner.py:63} INFO - Started process 263 to run task
[2026-05-28T14:55:05.128+0000] {task_command.py:426} INFO - Running <TaskInstance: dynamic_metadata_pipeline.run_pipeline_1 manual__2026-05-28T14:50:00.913042+00:00 [running]> on host ad77b8b00a9b
[2026-05-28T14:55:05.354+0000] {taskinstance.py:2648} INFO - Exporting env vars: AIRFLOW_CTX_DAG_OWNER='subashri' AIRFLOW_CTX_DAG_ID='dynamic_metadata_pipeline' AIRFLOW_CTX_TASK_ID='run_pipeline_1' AIRFLOW_CTX_EXECUTION_DATE='2026-05-28T14:50:00.913042+00:00' AIRFLOW_CTX_TRY_NUMBER='2' AIRFLOW_CTX_DAG_RUN_ID='manual__2026-05-28T14:50:00.913042+00:00'
[2026-05-28T14:55:05.357+0000] {taskinstance.py:430} INFO - ::endgroup::
[2026-05-28T14:55:05.420+0000] {subprocess.py:63} INFO - Tmp dir root location: /tmp
[2026-05-28T14:55:05.423+0000] {subprocess.py:75} INFO - Running command: ['/usr/bin/bash', '-c', 'cd /opt/***/src && python main.py 1']
[2026-05-28T14:55:05.450+0000] {subprocess.py:86} INFO - Output:
[2026-05-28T14:55:10.026+0000] {subprocess.py:93} INFO - Traceback (most recent call last):
[2026-05-28T14:55:10.027+0000] {subprocess.py:93} INFO -   File "/opt/***/src/main.py", line 4, in <module>
[2026-05-28T14:55:10.047+0000] {subprocess.py:93} INFO -     from pipeline_executor import run_pipeline
[2026-05-28T14:55:10.050+0000] {subprocess.py:93} INFO -   File "/opt/***/src/pipeline_executor.py", line 6, in <module>
[2026-05-28T14:55:10.057+0000] {subprocess.py:93} INFO -     from reader import read_input
[2026-05-28T14:55:10.060+0000] {subprocess.py:93} INFO -   File "/opt/***/src/reader.py", line 12, in <module>
[2026-05-28T14:55:10.068+0000] {subprocess.py:93} INFO -     from parser_adapter import (
[2026-05-28T14:55:10.070+0000] {subprocess.py:93} INFO -   File "/opt/***/src/parser_adapter.py", line 4, in <module>
[2026-05-28T14:55:10.077+0000] {subprocess.py:93} INFO -     from parsers.parser_factory import get_parser
[2026-05-28T14:55:10.086+0000] {subprocess.py:93} INFO -   File "/opt/***/src/parsers/parser_factory.py", line 5, in <module>
[2026-05-28T14:55:10.096+0000] {subprocess.py:93} INFO -     from parsers.png_parser import parse_png
[2026-05-28T14:55:10.103+0000] {subprocess.py:93} INFO -   File "/opt/***/src/parsers/png_parser.py", line 1, in <module>
[2026-05-28T14:55:10.107+0000] {subprocess.py:93} INFO -     import easyocr
[2026-05-28T14:55:10.109+0000] {subprocess.py:93} INFO - ModuleNotFoundError: No module named 'easyocr'
[2026-05-28T14:55:10.587+0000] {subprocess.py:97} INFO - Command exited with return code 1
[2026-05-28T14:55:10.589+0000] {taskinstance.py:441} INFO - ::group::Post task execution logs
[2026-05-28T14:55:10.621+0000] {taskinstance.py:2905} ERROR - Task failed with exception
Traceback (most recent call last):
  File "/home/airflow/.local/lib/python3.12/site-packages/airflow/models/taskinstance.py", line 465, in _execute_task
    result = _execute_callable(context=context, **execute_callable_kwargs)
             ^^^^^^^^^^^^^^^^^^^^^^^^^^^^^^^^^^^^^^^^^^^^^^^^^^^^^^^^^^^^^
  File "/home/airflow/.local/lib/python3.12/site-packages/airflow/models/taskinstance.py", line 432, in _execute_callable
    return execute_callable(context=context, **execute_callable_kwargs)
           ^^^^^^^^^^^^^^^^^^^^^^^^^^^^^^^^^^^^^^^^^^^^^^^^^^^^^^^^^^^^
  File "/home/airflow/.local/lib/python3.12/site-packages/airflow/models/baseoperator.py", line 400, in wrapper
    return func(self, *args, **kwargs)
           ^^^^^^^^^^^^^^^^^^^^^^^^^^^
  File "/home/airflow/.local/lib/python3.12/site-packages/airflow/operators/bash.py", line 243, in execute
    raise AirflowException(
airflow.exceptions.AirflowException: Bash command failed. The command returned a non-zero exit code 1.
[2026-05-28T14:55:10.649+0000] {taskinstance.py:1206} INFO - Marking task as FAILED. dag_id=dynamic_metadata_pipeline, task_id=run_pipeline_1, run_id=manual__2026-05-28T14:50:00.913042+00:00, execution_date=20260528T145000, start_date=20260528T145504, end_date=20260528T145510
[2026-05-28T14:55:10.712+0000] {standard_task_runner.py:110} ERROR - Failed to execute job 38 for task run_pipeline_1 (Bash command failed. The command returned a non-zero exit code 1.; 263)
[2026-05-28T14:55:10.772+0000] {local_task_job_runner.py:240} INFO - Task exited with return code 1
[2026-05-28T14:55:10.810+0000] {local_task_job_runner.py:222} INFO - ::endgroup::
