[2026-06-04T07:00:04.721+0000] {local_task_job_runner.py:120} INFO - ::group::Pre task execution logs
[2026-06-04T07:00:04.938+0000] {taskinstance.py:2076} INFO - Dependencies all met for dep_context=non-requeueable deps ti=<TaskInstance: postgres_to_local_pipeline.run_pipeline_2 scheduled__2026-06-04T06:55:00+00:00 [queued]>
[2026-06-04T07:00:05.005+0000] {taskinstance.py:2076} INFO - Dependencies all met for dep_context=requeueable deps ti=<TaskInstance: postgres_to_local_pipeline.run_pipeline_2 scheduled__2026-06-04T06:55:00+00:00 [queued]>
[2026-06-04T07:00:05.009+0000] {taskinstance.py:2306} INFO - Starting attempt 1 of 2
[2026-06-04T07:00:05.094+0000] {taskinstance.py:2330} INFO - Executing <Task(BashOperator): run_pipeline_2> on 2026-06-04 06:55:00+00:00
[2026-06-04T07:00:05.169+0000] {standard_task_runner.py:90} INFO - Running: ['***', 'tasks', 'run', 'postgres_to_local_pipeline', 'run_pipeline_2', 'scheduled__2026-06-04T06:55:00+00:00', '--job-id', '276', '--raw', '--subdir', 'DAGS_FOLDER/dynamic_pipeline_generator.py', '--cfg-path', '/tmp/tmpxgf71ltp']
[2026-06-04T07:00:05.196+0000] {standard_task_runner.py:91} INFO - Job 276: Subtask run_pipeline_2
[2026-06-04T07:00:05.250+0000] {logging_mixin.py:188} WARNING - /home/***/.local/lib/python3.12/site-packages/***/task/task_runner/standard_task_runner.py:61 DeprecationWarning: This process (pid=4806) is multi-threaded, use of fork() may lead to deadlocks in the child.
[2026-06-04T07:00:05.260+0000] {standard_task_runner.py:63} INFO - Started process 4815 to run task
[2026-06-04T07:00:05.697+0000] {task_command.py:426} INFO - Running <TaskInstance: postgres_to_local_pipeline.run_pipeline_2 scheduled__2026-06-04T06:55:00+00:00 [running]> on host b044b6a9b6bd
[2026-06-04T07:00:06.288+0000] {taskinstance.py:2648} INFO - Exporting env vars: AIRFLOW_CTX_DAG_OWNER='subashri' AIRFLOW_CTX_DAG_ID='postgres_to_local_pipeline' AIRFLOW_CTX_TASK_ID='run_pipeline_2' AIRFLOW_CTX_EXECUTION_DATE='2026-06-04T06:55:00+00:00' AIRFLOW_CTX_TRY_NUMBER='1' AIRFLOW_CTX_DAG_RUN_ID='scheduled__2026-06-04T06:55:00+00:00'
[2026-06-04T07:00:06.291+0000] {taskinstance.py:430} INFO - ::endgroup::
[2026-06-04T07:00:06.377+0000] {subprocess.py:63} INFO - Tmp dir root location: /tmp
[2026-06-04T07:00:06.385+0000] {subprocess.py:75} INFO - Running command: ['/usr/bin/bash', '-c', 'cd /opt/***/src && python main.py 2']
[2026-06-04T07:00:06.487+0000] {subprocess.py:86} INFO - Output:
[2026-06-04T07:00:22.870+0000] {subprocess.py:93} INFO - 
[2026-06-04T07:00:22.871+0000] {subprocess.py:93} INFO - ===================================
[2026-06-04T07:00:22.873+0000] {subprocess.py:93} INFO - DATABASE CONNECTION CONFIG
[2026-06-04T07:00:22.874+0000] {subprocess.py:93} INFO - ===================================
[2026-06-04T07:00:22.875+0000] {subprocess.py:93} INFO - DB TYPE   : postgres
[2026-06-04T07:00:22.876+0000] {subprocess.py:93} INFO - HOST      : 3.107.8.33
[2026-06-04T07:00:22.877+0000] {subprocess.py:93} INFO - PORT      : 5432
[2026-06-04T07:00:22.879+0000] {subprocess.py:93} INFO - DATABASE  : metadata_db
[2026-06-04T07:00:22.880+0000] {subprocess.py:93} INFO - USERNAME  : teamuser
[2026-06-04T07:00:22.881+0000] {subprocess.py:93} INFO - ===================================
[2026-06-04T07:00:22.883+0000] {subprocess.py:93} INFO - 
[2026-06-04T07:00:22.884+0000] {subprocess.py:93} INFO - Connected to POSTGRES successfully.
[2026-06-04T07:00:22.887+0000] {subprocess.py:93} INFO - 
[2026-06-04T07:00:22.888+0000] {subprocess.py:93} INFO - Running pipeline: postgres_to_local_pipeline (db_to_storage)
[2026-06-04T07:00:22.890+0000] {subprocess.py:93} INFO - 
[2026-06-04T07:00:22.892+0000] {subprocess.py:93} INFO - ===================================
[2026-06-04T07:00:22.893+0000] {subprocess.py:93} INFO - DATABASE CONNECTION CONFIG
[2026-06-04T07:00:22.895+0000] {subprocess.py:93} INFO - ===================================
[2026-06-04T07:00:22.896+0000] {subprocess.py:93} INFO - DB TYPE   : postgres
[2026-06-04T07:00:22.898+0000] {subprocess.py:93} INFO - HOST      : 3.107.8.33
[2026-06-04T07:00:22.899+0000] {subprocess.py:93} INFO - PORT      : 5432
[2026-06-04T07:00:22.901+0000] {subprocess.py:93} INFO - DATABASE  : udifdb
[2026-06-04T07:00:22.902+0000] {subprocess.py:93} INFO - USERNAME  : teamuser
[2026-06-04T07:00:22.903+0000] {subprocess.py:93} INFO - ===================================
[2026-06-04T07:00:22.905+0000] {subprocess.py:93} INFO - 
[2026-06-04T07:00:22.906+0000] {subprocess.py:93} INFO - Connected to POSTGRES successfully.
[2026-06-04T07:00:22.907+0000] {subprocess.py:93} INFO - Completed: 4653 rows processed
[2026-06-04T07:00:23.253+0000] {subprocess.py:97} INFO - Command exited with return code 0
[2026-06-04T07:00:23.255+0000] {taskinstance.py:441} INFO - ::group::Post task execution logs
[2026-06-04T07:00:23.319+0000] {taskinstance.py:1206} INFO - Marking task as SUCCESS. dag_id=postgres_to_local_pipeline, task_id=run_pipeline_2, run_id=scheduled__2026-06-04T06:55:00+00:00, execution_date=20260604T065500, start_date=20260604T070004, end_date=20260604T070023
[2026-06-04T07:00:23.418+0000] {local_task_job_runner.py:240} INFO - Task exited with return code 0
[2026-06-04T07:00:23.463+0000] {taskinstance.py:3498} INFO - 0 downstream tasks scheduled from follow-on schedule check
[2026-06-04T07:00:23.468+0000] {local_task_job_runner.py:222} INFO - ::endgroup::
