[2026-06-22T07:30:03.000+0000] {local_task_job_runner.py:120} INFO - ::group::Pre task execution logs
[2026-06-22T07:30:03.033+0000] {taskinstance.py:2076} INFO - Dependencies all met for dep_context=non-requeueable deps ti=<TaskInstance: sales_db_to_postgres.run_pipeline_8 scheduled__2026-06-22T07:25:00+00:00 [queued]>
[2026-06-22T07:30:03.042+0000] {taskinstance.py:2076} INFO - Dependencies all met for dep_context=requeueable deps ti=<TaskInstance: sales_db_to_postgres.run_pipeline_8 scheduled__2026-06-22T07:25:00+00:00 [queued]>
[2026-06-22T07:30:03.046+0000] {taskinstance.py:2306} INFO - Starting attempt 1 of 2
[2026-06-22T07:30:03.064+0000] {taskinstance.py:2330} INFO - Executing <Task(BashOperator): run_pipeline_8> on 2026-06-22 07:25:00+00:00
[2026-06-22T07:30:03.073+0000] {standard_task_runner.py:90} INFO - Running: ['***', 'tasks', 'run', 'sales_db_to_postgres', 'run_pipeline_8', 'scheduled__2026-06-22T07:25:00+00:00', '--job-id', '367', '--raw', '--subdir', 'DAGS_FOLDER/dynamic_pipeline_generator.py', '--cfg-path', '/tmp/tmp2wsp4kw4']
[2026-06-22T07:30:03.076+0000] {logging_mixin.py:188} WARNING - /home/***/.local/lib/python3.12/site-packages/***/task/task_runner/standard_task_runner.py:61 DeprecationWarning: This process (pid=2756) is multi-threaded, use of fork() may lead to deadlocks in the child.
[2026-06-22T07:30:03.076+0000] {standard_task_runner.py:91} INFO - Job 367: Subtask run_pipeline_8
[2026-06-22T07:30:03.076+0000] {standard_task_runner.py:63} INFO - Started process 2757 to run task
[2026-06-22T07:30:03.128+0000] {task_command.py:426} INFO - Running <TaskInstance: sales_db_to_postgres.run_pipeline_8 scheduled__2026-06-22T07:25:00+00:00 [running]> on host c0efc7bf2406
[2026-06-22T07:30:03.248+0000] {taskinstance.py:2648} INFO - Exporting env vars: AIRFLOW_CTX_DAG_OWNER='subashri' AIRFLOW_CTX_DAG_ID='sales_db_to_postgres' AIRFLOW_CTX_TASK_ID='run_pipeline_8' AIRFLOW_CTX_EXECUTION_DATE='2026-06-22T07:25:00+00:00' AIRFLOW_CTX_TRY_NUMBER='1' AIRFLOW_CTX_DAG_RUN_ID='scheduled__2026-06-22T07:25:00+00:00'
[2026-06-22T07:30:03.249+0000] {taskinstance.py:430} INFO - ::endgroup::
[2026-06-22T07:30:03.271+0000] {subprocess.py:63} INFO - Tmp dir root location: /tmp
[2026-06-22T07:30:03.272+0000] {subprocess.py:75} INFO - Running command: ['/usr/bin/bash', '-c', 'cd /opt/***/src && python main.py 8']
[2026-06-22T07:30:03.282+0000] {subprocess.py:86} INFO - Output:
[2026-06-22T07:30:10.464+0000] {subprocess.py:93} INFO - 
[2026-06-22T07:30:10.469+0000] {subprocess.py:93} INFO - ===================================
[2026-06-22T07:30:10.471+0000] {subprocess.py:93} INFO - DATABASE CONNECTION CONFIG
[2026-06-22T07:30:10.474+0000] {subprocess.py:93} INFO - ===================================
[2026-06-22T07:30:10.476+0000] {subprocess.py:93} INFO - DB TYPE   : postgres
[2026-06-22T07:30:10.478+0000] {subprocess.py:93} INFO - HOST      : 3.107.8.33
[2026-06-22T07:30:10.479+0000] {subprocess.py:93} INFO - PORT      : 5432
[2026-06-22T07:30:10.480+0000] {subprocess.py:93} INFO - DATABASE  : metadata_db
[2026-06-22T07:30:10.481+0000] {subprocess.py:93} INFO - USERNAME  : teamuser
[2026-06-22T07:30:10.482+0000] {subprocess.py:93} INFO - ===================================
[2026-06-22T07:30:10.483+0000] {subprocess.py:93} INFO - 
[2026-06-22T07:30:10.485+0000] {subprocess.py:93} INFO - Connected to POSTGRES successfully.
[2026-06-22T07:30:10.486+0000] {subprocess.py:93} INFO - 
[2026-06-22T07:30:10.486+0000] {subprocess.py:93} INFO - Running pipeline: sales_db_to_postgres (db_to_db)
[2026-06-22T07:30:10.487+0000] {subprocess.py:93} INFO - 
[2026-06-22T07:30:10.488+0000] {subprocess.py:93} INFO - ===================================
[2026-06-22T07:30:10.489+0000] {subprocess.py:93} INFO - DATABASE CONNECTION CONFIG
[2026-06-22T07:30:10.490+0000] {subprocess.py:93} INFO - ===================================
[2026-06-22T07:30:10.491+0000] {subprocess.py:93} INFO - DB TYPE   : mysql
[2026-06-22T07:30:10.491+0000] {subprocess.py:93} INFO - HOST      : localhost
[2026-06-22T07:30:10.492+0000] {subprocess.py:93} INFO - PORT      : 3306
[2026-06-22T07:30:10.493+0000] {subprocess.py:93} INFO - DATABASE  : sales_db
[2026-06-22T07:30:10.494+0000] {subprocess.py:93} INFO - USERNAME  :
[2026-06-22T07:30:10.494+0000] {subprocess.py:93} INFO - ===================================
[2026-06-22T07:30:10.495+0000] {subprocess.py:93} INFO - 
[2026-06-22T07:30:10.495+0000] {subprocess.py:93} INFO - ❌ Failed: Could not connect to MYSQL: (pymysql.err.OperationalError) (2003, "Can't connect to MySQL server on 'localhost' ([Errno 111] Connection refused)")
[2026-06-22T07:30:10.496+0000] {subprocess.py:93} INFO - (Background on this error at: https://sqlalche.me/e/14/e3q8)
[2026-06-22T07:30:10.497+0000] {subprocess.py:93} INFO - Traceback (most recent call last):
[2026-06-22T07:30:10.497+0000] {subprocess.py:93} INFO -   File "/home/***/.local/lib/python3.12/site-packages/pymysql/connections.py", line 682, in connect
[2026-06-22T07:30:10.498+0000] {subprocess.py:93} INFO -     sock = socket.create_connection(
[2026-06-22T07:30:10.499+0000] {subprocess.py:93} INFO -            ^^^^^^^^^^^^^^^^^^^^^^^^^
[2026-06-22T07:30:10.499+0000] {subprocess.py:93} INFO -   File "/usr/local/lib/python3.12/socket.py", line 852, in create_connection
[2026-06-22T07:30:10.500+0000] {subprocess.py:93} INFO -     raise exceptions[0]
[2026-06-22T07:30:10.501+0000] {subprocess.py:93} INFO -   File "/usr/local/lib/python3.12/socket.py", line 837, in create_connection
[2026-06-22T07:30:10.501+0000] {subprocess.py:93} INFO -     sock.connect(sa)
[2026-06-22T07:30:10.502+0000] {subprocess.py:93} INFO - ConnectionRefusedError: [Errno 111] Connection refused
[2026-06-22T07:30:10.502+0000] {subprocess.py:93} INFO - 
[2026-06-22T07:30:10.503+0000] {subprocess.py:93} INFO - During handling of the above exception, another exception occurred:
[2026-06-22T07:30:10.503+0000] {subprocess.py:93} INFO - 
[2026-06-22T07:30:10.504+0000] {subprocess.py:93} INFO - Traceback (most recent call last):
[2026-06-22T07:30:10.505+0000] {subprocess.py:93} INFO -   File "/home/***/.local/lib/python3.12/site-packages/sqlalchemy/engine/base.py", line 3371, in _wrap_pool_connect
[2026-06-22T07:30:10.505+0000] {subprocess.py:93} INFO -     return fn()
[2026-06-22T07:30:10.506+0000] {subprocess.py:93} INFO -            ^^^^
[2026-06-22T07:30:10.506+0000] {subprocess.py:93} INFO -   File "/home/***/.local/lib/python3.12/site-packages/sqlalchemy/pool/base.py", line 327, in connect
[2026-06-22T07:30:10.506+0000] {subprocess.py:93} INFO -     return _ConnectionFairy._checkout(self)
[2026-06-22T07:30:10.507+0000] {subprocess.py:93} INFO -            ^^^^^^^^^^^^^^^^^^^^^^^^^^^^^^^^
[2026-06-22T07:30:10.507+0000] {subprocess.py:93} INFO -   File "/home/***/.local/lib/python3.12/site-packages/sqlalchemy/pool/base.py", line 894, in _checkout
[2026-06-22T07:30:10.508+0000] {subprocess.py:93} INFO -     fairy = _ConnectionRecord.checkout(pool)
[2026-06-22T07:30:10.508+0000] {subprocess.py:93} INFO -             ^^^^^^^^^^^^^^^^^^^^^^^^^^^^^^^^
[2026-06-22T07:30:10.508+0000] {subprocess.py:93} INFO -   File "/home/***/.local/lib/python3.12/site-packages/sqlalchemy/pool/base.py", line 493, in checkout
[2026-06-22T07:30:10.509+0000] {subprocess.py:93} INFO -     rec = pool._do_get()
[2026-06-22T07:30:10.509+0000] {subprocess.py:93} INFO -           ^^^^^^^^^^^^^^
[2026-06-22T07:30:10.509+0000] {subprocess.py:93} INFO -   File "/home/***/.local/lib/python3.12/site-packages/sqlalchemy/pool/impl.py", line 145, in _do_get
[2026-06-22T07:30:10.510+0000] {subprocess.py:93} INFO -     with util.safe_reraise():
[2026-06-22T07:30:10.510+0000] {subprocess.py:93} INFO -   File "/home/***/.local/lib/python3.12/site-packages/sqlalchemy/util/langhelpers.py", line 70, in __exit__
[2026-06-22T07:30:10.511+0000] {subprocess.py:93} INFO -     compat.raise_(
[2026-06-22T07:30:10.511+0000] {subprocess.py:93} INFO -   File "/home/***/.local/lib/python3.12/site-packages/sqlalchemy/util/compat.py", line 211, in raise_
[2026-06-22T07:30:10.511+0000] {subprocess.py:93} INFO -     raise exception
[2026-06-22T07:30:10.512+0000] {subprocess.py:93} INFO -   File "/home/***/.local/lib/python3.12/site-packages/sqlalchemy/pool/impl.py", line 143, in _do_get
[2026-06-22T07:30:10.512+0000] {subprocess.py:93} INFO -     return self._create_connection()
[2026-06-22T07:30:10.512+0000] {subprocess.py:93} INFO -            ^^^^^^^^^^^^^^^^^^^^^^^^^
[2026-06-22T07:30:10.513+0000] {subprocess.py:93} INFO -   File "/home/***/.local/lib/python3.12/site-packages/sqlalchemy/pool/base.py", line 273, in _create_connection
[2026-06-22T07:30:10.513+0000] {subprocess.py:93} INFO -     return _ConnectionRecord(self)
[2026-06-22T07:30:10.513+0000] {subprocess.py:93} INFO -            ^^^^^^^^^^^^^^^^^^^^^^^
[2026-06-22T07:30:10.514+0000] {subprocess.py:93} INFO -   File "/home/***/.local/lib/python3.12/site-packages/sqlalchemy/pool/base.py", line 388, in __init__
[2026-06-22T07:30:10.514+0000] {subprocess.py:93} INFO -     self.__connect()
[2026-06-22T07:30:10.514+0000] {subprocess.py:93} INFO -   File "/home/***/.local/lib/python3.12/site-packages/sqlalchemy/pool/base.py", line 690, in __connect
[2026-06-22T07:30:10.515+0000] {subprocess.py:93} INFO -     with util.safe_reraise():
[2026-06-22T07:30:10.515+0000] {subprocess.py:93} INFO -   File "/home/***/.local/lib/python3.12/site-packages/sqlalchemy/util/langhelpers.py", line 70, in __exit__
[2026-06-22T07:30:10.515+0000] {subprocess.py:93} INFO -     compat.raise_(
[2026-06-22T07:30:10.516+0000] {subprocess.py:93} INFO -   File "/home/***/.local/lib/python3.12/site-packages/sqlalchemy/util/compat.py", line 211, in raise_
[2026-06-22T07:30:10.516+0000] {subprocess.py:93} INFO -     raise exception
[2026-06-22T07:30:10.516+0000] {subprocess.py:93} INFO -   File "/home/***/.local/lib/python3.12/site-packages/sqlalchemy/pool/base.py", line 686, in __connect
[2026-06-22T07:30:10.517+0000] {subprocess.py:93} INFO -     self.dbapi_connection = connection = pool._invoke_creator(self)
[2026-06-22T07:30:10.517+0000] {subprocess.py:93} INFO -                                          ^^^^^^^^^^^^^^^^^^^^^^^^^^
[2026-06-22T07:30:10.518+0000] {subprocess.py:93} INFO -   File "/home/***/.local/lib/python3.12/site-packages/sqlalchemy/engine/create.py", line 574, in connect
[2026-06-22T07:30:10.518+0000] {subprocess.py:93} INFO -     return dialect.connect(*cargs, **cparams)
[2026-06-22T07:30:10.518+0000] {subprocess.py:93} INFO -            ^^^^^^^^^^^^^^^^^^^^^^^^^^^^^^^^^^
[2026-06-22T07:30:10.519+0000] {subprocess.py:93} INFO -   File "/home/***/.local/lib/python3.12/site-packages/sqlalchemy/engine/default.py", line 598, in connect
[2026-06-22T07:30:10.519+0000] {subprocess.py:93} INFO -     return self.dbapi.connect(*cargs, **cparams)
[2026-06-22T07:30:10.519+0000] {subprocess.py:93} INFO -            ^^^^^^^^^^^^^^^^^^^^^^^^^^^^^^^^^^^^^
[2026-06-22T07:30:10.520+0000] {subprocess.py:93} INFO -   File "/home/***/.local/lib/python3.12/site-packages/pymysql/connections.py", line 372, in __init__
[2026-06-22T07:30:10.520+0000] {subprocess.py:93} INFO -     self.connect()
[2026-06-22T07:30:10.520+0000] {subprocess.py:93} INFO -   File "/home/***/.local/lib/python3.12/site-packages/pymysql/connections.py", line 744, in connect
[2026-06-22T07:30:10.521+0000] {subprocess.py:93} INFO -     raise exc
[2026-06-22T07:30:10.521+0000] {subprocess.py:93} INFO - pymysql.err.OperationalError: (2003, "Can't connect to MySQL server on 'localhost' ([Errno 111] Connection refused)")
[2026-06-22T07:30:10.521+0000] {subprocess.py:93} INFO - 
[2026-06-22T07:30:10.522+0000] {subprocess.py:93} INFO - The above exception was the direct cause of the following exception:
[2026-06-22T07:30:10.522+0000] {subprocess.py:93} INFO - 
[2026-06-22T07:30:10.522+0000] {subprocess.py:93} INFO - Traceback (most recent call last):
[2026-06-22T07:30:10.523+0000] {subprocess.py:93} INFO -   File "/opt/***/src/extractor.py", line 172, in connect_db
[2026-06-22T07:30:10.523+0000] {subprocess.py:93} INFO -     with engine.connect() as conn:
[2026-06-22T07:30:10.523+0000] {subprocess.py:93} INFO -          ^^^^^^^^^^^^^^^^
[2026-06-22T07:30:10.524+0000] {subprocess.py:93} INFO -   File "/home/***/.local/lib/python3.12/site-packages/sqlalchemy/engine/base.py", line 3325, in connect
[2026-06-22T07:30:10.524+0000] {subprocess.py:93} INFO -     return self._connection_cls(self, close_with_result=close_with_result)
[2026-06-22T07:30:10.524+0000] {subprocess.py:93} INFO -            ^^^^^^^^^^^^^^^^^^^^^^^^^^^^^^^^^^^^^^^^^^^^^^^^^^^^^^^^^^^^^^^
[2026-06-22T07:30:10.525+0000] {subprocess.py:93} INFO -   File "/home/***/.local/lib/python3.12/site-packages/sqlalchemy/engine/base.py", line 96, in __init__
[2026-06-22T07:30:10.525+0000] {subprocess.py:93} INFO -     else engine.raw_connection()
[2026-06-22T07:30:10.526+0000] {subprocess.py:93} INFO -          ^^^^^^^^^^^^^^^^^^^^^^^
[2026-06-22T07:30:10.526+0000] {subprocess.py:93} INFO -   File "/home/***/.local/lib/python3.12/site-packages/sqlalchemy/engine/base.py", line 3404, in raw_connection
[2026-06-22T07:30:10.526+0000] {subprocess.py:93} INFO -     return self._wrap_pool_connect(self.pool.connect, _connection)
[2026-06-22T07:30:10.527+0000] {subprocess.py:93} INFO -            ^^^^^^^^^^^^^^^^^^^^^^^^^^^^^^^^^^^^^^^^^^^^^^^^^^^^^^^
[2026-06-22T07:30:10.527+0000] {subprocess.py:93} INFO -   File "/home/***/.local/lib/python3.12/site-packages/sqlalchemy/engine/base.py", line 3374, in _wrap_pool_connect
[2026-06-22T07:30:10.527+0000] {subprocess.py:93} INFO -     Connection._handle_dbapi_exception_noconnection(
[2026-06-22T07:30:10.528+0000] {subprocess.py:93} INFO -   File "/home/***/.local/lib/python3.12/site-packages/sqlalchemy/engine/base.py", line 2208, in _handle_dbapi_exception_noconnection
[2026-06-22T07:30:10.528+0000] {subprocess.py:93} INFO -     util.raise_(
[2026-06-22T07:30:10.528+0000] {subprocess.py:93} INFO -   File "/home/***/.local/lib/python3.12/site-packages/sqlalchemy/util/compat.py", line 211, in raise_
[2026-06-22T07:30:10.529+0000] {subprocess.py:93} INFO -     raise exception
[2026-06-22T07:30:10.529+0000] {subprocess.py:93} INFO -   File "/home/***/.local/lib/python3.12/site-packages/sqlalchemy/engine/base.py", line 3371, in _wrap_pool_connect
[2026-06-22T07:30:10.529+0000] {subprocess.py:93} INFO -     return fn()
[2026-06-22T07:30:10.530+0000] {subprocess.py:93} INFO -            ^^^^
[2026-06-22T07:30:10.530+0000] {subprocess.py:93} INFO -   File "/home/***/.local/lib/python3.12/site-packages/sqlalchemy/pool/base.py", line 327, in connect
[2026-06-22T07:30:10.530+0000] {subprocess.py:93} INFO -     return _ConnectionFairy._checkout(self)
[2026-06-22T07:30:10.531+0000] {subprocess.py:93} INFO -            ^^^^^^^^^^^^^^^^^^^^^^^^^^^^^^^^
[2026-06-22T07:30:10.531+0000] {subprocess.py:93} INFO -   File "/home/***/.local/lib/python3.12/site-packages/sqlalchemy/pool/base.py", line 894, in _checkout
[2026-06-22T07:30:10.531+0000] {subprocess.py:93} INFO -     fairy = _ConnectionRecord.checkout(pool)
[2026-06-22T07:30:10.532+0000] {subprocess.py:93} INFO -             ^^^^^^^^^^^^^^^^^^^^^^^^^^^^^^^^
[2026-06-22T07:30:10.532+0000] {subprocess.py:93} INFO -   File "/home/***/.local/lib/python3.12/site-packages/sqlalchemy/pool/base.py", line 493, in checkout
[2026-06-22T07:30:10.532+0000] {subprocess.py:93} INFO -     rec = pool._do_get()
[2026-06-22T07:30:10.533+0000] {subprocess.py:93} INFO -           ^^^^^^^^^^^^^^
[2026-06-22T07:30:10.533+0000] {subprocess.py:93} INFO -   File "/home/***/.local/lib/python3.12/site-packages/sqlalchemy/pool/impl.py", line 145, in _do_get
[2026-06-22T07:30:10.533+0000] {subprocess.py:93} INFO -     with util.safe_reraise():
[2026-06-22T07:30:10.534+0000] {subprocess.py:93} INFO -   File "/home/***/.local/lib/python3.12/site-packages/sqlalchemy/util/langhelpers.py", line 70, in __exit__
[2026-06-22T07:30:10.534+0000] {subprocess.py:93} INFO -     compat.raise_(
[2026-06-22T07:30:10.534+0000] {subprocess.py:93} INFO -   File "/home/***/.local/lib/python3.12/site-packages/sqlalchemy/util/compat.py", line 211, in raise_
[2026-06-22T07:30:10.535+0000] {subprocess.py:93} INFO -     raise exception
[2026-06-22T07:30:10.535+0000] {subprocess.py:93} INFO -   File "/home/***/.local/lib/python3.12/site-packages/sqlalchemy/pool/impl.py", line 143, in _do_get
[2026-06-22T07:30:10.535+0000] {subprocess.py:93} INFO -     return self._create_connection()
[2026-06-22T07:30:10.536+0000] {subprocess.py:93} INFO -            ^^^^^^^^^^^^^^^^^^^^^^^^^
[2026-06-22T07:30:10.536+0000] {subprocess.py:93} INFO -   File "/home/***/.local/lib/python3.12/site-packages/sqlalchemy/pool/base.py", line 273, in _create_connection
[2026-06-22T07:30:10.536+0000] {subprocess.py:93} INFO -     return _ConnectionRecord(self)
[2026-06-22T07:30:10.537+0000] {subprocess.py:93} INFO -            ^^^^^^^^^^^^^^^^^^^^^^^
[2026-06-22T07:30:10.537+0000] {subprocess.py:93} INFO -   File "/home/***/.local/lib/python3.12/site-packages/sqlalchemy/pool/base.py", line 388, in __init__
[2026-06-22T07:30:10.537+0000] {subprocess.py:93} INFO -     self.__connect()
[2026-06-22T07:30:10.538+0000] {subprocess.py:93} INFO -   File "/home/***/.local/lib/python3.12/site-packages/sqlalchemy/pool/base.py", line 690, in __connect
[2026-06-22T07:30:10.538+0000] {subprocess.py:93} INFO -     with util.safe_reraise():
[2026-06-22T07:30:10.538+0000] {subprocess.py:93} INFO -   File "/home/***/.local/lib/python3.12/site-packages/sqlalchemy/util/langhelpers.py", line 70, in __exit__
[2026-06-22T07:30:10.539+0000] {subprocess.py:93} INFO -     compat.raise_(
[2026-06-22T07:30:10.539+0000] {subprocess.py:93} INFO -   File "/home/***/.local/lib/python3.12/site-packages/sqlalchemy/util/compat.py", line 211, in raise_
[2026-06-22T07:30:10.540+0000] {subprocess.py:93} INFO -     raise exception
[2026-06-22T07:30:10.540+0000] {subprocess.py:93} INFO -   File "/home/***/.local/lib/python3.12/site-packages/sqlalchemy/pool/base.py", line 686, in __connect
[2026-06-22T07:30:10.540+0000] {subprocess.py:93} INFO -     self.dbapi_connection = connection = pool._invoke_creator(self)
[2026-06-22T07:30:10.540+0000] {subprocess.py:93} INFO -                                          ^^^^^^^^^^^^^^^^^^^^^^^^^^
[2026-06-22T07:30:10.541+0000] {subprocess.py:93} INFO -   File "/home/***/.local/lib/python3.12/site-packages/sqlalchemy/engine/create.py", line 574, in connect
[2026-06-22T07:30:10.541+0000] {subprocess.py:93} INFO -     return dialect.connect(*cargs, **cparams)
[2026-06-22T07:30:10.541+0000] {subprocess.py:93} INFO -            ^^^^^^^^^^^^^^^^^^^^^^^^^^^^^^^^^^
[2026-06-22T07:30:10.542+0000] {subprocess.py:93} INFO -   File "/home/***/.local/lib/python3.12/site-packages/sqlalchemy/engine/default.py", line 598, in connect
[2026-06-22T07:30:10.542+0000] {subprocess.py:93} INFO -     return self.dbapi.connect(*cargs, **cparams)
[2026-06-22T07:30:10.542+0000] {subprocess.py:93} INFO -            ^^^^^^^^^^^^^^^^^^^^^^^^^^^^^^^^^^^^^
[2026-06-22T07:30:10.543+0000] {subprocess.py:93} INFO -   File "/home/***/.local/lib/python3.12/site-packages/pymysql/connections.py", line 372, in __init__
[2026-06-22T07:30:10.543+0000] {subprocess.py:93} INFO -     self.connect()
[2026-06-22T07:30:10.543+0000] {subprocess.py:93} INFO -   File "/home/***/.local/lib/python3.12/site-packages/pymysql/connections.py", line 744, in connect
[2026-06-22T07:30:10.544+0000] {subprocess.py:93} INFO -     raise exc
[2026-06-22T07:30:10.544+0000] {subprocess.py:93} INFO - sqlalchemy.exc.OperationalError: (pymysql.err.OperationalError) (2003, "Can't connect to MySQL server on 'localhost' ([Errno 111] Connection refused)")
[2026-06-22T07:30:10.544+0000] {subprocess.py:93} INFO - (Background on this error at: https://sqlalche.me/e/14/e3q8)
[2026-06-22T07:30:10.545+0000] {subprocess.py:93} INFO - 
[2026-06-22T07:30:10.545+0000] {subprocess.py:93} INFO - During handling of the above exception, another exception occurred:
[2026-06-22T07:30:10.546+0000] {subprocess.py:93} INFO - 
[2026-06-22T07:30:10.546+0000] {subprocess.py:93} INFO - Traceback (most recent call last):
[2026-06-22T07:30:10.546+0000] {subprocess.py:93} INFO -   File "/opt/***/src/main.py", line 95, in <module>
[2026-06-22T07:30:10.547+0000] {subprocess.py:93} INFO -     main()
[2026-06-22T07:30:10.547+0000] {subprocess.py:93} INFO -   File "/opt/***/src/main.py", line 40, in main
[2026-06-22T07:30:10.547+0000] {subprocess.py:93} INFO -     result = run_pipeline(row)
[2026-06-22T07:30:10.548+0000] {subprocess.py:93} INFO -              ^^^^^^^^^^^^^^^^^
[2026-06-22T07:30:10.548+0000] {subprocess.py:93} INFO -   File "/opt/***/src/pipeline_executor.py", line 506, in run_pipeline
[2026-06-22T07:30:10.548+0000] {subprocess.py:93} INFO -     df = extract_data(
[2026-06-22T07:30:10.549+0000] {subprocess.py:93} INFO -          ^^^^^^^^^^^^^
[2026-06-22T07:30:10.549+0000] {subprocess.py:93} INFO -   File "/opt/***/src/extractor.py", line 203, in extract_data
[2026-06-22T07:30:10.549+0000] {subprocess.py:93} INFO -     engine = connect_db(config)
[2026-06-22T07:30:10.550+0000] {subprocess.py:93} INFO -              ^^^^^^^^^^^^^^^^^^
[2026-06-22T07:30:10.550+0000] {subprocess.py:93} INFO -   File "/opt/***/src/extractor.py", line 186, in connect_db
[2026-06-22T07:30:10.550+0000] {subprocess.py:93} INFO -     raise ConnectionError(
[2026-06-22T07:30:10.551+0000] {subprocess.py:93} INFO - ConnectionError: Could not connect to MYSQL: (pymysql.err.OperationalError) (2003, "Can't connect to MySQL server on 'localhost' ([Errno 111] Connection refused)")
[2026-06-22T07:30:10.551+0000] {subprocess.py:93} INFO - (Background on this error at: https://sqlalche.me/e/14/e3q8)
[2026-06-22T07:30:10.672+0000] {subprocess.py:97} INFO - Command exited with return code 1
[2026-06-22T07:30:10.674+0000] {taskinstance.py:441} INFO - ::group::Post task execution logs
[2026-06-22T07:30:10.685+0000] {taskinstance.py:2905} ERROR - Task failed with exception
Traceback (most recent call last):
  File "/home/airflow/.local/lib/python3.12/site-packages/airflow/models/taskinstance.py", line 465, in _execute_task
    result = _execute_callable(context=context, **execute_callable_kwargs)
             ^^^^^^^^^^^^^^^^^^^^^^^^^^^^^^^^^^^^^^^^^^^^^^^^^^^^^^^^^^^^^
  File "/home/airflow/.local/lib/python3.12/site-packages/airflow/models/taskinstance.py", line 432, in _execute_callable
    return execute_callable(context=context, **execute_callable_kwargs)
           ^^^^^^^^^^^^^^^^^^^^^^^^^^^^^^^^^^^^^^^^^^^^^^^^^^^^^^^^^^^^
  File "/home/airflow/.local/lib/python3.12/site-packages/airflow/models/baseoperator.py", line 400, in wrapper
    return func(self, *args, **kwargs)
           ^^^^^^^^^^^^^^^^^^^^^^^^^^^
  File "/home/airflow/.local/lib/python3.12/site-packages/airflow/operators/bash.py", line 243, in execute
    raise AirflowException(
airflow.exceptions.AirflowException: Bash command failed. The command returned a non-zero exit code 1.
[2026-06-22T07:30:10.691+0000] {taskinstance.py:1206} INFO - Marking task as UP_FOR_RETRY. dag_id=sales_db_to_postgres, task_id=run_pipeline_8, run_id=scheduled__2026-06-22T07:25:00+00:00, execution_date=20260622T072500, start_date=20260622T073003, end_date=20260622T073010
[2026-06-22T07:30:10.708+0000] {standard_task_runner.py:110} ERROR - Failed to execute job 367 for task run_pipeline_8 (Bash command failed. The command returned a non-zero exit code 1.; 2757)
[2026-06-22T07:30:10.747+0000] {local_task_job_runner.py:240} INFO - Task exited with return code 1
[2026-06-22T07:30:10.762+0000] {taskinstance.py:3498} INFO - 0 downstream tasks scheduled from follow-on schedule check
[2026-06-22T07:30:10.765+0000] {local_task_job_runner.py:222} INFO - ::endgroup::
