[2026-05-28T10:26:07.180+0000] {local_task_job_runner.py:120} INFO - ::group::Pre task execution logs
[2026-05-28T10:26:07.265+0000] {taskinstance.py:2076} INFO - Dependencies all met for dep_context=non-requeueable deps ti=<TaskInstance: dynamic_metadata_pipeline.run_pipeline_1 manual__2026-05-28T10:26:05.746146+00:00 [queued]>
[2026-05-28T10:26:07.287+0000] {taskinstance.py:2076} INFO - Dependencies all met for dep_context=requeueable deps ti=<TaskInstance: dynamic_metadata_pipeline.run_pipeline_1 manual__2026-05-28T10:26:05.746146+00:00 [queued]>
[2026-05-28T10:26:07.299+0000] {taskinstance.py:2306} INFO - Starting attempt 1 of 2
[2026-05-28T10:26:07.338+0000] {taskinstance.py:2330} INFO - Executing <Task(BashOperator): run_pipeline_1> on 2026-05-28 10:26:05.746146+00:00
[2026-05-28T10:26:07.354+0000] {standard_task_runner.py:90} INFO - Running: ['***', 'tasks', 'run', 'dynamic_metadata_pipeline', 'run_pipeline_1', 'manual__2026-05-28T10:26:05.746146+00:00', '--job-id', '12', '--raw', '--subdir', 'DAGS_FOLDER/dynamic_pipeline_dag.py', '--cfg-path', '/tmp/tmppst545ni']
[2026-05-28T10:26:07.362+0000] {standard_task_runner.py:91} INFO - Job 12: Subtask run_pipeline_1
[2026-05-28T10:26:07.373+0000] {logging_mixin.py:188} WARNING - /home/***/.local/lib/python3.12/site-packages/***/task/task_runner/standard_task_runner.py:61 DeprecationWarning: This process (pid=175) is multi-threaded, use of fork() may lead to deadlocks in the child.
[2026-05-28T10:26:07.375+0000] {standard_task_runner.py:63} INFO - Started process 176 to run task
[2026-05-28T10:26:07.497+0000] {task_command.py:426} INFO - Running <TaskInstance: dynamic_metadata_pipeline.run_pipeline_1 manual__2026-05-28T10:26:05.746146+00:00 [running]> on host 8a92437a7f72
[2026-05-28T10:26:07.751+0000] {taskinstance.py:2648} INFO - Exporting env vars: AIRFLOW_CTX_DAG_OWNER='subashri' AIRFLOW_CTX_DAG_ID='dynamic_metadata_pipeline' AIRFLOW_CTX_TASK_ID='run_pipeline_1' AIRFLOW_CTX_EXECUTION_DATE='2026-05-28T10:26:05.746146+00:00' AIRFLOW_CTX_TRY_NUMBER='1' AIRFLOW_CTX_DAG_RUN_ID='manual__2026-05-28T10:26:05.746146+00:00'
[2026-05-28T10:26:07.754+0000] {taskinstance.py:430} INFO - ::endgroup::
[2026-05-28T10:26:07.816+0000] {subprocess.py:63} INFO - Tmp dir root location: /tmp
[2026-05-28T10:26:07.818+0000] {subprocess.py:75} INFO - Running command: ['/usr/bin/bash', '-c', 'cd /opt/***/src && python main.py 1']
[2026-05-28T10:26:07.829+0000] {subprocess.py:86} INFO - Output:
[2026-05-28T10:26:10.787+0000] {subprocess.py:93} INFO - Traceback (most recent call last):
[2026-05-28T10:26:10.788+0000] {subprocess.py:93} INFO -   File "/opt/***/src/main.py", line 4, in <module>
[2026-05-28T10:26:10.789+0000] {subprocess.py:93} INFO -     from pipeline_executor import run_pipeline
[2026-05-28T10:26:10.790+0000] {subprocess.py:93} INFO -   File "/opt/***/src/pipeline_executor.py", line 6, in <module>
[2026-05-28T10:26:10.791+0000] {subprocess.py:93} INFO -     from reader import read_input
[2026-05-28T10:26:10.791+0000] {subprocess.py:93} INFO -   File "/opt/***/src/reader.py", line 12, in <module>
[2026-05-28T10:26:10.792+0000] {subprocess.py:93} INFO -     from parser_adapter import (
[2026-05-28T10:26:10.793+0000] {subprocess.py:93} INFO -   File "/opt/***/src/parser_adapter.py", line 4, in <module>
[2026-05-28T10:26:10.794+0000] {subprocess.py:93} INFO -     from parsers.parser_factory import get_parser
[2026-05-28T10:26:10.795+0000] {subprocess.py:93} INFO -   File "/opt/***/src/parsers/parser_factory.py", line 4, in <module>
[2026-05-28T10:26:10.796+0000] {subprocess.py:93} INFO -     from parsers.pdf_parser import parse_pdf
[2026-05-28T10:26:10.797+0000] {subprocess.py:93} INFO -   File "/opt/***/src/parsers/pdf_parser.py", line 1, in <module>
[2026-05-28T10:26:10.799+0000] {subprocess.py:93} INFO -     import PyPDF2
[2026-05-28T10:26:10.800+0000] {subprocess.py:93} INFO - ModuleNotFoundError: No module named 'PyPDF2'
[2026-05-28T10:26:10.980+0000] {subprocess.py:97} INFO - Command exited with return code 1
[2026-05-28T10:26:10.981+0000] {taskinstance.py:441} INFO - ::group::Post task execution logs
[2026-05-28T10:26:10.995+0000] {taskinstance.py:2905} ERROR - Task failed with exception
Traceback (most recent call last):
  File "/home/airflow/.local/lib/python3.12/site-packages/airflow/models/taskinstance.py", line 465, in _execute_task
    result = _execute_callable(context=context, **execute_callable_kwargs)
             ^^^^^^^^^^^^^^^^^^^^^^^^^^^^^^^^^^^^^^^^^^^^^^^^^^^^^^^^^^^^^
  File "/home/airflow/.local/lib/python3.12/site-packages/airflow/models/taskinstance.py", line 432, in _execute_callable
    return execute_callable(context=context, **execute_callable_kwargs)
           ^^^^^^^^^^^^^^^^^^^^^^^^^^^^^^^^^^^^^^^^^^^^^^^^^^^^^^^^^^^^
  File "/home/airflow/.local/lib/python3.12/site-packages/airflow/models/baseoperator.py", line 400, in wrapper
    return func(self, *args, **kwargs)
           ^^^^^^^^^^^^^^^^^^^^^^^^^^^
  File "/home/airflow/.local/lib/python3.12/site-packages/airflow/operators/bash.py", line 243, in execute
    raise AirflowException(
airflow.exceptions.AirflowException: Bash command failed. The command returned a non-zero exit code 1.
[2026-05-28T10:26:11.001+0000] {taskinstance.py:1206} INFO - Marking task as UP_FOR_RETRY. dag_id=dynamic_metadata_pipeline, task_id=run_pipeline_1, run_id=manual__2026-05-28T10:26:05.746146+00:00, execution_date=20260528T102605, start_date=20260528T102607, end_date=20260528T102611
[2026-05-28T10:26:11.029+0000] {standard_task_runner.py:110} ERROR - Failed to execute job 12 for task run_pipeline_1 (Bash command failed. The command returned a non-zero exit code 1.; 176)
[2026-05-28T10:26:11.050+0000] {local_task_job_runner.py:240} INFO - Task exited with return code 1
[2026-05-28T10:26:11.085+0000] {taskinstance.py:3498} INFO - 0 downstream tasks scheduled from follow-on schedule check
[2026-05-28T10:26:11.094+0000] {local_task_job_runner.py:222} INFO - ::endgroup::
