[2026-06-04T07:00:04.733+0000] {local_task_job_runner.py:120} INFO - ::group::Pre task execution logs
[2026-06-04T07:00:04.947+0000] {taskinstance.py:2076} INFO - Dependencies all met for dep_context=non-requeueable deps ti=<TaskInstance: local_to_postgres_pipeline.run_pipeline_4 scheduled__2026-06-04T06:55:00+00:00 [queued]>
[2026-06-04T07:00:05.014+0000] {taskinstance.py:2076} INFO - Dependencies all met for dep_context=requeueable deps ti=<TaskInstance: local_to_postgres_pipeline.run_pipeline_4 scheduled__2026-06-04T06:55:00+00:00 [queued]>
[2026-06-04T07:00:05.022+0000] {taskinstance.py:2306} INFO - Starting attempt 1 of 2
[2026-06-04T07:00:05.132+0000] {taskinstance.py:2330} INFO - Executing <Task(BashOperator): run_pipeline_4> on 2026-06-04 06:55:00+00:00
[2026-06-04T07:00:05.186+0000] {standard_task_runner.py:90} INFO - Running: ['***', 'tasks', 'run', 'local_to_postgres_pipeline', 'run_pipeline_4', 'scheduled__2026-06-04T06:55:00+00:00', '--job-id', '273', '--raw', '--subdir', 'DAGS_FOLDER/dynamic_pipeline_generator.py', '--cfg-path', '/tmp/tmp4ek9dzfx']
[2026-06-04T07:00:05.211+0000] {standard_task_runner.py:91} INFO - Job 273: Subtask run_pipeline_4
[2026-06-04T07:00:05.417+0000] {logging_mixin.py:188} WARNING - /home/***/.local/lib/python3.12/site-packages/***/task/task_runner/standard_task_runner.py:61 DeprecationWarning: This process (pid=4808) is multi-threaded, use of fork() may lead to deadlocks in the child.
[2026-06-04T07:00:05.422+0000] {standard_task_runner.py:63} INFO - Started process 4818 to run task
[2026-06-04T07:00:05.639+0000] {task_command.py:426} INFO - Running <TaskInstance: local_to_postgres_pipeline.run_pipeline_4 scheduled__2026-06-04T06:55:00+00:00 [running]> on host b044b6a9b6bd
[2026-06-04T07:00:06.199+0000] {taskinstance.py:2648} INFO - Exporting env vars: AIRFLOW_CTX_DAG_OWNER='subashri' AIRFLOW_CTX_DAG_ID='local_to_postgres_pipeline' AIRFLOW_CTX_TASK_ID='run_pipeline_4' AIRFLOW_CTX_EXECUTION_DATE='2026-06-04T06:55:00+00:00' AIRFLOW_CTX_TRY_NUMBER='1' AIRFLOW_CTX_DAG_RUN_ID='scheduled__2026-06-04T06:55:00+00:00'
[2026-06-04T07:00:06.202+0000] {taskinstance.py:430} INFO - ::endgroup::
[2026-06-04T07:00:06.351+0000] {subprocess.py:63} INFO - Tmp dir root location: /tmp
[2026-06-04T07:00:06.358+0000] {subprocess.py:75} INFO - Running command: ['/usr/bin/bash', '-c', 'cd /opt/***/src && python main.py 4']
[2026-06-04T07:00:06.463+0000] {subprocess.py:86} INFO - Output:
[2026-06-04T07:00:32.366+0000] {subprocess.py:93} INFO - Using CPU. Note: This module is much faster with a GPU.
[2026-06-04T07:01:54.391+0000] {subprocess.py:93} INFO - /home/***/.local/lib/python3.12/site-packages/torch/utils/data/dataloader.py:752: UserWarning: 'pin_memory' argument is set as true but no accelerator is found, then device pinned memory won't be used.
[2026-06-04T07:01:54.395+0000] {subprocess.py:93} INFO -   super().__init__(loader)
[2026-06-04T07:02:55.027+0000] {subprocess.py:93} INFO - 
[2026-06-04T07:02:55.029+0000] {subprocess.py:93} INFO - ===================================
[2026-06-04T07:02:55.030+0000] {subprocess.py:93} INFO - DATABASE CONNECTION CONFIG
[2026-06-04T07:02:55.032+0000] {subprocess.py:93} INFO - ===================================
[2026-06-04T07:02:55.032+0000] {subprocess.py:93} INFO - DB TYPE   : postgres
[2026-06-04T07:02:55.033+0000] {subprocess.py:93} INFO - HOST      : 3.107.8.33
[2026-06-04T07:02:55.034+0000] {subprocess.py:93} INFO - PORT      : 5432
[2026-06-04T07:02:55.035+0000] {subprocess.py:93} INFO - DATABASE  : metadata_db
[2026-06-04T07:02:55.036+0000] {subprocess.py:93} INFO - USERNAME  : teamuser
[2026-06-04T07:02:55.037+0000] {subprocess.py:93} INFO - ===================================
[2026-06-04T07:02:55.038+0000] {subprocess.py:93} INFO - 
[2026-06-04T07:02:55.039+0000] {subprocess.py:93} INFO - Connected to POSTGRES successfully.
[2026-06-04T07:02:55.040+0000] {subprocess.py:93} INFO - 
[2026-06-04T07:02:55.042+0000] {subprocess.py:93} INFO - Running pipeline: local_to_postgres_pipeline (storage_to_db)
[2026-06-04T07:02:55.043+0000] {subprocess.py:93} INFO - Loading table: customer (2 rows)
[2026-06-04T07:02:55.044+0000] {subprocess.py:93} INFO - Loading table: data pic1 (91 rows)
[2026-06-04T07:02:55.045+0000] {subprocess.py:93} INFO - Loading table: employee (20 rows)
[2026-06-04T07:02:55.046+0000] {subprocess.py:93} INFO - Loading table: employee_data (100 rows)
[2026-06-04T07:02:55.047+0000] {subprocess.py:93} INFO - Loading table: sample (2 rows)
[2026-06-04T07:02:55.048+0000] {subprocess.py:93} INFO - Loading table: word (12 rows)
[2026-06-04T07:02:55.049+0000] {subprocess.py:93} INFO - Processed total rows: 227
[2026-06-04T07:02:55.049+0000] {subprocess.py:93} INFO - Completed: 227 rows processed
[2026-06-04T07:02:56.061+0000] {subprocess.py:97} INFO - Command exited with return code 0
[2026-06-04T07:02:56.064+0000] {taskinstance.py:441} INFO - ::group::Post task execution logs
[2026-06-04T07:02:56.103+0000] {taskinstance.py:1206} INFO - Marking task as SUCCESS. dag_id=local_to_postgres_pipeline, task_id=run_pipeline_4, run_id=scheduled__2026-06-04T06:55:00+00:00, execution_date=20260604T065500, start_date=20260604T070004, end_date=20260604T070256
[2026-06-04T07:02:56.149+0000] {local_task_job_runner.py:240} INFO - Task exited with return code 0
[2026-06-04T07:02:56.171+0000] {taskinstance.py:3498} INFO - 0 downstream tasks scheduled from follow-on schedule check
[2026-06-04T07:02:56.175+0000] {local_task_job_runner.py:222} INFO - ::endgroup::
