[2026-06-03T14:13:56.842+0000] {local_task_job_runner.py:120} INFO - ::group::Pre task execution logs
[2026-06-03T14:13:56.871+0000] {taskinstance.py:2076} INFO - Dependencies all met for dep_context=non-requeueable deps ti=<TaskInstance: s3_to_postgres_pipeline.run_pipeline_5 scheduled__2026-06-03T14:05:00+00:00 [queued]>
[2026-06-03T14:13:56.880+0000] {taskinstance.py:2076} INFO - Dependencies all met for dep_context=requeueable deps ti=<TaskInstance: s3_to_postgres_pipeline.run_pipeline_5 scheduled__2026-06-03T14:05:00+00:00 [queued]>
[2026-06-03T14:13:56.881+0000] {taskinstance.py:2306} INFO - Starting attempt 1 of 2
[2026-06-03T14:13:56.895+0000] {taskinstance.py:2330} INFO - Executing <Task(BashOperator): run_pipeline_5> on 2026-06-03 14:05:00+00:00
[2026-06-03T14:13:56.901+0000] {standard_task_runner.py:90} INFO - Running: ['***', 'tasks', 'run', 's3_to_postgres_pipeline', 'run_pipeline_5', 'scheduled__2026-06-03T14:05:00+00:00', '--job-id', '173', '--raw', '--subdir', 'DAGS_FOLDER/dynamic_pipeline_generator.py', '--cfg-path', '/tmp/tmpsmowt_4r']
[2026-06-03T14:13:56.904+0000] {logging_mixin.py:188} WARNING - /home/***/.local/lib/python3.12/site-packages/***/task/task_runner/standard_task_runner.py:61 DeprecationWarning: This process (pid=900) is multi-threaded, use of fork() may lead to deadlocks in the child.
[2026-06-03T14:13:56.904+0000] {standard_task_runner.py:91} INFO - Job 173: Subtask run_pipeline_5
[2026-06-03T14:13:56.905+0000] {standard_task_runner.py:63} INFO - Started process 901 to run task
[2026-06-03T14:13:56.951+0000] {task_command.py:426} INFO - Running <TaskInstance: s3_to_postgres_pipeline.run_pipeline_5 scheduled__2026-06-03T14:05:00+00:00 [running]> on host c3bf940c8326
[2026-06-03T14:13:57.030+0000] {taskinstance.py:2648} INFO - Exporting env vars: AIRFLOW_CTX_DAG_OWNER='subashri' AIRFLOW_CTX_DAG_ID='s3_to_postgres_pipeline' AIRFLOW_CTX_TASK_ID='run_pipeline_5' AIRFLOW_CTX_EXECUTION_DATE='2026-06-03T14:05:00+00:00' AIRFLOW_CTX_TRY_NUMBER='1' AIRFLOW_CTX_DAG_RUN_ID='scheduled__2026-06-03T14:05:00+00:00'
[2026-06-03T14:13:57.032+0000] {taskinstance.py:430} INFO - ::endgroup::
[2026-06-03T14:13:57.047+0000] {subprocess.py:63} INFO - Tmp dir root location: /tmp
[2026-06-03T14:13:57.049+0000] {subprocess.py:75} INFO - Running command: ['/usr/bin/bash', '-c', 'cd /opt/***/src && python main.py 5']
[2026-06-03T14:13:57.057+0000] {subprocess.py:86} INFO - Output:
[2026-06-03T14:14:19.099+0000] {subprocess.py:93} INFO - 
[2026-06-03T14:14:19.100+0000] {subprocess.py:93} INFO - ===================================
[2026-06-03T14:14:19.101+0000] {subprocess.py:93} INFO - DATABASE CONNECTION CONFIG
[2026-06-03T14:14:19.101+0000] {subprocess.py:93} INFO - ===================================
[2026-06-03T14:14:19.102+0000] {subprocess.py:93} INFO - DB TYPE   : postgres
[2026-06-03T14:14:19.102+0000] {subprocess.py:93} INFO - HOST      : 3.107.8.33
[2026-06-03T14:14:19.103+0000] {subprocess.py:93} INFO - PORT      : 5432
[2026-06-03T14:14:19.104+0000] {subprocess.py:93} INFO - DATABASE  : metadata_db
[2026-06-03T14:14:19.105+0000] {subprocess.py:93} INFO - USERNAME  : teamuser
[2026-06-03T14:14:19.106+0000] {subprocess.py:93} INFO - ===================================
[2026-06-03T14:14:19.107+0000] {subprocess.py:93} INFO - 
[2026-06-03T14:14:19.108+0000] {subprocess.py:93} INFO - Connected to POSTGRES successfully.
[2026-06-03T14:14:19.108+0000] {subprocess.py:93} INFO - 
[2026-06-03T14:14:19.109+0000] {subprocess.py:93} INFO - Running pipeline: s3_to_postgres_pipeline (storage_to_db)
[2026-06-03T14:14:19.109+0000] {subprocess.py:93} INFO - Loading table: customer_feb (120 rows)
[2026-06-03T14:14:19.110+0000] {subprocess.py:93} INFO - Loading table: customer_jan (100 rows)
[2026-06-03T14:14:19.111+0000] {subprocess.py:93} INFO - Loading table: customer_march (150 rows)
[2026-06-03T14:14:19.111+0000] {subprocess.py:93} INFO - Processed total rows: 370
[2026-06-03T14:14:19.111+0000] {subprocess.py:93} INFO - Completed: 370 rows processed
[2026-06-03T14:14:19.342+0000] {subprocess.py:97} INFO - Command exited with return code 0
[2026-06-03T14:14:19.353+0000] {taskinstance.py:441} INFO - ::group::Post task execution logs
[2026-06-03T14:14:19.378+0000] {taskinstance.py:1206} INFO - Marking task as SUCCESS. dag_id=s3_to_postgres_pipeline, task_id=run_pipeline_5, run_id=scheduled__2026-06-03T14:05:00+00:00, execution_date=20260603T140500, start_date=20260603T141356, end_date=20260603T141419
[2026-06-03T14:14:19.432+0000] {local_task_job_runner.py:240} INFO - Task exited with return code 0
[2026-06-03T14:14:19.443+0000] {local_task_job_runner.py:222} INFO - ::endgroup::
