[2026-06-04T06:00:02.285+0000] {local_task_job_runner.py:120} INFO - ::group::Pre task execution logs
[2026-06-04T06:00:02.320+0000] {taskinstance.py:2076} INFO - Dependencies all met for dep_context=non-requeueable deps ti=<TaskInstance: s3_to_local_pipeline.run_pipeline_7 scheduled__2026-06-04T05:55:00+00:00 [queued]>
[2026-06-04T06:00:02.330+0000] {taskinstance.py:2076} INFO - Dependencies all met for dep_context=requeueable deps ti=<TaskInstance: s3_to_local_pipeline.run_pipeline_7 scheduled__2026-06-04T05:55:00+00:00 [queued]>
[2026-06-04T06:00:02.332+0000] {taskinstance.py:2306} INFO - Starting attempt 1 of 2
[2026-06-04T06:00:02.347+0000] {taskinstance.py:2330} INFO - Executing <Task(BashOperator): run_pipeline_7> on 2026-06-04 05:55:00+00:00
[2026-06-04T06:00:02.354+0000] {standard_task_runner.py:90} INFO - Running: ['***', 'tasks', 'run', 's3_to_local_pipeline', 'run_pipeline_7', 'scheduled__2026-06-04T05:55:00+00:00', '--job-id', '217', '--raw', '--subdir', 'DAGS_FOLDER/dynamic_pipeline_generator.py', '--cfg-path', '/tmp/tmps2e01cmf']
[2026-06-04T06:00:02.357+0000] {standard_task_runner.py:91} INFO - Job 217: Subtask run_pipeline_7
[2026-06-04T06:00:02.358+0000] {logging_mixin.py:188} WARNING - /home/***/.local/lib/python3.12/site-packages/***/task/task_runner/standard_task_runner.py:61 DeprecationWarning: This process (pid=2786) is multi-threaded, use of fork() may lead to deadlocks in the child.
[2026-06-04T06:00:02.359+0000] {standard_task_runner.py:63} INFO - Started process 2787 to run task
[2026-06-04T06:00:02.403+0000] {task_command.py:426} INFO - Running <TaskInstance: s3_to_local_pipeline.run_pipeline_7 scheduled__2026-06-04T05:55:00+00:00 [running]> on host b044b6a9b6bd
[2026-06-04T06:00:02.486+0000] {taskinstance.py:2648} INFO - Exporting env vars: AIRFLOW_CTX_DAG_OWNER='subashri' AIRFLOW_CTX_DAG_ID='s3_to_local_pipeline' AIRFLOW_CTX_TASK_ID='run_pipeline_7' AIRFLOW_CTX_EXECUTION_DATE='2026-06-04T05:55:00+00:00' AIRFLOW_CTX_TRY_NUMBER='1' AIRFLOW_CTX_DAG_RUN_ID='scheduled__2026-06-04T05:55:00+00:00'
[2026-06-04T06:00:02.487+0000] {taskinstance.py:430} INFO - ::endgroup::
[2026-06-04T06:00:02.503+0000] {subprocess.py:63} INFO - Tmp dir root location: /tmp
[2026-06-04T06:00:02.504+0000] {subprocess.py:75} INFO - Running command: ['/usr/bin/bash', '-c', 'cd /opt/***/src && python main.py 7']
[2026-06-04T06:00:02.512+0000] {subprocess.py:86} INFO - Output:
[2026-06-04T06:00:09.226+0000] {subprocess.py:93} INFO - 
[2026-06-04T06:00:09.228+0000] {subprocess.py:93} INFO - ===================================
[2026-06-04T06:00:09.230+0000] {subprocess.py:93} INFO - DATABASE CONNECTION CONFIG
[2026-06-04T06:00:09.232+0000] {subprocess.py:93} INFO - ===================================
[2026-06-04T06:00:09.233+0000] {subprocess.py:93} INFO - DB TYPE   : postgres
[2026-06-04T06:00:09.234+0000] {subprocess.py:93} INFO - HOST      : 3.107.8.33
[2026-06-04T06:00:09.236+0000] {subprocess.py:93} INFO - PORT      : 5432
[2026-06-04T06:00:09.239+0000] {subprocess.py:93} INFO - DATABASE  : metadata_db
[2026-06-04T06:00:09.240+0000] {subprocess.py:93} INFO - USERNAME  : teamuser
[2026-06-04T06:00:09.241+0000] {subprocess.py:93} INFO - ===================================
[2026-06-04T06:00:09.242+0000] {subprocess.py:93} INFO - 
[2026-06-04T06:00:09.243+0000] {subprocess.py:93} INFO - Connected to POSTGRES successfully.
[2026-06-04T06:00:09.244+0000] {subprocess.py:93} INFO - 
[2026-06-04T06:00:09.244+0000] {subprocess.py:93} INFO - Running pipeline: s3_to_local_pipeline (storage_to_storage)
[2026-06-04T06:00:09.245+0000] {subprocess.py:93} INFO - Processing file: customer_feb (120 rows)
[2026-06-04T06:00:09.246+0000] {subprocess.py:93} INFO - Processing file: customer_jan (100 rows)
[2026-06-04T06:00:09.247+0000] {subprocess.py:93} INFO - Processing file: customer_march (150 rows)
[2026-06-04T06:00:09.248+0000] {subprocess.py:93} INFO - Processed total rows: 370
[2026-06-04T06:00:09.249+0000] {subprocess.py:93} INFO - Completed: 370 rows processed
[2026-06-04T06:00:09.452+0000] {subprocess.py:97} INFO - Command exited with return code 0
[2026-06-04T06:00:09.453+0000] {taskinstance.py:441} INFO - ::group::Post task execution logs
[2026-06-04T06:00:09.485+0000] {taskinstance.py:1206} INFO - Marking task as SUCCESS. dag_id=s3_to_local_pipeline, task_id=run_pipeline_7, run_id=scheduled__2026-06-04T05:55:00+00:00, execution_date=20260604T055500, start_date=20260604T060002, end_date=20260604T060009
[2026-06-04T06:00:09.509+0000] {local_task_job_runner.py:240} INFO - Task exited with return code 0
[2026-06-04T06:00:09.523+0000] {taskinstance.py:3498} INFO - 0 downstream tasks scheduled from follow-on schedule check
[2026-06-04T06:00:09.527+0000] {local_task_job_runner.py:222} INFO - ::endgroup::
