[2026-06-04T06:40:04.383+0000] {local_task_job_runner.py:120} INFO - ::group::Pre task execution logs
[2026-06-04T06:40:04.542+0000] {taskinstance.py:2076} INFO - Dependencies all met for dep_context=non-requeueable deps ti=<TaskInstance: postgres_to_postgres_pipeline.run_pipeline_3 scheduled__2026-06-04T06:35:00+00:00 [queued]>
[2026-06-04T06:40:04.575+0000] {taskinstance.py:2076} INFO - Dependencies all met for dep_context=requeueable deps ti=<TaskInstance: postgres_to_postgres_pipeline.run_pipeline_3 scheduled__2026-06-04T06:35:00+00:00 [queued]>
[2026-06-04T06:40:04.577+0000] {taskinstance.py:2306} INFO - Starting attempt 1 of 2
[2026-06-04T06:40:04.641+0000] {taskinstance.py:2330} INFO - Executing <Task(BashOperator): run_pipeline_3> on 2026-06-04 06:35:00+00:00
[2026-06-04T06:40:04.705+0000] {standard_task_runner.py:90} INFO - Running: ['***', 'tasks', 'run', 'postgres_to_postgres_pipeline', 'run_pipeline_3', 'scheduled__2026-06-04T06:35:00+00:00', '--job-id', '247', '--raw', '--subdir', 'DAGS_FOLDER/dynamic_pipeline_generator.py', '--cfg-path', '/tmp/tmpv1vh0m36']
[2026-06-04T06:40:04.728+0000] {standard_task_runner.py:91} INFO - Job 247: Subtask run_pipeline_3
[2026-06-04T06:40:04.763+0000] {logging_mixin.py:188} WARNING - /home/***/.local/lib/python3.12/site-packages/***/task/task_runner/standard_task_runner.py:61 DeprecationWarning: This process (pid=3966) is multi-threaded, use of fork() may lead to deadlocks in the child.
[2026-06-04T06:40:04.770+0000] {standard_task_runner.py:63} INFO - Started process 3973 to run task
[2026-06-04T06:40:04.950+0000] {task_command.py:426} INFO - Running <TaskInstance: postgres_to_postgres_pipeline.run_pipeline_3 scheduled__2026-06-04T06:35:00+00:00 [running]> on host b044b6a9b6bd
[2026-06-04T06:40:05.348+0000] {taskinstance.py:2648} INFO - Exporting env vars: AIRFLOW_CTX_DAG_OWNER='subashri' AIRFLOW_CTX_DAG_ID='postgres_to_postgres_pipeline' AIRFLOW_CTX_TASK_ID='run_pipeline_3' AIRFLOW_CTX_EXECUTION_DATE='2026-06-04T06:35:00+00:00' AIRFLOW_CTX_TRY_NUMBER='1' AIRFLOW_CTX_DAG_RUN_ID='scheduled__2026-06-04T06:35:00+00:00'
[2026-06-04T06:40:05.354+0000] {taskinstance.py:430} INFO - ::endgroup::
[2026-06-04T06:40:05.460+0000] {subprocess.py:63} INFO - Tmp dir root location: /tmp
[2026-06-04T06:40:05.498+0000] {subprocess.py:75} INFO - Running command: ['/usr/bin/bash', '-c', 'cd /opt/***/src && python main.py 3']
[2026-06-04T06:40:05.604+0000] {subprocess.py:86} INFO - Output:
[2026-06-04T06:40:23.406+0000] {subprocess.py:93} INFO - 
[2026-06-04T06:40:23.408+0000] {subprocess.py:93} INFO - ===================================
[2026-06-04T06:40:23.409+0000] {subprocess.py:93} INFO - DATABASE CONNECTION CONFIG
[2026-06-04T06:40:23.410+0000] {subprocess.py:93} INFO - ===================================
[2026-06-04T06:40:23.411+0000] {subprocess.py:93} INFO - DB TYPE   : postgres
[2026-06-04T06:40:23.412+0000] {subprocess.py:93} INFO - HOST      : 3.107.8.33
[2026-06-04T06:40:23.412+0000] {subprocess.py:93} INFO - PORT      : 5432
[2026-06-04T06:40:23.413+0000] {subprocess.py:93} INFO - DATABASE  : metadata_db
[2026-06-04T06:40:23.414+0000] {subprocess.py:93} INFO - USERNAME  : teamuser
[2026-06-04T06:40:23.415+0000] {subprocess.py:93} INFO - ===================================
[2026-06-04T06:40:23.416+0000] {subprocess.py:93} INFO - 
[2026-06-04T06:40:23.417+0000] {subprocess.py:93} INFO - Connected to POSTGRES successfully.
[2026-06-04T06:40:23.417+0000] {subprocess.py:93} INFO - 
[2026-06-04T06:40:23.418+0000] {subprocess.py:93} INFO - Running pipeline: postgres_to_postgres_pipeline (db_to_db)
[2026-06-04T06:40:23.419+0000] {subprocess.py:93} INFO - 
[2026-06-04T06:40:23.420+0000] {subprocess.py:93} INFO - ===================================
[2026-06-04T06:40:23.421+0000] {subprocess.py:93} INFO - DATABASE CONNECTION CONFIG
[2026-06-04T06:40:23.422+0000] {subprocess.py:93} INFO - ===================================
[2026-06-04T06:40:23.423+0000] {subprocess.py:93} INFO - DB TYPE   : postgres
[2026-06-04T06:40:23.424+0000] {subprocess.py:93} INFO - HOST      : 3.107.8.33
[2026-06-04T06:40:23.425+0000] {subprocess.py:93} INFO - PORT      : 5432
[2026-06-04T06:40:23.426+0000] {subprocess.py:93} INFO - DATABASE  : udifdb
[2026-06-04T06:40:23.426+0000] {subprocess.py:93} INFO - USERNAME  : teamuser
[2026-06-04T06:40:23.427+0000] {subprocess.py:93} INFO - ===================================
[2026-06-04T06:40:23.428+0000] {subprocess.py:93} INFO - 
[2026-06-04T06:40:23.429+0000] {subprocess.py:93} INFO - Connected to POSTGRES successfully.
[2026-06-04T06:40:23.430+0000] {subprocess.py:93} INFO - Completed: 4653 rows processed
[2026-06-04T06:40:23.635+0000] {subprocess.py:97} INFO - Command exited with return code 0
[2026-06-04T06:40:23.638+0000] {taskinstance.py:441} INFO - ::group::Post task execution logs
[2026-06-04T06:40:23.678+0000] {taskinstance.py:1206} INFO - Marking task as SUCCESS. dag_id=postgres_to_postgres_pipeline, task_id=run_pipeline_3, run_id=scheduled__2026-06-04T06:35:00+00:00, execution_date=20260604T063500, start_date=20260604T064004, end_date=20260604T064023
[2026-06-04T06:40:23.708+0000] {local_task_job_runner.py:240} INFO - Task exited with return code 0
[2026-06-04T06:40:23.736+0000] {taskinstance.py:3498} INFO - 0 downstream tasks scheduled from follow-on schedule check
[2026-06-04T06:40:23.740+0000] {local_task_job_runner.py:222} INFO - ::endgroup::
