[2026-06-03T11:15:28.834+0000] {local_task_job_runner.py:120} INFO - ::group::Pre task execution logs
[2026-06-03T11:15:28.878+0000] {taskinstance.py:2076} INFO - Dependencies all met for dep_context=non-requeueable deps ti=<TaskInstance: dynamic_metadata_pipeline.run_pipeline_2 manual__2026-06-03T11:15:26.888720+00:00 [queued]>
[2026-06-03T11:15:28.889+0000] {taskinstance.py:2076} INFO - Dependencies all met for dep_context=requeueable deps ti=<TaskInstance: dynamic_metadata_pipeline.run_pipeline_2 manual__2026-06-03T11:15:26.888720+00:00 [queued]>
[2026-06-03T11:15:28.890+0000] {taskinstance.py:2306} INFO - Starting attempt 1 of 2
[2026-06-03T11:15:28.905+0000] {taskinstance.py:2330} INFO - Executing <Task(BashOperator): run_pipeline_2> on 2026-06-03 11:15:26.888720+00:00
[2026-06-03T11:15:28.913+0000] {standard_task_runner.py:90} INFO - Running: ['***', 'tasks', 'run', 'dynamic_metadata_pipeline', 'run_pipeline_2', 'manual__2026-06-03T11:15:26.888720+00:00', '--job-id', '123', '--raw', '--subdir', 'DAGS_FOLDER/dynamic_pipeline_dag.py', '--cfg-path', '/tmp/tmp5x5x6726']
[2026-06-03T11:15:28.918+0000] {standard_task_runner.py:91} INFO - Job 123: Subtask run_pipeline_2
[2026-06-03T11:15:28.918+0000] {logging_mixin.py:188} WARNING - /home/***/.local/lib/python3.12/site-packages/***/task/task_runner/standard_task_runner.py:61 DeprecationWarning: This process (pid=965) is multi-threaded, use of fork() may lead to deadlocks in the child.
[2026-06-03T11:15:28.919+0000] {standard_task_runner.py:63} INFO - Started process 969 to run task
[2026-06-03T11:15:28.974+0000] {task_command.py:426} INFO - Running <TaskInstance: dynamic_metadata_pipeline.run_pipeline_2 manual__2026-06-03T11:15:26.888720+00:00 [running]> on host c3bf940c8326
[2026-06-03T11:15:29.082+0000] {taskinstance.py:2648} INFO - Exporting env vars: AIRFLOW_CTX_DAG_OWNER='subashri' AIRFLOW_CTX_DAG_ID='dynamic_metadata_pipeline' AIRFLOW_CTX_TASK_ID='run_pipeline_2' AIRFLOW_CTX_EXECUTION_DATE='2026-06-03T11:15:26.888720+00:00' AIRFLOW_CTX_TRY_NUMBER='1' AIRFLOW_CTX_DAG_RUN_ID='manual__2026-06-03T11:15:26.888720+00:00'
[2026-06-03T11:15:29.083+0000] {taskinstance.py:430} INFO - ::endgroup::
[2026-06-03T11:15:29.112+0000] {subprocess.py:63} INFO - Tmp dir root location: /tmp
[2026-06-03T11:15:29.114+0000] {subprocess.py:75} INFO - Running command: ['/usr/bin/bash', '-c', 'cd /opt/***/src && python main.py 2']
[2026-06-03T11:15:29.124+0000] {subprocess.py:86} INFO - Output:
[2026-06-03T11:15:36.926+0000] {subprocess.py:93} INFO - 
[2026-06-03T11:15:36.927+0000] {subprocess.py:93} INFO - ===================================
[2026-06-03T11:15:36.927+0000] {subprocess.py:93} INFO - DATABASE CONNECTION CONFIG
[2026-06-03T11:15:36.928+0000] {subprocess.py:93} INFO - ===================================
[2026-06-03T11:15:36.928+0000] {subprocess.py:93} INFO - DB TYPE   : postgres
[2026-06-03T11:15:36.928+0000] {subprocess.py:93} INFO - HOST      : 3.107.8.33
[2026-06-03T11:15:36.929+0000] {subprocess.py:93} INFO - PORT      : 5432
[2026-06-03T11:15:36.929+0000] {subprocess.py:93} INFO - DATABASE  : metadata_db
[2026-06-03T11:15:36.930+0000] {subprocess.py:93} INFO - USERNAME  : teamuser
[2026-06-03T11:15:36.930+0000] {subprocess.py:93} INFO - ===================================
[2026-06-03T11:15:36.931+0000] {subprocess.py:93} INFO - 
[2026-06-03T11:15:36.931+0000] {subprocess.py:93} INFO - Connected to POSTGRES successfully.
[2026-06-03T11:15:36.932+0000] {subprocess.py:93} INFO - 
[2026-06-03T11:15:36.932+0000] {subprocess.py:93} INFO - Running pipeline: postgres_to_local_pipeline (db_to_storage)
[2026-06-03T11:15:36.933+0000] {subprocess.py:93} INFO - 
[2026-06-03T11:15:36.933+0000] {subprocess.py:93} INFO - ===================================
[2026-06-03T11:15:36.934+0000] {subprocess.py:93} INFO - DATABASE CONNECTION CONFIG
[2026-06-03T11:15:36.934+0000] {subprocess.py:93} INFO - ===================================
[2026-06-03T11:15:36.935+0000] {subprocess.py:93} INFO - DB TYPE   : postgres
[2026-06-03T11:15:36.935+0000] {subprocess.py:93} INFO - HOST      : 3.107.8.33
[2026-06-03T11:15:36.936+0000] {subprocess.py:93} INFO - PORT      : 5432
[2026-06-03T11:15:36.936+0000] {subprocess.py:93} INFO - DATABASE  : udifdb
[2026-06-03T11:15:36.937+0000] {subprocess.py:93} INFO - USERNAME  : teamuser
[2026-06-03T11:15:36.937+0000] {subprocess.py:93} INFO - ===================================
[2026-06-03T11:15:36.938+0000] {subprocess.py:93} INFO - 
[2026-06-03T11:15:36.938+0000] {subprocess.py:93} INFO - Connected to POSTGRES successfully.
[2026-06-03T11:15:36.938+0000] {subprocess.py:93} INFO - Completed: 4653 rows processed
[2026-06-03T11:15:37.095+0000] {subprocess.py:97} INFO - Command exited with return code 0
[2026-06-03T11:15:37.096+0000] {taskinstance.py:441} INFO - ::group::Post task execution logs
[2026-06-03T11:15:37.153+0000] {taskinstance.py:1206} INFO - Marking task as SUCCESS. dag_id=dynamic_metadata_pipeline, task_id=run_pipeline_2, run_id=manual__2026-06-03T11:15:26.888720+00:00, execution_date=20260603T111526, start_date=20260603T111528, end_date=20260603T111537
[2026-06-03T11:15:37.199+0000] {local_task_job_runner.py:240} INFO - Task exited with return code 0
[2026-06-03T11:15:37.221+0000] {taskinstance.py:3498} INFO - 0 downstream tasks scheduled from follow-on schedule check
[2026-06-03T11:15:37.224+0000] {local_task_job_runner.py:222} INFO - ::endgroup::
