[2026-06-04T06:35:03.729+0000] {local_task_job_runner.py:120} INFO - ::group::Pre task execution logs
[2026-06-04T06:35:03.876+0000] {taskinstance.py:2076} INFO - Dependencies all met for dep_context=non-requeueable deps ti=<TaskInstance: local_to_s3_pipeline.run_pipeline_6 scheduled__2026-06-04T06:30:00+00:00 [queued]>
[2026-06-04T06:35:03.913+0000] {taskinstance.py:2076} INFO - Dependencies all met for dep_context=requeueable deps ti=<TaskInstance: local_to_s3_pipeline.run_pipeline_6 scheduled__2026-06-04T06:30:00+00:00 [queued]>
[2026-06-04T06:35:03.916+0000] {taskinstance.py:2306} INFO - Starting attempt 1 of 2
[2026-06-04T06:35:03.975+0000] {taskinstance.py:2330} INFO - Executing <Task(BashOperator): run_pipeline_6> on 2026-06-04 06:30:00+00:00
[2026-06-04T06:35:04.018+0000] {standard_task_runner.py:90} INFO - Running: ['***', 'tasks', 'run', 'local_to_s3_pipeline', 'run_pipeline_6', 'scheduled__2026-06-04T06:30:00+00:00', '--job-id', '240', '--raw', '--subdir', 'DAGS_FOLDER/dynamic_pipeline_generator.py', '--cfg-path', '/tmp/tmplc_06ext']
[2026-06-04T06:35:04.034+0000] {standard_task_runner.py:91} INFO - Job 240: Subtask run_pipeline_6
[2026-06-04T06:35:04.075+0000] {logging_mixin.py:188} WARNING - /home/***/.local/lib/python3.12/site-packages/***/task/task_runner/standard_task_runner.py:61 DeprecationWarning: This process (pid=3721) is multi-threaded, use of fork() may lead to deadlocks in the child.
[2026-06-04T06:35:04.088+0000] {standard_task_runner.py:63} INFO - Started process 3728 to run task
[2026-06-04T06:35:04.240+0000] {task_command.py:426} INFO - Running <TaskInstance: local_to_s3_pipeline.run_pipeline_6 scheduled__2026-06-04T06:30:00+00:00 [running]> on host b044b6a9b6bd
[2026-06-04T06:35:04.591+0000] {taskinstance.py:2648} INFO - Exporting env vars: AIRFLOW_CTX_DAG_OWNER='subashri' AIRFLOW_CTX_DAG_ID='local_to_s3_pipeline' AIRFLOW_CTX_TASK_ID='run_pipeline_6' AIRFLOW_CTX_EXECUTION_DATE='2026-06-04T06:30:00+00:00' AIRFLOW_CTX_TRY_NUMBER='1' AIRFLOW_CTX_DAG_RUN_ID='scheduled__2026-06-04T06:30:00+00:00'
[2026-06-04T06:35:04.593+0000] {taskinstance.py:430} INFO - ::endgroup::
[2026-06-04T06:35:04.666+0000] {subprocess.py:63} INFO - Tmp dir root location: /tmp
[2026-06-04T06:35:04.672+0000] {subprocess.py:75} INFO - Running command: ['/usr/bin/bash', '-c', 'cd /opt/***/src && python main.py 6']
[2026-06-04T06:35:04.700+0000] {subprocess.py:86} INFO - Output:
[2026-06-04T06:35:27.611+0000] {subprocess.py:93} INFO - Using CPU. Note: This module is much faster with a GPU.
[2026-06-04T06:35:53.228+0000] {subprocess.py:97} INFO - Command exited with return code -9
[2026-06-04T06:35:53.612+0000] {taskinstance.py:441} INFO - ::group::Post task execution logs
[2026-06-04T06:35:55.284+0000] {taskinstance.py:2905} ERROR - Task failed with exception
Traceback (most recent call last):
  File "/home/airflow/.local/lib/python3.12/site-packages/airflow/models/taskinstance.py", line 465, in _execute_task
    result = _execute_callable(context=context, **execute_callable_kwargs)
             ^^^^^^^^^^^^^^^^^^^^^^^^^^^^^^^^^^^^^^^^^^^^^^^^^^^^^^^^^^^^^
  File "/home/airflow/.local/lib/python3.12/site-packages/airflow/models/taskinstance.py", line 432, in _execute_callable
    return execute_callable(context=context, **execute_callable_kwargs)
           ^^^^^^^^^^^^^^^^^^^^^^^^^^^^^^^^^^^^^^^^^^^^^^^^^^^^^^^^^^^^
  File "/home/airflow/.local/lib/python3.12/site-packages/airflow/models/baseoperator.py", line 400, in wrapper
    return func(self, *args, **kwargs)
           ^^^^^^^^^^^^^^^^^^^^^^^^^^^
  File "/home/airflow/.local/lib/python3.12/site-packages/airflow/operators/bash.py", line 243, in execute
    raise AirflowException(
airflow.exceptions.AirflowException: Bash command failed. The command returned a non-zero exit code -9.
[2026-06-04T06:35:55.660+0000] {taskinstance.py:1206} INFO - Marking task as UP_FOR_RETRY. dag_id=local_to_s3_pipeline, task_id=run_pipeline_6, run_id=scheduled__2026-06-04T06:30:00+00:00, execution_date=20260604T063000, start_date=20260604T063503, end_date=20260604T063555
[2026-06-04T06:35:56.351+0000] {standard_task_runner.py:110} ERROR - Failed to execute job 240 for task run_pipeline_6 (Bash command failed. The command returned a non-zero exit code -9.; 3728)
[2026-06-04T06:35:56.622+0000] {local_task_job_runner.py:240} INFO - Task exited with return code 1
[2026-06-04T06:35:57.625+0000] {taskinstance.py:3498} INFO - 0 downstream tasks scheduled from follow-on schedule check
[2026-06-04T06:35:57.650+0000] {local_task_job_runner.py:222} INFO - ::endgroup::
