[2026-06-04T06:50:05.228+0000] {local_task_job_runner.py:120} INFO - ::group::Pre task execution logs
[2026-06-04T06:50:05.308+0000] {taskinstance.py:2076} INFO - Dependencies all met for dep_context=non-requeueable deps ti=<TaskInstance: postgres_to_postgres_pipeline.run_pipeline_3 scheduled__2026-06-04T06:45:00+00:00 [queued]>
[2026-06-04T06:50:05.335+0000] {taskinstance.py:2076} INFO - Dependencies all met for dep_context=requeueable deps ti=<TaskInstance: postgres_to_postgres_pipeline.run_pipeline_3 scheduled__2026-06-04T06:45:00+00:00 [queued]>
[2026-06-04T06:50:05.337+0000] {taskinstance.py:2306} INFO - Starting attempt 1 of 2
[2026-06-04T06:50:05.383+0000] {taskinstance.py:2330} INFO - Executing <Task(BashOperator): run_pipeline_3> on 2026-06-04 06:45:00+00:00
[2026-06-04T06:50:05.425+0000] {standard_task_runner.py:90} INFO - Running: ['***', 'tasks', 'run', 'postgres_to_postgres_pipeline', 'run_pipeline_3', 'scheduled__2026-06-04T06:45:00+00:00', '--job-id', '259', '--raw', '--subdir', 'DAGS_FOLDER/dynamic_pipeline_generator.py', '--cfg-path', '/tmp/tmp0ga90lmk']
[2026-06-04T06:50:05.443+0000] {standard_task_runner.py:91} INFO - Job 259: Subtask run_pipeline_3
[2026-06-04T06:50:05.495+0000] {logging_mixin.py:188} WARNING - /home/***/.local/lib/python3.12/site-packages/***/task/task_runner/standard_task_runner.py:61 DeprecationWarning: This process (pid=4406) is multi-threaded, use of fork() may lead to deadlocks in the child.
[2026-06-04T06:50:05.499+0000] {standard_task_runner.py:63} INFO - Started process 4410 to run task
[2026-06-04T06:50:05.640+0000] {task_command.py:426} INFO - Running <TaskInstance: postgres_to_postgres_pipeline.run_pipeline_3 scheduled__2026-06-04T06:45:00+00:00 [running]> on host b044b6a9b6bd
[2026-06-04T06:50:06.093+0000] {taskinstance.py:2648} INFO - Exporting env vars: AIRFLOW_CTX_DAG_OWNER='subashri' AIRFLOW_CTX_DAG_ID='postgres_to_postgres_pipeline' AIRFLOW_CTX_TASK_ID='run_pipeline_3' AIRFLOW_CTX_EXECUTION_DATE='2026-06-04T06:45:00+00:00' AIRFLOW_CTX_TRY_NUMBER='1' AIRFLOW_CTX_DAG_RUN_ID='scheduled__2026-06-04T06:45:00+00:00'
[2026-06-04T06:50:06.103+0000] {taskinstance.py:430} INFO - ::endgroup::
[2026-06-04T06:50:06.186+0000] {subprocess.py:63} INFO - Tmp dir root location: /tmp
[2026-06-04T06:50:06.196+0000] {subprocess.py:75} INFO - Running command: ['/usr/bin/bash', '-c', 'cd /opt/***/src && python main.py 3']
[2026-06-04T06:50:06.266+0000] {subprocess.py:86} INFO - Output:
[2026-06-04T06:50:27.004+0000] {subprocess.py:93} INFO - 
[2026-06-04T06:50:27.006+0000] {subprocess.py:93} INFO - ===================================
[2026-06-04T06:50:27.007+0000] {subprocess.py:93} INFO - DATABASE CONNECTION CONFIG
[2026-06-04T06:50:27.008+0000] {subprocess.py:93} INFO - ===================================
[2026-06-04T06:50:27.010+0000] {subprocess.py:93} INFO - DB TYPE   : postgres
[2026-06-04T06:50:27.011+0000] {subprocess.py:93} INFO - HOST      : 3.107.8.33
[2026-06-04T06:50:27.012+0000] {subprocess.py:93} INFO - PORT      : 5432
[2026-06-04T06:50:27.013+0000] {subprocess.py:93} INFO - DATABASE  : metadata_db
[2026-06-04T06:50:27.015+0000] {subprocess.py:93} INFO - USERNAME  : teamuser
[2026-06-04T06:50:27.016+0000] {subprocess.py:93} INFO - ===================================
[2026-06-04T06:50:27.017+0000] {subprocess.py:93} INFO - 
[2026-06-04T06:50:27.018+0000] {subprocess.py:93} INFO - Connected to POSTGRES successfully.
[2026-06-04T06:50:27.019+0000] {subprocess.py:93} INFO - 
[2026-06-04T06:50:27.020+0000] {subprocess.py:93} INFO - Running pipeline: postgres_to_postgres_pipeline (db_to_db)
[2026-06-04T06:50:27.022+0000] {subprocess.py:93} INFO - 
[2026-06-04T06:50:27.023+0000] {subprocess.py:93} INFO - ===================================
[2026-06-04T06:50:27.024+0000] {subprocess.py:93} INFO - DATABASE CONNECTION CONFIG
[2026-06-04T06:50:27.025+0000] {subprocess.py:93} INFO - ===================================
[2026-06-04T06:50:27.026+0000] {subprocess.py:93} INFO - DB TYPE   : postgres
[2026-06-04T06:50:27.028+0000] {subprocess.py:93} INFO - HOST      : 3.107.8.33
[2026-06-04T06:50:27.029+0000] {subprocess.py:93} INFO - PORT      : 5432
[2026-06-04T06:50:27.030+0000] {subprocess.py:93} INFO - DATABASE  : udifdb
[2026-06-04T06:50:27.032+0000] {subprocess.py:93} INFO - USERNAME  : teamuser
[2026-06-04T06:50:27.033+0000] {subprocess.py:93} INFO - ===================================
[2026-06-04T06:50:27.034+0000] {subprocess.py:93} INFO - 
[2026-06-04T06:50:27.035+0000] {subprocess.py:93} INFO - Connected to POSTGRES successfully.
[2026-06-04T06:50:27.036+0000] {subprocess.py:93} INFO - Completed: 4653 rows processed
[2026-06-04T06:50:27.337+0000] {subprocess.py:97} INFO - Command exited with return code 0
[2026-06-04T06:50:27.340+0000] {taskinstance.py:441} INFO - ::group::Post task execution logs
[2026-06-04T06:50:27.393+0000] {taskinstance.py:1206} INFO - Marking task as SUCCESS. dag_id=postgres_to_postgres_pipeline, task_id=run_pipeline_3, run_id=scheduled__2026-06-04T06:45:00+00:00, execution_date=20260604T064500, start_date=20260604T065005, end_date=20260604T065027
[2026-06-04T06:50:27.517+0000] {local_task_job_runner.py:240} INFO - Task exited with return code 0
[2026-06-04T06:50:27.557+0000] {taskinstance.py:3498} INFO - 0 downstream tasks scheduled from follow-on schedule check
[2026-06-04T06:50:27.562+0000] {local_task_job_runner.py:222} INFO - ::endgroup::
