[2026-06-04T07:00:04.732+0000] {local_task_job_runner.py:120} INFO - ::group::Pre task execution logs
[2026-06-04T07:00:04.938+0000] {taskinstance.py:2076} INFO - Dependencies all met for dep_context=non-requeueable deps ti=<TaskInstance: s3_to_postgres_pipeline.run_pipeline_5 scheduled__2026-06-04T06:55:00+00:00 [queued]>
[2026-06-04T07:00:05.013+0000] {taskinstance.py:2076} INFO - Dependencies all met for dep_context=requeueable deps ti=<TaskInstance: s3_to_postgres_pipeline.run_pipeline_5 scheduled__2026-06-04T06:55:00+00:00 [queued]>
[2026-06-04T07:00:05.016+0000] {taskinstance.py:2306} INFO - Starting attempt 1 of 2
[2026-06-04T07:00:05.094+0000] {taskinstance.py:2330} INFO - Executing <Task(BashOperator): run_pipeline_5> on 2026-06-04 06:55:00+00:00
[2026-06-04T07:00:05.182+0000] {standard_task_runner.py:90} INFO - Running: ['***', 'tasks', 'run', 's3_to_postgres_pipeline', 'run_pipeline_5', 'scheduled__2026-06-04T06:55:00+00:00', '--job-id', '272', '--raw', '--subdir', 'DAGS_FOLDER/dynamic_pipeline_generator.py', '--cfg-path', '/tmp/tmps1wbo802']
[2026-06-04T07:00:05.208+0000] {standard_task_runner.py:91} INFO - Job 272: Subtask run_pipeline_5
[2026-06-04T07:00:05.375+0000] {logging_mixin.py:188} WARNING - /home/***/.local/lib/python3.12/site-packages/***/task/task_runner/standard_task_runner.py:61 DeprecationWarning: This process (pid=4812) is multi-threaded, use of fork() may lead to deadlocks in the child.
[2026-06-04T07:00:05.392+0000] {standard_task_runner.py:63} INFO - Started process 4817 to run task
[2026-06-04T07:00:05.639+0000] {task_command.py:426} INFO - Running <TaskInstance: s3_to_postgres_pipeline.run_pipeline_5 scheduled__2026-06-04T06:55:00+00:00 [running]> on host b044b6a9b6bd
[2026-06-04T07:00:06.247+0000] {taskinstance.py:2648} INFO - Exporting env vars: AIRFLOW_CTX_DAG_OWNER='subashri' AIRFLOW_CTX_DAG_ID='s3_to_postgres_pipeline' AIRFLOW_CTX_TASK_ID='run_pipeline_5' AIRFLOW_CTX_EXECUTION_DATE='2026-06-04T06:55:00+00:00' AIRFLOW_CTX_TRY_NUMBER='1' AIRFLOW_CTX_DAG_RUN_ID='scheduled__2026-06-04T06:55:00+00:00'
[2026-06-04T07:00:06.250+0000] {taskinstance.py:430} INFO - ::endgroup::
[2026-06-04T07:00:06.351+0000] {subprocess.py:63} INFO - Tmp dir root location: /tmp
[2026-06-04T07:00:06.360+0000] {subprocess.py:75} INFO - Running command: ['/usr/bin/bash', '-c', 'cd /opt/***/src && python main.py 5']
[2026-06-04T07:00:06.479+0000] {subprocess.py:86} INFO - Output:
[2026-06-04T07:00:35.997+0000] {subprocess.py:93} INFO - 
[2026-06-04T07:00:35.999+0000] {subprocess.py:93} INFO - ===================================
[2026-06-04T07:00:36.000+0000] {subprocess.py:93} INFO - DATABASE CONNECTION CONFIG
[2026-06-04T07:00:36.002+0000] {subprocess.py:93} INFO - ===================================
[2026-06-04T07:00:36.002+0000] {subprocess.py:93} INFO - DB TYPE   : postgres
[2026-06-04T07:00:36.004+0000] {subprocess.py:93} INFO - HOST      : 3.107.8.33
[2026-06-04T07:00:36.005+0000] {subprocess.py:93} INFO - PORT      : 5432
[2026-06-04T07:00:36.006+0000] {subprocess.py:93} INFO - DATABASE  : metadata_db
[2026-06-04T07:00:36.010+0000] {subprocess.py:93} INFO - USERNAME  : teamuser
[2026-06-04T07:00:36.011+0000] {subprocess.py:93} INFO - ===================================
[2026-06-04T07:00:36.013+0000] {subprocess.py:93} INFO - 
[2026-06-04T07:00:36.015+0000] {subprocess.py:93} INFO - Connected to POSTGRES successfully.
[2026-06-04T07:00:36.017+0000] {subprocess.py:93} INFO - 
[2026-06-04T07:00:36.018+0000] {subprocess.py:93} INFO - Running pipeline: s3_to_postgres_pipeline (storage_to_db)
[2026-06-04T07:00:36.019+0000] {subprocess.py:93} INFO - Loading table: customer_feb (120 rows)
[2026-06-04T07:00:36.020+0000] {subprocess.py:93} INFO - Loading table: customer_jan (100 rows)
[2026-06-04T07:00:36.021+0000] {subprocess.py:93} INFO - Loading table: customer_march (150 rows)
[2026-06-04T07:00:36.022+0000] {subprocess.py:93} INFO - Processed total rows: 370
[2026-06-04T07:00:36.024+0000] {subprocess.py:93} INFO - Completed: 370 rows processed
[2026-06-04T07:00:36.404+0000] {subprocess.py:97} INFO - Command exited with return code 0
[2026-06-04T07:00:36.417+0000] {taskinstance.py:441} INFO - ::group::Post task execution logs
[2026-06-04T07:00:36.475+0000] {taskinstance.py:1206} INFO - Marking task as SUCCESS. dag_id=s3_to_postgres_pipeline, task_id=run_pipeline_5, run_id=scheduled__2026-06-04T06:55:00+00:00, execution_date=20260604T065500, start_date=20260604T070004, end_date=20260604T070036
[2026-06-04T07:00:36.557+0000] {local_task_job_runner.py:240} INFO - Task exited with return code 0
[2026-06-04T07:00:36.593+0000] {taskinstance.py:3498} INFO - 0 downstream tasks scheduled from follow-on schedule check
[2026-06-04T07:00:36.597+0000] {local_task_job_runner.py:222} INFO - ::endgroup::
