[2026-06-04T07:20:02.888+0000] {local_task_job_runner.py:120} INFO - ::group::Pre task execution logs
[2026-06-04T07:20:03.128+0000] {taskinstance.py:2076} INFO - Dependencies all met for dep_context=non-requeueable deps ti=<TaskInstance: postgres_to_s3_pipeline.run_pipeline_1 scheduled__2026-06-04T07:15:00+00:00 [queued]>
[2026-06-04T07:20:03.217+0000] {taskinstance.py:2076} INFO - Dependencies all met for dep_context=requeueable deps ti=<TaskInstance: postgres_to_s3_pipeline.run_pipeline_1 scheduled__2026-06-04T07:15:00+00:00 [queued]>
[2026-06-04T07:20:03.222+0000] {taskinstance.py:2306} INFO - Starting attempt 1 of 2
[2026-06-04T07:20:03.314+0000] {taskinstance.py:2330} INFO - Executing <Task(BashOperator): run_pipeline_1> on 2026-06-04 07:15:00+00:00
[2026-06-04T07:20:03.357+0000] {standard_task_runner.py:90} INFO - Running: ['***', 'tasks', 'run', 'postgres_to_s3_pipeline', 'run_pipeline_1', 'scheduled__2026-06-04T07:15:00+00:00', '--job-id', '305', '--raw', '--subdir', 'DAGS_FOLDER/dynamic_pipeline_generator.py', '--cfg-path', '/tmp/tmpgpbn4_j_']
[2026-06-04T07:20:03.375+0000] {standard_task_runner.py:91} INFO - Job 305: Subtask run_pipeline_1
[2026-06-04T07:20:03.444+0000] {logging_mixin.py:188} WARNING - /home/***/.local/lib/python3.12/site-packages/***/task/task_runner/standard_task_runner.py:61 DeprecationWarning: This process (pid=5632) is multi-threaded, use of fork() may lead to deadlocks in the child.
[2026-06-04T07:20:03.458+0000] {standard_task_runner.py:63} INFO - Started process 5639 to run task
[2026-06-04T07:20:03.664+0000] {task_command.py:426} INFO - Running <TaskInstance: postgres_to_s3_pipeline.run_pipeline_1 scheduled__2026-06-04T07:15:00+00:00 [running]> on host b044b6a9b6bd
[2026-06-04T07:20:04.088+0000] {taskinstance.py:2648} INFO - Exporting env vars: AIRFLOW_CTX_DAG_OWNER='subashri' AIRFLOW_CTX_DAG_ID='postgres_to_s3_pipeline' AIRFLOW_CTX_TASK_ID='run_pipeline_1' AIRFLOW_CTX_EXECUTION_DATE='2026-06-04T07:15:00+00:00' AIRFLOW_CTX_TRY_NUMBER='1' AIRFLOW_CTX_DAG_RUN_ID='scheduled__2026-06-04T07:15:00+00:00'
[2026-06-04T07:20:04.092+0000] {taskinstance.py:430} INFO - ::endgroup::
[2026-06-04T07:20:04.162+0000] {subprocess.py:63} INFO - Tmp dir root location: /tmp
[2026-06-04T07:20:04.168+0000] {subprocess.py:75} INFO - Running command: ['/usr/bin/bash', '-c', 'cd /opt/***/src && python main.py 1']
[2026-06-04T07:20:04.201+0000] {subprocess.py:86} INFO - Output:
[2026-06-04T07:20:20.447+0000] {subprocess.py:93} INFO - 
[2026-06-04T07:20:20.448+0000] {subprocess.py:93} INFO - ===================================
[2026-06-04T07:20:20.452+0000] {subprocess.py:93} INFO - DATABASE CONNECTION CONFIG
[2026-06-04T07:20:20.454+0000] {subprocess.py:93} INFO - ===================================
[2026-06-04T07:20:20.455+0000] {subprocess.py:93} INFO - DB TYPE   : postgres
[2026-06-04T07:20:20.455+0000] {subprocess.py:93} INFO - HOST      : 3.107.8.33
[2026-06-04T07:20:20.456+0000] {subprocess.py:93} INFO - PORT      : 5432
[2026-06-04T07:20:20.457+0000] {subprocess.py:93} INFO - DATABASE  : metadata_db
[2026-06-04T07:20:20.458+0000] {subprocess.py:93} INFO - USERNAME  : teamuser
[2026-06-04T07:20:20.459+0000] {subprocess.py:93} INFO - ===================================
[2026-06-04T07:20:20.460+0000] {subprocess.py:93} INFO - 
[2026-06-04T07:20:20.461+0000] {subprocess.py:93} INFO - Connected to POSTGRES successfully.
[2026-06-04T07:20:20.462+0000] {subprocess.py:93} INFO - 
[2026-06-04T07:20:20.462+0000] {subprocess.py:93} INFO - Running pipeline: postgres_to_s3_pipeline (db_to_storage)
[2026-06-04T07:20:20.463+0000] {subprocess.py:93} INFO - 
[2026-06-04T07:20:20.464+0000] {subprocess.py:93} INFO - ===================================
[2026-06-04T07:20:20.464+0000] {subprocess.py:93} INFO - DATABASE CONNECTION CONFIG
[2026-06-04T07:20:20.465+0000] {subprocess.py:93} INFO - ===================================
[2026-06-04T07:20:20.466+0000] {subprocess.py:93} INFO - DB TYPE   : postgres
[2026-06-04T07:20:20.467+0000] {subprocess.py:93} INFO - HOST      : 3.107.8.33
[2026-06-04T07:20:20.467+0000] {subprocess.py:93} INFO - PORT      : 5432
[2026-06-04T07:20:20.468+0000] {subprocess.py:93} INFO - DATABASE  : udifdb
[2026-06-04T07:20:20.469+0000] {subprocess.py:93} INFO - USERNAME  : teamuser
[2026-06-04T07:20:20.471+0000] {subprocess.py:93} INFO - ===================================
[2026-06-04T07:20:20.472+0000] {subprocess.py:93} INFO - 
[2026-06-04T07:20:20.472+0000] {subprocess.py:93} INFO - Connected to POSTGRES successfully.
[2026-06-04T07:20:20.473+0000] {subprocess.py:93} INFO - Completed: 4653 rows processed
[2026-06-04T07:20:20.778+0000] {subprocess.py:97} INFO - Command exited with return code 0
[2026-06-04T07:20:20.780+0000] {taskinstance.py:441} INFO - ::group::Post task execution logs
[2026-06-04T07:20:20.826+0000] {taskinstance.py:1206} INFO - Marking task as SUCCESS. dag_id=postgres_to_s3_pipeline, task_id=run_pipeline_1, run_id=scheduled__2026-06-04T07:15:00+00:00, execution_date=20260604T071500, start_date=20260604T072003, end_date=20260604T072020
[2026-06-04T07:20:20.861+0000] {local_task_job_runner.py:240} INFO - Task exited with return code 0
[2026-06-04T07:20:20.893+0000] {taskinstance.py:3498} INFO - 0 downstream tasks scheduled from follow-on schedule check
[2026-06-04T07:20:20.898+0000] {local_task_job_runner.py:222} INFO - ::endgroup::
