[2026-06-03T13:20:14.972+0000] {local_task_job_runner.py:120} INFO - ::group::Pre task execution logs
[2026-06-03T13:20:15.017+0000] {taskinstance.py:2076} INFO - Dependencies all met for dep_context=non-requeueable deps ti=<TaskInstance: dynamic_metadata_pipeline.run_pipeline_2 manual__2026-06-03T13:20:12.539006+00:00 [queued]>
[2026-06-03T13:20:15.033+0000] {taskinstance.py:2076} INFO - Dependencies all met for dep_context=requeueable deps ti=<TaskInstance: dynamic_metadata_pipeline.run_pipeline_2 manual__2026-06-03T13:20:12.539006+00:00 [queued]>
[2026-06-03T13:20:15.035+0000] {taskinstance.py:2306} INFO - Starting attempt 1 of 2
[2026-06-03T13:20:15.053+0000] {taskinstance.py:2330} INFO - Executing <Task(BashOperator): run_pipeline_2> on 2026-06-03 13:20:12.539006+00:00
[2026-06-03T13:20:15.063+0000] {standard_task_runner.py:90} INFO - Running: ['***', 'tasks', 'run', 'dynamic_metadata_pipeline', 'run_pipeline_2', 'manual__2026-06-03T13:20:12.539006+00:00', '--job-id', '165', '--raw', '--subdir', 'DAGS_FOLDER/dynamic_pipeline_dag.py', '--cfg-path', '/tmp/tmpk71evjlq']
[2026-06-03T13:20:15.066+0000] {logging_mixin.py:188} WARNING - /home/***/.local/lib/python3.12/site-packages/***/task/task_runner/standard_task_runner.py:61 DeprecationWarning: This process (pid=2717) is multi-threaded, use of fork() may lead to deadlocks in the child.
[2026-06-03T13:20:15.067+0000] {standard_task_runner.py:91} INFO - Job 165: Subtask run_pipeline_2
[2026-06-03T13:20:15.067+0000] {standard_task_runner.py:63} INFO - Started process 2725 to run task
[2026-06-03T13:20:15.129+0000] {task_command.py:426} INFO - Running <TaskInstance: dynamic_metadata_pipeline.run_pipeline_2 manual__2026-06-03T13:20:12.539006+00:00 [running]> on host c3bf940c8326
[2026-06-03T13:20:15.242+0000] {taskinstance.py:2648} INFO - Exporting env vars: AIRFLOW_CTX_DAG_OWNER='subashri' AIRFLOW_CTX_DAG_ID='dynamic_metadata_pipeline' AIRFLOW_CTX_TASK_ID='run_pipeline_2' AIRFLOW_CTX_EXECUTION_DATE='2026-06-03T13:20:12.539006+00:00' AIRFLOW_CTX_TRY_NUMBER='1' AIRFLOW_CTX_DAG_RUN_ID='manual__2026-06-03T13:20:12.539006+00:00'
[2026-06-03T13:20:15.243+0000] {taskinstance.py:430} INFO - ::endgroup::
[2026-06-03T13:20:15.263+0000] {subprocess.py:63} INFO - Tmp dir root location: /tmp
[2026-06-03T13:20:15.264+0000] {subprocess.py:75} INFO - Running command: ['/usr/bin/bash', '-c', 'cd /opt/***/src && python main.py 2']
[2026-06-03T13:20:15.273+0000] {subprocess.py:86} INFO - Output:
[2026-06-03T13:20:23.677+0000] {subprocess.py:93} INFO - 
[2026-06-03T13:20:23.680+0000] {subprocess.py:93} INFO - ===================================
[2026-06-03T13:20:23.681+0000] {subprocess.py:93} INFO - DATABASE CONNECTION CONFIG
[2026-06-03T13:20:23.682+0000] {subprocess.py:93} INFO - ===================================
[2026-06-03T13:20:23.684+0000] {subprocess.py:93} INFO - DB TYPE   : postgres
[2026-06-03T13:20:23.685+0000] {subprocess.py:93} INFO - HOST      : 3.107.8.33
[2026-06-03T13:20:23.686+0000] {subprocess.py:93} INFO - PORT      : 5432
[2026-06-03T13:20:23.687+0000] {subprocess.py:93} INFO - DATABASE  : metadata_db
[2026-06-03T13:20:23.689+0000] {subprocess.py:93} INFO - USERNAME  : teamuser
[2026-06-03T13:20:23.690+0000] {subprocess.py:93} INFO - ===================================
[2026-06-03T13:20:23.691+0000] {subprocess.py:93} INFO - 
[2026-06-03T13:20:23.691+0000] {subprocess.py:93} INFO - Connected to POSTGRES successfully.
[2026-06-03T13:20:23.692+0000] {subprocess.py:93} INFO - 
[2026-06-03T13:20:23.693+0000] {subprocess.py:93} INFO - Running pipeline: postgres_to_local_pipeline (db_to_storage)
[2026-06-03T13:20:23.693+0000] {subprocess.py:93} INFO - 
[2026-06-03T13:20:23.694+0000] {subprocess.py:93} INFO - ===================================
[2026-06-03T13:20:23.695+0000] {subprocess.py:93} INFO - DATABASE CONNECTION CONFIG
[2026-06-03T13:20:23.696+0000] {subprocess.py:93} INFO - ===================================
[2026-06-03T13:20:23.697+0000] {subprocess.py:93} INFO - DB TYPE   : postgres
[2026-06-03T13:20:23.698+0000] {subprocess.py:93} INFO - HOST      : 3.107.8.33
[2026-06-03T13:20:23.699+0000] {subprocess.py:93} INFO - PORT      : 5432
[2026-06-03T13:20:23.700+0000] {subprocess.py:93} INFO - DATABASE  : udifdb
[2026-06-03T13:20:23.701+0000] {subprocess.py:93} INFO - USERNAME  : teamuser
[2026-06-03T13:20:23.702+0000] {subprocess.py:93} INFO - ===================================
[2026-06-03T13:20:23.703+0000] {subprocess.py:93} INFO - 
[2026-06-03T13:20:23.704+0000] {subprocess.py:93} INFO - Connected to POSTGRES successfully.
[2026-06-03T13:20:23.705+0000] {subprocess.py:93} INFO - ❌ Failed: (psycopg2.errors.UndefinedTable) relation "emp" does not exist
[2026-06-03T13:20:23.705+0000] {subprocess.py:93} INFO - LINE 1: SELECT * FROM emp
[2026-06-03T13:20:23.706+0000] {subprocess.py:93} INFO -                       ^
[2026-06-03T13:20:23.707+0000] {subprocess.py:93} INFO - 
[2026-06-03T13:20:23.708+0000] {subprocess.py:93} INFO - [SQL: SELECT * FROM emp]
[2026-06-03T13:20:23.709+0000] {subprocess.py:93} INFO - (Background on this error at: https://sqlalche.me/e/14/f405)
[2026-06-03T13:20:23.920+0000] {subprocess.py:97} INFO - Command exited with return code 0
[2026-06-03T13:20:23.922+0000] {taskinstance.py:441} INFO - ::group::Post task execution logs
[2026-06-03T13:20:23.963+0000] {taskinstance.py:1206} INFO - Marking task as SUCCESS. dag_id=dynamic_metadata_pipeline, task_id=run_pipeline_2, run_id=manual__2026-06-03T13:20:12.539006+00:00, execution_date=20260603T132012, start_date=20260603T132015, end_date=20260603T132023
[2026-06-03T13:20:24.010+0000] {local_task_job_runner.py:240} INFO - Task exited with return code 0
[2026-06-03T13:20:24.032+0000] {taskinstance.py:3498} INFO - 0 downstream tasks scheduled from follow-on schedule check
[2026-06-03T13:20:24.036+0000] {local_task_job_runner.py:222} INFO - ::endgroup::
