[2026-06-03T11:04:49.901+0000] {local_task_job_runner.py:120} INFO - ::group::Pre task execution logs
[2026-06-03T11:04:49.959+0000] {taskinstance.py:2076} INFO - Dependencies all met for dep_context=non-requeueable deps ti=<TaskInstance: dynamic_metadata_pipeline.run_pipeline_5 manual__2026-06-03T11:04:47.296140+00:00 [queued]>
[2026-06-03T11:04:49.973+0000] {taskinstance.py:2076} INFO - Dependencies all met for dep_context=requeueable deps ti=<TaskInstance: dynamic_metadata_pipeline.run_pipeline_5 manual__2026-06-03T11:04:47.296140+00:00 [queued]>
[2026-06-03T11:04:49.974+0000] {taskinstance.py:2306} INFO - Starting attempt 1 of 2
[2026-06-03T11:04:49.999+0000] {taskinstance.py:2330} INFO - Executing <Task(BashOperator): run_pipeline_5> on 2026-06-03 11:04:47.296140+00:00
[2026-06-03T11:04:50.014+0000] {standard_task_runner.py:90} INFO - Running: ['***', 'tasks', 'run', 'dynamic_metadata_pipeline', 'run_pipeline_5', 'manual__2026-06-03T11:04:47.296140+00:00', '--job-id', '119', '--raw', '--subdir', 'DAGS_FOLDER/dynamic_pipeline_dag.py', '--cfg-path', '/tmp/tmp19deyptn']
[2026-06-03T11:04:50.016+0000] {logging_mixin.py:188} WARNING - /home/***/.local/lib/python3.12/site-packages/***/task/task_runner/standard_task_runner.py:61 DeprecationWarning: This process (pid=790) is multi-threaded, use of fork() may lead to deadlocks in the child.
[2026-06-03T11:04:50.021+0000] {standard_task_runner.py:91} INFO - Job 119: Subtask run_pipeline_5
[2026-06-03T11:04:50.023+0000] {standard_task_runner.py:63} INFO - Started process 797 to run task
[2026-06-03T11:04:50.087+0000] {task_command.py:426} INFO - Running <TaskInstance: dynamic_metadata_pipeline.run_pipeline_5 manual__2026-06-03T11:04:47.296140+00:00 [running]> on host c3bf940c8326
[2026-06-03T11:04:50.218+0000] {taskinstance.py:2648} INFO - Exporting env vars: AIRFLOW_CTX_DAG_OWNER='subashri' AIRFLOW_CTX_DAG_ID='dynamic_metadata_pipeline' AIRFLOW_CTX_TASK_ID='run_pipeline_5' AIRFLOW_CTX_EXECUTION_DATE='2026-06-03T11:04:47.296140+00:00' AIRFLOW_CTX_TRY_NUMBER='1' AIRFLOW_CTX_DAG_RUN_ID='manual__2026-06-03T11:04:47.296140+00:00'
[2026-06-03T11:04:50.220+0000] {taskinstance.py:430} INFO - ::endgroup::
[2026-06-03T11:04:50.276+0000] {subprocess.py:63} INFO - Tmp dir root location: /tmp
[2026-06-03T11:04:50.279+0000] {subprocess.py:75} INFO - Running command: ['/usr/bin/bash', '-c', 'cd /opt/***/src && python main.py 5']
[2026-06-03T11:04:50.294+0000] {subprocess.py:86} INFO - Output:
[2026-06-03T11:05:16.003+0000] {subprocess.py:93} INFO - 
[2026-06-03T11:05:16.004+0000] {subprocess.py:93} INFO - ===================================
[2026-06-03T11:05:16.005+0000] {subprocess.py:93} INFO - DATABASE CONNECTION CONFIG
[2026-06-03T11:05:16.005+0000] {subprocess.py:93} INFO - ===================================
[2026-06-03T11:05:16.005+0000] {subprocess.py:93} INFO - DB TYPE   : postgres
[2026-06-03T11:05:16.006+0000] {subprocess.py:93} INFO - HOST      : 3.107.8.33
[2026-06-03T11:05:16.006+0000] {subprocess.py:93} INFO - PORT      : 5432
[2026-06-03T11:05:16.007+0000] {subprocess.py:93} INFO - DATABASE  : metadata_db
[2026-06-03T11:05:16.007+0000] {subprocess.py:93} INFO - USERNAME  : teamuser
[2026-06-03T11:05:16.008+0000] {subprocess.py:93} INFO - ===================================
[2026-06-03T11:05:16.008+0000] {subprocess.py:93} INFO - 
[2026-06-03T11:05:16.009+0000] {subprocess.py:93} INFO - Connected to POSTGRES successfully.
[2026-06-03T11:05:16.009+0000] {subprocess.py:93} INFO - 
[2026-06-03T11:05:16.010+0000] {subprocess.py:93} INFO - Running pipeline: s3_to_postgres_pipeline (storage_to_db)
[2026-06-03T11:05:16.010+0000] {subprocess.py:93} INFO - Loading table: customer_feb (120 rows)
[2026-06-03T11:05:16.010+0000] {subprocess.py:93} INFO - Loading table: customer_jan (100 rows)
[2026-06-03T11:05:16.011+0000] {subprocess.py:93} INFO - Loading table: customer_march (150 rows)
[2026-06-03T11:05:16.011+0000] {subprocess.py:93} INFO - Processed total rows: 370
[2026-06-03T11:05:16.012+0000] {subprocess.py:93} INFO - Completed: 370 rows processed
[2026-06-03T11:05:16.277+0000] {subprocess.py:97} INFO - Command exited with return code 0
[2026-06-03T11:05:16.281+0000] {taskinstance.py:441} INFO - ::group::Post task execution logs
[2026-06-03T11:05:16.319+0000] {taskinstance.py:1206} INFO - Marking task as SUCCESS. dag_id=dynamic_metadata_pipeline, task_id=run_pipeline_5, run_id=manual__2026-06-03T11:04:47.296140+00:00, execution_date=20260603T110447, start_date=20260603T110449, end_date=20260603T110516
[2026-06-03T11:05:16.355+0000] {local_task_job_runner.py:240} INFO - Task exited with return code 0
[2026-06-03T11:05:16.377+0000] {taskinstance.py:3498} INFO - 0 downstream tasks scheduled from follow-on schedule check
[2026-06-03T11:05:16.380+0000] {local_task_job_runner.py:222} INFO - ::endgroup::
