[2026-06-03T16:35:59.459+0000] {local_task_job_runner.py:120} INFO - ::group::Pre task execution logs
[2026-06-03T16:35:59.515+0000] {taskinstance.py:2076} INFO - Dependencies all met for dep_context=non-requeueable deps ti=<TaskInstance: postgres_to_local_pipeline.run_pipeline_2 scheduled__2026-06-03T16:30:00+00:00 [queued]>
[2026-06-03T16:35:59.528+0000] {taskinstance.py:2076} INFO - Dependencies all met for dep_context=requeueable deps ti=<TaskInstance: postgres_to_local_pipeline.run_pipeline_2 scheduled__2026-06-03T16:30:00+00:00 [queued]>
[2026-06-03T16:35:59.529+0000] {taskinstance.py:2306} INFO - Starting attempt 1 of 2
[2026-06-03T16:35:59.548+0000] {taskinstance.py:2330} INFO - Executing <Task(BashOperator): run_pipeline_2> on 2026-06-03 16:30:00+00:00
[2026-06-03T16:35:59.558+0000] {standard_task_runner.py:90} INFO - Running: ['***', 'tasks', 'run', 'postgres_to_local_pipeline', 'run_pipeline_2', 'scheduled__2026-06-03T16:30:00+00:00', '--job-id', '180', '--raw', '--subdir', 'DAGS_FOLDER/dynamic_pipeline_generator.py', '--cfg-path', '/tmp/tmpzua_8fnm']
[2026-06-03T16:35:59.563+0000] {logging_mixin.py:188} WARNING - /home/***/.local/lib/python3.12/site-packages/***/task/task_runner/standard_task_runner.py:61 DeprecationWarning: This process (pid=1094) is multi-threaded, use of fork() may lead to deadlocks in the child.
[2026-06-03T16:35:59.564+0000] {standard_task_runner.py:91} INFO - Job 180: Subtask run_pipeline_2
[2026-06-03T16:35:59.565+0000] {standard_task_runner.py:63} INFO - Started process 1099 to run task
[2026-06-03T16:35:59.631+0000] {task_command.py:426} INFO - Running <TaskInstance: postgres_to_local_pipeline.run_pipeline_2 scheduled__2026-06-03T16:30:00+00:00 [running]> on host 6efe7055fb80
[2026-06-03T16:35:59.771+0000] {taskinstance.py:2648} INFO - Exporting env vars: AIRFLOW_CTX_DAG_OWNER='subashri' AIRFLOW_CTX_DAG_ID='postgres_to_local_pipeline' AIRFLOW_CTX_TASK_ID='run_pipeline_2' AIRFLOW_CTX_EXECUTION_DATE='2026-06-03T16:30:00+00:00' AIRFLOW_CTX_TRY_NUMBER='1' AIRFLOW_CTX_DAG_RUN_ID='scheduled__2026-06-03T16:30:00+00:00'
[2026-06-03T16:35:59.772+0000] {taskinstance.py:430} INFO - ::endgroup::
[2026-06-03T16:35:59.830+0000] {subprocess.py:63} INFO - Tmp dir root location: /tmp
[2026-06-03T16:35:59.832+0000] {subprocess.py:75} INFO - Running command: ['/usr/bin/bash', '-c', 'cd /opt/***/src && python main.py 2']
[2026-06-03T16:35:59.842+0000] {subprocess.py:86} INFO - Output:
[2026-06-03T16:36:12.430+0000] {subprocess.py:93} INFO - 
[2026-06-03T16:36:12.432+0000] {subprocess.py:93} INFO - ===================================
[2026-06-03T16:36:12.433+0000] {subprocess.py:93} INFO - DATABASE CONNECTION CONFIG
[2026-06-03T16:36:12.435+0000] {subprocess.py:93} INFO - ===================================
[2026-06-03T16:36:12.436+0000] {subprocess.py:93} INFO - DB TYPE   : postgres
[2026-06-03T16:36:12.437+0000] {subprocess.py:93} INFO - HOST      : 3.107.8.33
[2026-06-03T16:36:12.439+0000] {subprocess.py:93} INFO - PORT      : 5432
[2026-06-03T16:36:12.440+0000] {subprocess.py:93} INFO - DATABASE  : metadata_db
[2026-06-03T16:36:12.442+0000] {subprocess.py:93} INFO - USERNAME  : teamuser
[2026-06-03T16:36:12.443+0000] {subprocess.py:93} INFO - ===================================
[2026-06-03T16:36:12.445+0000] {subprocess.py:93} INFO - 
[2026-06-03T16:36:12.446+0000] {subprocess.py:93} INFO - Connected to POSTGRES successfully.
[2026-06-03T16:36:12.449+0000] {subprocess.py:93} INFO - 
[2026-06-03T16:36:12.450+0000] {subprocess.py:93} INFO - Running pipeline: postgres_to_local_pipeline (db_to_storage)
[2026-06-03T16:36:12.451+0000] {subprocess.py:93} INFO - 
[2026-06-03T16:36:12.452+0000] {subprocess.py:93} INFO - ===================================
[2026-06-03T16:36:12.453+0000] {subprocess.py:93} INFO - DATABASE CONNECTION CONFIG
[2026-06-03T16:36:12.453+0000] {subprocess.py:93} INFO - ===================================
[2026-06-03T16:36:12.454+0000] {subprocess.py:93} INFO - DB TYPE   : postgres
[2026-06-03T16:36:12.455+0000] {subprocess.py:93} INFO - HOST      : 3.107.8.33
[2026-06-03T16:36:12.456+0000] {subprocess.py:93} INFO - PORT      : 5432
[2026-06-03T16:36:12.457+0000] {subprocess.py:93} INFO - DATABASE  : udifdb
[2026-06-03T16:36:12.458+0000] {subprocess.py:93} INFO - USERNAME  : teamuser
[2026-06-03T16:36:12.459+0000] {subprocess.py:93} INFO - ===================================
[2026-06-03T16:36:12.460+0000] {subprocess.py:93} INFO - 
[2026-06-03T16:36:12.462+0000] {subprocess.py:93} INFO - Connected to POSTGRES successfully.
[2026-06-03T16:36:12.462+0000] {subprocess.py:93} INFO - Completed: 4653 rows processed
[2026-06-03T16:36:12.706+0000] {subprocess.py:97} INFO - Command exited with return code 0
[2026-06-03T16:36:12.707+0000] {taskinstance.py:441} INFO - ::group::Post task execution logs
[2026-06-03T16:36:12.742+0000] {taskinstance.py:1206} INFO - Marking task as SUCCESS. dag_id=postgres_to_local_pipeline, task_id=run_pipeline_2, run_id=scheduled__2026-06-03T16:30:00+00:00, execution_date=20260603T163000, start_date=20260603T163559, end_date=20260603T163612
[2026-06-03T16:36:12.768+0000] {local_task_job_runner.py:240} INFO - Task exited with return code 0
[2026-06-03T16:36:12.787+0000] {taskinstance.py:3498} INFO - 0 downstream tasks scheduled from follow-on schedule check
[2026-06-03T16:36:12.790+0000] {local_task_job_runner.py:222} INFO - ::endgroup::
