[2026-06-04T07:00:04.745+0000] {local_task_job_runner.py:120} INFO - ::group::Pre task execution logs
[2026-06-04T07:00:04.937+0000] {taskinstance.py:2076} INFO - Dependencies all met for dep_context=non-requeueable deps ti=<TaskInstance: postgres_to_postgres_pipeline.run_pipeline_3 scheduled__2026-06-04T06:55:00+00:00 [queued]>
[2026-06-04T07:00:05.015+0000] {taskinstance.py:2076} INFO - Dependencies all met for dep_context=requeueable deps ti=<TaskInstance: postgres_to_postgres_pipeline.run_pipeline_3 scheduled__2026-06-04T06:55:00+00:00 [queued]>
[2026-06-04T07:00:05.019+0000] {taskinstance.py:2306} INFO - Starting attempt 1 of 2
[2026-06-04T07:00:05.106+0000] {taskinstance.py:2330} INFO - Executing <Task(BashOperator): run_pipeline_3> on 2026-06-04 06:55:00+00:00
[2026-06-04T07:00:05.198+0000] {standard_task_runner.py:90} INFO - Running: ['***', 'tasks', 'run', 'postgres_to_postgres_pipeline', 'run_pipeline_3', 'scheduled__2026-06-04T06:55:00+00:00', '--job-id', '277', '--raw', '--subdir', 'DAGS_FOLDER/dynamic_pipeline_generator.py', '--cfg-path', '/tmp/tmpeoak247j']
[2026-06-04T07:00:05.248+0000] {standard_task_runner.py:91} INFO - Job 277: Subtask run_pipeline_3
[2026-06-04T07:00:05.412+0000] {logging_mixin.py:188} WARNING - /home/***/.local/lib/python3.12/site-packages/***/task/task_runner/standard_task_runner.py:61 DeprecationWarning: This process (pid=4811) is multi-threaded, use of fork() may lead to deadlocks in the child.
[2026-06-04T07:00:05.418+0000] {standard_task_runner.py:63} INFO - Started process 4819 to run task
[2026-06-04T07:00:05.681+0000] {task_command.py:426} INFO - Running <TaskInstance: postgres_to_postgres_pipeline.run_pipeline_3 scheduled__2026-06-04T06:55:00+00:00 [running]> on host b044b6a9b6bd
[2026-06-04T07:00:06.264+0000] {taskinstance.py:2648} INFO - Exporting env vars: AIRFLOW_CTX_DAG_OWNER='subashri' AIRFLOW_CTX_DAG_ID='postgres_to_postgres_pipeline' AIRFLOW_CTX_TASK_ID='run_pipeline_3' AIRFLOW_CTX_EXECUTION_DATE='2026-06-04T06:55:00+00:00' AIRFLOW_CTX_TRY_NUMBER='1' AIRFLOW_CTX_DAG_RUN_ID='scheduled__2026-06-04T06:55:00+00:00'
[2026-06-04T07:00:06.267+0000] {taskinstance.py:430} INFO - ::endgroup::
[2026-06-04T07:00:06.357+0000] {subprocess.py:63} INFO - Tmp dir root location: /tmp
[2026-06-04T07:00:06.365+0000] {subprocess.py:75} INFO - Running command: ['/usr/bin/bash', '-c', 'cd /opt/***/src && python main.py 3']
[2026-06-04T07:00:06.479+0000] {subprocess.py:86} INFO - Output:
[2026-06-04T07:00:29.177+0000] {subprocess.py:93} INFO - 
[2026-06-04T07:00:29.179+0000] {subprocess.py:93} INFO - ===================================
[2026-06-04T07:00:29.180+0000] {subprocess.py:93} INFO - DATABASE CONNECTION CONFIG
[2026-06-04T07:00:29.181+0000] {subprocess.py:93} INFO - ===================================
[2026-06-04T07:00:29.182+0000] {subprocess.py:93} INFO - DB TYPE   : postgres
[2026-06-04T07:00:29.183+0000] {subprocess.py:93} INFO - HOST      : 3.107.8.33
[2026-06-04T07:00:29.185+0000] {subprocess.py:93} INFO - PORT      : 5432
[2026-06-04T07:00:29.186+0000] {subprocess.py:93} INFO - DATABASE  : metadata_db
[2026-06-04T07:00:29.187+0000] {subprocess.py:93} INFO - USERNAME  : teamuser
[2026-06-04T07:00:29.188+0000] {subprocess.py:93} INFO - ===================================
[2026-06-04T07:00:29.190+0000] {subprocess.py:93} INFO - 
[2026-06-04T07:00:29.191+0000] {subprocess.py:93} INFO - Connected to POSTGRES successfully.
[2026-06-04T07:00:29.192+0000] {subprocess.py:93} INFO - 
[2026-06-04T07:00:29.193+0000] {subprocess.py:93} INFO - Running pipeline: postgres_to_postgres_pipeline (db_to_db)
[2026-06-04T07:00:29.194+0000] {subprocess.py:93} INFO - 
[2026-06-04T07:00:29.195+0000] {subprocess.py:93} INFO - ===================================
[2026-06-04T07:00:29.196+0000] {subprocess.py:93} INFO - DATABASE CONNECTION CONFIG
[2026-06-04T07:00:29.197+0000] {subprocess.py:93} INFO - ===================================
[2026-06-04T07:00:29.198+0000] {subprocess.py:93} INFO - DB TYPE   : postgres
[2026-06-04T07:00:29.200+0000] {subprocess.py:93} INFO - HOST      : 3.107.8.33
[2026-06-04T07:00:29.201+0000] {subprocess.py:93} INFO - PORT      : 5432
[2026-06-04T07:00:29.202+0000] {subprocess.py:93} INFO - DATABASE  : udifdb
[2026-06-04T07:00:29.203+0000] {subprocess.py:93} INFO - USERNAME  : teamuser
[2026-06-04T07:00:29.204+0000] {subprocess.py:93} INFO - ===================================
[2026-06-04T07:00:29.205+0000] {subprocess.py:93} INFO - 
[2026-06-04T07:00:29.206+0000] {subprocess.py:93} INFO - Connected to POSTGRES successfully.
[2026-06-04T07:00:29.208+0000] {subprocess.py:93} INFO - Completed: 4653 rows processed
[2026-06-04T07:00:29.488+0000] {subprocess.py:97} INFO - Command exited with return code 0
[2026-06-04T07:00:29.491+0000] {taskinstance.py:441} INFO - ::group::Post task execution logs
[2026-06-04T07:00:29.545+0000] {taskinstance.py:1206} INFO - Marking task as SUCCESS. dag_id=postgres_to_postgres_pipeline, task_id=run_pipeline_3, run_id=scheduled__2026-06-04T06:55:00+00:00, execution_date=20260604T065500, start_date=20260604T070004, end_date=20260604T070029
[2026-06-04T07:00:29.594+0000] {local_task_job_runner.py:240} INFO - Task exited with return code 0
[2026-06-04T07:00:29.630+0000] {taskinstance.py:3498} INFO - 0 downstream tasks scheduled from follow-on schedule check
[2026-06-04T07:00:29.635+0000] {local_task_job_runner.py:222} INFO - ::endgroup::
