[2026-06-08T06:05:02.761+0000] {local_task_job_runner.py:120} INFO - ::group::Pre task execution logs
[2026-06-08T06:05:02.812+0000] {taskinstance.py:2076} INFO - Dependencies all met for dep_context=non-requeueable deps ti=<TaskInstance: postgres_to_local_pipeline.run_pipeline_2 scheduled__2026-06-08T06:00:00+00:00 [queued]>
[2026-06-08T06:05:02.827+0000] {taskinstance.py:2076} INFO - Dependencies all met for dep_context=requeueable deps ti=<TaskInstance: postgres_to_local_pipeline.run_pipeline_2 scheduled__2026-06-08T06:00:00+00:00 [queued]>
[2026-06-08T06:05:02.829+0000] {taskinstance.py:2306} INFO - Starting attempt 1 of 2
[2026-06-08T06:05:02.848+0000] {taskinstance.py:2330} INFO - Executing <Task(BashOperator): run_pipeline_2> on 2026-06-08 06:00:00+00:00
[2026-06-08T06:05:02.862+0000] {logging_mixin.py:188} WARNING - /home/***/.local/lib/python3.12/site-packages/***/task/task_runner/standard_task_runner.py:61 DeprecationWarning: This process (pid=600) is multi-threaded, use of fork() may lead to deadlocks in the child.
[2026-06-08T06:05:02.863+0000] {standard_task_runner.py:90} INFO - Running: ['***', 'tasks', 'run', 'postgres_to_local_pipeline', 'run_pipeline_2', 'scheduled__2026-06-08T06:00:00+00:00', '--job-id', '332', '--raw', '--subdir', 'DAGS_FOLDER/dynamic_pipeline_generator.py', '--cfg-path', '/tmp/tmpbi_2demm']
[2026-06-08T06:05:02.866+0000] {standard_task_runner.py:63} INFO - Started process 608 to run task
[2026-06-08T06:05:02.866+0000] {standard_task_runner.py:91} INFO - Job 332: Subtask run_pipeline_2
[2026-06-08T06:05:02.935+0000] {task_command.py:426} INFO - Running <TaskInstance: postgres_to_local_pipeline.run_pipeline_2 scheduled__2026-06-08T06:00:00+00:00 [running]> on host 450cdec9e3e5
[2026-06-08T06:05:03.067+0000] {taskinstance.py:2648} INFO - Exporting env vars: AIRFLOW_CTX_DAG_OWNER='subashri' AIRFLOW_CTX_DAG_ID='postgres_to_local_pipeline' AIRFLOW_CTX_TASK_ID='run_pipeline_2' AIRFLOW_CTX_EXECUTION_DATE='2026-06-08T06:00:00+00:00' AIRFLOW_CTX_TRY_NUMBER='1' AIRFLOW_CTX_DAG_RUN_ID='scheduled__2026-06-08T06:00:00+00:00'
[2026-06-08T06:05:03.068+0000] {taskinstance.py:430} INFO - ::endgroup::
[2026-06-08T06:05:03.101+0000] {subprocess.py:63} INFO - Tmp dir root location: /tmp
[2026-06-08T06:05:03.108+0000] {subprocess.py:75} INFO - Running command: ['/usr/bin/bash', '-c', 'cd /opt/***/src && python main.py 2']
[2026-06-08T06:05:03.135+0000] {subprocess.py:86} INFO - Output:
[2026-06-08T06:05:14.370+0000] {subprocess.py:93} INFO - 
[2026-06-08T06:05:14.372+0000] {subprocess.py:93} INFO - ===================================
[2026-06-08T06:05:14.373+0000] {subprocess.py:93} INFO - DATABASE CONNECTION CONFIG
[2026-06-08T06:05:14.374+0000] {subprocess.py:93} INFO - ===================================
[2026-06-08T06:05:14.375+0000] {subprocess.py:93} INFO - DB TYPE   : postgres
[2026-06-08T06:05:14.376+0000] {subprocess.py:93} INFO - HOST      : 3.107.8.33
[2026-06-08T06:05:14.377+0000] {subprocess.py:93} INFO - PORT      : 5432
[2026-06-08T06:05:14.378+0000] {subprocess.py:93} INFO - DATABASE  : metadata_db
[2026-06-08T06:05:14.379+0000] {subprocess.py:93} INFO - USERNAME  : teamuser
[2026-06-08T06:05:14.379+0000] {subprocess.py:93} INFO - ===================================
[2026-06-08T06:05:14.380+0000] {subprocess.py:93} INFO - 
[2026-06-08T06:05:14.381+0000] {subprocess.py:93} INFO - Connected to POSTGRES successfully.
[2026-06-08T06:05:14.382+0000] {subprocess.py:93} INFO - 
[2026-06-08T06:05:14.383+0000] {subprocess.py:93} INFO - Running pipeline: postgres_to_local_pipeline (db_to_storage)
[2026-06-08T06:05:14.384+0000] {subprocess.py:93} INFO - 
[2026-06-08T06:05:14.385+0000] {subprocess.py:93} INFO - ===================================
[2026-06-08T06:05:14.386+0000] {subprocess.py:93} INFO - DATABASE CONNECTION CONFIG
[2026-06-08T06:05:14.386+0000] {subprocess.py:93} INFO - ===================================
[2026-06-08T06:05:14.387+0000] {subprocess.py:93} INFO - DB TYPE   : postgres
[2026-06-08T06:05:14.388+0000] {subprocess.py:93} INFO - HOST      : 3.107.8.33
[2026-06-08T06:05:14.389+0000] {subprocess.py:93} INFO - PORT      : 5432
[2026-06-08T06:05:14.390+0000] {subprocess.py:93} INFO - DATABASE  : udifdb
[2026-06-08T06:05:14.391+0000] {subprocess.py:93} INFO - USERNAME  : teamuser
[2026-06-08T06:05:14.392+0000] {subprocess.py:93} INFO - ===================================
[2026-06-08T06:05:14.393+0000] {subprocess.py:93} INFO - 
[2026-06-08T06:05:14.394+0000] {subprocess.py:93} INFO - Connected to POSTGRES successfully.
[2026-06-08T06:05:14.395+0000] {subprocess.py:93} INFO - Completed: 4653 rows processed
[2026-06-08T06:05:14.591+0000] {subprocess.py:97} INFO - Command exited with return code 0
[2026-06-08T06:05:14.596+0000] {taskinstance.py:441} INFO - ::group::Post task execution logs
[2026-06-08T06:05:14.637+0000] {taskinstance.py:1206} INFO - Marking task as SUCCESS. dag_id=postgres_to_local_pipeline, task_id=run_pipeline_2, run_id=scheduled__2026-06-08T06:00:00+00:00, execution_date=20260608T060000, start_date=20260608T060502, end_date=20260608T060514
[2026-06-08T06:05:14.680+0000] {local_task_job_runner.py:240} INFO - Task exited with return code 0
[2026-06-08T06:05:14.705+0000] {taskinstance.py:3498} INFO - 0 downstream tasks scheduled from follow-on schedule check
[2026-06-08T06:05:14.710+0000] {local_task_job_runner.py:222} INFO - ::endgroup::
