[2026-06-01T07:26:42.173+0000] {local_task_job_runner.py:120} INFO - ::group::Pre task execution logs
[2026-06-01T07:26:42.264+0000] {taskinstance.py:2076} INFO - Dependencies all met for dep_context=non-requeueable deps ti=<TaskInstance: dynamic_metadata_pipeline.run_pipeline_5 manual__2026-06-01T07:26:39.122944+00:00 [queued]>
[2026-06-01T07:26:42.290+0000] {taskinstance.py:2076} INFO - Dependencies all met for dep_context=requeueable deps ti=<TaskInstance: dynamic_metadata_pipeline.run_pipeline_5 manual__2026-06-01T07:26:39.122944+00:00 [queued]>
[2026-06-01T07:26:42.291+0000] {taskinstance.py:2306} INFO - Starting attempt 1 of 2
[2026-06-01T07:26:42.307+0000] {taskinstance.py:2330} INFO - Executing <Task(BashOperator): run_pipeline_5> on 2026-06-01 07:26:39.122944+00:00
[2026-06-01T07:26:42.330+0000] {standard_task_runner.py:90} INFO - Running: ['***', 'tasks', 'run', 'dynamic_metadata_pipeline', 'run_pipeline_5', 'manual__2026-06-01T07:26:39.122944+00:00', '--job-id', '81', '--raw', '--subdir', 'DAGS_FOLDER/dynamic_pipeline_dag.py', '--cfg-path', '/tmp/tmpw25jhn6w']
[2026-06-01T07:26:42.334+0000] {standard_task_runner.py:91} INFO - Job 81: Subtask run_pipeline_5
[2026-06-01T07:26:42.336+0000] {logging_mixin.py:188} WARNING - /home/***/.local/lib/python3.12/site-packages/***/task/task_runner/standard_task_runner.py:61 DeprecationWarning: This process (pid=719) is multi-threaded, use of fork() may lead to deadlocks in the child.
[2026-06-01T07:26:42.337+0000] {standard_task_runner.py:63} INFO - Started process 726 to run task
[2026-06-01T07:26:42.391+0000] {task_command.py:426} INFO - Running <TaskInstance: dynamic_metadata_pipeline.run_pipeline_5 manual__2026-06-01T07:26:39.122944+00:00 [running]> on host 1103cbeaed03
[2026-06-01T07:26:42.526+0000] {taskinstance.py:2648} INFO - Exporting env vars: AIRFLOW_CTX_DAG_OWNER='subashri' AIRFLOW_CTX_DAG_ID='dynamic_metadata_pipeline' AIRFLOW_CTX_TASK_ID='run_pipeline_5' AIRFLOW_CTX_EXECUTION_DATE='2026-06-01T07:26:39.122944+00:00' AIRFLOW_CTX_TRY_NUMBER='1' AIRFLOW_CTX_DAG_RUN_ID='manual__2026-06-01T07:26:39.122944+00:00'
[2026-06-01T07:26:42.529+0000] {taskinstance.py:430} INFO - ::endgroup::
[2026-06-01T07:26:42.566+0000] {subprocess.py:63} INFO - Tmp dir root location: /tmp
[2026-06-01T07:26:42.570+0000] {subprocess.py:75} INFO - Running command: ['/usr/bin/bash', '-c', 'cd /opt/***/src && python main.py 5']
[2026-06-01T07:26:42.601+0000] {subprocess.py:86} INFO - Output:
[2026-06-01T07:26:47.173+0000] {subprocess.py:93} INFO - 
[2026-06-01T07:26:47.178+0000] {subprocess.py:93} INFO - ===================================
[2026-06-01T07:26:47.181+0000] {subprocess.py:93} INFO - DATABASE CONNECTION CONFIG
[2026-06-01T07:26:47.185+0000] {subprocess.py:93} INFO - ===================================
[2026-06-01T07:26:47.187+0000] {subprocess.py:93} INFO - DB TYPE   : postgres
[2026-06-01T07:26:47.188+0000] {subprocess.py:93} INFO - HOST      : 3.107.8.33
[2026-06-01T07:26:47.189+0000] {subprocess.py:93} INFO - PORT      : 5432
[2026-06-01T07:26:47.191+0000] {subprocess.py:93} INFO - DATABASE  : metadata_db
[2026-06-01T07:26:47.192+0000] {subprocess.py:93} INFO - USERNAME  : teamuser
[2026-06-01T07:26:47.193+0000] {subprocess.py:93} INFO - ===================================
[2026-06-01T07:26:47.194+0000] {subprocess.py:93} INFO - 
[2026-06-01T07:26:47.195+0000] {subprocess.py:93} INFO - Connected to POSTGRES successfully.
[2026-06-01T07:26:47.196+0000] {subprocess.py:93} INFO - 
[2026-06-01T07:26:47.198+0000] {subprocess.py:93} INFO - Running pipeline: s3_to_postgres_pipeline (storage_to_db)
[2026-06-01T07:26:47.198+0000] {subprocess.py:93} INFO - ❌ Failed: Unsupported input source 'file'. Use 'local', 's3', or 'azure'.
[2026-06-01T07:26:47.342+0000] {subprocess.py:97} INFO - Command exited with return code 0
[2026-06-01T07:26:47.344+0000] {taskinstance.py:441} INFO - ::group::Post task execution logs
[2026-06-01T07:26:47.371+0000] {taskinstance.py:1206} INFO - Marking task as SUCCESS. dag_id=dynamic_metadata_pipeline, task_id=run_pipeline_5, run_id=manual__2026-06-01T07:26:39.122944+00:00, execution_date=20260601T072639, start_date=20260601T072642, end_date=20260601T072647
[2026-06-01T07:26:47.402+0000] {local_task_job_runner.py:240} INFO - Task exited with return code 0
[2026-06-01T07:26:47.415+0000] {taskinstance.py:3498} INFO - 0 downstream tasks scheduled from follow-on schedule check
[2026-06-01T07:26:47.417+0000] {local_task_job_runner.py:222} INFO - ::endgroup::
