[2026-06-03T13:09:46.060+0000] {local_task_job_runner.py:120} INFO - ::group::Pre task execution logs
[2026-06-03T13:09:46.108+0000] {taskinstance.py:2076} INFO - Dependencies all met for dep_context=non-requeueable deps ti=<TaskInstance: dynamic_metadata_pipeline.run_pipeline_4 manual__2026-06-03T13:09:43.377973+00:00 [queued]>
[2026-06-03T13:09:46.117+0000] {taskinstance.py:2076} INFO - Dependencies all met for dep_context=requeueable deps ti=<TaskInstance: dynamic_metadata_pipeline.run_pipeline_4 manual__2026-06-03T13:09:43.377973+00:00 [queued]>
[2026-06-03T13:09:46.119+0000] {taskinstance.py:2306} INFO - Starting attempt 1 of 2
[2026-06-03T13:09:46.135+0000] {taskinstance.py:2330} INFO - Executing <Task(BashOperator): run_pipeline_4> on 2026-06-03 13:09:43.377973+00:00
[2026-06-03T13:09:46.146+0000] {standard_task_runner.py:90} INFO - Running: ['***', 'tasks', 'run', 'dynamic_metadata_pipeline', 'run_pipeline_4', 'manual__2026-06-03T13:09:43.377973+00:00', '--job-id', '151', '--raw', '--subdir', 'DAGS_FOLDER/dynamic_pipeline_dag.py', '--cfg-path', '/tmp/tmp22u9daxo']
[2026-06-03T13:09:46.151+0000] {standard_task_runner.py:91} INFO - Job 151: Subtask run_pipeline_4
[2026-06-03T13:09:46.160+0000] {logging_mixin.py:188} WARNING - /home/***/.local/lib/python3.12/site-packages/***/task/task_runner/standard_task_runner.py:61 DeprecationWarning: This process (pid=2471) is multi-threaded, use of fork() may lead to deadlocks in the child.
[2026-06-03T13:09:46.162+0000] {standard_task_runner.py:63} INFO - Started process 2476 to run task
[2026-06-03T13:09:46.208+0000] {task_command.py:426} INFO - Running <TaskInstance: dynamic_metadata_pipeline.run_pipeline_4 manual__2026-06-03T13:09:43.377973+00:00 [running]> on host c3bf940c8326
[2026-06-03T13:09:46.317+0000] {taskinstance.py:2648} INFO - Exporting env vars: AIRFLOW_CTX_DAG_OWNER='subashri' AIRFLOW_CTX_DAG_ID='dynamic_metadata_pipeline' AIRFLOW_CTX_TASK_ID='run_pipeline_4' AIRFLOW_CTX_EXECUTION_DATE='2026-06-03T13:09:43.377973+00:00' AIRFLOW_CTX_TRY_NUMBER='1' AIRFLOW_CTX_DAG_RUN_ID='manual__2026-06-03T13:09:43.377973+00:00'
[2026-06-03T13:09:46.319+0000] {taskinstance.py:430} INFO - ::endgroup::
[2026-06-03T13:09:46.336+0000] {subprocess.py:63} INFO - Tmp dir root location: /tmp
[2026-06-03T13:09:46.337+0000] {subprocess.py:75} INFO - Running command: ['/usr/bin/bash', '-c', 'cd /opt/***/src && python main.py 4']
[2026-06-03T13:09:46.355+0000] {subprocess.py:86} INFO - Output:
[2026-06-03T13:09:55.953+0000] {subprocess.py:93} INFO - Using CPU. Note: This module is much faster with a GPU.
[2026-06-03T13:10:30.842+0000] {subprocess.py:93} INFO - /home/***/.local/lib/python3.12/site-packages/torch/utils/data/dataloader.py:752: UserWarning: 'pin_memory' argument is set as true but no accelerator is found, then device pinned memory won't be used.
[2026-06-03T13:10:30.843+0000] {subprocess.py:93} INFO -   super().__init__(loader)
[2026-06-03T13:11:08.860+0000] {subprocess.py:93} INFO - 
[2026-06-03T13:11:08.864+0000] {subprocess.py:93} INFO - ===================================
[2026-06-03T13:11:08.866+0000] {subprocess.py:93} INFO - DATABASE CONNECTION CONFIG
[2026-06-03T13:11:08.868+0000] {subprocess.py:93} INFO - ===================================
[2026-06-03T13:11:08.870+0000] {subprocess.py:93} INFO - DB TYPE   : postgres
[2026-06-03T13:11:08.872+0000] {subprocess.py:93} INFO - HOST      : 3.107.8.33
[2026-06-03T13:11:08.874+0000] {subprocess.py:93} INFO - PORT      : 5432
[2026-06-03T13:11:08.876+0000] {subprocess.py:93} INFO - DATABASE  : metadata_db
[2026-06-03T13:11:08.877+0000] {subprocess.py:93} INFO - USERNAME  : teamuser
[2026-06-03T13:11:08.878+0000] {subprocess.py:93} INFO - ===================================
[2026-06-03T13:11:08.880+0000] {subprocess.py:93} INFO - 
[2026-06-03T13:11:08.881+0000] {subprocess.py:93} INFO - Connected to POSTGRES successfully.
[2026-06-03T13:11:08.882+0000] {subprocess.py:93} INFO - 
[2026-06-03T13:11:08.883+0000] {subprocess.py:93} INFO - Running pipeline: local_to_postgres_pipeline (storage_to_db)
[2026-06-03T13:11:08.884+0000] {subprocess.py:93} INFO - Loading table: customer (2 rows)
[2026-06-03T13:11:08.885+0000] {subprocess.py:93} INFO - Loading table: data pic1 (91 rows)
[2026-06-03T13:11:08.885+0000] {subprocess.py:93} INFO - Loading table: employee (20 rows)
[2026-06-03T13:11:08.886+0000] {subprocess.py:93} INFO - Loading table: employee_data (100 rows)
[2026-06-03T13:11:08.887+0000] {subprocess.py:93} INFO - Loading table: sample (2 rows)
[2026-06-03T13:11:08.888+0000] {subprocess.py:93} INFO - Loading table: word (12 rows)
[2026-06-03T13:11:08.889+0000] {subprocess.py:93} INFO - Processed total rows: 227
[2026-06-03T13:11:08.889+0000] {subprocess.py:93} INFO - Completed: 227 rows processed
[2026-06-03T13:11:09.801+0000] {subprocess.py:97} INFO - Command exited with return code 0
[2026-06-03T13:11:09.813+0000] {taskinstance.py:441} INFO - ::group::Post task execution logs
[2026-06-03T13:11:09.836+0000] {taskinstance.py:1206} INFO - Marking task as SUCCESS. dag_id=dynamic_metadata_pipeline, task_id=run_pipeline_4, run_id=manual__2026-06-03T13:09:43.377973+00:00, execution_date=20260603T130943, start_date=20260603T130946, end_date=20260603T131109
[2026-06-03T13:11:09.869+0000] {local_task_job_runner.py:240} INFO - Task exited with return code 0
[2026-06-03T13:11:09.907+0000] {taskinstance.py:3498} INFO - 0 downstream tasks scheduled from follow-on schedule check
[2026-06-03T13:11:09.911+0000] {local_task_job_runner.py:222} INFO - ::endgroup::
