[2026-06-04T07:00:04.738+0000] {local_task_job_runner.py:120} INFO - ::group::Pre task execution logs
[2026-06-04T07:00:04.937+0000] {taskinstance.py:2076} INFO - Dependencies all met for dep_context=non-requeueable deps ti=<TaskInstance: s3_to_local_pipeline.run_pipeline_7 scheduled__2026-06-04T06:55:00+00:00 [queued]>
[2026-06-04T07:00:05.004+0000] {taskinstance.py:2076} INFO - Dependencies all met for dep_context=requeueable deps ti=<TaskInstance: s3_to_local_pipeline.run_pipeline_7 scheduled__2026-06-04T06:55:00+00:00 [queued]>
[2026-06-04T07:00:05.008+0000] {taskinstance.py:2306} INFO - Starting attempt 1 of 2
[2026-06-04T07:00:05.090+0000] {taskinstance.py:2330} INFO - Executing <Task(BashOperator): run_pipeline_7> on 2026-06-04 06:55:00+00:00
[2026-06-04T07:00:05.132+0000] {standard_task_runner.py:90} INFO - Running: ['***', 'tasks', 'run', 's3_to_local_pipeline', 'run_pipeline_7', 'scheduled__2026-06-04T06:55:00+00:00', '--job-id', '275', '--raw', '--subdir', 'DAGS_FOLDER/dynamic_pipeline_generator.py', '--cfg-path', '/tmp/tmpqjm316q7']
[2026-06-04T07:00:05.159+0000] {standard_task_runner.py:91} INFO - Job 275: Subtask run_pipeline_7
[2026-06-04T07:00:05.316+0000] {logging_mixin.py:188} WARNING - /home/***/.local/lib/python3.12/site-packages/***/task/task_runner/standard_task_runner.py:61 DeprecationWarning: This process (pid=4809) is multi-threaded, use of fork() may lead to deadlocks in the child.
[2026-06-04T07:00:05.330+0000] {standard_task_runner.py:63} INFO - Started process 4813 to run task
[2026-06-04T07:00:05.658+0000] {task_command.py:426} INFO - Running <TaskInstance: s3_to_local_pipeline.run_pipeline_7 scheduled__2026-06-04T06:55:00+00:00 [running]> on host b044b6a9b6bd
[2026-06-04T07:00:06.210+0000] {taskinstance.py:2648} INFO - Exporting env vars: AIRFLOW_CTX_DAG_OWNER='subashri' AIRFLOW_CTX_DAG_ID='s3_to_local_pipeline' AIRFLOW_CTX_TASK_ID='run_pipeline_7' AIRFLOW_CTX_EXECUTION_DATE='2026-06-04T06:55:00+00:00' AIRFLOW_CTX_TRY_NUMBER='1' AIRFLOW_CTX_DAG_RUN_ID='scheduled__2026-06-04T06:55:00+00:00'
[2026-06-04T07:00:06.216+0000] {taskinstance.py:430} INFO - ::endgroup::
[2026-06-04T07:00:06.351+0000] {subprocess.py:63} INFO - Tmp dir root location: /tmp
[2026-06-04T07:00:06.363+0000] {subprocess.py:75} INFO - Running command: ['/usr/bin/bash', '-c', 'cd /opt/***/src && python main.py 7']
[2026-06-04T07:00:06.483+0000] {subprocess.py:86} INFO - Output:
[2026-06-04T07:00:21.310+0000] {subprocess.py:93} INFO - 
[2026-06-04T07:00:21.316+0000] {subprocess.py:93} INFO - ===================================
[2026-06-04T07:00:21.320+0000] {subprocess.py:93} INFO - DATABASE CONNECTION CONFIG
[2026-06-04T07:00:21.322+0000] {subprocess.py:93} INFO - ===================================
[2026-06-04T07:00:21.323+0000] {subprocess.py:93} INFO - DB TYPE   : postgres
[2026-06-04T07:00:21.325+0000] {subprocess.py:93} INFO - HOST      : 3.107.8.33
[2026-06-04T07:00:21.327+0000] {subprocess.py:93} INFO - PORT      : 5432
[2026-06-04T07:00:21.328+0000] {subprocess.py:93} INFO - DATABASE  : metadata_db
[2026-06-04T07:00:21.330+0000] {subprocess.py:93} INFO - USERNAME  : teamuser
[2026-06-04T07:00:21.331+0000] {subprocess.py:93} INFO - ===================================
[2026-06-04T07:00:21.333+0000] {subprocess.py:93} INFO - 
[2026-06-04T07:00:21.337+0000] {subprocess.py:93} INFO - Connected to POSTGRES successfully.
[2026-06-04T07:00:21.338+0000] {subprocess.py:93} INFO - 
[2026-06-04T07:00:21.339+0000] {subprocess.py:93} INFO - Running pipeline: s3_to_local_pipeline (storage_to_storage)
[2026-06-04T07:00:21.341+0000] {subprocess.py:93} INFO - Processing file: customer_feb (120 rows)
[2026-06-04T07:00:21.343+0000] {subprocess.py:93} INFO - Processing file: customer_jan (100 rows)
[2026-06-04T07:00:21.344+0000] {subprocess.py:93} INFO - Processing file: customer_march (150 rows)
[2026-06-04T07:00:21.346+0000] {subprocess.py:93} INFO - Processed total rows: 370
[2026-06-04T07:00:21.348+0000] {subprocess.py:93} INFO - Completed: 370 rows processed
[2026-06-04T07:00:21.886+0000] {subprocess.py:97} INFO - Command exited with return code 0
[2026-06-04T07:00:21.890+0000] {taskinstance.py:441} INFO - ::group::Post task execution logs
[2026-06-04T07:00:21.978+0000] {taskinstance.py:1206} INFO - Marking task as SUCCESS. dag_id=s3_to_local_pipeline, task_id=run_pipeline_7, run_id=scheduled__2026-06-04T06:55:00+00:00, execution_date=20260604T065500, start_date=20260604T070004, end_date=20260604T070021
[2026-06-04T07:00:22.064+0000] {local_task_job_runner.py:240} INFO - Task exited with return code 0
[2026-06-04T07:00:22.113+0000] {taskinstance.py:3498} INFO - 0 downstream tasks scheduled from follow-on schedule check
[2026-06-04T07:00:22.119+0000] {local_task_job_runner.py:222} INFO - ::endgroup::
