[2026-05-30T14:19:34.768+0000] {local_task_job_runner.py:120} INFO - ::group::Pre task execution logs
[2026-05-30T14:19:34.801+0000] {taskinstance.py:2076} INFO - Dependencies all met for dep_context=non-requeueable deps ti=<TaskInstance: dynamic_metadata_pipeline.run_pipeline_3 manual__2026-05-30T14:13:40.188244+00:00 [queued]>
[2026-05-30T14:19:34.811+0000] {taskinstance.py:2076} INFO - Dependencies all met for dep_context=requeueable deps ti=<TaskInstance: dynamic_metadata_pipeline.run_pipeline_3 manual__2026-05-30T14:13:40.188244+00:00 [queued]>
[2026-05-30T14:19:34.812+0000] {taskinstance.py:2306} INFO - Starting attempt 2 of 2
[2026-05-30T14:19:34.827+0000] {taskinstance.py:2330} INFO - Executing <Task(BashOperator): run_pipeline_3> on 2026-05-30 14:13:40.188244+00:00
[2026-05-30T14:19:34.835+0000] {standard_task_runner.py:90} INFO - Running: ['***', 'tasks', 'run', 'dynamic_metadata_pipeline', 'run_pipeline_3', 'manual__2026-05-30T14:13:40.188244+00:00', '--job-id', '52', '--raw', '--subdir', 'DAGS_FOLDER/dynamic_pipeline_dag.py', '--cfg-path', '/tmp/tmpibd3mu78']
[2026-05-30T14:19:34.838+0000] {logging_mixin.py:188} WARNING - /home/***/.local/lib/python3.12/site-packages/***/task/task_runner/standard_task_runner.py:61 DeprecationWarning: This process (pid=304) is multi-threaded, use of fork() may lead to deadlocks in the child.
[2026-05-30T14:19:34.839+0000] {standard_task_runner.py:91} INFO - Job 52: Subtask run_pipeline_3
[2026-05-30T14:19:34.839+0000] {standard_task_runner.py:63} INFO - Started process 305 to run task
[2026-05-30T14:19:34.888+0000] {task_command.py:426} INFO - Running <TaskInstance: dynamic_metadata_pipeline.run_pipeline_3 manual__2026-05-30T14:13:40.188244+00:00 [running]> on host ca256611781a
[2026-05-30T14:19:34.970+0000] {taskinstance.py:2648} INFO - Exporting env vars: AIRFLOW_CTX_DAG_OWNER='subashri' AIRFLOW_CTX_DAG_ID='dynamic_metadata_pipeline' AIRFLOW_CTX_TASK_ID='run_pipeline_3' AIRFLOW_CTX_EXECUTION_DATE='2026-05-30T14:13:40.188244+00:00' AIRFLOW_CTX_TRY_NUMBER='2' AIRFLOW_CTX_DAG_RUN_ID='manual__2026-05-30T14:13:40.188244+00:00'
[2026-05-30T14:19:34.972+0000] {taskinstance.py:430} INFO - ::endgroup::
[2026-05-30T14:19:34.988+0000] {subprocess.py:63} INFO - Tmp dir root location: /tmp
[2026-05-30T14:19:34.990+0000] {subprocess.py:75} INFO - Running command: ['/usr/bin/bash', '-c', 'cd /opt/***/src && python main.py 3']
[2026-05-30T14:19:34.998+0000] {subprocess.py:86} INFO - Output:
[2026-05-30T14:19:39.229+0000] {subprocess.py:93} INFO - Using CPU. Note: This module is much faster with a GPU.
[2026-05-30T14:19:54.235+0000] {subprocess.py:93} INFO - 
[2026-05-30T14:19:54.236+0000] {subprocess.py:93} INFO - ===================================
[2026-05-30T14:19:54.237+0000] {subprocess.py:93} INFO - DATABASE CONNECTION CONFIG
[2026-05-30T14:19:54.238+0000] {subprocess.py:93} INFO - ===================================
[2026-05-30T14:19:54.238+0000] {subprocess.py:93} INFO - DB TYPE   : postgres
[2026-05-30T14:19:54.239+0000] {subprocess.py:93} INFO - HOST      : 3.25.121.38
[2026-05-30T14:19:54.239+0000] {subprocess.py:93} INFO - PORT      : 5432
[2026-05-30T14:19:54.240+0000] {subprocess.py:93} INFO - DATABASE  : metadata_db
[2026-05-30T14:19:54.240+0000] {subprocess.py:93} INFO - USERNAME  : teamuser
[2026-05-30T14:19:54.241+0000] {subprocess.py:93} INFO - ===================================
[2026-05-30T14:19:54.241+0000] {subprocess.py:93} INFO - 
[2026-05-30T14:19:54.241+0000] {subprocess.py:93} INFO - Connected to POSTGRES successfully.
[2026-05-30T14:19:54.242+0000] {subprocess.py:93} INFO - 
[2026-05-30T14:19:54.242+0000] {subprocess.py:93} INFO - Running pipeline: postgres_to_postgres_pipeline (db_to_db)
[2026-05-30T14:19:54.243+0000] {subprocess.py:93} INFO - 
[2026-05-30T14:19:54.243+0000] {subprocess.py:93} INFO - ===================================
[2026-05-30T14:19:54.244+0000] {subprocess.py:93} INFO - DATABASE CONNECTION CONFIG
[2026-05-30T14:19:54.244+0000] {subprocess.py:93} INFO - ===================================
[2026-05-30T14:19:54.245+0000] {subprocess.py:93} INFO - DB TYPE   : postgres
[2026-05-30T14:19:54.245+0000] {subprocess.py:93} INFO - HOST      : 3.25.121.38
[2026-05-30T14:19:54.245+0000] {subprocess.py:93} INFO - PORT      : 5432
[2026-05-30T14:19:54.246+0000] {subprocess.py:93} INFO - DATABASE  : udifdb
[2026-05-30T14:19:54.246+0000] {subprocess.py:93} INFO - USERNAME  : teamuser
[2026-05-30T14:19:54.247+0000] {subprocess.py:93} INFO - ===================================
[2026-05-30T14:19:54.247+0000] {subprocess.py:93} INFO - 
[2026-05-30T14:19:54.248+0000] {subprocess.py:93} INFO - Connected to POSTGRES successfully.
[2026-05-30T14:19:54.248+0000] {subprocess.py:93} INFO - Completed: 4653 rows processed
[2026-05-30T14:19:55.088+0000] {subprocess.py:97} INFO - Command exited with return code 0
[2026-05-30T14:19:55.089+0000] {taskinstance.py:441} INFO - ::group::Post task execution logs
[2026-05-30T14:19:55.111+0000] {taskinstance.py:1206} INFO - Marking task as SUCCESS. dag_id=dynamic_metadata_pipeline, task_id=run_pipeline_3, run_id=manual__2026-05-30T14:13:40.188244+00:00, execution_date=20260530T141340, start_date=20260530T141934, end_date=20260530T141955
[2026-05-30T14:19:55.157+0000] {local_task_job_runner.py:240} INFO - Task exited with return code 0
[2026-05-30T14:19:55.192+0000] {taskinstance.py:3498} INFO - 0 downstream tasks scheduled from follow-on schedule check
[2026-05-30T14:19:55.196+0000] {local_task_job_runner.py:222} INFO - ::endgroup::
