[2026-06-04T06:55:04.906+0000] {local_task_job_runner.py:120} INFO - ::group::Pre task execution logs
[2026-06-04T06:55:05.058+0000] {taskinstance.py:2076} INFO - Dependencies all met for dep_context=non-requeueable deps ti=<TaskInstance: s3_to_postgres_pipeline.run_pipeline_5 scheduled__2026-06-04T06:50:00+00:00 [queued]>
[2026-06-04T06:55:05.100+0000] {taskinstance.py:2076} INFO - Dependencies all met for dep_context=requeueable deps ti=<TaskInstance: s3_to_postgres_pipeline.run_pipeline_5 scheduled__2026-06-04T06:50:00+00:00 [queued]>
[2026-06-04T06:55:05.102+0000] {taskinstance.py:2306} INFO - Starting attempt 1 of 2
[2026-06-04T06:55:05.172+0000] {taskinstance.py:2330} INFO - Executing <Task(BashOperator): run_pipeline_5> on 2026-06-04 06:50:00+00:00
[2026-06-04T06:55:05.251+0000] {standard_task_runner.py:90} INFO - Running: ['***', 'tasks', 'run', 's3_to_postgres_pipeline', 'run_pipeline_5', 'scheduled__2026-06-04T06:50:00+00:00', '--job-id', '268', '--raw', '--subdir', 'DAGS_FOLDER/dynamic_pipeline_generator.py', '--cfg-path', '/tmp/tmpn8sqhxmn']
[2026-06-04T06:55:05.272+0000] {standard_task_runner.py:91} INFO - Job 268: Subtask run_pipeline_5
[2026-06-04T06:55:05.351+0000] {logging_mixin.py:188} WARNING - /home/***/.local/lib/python3.12/site-packages/***/task/task_runner/standard_task_runner.py:61 DeprecationWarning: This process (pid=4602) is multi-threaded, use of fork() may lead to deadlocks in the child.
[2026-06-04T06:55:05.362+0000] {standard_task_runner.py:63} INFO - Started process 4611 to run task
[2026-06-04T06:55:05.502+0000] {task_command.py:426} INFO - Running <TaskInstance: s3_to_postgres_pipeline.run_pipeline_5 scheduled__2026-06-04T06:50:00+00:00 [running]> on host b044b6a9b6bd
[2026-06-04T06:55:05.969+0000] {taskinstance.py:2648} INFO - Exporting env vars: AIRFLOW_CTX_DAG_OWNER='subashri' AIRFLOW_CTX_DAG_ID='s3_to_postgres_pipeline' AIRFLOW_CTX_TASK_ID='run_pipeline_5' AIRFLOW_CTX_EXECUTION_DATE='2026-06-04T06:50:00+00:00' AIRFLOW_CTX_TRY_NUMBER='1' AIRFLOW_CTX_DAG_RUN_ID='scheduled__2026-06-04T06:50:00+00:00'
[2026-06-04T06:55:05.980+0000] {taskinstance.py:430} INFO - ::endgroup::
[2026-06-04T06:55:06.119+0000] {subprocess.py:63} INFO - Tmp dir root location: /tmp
[2026-06-04T06:55:06.126+0000] {subprocess.py:75} INFO - Running command: ['/usr/bin/bash', '-c', 'cd /opt/***/src && python main.py 5']
[2026-06-04T06:55:06.291+0000] {subprocess.py:86} INFO - Output:
[2026-06-04T06:55:36.515+0000] {subprocess.py:93} INFO - 
[2026-06-04T06:55:36.518+0000] {subprocess.py:93} INFO - ===================================
[2026-06-04T06:55:36.520+0000] {subprocess.py:93} INFO - DATABASE CONNECTION CONFIG
[2026-06-04T06:55:36.521+0000] {subprocess.py:93} INFO - ===================================
[2026-06-04T06:55:36.522+0000] {subprocess.py:93} INFO - DB TYPE   : postgres
[2026-06-04T06:55:36.524+0000] {subprocess.py:93} INFO - HOST      : 3.107.8.33
[2026-06-04T06:55:36.525+0000] {subprocess.py:93} INFO - PORT      : 5432
[2026-06-04T06:55:36.526+0000] {subprocess.py:93} INFO - DATABASE  : metadata_db
[2026-06-04T06:55:36.528+0000] {subprocess.py:93} INFO - USERNAME  : teamuser
[2026-06-04T06:55:36.530+0000] {subprocess.py:93} INFO - ===================================
[2026-06-04T06:55:36.531+0000] {subprocess.py:93} INFO - 
[2026-06-04T06:55:36.532+0000] {subprocess.py:93} INFO - Connected to POSTGRES successfully.
[2026-06-04T06:55:36.533+0000] {subprocess.py:93} INFO - 
[2026-06-04T06:55:36.534+0000] {subprocess.py:93} INFO - Running pipeline: s3_to_postgres_pipeline (storage_to_db)
[2026-06-04T06:55:36.535+0000] {subprocess.py:93} INFO - Loading table: customer_feb (120 rows)
[2026-06-04T06:55:36.536+0000] {subprocess.py:93} INFO - Loading table: customer_jan (100 rows)
[2026-06-04T06:55:36.536+0000] {subprocess.py:93} INFO - Loading table: customer_march (150 rows)
[2026-06-04T06:55:36.537+0000] {subprocess.py:93} INFO - Processed total rows: 370
[2026-06-04T06:55:36.538+0000] {subprocess.py:93} INFO - Completed: 370 rows processed
[2026-06-04T06:55:36.862+0000] {subprocess.py:97} INFO - Command exited with return code 0
[2026-06-04T06:55:36.864+0000] {taskinstance.py:441} INFO - ::group::Post task execution logs
[2026-06-04T06:55:36.921+0000] {taskinstance.py:1206} INFO - Marking task as SUCCESS. dag_id=s3_to_postgres_pipeline, task_id=run_pipeline_5, run_id=scheduled__2026-06-04T06:50:00+00:00, execution_date=20260604T065000, start_date=20260604T065505, end_date=20260604T065536
[2026-06-04T06:55:36.988+0000] {local_task_job_runner.py:240} INFO - Task exited with return code 0
[2026-06-04T06:55:37.020+0000] {taskinstance.py:3498} INFO - 0 downstream tasks scheduled from follow-on schedule check
[2026-06-04T06:55:37.024+0000] {local_task_job_runner.py:222} INFO - ::endgroup::
