[2026-06-04T04:25:02.218+0000] {local_task_job_runner.py:120} INFO - ::group::Pre task execution logs
[2026-06-04T04:25:02.250+0000] {taskinstance.py:2076} INFO - Dependencies all met for dep_context=non-requeueable deps ti=<TaskInstance: postgres_to_local_pipeline.run_pipeline_2 scheduled__2026-06-04T04:20:00+00:00 [queued]>
[2026-06-04T04:25:02.260+0000] {taskinstance.py:2076} INFO - Dependencies all met for dep_context=requeueable deps ti=<TaskInstance: postgres_to_local_pipeline.run_pipeline_2 scheduled__2026-06-04T04:20:00+00:00 [queued]>
[2026-06-04T04:25:02.261+0000] {taskinstance.py:2306} INFO - Starting attempt 1 of 2
[2026-06-04T04:25:02.274+0000] {taskinstance.py:2330} INFO - Executing <Task(BashOperator): run_pipeline_2> on 2026-06-04 04:20:00+00:00
[2026-06-04T04:25:02.281+0000] {standard_task_runner.py:90} INFO - Running: ['***', 'tasks', 'run', 'postgres_to_local_pipeline', 'run_pipeline_2', 'scheduled__2026-06-04T04:20:00+00:00', '--job-id', '197', '--raw', '--subdir', 'DAGS_FOLDER/dynamic_pipeline_generator.py', '--cfg-path', '/tmp/tmpnpsa0jol']
[2026-06-04T04:25:02.284+0000] {logging_mixin.py:188} WARNING - /home/***/.local/lib/python3.12/site-packages/***/task/task_runner/standard_task_runner.py:61 DeprecationWarning: This process (pid=757) is multi-threaded, use of fork() may lead to deadlocks in the child.
[2026-06-04T04:25:02.285+0000] {standard_task_runner.py:91} INFO - Job 197: Subtask run_pipeline_2
[2026-06-04T04:25:02.285+0000] {standard_task_runner.py:63} INFO - Started process 758 to run task
[2026-06-04T04:25:02.332+0000] {task_command.py:426} INFO - Running <TaskInstance: postgres_to_local_pipeline.run_pipeline_2 scheduled__2026-06-04T04:20:00+00:00 [running]> on host b044b6a9b6bd
[2026-06-04T04:25:02.417+0000] {taskinstance.py:2648} INFO - Exporting env vars: AIRFLOW_CTX_DAG_OWNER='subashri' AIRFLOW_CTX_DAG_ID='postgres_to_local_pipeline' AIRFLOW_CTX_TASK_ID='run_pipeline_2' AIRFLOW_CTX_EXECUTION_DATE='2026-06-04T04:20:00+00:00' AIRFLOW_CTX_TRY_NUMBER='1' AIRFLOW_CTX_DAG_RUN_ID='scheduled__2026-06-04T04:20:00+00:00'
[2026-06-04T04:25:02.418+0000] {taskinstance.py:430} INFO - ::endgroup::
[2026-06-04T04:25:02.436+0000] {subprocess.py:63} INFO - Tmp dir root location: /tmp
[2026-06-04T04:25:02.438+0000] {subprocess.py:75} INFO - Running command: ['/usr/bin/bash', '-c', 'cd /opt/***/src && python main.py 2']
[2026-06-04T04:25:02.446+0000] {subprocess.py:86} INFO - Output:
[2026-06-04T04:25:11.904+0000] {subprocess.py:93} INFO - 
[2026-06-04T04:25:11.907+0000] {subprocess.py:93} INFO - ===================================
[2026-06-04T04:25:11.908+0000] {subprocess.py:93} INFO - DATABASE CONNECTION CONFIG
[2026-06-04T04:25:11.910+0000] {subprocess.py:93} INFO - ===================================
[2026-06-04T04:25:11.911+0000] {subprocess.py:93} INFO - DB TYPE   : postgres
[2026-06-04T04:25:11.913+0000] {subprocess.py:93} INFO - HOST      : 3.107.8.33
[2026-06-04T04:25:11.914+0000] {subprocess.py:93} INFO - PORT      : 5432
[2026-06-04T04:25:11.916+0000] {subprocess.py:93} INFO - DATABASE  : metadata_db
[2026-06-04T04:25:11.917+0000] {subprocess.py:93} INFO - USERNAME  : teamuser
[2026-06-04T04:25:11.918+0000] {subprocess.py:93} INFO - ===================================
[2026-06-04T04:25:11.920+0000] {subprocess.py:93} INFO - 
[2026-06-04T04:25:11.921+0000] {subprocess.py:93} INFO - Connected to POSTGRES successfully.
[2026-06-04T04:25:11.922+0000] {subprocess.py:93} INFO - 
[2026-06-04T04:25:11.923+0000] {subprocess.py:93} INFO - Running pipeline: postgres_to_local_pipeline (db_to_storage)
[2026-06-04T04:25:11.923+0000] {subprocess.py:93} INFO - 
[2026-06-04T04:25:11.924+0000] {subprocess.py:93} INFO - ===================================
[2026-06-04T04:25:11.925+0000] {subprocess.py:93} INFO - DATABASE CONNECTION CONFIG
[2026-06-04T04:25:11.926+0000] {subprocess.py:93} INFO - ===================================
[2026-06-04T04:25:11.927+0000] {subprocess.py:93} INFO - DB TYPE   : postgres
[2026-06-04T04:25:11.928+0000] {subprocess.py:93} INFO - HOST      : 3.107.8.33
[2026-06-04T04:25:11.929+0000] {subprocess.py:93} INFO - PORT      : 5432
[2026-06-04T04:25:11.930+0000] {subprocess.py:93} INFO - DATABASE  : udifdb
[2026-06-04T04:25:11.931+0000] {subprocess.py:93} INFO - USERNAME  : teamuser
[2026-06-04T04:25:11.931+0000] {subprocess.py:93} INFO - ===================================
[2026-06-04T04:25:11.932+0000] {subprocess.py:93} INFO - 
[2026-06-04T04:25:11.933+0000] {subprocess.py:93} INFO - Connected to POSTGRES successfully.
[2026-06-04T04:25:11.934+0000] {subprocess.py:93} INFO - Completed: 4653 rows processed
[2026-06-04T04:25:12.076+0000] {subprocess.py:97} INFO - Command exited with return code 0
[2026-06-04T04:25:12.077+0000] {taskinstance.py:441} INFO - ::group::Post task execution logs
[2026-06-04T04:25:12.123+0000] {taskinstance.py:1206} INFO - Marking task as SUCCESS. dag_id=postgres_to_local_pipeline, task_id=run_pipeline_2, run_id=scheduled__2026-06-04T04:20:00+00:00, execution_date=20260604T042000, start_date=20260604T042502, end_date=20260604T042512
[2026-06-04T04:25:12.163+0000] {local_task_job_runner.py:240} INFO - Task exited with return code 0
[2026-06-04T04:25:12.179+0000] {taskinstance.py:3498} INFO - 0 downstream tasks scheduled from follow-on schedule check
[2026-06-04T04:25:12.183+0000] {local_task_job_runner.py:222} INFO - ::endgroup::
