[2026-06-08T06:05:02.597+0000] {local_task_job_runner.py:120} INFO - ::group::Pre task execution logs
[2026-06-08T06:05:02.641+0000] {taskinstance.py:2076} INFO - Dependencies all met for dep_context=non-requeueable deps ti=<TaskInstance: postgres_to_postgres_pipeline.run_pipeline_3 scheduled__2026-06-08T06:00:00+00:00 [queued]>
[2026-06-08T06:05:02.654+0000] {taskinstance.py:2076} INFO - Dependencies all met for dep_context=requeueable deps ti=<TaskInstance: postgres_to_postgres_pipeline.run_pipeline_3 scheduled__2026-06-08T06:00:00+00:00 [queued]>
[2026-06-08T06:05:02.655+0000] {taskinstance.py:2306} INFO - Starting attempt 1 of 2
[2026-06-08T06:05:02.682+0000] {taskinstance.py:2330} INFO - Executing <Task(BashOperator): run_pipeline_3> on 2026-06-08 06:00:00+00:00
[2026-06-08T06:05:02.695+0000] {standard_task_runner.py:90} INFO - Running: ['***', 'tasks', 'run', 'postgres_to_postgres_pipeline', 'run_pipeline_3', 'scheduled__2026-06-08T06:00:00+00:00', '--job-id', '326', '--raw', '--subdir', 'DAGS_FOLDER/dynamic_pipeline_generator.py', '--cfg-path', '/tmp/tmph6lrea4j']
[2026-06-08T06:05:02.697+0000] {logging_mixin.py:188} WARNING - /home/***/.local/lib/python3.12/site-packages/***/task/task_runner/standard_task_runner.py:61 DeprecationWarning: This process (pid=597) is multi-threaded, use of fork() may lead to deadlocks in the child.
[2026-06-08T06:05:02.699+0000] {standard_task_runner.py:91} INFO - Job 326: Subtask run_pipeline_3
[2026-06-08T06:05:02.699+0000] {standard_task_runner.py:63} INFO - Started process 603 to run task
[2026-06-08T06:05:02.769+0000] {task_command.py:426} INFO - Running <TaskInstance: postgres_to_postgres_pipeline.run_pipeline_3 scheduled__2026-06-08T06:00:00+00:00 [running]> on host 450cdec9e3e5
[2026-06-08T06:05:02.896+0000] {taskinstance.py:2648} INFO - Exporting env vars: AIRFLOW_CTX_DAG_OWNER='subashri' AIRFLOW_CTX_DAG_ID='postgres_to_postgres_pipeline' AIRFLOW_CTX_TASK_ID='run_pipeline_3' AIRFLOW_CTX_EXECUTION_DATE='2026-06-08T06:00:00+00:00' AIRFLOW_CTX_TRY_NUMBER='1' AIRFLOW_CTX_DAG_RUN_ID='scheduled__2026-06-08T06:00:00+00:00'
[2026-06-08T06:05:02.897+0000] {taskinstance.py:430} INFO - ::endgroup::
[2026-06-08T06:05:02.921+0000] {subprocess.py:63} INFO - Tmp dir root location: /tmp
[2026-06-08T06:05:02.923+0000] {subprocess.py:75} INFO - Running command: ['/usr/bin/bash', '-c', 'cd /opt/***/src && python main.py 3']
[2026-06-08T06:05:02.936+0000] {subprocess.py:86} INFO - Output:
[2026-06-08T06:05:20.190+0000] {subprocess.py:93} INFO - 
[2026-06-08T06:05:20.192+0000] {subprocess.py:93} INFO - ===================================
[2026-06-08T06:05:20.194+0000] {subprocess.py:93} INFO - DATABASE CONNECTION CONFIG
[2026-06-08T06:05:20.195+0000] {subprocess.py:93} INFO - ===================================
[2026-06-08T06:05:20.196+0000] {subprocess.py:93} INFO - DB TYPE   : postgres
[2026-06-08T06:05:20.197+0000] {subprocess.py:93} INFO - HOST      : 3.107.8.33
[2026-06-08T06:05:20.198+0000] {subprocess.py:93} INFO - PORT      : 5432
[2026-06-08T06:05:20.199+0000] {subprocess.py:93} INFO - DATABASE  : metadata_db
[2026-06-08T06:05:20.200+0000] {subprocess.py:93} INFO - USERNAME  : teamuser
[2026-06-08T06:05:20.201+0000] {subprocess.py:93} INFO - ===================================
[2026-06-08T06:05:20.202+0000] {subprocess.py:93} INFO - 
[2026-06-08T06:05:20.203+0000] {subprocess.py:93} INFO - Connected to POSTGRES successfully.
[2026-06-08T06:05:20.204+0000] {subprocess.py:93} INFO - 
[2026-06-08T06:05:20.205+0000] {subprocess.py:93} INFO - Running pipeline: postgres_to_postgres_pipeline (db_to_db)
[2026-06-08T06:05:20.206+0000] {subprocess.py:93} INFO - 
[2026-06-08T06:05:20.206+0000] {subprocess.py:93} INFO - ===================================
[2026-06-08T06:05:20.208+0000] {subprocess.py:93} INFO - DATABASE CONNECTION CONFIG
[2026-06-08T06:05:20.209+0000] {subprocess.py:93} INFO - ===================================
[2026-06-08T06:05:20.210+0000] {subprocess.py:93} INFO - DB TYPE   : postgres
[2026-06-08T06:05:20.211+0000] {subprocess.py:93} INFO - HOST      : 3.107.8.33
[2026-06-08T06:05:20.212+0000] {subprocess.py:93} INFO - PORT      : 5432
[2026-06-08T06:05:20.213+0000] {subprocess.py:93} INFO - DATABASE  : udifdb
[2026-06-08T06:05:20.214+0000] {subprocess.py:93} INFO - USERNAME  : teamuser
[2026-06-08T06:05:20.215+0000] {subprocess.py:93} INFO - ===================================
[2026-06-08T06:05:20.216+0000] {subprocess.py:93} INFO - 
[2026-06-08T06:05:20.217+0000] {subprocess.py:93} INFO - Connected to POSTGRES successfully.
[2026-06-08T06:05:20.218+0000] {subprocess.py:93} INFO - Completed: 4653 rows processed
[2026-06-08T06:05:20.511+0000] {subprocess.py:97} INFO - Command exited with return code 0
[2026-06-08T06:05:20.517+0000] {taskinstance.py:441} INFO - ::group::Post task execution logs
[2026-06-08T06:05:20.588+0000] {taskinstance.py:1206} INFO - Marking task as SUCCESS. dag_id=postgres_to_postgres_pipeline, task_id=run_pipeline_3, run_id=scheduled__2026-06-08T06:00:00+00:00, execution_date=20260608T060000, start_date=20260608T060502, end_date=20260608T060520
[2026-06-08T06:05:20.655+0000] {local_task_job_runner.py:240} INFO - Task exited with return code 0
[2026-06-08T06:05:20.694+0000] {taskinstance.py:3498} INFO - 0 downstream tasks scheduled from follow-on schedule check
[2026-06-08T06:05:20.701+0000] {local_task_job_runner.py:222} INFO - ::endgroup::
