[2026-06-04T06:29:57.525+0000] {local_task_job_runner.py:120} INFO - ::group::Pre task execution logs
[2026-06-04T06:29:57.627+0000] {taskinstance.py:2076} INFO - Dependencies all met for dep_context=non-requeueable deps ti=<TaskInstance: postgres_to_postgres_pipeline.run_pipeline_3 scheduled__2026-06-04T06:20:00+00:00 [queued]>
[2026-06-04T06:29:57.651+0000] {taskinstance.py:2076} INFO - Dependencies all met for dep_context=requeueable deps ti=<TaskInstance: postgres_to_postgres_pipeline.run_pipeline_3 scheduled__2026-06-04T06:20:00+00:00 [queued]>
[2026-06-04T06:29:57.652+0000] {taskinstance.py:2306} INFO - Starting attempt 1 of 2
[2026-06-04T06:29:57.690+0000] {taskinstance.py:2330} INFO - Executing <Task(BashOperator): run_pipeline_3> on 2026-06-04 06:20:00+00:00
[2026-06-04T06:29:57.710+0000] {standard_task_runner.py:90} INFO - Running: ['***', 'tasks', 'run', 'postgres_to_postgres_pipeline', 'run_pipeline_3', 'scheduled__2026-06-04T06:20:00+00:00', '--job-id', '222', '--raw', '--subdir', 'DAGS_FOLDER/dynamic_pipeline_generator.py', '--cfg-path', '/tmp/tmp4_o1tvqt']
[2026-06-04T06:29:57.720+0000] {standard_task_runner.py:91} INFO - Job 222: Subtask run_pipeline_3
[2026-06-04T06:29:57.721+0000] {logging_mixin.py:188} WARNING - /home/***/.local/lib/python3.12/site-packages/***/task/task_runner/standard_task_runner.py:61 DeprecationWarning: This process (pid=3434) is multi-threaded, use of fork() may lead to deadlocks in the child.
[2026-06-04T06:29:57.724+0000] {standard_task_runner.py:63} INFO - Started process 3437 to run task
[2026-06-04T06:29:57.868+0000] {task_command.py:426} INFO - Running <TaskInstance: postgres_to_postgres_pipeline.run_pipeline_3 scheduled__2026-06-04T06:20:00+00:00 [running]> on host b044b6a9b6bd
[2026-06-04T06:29:58.187+0000] {taskinstance.py:2648} INFO - Exporting env vars: AIRFLOW_CTX_DAG_OWNER='subashri' AIRFLOW_CTX_DAG_ID='postgres_to_postgres_pipeline' AIRFLOW_CTX_TASK_ID='run_pipeline_3' AIRFLOW_CTX_EXECUTION_DATE='2026-06-04T06:20:00+00:00' AIRFLOW_CTX_TRY_NUMBER='1' AIRFLOW_CTX_DAG_RUN_ID='scheduled__2026-06-04T06:20:00+00:00'
[2026-06-04T06:29:58.189+0000] {taskinstance.py:430} INFO - ::endgroup::
[2026-06-04T06:29:58.287+0000] {subprocess.py:63} INFO - Tmp dir root location: /tmp
[2026-06-04T06:29:58.291+0000] {subprocess.py:75} INFO - Running command: ['/usr/bin/bash', '-c', 'cd /opt/***/src && python main.py 3']
[2026-06-04T06:29:58.315+0000] {subprocess.py:86} INFO - Output:
[2026-06-04T06:30:18.996+0000] {subprocess.py:93} INFO - 
[2026-06-04T06:30:19.008+0000] {subprocess.py:93} INFO - ===================================
[2026-06-04T06:30:19.009+0000] {subprocess.py:93} INFO - DATABASE CONNECTION CONFIG
[2026-06-04T06:30:19.021+0000] {subprocess.py:93} INFO - ===================================
[2026-06-04T06:30:19.030+0000] {subprocess.py:93} INFO - DB TYPE   : postgres
[2026-06-04T06:30:19.033+0000] {subprocess.py:93} INFO - HOST      : 3.107.8.33
[2026-06-04T06:30:19.034+0000] {subprocess.py:93} INFO - PORT      : 5432
[2026-06-04T06:30:19.048+0000] {subprocess.py:93} INFO - DATABASE  : metadata_db
[2026-06-04T06:30:19.048+0000] {subprocess.py:93} INFO - USERNAME  : teamuser
[2026-06-04T06:30:19.049+0000] {subprocess.py:93} INFO - ===================================
[2026-06-04T06:30:19.050+0000] {subprocess.py:93} INFO - 
[2026-06-04T06:30:19.051+0000] {subprocess.py:93} INFO - Connected to POSTGRES successfully.
[2026-06-04T06:30:19.052+0000] {subprocess.py:93} INFO - 
[2026-06-04T06:30:19.053+0000] {subprocess.py:93} INFO - Running pipeline: postgres_to_postgres_pipeline (db_to_db)
[2026-06-04T06:30:19.054+0000] {subprocess.py:93} INFO - 
[2026-06-04T06:30:19.066+0000] {subprocess.py:93} INFO - ===================================
[2026-06-04T06:30:19.079+0000] {subprocess.py:93} INFO - DATABASE CONNECTION CONFIG
[2026-06-04T06:30:19.084+0000] {subprocess.py:93} INFO - ===================================
[2026-06-04T06:30:19.097+0000] {subprocess.py:93} INFO - DB TYPE   : postgres
[2026-06-04T06:30:19.098+0000] {subprocess.py:93} INFO - HOST      : 3.107.8.33
[2026-06-04T06:30:19.098+0000] {subprocess.py:93} INFO - PORT      : 5432
[2026-06-04T06:30:19.099+0000] {subprocess.py:93} INFO - DATABASE  : udifdb
[2026-06-04T06:30:19.102+0000] {subprocess.py:93} INFO - USERNAME  : teamuser
[2026-06-04T06:30:19.103+0000] {subprocess.py:93} INFO - ===================================
[2026-06-04T06:30:19.104+0000] {subprocess.py:93} INFO - 
[2026-06-04T06:30:19.116+0000] {subprocess.py:93} INFO - Connected to POSTGRES successfully.
[2026-06-04T06:30:19.117+0000] {subprocess.py:93} INFO - Completed: 4653 rows processed
[2026-06-04T06:30:19.516+0000] {subprocess.py:97} INFO - Command exited with return code 0
[2026-06-04T06:30:19.525+0000] {taskinstance.py:441} INFO - ::group::Post task execution logs
[2026-06-04T06:30:19.609+0000] {taskinstance.py:1206} INFO - Marking task as SUCCESS. dag_id=postgres_to_postgres_pipeline, task_id=run_pipeline_3, run_id=scheduled__2026-06-04T06:20:00+00:00, execution_date=20260604T062000, start_date=20260604T062957, end_date=20260604T063019
[2026-06-04T06:30:19.740+0000] {local_task_job_runner.py:240} INFO - Task exited with return code 0
[2026-06-04T06:30:19.800+0000] {taskinstance.py:3498} INFO - 0 downstream tasks scheduled from follow-on schedule check
[2026-06-04T06:30:19.810+0000] {local_task_job_runner.py:222} INFO - ::endgroup::
