[2026-06-04T07:05:04.755+0000] {local_task_job_runner.py:120} INFO - ::group::Pre task execution logs
[2026-06-04T07:05:05.020+0000] {taskinstance.py:2076} INFO - Dependencies all met for dep_context=non-requeueable deps ti=<TaskInstance: postgres_to_s3_pipeline.run_pipeline_1 scheduled__2026-06-04T07:00:00+00:00 [queued]>
[2026-06-04T07:05:05.057+0000] {taskinstance.py:2076} INFO - Dependencies all met for dep_context=requeueable deps ti=<TaskInstance: postgres_to_s3_pipeline.run_pipeline_1 scheduled__2026-06-04T07:00:00+00:00 [queued]>
[2026-06-04T07:05:05.059+0000] {taskinstance.py:2306} INFO - Starting attempt 1 of 2
[2026-06-04T07:05:05.151+0000] {taskinstance.py:2330} INFO - Executing <Task(BashOperator): run_pipeline_1> on 2026-06-04 07:00:00+00:00
[2026-06-04T07:05:05.234+0000] {standard_task_runner.py:90} INFO - Running: ['***', 'tasks', 'run', 'postgres_to_s3_pipeline', 'run_pipeline_1', 'scheduled__2026-06-04T07:00:00+00:00', '--job-id', '280', '--raw', '--subdir', 'DAGS_FOLDER/dynamic_pipeline_generator.py', '--cfg-path', '/tmp/tmptm32ori8']
[2026-06-04T07:05:05.273+0000] {standard_task_runner.py:91} INFO - Job 280: Subtask run_pipeline_1
[2026-06-04T07:05:05.444+0000] {logging_mixin.py:188} WARNING - /home/***/.local/lib/python3.12/site-packages/***/task/task_runner/standard_task_runner.py:61 DeprecationWarning: This process (pid=5012) is multi-threaded, use of fork() may lead to deadlocks in the child.
[2026-06-04T07:05:05.452+0000] {standard_task_runner.py:63} INFO - Started process 5024 to run task
[2026-06-04T07:05:05.607+0000] {task_command.py:426} INFO - Running <TaskInstance: postgres_to_s3_pipeline.run_pipeline_1 scheduled__2026-06-04T07:00:00+00:00 [running]> on host b044b6a9b6bd
[2026-06-04T07:05:06.121+0000] {taskinstance.py:2648} INFO - Exporting env vars: AIRFLOW_CTX_DAG_OWNER='subashri' AIRFLOW_CTX_DAG_ID='postgres_to_s3_pipeline' AIRFLOW_CTX_TASK_ID='run_pipeline_1' AIRFLOW_CTX_EXECUTION_DATE='2026-06-04T07:00:00+00:00' AIRFLOW_CTX_TRY_NUMBER='1' AIRFLOW_CTX_DAG_RUN_ID='scheduled__2026-06-04T07:00:00+00:00'
[2026-06-04T07:05:06.134+0000] {taskinstance.py:430} INFO - ::endgroup::
[2026-06-04T07:05:06.323+0000] {subprocess.py:63} INFO - Tmp dir root location: /tmp
[2026-06-04T07:05:06.331+0000] {subprocess.py:75} INFO - Running command: ['/usr/bin/bash', '-c', 'cd /opt/***/src && python main.py 1']
[2026-06-04T07:05:06.449+0000] {subprocess.py:86} INFO - Output:
[2026-06-04T07:05:25.590+0000] {subprocess.py:93} INFO - 
[2026-06-04T07:05:25.593+0000] {subprocess.py:93} INFO - ===================================
[2026-06-04T07:05:25.595+0000] {subprocess.py:93} INFO - DATABASE CONNECTION CONFIG
[2026-06-04T07:05:25.596+0000] {subprocess.py:93} INFO - ===================================
[2026-06-04T07:05:25.598+0000] {subprocess.py:93} INFO - DB TYPE   : postgres
[2026-06-04T07:05:25.599+0000] {subprocess.py:93} INFO - HOST      : 3.107.8.33
[2026-06-04T07:05:25.600+0000] {subprocess.py:93} INFO - PORT      : 5432
[2026-06-04T07:05:25.601+0000] {subprocess.py:93} INFO - DATABASE  : metadata_db
[2026-06-04T07:05:25.602+0000] {subprocess.py:93} INFO - USERNAME  : teamuser
[2026-06-04T07:05:25.604+0000] {subprocess.py:93} INFO - ===================================
[2026-06-04T07:05:25.606+0000] {subprocess.py:93} INFO - 
[2026-06-04T07:05:25.609+0000] {subprocess.py:93} INFO - Connected to POSTGRES successfully.
[2026-06-04T07:05:25.610+0000] {subprocess.py:93} INFO - 
[2026-06-04T07:05:25.612+0000] {subprocess.py:93} INFO - Running pipeline: postgres_to_s3_pipeline (db_to_storage)
[2026-06-04T07:05:25.613+0000] {subprocess.py:93} INFO - 
[2026-06-04T07:05:25.615+0000] {subprocess.py:93} INFO - ===================================
[2026-06-04T07:05:25.619+0000] {subprocess.py:93} INFO - DATABASE CONNECTION CONFIG
[2026-06-04T07:05:25.621+0000] {subprocess.py:93} INFO - ===================================
[2026-06-04T07:05:25.622+0000] {subprocess.py:93} INFO - DB TYPE   : postgres
[2026-06-04T07:05:25.625+0000] {subprocess.py:93} INFO - HOST      : 3.107.8.33
[2026-06-04T07:05:25.628+0000] {subprocess.py:93} INFO - PORT      : 5432
[2026-06-04T07:05:25.631+0000] {subprocess.py:93} INFO - DATABASE  : udifdb
[2026-06-04T07:05:25.633+0000] {subprocess.py:93} INFO - USERNAME  : teamuser
[2026-06-04T07:05:25.634+0000] {subprocess.py:93} INFO - ===================================
[2026-06-04T07:05:25.636+0000] {subprocess.py:93} INFO - 
[2026-06-04T07:05:25.637+0000] {subprocess.py:93} INFO - Connected to POSTGRES successfully.
[2026-06-04T07:05:25.639+0000] {subprocess.py:93} INFO - Completed: 4653 rows processed
[2026-06-04T07:05:26.032+0000] {subprocess.py:97} INFO - Command exited with return code 0
[2026-06-04T07:05:26.036+0000] {taskinstance.py:441} INFO - ::group::Post task execution logs
[2026-06-04T07:05:26.100+0000] {taskinstance.py:1206} INFO - Marking task as SUCCESS. dag_id=postgres_to_s3_pipeline, task_id=run_pipeline_1, run_id=scheduled__2026-06-04T07:00:00+00:00, execution_date=20260604T070000, start_date=20260604T070505, end_date=20260604T070526
[2026-06-04T07:05:26.163+0000] {local_task_job_runner.py:240} INFO - Task exited with return code 0
[2026-06-04T07:05:26.199+0000] {taskinstance.py:3498} INFO - 0 downstream tasks scheduled from follow-on schedule check
[2026-06-04T07:05:26.203+0000] {local_task_job_runner.py:222} INFO - ::endgroup::
