[2026-06-08T06:05:02.767+0000] {local_task_job_runner.py:120} INFO - ::group::Pre task execution logs
[2026-06-08T06:05:02.812+0000] {taskinstance.py:2076} INFO - Dependencies all met for dep_context=non-requeueable deps ti=<TaskInstance: postgres_to_s3_pipeline.run_pipeline_1 scheduled__2026-06-08T06:00:00+00:00 [queued]>
[2026-06-08T06:05:02.825+0000] {taskinstance.py:2076} INFO - Dependencies all met for dep_context=requeueable deps ti=<TaskInstance: postgres_to_s3_pipeline.run_pipeline_1 scheduled__2026-06-08T06:00:00+00:00 [queued]>
[2026-06-08T06:05:02.826+0000] {taskinstance.py:2306} INFO - Starting attempt 1 of 2
[2026-06-08T06:05:02.845+0000] {taskinstance.py:2330} INFO - Executing <Task(BashOperator): run_pipeline_1> on 2026-06-08 06:00:00+00:00
[2026-06-08T06:05:02.859+0000] {logging_mixin.py:188} WARNING - /home/***/.local/lib/python3.12/site-packages/***/task/task_runner/standard_task_runner.py:61 DeprecationWarning: This process (pid=599) is multi-threaded, use of fork() may lead to deadlocks in the child.
[2026-06-08T06:05:02.861+0000] {standard_task_runner.py:63} INFO - Started process 607 to run task
[2026-06-08T06:05:02.859+0000] {standard_task_runner.py:90} INFO - Running: ['***', 'tasks', 'run', 'postgres_to_s3_pipeline', 'run_pipeline_1', 'scheduled__2026-06-08T06:00:00+00:00', '--job-id', '331', '--raw', '--subdir', 'DAGS_FOLDER/dynamic_pipeline_generator.py', '--cfg-path', '/tmp/tmppii52thn']
[2026-06-08T06:05:02.862+0000] {standard_task_runner.py:91} INFO - Job 331: Subtask run_pipeline_1
[2026-06-08T06:05:02.935+0000] {task_command.py:426} INFO - Running <TaskInstance: postgres_to_s3_pipeline.run_pipeline_1 scheduled__2026-06-08T06:00:00+00:00 [running]> on host 450cdec9e3e5
[2026-06-08T06:05:03.063+0000] {taskinstance.py:2648} INFO - Exporting env vars: AIRFLOW_CTX_DAG_OWNER='subashri' AIRFLOW_CTX_DAG_ID='postgres_to_s3_pipeline' AIRFLOW_CTX_TASK_ID='run_pipeline_1' AIRFLOW_CTX_EXECUTION_DATE='2026-06-08T06:00:00+00:00' AIRFLOW_CTX_TRY_NUMBER='1' AIRFLOW_CTX_DAG_RUN_ID='scheduled__2026-06-08T06:00:00+00:00'
[2026-06-08T06:05:03.064+0000] {taskinstance.py:430} INFO - ::endgroup::
[2026-06-08T06:05:03.086+0000] {subprocess.py:63} INFO - Tmp dir root location: /tmp
[2026-06-08T06:05:03.089+0000] {subprocess.py:75} INFO - Running command: ['/usr/bin/bash', '-c', 'cd /opt/***/src && python main.py 1']
[2026-06-08T06:05:03.102+0000] {subprocess.py:86} INFO - Output:
[2026-06-08T06:05:16.029+0000] {subprocess.py:93} INFO - 
[2026-06-08T06:05:16.032+0000] {subprocess.py:93} INFO - ===================================
[2026-06-08T06:05:16.035+0000] {subprocess.py:93} INFO - DATABASE CONNECTION CONFIG
[2026-06-08T06:05:16.036+0000] {subprocess.py:93} INFO - ===================================
[2026-06-08T06:05:16.038+0000] {subprocess.py:93} INFO - DB TYPE   : postgres
[2026-06-08T06:05:16.040+0000] {subprocess.py:93} INFO - HOST      : 3.107.8.33
[2026-06-08T06:05:16.041+0000] {subprocess.py:93} INFO - PORT      : 5432
[2026-06-08T06:05:16.042+0000] {subprocess.py:93} INFO - DATABASE  : metadata_db
[2026-06-08T06:05:16.044+0000] {subprocess.py:93} INFO - USERNAME  : teamuser
[2026-06-08T06:05:16.045+0000] {subprocess.py:93} INFO - ===================================
[2026-06-08T06:05:16.047+0000] {subprocess.py:93} INFO - 
[2026-06-08T06:05:16.048+0000] {subprocess.py:93} INFO - Connected to POSTGRES successfully.
[2026-06-08T06:05:16.049+0000] {subprocess.py:93} INFO - 
[2026-06-08T06:05:16.050+0000] {subprocess.py:93} INFO - Running pipeline: postgres_to_s3_pipeline (db_to_storage)
[2026-06-08T06:05:16.052+0000] {subprocess.py:93} INFO - 
[2026-06-08T06:05:16.053+0000] {subprocess.py:93} INFO - ===================================
[2026-06-08T06:05:16.054+0000] {subprocess.py:93} INFO - DATABASE CONNECTION CONFIG
[2026-06-08T06:05:16.056+0000] {subprocess.py:93} INFO - ===================================
[2026-06-08T06:05:16.057+0000] {subprocess.py:93} INFO - DB TYPE   : postgres
[2026-06-08T06:05:16.058+0000] {subprocess.py:93} INFO - HOST      : 3.107.8.33
[2026-06-08T06:05:16.059+0000] {subprocess.py:93} INFO - PORT      : 5432
[2026-06-08T06:05:16.061+0000] {subprocess.py:93} INFO - DATABASE  : udifdb
[2026-06-08T06:05:16.062+0000] {subprocess.py:93} INFO - USERNAME  : teamuser
[2026-06-08T06:05:16.063+0000] {subprocess.py:93} INFO - ===================================
[2026-06-08T06:05:16.064+0000] {subprocess.py:93} INFO - 
[2026-06-08T06:05:16.066+0000] {subprocess.py:93} INFO - Connected to POSTGRES successfully.
[2026-06-08T06:05:16.067+0000] {subprocess.py:93} INFO - Completed: 4653 rows processed
[2026-06-08T06:05:16.526+0000] {subprocess.py:97} INFO - Command exited with return code 0
[2026-06-08T06:05:16.529+0000] {taskinstance.py:441} INFO - ::group::Post task execution logs
[2026-06-08T06:05:16.577+0000] {taskinstance.py:1206} INFO - Marking task as SUCCESS. dag_id=postgres_to_s3_pipeline, task_id=run_pipeline_1, run_id=scheduled__2026-06-08T06:00:00+00:00, execution_date=20260608T060000, start_date=20260608T060502, end_date=20260608T060516
[2026-06-08T06:05:16.635+0000] {local_task_job_runner.py:240} INFO - Task exited with return code 0
[2026-06-08T06:05:16.666+0000] {taskinstance.py:3498} INFO - 0 downstream tasks scheduled from follow-on schedule check
[2026-06-08T06:05:16.673+0000] {local_task_job_runner.py:222} INFO - ::endgroup::
