[2026-06-03T13:12:03.375+0000] {local_task_job_runner.py:120} INFO - ::group::Pre task execution logs
[2026-06-03T13:12:03.406+0000] {taskinstance.py:2076} INFO - Dependencies all met for dep_context=non-requeueable deps ti=<TaskInstance: dynamic_metadata_pipeline.run_pipeline_1 manual__2026-06-03T13:06:46.724541+00:00 [queued]>
[2026-06-03T13:12:03.416+0000] {taskinstance.py:2076} INFO - Dependencies all met for dep_context=requeueable deps ti=<TaskInstance: dynamic_metadata_pipeline.run_pipeline_1 manual__2026-06-03T13:06:46.724541+00:00 [queued]>
[2026-06-03T13:12:03.417+0000] {taskinstance.py:2306} INFO - Starting attempt 2 of 2
[2026-06-03T13:12:03.433+0000] {taskinstance.py:2330} INFO - Executing <Task(BashOperator): run_pipeline_1> on 2026-06-03 13:06:46.724541+00:00
[2026-06-03T13:12:03.441+0000] {standard_task_runner.py:90} INFO - Running: ['***', 'tasks', 'run', 'dynamic_metadata_pipeline', 'run_pipeline_1', 'manual__2026-06-03T13:06:46.724541+00:00', '--job-id', '157', '--raw', '--subdir', 'DAGS_FOLDER/dynamic_pipeline_dag.py', '--cfg-path', '/tmp/tmp1_mw6583']
[2026-06-03T13:12:03.445+0000] {standard_task_runner.py:91} INFO - Job 157: Subtask run_pipeline_1
[2026-06-03T13:12:03.450+0000] {logging_mixin.py:188} WARNING - /home/***/.local/lib/python3.12/site-packages/***/task/task_runner/standard_task_runner.py:61 DeprecationWarning: This process (pid=2568) is multi-threaded, use of fork() may lead to deadlocks in the child.
[2026-06-03T13:12:03.453+0000] {standard_task_runner.py:63} INFO - Started process 2574 to run task
[2026-06-03T13:12:03.492+0000] {task_command.py:426} INFO - Running <TaskInstance: dynamic_metadata_pipeline.run_pipeline_1 manual__2026-06-03T13:06:46.724541+00:00 [running]> on host c3bf940c8326
[2026-06-03T13:12:03.576+0000] {taskinstance.py:2648} INFO - Exporting env vars: AIRFLOW_CTX_DAG_OWNER='subashri' AIRFLOW_CTX_DAG_ID='dynamic_metadata_pipeline' AIRFLOW_CTX_TASK_ID='run_pipeline_1' AIRFLOW_CTX_EXECUTION_DATE='2026-06-03T13:06:46.724541+00:00' AIRFLOW_CTX_TRY_NUMBER='2' AIRFLOW_CTX_DAG_RUN_ID='manual__2026-06-03T13:06:46.724541+00:00'
[2026-06-03T13:12:03.577+0000] {taskinstance.py:430} INFO - ::endgroup::
[2026-06-03T13:12:03.593+0000] {subprocess.py:63} INFO - Tmp dir root location: /tmp
[2026-06-03T13:12:03.595+0000] {subprocess.py:75} INFO - Running command: ['/usr/bin/bash', '-c', 'cd /opt/***/src && python main.py 1']
[2026-06-03T13:12:03.601+0000] {subprocess.py:86} INFO - Output:
[2026-06-03T13:12:14.127+0000] {subprocess.py:93} INFO - 
[2026-06-03T13:12:14.128+0000] {subprocess.py:93} INFO - ===================================
[2026-06-03T13:12:14.128+0000] {subprocess.py:93} INFO - DATABASE CONNECTION CONFIG
[2026-06-03T13:12:14.129+0000] {subprocess.py:93} INFO - ===================================
[2026-06-03T13:12:14.129+0000] {subprocess.py:93} INFO - DB TYPE   : postgres
[2026-06-03T13:12:14.130+0000] {subprocess.py:93} INFO - HOST      : 3.107.8.33
[2026-06-03T13:12:14.130+0000] {subprocess.py:93} INFO - PORT      : 5432
[2026-06-03T13:12:14.130+0000] {subprocess.py:93} INFO - DATABASE  : metadata_db
[2026-06-03T13:12:14.131+0000] {subprocess.py:93} INFO - USERNAME  : teamuser
[2026-06-03T13:12:14.131+0000] {subprocess.py:93} INFO - ===================================
[2026-06-03T13:12:14.132+0000] {subprocess.py:93} INFO - 
[2026-06-03T13:12:14.132+0000] {subprocess.py:93} INFO - Connected to POSTGRES successfully.
[2026-06-03T13:12:14.133+0000] {subprocess.py:93} INFO - 
[2026-06-03T13:12:14.133+0000] {subprocess.py:93} INFO - Running pipeline: postgres_to_s3_pipeline (db_to_storage)
[2026-06-03T13:12:14.134+0000] {subprocess.py:93} INFO - 
[2026-06-03T13:12:14.134+0000] {subprocess.py:93} INFO - ===================================
[2026-06-03T13:12:14.134+0000] {subprocess.py:93} INFO - DATABASE CONNECTION CONFIG
[2026-06-03T13:12:14.135+0000] {subprocess.py:93} INFO - ===================================
[2026-06-03T13:12:14.135+0000] {subprocess.py:93} INFO - DB TYPE   : postgres
[2026-06-03T13:12:14.135+0000] {subprocess.py:93} INFO - HOST      : 3.107.8.33
[2026-06-03T13:12:14.136+0000] {subprocess.py:93} INFO - PORT      : 5432
[2026-06-03T13:12:14.136+0000] {subprocess.py:93} INFO - DATABASE  : udifdb
[2026-06-03T13:12:14.137+0000] {subprocess.py:93} INFO - USERNAME  : teamuser
[2026-06-03T13:12:14.137+0000] {subprocess.py:93} INFO - ===================================
[2026-06-03T13:12:14.138+0000] {subprocess.py:93} INFO - 
[2026-06-03T13:12:14.138+0000] {subprocess.py:93} INFO - Connected to POSTGRES successfully.
[2026-06-03T13:12:14.138+0000] {subprocess.py:93} INFO - Completed: 4653 rows processed
[2026-06-03T13:12:14.330+0000] {subprocess.py:97} INFO - Command exited with return code 0
[2026-06-03T13:12:14.332+0000] {taskinstance.py:441} INFO - ::group::Post task execution logs
[2026-06-03T13:12:14.357+0000] {taskinstance.py:1206} INFO - Marking task as SUCCESS. dag_id=dynamic_metadata_pipeline, task_id=run_pipeline_1, run_id=manual__2026-06-03T13:06:46.724541+00:00, execution_date=20260603T130646, start_date=20260603T131203, end_date=20260603T131214
[2026-06-03T13:12:14.408+0000] {local_task_job_runner.py:240} INFO - Task exited with return code 0
[2026-06-03T13:12:14.423+0000] {taskinstance.py:3498} INFO - 0 downstream tasks scheduled from follow-on schedule check
[2026-06-03T13:12:14.426+0000] {local_task_job_runner.py:222} INFO - ::endgroup::
