[2026-06-01T09:40:01.882+0000] {local_task_job_runner.py:120} INFO - ::group::Pre task execution logs
[2026-06-01T09:40:01.925+0000] {taskinstance.py:2076} INFO - Dependencies all met for dep_context=non-requeueable deps ti=<TaskInstance: dynamic_metadata_pipeline.run_pipeline_3 scheduled__2026-06-01T09:35:00+00:00 [queued]>
[2026-06-01T09:40:01.939+0000] {taskinstance.py:2076} INFO - Dependencies all met for dep_context=requeueable deps ti=<TaskInstance: dynamic_metadata_pipeline.run_pipeline_3 scheduled__2026-06-01T09:35:00+00:00 [queued]>
[2026-06-01T09:40:01.941+0000] {taskinstance.py:2306} INFO - Starting attempt 1 of 2
[2026-06-01T09:40:01.958+0000] {taskinstance.py:2330} INFO - Executing <Task(BashOperator): run_pipeline_3> on 2026-06-01 09:35:00+00:00
[2026-06-01T09:40:01.976+0000] {logging_mixin.py:188} WARNING - /home/***/.local/lib/python3.12/site-packages/***/task/task_runner/standard_task_runner.py:61 DeprecationWarning: This process (pid=1965) is multi-threaded, use of fork() may lead to deadlocks in the child.
[2026-06-01T09:40:01.977+0000] {standard_task_runner.py:63} INFO - Started process 1969 to run task
[2026-06-01T09:40:01.972+0000] {standard_task_runner.py:90} INFO - Running: ['***', 'tasks', 'run', 'dynamic_metadata_pipeline', 'run_pipeline_3', 'scheduled__2026-06-01T09:35:00+00:00', '--job-id', '99', '--raw', '--subdir', 'DAGS_FOLDER/dynamic_pipeline_dag.py', '--cfg-path', '/tmp/tmpvcb_dcix']
[2026-06-01T09:40:01.978+0000] {standard_task_runner.py:91} INFO - Job 99: Subtask run_pipeline_3
[2026-06-01T09:40:02.035+0000] {task_command.py:426} INFO - Running <TaskInstance: dynamic_metadata_pipeline.run_pipeline_3 scheduled__2026-06-01T09:35:00+00:00 [running]> on host 1103cbeaed03
[2026-06-01T09:40:02.139+0000] {taskinstance.py:2648} INFO - Exporting env vars: AIRFLOW_CTX_DAG_OWNER='subashri' AIRFLOW_CTX_DAG_ID='dynamic_metadata_pipeline' AIRFLOW_CTX_TASK_ID='run_pipeline_3' AIRFLOW_CTX_EXECUTION_DATE='2026-06-01T09:35:00+00:00' AIRFLOW_CTX_TRY_NUMBER='1' AIRFLOW_CTX_DAG_RUN_ID='scheduled__2026-06-01T09:35:00+00:00'
[2026-06-01T09:40:02.140+0000] {taskinstance.py:430} INFO - ::endgroup::
[2026-06-01T09:40:02.161+0000] {subprocess.py:63} INFO - Tmp dir root location: /tmp
[2026-06-01T09:40:02.162+0000] {subprocess.py:75} INFO - Running command: ['/usr/bin/bash', '-c', 'cd /opt/***/src && python main.py 3']
[2026-06-01T09:40:02.174+0000] {subprocess.py:86} INFO - Output:
[2026-06-01T09:40:15.390+0000] {subprocess.py:93} INFO - 
[2026-06-01T09:40:15.391+0000] {subprocess.py:93} INFO - ===================================
[2026-06-01T09:40:15.392+0000] {subprocess.py:93} INFO - DATABASE CONNECTION CONFIG
[2026-06-01T09:40:15.393+0000] {subprocess.py:93} INFO - ===================================
[2026-06-01T09:40:15.393+0000] {subprocess.py:93} INFO - DB TYPE   : postgres
[2026-06-01T09:40:15.394+0000] {subprocess.py:93} INFO - HOST      : 3.107.8.33
[2026-06-01T09:40:15.395+0000] {subprocess.py:93} INFO - PORT      : 5432
[2026-06-01T09:40:15.395+0000] {subprocess.py:93} INFO - DATABASE  : metadata_db
[2026-06-01T09:40:15.396+0000] {subprocess.py:93} INFO - USERNAME  : teamuser
[2026-06-01T09:40:15.397+0000] {subprocess.py:93} INFO - ===================================
[2026-06-01T09:40:15.397+0000] {subprocess.py:93} INFO - 
[2026-06-01T09:40:15.398+0000] {subprocess.py:93} INFO - Connected to POSTGRES successfully.
[2026-06-01T09:40:15.398+0000] {subprocess.py:93} INFO - 
[2026-06-01T09:40:15.399+0000] {subprocess.py:93} INFO - Running pipeline: postgres_to_postgres_pipeline (db_to_db)
[2026-06-01T09:40:15.399+0000] {subprocess.py:93} INFO - 
[2026-06-01T09:40:15.400+0000] {subprocess.py:93} INFO - ===================================
[2026-06-01T09:40:15.401+0000] {subprocess.py:93} INFO - DATABASE CONNECTION CONFIG
[2026-06-01T09:40:15.401+0000] {subprocess.py:93} INFO - ===================================
[2026-06-01T09:40:15.402+0000] {subprocess.py:93} INFO - DB TYPE   : postgres
[2026-06-01T09:40:15.403+0000] {subprocess.py:93} INFO - HOST      : 3.107.8.33
[2026-06-01T09:40:15.403+0000] {subprocess.py:93} INFO - PORT      : 5432
[2026-06-01T09:40:15.404+0000] {subprocess.py:93} INFO - DATABASE  : udifdb
[2026-06-01T09:40:15.404+0000] {subprocess.py:93} INFO - USERNAME  : teamuser
[2026-06-01T09:40:15.405+0000] {subprocess.py:93} INFO - ===================================
[2026-06-01T09:40:15.406+0000] {subprocess.py:93} INFO - 
[2026-06-01T09:40:15.406+0000] {subprocess.py:93} INFO - Connected to POSTGRES successfully.
[2026-06-01T09:40:15.407+0000] {subprocess.py:93} INFO - Completed: 4653 rows processed
[2026-06-01T09:40:15.599+0000] {subprocess.py:97} INFO - Command exited with return code 0
[2026-06-01T09:40:15.601+0000] {taskinstance.py:441} INFO - ::group::Post task execution logs
[2026-06-01T09:40:15.641+0000] {taskinstance.py:1206} INFO - Marking task as SUCCESS. dag_id=dynamic_metadata_pipeline, task_id=run_pipeline_3, run_id=scheduled__2026-06-01T09:35:00+00:00, execution_date=20260601T093500, start_date=20260601T094001, end_date=20260601T094015
[2026-06-01T09:40:15.694+0000] {local_task_job_runner.py:240} INFO - Task exited with return code 0
[2026-06-01T09:40:15.714+0000] {taskinstance.py:3498} INFO - 0 downstream tasks scheduled from follow-on schedule check
[2026-06-01T09:40:15.719+0000] {local_task_job_runner.py:222} INFO - ::endgroup::
